[2024-11-11T20:21:59.281+0000] {local_task_job_runner.py:123} INFO - ::group::Pre task execution logs
[2024-11-11T20:21:59.301+0000] {taskinstance.py:2612} INFO - Dependencies all met for dep_context=non-requeueable deps ti=<TaskInstance: group_dag.transform_c scheduled__2024-11-10T00:00:00+00:00 [queued]>
[2024-11-11T20:21:59.309+0000] {taskinstance.py:2612} INFO - Dependencies all met for dep_context=requeueable deps ti=<TaskInstance: group_dag.transform_c scheduled__2024-11-10T00:00:00+00:00 [queued]>
[2024-11-11T20:21:59.310+0000] {taskinstance.py:2865} INFO - Starting attempt 1 of 1
[2024-11-11T20:21:59.347+0000] {taskinstance.py:2888} INFO - Executing <Task(BashOperator): transform_c> on 2024-11-10 00:00:00+00:00
[2024-11-11T20:21:59.355+0000] {warnings.py:112} WARNING - /home/***/.local/lib/python3.12/site-packages/***/task/task_runner/standard_task_runner.py:70: DeprecationWarning: This process (pid=473) is multi-threaded, use of fork() may lead to deadlocks in the child.
  pid = os.fork()

[2024-11-11T20:21:59.356+0000] {standard_task_runner.py:72} INFO - Started process 478 to run task
[2024-11-11T20:21:59.360+0000] {standard_task_runner.py:104} INFO - Running: ['***', 'tasks', 'run', 'group_dag', 'transform_c', 'scheduled__2024-11-10T00:00:00+00:00', '--job-id', '205', '--raw', '--subdir', 'DAGS_FOLDER/group_dag.py', '--cfg-path', '/tmp/tmpjeix0aat']
[2024-11-11T20:21:59.361+0000] {standard_task_runner.py:105} INFO - Job 205: Subtask transform_c
[2024-11-11T20:21:59.439+0000] {task_command.py:467} INFO - Running <TaskInstance: group_dag.transform_c scheduled__2024-11-10T00:00:00+00:00 [running]> on host 896d5b9d81c0
[2024-11-11T20:21:59.567+0000] {taskinstance.py:3131} INFO - Exporting env vars: AIRFLOW_CTX_DAG_OWNER='***' AIRFLOW_CTX_DAG_ID='group_dag' AIRFLOW_CTX_TASK_ID='transform_c' AIRFLOW_CTX_EXECUTION_DATE='2024-11-10T00:00:00+00:00' AIRFLOW_CTX_TRY_NUMBER='1' AIRFLOW_CTX_DAG_RUN_ID='scheduled__2024-11-10T00:00:00+00:00'
[2024-11-11T20:21:59.568+0000] {taskinstance.py:731} INFO - ::endgroup::
[2024-11-11T20:21:59.581+0000] {subprocess.py:63} INFO - Tmp dir root location: /tmp
[2024-11-11T20:21:59.583+0000] {subprocess.py:75} INFO - Running command: ['/usr/bin/bash', '-c', 'sleep 10']
[2024-11-11T20:21:59.597+0000] {subprocess.py:86} INFO - Output:
[2024-11-11T20:22:09.601+0000] {subprocess.py:97} INFO - Command exited with return code 0
[2024-11-11T20:22:09.625+0000] {taskinstance.py:340} INFO - ::group::Post task execution logs
[2024-11-11T20:22:09.625+0000] {taskinstance.py:352} INFO - Marking task as SUCCESS. dag_id=group_dag, task_id=transform_c, run_id=scheduled__2024-11-10T00:00:00+00:00, execution_date=20241110T000000, start_date=20241111T202159, end_date=20241111T202209
[2024-11-11T20:22:09.664+0000] {local_task_job_runner.py:266} INFO - Task exited with return code 0
[2024-11-11T20:22:09.680+0000] {taskinstance.py:3900} INFO - 0 downstream tasks scheduled from follow-on schedule check
[2024-11-11T20:22:09.684+0000] {local_task_job_runner.py:245} INFO - ::endgroup::
