[2024-11-07T19:49:13.993+0000] {local_task_job_runner.py:123} INFO - ::group::Pre task execution logs
[2024-11-07T19:49:14.009+0000] {taskinstance.py:2612} INFO - Dependencies all met for dep_context=non-requeueable deps ti=<TaskInstance: user_processing.store_user manual__2024-11-07T19:49:00.071939+00:00 [queued]>
[2024-11-07T19:49:14.014+0000] {taskinstance.py:2612} INFO - Dependencies all met for dep_context=requeueable deps ti=<TaskInstance: user_processing.store_user manual__2024-11-07T19:49:00.071939+00:00 [queued]>
[2024-11-07T19:49:14.015+0000] {taskinstance.py:2865} INFO - Starting attempt 1 of 1
[2024-11-07T19:49:14.026+0000] {taskinstance.py:2888} INFO - Executing <Task(PythonOperator): store_user> on 2024-11-07 19:49:00.071939+00:00
[2024-11-07T19:49:14.034+0000] {warnings.py:112} WARNING - /home/***/.local/lib/python3.12/site-packages/***/task/task_runner/standard_task_runner.py:70: DeprecationWarning: This process (pid=383) is multi-threaded, use of fork() may lead to deadlocks in the child.
  pid = os.fork()

[2024-11-07T19:49:14.035+0000] {standard_task_runner.py:72} INFO - Started process 385 to run task
[2024-11-07T19:49:14.037+0000] {standard_task_runner.py:104} INFO - Running: ['***', 'tasks', 'run', 'user_processing', 'store_user', 'manual__2024-11-07T19:49:00.071939+00:00', '--job-id', '152', '--raw', '--subdir', 'DAGS_FOLDER/user_processing.py', '--cfg-path', '/tmp/tmpk1833syr']
[2024-11-07T19:49:14.039+0000] {standard_task_runner.py:105} INFO - Job 152: Subtask store_user
[2024-11-07T19:49:14.080+0000] {task_command.py:467} INFO - Running <TaskInstance: user_processing.store_user manual__2024-11-07T19:49:00.071939+00:00 [running]> on host 4460e615f578
[2024-11-07T19:49:14.141+0000] {taskinstance.py:3131} INFO - Exporting env vars: AIRFLOW_CTX_DAG_OWNER='***' AIRFLOW_CTX_DAG_ID='user_processing' AIRFLOW_CTX_TASK_ID='store_user' AIRFLOW_CTX_EXECUTION_DATE='2024-11-07T19:49:00.071939+00:00' AIRFLOW_CTX_TRY_NUMBER='1' AIRFLOW_CTX_DAG_RUN_ID='manual__2024-11-07T19:49:00.071939+00:00'
[2024-11-07T19:49:14.143+0000] {logging_mixin.py:190} INFO - Task instance is in running state
[2024-11-07T19:49:14.143+0000] {logging_mixin.py:190} INFO -  Previous state of the Task instance: queued
[2024-11-07T19:49:14.143+0000] {logging_mixin.py:190} INFO - Current task name:store_user state:running start_date:2024-11-07 19:49:14.009643+00:00
[2024-11-07T19:49:14.144+0000] {logging_mixin.py:190} INFO - Dag name:user_processing and current dag run status:running
[2024-11-07T19:49:14.144+0000] {taskinstance.py:731} INFO - ::endgroup::
[2024-11-07T19:49:14.145+0000] {postgres.py:191} INFO - Running copy expert: COPY users FROM stdin WITH DELIMITER as ',', filename: /tmp/processed_user.csv
[2024-11-07T19:49:14.151+0000] {base.py:84} INFO - Retrieving connection 'postgres'
[2024-11-07T19:49:14.158+0000] {python.py:240} INFO - Done. Returned value was: None
[2024-11-07T19:49:14.165+0000] {taskinstance.py:340} INFO - ::group::Post task execution logs
[2024-11-07T19:49:14.165+0000] {taskinstance.py:352} INFO - Marking task as SUCCESS. dag_id=user_processing, task_id=store_user, run_id=manual__2024-11-07T19:49:00.071939+00:00, execution_date=20241107T194900, start_date=20241107T194914, end_date=20241107T194914
[2024-11-07T19:49:14.172+0000] {logging_mixin.py:190} INFO - Task instance in success state
[2024-11-07T19:49:14.173+0000] {logging_mixin.py:190} INFO -  Previous state of the Task instance: running
[2024-11-07T19:49:14.173+0000] {logging_mixin.py:190} INFO - Dag name:user_processing queued_at:2024-11-07 19:49:00.087718+00:00
[2024-11-07T19:49:14.173+0000] {logging_mixin.py:190} INFO - Task hostname:4460e615f578 operator:PythonOperator
[2024-11-07T19:49:14.210+0000] {local_task_job_runner.py:266} INFO - Task exited with return code 0
[2024-11-07T19:49:14.221+0000] {taskinstance.py:3900} INFO - 0 downstream tasks scheduled from follow-on schedule check
[2024-11-07T19:49:14.223+0000] {local_task_job_runner.py:245} INFO - ::endgroup::
