[2024-11-11T18:58:24.486+0000] {local_task_job_runner.py:123} INFO - ::group::Pre task execution logs
[2024-11-11T18:58:24.503+0000] {taskinstance.py:2612} INFO - Dependencies all met for dep_context=non-requeueable deps ti=<TaskInstance: producer.update_dataset scheduled__2024-11-07T00:00:00+00:00 [queued]>
[2024-11-11T18:58:24.508+0000] {taskinstance.py:2612} INFO - Dependencies all met for dep_context=requeueable deps ti=<TaskInstance: producer.update_dataset scheduled__2024-11-07T00:00:00+00:00 [queued]>
[2024-11-11T18:58:24.509+0000] {taskinstance.py:2865} INFO - Starting attempt 1 of 1
[2024-11-11T18:58:24.523+0000] {taskinstance.py:2888} INFO - Executing <Task(_PythonDecoratedOperator): update_dataset> on 2024-11-07 00:00:00+00:00
[2024-11-11T18:58:24.544+0000] {warnings.py:112} WARNING - /home/***/.local/lib/python3.12/site-packages/***/task/task_runner/standard_task_runner.py:70: DeprecationWarning: This process (pid=58) is multi-threaded, use of fork() may lead to deadlocks in the child.
  pid = os.fork()

[2024-11-11T18:58:24.545+0000] {standard_task_runner.py:72} INFO - Started process 62 to run task
[2024-11-11T18:58:24.548+0000] {standard_task_runner.py:104} INFO - Running: ['***', 'tasks', 'run', 'producer', 'update_dataset', 'scheduled__2024-11-07T00:00:00+00:00', '--job-id', '160', '--raw', '--subdir', 'DAGS_FOLDER/producer.py', '--cfg-path', '/tmp/tmpx33m8jw_']
[2024-11-11T18:58:24.548+0000] {standard_task_runner.py:105} INFO - Job 160: Subtask update_dataset
[2024-11-11T18:58:24.601+0000] {task_command.py:467} INFO - Running <TaskInstance: producer.update_dataset scheduled__2024-11-07T00:00:00+00:00 [running]> on host 4460e615f578
[2024-11-11T18:58:24.687+0000] {taskinstance.py:3131} INFO - Exporting env vars: AIRFLOW_CTX_DAG_OWNER='***' AIRFLOW_CTX_DAG_ID='producer' AIRFLOW_CTX_TASK_ID='update_dataset' AIRFLOW_CTX_EXECUTION_DATE='2024-11-07T00:00:00+00:00' AIRFLOW_CTX_TRY_NUMBER='1' AIRFLOW_CTX_DAG_RUN_ID='scheduled__2024-11-07T00:00:00+00:00'
[2024-11-11T18:58:24.688+0000] {logging_mixin.py:190} INFO - Task instance is in running state
[2024-11-11T18:58:24.689+0000] {logging_mixin.py:190} INFO -  Previous state of the Task instance: queued
[2024-11-11T18:58:24.689+0000] {logging_mixin.py:190} INFO - Current task name:update_dataset state:running start_date:2024-11-11 18:58:24.503783+00:00
[2024-11-11T18:58:24.690+0000] {logging_mixin.py:190} INFO - Dag name:producer and current dag run status:running
[2024-11-11T18:58:24.690+0000] {taskinstance.py:731} INFO - ::endgroup::
[2024-11-11T18:58:24.691+0000] {python.py:240} INFO - Done. Returned value was: None
[2024-11-11T18:58:24.716+0000] {taskinstance.py:340} INFO - ::group::Post task execution logs
[2024-11-11T18:58:24.716+0000] {taskinstance.py:352} INFO - Marking task as SUCCESS. dag_id=producer, task_id=update_dataset, run_id=scheduled__2024-11-07T00:00:00+00:00, execution_date=20241107T000000, start_date=20241111T185824, end_date=20241111T185824
[2024-11-11T18:58:24.748+0000] {logging_mixin.py:190} INFO - Task instance in success state
[2024-11-11T18:58:24.749+0000] {logging_mixin.py:190} INFO -  Previous state of the Task instance: running
[2024-11-11T18:58:24.749+0000] {logging_mixin.py:190} INFO - Dag name:producer queued_at:2024-11-11 18:58:10.787364+00:00
[2024-11-11T18:58:24.749+0000] {logging_mixin.py:190} INFO - Task hostname:4460e615f578 operator:_PythonDecoratedOperator
[2024-11-11T18:58:24.766+0000] {local_task_job_runner.py:266} INFO - Task exited with return code 0
[2024-11-11T18:58:24.782+0000] {taskinstance.py:3900} INFO - 1 downstream tasks scheduled from follow-on schedule check
[2024-11-11T18:58:24.789+0000] {local_task_job_runner.py:245} INFO - ::endgroup::
