[2024-11-12T15:57:15.514+0000] {local_task_job_runner.py:123} INFO - ::group::Pre task execution logs
[2024-11-12T15:57:15.581+0000] {taskinstance.py:2612} INFO - Dependencies all met for dep_context=non-requeueable deps ti=<TaskInstance: group_dag.transforms.transform_a scheduled__2024-11-11T00:00:00+00:00 [queued]>
[2024-11-12T15:57:15.649+0000] {taskinstance.py:2612} INFO - Dependencies all met for dep_context=requeueable deps ti=<TaskInstance: group_dag.transforms.transform_a scheduled__2024-11-11T00:00:00+00:00 [queued]>
[2024-11-12T15:57:15.650+0000] {taskinstance.py:2865} INFO - Starting attempt 1 of 1
[2024-11-12T15:57:15.720+0000] {taskinstance.py:2888} INFO - Executing <Task(BashOperator): transforms.transform_a> on 2024-11-11 00:00:00+00:00
[2024-11-12T15:57:15.734+0000] {warnings.py:112} WARNING - /home/***/.local/lib/python3.12/site-packages/***/task/task_runner/standard_task_runner.py:70: DeprecationWarning: This process (pid=112) is multi-threaded, use of fork() may lead to deadlocks in the child.
  pid = os.fork()

[2024-11-12T15:57:15.735+0000] {standard_task_runner.py:72} INFO - Started process 119 to run task
[2024-11-12T15:57:15.738+0000] {standard_task_runner.py:104} INFO - Running: ['***', 'tasks', 'run', 'group_dag', 'transforms.transform_a', 'scheduled__2024-11-11T00:00:00+00:00', '--job-id', '243', '--raw', '--subdir', 'DAGS_FOLDER/group_dag.py', '--cfg-path', '/tmp/tmpyg_li0ju']
[2024-11-12T15:57:15.740+0000] {standard_task_runner.py:105} INFO - Job 243: Subtask transforms.transform_a
[2024-11-12T15:57:15.810+0000] {task_command.py:467} INFO - Running <TaskInstance: group_dag.transforms.transform_a scheduled__2024-11-11T00:00:00+00:00 [running]> on host 896d5b9d81c0
[2024-11-12T15:57:15.918+0000] {taskinstance.py:3131} INFO - Exporting env vars: AIRFLOW_CTX_DAG_OWNER='***' AIRFLOW_CTX_DAG_ID='group_dag' AIRFLOW_CTX_TASK_ID='transforms.transform_a' AIRFLOW_CTX_EXECUTION_DATE='2024-11-11T00:00:00+00:00' AIRFLOW_CTX_TRY_NUMBER='1' AIRFLOW_CTX_DAG_RUN_ID='scheduled__2024-11-11T00:00:00+00:00'
[2024-11-12T15:57:15.919+0000] {taskinstance.py:731} INFO - ::endgroup::
[2024-11-12T15:57:15.947+0000] {subprocess.py:63} INFO - Tmp dir root location: /tmp
[2024-11-12T15:57:15.949+0000] {subprocess.py:75} INFO - Running command: ['/usr/bin/bash', '-c', 'sleep 10']
[2024-11-12T15:57:15.959+0000] {subprocess.py:86} INFO - Output:
[2024-11-12T15:57:25.963+0000] {subprocess.py:97} INFO - Command exited with return code 0
[2024-11-12T15:57:25.986+0000] {taskinstance.py:340} INFO - ::group::Post task execution logs
[2024-11-12T15:57:25.986+0000] {taskinstance.py:352} INFO - Marking task as SUCCESS. dag_id=group_dag, task_id=transforms.transform_a, run_id=scheduled__2024-11-11T00:00:00+00:00, execution_date=20241111T000000, start_date=20241112T155715, end_date=20241112T155725
[2024-11-12T15:57:26.042+0000] {local_task_job_runner.py:266} INFO - Task exited with return code 0
[2024-11-12T15:57:26.055+0000] {taskinstance.py:3900} INFO - 0 downstream tasks scheduled from follow-on schedule check
[2024-11-12T15:57:26.057+0000] {local_task_job_runner.py:245} INFO - ::endgroup::
