[2024-11-07T15:21:15.560+0000] {local_task_job_runner.py:123} INFO - ::group::Pre task execution logs
[2024-11-07T15:21:15.618+0000] {taskinstance.py:2612} INFO - Dependencies all met for dep_context=non-requeueable deps ti=<TaskInstance: user_processing.process_user scheduled__2024-11-06T00:00:00+00:00 [queued]>
[2024-11-07T15:21:15.644+0000] {taskinstance.py:2612} INFO - Dependencies all met for dep_context=requeueable deps ti=<TaskInstance: user_processing.process_user scheduled__2024-11-06T00:00:00+00:00 [queued]>
[2024-11-07T15:21:15.645+0000] {taskinstance.py:2865} INFO - Starting attempt 1 of 1
[2024-11-07T15:21:15.679+0000] {taskinstance.py:2888} INFO - Executing <Task(PythonOperator): process_user> on 2024-11-06 00:00:00+00:00
[2024-11-07T15:21:15.690+0000] {warnings.py:112} WARNING - /home/***/.local/lib/python3.12/site-packages/***/task/task_runner/standard_task_runner.py:70: DeprecationWarning: This process (pid=617) is multi-threaded, use of fork() may lead to deadlocks in the child.
  pid = os.fork()

[2024-11-07T15:21:15.704+0000] {standard_task_runner.py:72} INFO - Started process 623 to run task
[2024-11-07T15:21:15.701+0000] {standard_task_runner.py:104} INFO - Running: ['***', 'tasks', 'run', 'user_processing', 'process_user', 'scheduled__2024-11-06T00:00:00+00:00', '--job-id', '144', '--raw', '--subdir', 'DAGS_FOLDER/user_processing.py', '--cfg-path', '/tmp/tmp5ewe3kk6']
[2024-11-07T15:21:15.705+0000] {standard_task_runner.py:105} INFO - Job 144: Subtask process_user
[2024-11-07T15:21:15.805+0000] {task_command.py:467} INFO - Running <TaskInstance: user_processing.process_user scheduled__2024-11-06T00:00:00+00:00 [running]> on host 4460e615f578
[2024-11-07T15:21:15.918+0000] {taskinstance.py:3131} INFO - Exporting env vars: AIRFLOW_CTX_DAG_OWNER='***' AIRFLOW_CTX_DAG_ID='user_processing' AIRFLOW_CTX_TASK_ID='process_user' AIRFLOW_CTX_EXECUTION_DATE='2024-11-06T00:00:00+00:00' AIRFLOW_CTX_TRY_NUMBER='1' AIRFLOW_CTX_DAG_RUN_ID='scheduled__2024-11-06T00:00:00+00:00'
[2024-11-07T15:21:15.921+0000] {logging_mixin.py:190} INFO - Task instance is in running state
[2024-11-07T15:21:15.922+0000] {logging_mixin.py:190} INFO -  Previous state of the Task instance: queued
[2024-11-07T15:21:15.923+0000] {logging_mixin.py:190} INFO - Current task name:process_user state:running start_date:2024-11-07 15:21:15.620024+00:00
[2024-11-07T15:21:15.924+0000] {logging_mixin.py:190} INFO - Dag name:user_processing and current dag run status:running
[2024-11-07T15:21:15.925+0000] {taskinstance.py:731} INFO - ::endgroup::
[2024-11-07T15:21:15.953+0000] {python.py:240} INFO - Done. Returned value was: None
[2024-11-07T15:21:15.968+0000] {taskinstance.py:340} INFO - ::group::Post task execution logs
[2024-11-07T15:21:15.970+0000] {taskinstance.py:352} INFO - Marking task as SUCCESS. dag_id=user_processing, task_id=process_user, run_id=scheduled__2024-11-06T00:00:00+00:00, execution_date=20241106T000000, start_date=20241107T152115, end_date=20241107T152115
[2024-11-07T15:21:15.987+0000] {logging_mixin.py:190} INFO - Task instance in success state
[2024-11-07T15:21:15.987+0000] {logging_mixin.py:190} INFO -  Previous state of the Task instance: running
[2024-11-07T15:21:15.988+0000] {logging_mixin.py:190} INFO - Dag name:user_processing queued_at:2024-11-07 15:18:20.478532+00:00
[2024-11-07T15:21:15.988+0000] {logging_mixin.py:190} INFO - Task hostname:4460e615f578 operator:PythonOperator
[2024-11-07T15:21:16.018+0000] {local_task_job_runner.py:266} INFO - Task exited with return code 0
[2024-11-07T15:21:16.036+0000] {taskinstance.py:3900} INFO - 0 downstream tasks scheduled from follow-on schedule check
[2024-11-07T15:21:16.039+0000] {local_task_job_runner.py:245} INFO - ::endgroup::
