[2024-11-12T17:59:19.379+0000] {processor.py:186} INFO - Started process (PID=179) to work on /opt/airflow/dags/elastic_dag.py
[2024-11-12T17:59:19.380+0000] {processor.py:914} INFO - Processing file /opt/airflow/dags/elastic_dag.py for tasks to queue
[2024-11-12T17:59:19.381+0000] {logging_mixin.py:190} INFO - [2024-11-12T17:59:19.381+0000] {dagbag.py:588} INFO - Filling up the DagBag from /opt/airflow/dags/elastic_dag.py
[2024-11-12T17:59:19.414+0000] {logging_mixin.py:190} INFO - [2024-11-12T17:59:19.411+0000] {dagbag.py:387} ERROR - Failed to import: /opt/airflow/dags/elastic_dag.py
Traceback (most recent call last):
  File "/home/airflow/.local/lib/python3.12/site-packages/airflow/models/dagbag.py", line 383, in parse
    loader.exec_module(new_module)
  File "<frozen importlib._bootstrap_external>", line 995, in exec_module
  File "<frozen importlib._bootstrap>", line 488, in _call_with_frames_removed
  File "/opt/airflow/dags/elastic_dag.py", line 3, in <module>
    from plugins.hooks.elastic.elastic_hook import ElasticHook
ModuleNotFoundError: No module named 'plugins'
[2024-11-12T17:59:19.415+0000] {processor.py:927} WARNING - No viable dags retrieved from /opt/airflow/dags/elastic_dag.py
[2024-11-12T17:59:19.434+0000] {processor.py:208} INFO - Processing /opt/airflow/dags/elastic_dag.py took 0.061 seconds
[2024-11-12T17:59:34.830+0000] {processor.py:186} INFO - Started process (PID=192) to work on /opt/airflow/dags/elastic_dag.py
[2024-11-12T17:59:34.832+0000] {processor.py:914} INFO - Processing file /opt/airflow/dags/elastic_dag.py for tasks to queue
[2024-11-12T17:59:34.837+0000] {logging_mixin.py:190} INFO - [2024-11-12T17:59:34.836+0000] {dagbag.py:588} INFO - Filling up the DagBag from /opt/airflow/dags/elastic_dag.py
[2024-11-12T17:59:34.864+0000] {logging_mixin.py:190} INFO - [2024-11-12T17:59:34.861+0000] {dagbag.py:387} ERROR - Failed to import: /opt/airflow/dags/elastic_dag.py
Traceback (most recent call last):
  File "/home/airflow/.local/lib/python3.12/site-packages/airflow/models/dagbag.py", line 383, in parse
    loader.exec_module(new_module)
  File "<frozen importlib._bootstrap_external>", line 995, in exec_module
  File "<frozen importlib._bootstrap>", line 488, in _call_with_frames_removed
  File "/opt/airflow/dags/elastic_dag.py", line 3, in <module>
    from plugins.hooks.elastic.elastic_hook import ElasticHook
ModuleNotFoundError: No module named 'plugins'
[2024-11-12T17:59:34.865+0000] {processor.py:927} WARNING - No viable dags retrieved from /opt/airflow/dags/elastic_dag.py
[2024-11-12T17:59:34.882+0000] {processor.py:208} INFO - Processing /opt/airflow/dags/elastic_dag.py took 0.062 seconds
[2024-11-12T17:59:58.223+0000] {processor.py:186} INFO - Started process (PID=204) to work on /opt/airflow/dags/elastic_dag.py
[2024-11-12T17:59:58.225+0000] {processor.py:914} INFO - Processing file /opt/airflow/dags/elastic_dag.py for tasks to queue
[2024-11-12T17:59:58.228+0000] {logging_mixin.py:190} INFO - [2024-11-12T17:59:58.228+0000] {dagbag.py:588} INFO - Filling up the DagBag from /opt/airflow/dags/elastic_dag.py
[2024-11-12T17:59:58.249+0000] {logging_mixin.py:190} INFO - [2024-11-12T17:59:58.246+0000] {dagbag.py:387} ERROR - Failed to import: /opt/airflow/dags/elastic_dag.py
Traceback (most recent call last):
  File "/home/airflow/.local/lib/python3.12/site-packages/airflow/models/dagbag.py", line 383, in parse
    loader.exec_module(new_module)
  File "<frozen importlib._bootstrap_external>", line 995, in exec_module
  File "<frozen importlib._bootstrap>", line 488, in _call_with_frames_removed
  File "/opt/airflow/dags/elastic_dag.py", line 3, in <module>
    from plugins.hooks.elastic.elastic_hook import ElasticHook
ModuleNotFoundError: No module named 'plugins'
[2024-11-12T17:59:58.250+0000] {processor.py:927} WARNING - No viable dags retrieved from /opt/airflow/dags/elastic_dag.py
[2024-11-12T17:59:58.271+0000] {processor.py:208} INFO - Processing /opt/airflow/dags/elastic_dag.py took 0.057 seconds
[2024-11-12T18:00:28.781+0000] {processor.py:186} INFO - Started process (PID=224) to work on /opt/airflow/dags/elastic_dag.py
[2024-11-12T18:00:28.782+0000] {processor.py:914} INFO - Processing file /opt/airflow/dags/elastic_dag.py for tasks to queue
[2024-11-12T18:00:28.785+0000] {logging_mixin.py:190} INFO - [2024-11-12T18:00:28.785+0000] {dagbag.py:588} INFO - Filling up the DagBag from /opt/airflow/dags/elastic_dag.py
[2024-11-12T18:00:28.799+0000] {logging_mixin.py:190} INFO - [2024-11-12T18:00:28.795+0000] {dagbag.py:387} ERROR - Failed to import: /opt/airflow/dags/elastic_dag.py
Traceback (most recent call last):
  File "/home/airflow/.local/lib/python3.12/site-packages/airflow/models/dagbag.py", line 383, in parse
    loader.exec_module(new_module)
  File "<frozen importlib._bootstrap_external>", line 995, in exec_module
  File "<frozen importlib._bootstrap>", line 488, in _call_with_frames_removed
  File "/opt/airflow/dags/elastic_dag.py", line 3, in <module>
    from plugins.hooks.elastic.elastic_hook import ElasticHook
ModuleNotFoundError: No module named 'plugins'
[2024-11-12T18:00:28.800+0000] {processor.py:927} WARNING - No viable dags retrieved from /opt/airflow/dags/elastic_dag.py
[2024-11-12T18:00:28.817+0000] {processor.py:208} INFO - Processing /opt/airflow/dags/elastic_dag.py took 0.041 seconds
[2024-11-12T18:00:59.499+0000] {processor.py:186} INFO - Started process (PID=242) to work on /opt/airflow/dags/elastic_dag.py
[2024-11-12T18:00:59.500+0000] {processor.py:914} INFO - Processing file /opt/airflow/dags/elastic_dag.py for tasks to queue
[2024-11-12T18:00:59.502+0000] {logging_mixin.py:190} INFO - [2024-11-12T18:00:59.501+0000] {dagbag.py:588} INFO - Filling up the DagBag from /opt/airflow/dags/elastic_dag.py
[2024-11-12T18:00:59.515+0000] {logging_mixin.py:190} INFO - [2024-11-12T18:00:59.512+0000] {dagbag.py:387} ERROR - Failed to import: /opt/airflow/dags/elastic_dag.py
Traceback (most recent call last):
  File "/home/airflow/.local/lib/python3.12/site-packages/airflow/models/dagbag.py", line 383, in parse
    loader.exec_module(new_module)
  File "<frozen importlib._bootstrap_external>", line 995, in exec_module
  File "<frozen importlib._bootstrap>", line 488, in _call_with_frames_removed
  File "/opt/airflow/dags/elastic_dag.py", line 3, in <module>
    from plugins.hooks.elastic.elastic_hook import ElasticHook
ModuleNotFoundError: No module named 'plugins'
[2024-11-12T18:00:59.516+0000] {processor.py:927} WARNING - No viable dags retrieved from /opt/airflow/dags/elastic_dag.py
[2024-11-12T18:00:59.531+0000] {processor.py:208} INFO - Processing /opt/airflow/dags/elastic_dag.py took 0.037 seconds
[2024-11-12T18:01:30.203+0000] {processor.py:186} INFO - Started process (PID=255) to work on /opt/airflow/dags/elastic_dag.py
[2024-11-12T18:01:30.204+0000] {processor.py:914} INFO - Processing file /opt/airflow/dags/elastic_dag.py for tasks to queue
[2024-11-12T18:01:30.207+0000] {logging_mixin.py:190} INFO - [2024-11-12T18:01:30.207+0000] {dagbag.py:588} INFO - Filling up the DagBag from /opt/airflow/dags/elastic_dag.py
[2024-11-12T18:01:30.222+0000] {logging_mixin.py:190} INFO - [2024-11-12T18:01:30.218+0000] {dagbag.py:387} ERROR - Failed to import: /opt/airflow/dags/elastic_dag.py
Traceback (most recent call last):
  File "/home/airflow/.local/lib/python3.12/site-packages/airflow/models/dagbag.py", line 383, in parse
    loader.exec_module(new_module)
  File "<frozen importlib._bootstrap_external>", line 995, in exec_module
  File "<frozen importlib._bootstrap>", line 488, in _call_with_frames_removed
  File "/opt/airflow/dags/elastic_dag.py", line 3, in <module>
    from plugins.hooks.elastic.elastic_hook import ElasticHook
ModuleNotFoundError: No module named 'plugins'
[2024-11-12T18:01:30.223+0000] {processor.py:927} WARNING - No viable dags retrieved from /opt/airflow/dags/elastic_dag.py
[2024-11-12T18:01:30.246+0000] {processor.py:208} INFO - Processing /opt/airflow/dags/elastic_dag.py took 0.049 seconds
[2024-11-12T18:02:00.757+0000] {processor.py:186} INFO - Started process (PID=268) to work on /opt/airflow/dags/elastic_dag.py
[2024-11-12T18:02:00.758+0000] {processor.py:914} INFO - Processing file /opt/airflow/dags/elastic_dag.py for tasks to queue
[2024-11-12T18:02:00.760+0000] {logging_mixin.py:190} INFO - [2024-11-12T18:02:00.760+0000] {dagbag.py:588} INFO - Filling up the DagBag from /opt/airflow/dags/elastic_dag.py
[2024-11-12T18:02:00.773+0000] {logging_mixin.py:190} INFO - [2024-11-12T18:02:00.770+0000] {dagbag.py:387} ERROR - Failed to import: /opt/airflow/dags/elastic_dag.py
Traceback (most recent call last):
  File "/home/airflow/.local/lib/python3.12/site-packages/airflow/models/dagbag.py", line 383, in parse
    loader.exec_module(new_module)
  File "<frozen importlib._bootstrap_external>", line 995, in exec_module
  File "<frozen importlib._bootstrap>", line 488, in _call_with_frames_removed
  File "/opt/airflow/dags/elastic_dag.py", line 3, in <module>
    from plugins.hooks.elastic.elastic_hook import ElasticHook
ModuleNotFoundError: No module named 'plugins'
[2024-11-12T18:02:00.774+0000] {processor.py:927} WARNING - No viable dags retrieved from /opt/airflow/dags/elastic_dag.py
[2024-11-12T18:02:00.790+0000] {processor.py:208} INFO - Processing /opt/airflow/dags/elastic_dag.py took 0.038 seconds
[2024-11-12T18:02:31.318+0000] {processor.py:186} INFO - Started process (PID=281) to work on /opt/airflow/dags/elastic_dag.py
[2024-11-12T18:02:31.320+0000] {processor.py:914} INFO - Processing file /opt/airflow/dags/elastic_dag.py for tasks to queue
[2024-11-12T18:02:31.322+0000] {logging_mixin.py:190} INFO - [2024-11-12T18:02:31.322+0000] {dagbag.py:588} INFO - Filling up the DagBag from /opt/airflow/dags/elastic_dag.py
[2024-11-12T18:02:31.334+0000] {logging_mixin.py:190} INFO - [2024-11-12T18:02:31.331+0000] {dagbag.py:387} ERROR - Failed to import: /opt/airflow/dags/elastic_dag.py
Traceback (most recent call last):
  File "/home/airflow/.local/lib/python3.12/site-packages/airflow/models/dagbag.py", line 383, in parse
    loader.exec_module(new_module)
  File "<frozen importlib._bootstrap_external>", line 995, in exec_module
  File "<frozen importlib._bootstrap>", line 488, in _call_with_frames_removed
  File "/opt/airflow/dags/elastic_dag.py", line 3, in <module>
    from plugins.hooks.elastic.elastic_hook import ElasticHook
ModuleNotFoundError: No module named 'plugins'
[2024-11-12T18:02:31.336+0000] {processor.py:927} WARNING - No viable dags retrieved from /opt/airflow/dags/elastic_dag.py
[2024-11-12T18:02:31.353+0000] {processor.py:208} INFO - Processing /opt/airflow/dags/elastic_dag.py took 0.039 seconds
[2024-11-12T18:02:39.452+0000] {processor.py:186} INFO - Started process (PID=283) to work on /opt/airflow/dags/elastic_dag.py
[2024-11-12T18:02:39.453+0000] {processor.py:914} INFO - Processing file /opt/airflow/dags/elastic_dag.py for tasks to queue
[2024-11-12T18:02:39.455+0000] {logging_mixin.py:190} INFO - [2024-11-12T18:02:39.455+0000] {dagbag.py:588} INFO - Filling up the DagBag from /opt/airflow/dags/elastic_dag.py
[2024-11-12T18:02:39.473+0000] {logging_mixin.py:190} INFO - [2024-11-12T18:02:39.470+0000] {dagbag.py:387} ERROR - Failed to import: /opt/airflow/dags/elastic_dag.py
Traceback (most recent call last):
  File "/home/airflow/.local/lib/python3.12/site-packages/airflow/models/dagbag.py", line 383, in parse
    loader.exec_module(new_module)
  File "<frozen importlib._bootstrap_external>", line 995, in exec_module
  File "<frozen importlib._bootstrap>", line 488, in _call_with_frames_removed
  File "/opt/airflow/dags/elastic_dag.py", line 3, in <module>
    from plugins.hooks.elastic.elastic_hook import ElasticHook
ModuleNotFoundError: No module named 'plugins'
[2024-11-12T18:02:39.474+0000] {processor.py:927} WARNING - No viable dags retrieved from /opt/airflow/dags/elastic_dag.py
[2024-11-12T18:02:39.490+0000] {processor.py:208} INFO - Processing /opt/airflow/dags/elastic_dag.py took 0.042 seconds
[2024-11-12T18:03:10.054+0000] {processor.py:186} INFO - Started process (PID=296) to work on /opt/airflow/dags/elastic_dag.py
[2024-11-12T18:03:10.055+0000] {processor.py:914} INFO - Processing file /opt/airflow/dags/elastic_dag.py for tasks to queue
[2024-11-12T18:03:10.057+0000] {logging_mixin.py:190} INFO - [2024-11-12T18:03:10.056+0000] {dagbag.py:588} INFO - Filling up the DagBag from /opt/airflow/dags/elastic_dag.py
[2024-11-12T18:03:10.068+0000] {logging_mixin.py:190} INFO - [2024-11-12T18:03:10.066+0000] {dagbag.py:387} ERROR - Failed to import: /opt/airflow/dags/elastic_dag.py
Traceback (most recent call last):
  File "/home/airflow/.local/lib/python3.12/site-packages/airflow/models/dagbag.py", line 383, in parse
    loader.exec_module(new_module)
  File "<frozen importlib._bootstrap_external>", line 995, in exec_module
  File "<frozen importlib._bootstrap>", line 488, in _call_with_frames_removed
  File "/opt/airflow/dags/elastic_dag.py", line 3, in <module>
    from plugins.hooks.elastic.elastic_hook import ElasticHook
ModuleNotFoundError: No module named 'plugins'
[2024-11-12T18:03:10.069+0000] {processor.py:927} WARNING - No viable dags retrieved from /opt/airflow/dags/elastic_dag.py
[2024-11-12T18:03:10.084+0000] {processor.py:208} INFO - Processing /opt/airflow/dags/elastic_dag.py took 0.035 seconds
[2024-11-12T18:03:22.162+0000] {processor.py:186} INFO - Started process (PID=303) to work on /opt/airflow/dags/elastic_dag.py
[2024-11-12T18:03:22.163+0000] {processor.py:914} INFO - Processing file /opt/airflow/dags/elastic_dag.py for tasks to queue
[2024-11-12T18:03:22.165+0000] {logging_mixin.py:190} INFO - [2024-11-12T18:03:22.164+0000] {dagbag.py:588} INFO - Filling up the DagBag from /opt/airflow/dags/elastic_dag.py
[2024-11-12T18:03:22.219+0000] {processor.py:925} INFO - DAG(s) 'elastic_dag' retrieved from /opt/airflow/dags/elastic_dag.py
[2024-11-12T18:03:22.472+0000] {logging_mixin.py:190} INFO - [2024-11-12T18:03:22.471+0000] {override.py:1900} INFO - Created Permission View: can delete on DAG:elastic_dag
[2024-11-12T18:03:22.482+0000] {logging_mixin.py:190} INFO - [2024-11-12T18:03:22.482+0000] {override.py:1900} INFO - Created Permission View: can read on DAG:elastic_dag
[2024-11-12T18:03:22.488+0000] {logging_mixin.py:190} INFO - [2024-11-12T18:03:22.488+0000] {override.py:1900} INFO - Created Permission View: can edit on DAG:elastic_dag
[2024-11-12T18:03:22.496+0000] {logging_mixin.py:190} INFO - [2024-11-12T18:03:22.496+0000] {override.py:1900} INFO - Created Permission View: can read on DAG Run:elastic_dag
[2024-11-12T18:03:22.501+0000] {logging_mixin.py:190} INFO - [2024-11-12T18:03:22.501+0000] {override.py:1900} INFO - Created Permission View: menu access on DAG Run:elastic_dag
[2024-11-12T18:03:22.508+0000] {logging_mixin.py:190} INFO - [2024-11-12T18:03:22.508+0000] {override.py:1900} INFO - Created Permission View: can create on DAG Run:elastic_dag
[2024-11-12T18:03:22.513+0000] {logging_mixin.py:190} INFO - [2024-11-12T18:03:22.513+0000] {override.py:1900} INFO - Created Permission View: can delete on DAG Run:elastic_dag
[2024-11-12T18:03:22.514+0000] {logging_mixin.py:190} INFO - [2024-11-12T18:03:22.513+0000] {dag.py:3239} INFO - Sync 1 DAGs
[2024-11-12T18:03:22.524+0000] {logging_mixin.py:190} INFO - [2024-11-12T18:03:22.524+0000] {dag.py:3262} INFO - Creating ORM DAG for elastic_dag
[2024-11-12T18:03:22.533+0000] {logging_mixin.py:190} INFO - [2024-11-12T18:03:22.533+0000] {dag.py:4180} INFO - Setting next_dagrun for elastic_dag to 2024-11-11 00:00:00+00:00, run_after=2024-11-12 00:00:00+00:00
[2024-11-12T18:03:22.554+0000] {processor.py:208} INFO - Processing /opt/airflow/dags/elastic_dag.py took 0.396 seconds
[2024-11-12T18:03:52.872+0000] {processor.py:186} INFO - Started process (PID=316) to work on /opt/airflow/dags/elastic_dag.py
[2024-11-12T18:03:52.873+0000] {processor.py:914} INFO - Processing file /opt/airflow/dags/elastic_dag.py for tasks to queue
[2024-11-12T18:03:52.875+0000] {logging_mixin.py:190} INFO - [2024-11-12T18:03:52.875+0000] {dagbag.py:588} INFO - Filling up the DagBag from /opt/airflow/dags/elastic_dag.py
[2024-11-12T18:03:52.913+0000] {processor.py:925} INFO - DAG(s) 'elastic_dag' retrieved from /opt/airflow/dags/elastic_dag.py
[2024-11-12T18:03:52.939+0000] {logging_mixin.py:190} INFO - [2024-11-12T18:03:52.939+0000] {dag.py:3239} INFO - Sync 1 DAGs
[2024-11-12T18:03:52.962+0000] {logging_mixin.py:190} INFO - [2024-11-12T18:03:52.962+0000] {dag.py:4180} INFO - Setting next_dagrun for elastic_dag to 2024-11-12 00:00:00+00:00, run_after=2024-11-13 00:00:00+00:00
[2024-11-12T18:03:52.975+0000] {processor.py:208} INFO - Processing /opt/airflow/dags/elastic_dag.py took 0.108 seconds
[2024-11-12T18:04:23.599+0000] {processor.py:186} INFO - Started process (PID=329) to work on /opt/airflow/dags/elastic_dag.py
[2024-11-12T18:04:23.600+0000] {processor.py:914} INFO - Processing file /opt/airflow/dags/elastic_dag.py for tasks to queue
[2024-11-12T18:04:23.602+0000] {logging_mixin.py:190} INFO - [2024-11-12T18:04:23.601+0000] {dagbag.py:588} INFO - Filling up the DagBag from /opt/airflow/dags/elastic_dag.py
[2024-11-12T18:04:23.637+0000] {processor.py:925} INFO - DAG(s) 'elastic_dag' retrieved from /opt/airflow/dags/elastic_dag.py
[2024-11-12T18:04:23.656+0000] {logging_mixin.py:190} INFO - [2024-11-12T18:04:23.656+0000] {dag.py:3239} INFO - Sync 1 DAGs
[2024-11-12T18:04:23.677+0000] {logging_mixin.py:190} INFO - [2024-11-12T18:04:23.677+0000] {dag.py:4180} INFO - Setting next_dagrun for elastic_dag to 2024-11-12 00:00:00+00:00, run_after=2024-11-13 00:00:00+00:00
[2024-11-12T18:04:23.691+0000] {processor.py:208} INFO - Processing /opt/airflow/dags/elastic_dag.py took 0.097 seconds
[2024-11-12T18:04:54.214+0000] {processor.py:186} INFO - Started process (PID=342) to work on /opt/airflow/dags/elastic_dag.py
[2024-11-12T18:04:54.215+0000] {processor.py:914} INFO - Processing file /opt/airflow/dags/elastic_dag.py for tasks to queue
[2024-11-12T18:04:54.216+0000] {logging_mixin.py:190} INFO - [2024-11-12T18:04:54.216+0000] {dagbag.py:588} INFO - Filling up the DagBag from /opt/airflow/dags/elastic_dag.py
[2024-11-12T18:04:54.250+0000] {processor.py:925} INFO - DAG(s) 'elastic_dag' retrieved from /opt/airflow/dags/elastic_dag.py
[2024-11-12T18:04:54.270+0000] {logging_mixin.py:190} INFO - [2024-11-12T18:04:54.270+0000] {dag.py:3239} INFO - Sync 1 DAGs
[2024-11-12T18:04:54.291+0000] {logging_mixin.py:190} INFO - [2024-11-12T18:04:54.290+0000] {dag.py:4180} INFO - Setting next_dagrun for elastic_dag to 2024-11-12 00:00:00+00:00, run_after=2024-11-13 00:00:00+00:00
[2024-11-12T18:04:54.305+0000] {processor.py:208} INFO - Processing /opt/airflow/dags/elastic_dag.py took 0.100 seconds
[2024-11-12T18:05:24.832+0000] {processor.py:186} INFO - Started process (PID=360) to work on /opt/airflow/dags/elastic_dag.py
[2024-11-12T18:05:24.834+0000] {processor.py:914} INFO - Processing file /opt/airflow/dags/elastic_dag.py for tasks to queue
[2024-11-12T18:05:24.835+0000] {logging_mixin.py:190} INFO - [2024-11-12T18:05:24.835+0000] {dagbag.py:588} INFO - Filling up the DagBag from /opt/airflow/dags/elastic_dag.py
[2024-11-12T18:05:24.866+0000] {processor.py:925} INFO - DAG(s) 'elastic_dag' retrieved from /opt/airflow/dags/elastic_dag.py
[2024-11-12T18:05:24.890+0000] {logging_mixin.py:190} INFO - [2024-11-12T18:05:24.890+0000] {dag.py:3239} INFO - Sync 1 DAGs
[2024-11-12T18:05:24.911+0000] {logging_mixin.py:190} INFO - [2024-11-12T18:05:24.911+0000] {dag.py:4180} INFO - Setting next_dagrun for elastic_dag to 2024-11-12 00:00:00+00:00, run_after=2024-11-13 00:00:00+00:00
[2024-11-12T18:05:24.925+0000] {processor.py:208} INFO - Processing /opt/airflow/dags/elastic_dag.py took 0.107 seconds
[2024-11-12T18:05:55.406+0000] {processor.py:186} INFO - Started process (PID=373) to work on /opt/airflow/dags/elastic_dag.py
[2024-11-12T18:05:55.407+0000] {processor.py:914} INFO - Processing file /opt/airflow/dags/elastic_dag.py for tasks to queue
[2024-11-12T18:05:55.409+0000] {logging_mixin.py:190} INFO - [2024-11-12T18:05:55.409+0000] {dagbag.py:588} INFO - Filling up the DagBag from /opt/airflow/dags/elastic_dag.py
[2024-11-12T18:05:55.437+0000] {processor.py:925} INFO - DAG(s) 'elastic_dag' retrieved from /opt/airflow/dags/elastic_dag.py
[2024-11-12T18:05:55.456+0000] {logging_mixin.py:190} INFO - [2024-11-12T18:05:55.456+0000] {dag.py:3239} INFO - Sync 1 DAGs
[2024-11-12T18:05:55.476+0000] {logging_mixin.py:190} INFO - [2024-11-12T18:05:55.476+0000] {dag.py:4180} INFO - Setting next_dagrun for elastic_dag to 2024-11-12 00:00:00+00:00, run_after=2024-11-13 00:00:00+00:00
[2024-11-12T18:05:55.489+0000] {processor.py:208} INFO - Processing /opt/airflow/dags/elastic_dag.py took 0.088 seconds
[2024-11-12T18:06:26.032+0000] {processor.py:186} INFO - Started process (PID=386) to work on /opt/airflow/dags/elastic_dag.py
[2024-11-12T18:06:26.033+0000] {processor.py:914} INFO - Processing file /opt/airflow/dags/elastic_dag.py for tasks to queue
[2024-11-12T18:06:26.035+0000] {logging_mixin.py:190} INFO - [2024-11-12T18:06:26.035+0000] {dagbag.py:588} INFO - Filling up the DagBag from /opt/airflow/dags/elastic_dag.py
[2024-11-12T18:06:26.075+0000] {processor.py:925} INFO - DAG(s) 'elastic_dag' retrieved from /opt/airflow/dags/elastic_dag.py
[2024-11-12T18:06:26.099+0000] {logging_mixin.py:190} INFO - [2024-11-12T18:06:26.099+0000] {dag.py:3239} INFO - Sync 1 DAGs
[2024-11-12T18:06:26.119+0000] {logging_mixin.py:190} INFO - [2024-11-12T18:06:26.119+0000] {dag.py:4180} INFO - Setting next_dagrun for elastic_dag to 2024-11-12 00:00:00+00:00, run_after=2024-11-13 00:00:00+00:00
[2024-11-12T18:06:26.133+0000] {processor.py:208} INFO - Processing /opt/airflow/dags/elastic_dag.py took 0.106 seconds
[2024-11-12T18:06:56.628+0000] {processor.py:186} INFO - Started process (PID=399) to work on /opt/airflow/dags/elastic_dag.py
[2024-11-12T18:06:56.628+0000] {processor.py:914} INFO - Processing file /opt/airflow/dags/elastic_dag.py for tasks to queue
[2024-11-12T18:06:56.630+0000] {logging_mixin.py:190} INFO - [2024-11-12T18:06:56.630+0000] {dagbag.py:588} INFO - Filling up the DagBag from /opt/airflow/dags/elastic_dag.py
[2024-11-12T18:06:56.662+0000] {processor.py:925} INFO - DAG(s) 'elastic_dag' retrieved from /opt/airflow/dags/elastic_dag.py
[2024-11-12T18:06:56.680+0000] {logging_mixin.py:190} INFO - [2024-11-12T18:06:56.680+0000] {dag.py:3239} INFO - Sync 1 DAGs
[2024-11-12T18:06:56.700+0000] {logging_mixin.py:190} INFO - [2024-11-12T18:06:56.700+0000] {dag.py:4180} INFO - Setting next_dagrun for elastic_dag to 2024-11-12 00:00:00+00:00, run_after=2024-11-13 00:00:00+00:00
[2024-11-12T18:06:56.713+0000] {processor.py:208} INFO - Processing /opt/airflow/dags/elastic_dag.py took 0.091 seconds
[2024-11-12T18:07:27.208+0000] {processor.py:186} INFO - Started process (PID=411) to work on /opt/airflow/dags/elastic_dag.py
[2024-11-12T18:07:27.209+0000] {processor.py:914} INFO - Processing file /opt/airflow/dags/elastic_dag.py for tasks to queue
[2024-11-12T18:07:27.211+0000] {logging_mixin.py:190} INFO - [2024-11-12T18:07:27.211+0000] {dagbag.py:588} INFO - Filling up the DagBag from /opt/airflow/dags/elastic_dag.py
[2024-11-12T18:07:27.242+0000] {processor.py:925} INFO - DAG(s) 'elastic_dag' retrieved from /opt/airflow/dags/elastic_dag.py
[2024-11-12T18:07:27.262+0000] {logging_mixin.py:190} INFO - [2024-11-12T18:07:27.262+0000] {dag.py:3239} INFO - Sync 1 DAGs
[2024-11-12T18:07:27.287+0000] {logging_mixin.py:190} INFO - [2024-11-12T18:07:27.286+0000] {dag.py:4180} INFO - Setting next_dagrun for elastic_dag to 2024-11-12 00:00:00+00:00, run_after=2024-11-13 00:00:00+00:00
[2024-11-12T18:07:27.302+0000] {processor.py:208} INFO - Processing /opt/airflow/dags/elastic_dag.py took 0.098 seconds
[2024-11-12T18:07:57.797+0000] {processor.py:186} INFO - Started process (PID=423) to work on /opt/airflow/dags/elastic_dag.py
[2024-11-12T18:07:57.798+0000] {processor.py:914} INFO - Processing file /opt/airflow/dags/elastic_dag.py for tasks to queue
[2024-11-12T18:07:57.800+0000] {logging_mixin.py:190} INFO - [2024-11-12T18:07:57.800+0000] {dagbag.py:588} INFO - Filling up the DagBag from /opt/airflow/dags/elastic_dag.py
[2024-11-12T18:07:57.838+0000] {processor.py:925} INFO - DAG(s) 'elastic_dag' retrieved from /opt/airflow/dags/elastic_dag.py
[2024-11-12T18:07:57.882+0000] {logging_mixin.py:190} INFO - [2024-11-12T18:07:57.882+0000] {dag.py:3239} INFO - Sync 1 DAGs
[2024-11-12T18:07:57.908+0000] {logging_mixin.py:190} INFO - [2024-11-12T18:07:57.908+0000] {dag.py:4180} INFO - Setting next_dagrun for elastic_dag to 2024-11-12 00:00:00+00:00, run_after=2024-11-13 00:00:00+00:00
[2024-11-12T18:07:57.925+0000] {processor.py:208} INFO - Processing /opt/airflow/dags/elastic_dag.py took 0.134 seconds
[2024-11-12T18:08:28.373+0000] {processor.py:186} INFO - Started process (PID=436) to work on /opt/airflow/dags/elastic_dag.py
[2024-11-12T18:08:28.374+0000] {processor.py:914} INFO - Processing file /opt/airflow/dags/elastic_dag.py for tasks to queue
[2024-11-12T18:08:28.376+0000] {logging_mixin.py:190} INFO - [2024-11-12T18:08:28.376+0000] {dagbag.py:588} INFO - Filling up the DagBag from /opt/airflow/dags/elastic_dag.py
[2024-11-12T18:08:28.415+0000] {processor.py:925} INFO - DAG(s) 'elastic_dag' retrieved from /opt/airflow/dags/elastic_dag.py
[2024-11-12T18:08:28.434+0000] {logging_mixin.py:190} INFO - [2024-11-12T18:08:28.434+0000] {dag.py:3239} INFO - Sync 1 DAGs
[2024-11-12T18:08:28.453+0000] {logging_mixin.py:190} INFO - [2024-11-12T18:08:28.453+0000] {dag.py:4180} INFO - Setting next_dagrun for elastic_dag to 2024-11-12 00:00:00+00:00, run_after=2024-11-13 00:00:00+00:00
[2024-11-12T18:08:28.467+0000] {processor.py:208} INFO - Processing /opt/airflow/dags/elastic_dag.py took 0.099 seconds
[2024-11-12T18:08:58.966+0000] {processor.py:186} INFO - Started process (PID=449) to work on /opt/airflow/dags/elastic_dag.py
[2024-11-12T18:08:58.967+0000] {processor.py:914} INFO - Processing file /opt/airflow/dags/elastic_dag.py for tasks to queue
[2024-11-12T18:08:58.968+0000] {logging_mixin.py:190} INFO - [2024-11-12T18:08:58.968+0000] {dagbag.py:588} INFO - Filling up the DagBag from /opt/airflow/dags/elastic_dag.py
[2024-11-12T18:08:59.005+0000] {processor.py:925} INFO - DAG(s) 'elastic_dag' retrieved from /opt/airflow/dags/elastic_dag.py
[2024-11-12T18:08:59.026+0000] {logging_mixin.py:190} INFO - [2024-11-12T18:08:59.026+0000] {dag.py:3239} INFO - Sync 1 DAGs
[2024-11-12T18:08:59.049+0000] {logging_mixin.py:190} INFO - [2024-11-12T18:08:59.048+0000] {dag.py:4180} INFO - Setting next_dagrun for elastic_dag to 2024-11-12 00:00:00+00:00, run_after=2024-11-13 00:00:00+00:00
[2024-11-12T18:08:59.063+0000] {processor.py:208} INFO - Processing /opt/airflow/dags/elastic_dag.py took 0.102 seconds
[2024-11-12T18:09:29.660+0000] {processor.py:186} INFO - Started process (PID=462) to work on /opt/airflow/dags/elastic_dag.py
[2024-11-12T18:09:29.661+0000] {processor.py:914} INFO - Processing file /opt/airflow/dags/elastic_dag.py for tasks to queue
[2024-11-12T18:09:29.662+0000] {logging_mixin.py:190} INFO - [2024-11-12T18:09:29.662+0000] {dagbag.py:588} INFO - Filling up the DagBag from /opt/airflow/dags/elastic_dag.py
[2024-11-12T18:09:29.696+0000] {processor.py:925} INFO - DAG(s) 'elastic_dag' retrieved from /opt/airflow/dags/elastic_dag.py
[2024-11-12T18:09:29.715+0000] {logging_mixin.py:190} INFO - [2024-11-12T18:09:29.715+0000] {dag.py:3239} INFO - Sync 1 DAGs
[2024-11-12T18:09:29.734+0000] {logging_mixin.py:190} INFO - [2024-11-12T18:09:29.734+0000] {dag.py:4180} INFO - Setting next_dagrun for elastic_dag to 2024-11-12 00:00:00+00:00, run_after=2024-11-13 00:00:00+00:00
[2024-11-12T18:09:29.748+0000] {processor.py:208} INFO - Processing /opt/airflow/dags/elastic_dag.py took 0.093 seconds
[2024-11-12T18:10:00.472+0000] {processor.py:186} INFO - Started process (PID=475) to work on /opt/airflow/dags/elastic_dag.py
[2024-11-12T18:10:00.473+0000] {processor.py:914} INFO - Processing file /opt/airflow/dags/elastic_dag.py for tasks to queue
[2024-11-12T18:10:00.475+0000] {logging_mixin.py:190} INFO - [2024-11-12T18:10:00.475+0000] {dagbag.py:588} INFO - Filling up the DagBag from /opt/airflow/dags/elastic_dag.py
[2024-11-12T18:10:00.508+0000] {processor.py:925} INFO - DAG(s) 'elastic_dag' retrieved from /opt/airflow/dags/elastic_dag.py
[2024-11-12T18:10:00.535+0000] {logging_mixin.py:190} INFO - [2024-11-12T18:10:00.535+0000] {dag.py:3239} INFO - Sync 1 DAGs
[2024-11-12T18:10:00.562+0000] {logging_mixin.py:190} INFO - [2024-11-12T18:10:00.562+0000] {dag.py:4180} INFO - Setting next_dagrun for elastic_dag to 2024-11-12 00:00:00+00:00, run_after=2024-11-13 00:00:00+00:00
[2024-11-12T18:10:00.578+0000] {processor.py:208} INFO - Processing /opt/airflow/dags/elastic_dag.py took 0.111 seconds
[2024-11-12T18:10:31.100+0000] {processor.py:186} INFO - Started process (PID=488) to work on /opt/airflow/dags/elastic_dag.py
[2024-11-12T18:10:31.100+0000] {processor.py:914} INFO - Processing file /opt/airflow/dags/elastic_dag.py for tasks to queue
[2024-11-12T18:10:31.102+0000] {logging_mixin.py:190} INFO - [2024-11-12T18:10:31.102+0000] {dagbag.py:588} INFO - Filling up the DagBag from /opt/airflow/dags/elastic_dag.py
[2024-11-12T18:10:31.132+0000] {processor.py:925} INFO - DAG(s) 'elastic_dag' retrieved from /opt/airflow/dags/elastic_dag.py
[2024-11-12T18:10:31.151+0000] {logging_mixin.py:190} INFO - [2024-11-12T18:10:31.151+0000] {dag.py:3239} INFO - Sync 1 DAGs
[2024-11-12T18:10:31.172+0000] {logging_mixin.py:190} INFO - [2024-11-12T18:10:31.171+0000] {dag.py:4180} INFO - Setting next_dagrun for elastic_dag to 2024-11-12 00:00:00+00:00, run_after=2024-11-13 00:00:00+00:00
[2024-11-12T18:10:31.186+0000] {processor.py:208} INFO - Processing /opt/airflow/dags/elastic_dag.py took 0.091 seconds
[2024-11-12T18:11:01.721+0000] {processor.py:186} INFO - Started process (PID=506) to work on /opt/airflow/dags/elastic_dag.py
[2024-11-12T18:11:01.722+0000] {processor.py:914} INFO - Processing file /opt/airflow/dags/elastic_dag.py for tasks to queue
[2024-11-12T18:11:01.724+0000] {logging_mixin.py:190} INFO - [2024-11-12T18:11:01.724+0000] {dagbag.py:588} INFO - Filling up the DagBag from /opt/airflow/dags/elastic_dag.py
[2024-11-12T18:11:01.760+0000] {processor.py:925} INFO - DAG(s) 'elastic_dag' retrieved from /opt/airflow/dags/elastic_dag.py
[2024-11-12T18:11:01.779+0000] {logging_mixin.py:190} INFO - [2024-11-12T18:11:01.779+0000] {dag.py:3239} INFO - Sync 1 DAGs
[2024-11-12T18:11:01.799+0000] {logging_mixin.py:190} INFO - [2024-11-12T18:11:01.799+0000] {dag.py:4180} INFO - Setting next_dagrun for elastic_dag to 2024-11-12 00:00:00+00:00, run_after=2024-11-13 00:00:00+00:00
[2024-11-12T18:11:01.813+0000] {processor.py:208} INFO - Processing /opt/airflow/dags/elastic_dag.py took 0.096 seconds
[2024-11-12T18:11:32.333+0000] {processor.py:186} INFO - Started process (PID=525) to work on /opt/airflow/dags/elastic_dag.py
[2024-11-12T18:11:32.334+0000] {processor.py:914} INFO - Processing file /opt/airflow/dags/elastic_dag.py for tasks to queue
[2024-11-12T18:11:32.335+0000] {logging_mixin.py:190} INFO - [2024-11-12T18:11:32.335+0000] {dagbag.py:588} INFO - Filling up the DagBag from /opt/airflow/dags/elastic_dag.py
[2024-11-12T18:11:32.365+0000] {processor.py:925} INFO - DAG(s) 'elastic_dag' retrieved from /opt/airflow/dags/elastic_dag.py
[2024-11-12T18:11:32.384+0000] {logging_mixin.py:190} INFO - [2024-11-12T18:11:32.384+0000] {dag.py:3239} INFO - Sync 1 DAGs
[2024-11-12T18:11:32.405+0000] {logging_mixin.py:190} INFO - [2024-11-12T18:11:32.405+0000] {dag.py:4180} INFO - Setting next_dagrun for elastic_dag to 2024-11-12 00:00:00+00:00, run_after=2024-11-13 00:00:00+00:00
[2024-11-12T18:11:32.419+0000] {processor.py:208} INFO - Processing /opt/airflow/dags/elastic_dag.py took 0.091 seconds
[2024-11-12T18:12:02.908+0000] {processor.py:186} INFO - Started process (PID=538) to work on /opt/airflow/dags/elastic_dag.py
[2024-11-12T18:12:02.909+0000] {processor.py:914} INFO - Processing file /opt/airflow/dags/elastic_dag.py for tasks to queue
[2024-11-12T18:12:02.911+0000] {logging_mixin.py:190} INFO - [2024-11-12T18:12:02.910+0000] {dagbag.py:588} INFO - Filling up the DagBag from /opt/airflow/dags/elastic_dag.py
[2024-11-12T18:12:02.958+0000] {processor.py:925} INFO - DAG(s) 'elastic_dag' retrieved from /opt/airflow/dags/elastic_dag.py
[2024-11-12T18:12:02.977+0000] {logging_mixin.py:190} INFO - [2024-11-12T18:12:02.977+0000] {dag.py:3239} INFO - Sync 1 DAGs
[2024-11-12T18:12:02.996+0000] {logging_mixin.py:190} INFO - [2024-11-12T18:12:02.996+0000] {dag.py:4180} INFO - Setting next_dagrun for elastic_dag to 2024-11-12 00:00:00+00:00, run_after=2024-11-13 00:00:00+00:00
[2024-11-12T18:12:03.010+0000] {processor.py:208} INFO - Processing /opt/airflow/dags/elastic_dag.py took 0.106 seconds
[2024-11-12T18:12:33.521+0000] {processor.py:186} INFO - Started process (PID=550) to work on /opt/airflow/dags/elastic_dag.py
[2024-11-12T18:12:33.522+0000] {processor.py:914} INFO - Processing file /opt/airflow/dags/elastic_dag.py for tasks to queue
[2024-11-12T18:12:33.524+0000] {logging_mixin.py:190} INFO - [2024-11-12T18:12:33.523+0000] {dagbag.py:588} INFO - Filling up the DagBag from /opt/airflow/dags/elastic_dag.py
[2024-11-12T18:12:33.562+0000] {processor.py:925} INFO - DAG(s) 'elastic_dag' retrieved from /opt/airflow/dags/elastic_dag.py
[2024-11-12T18:12:33.580+0000] {logging_mixin.py:190} INFO - [2024-11-12T18:12:33.580+0000] {dag.py:3239} INFO - Sync 1 DAGs
[2024-11-12T18:12:33.601+0000] {logging_mixin.py:190} INFO - [2024-11-12T18:12:33.601+0000] {dag.py:4180} INFO - Setting next_dagrun for elastic_dag to 2024-11-12 00:00:00+00:00, run_after=2024-11-13 00:00:00+00:00
[2024-11-12T18:12:33.616+0000] {processor.py:208} INFO - Processing /opt/airflow/dags/elastic_dag.py took 0.100 seconds
[2024-11-12T19:01:40.128+0000] {processor.py:186} INFO - Started process (PID=56) to work on /opt/airflow/dags/elastic_dag.py
[2024-11-12T19:01:40.129+0000] {processor.py:914} INFO - Processing file /opt/airflow/dags/elastic_dag.py for tasks to queue
[2024-11-12T19:01:40.131+0000] {logging_mixin.py:190} INFO - [2024-11-12T19:01:40.131+0000] {dagbag.py:588} INFO - Filling up the DagBag from /opt/airflow/dags/elastic_dag.py
[2024-11-12T19:01:40.185+0000] {processor.py:925} INFO - DAG(s) 'elastic_dag' retrieved from /opt/airflow/dags/elastic_dag.py
[2024-11-12T19:01:40.271+0000] {logging_mixin.py:190} INFO - [2024-11-12T19:01:40.271+0000] {dag.py:3239} INFO - Sync 1 DAGs
[2024-11-12T19:01:40.323+0000] {logging_mixin.py:190} INFO - [2024-11-12T19:01:40.323+0000] {dag.py:4180} INFO - Setting next_dagrun for elastic_dag to 2024-11-12 00:00:00+00:00, run_after=2024-11-13 00:00:00+00:00
[2024-11-12T19:01:40.357+0000] {processor.py:208} INFO - Processing /opt/airflow/dags/elastic_dag.py took 0.233 seconds
