[2024-11-11T20:34:33.986+0000] {processor.py:186} INFO - Started process (PID=1073) to work on /opt/airflow/dags/groups/group_downloads.py
[2024-11-11T20:34:33.987+0000] {processor.py:914} INFO - Processing file /opt/airflow/dags/groups/group_downloads.py for tasks to queue
[2024-11-11T20:34:33.988+0000] {logging_mixin.py:190} INFO - [2024-11-11T20:34:33.988+0000] {dagbag.py:588} INFO - Filling up the DagBag from /opt/airflow/dags/groups/group_downloads.py
[2024-11-11T20:34:34.012+0000] {processor.py:927} WARNING - No viable dags retrieved from /opt/airflow/dags/groups/group_downloads.py
[2024-11-11T20:34:34.024+0000] {processor.py:208} INFO - Processing /opt/airflow/dags/groups/group_downloads.py took 0.044 seconds
[2024-11-11T20:35:04.683+0000] {processor.py:186} INFO - Started process (PID=1095) to work on /opt/airflow/dags/groups/group_downloads.py
[2024-11-11T20:35:04.684+0000] {processor.py:914} INFO - Processing file /opt/airflow/dags/groups/group_downloads.py for tasks to queue
[2024-11-11T20:35:04.685+0000] {logging_mixin.py:190} INFO - [2024-11-11T20:35:04.685+0000] {dagbag.py:588} INFO - Filling up the DagBag from /opt/airflow/dags/groups/group_downloads.py
[2024-11-11T20:35:04.698+0000] {processor.py:927} WARNING - No viable dags retrieved from /opt/airflow/dags/groups/group_downloads.py
[2024-11-11T20:35:04.711+0000] {processor.py:208} INFO - Processing /opt/airflow/dags/groups/group_downloads.py took 0.033 seconds
[2024-11-11T20:35:35.318+0000] {processor.py:186} INFO - Started process (PID=1109) to work on /opt/airflow/dags/groups/group_downloads.py
[2024-11-11T20:35:35.318+0000] {processor.py:914} INFO - Processing file /opt/airflow/dags/groups/group_downloads.py for tasks to queue
[2024-11-11T20:35:35.320+0000] {logging_mixin.py:190} INFO - [2024-11-11T20:35:35.319+0000] {dagbag.py:588} INFO - Filling up the DagBag from /opt/airflow/dags/groups/group_downloads.py
[2024-11-11T20:35:35.331+0000] {processor.py:927} WARNING - No viable dags retrieved from /opt/airflow/dags/groups/group_downloads.py
[2024-11-11T20:35:35.343+0000] {processor.py:208} INFO - Processing /opt/airflow/dags/groups/group_downloads.py took 0.031 seconds
[2024-11-11T20:36:05.928+0000] {processor.py:186} INFO - Started process (PID=1124) to work on /opt/airflow/dags/groups/group_downloads.py
[2024-11-11T20:36:05.929+0000] {processor.py:914} INFO - Processing file /opt/airflow/dags/groups/group_downloads.py for tasks to queue
[2024-11-11T20:36:05.930+0000] {logging_mixin.py:190} INFO - [2024-11-11T20:36:05.930+0000] {dagbag.py:588} INFO - Filling up the DagBag from /opt/airflow/dags/groups/group_downloads.py
[2024-11-11T20:36:05.942+0000] {processor.py:927} WARNING - No viable dags retrieved from /opt/airflow/dags/groups/group_downloads.py
[2024-11-11T20:36:05.958+0000] {processor.py:208} INFO - Processing /opt/airflow/dags/groups/group_downloads.py took 0.034 seconds
[2024-11-11T20:36:36.444+0000] {processor.py:186} INFO - Started process (PID=1138) to work on /opt/airflow/dags/groups/group_downloads.py
[2024-11-11T20:36:36.445+0000] {processor.py:914} INFO - Processing file /opt/airflow/dags/groups/group_downloads.py for tasks to queue
[2024-11-11T20:36:36.446+0000] {logging_mixin.py:190} INFO - [2024-11-11T20:36:36.446+0000] {dagbag.py:588} INFO - Filling up the DagBag from /opt/airflow/dags/groups/group_downloads.py
[2024-11-11T20:36:36.456+0000] {processor.py:927} WARNING - No viable dags retrieved from /opt/airflow/dags/groups/group_downloads.py
[2024-11-11T20:36:36.468+0000] {processor.py:208} INFO - Processing /opt/airflow/dags/groups/group_downloads.py took 0.029 seconds
[2024-11-11T20:37:07.025+0000] {processor.py:186} INFO - Started process (PID=1152) to work on /opt/airflow/dags/groups/group_downloads.py
[2024-11-11T20:37:07.025+0000] {processor.py:914} INFO - Processing file /opt/airflow/dags/groups/group_downloads.py for tasks to queue
[2024-11-11T20:37:07.026+0000] {logging_mixin.py:190} INFO - [2024-11-11T20:37:07.026+0000] {dagbag.py:588} INFO - Filling up the DagBag from /opt/airflow/dags/groups/group_downloads.py
[2024-11-11T20:37:07.037+0000] {processor.py:927} WARNING - No viable dags retrieved from /opt/airflow/dags/groups/group_downloads.py
[2024-11-11T20:37:07.050+0000] {processor.py:208} INFO - Processing /opt/airflow/dags/groups/group_downloads.py took 0.030 seconds
[2024-11-11T20:37:37.517+0000] {processor.py:186} INFO - Started process (PID=1166) to work on /opt/airflow/dags/groups/group_downloads.py
[2024-11-11T20:37:37.518+0000] {processor.py:914} INFO - Processing file /opt/airflow/dags/groups/group_downloads.py for tasks to queue
[2024-11-11T20:37:37.520+0000] {logging_mixin.py:190} INFO - [2024-11-11T20:37:37.519+0000] {dagbag.py:588} INFO - Filling up the DagBag from /opt/airflow/dags/groups/group_downloads.py
[2024-11-11T20:37:37.532+0000] {processor.py:927} WARNING - No viable dags retrieved from /opt/airflow/dags/groups/group_downloads.py
[2024-11-11T20:37:37.546+0000] {processor.py:208} INFO - Processing /opt/airflow/dags/groups/group_downloads.py took 0.035 seconds
[2024-11-11T20:38:08.064+0000] {processor.py:186} INFO - Started process (PID=1180) to work on /opt/airflow/dags/groups/group_downloads.py
[2024-11-11T20:38:08.065+0000] {processor.py:914} INFO - Processing file /opt/airflow/dags/groups/group_downloads.py for tasks to queue
[2024-11-11T20:38:08.066+0000] {logging_mixin.py:190} INFO - [2024-11-11T20:38:08.066+0000] {dagbag.py:588} INFO - Filling up the DagBag from /opt/airflow/dags/groups/group_downloads.py
[2024-11-11T20:38:08.076+0000] {processor.py:927} WARNING - No viable dags retrieved from /opt/airflow/dags/groups/group_downloads.py
[2024-11-11T20:38:08.088+0000] {processor.py:208} INFO - Processing /opt/airflow/dags/groups/group_downloads.py took 0.030 seconds
[2024-11-11T20:38:38.579+0000] {processor.py:186} INFO - Started process (PID=1194) to work on /opt/airflow/dags/groups/group_downloads.py
[2024-11-11T20:38:38.580+0000] {processor.py:914} INFO - Processing file /opt/airflow/dags/groups/group_downloads.py for tasks to queue
[2024-11-11T20:38:38.581+0000] {logging_mixin.py:190} INFO - [2024-11-11T20:38:38.581+0000] {dagbag.py:588} INFO - Filling up the DagBag from /opt/airflow/dags/groups/group_downloads.py
[2024-11-11T20:38:38.593+0000] {processor.py:927} WARNING - No viable dags retrieved from /opt/airflow/dags/groups/group_downloads.py
[2024-11-11T20:38:38.605+0000] {processor.py:208} INFO - Processing /opt/airflow/dags/groups/group_downloads.py took 0.031 seconds
[2024-11-11T20:39:09.119+0000] {processor.py:186} INFO - Started process (PID=1208) to work on /opt/airflow/dags/groups/group_downloads.py
[2024-11-11T20:39:09.120+0000] {processor.py:914} INFO - Processing file /opt/airflow/dags/groups/group_downloads.py for tasks to queue
[2024-11-11T20:39:09.121+0000] {logging_mixin.py:190} INFO - [2024-11-11T20:39:09.121+0000] {dagbag.py:588} INFO - Filling up the DagBag from /opt/airflow/dags/groups/group_downloads.py
[2024-11-11T20:39:09.132+0000] {processor.py:927} WARNING - No viable dags retrieved from /opt/airflow/dags/groups/group_downloads.py
[2024-11-11T20:39:09.145+0000] {processor.py:208} INFO - Processing /opt/airflow/dags/groups/group_downloads.py took 0.032 seconds
[2024-11-11T20:39:39.688+0000] {processor.py:186} INFO - Started process (PID=1222) to work on /opt/airflow/dags/groups/group_downloads.py
[2024-11-11T20:39:39.689+0000] {processor.py:914} INFO - Processing file /opt/airflow/dags/groups/group_downloads.py for tasks to queue
[2024-11-11T20:39:39.690+0000] {logging_mixin.py:190} INFO - [2024-11-11T20:39:39.689+0000] {dagbag.py:588} INFO - Filling up the DagBag from /opt/airflow/dags/groups/group_downloads.py
[2024-11-11T20:39:39.702+0000] {processor.py:927} WARNING - No viable dags retrieved from /opt/airflow/dags/groups/group_downloads.py
[2024-11-11T20:39:39.715+0000] {processor.py:208} INFO - Processing /opt/airflow/dags/groups/group_downloads.py took 0.032 seconds
[2024-11-11T20:40:10.214+0000] {processor.py:186} INFO - Started process (PID=1237) to work on /opt/airflow/dags/groups/group_downloads.py
[2024-11-11T20:40:10.215+0000] {processor.py:914} INFO - Processing file /opt/airflow/dags/groups/group_downloads.py for tasks to queue
[2024-11-11T20:40:10.216+0000] {logging_mixin.py:190} INFO - [2024-11-11T20:40:10.216+0000] {dagbag.py:588} INFO - Filling up the DagBag from /opt/airflow/dags/groups/group_downloads.py
[2024-11-11T20:40:10.229+0000] {processor.py:927} WARNING - No viable dags retrieved from /opt/airflow/dags/groups/group_downloads.py
[2024-11-11T20:40:10.241+0000] {processor.py:208} INFO - Processing /opt/airflow/dags/groups/group_downloads.py took 0.032 seconds
[2024-11-11T20:40:40.771+0000] {processor.py:186} INFO - Started process (PID=1252) to work on /opt/airflow/dags/groups/group_downloads.py
[2024-11-11T20:40:40.771+0000] {processor.py:914} INFO - Processing file /opt/airflow/dags/groups/group_downloads.py for tasks to queue
[2024-11-11T20:40:40.773+0000] {logging_mixin.py:190} INFO - [2024-11-11T20:40:40.772+0000] {dagbag.py:588} INFO - Filling up the DagBag from /opt/airflow/dags/groups/group_downloads.py
[2024-11-11T20:40:40.785+0000] {processor.py:927} WARNING - No viable dags retrieved from /opt/airflow/dags/groups/group_downloads.py
[2024-11-11T20:40:40.796+0000] {processor.py:208} INFO - Processing /opt/airflow/dags/groups/group_downloads.py took 0.031 seconds
[2024-11-11T20:41:11.316+0000] {processor.py:186} INFO - Started process (PID=1266) to work on /opt/airflow/dags/groups/group_downloads.py
[2024-11-11T20:41:11.317+0000] {processor.py:914} INFO - Processing file /opt/airflow/dags/groups/group_downloads.py for tasks to queue
[2024-11-11T20:41:11.318+0000] {logging_mixin.py:190} INFO - [2024-11-11T20:41:11.318+0000] {dagbag.py:588} INFO - Filling up the DagBag from /opt/airflow/dags/groups/group_downloads.py
[2024-11-11T20:41:11.330+0000] {processor.py:927} WARNING - No viable dags retrieved from /opt/airflow/dags/groups/group_downloads.py
[2024-11-11T20:41:11.342+0000] {processor.py:208} INFO - Processing /opt/airflow/dags/groups/group_downloads.py took 0.031 seconds
[2024-11-11T20:41:41.889+0000] {processor.py:186} INFO - Started process (PID=1280) to work on /opt/airflow/dags/groups/group_downloads.py
[2024-11-11T20:41:41.890+0000] {processor.py:914} INFO - Processing file /opt/airflow/dags/groups/group_downloads.py for tasks to queue
[2024-11-11T20:41:41.892+0000] {logging_mixin.py:190} INFO - [2024-11-11T20:41:41.891+0000] {dagbag.py:588} INFO - Filling up the DagBag from /opt/airflow/dags/groups/group_downloads.py
[2024-11-11T20:41:41.902+0000] {processor.py:927} WARNING - No viable dags retrieved from /opt/airflow/dags/groups/group_downloads.py
[2024-11-11T20:41:41.917+0000] {processor.py:208} INFO - Processing /opt/airflow/dags/groups/group_downloads.py took 0.033 seconds
[2024-11-11T20:42:12.509+0000] {processor.py:186} INFO - Started process (PID=1295) to work on /opt/airflow/dags/groups/group_downloads.py
[2024-11-11T20:42:12.509+0000] {processor.py:914} INFO - Processing file /opt/airflow/dags/groups/group_downloads.py for tasks to queue
[2024-11-11T20:42:12.511+0000] {logging_mixin.py:190} INFO - [2024-11-11T20:42:12.510+0000] {dagbag.py:588} INFO - Filling up the DagBag from /opt/airflow/dags/groups/group_downloads.py
[2024-11-11T20:42:12.522+0000] {processor.py:927} WARNING - No viable dags retrieved from /opt/airflow/dags/groups/group_downloads.py
[2024-11-11T20:42:12.536+0000] {processor.py:208} INFO - Processing /opt/airflow/dags/groups/group_downloads.py took 0.032 seconds
[2024-11-11T20:42:27.780+0000] {processor.py:186} INFO - Started process (PID=1300) to work on /opt/airflow/dags/groups/group_downloads.py
[2024-11-11T20:42:27.781+0000] {processor.py:914} INFO - Processing file /opt/airflow/dags/groups/group_downloads.py for tasks to queue
[2024-11-11T20:42:27.782+0000] {logging_mixin.py:190} INFO - [2024-11-11T20:42:27.782+0000] {dagbag.py:588} INFO - Filling up the DagBag from /opt/airflow/dags/groups/group_downloads.py
[2024-11-11T20:42:27.789+0000] {logging_mixin.py:190} INFO - [2024-11-11T20:42:27.789+0000] {dagbag.py:366} INFO - File /opt/airflow/dags/groups/group_downloads.py assumed to contain no DAGs. Skipping.
[2024-11-11T20:42:27.790+0000] {processor.py:927} WARNING - No viable dags retrieved from /opt/airflow/dags/groups/group_downloads.py
[2024-11-11T20:42:27.803+0000] {processor.py:208} INFO - Processing /opt/airflow/dags/groups/group_downloads.py took 0.029 seconds
[2024-11-11T20:42:58.352+0000] {processor.py:186} INFO - Started process (PID=1314) to work on /opt/airflow/dags/groups/group_downloads.py
[2024-11-11T20:42:58.353+0000] {processor.py:914} INFO - Processing file /opt/airflow/dags/groups/group_downloads.py for tasks to queue
[2024-11-11T20:42:58.354+0000] {logging_mixin.py:190} INFO - [2024-11-11T20:42:58.354+0000] {dagbag.py:588} INFO - Filling up the DagBag from /opt/airflow/dags/groups/group_downloads.py
[2024-11-11T20:42:58.363+0000] {logging_mixin.py:190} INFO - [2024-11-11T20:42:58.363+0000] {dagbag.py:366} INFO - File /opt/airflow/dags/groups/group_downloads.py assumed to contain no DAGs. Skipping.
[2024-11-11T20:42:58.364+0000] {processor.py:927} WARNING - No viable dags retrieved from /opt/airflow/dags/groups/group_downloads.py
[2024-11-11T20:42:58.374+0000] {processor.py:208} INFO - Processing /opt/airflow/dags/groups/group_downloads.py took 0.027 seconds
[2024-11-11T20:43:28.933+0000] {processor.py:186} INFO - Started process (PID=1328) to work on /opt/airflow/dags/groups/group_downloads.py
[2024-11-11T20:43:28.934+0000] {processor.py:914} INFO - Processing file /opt/airflow/dags/groups/group_downloads.py for tasks to queue
[2024-11-11T20:43:28.936+0000] {logging_mixin.py:190} INFO - [2024-11-11T20:43:28.936+0000] {dagbag.py:588} INFO - Filling up the DagBag from /opt/airflow/dags/groups/group_downloads.py
[2024-11-11T20:43:28.945+0000] {logging_mixin.py:190} INFO - [2024-11-11T20:43:28.945+0000] {dagbag.py:366} INFO - File /opt/airflow/dags/groups/group_downloads.py assumed to contain no DAGs. Skipping.
[2024-11-11T20:43:28.945+0000] {processor.py:927} WARNING - No viable dags retrieved from /opt/airflow/dags/groups/group_downloads.py
[2024-11-11T20:43:28.956+0000] {processor.py:208} INFO - Processing /opt/airflow/dags/groups/group_downloads.py took 0.029 seconds
[2024-11-11T20:43:59.570+0000] {processor.py:186} INFO - Started process (PID=1343) to work on /opt/airflow/dags/groups/group_downloads.py
[2024-11-11T20:43:59.571+0000] {processor.py:914} INFO - Processing file /opt/airflow/dags/groups/group_downloads.py for tasks to queue
[2024-11-11T20:43:59.572+0000] {logging_mixin.py:190} INFO - [2024-11-11T20:43:59.571+0000] {dagbag.py:588} INFO - Filling up the DagBag from /opt/airflow/dags/groups/group_downloads.py
[2024-11-11T20:43:59.582+0000] {logging_mixin.py:190} INFO - [2024-11-11T20:43:59.582+0000] {dagbag.py:366} INFO - File /opt/airflow/dags/groups/group_downloads.py assumed to contain no DAGs. Skipping.
[2024-11-11T20:43:59.582+0000] {processor.py:927} WARNING - No viable dags retrieved from /opt/airflow/dags/groups/group_downloads.py
[2024-11-11T20:43:59.594+0000] {processor.py:208} INFO - Processing /opt/airflow/dags/groups/group_downloads.py took 0.030 seconds
[2024-11-11T20:44:30.215+0000] {processor.py:186} INFO - Started process (PID=1357) to work on /opt/airflow/dags/groups/group_downloads.py
[2024-11-11T20:44:30.216+0000] {processor.py:914} INFO - Processing file /opt/airflow/dags/groups/group_downloads.py for tasks to queue
[2024-11-11T20:44:30.217+0000] {logging_mixin.py:190} INFO - [2024-11-11T20:44:30.217+0000] {dagbag.py:588} INFO - Filling up the DagBag from /opt/airflow/dags/groups/group_downloads.py
[2024-11-11T20:44:30.226+0000] {logging_mixin.py:190} INFO - [2024-11-11T20:44:30.226+0000] {dagbag.py:366} INFO - File /opt/airflow/dags/groups/group_downloads.py assumed to contain no DAGs. Skipping.
[2024-11-11T20:44:30.226+0000] {processor.py:927} WARNING - No viable dags retrieved from /opt/airflow/dags/groups/group_downloads.py
[2024-11-11T20:44:30.239+0000] {processor.py:208} INFO - Processing /opt/airflow/dags/groups/group_downloads.py took 0.029 seconds
