[2024-11-11T20:34:34.018+0000] {processor.py:186} INFO - Started process (PID=1074) to work on /opt/airflow/dags/groups/group_transforms.py
[2024-11-11T20:34:34.019+0000] {processor.py:914} INFO - Processing file /opt/airflow/dags/groups/group_transforms.py for tasks to queue
[2024-11-11T20:34:34.020+0000] {logging_mixin.py:190} INFO - [2024-11-11T20:34:34.020+0000] {dagbag.py:588} INFO - Filling up the DagBag from /opt/airflow/dags/groups/group_transforms.py
[2024-11-11T20:34:34.031+0000] {processor.py:927} WARNING - No viable dags retrieved from /opt/airflow/dags/groups/group_transforms.py
[2024-11-11T20:34:34.044+0000] {processor.py:208} INFO - Processing /opt/airflow/dags/groups/group_transforms.py took 0.031 seconds
[2024-11-11T20:35:04.691+0000] {processor.py:186} INFO - Started process (PID=1096) to work on /opt/airflow/dags/groups/group_transforms.py
[2024-11-11T20:35:04.692+0000] {processor.py:914} INFO - Processing file /opt/airflow/dags/groups/group_transforms.py for tasks to queue
[2024-11-11T20:35:04.693+0000] {logging_mixin.py:190} INFO - [2024-11-11T20:35:04.693+0000] {dagbag.py:588} INFO - Filling up the DagBag from /opt/airflow/dags/groups/group_transforms.py
[2024-11-11T20:35:04.706+0000] {processor.py:927} WARNING - No viable dags retrieved from /opt/airflow/dags/groups/group_transforms.py
[2024-11-11T20:35:04.720+0000] {processor.py:208} INFO - Processing /opt/airflow/dags/groups/group_transforms.py took 0.034 seconds
[2024-11-11T20:35:35.324+0000] {processor.py:186} INFO - Started process (PID=1110) to work on /opt/airflow/dags/groups/group_transforms.py
[2024-11-11T20:35:35.325+0000] {processor.py:914} INFO - Processing file /opt/airflow/dags/groups/group_transforms.py for tasks to queue
[2024-11-11T20:35:35.326+0000] {logging_mixin.py:190} INFO - [2024-11-11T20:35:35.325+0000] {dagbag.py:588} INFO - Filling up the DagBag from /opt/airflow/dags/groups/group_transforms.py
[2024-11-11T20:35:35.337+0000] {processor.py:927} WARNING - No viable dags retrieved from /opt/airflow/dags/groups/group_transforms.py
[2024-11-11T20:35:35.347+0000] {processor.py:208} INFO - Processing /opt/airflow/dags/groups/group_transforms.py took 0.030 seconds
[2024-11-11T20:36:05.931+0000] {processor.py:186} INFO - Started process (PID=1125) to work on /opt/airflow/dags/groups/group_transforms.py
[2024-11-11T20:36:05.933+0000] {processor.py:914} INFO - Processing file /opt/airflow/dags/groups/group_transforms.py for tasks to queue
[2024-11-11T20:36:05.935+0000] {logging_mixin.py:190} INFO - [2024-11-11T20:36:05.934+0000] {dagbag.py:588} INFO - Filling up the DagBag from /opt/airflow/dags/groups/group_transforms.py
[2024-11-11T20:36:05.950+0000] {processor.py:927} WARNING - No viable dags retrieved from /opt/airflow/dags/groups/group_transforms.py
[2024-11-11T20:36:05.966+0000] {processor.py:208} INFO - Processing /opt/airflow/dags/groups/group_transforms.py took 0.040 seconds
[2024-11-11T20:36:36.451+0000] {processor.py:186} INFO - Started process (PID=1139) to work on /opt/airflow/dags/groups/group_transforms.py
[2024-11-11T20:36:36.453+0000] {processor.py:914} INFO - Processing file /opt/airflow/dags/groups/group_transforms.py for tasks to queue
[2024-11-11T20:36:36.454+0000] {logging_mixin.py:190} INFO - [2024-11-11T20:36:36.454+0000] {dagbag.py:588} INFO - Filling up the DagBag from /opt/airflow/dags/groups/group_transforms.py
[2024-11-11T20:36:36.465+0000] {processor.py:927} WARNING - No viable dags retrieved from /opt/airflow/dags/groups/group_transforms.py
[2024-11-11T20:36:36.477+0000] {processor.py:208} INFO - Processing /opt/airflow/dags/groups/group_transforms.py took 0.033 seconds
[2024-11-11T20:37:07.029+0000] {processor.py:186} INFO - Started process (PID=1153) to work on /opt/airflow/dags/groups/group_transforms.py
[2024-11-11T20:37:07.030+0000] {processor.py:914} INFO - Processing file /opt/airflow/dags/groups/group_transforms.py for tasks to queue
[2024-11-11T20:37:07.031+0000] {logging_mixin.py:190} INFO - [2024-11-11T20:37:07.031+0000] {dagbag.py:588} INFO - Filling up the DagBag from /opt/airflow/dags/groups/group_transforms.py
[2024-11-11T20:37:07.042+0000] {processor.py:927} WARNING - No viable dags retrieved from /opt/airflow/dags/groups/group_transforms.py
[2024-11-11T20:37:07.054+0000] {processor.py:208} INFO - Processing /opt/airflow/dags/groups/group_transforms.py took 0.029 seconds
[2024-11-11T20:37:37.525+0000] {processor.py:186} INFO - Started process (PID=1167) to work on /opt/airflow/dags/groups/group_transforms.py
[2024-11-11T20:37:37.526+0000] {processor.py:914} INFO - Processing file /opt/airflow/dags/groups/group_transforms.py for tasks to queue
[2024-11-11T20:37:37.527+0000] {logging_mixin.py:190} INFO - [2024-11-11T20:37:37.527+0000] {dagbag.py:588} INFO - Filling up the DagBag from /opt/airflow/dags/groups/group_transforms.py
[2024-11-11T20:37:37.540+0000] {processor.py:927} WARNING - No viable dags retrieved from /opt/airflow/dags/groups/group_transforms.py
[2024-11-11T20:37:37.555+0000] {processor.py:208} INFO - Processing /opt/airflow/dags/groups/group_transforms.py took 0.036 seconds
[2024-11-11T20:38:08.070+0000] {processor.py:186} INFO - Started process (PID=1181) to work on /opt/airflow/dags/groups/group_transforms.py
[2024-11-11T20:38:08.071+0000] {processor.py:914} INFO - Processing file /opt/airflow/dags/groups/group_transforms.py for tasks to queue
[2024-11-11T20:38:08.073+0000] {logging_mixin.py:190} INFO - [2024-11-11T20:38:08.072+0000] {dagbag.py:588} INFO - Filling up the DagBag from /opt/airflow/dags/groups/group_transforms.py
[2024-11-11T20:38:08.083+0000] {processor.py:927} WARNING - No viable dags retrieved from /opt/airflow/dags/groups/group_transforms.py
[2024-11-11T20:38:08.094+0000] {processor.py:208} INFO - Processing /opt/airflow/dags/groups/group_transforms.py took 0.031 seconds
[2024-11-11T20:38:38.586+0000] {processor.py:186} INFO - Started process (PID=1195) to work on /opt/airflow/dags/groups/group_transforms.py
[2024-11-11T20:38:38.587+0000] {processor.py:914} INFO - Processing file /opt/airflow/dags/groups/group_transforms.py for tasks to queue
[2024-11-11T20:38:38.589+0000] {logging_mixin.py:190} INFO - [2024-11-11T20:38:38.589+0000] {dagbag.py:588} INFO - Filling up the DagBag from /opt/airflow/dags/groups/group_transforms.py
[2024-11-11T20:38:38.600+0000] {processor.py:927} WARNING - No viable dags retrieved from /opt/airflow/dags/groups/group_transforms.py
[2024-11-11T20:38:38.611+0000] {processor.py:208} INFO - Processing /opt/airflow/dags/groups/group_transforms.py took 0.032 seconds
[2024-11-11T20:39:09.126+0000] {processor.py:186} INFO - Started process (PID=1209) to work on /opt/airflow/dags/groups/group_transforms.py
[2024-11-11T20:39:09.127+0000] {processor.py:914} INFO - Processing file /opt/airflow/dags/groups/group_transforms.py for tasks to queue
[2024-11-11T20:39:09.128+0000] {logging_mixin.py:190} INFO - [2024-11-11T20:39:09.128+0000] {dagbag.py:588} INFO - Filling up the DagBag from /opt/airflow/dags/groups/group_transforms.py
[2024-11-11T20:39:09.140+0000] {processor.py:927} WARNING - No viable dags retrieved from /opt/airflow/dags/groups/group_transforms.py
[2024-11-11T20:39:09.152+0000] {processor.py:208} INFO - Processing /opt/airflow/dags/groups/group_transforms.py took 0.032 seconds
[2024-11-11T20:39:39.694+0000] {processor.py:186} INFO - Started process (PID=1223) to work on /opt/airflow/dags/groups/group_transforms.py
[2024-11-11T20:39:39.695+0000] {processor.py:914} INFO - Processing file /opt/airflow/dags/groups/group_transforms.py for tasks to queue
[2024-11-11T20:39:39.697+0000] {logging_mixin.py:190} INFO - [2024-11-11T20:39:39.696+0000] {dagbag.py:588} INFO - Filling up the DagBag from /opt/airflow/dags/groups/group_transforms.py
[2024-11-11T20:39:39.708+0000] {processor.py:927} WARNING - No viable dags retrieved from /opt/airflow/dags/groups/group_transforms.py
[2024-11-11T20:39:39.720+0000] {processor.py:208} INFO - Processing /opt/airflow/dags/groups/group_transforms.py took 0.032 seconds
[2024-11-11T20:40:10.221+0000] {processor.py:186} INFO - Started process (PID=1238) to work on /opt/airflow/dags/groups/group_transforms.py
[2024-11-11T20:40:10.222+0000] {processor.py:914} INFO - Processing file /opt/airflow/dags/groups/group_transforms.py for tasks to queue
[2024-11-11T20:40:10.223+0000] {logging_mixin.py:190} INFO - [2024-11-11T20:40:10.223+0000] {dagbag.py:588} INFO - Filling up the DagBag from /opt/airflow/dags/groups/group_transforms.py
[2024-11-11T20:40:10.235+0000] {processor.py:927} WARNING - No viable dags retrieved from /opt/airflow/dags/groups/group_transforms.py
[2024-11-11T20:40:10.247+0000] {processor.py:208} INFO - Processing /opt/airflow/dags/groups/group_transforms.py took 0.031 seconds
[2024-11-11T20:40:40.777+0000] {processor.py:186} INFO - Started process (PID=1253) to work on /opt/airflow/dags/groups/group_transforms.py
[2024-11-11T20:40:40.777+0000] {processor.py:914} INFO - Processing file /opt/airflow/dags/groups/group_transforms.py for tasks to queue
[2024-11-11T20:40:40.779+0000] {logging_mixin.py:190} INFO - [2024-11-11T20:40:40.778+0000] {dagbag.py:588} INFO - Filling up the DagBag from /opt/airflow/dags/groups/group_transforms.py
[2024-11-11T20:40:40.790+0000] {processor.py:927} WARNING - No viable dags retrieved from /opt/airflow/dags/groups/group_transforms.py
[2024-11-11T20:40:40.801+0000] {processor.py:208} INFO - Processing /opt/airflow/dags/groups/group_transforms.py took 0.030 seconds
[2024-11-11T20:41:11.322+0000] {processor.py:186} INFO - Started process (PID=1267) to work on /opt/airflow/dags/groups/group_transforms.py
[2024-11-11T20:41:11.323+0000] {processor.py:914} INFO - Processing file /opt/airflow/dags/groups/group_transforms.py for tasks to queue
[2024-11-11T20:41:11.324+0000] {logging_mixin.py:190} INFO - [2024-11-11T20:41:11.323+0000] {dagbag.py:588} INFO - Filling up the DagBag from /opt/airflow/dags/groups/group_transforms.py
[2024-11-11T20:41:11.336+0000] {processor.py:927} WARNING - No viable dags retrieved from /opt/airflow/dags/groups/group_transforms.py
[2024-11-11T20:41:11.347+0000] {processor.py:208} INFO - Processing /opt/airflow/dags/groups/group_transforms.py took 0.031 seconds
[2024-11-11T20:41:41.898+0000] {processor.py:186} INFO - Started process (PID=1281) to work on /opt/airflow/dags/groups/group_transforms.py
[2024-11-11T20:41:41.899+0000] {processor.py:914} INFO - Processing file /opt/airflow/dags/groups/group_transforms.py for tasks to queue
[2024-11-11T20:41:41.900+0000] {logging_mixin.py:190} INFO - [2024-11-11T20:41:41.899+0000] {dagbag.py:588} INFO - Filling up the DagBag from /opt/airflow/dags/groups/group_transforms.py
[2024-11-11T20:41:41.912+0000] {processor.py:927} WARNING - No viable dags retrieved from /opt/airflow/dags/groups/group_transforms.py
[2024-11-11T20:41:41.925+0000] {processor.py:208} INFO - Processing /opt/airflow/dags/groups/group_transforms.py took 0.032 seconds
[2024-11-11T20:42:12.518+0000] {processor.py:186} INFO - Started process (PID=1296) to work on /opt/airflow/dags/groups/group_transforms.py
[2024-11-11T20:42:12.519+0000] {processor.py:914} INFO - Processing file /opt/airflow/dags/groups/group_transforms.py for tasks to queue
[2024-11-11T20:42:12.521+0000] {logging_mixin.py:190} INFO - [2024-11-11T20:42:12.520+0000] {dagbag.py:588} INFO - Filling up the DagBag from /opt/airflow/dags/groups/group_transforms.py
[2024-11-11T20:42:12.532+0000] {processor.py:927} WARNING - No viable dags retrieved from /opt/airflow/dags/groups/group_transforms.py
[2024-11-11T20:42:12.543+0000] {processor.py:208} INFO - Processing /opt/airflow/dags/groups/group_transforms.py took 0.034 seconds
[2024-11-11T20:42:27.777+0000] {processor.py:186} INFO - Started process (PID=1299) to work on /opt/airflow/dags/groups/group_transforms.py
[2024-11-11T20:42:27.778+0000] {processor.py:914} INFO - Processing file /opt/airflow/dags/groups/group_transforms.py for tasks to queue
[2024-11-11T20:42:27.779+0000] {logging_mixin.py:190} INFO - [2024-11-11T20:42:27.779+0000] {dagbag.py:588} INFO - Filling up the DagBag from /opt/airflow/dags/groups/group_transforms.py
[2024-11-11T20:42:27.787+0000] {logging_mixin.py:190} INFO - [2024-11-11T20:42:27.787+0000] {dagbag.py:366} INFO - File /opt/airflow/dags/groups/group_transforms.py assumed to contain no DAGs. Skipping.
[2024-11-11T20:42:27.788+0000] {processor.py:927} WARNING - No viable dags retrieved from /opt/airflow/dags/groups/group_transforms.py
[2024-11-11T20:42:27.803+0000] {processor.py:208} INFO - Processing /opt/airflow/dags/groups/group_transforms.py took 0.032 seconds
[2024-11-11T20:42:58.345+0000] {processor.py:186} INFO - Started process (PID=1313) to work on /opt/airflow/dags/groups/group_transforms.py
[2024-11-11T20:42:58.346+0000] {processor.py:914} INFO - Processing file /opt/airflow/dags/groups/group_transforms.py for tasks to queue
[2024-11-11T20:42:58.347+0000] {logging_mixin.py:190} INFO - [2024-11-11T20:42:58.347+0000] {dagbag.py:588} INFO - Filling up the DagBag from /opt/airflow/dags/groups/group_transforms.py
[2024-11-11T20:42:58.355+0000] {logging_mixin.py:190} INFO - [2024-11-11T20:42:58.355+0000] {dagbag.py:366} INFO - File /opt/airflow/dags/groups/group_transforms.py assumed to contain no DAGs. Skipping.
[2024-11-11T20:42:58.356+0000] {processor.py:927} WARNING - No viable dags retrieved from /opt/airflow/dags/groups/group_transforms.py
[2024-11-11T20:42:58.369+0000] {processor.py:208} INFO - Processing /opt/airflow/dags/groups/group_transforms.py took 0.029 seconds
[2024-11-11T20:43:28.925+0000] {processor.py:186} INFO - Started process (PID=1327) to work on /opt/airflow/dags/groups/group_transforms.py
[2024-11-11T20:43:28.926+0000] {processor.py:914} INFO - Processing file /opt/airflow/dags/groups/group_transforms.py for tasks to queue
[2024-11-11T20:43:28.928+0000] {logging_mixin.py:190} INFO - [2024-11-11T20:43:28.927+0000] {dagbag.py:588} INFO - Filling up the DagBag from /opt/airflow/dags/groups/group_transforms.py
[2024-11-11T20:43:28.936+0000] {logging_mixin.py:190} INFO - [2024-11-11T20:43:28.936+0000] {dagbag.py:366} INFO - File /opt/airflow/dags/groups/group_transforms.py assumed to contain no DAGs. Skipping.
[2024-11-11T20:43:28.936+0000] {processor.py:927} WARNING - No viable dags retrieved from /opt/airflow/dags/groups/group_transforms.py
[2024-11-11T20:43:28.949+0000] {processor.py:208} INFO - Processing /opt/airflow/dags/groups/group_transforms.py took 0.029 seconds
[2024-11-11T20:43:32.022+0000] {processor.py:186} INFO - Started process (PID=1330) to work on /opt/airflow/dags/groups/group_transforms.py
[2024-11-11T20:43:32.023+0000] {processor.py:914} INFO - Processing file /opt/airflow/dags/groups/group_transforms.py for tasks to queue
[2024-11-11T20:43:32.024+0000] {logging_mixin.py:190} INFO - [2024-11-11T20:43:32.024+0000] {dagbag.py:588} INFO - Filling up the DagBag from /opt/airflow/dags/groups/group_transforms.py
[2024-11-11T20:43:32.032+0000] {logging_mixin.py:190} INFO - [2024-11-11T20:43:32.031+0000] {dagbag.py:366} INFO - File /opt/airflow/dags/groups/group_transforms.py assumed to contain no DAGs. Skipping.
[2024-11-11T20:43:32.032+0000] {processor.py:927} WARNING - No viable dags retrieved from /opt/airflow/dags/groups/group_transforms.py
[2024-11-11T20:43:32.043+0000] {processor.py:208} INFO - Processing /opt/airflow/dags/groups/group_transforms.py took 0.026 seconds
[2024-11-11T20:43:55.511+0000] {processor.py:186} INFO - Started process (PID=1342) to work on /opt/airflow/dags/groups/group_transforms.py
[2024-11-11T20:43:55.512+0000] {processor.py:914} INFO - Processing file /opt/airflow/dags/groups/group_transforms.py for tasks to queue
[2024-11-11T20:43:55.513+0000] {logging_mixin.py:190} INFO - [2024-11-11T20:43:55.513+0000] {dagbag.py:588} INFO - Filling up the DagBag from /opt/airflow/dags/groups/group_transforms.py
[2024-11-11T20:43:55.522+0000] {logging_mixin.py:190} INFO - [2024-11-11T20:43:55.522+0000] {dagbag.py:366} INFO - File /opt/airflow/dags/groups/group_transforms.py assumed to contain no DAGs. Skipping.
[2024-11-11T20:43:55.522+0000] {processor.py:927} WARNING - No viable dags retrieved from /opt/airflow/dags/groups/group_transforms.py
[2024-11-11T20:43:55.532+0000] {processor.py:208} INFO - Processing /opt/airflow/dags/groups/group_transforms.py took 0.026 seconds
[2024-11-11T20:44:26.160+0000] {processor.py:186} INFO - Started process (PID=1356) to work on /opt/airflow/dags/groups/group_transforms.py
[2024-11-11T20:44:26.161+0000] {processor.py:914} INFO - Processing file /opt/airflow/dags/groups/group_transforms.py for tasks to queue
[2024-11-11T20:44:26.162+0000] {logging_mixin.py:190} INFO - [2024-11-11T20:44:26.161+0000] {dagbag.py:588} INFO - Filling up the DagBag from /opt/airflow/dags/groups/group_transforms.py
[2024-11-11T20:44:26.170+0000] {logging_mixin.py:190} INFO - [2024-11-11T20:44:26.170+0000] {dagbag.py:366} INFO - File /opt/airflow/dags/groups/group_transforms.py assumed to contain no DAGs. Skipping.
[2024-11-11T20:44:26.170+0000] {processor.py:927} WARNING - No viable dags retrieved from /opt/airflow/dags/groups/group_transforms.py
[2024-11-11T20:44:26.181+0000] {processor.py:208} INFO - Processing /opt/airflow/dags/groups/group_transforms.py took 0.026 seconds
