[2024-11-11T20:21:59.375+0000] {local_task_job_runner.py:123} INFO - ::group::Pre task execution logs
[2024-11-11T20:21:59.420+0000] {taskinstance.py:2612} INFO - Dependencies all met for dep_context=non-requeueable deps ti=<TaskInstance: group_dag.transform_b manual__2024-11-11T20:20:45.909052+00:00 [queued]>
[2024-11-11T20:21:59.444+0000] {taskinstance.py:2612} INFO - Dependencies all met for dep_context=requeueable deps ti=<TaskInstance: group_dag.transform_b manual__2024-11-11T20:20:45.909052+00:00 [queued]>
[2024-11-11T20:21:59.446+0000] {taskinstance.py:2865} INFO - Starting attempt 1 of 1
[2024-11-11T20:21:59.476+0000] {taskinstance.py:2888} INFO - Executing <Task(BashOperator): transform_b> on 2024-11-11 20:20:45.909052+00:00
[2024-11-11T20:21:59.493+0000] {warnings.py:112} WARNING - /home/***/.local/lib/python3.12/site-packages/***/task/task_runner/standard_task_runner.py:70: DeprecationWarning: This process (pid=472) is multi-threaded, use of fork() may lead to deadlocks in the child.
  pid = os.fork()

[2024-11-11T20:21:59.498+0000] {standard_task_runner.py:72} INFO - Started process 486 to run task
[2024-11-11T20:21:59.503+0000] {standard_task_runner.py:104} INFO - Running: ['***', 'tasks', 'run', 'group_dag', 'transform_b', 'manual__2024-11-11T20:20:45.909052+00:00', '--job-id', '207', '--raw', '--subdir', 'DAGS_FOLDER/group_dag.py', '--cfg-path', '/tmp/tmp9fwhrahf']
[2024-11-11T20:21:59.507+0000] {standard_task_runner.py:105} INFO - Job 207: Subtask transform_b
[2024-11-11T20:21:59.597+0000] {task_command.py:467} INFO - Running <TaskInstance: group_dag.transform_b manual__2024-11-11T20:20:45.909052+00:00 [running]> on host 896d5b9d81c0
[2024-11-11T20:21:59.698+0000] {taskinstance.py:3131} INFO - Exporting env vars: AIRFLOW_CTX_DAG_OWNER='***' AIRFLOW_CTX_DAG_ID='group_dag' AIRFLOW_CTX_TASK_ID='transform_b' AIRFLOW_CTX_EXECUTION_DATE='2024-11-11T20:20:45.909052+00:00' AIRFLOW_CTX_TRY_NUMBER='1' AIRFLOW_CTX_DAG_RUN_ID='manual__2024-11-11T20:20:45.909052+00:00'
[2024-11-11T20:21:59.699+0000] {taskinstance.py:731} INFO - ::endgroup::
[2024-11-11T20:21:59.715+0000] {subprocess.py:63} INFO - Tmp dir root location: /tmp
[2024-11-11T20:21:59.717+0000] {subprocess.py:75} INFO - Running command: ['/usr/bin/bash', '-c', 'sleep 10']
[2024-11-11T20:21:59.727+0000] {subprocess.py:86} INFO - Output:
[2024-11-11T20:22:09.730+0000] {subprocess.py:97} INFO - Command exited with return code 0
[2024-11-11T20:22:09.765+0000] {taskinstance.py:340} INFO - ::group::Post task execution logs
[2024-11-11T20:22:09.765+0000] {taskinstance.py:352} INFO - Marking task as SUCCESS. dag_id=group_dag, task_id=transform_b, run_id=manual__2024-11-11T20:20:45.909052+00:00, execution_date=20241111T202045, start_date=20241111T202159, end_date=20241111T202209
[2024-11-11T20:22:09.792+0000] {local_task_job_runner.py:266} INFO - Task exited with return code 0
[2024-11-11T20:22:09.807+0000] {taskinstance.py:3900} INFO - 0 downstream tasks scheduled from follow-on schedule check
[2024-11-11T20:22:09.809+0000] {local_task_job_runner.py:245} INFO - ::endgroup::
