[2024-11-12T15:57:15.539+0000] {local_task_job_runner.py:123} INFO - ::group::Pre task execution logs
[2024-11-12T15:57:15.588+0000] {taskinstance.py:2612} INFO - Dependencies all met for dep_context=non-requeueable deps ti=<TaskInstance: group_dag.transforms.transform_b scheduled__2024-11-11T00:00:00+00:00 [queued]>
[2024-11-12T15:57:15.615+0000] {taskinstance.py:2612} INFO - Dependencies all met for dep_context=requeueable deps ti=<TaskInstance: group_dag.transforms.transform_b scheduled__2024-11-11T00:00:00+00:00 [queued]>
[2024-11-12T15:57:15.617+0000] {taskinstance.py:2865} INFO - Starting attempt 1 of 1
[2024-11-12T15:57:15.691+0000] {taskinstance.py:2888} INFO - Executing <Task(BashOperator): transforms.transform_b> on 2024-11-11 00:00:00+00:00
[2024-11-12T15:57:15.699+0000] {warnings.py:112} WARNING - /home/***/.local/lib/python3.12/site-packages/***/task/task_runner/standard_task_runner.py:70: DeprecationWarning: This process (pid=114) is multi-threaded, use of fork() may lead to deadlocks in the child.
  pid = os.fork()

[2024-11-12T15:57:15.701+0000] {standard_task_runner.py:72} INFO - Started process 117 to run task
[2024-11-12T15:57:15.700+0000] {standard_task_runner.py:104} INFO - Running: ['***', 'tasks', 'run', 'group_dag', 'transforms.transform_b', 'scheduled__2024-11-11T00:00:00+00:00', '--job-id', '244', '--raw', '--subdir', 'DAGS_FOLDER/group_dag.py', '--cfg-path', '/tmp/tmpxf_u_5_t']
[2024-11-12T15:57:15.702+0000] {standard_task_runner.py:105} INFO - Job 244: Subtask transforms.transform_b
[2024-11-12T15:57:15.792+0000] {task_command.py:467} INFO - Running <TaskInstance: group_dag.transforms.transform_b scheduled__2024-11-11T00:00:00+00:00 [running]> on host 896d5b9d81c0
[2024-11-12T15:57:15.889+0000] {taskinstance.py:3131} INFO - Exporting env vars: AIRFLOW_CTX_DAG_OWNER='***' AIRFLOW_CTX_DAG_ID='group_dag' AIRFLOW_CTX_TASK_ID='transforms.transform_b' AIRFLOW_CTX_EXECUTION_DATE='2024-11-11T00:00:00+00:00' AIRFLOW_CTX_TRY_NUMBER='1' AIRFLOW_CTX_DAG_RUN_ID='scheduled__2024-11-11T00:00:00+00:00'
[2024-11-12T15:57:15.890+0000] {taskinstance.py:731} INFO - ::endgroup::
[2024-11-12T15:57:15.914+0000] {subprocess.py:63} INFO - Tmp dir root location: /tmp
[2024-11-12T15:57:15.916+0000] {subprocess.py:75} INFO - Running command: ['/usr/bin/bash', '-c', 'sleep 10']
[2024-11-12T15:57:15.929+0000] {subprocess.py:86} INFO - Output:
[2024-11-12T15:57:25.933+0000] {subprocess.py:97} INFO - Command exited with return code 0
[2024-11-12T15:57:25.954+0000] {taskinstance.py:340} INFO - ::group::Post task execution logs
[2024-11-12T15:57:25.955+0000] {taskinstance.py:352} INFO - Marking task as SUCCESS. dag_id=group_dag, task_id=transforms.transform_b, run_id=scheduled__2024-11-11T00:00:00+00:00, execution_date=20241111T000000, start_date=20241112T155715, end_date=20241112T155725
[2024-11-12T15:57:25.975+0000] {local_task_job_runner.py:266} INFO - Task exited with return code 0
[2024-11-12T15:57:25.987+0000] {taskinstance.py:3900} INFO - 0 downstream tasks scheduled from follow-on schedule check
[2024-11-12T15:57:25.989+0000] {local_task_job_runner.py:245} INFO - ::endgroup::
