[2024-11-07T20:23:02.211+0000] {processor.py:186} INFO - Started process (PID=4396) to work on /opt/airflow/dags/consumer.py
[2024-11-07T20:23:02.212+0000] {processor.py:914} INFO - Processing file /opt/airflow/dags/consumer.py for tasks to queue
[2024-11-07T20:23:02.213+0000] {logging_mixin.py:190} INFO - [2024-11-07T20:23:02.212+0000] {dagbag.py:588} INFO - Filling up the DagBag from /opt/airflow/dags/consumer.py
[2024-11-07T20:23:02.224+0000] {logging_mixin.py:190} INFO - [2024-11-07T20:23:02.222+0000] {dagbag.py:387} ERROR - Failed to import: /opt/airflow/dags/consumer.py
Traceback (most recent call last):
  File "/home/airflow/.local/lib/python3.12/site-packages/airflow/models/dagbag.py", line 383, in parse
    loader.exec_module(new_module)
  File "<frozen importlib._bootstrap_external>", line 991, in exec_module
  File "<frozen importlib._bootstrap_external>", line 1129, in get_code
  File "<frozen importlib._bootstrap_external>", line 1059, in source_to_code
  File "<frozen importlib._bootstrap>", line 488, in _call_with_frames_removed
  File "/opt/airflow/dags/consumer.py", line 11
    )
     ^
SyntaxError: expected ':'
[2024-11-07T20:23:02.225+0000] {processor.py:927} WARNING - No viable dags retrieved from /opt/airflow/dags/consumer.py
[2024-11-07T20:23:02.251+0000] {processor.py:208} INFO - Processing /opt/airflow/dags/consumer.py took 0.045 seconds
[2024-11-07T20:23:32.523+0000] {processor.py:186} INFO - Started process (PID=4453) to work on /opt/airflow/dags/consumer.py
[2024-11-07T20:23:32.524+0000] {processor.py:914} INFO - Processing file /opt/airflow/dags/consumer.py for tasks to queue
[2024-11-07T20:23:32.525+0000] {logging_mixin.py:190} INFO - [2024-11-07T20:23:32.525+0000] {dagbag.py:588} INFO - Filling up the DagBag from /opt/airflow/dags/consumer.py
[2024-11-07T20:23:32.536+0000] {logging_mixin.py:190} INFO - [2024-11-07T20:23:32.535+0000] {dagbag.py:387} ERROR - Failed to import: /opt/airflow/dags/consumer.py
Traceback (most recent call last):
  File "/home/airflow/.local/lib/python3.12/site-packages/airflow/models/dagbag.py", line 383, in parse
    loader.exec_module(new_module)
  File "<frozen importlib._bootstrap_external>", line 991, in exec_module
  File "<frozen importlib._bootstrap_external>", line 1129, in get_code
  File "<frozen importlib._bootstrap_external>", line 1059, in source_to_code
  File "<frozen importlib._bootstrap>", line 488, in _call_with_frames_removed
  File "/opt/airflow/dags/consumer.py", line 11
    )
     ^
SyntaxError: expected ':'
[2024-11-07T20:23:32.537+0000] {processor.py:927} WARNING - No viable dags retrieved from /opt/airflow/dags/consumer.py
[2024-11-07T20:23:32.555+0000] {processor.py:208} INFO - Processing /opt/airflow/dags/consumer.py took 0.036 seconds
[2024-11-07T20:24:02.913+0000] {processor.py:186} INFO - Started process (PID=4513) to work on /opt/airflow/dags/consumer.py
[2024-11-07T20:24:02.914+0000] {processor.py:914} INFO - Processing file /opt/airflow/dags/consumer.py for tasks to queue
[2024-11-07T20:24:02.915+0000] {logging_mixin.py:190} INFO - [2024-11-07T20:24:02.914+0000] {dagbag.py:588} INFO - Filling up the DagBag from /opt/airflow/dags/consumer.py
[2024-11-07T20:24:02.932+0000] {logging_mixin.py:190} INFO - [2024-11-07T20:24:02.930+0000] {dagbag.py:387} ERROR - Failed to import: /opt/airflow/dags/consumer.py
Traceback (most recent call last):
  File "/home/airflow/.local/lib/python3.12/site-packages/airflow/models/dagbag.py", line 383, in parse
    loader.exec_module(new_module)
  File "<frozen importlib._bootstrap_external>", line 991, in exec_module
  File "<frozen importlib._bootstrap_external>", line 1129, in get_code
  File "<frozen importlib._bootstrap_external>", line 1059, in source_to_code
  File "<frozen importlib._bootstrap>", line 488, in _call_with_frames_removed
  File "/opt/airflow/dags/consumer.py", line 11
    )
     ^
SyntaxError: expected ':'
[2024-11-07T20:24:02.932+0000] {processor.py:927} WARNING - No viable dags retrieved from /opt/airflow/dags/consumer.py
[2024-11-07T20:24:02.952+0000] {processor.py:208} INFO - Processing /opt/airflow/dags/consumer.py took 0.044 seconds
[2024-11-07T20:24:33.727+0000] {processor.py:186} INFO - Started process (PID=4574) to work on /opt/airflow/dags/consumer.py
[2024-11-07T20:24:33.728+0000] {processor.py:914} INFO - Processing file /opt/airflow/dags/consumer.py for tasks to queue
[2024-11-07T20:24:33.729+0000] {logging_mixin.py:190} INFO - [2024-11-07T20:24:33.729+0000] {dagbag.py:588} INFO - Filling up the DagBag from /opt/airflow/dags/consumer.py
[2024-11-07T20:24:33.739+0000] {logging_mixin.py:190} INFO - [2024-11-07T20:24:33.738+0000] {dagbag.py:387} ERROR - Failed to import: /opt/airflow/dags/consumer.py
Traceback (most recent call last):
  File "/home/airflow/.local/lib/python3.12/site-packages/airflow/models/dagbag.py", line 383, in parse
    loader.exec_module(new_module)
  File "<frozen importlib._bootstrap_external>", line 991, in exec_module
  File "<frozen importlib._bootstrap_external>", line 1129, in get_code
  File "<frozen importlib._bootstrap_external>", line 1059, in source_to_code
  File "<frozen importlib._bootstrap>", line 488, in _call_with_frames_removed
  File "/opt/airflow/dags/consumer.py", line 11
    )
     ^
SyntaxError: expected ':'
[2024-11-07T20:24:33.740+0000] {processor.py:927} WARNING - No viable dags retrieved from /opt/airflow/dags/consumer.py
[2024-11-07T20:24:33.759+0000] {processor.py:208} INFO - Processing /opt/airflow/dags/consumer.py took 0.036 seconds
[2024-11-07T20:24:56.115+0000] {processor.py:186} INFO - Started process (PID=4630) to work on /opt/airflow/dags/consumer.py
[2024-11-07T20:24:56.115+0000] {processor.py:914} INFO - Processing file /opt/airflow/dags/consumer.py for tasks to queue
[2024-11-07T20:24:56.117+0000] {logging_mixin.py:190} INFO - [2024-11-07T20:24:56.116+0000] {dagbag.py:588} INFO - Filling up the DagBag from /opt/airflow/dags/consumer.py
[2024-11-07T20:24:56.132+0000] {processor.py:925} INFO - DAG(s) 'consumer' retrieved from /opt/airflow/dags/consumer.py
[2024-11-07T20:24:56.270+0000] {logging_mixin.py:190} INFO - [2024-11-07T20:24:56.269+0000] {override.py:1900} INFO - Created Permission View: can read on DAG:consumer
[2024-11-07T20:24:56.278+0000] {logging_mixin.py:190} INFO - [2024-11-07T20:24:56.278+0000] {override.py:1900} INFO - Created Permission View: can edit on DAG:consumer
[2024-11-07T20:24:56.283+0000] {logging_mixin.py:190} INFO - [2024-11-07T20:24:56.283+0000] {override.py:1900} INFO - Created Permission View: can delete on DAG:consumer
[2024-11-07T20:24:56.290+0000] {logging_mixin.py:190} INFO - [2024-11-07T20:24:56.290+0000] {override.py:1900} INFO - Created Permission View: can read on DAG Run:consumer
[2024-11-07T20:24:56.296+0000] {logging_mixin.py:190} INFO - [2024-11-07T20:24:56.296+0000] {override.py:1900} INFO - Created Permission View: menu access on DAG Run:consumer
[2024-11-07T20:24:56.301+0000] {logging_mixin.py:190} INFO - [2024-11-07T20:24:56.301+0000] {override.py:1900} INFO - Created Permission View: can create on DAG Run:consumer
[2024-11-07T20:24:56.307+0000] {logging_mixin.py:190} INFO - [2024-11-07T20:24:56.306+0000] {override.py:1900} INFO - Created Permission View: can delete on DAG Run:consumer
[2024-11-07T20:24:56.307+0000] {logging_mixin.py:190} INFO - [2024-11-07T20:24:56.307+0000] {dag.py:3239} INFO - Sync 1 DAGs
[2024-11-07T20:24:56.318+0000] {logging_mixin.py:190} INFO - [2024-11-07T20:24:56.318+0000] {dag.py:3262} INFO - Creating ORM DAG for consumer
[2024-11-07T20:24:56.325+0000] {logging_mixin.py:190} INFO - [2024-11-07T20:24:56.325+0000] {dag.py:4180} INFO - Setting next_dagrun for consumer to None, run_after=None
[2024-11-07T20:24:56.345+0000] {processor.py:208} INFO - Processing /opt/airflow/dags/consumer.py took 0.235 seconds
[2024-11-07T20:25:27.213+0000] {processor.py:186} INFO - Started process (PID=4695) to work on /opt/airflow/dags/consumer.py
[2024-11-07T20:25:27.214+0000] {processor.py:914} INFO - Processing file /opt/airflow/dags/consumer.py for tasks to queue
[2024-11-07T20:25:27.215+0000] {logging_mixin.py:190} INFO - [2024-11-07T20:25:27.215+0000] {dagbag.py:588} INFO - Filling up the DagBag from /opt/airflow/dags/consumer.py
[2024-11-07T20:25:27.228+0000] {processor.py:925} INFO - DAG(s) 'consumer' retrieved from /opt/airflow/dags/consumer.py
[2024-11-07T20:25:27.243+0000] {logging_mixin.py:190} INFO - [2024-11-07T20:25:27.243+0000] {dag.py:3239} INFO - Sync 1 DAGs
[2024-11-07T20:25:27.262+0000] {logging_mixin.py:190} INFO - [2024-11-07T20:25:27.262+0000] {dag.py:4180} INFO - Setting next_dagrun for consumer to None, run_after=None
[2024-11-07T20:25:27.281+0000] {processor.py:208} INFO - Processing /opt/airflow/dags/consumer.py took 0.072 seconds
[2024-11-07T20:25:58.863+0000] {processor.py:186} INFO - Started process (PID=4760) to work on /opt/airflow/dags/consumer.py
[2024-11-07T20:25:58.864+0000] {processor.py:914} INFO - Processing file /opt/airflow/dags/consumer.py for tasks to queue
[2024-11-07T20:25:58.865+0000] {logging_mixin.py:190} INFO - [2024-11-07T20:25:58.865+0000] {dagbag.py:588} INFO - Filling up the DagBag from /opt/airflow/dags/consumer.py
[2024-11-07T20:25:58.877+0000] {processor.py:925} INFO - DAG(s) 'consumer' retrieved from /opt/airflow/dags/consumer.py
[2024-11-07T20:25:58.892+0000] {logging_mixin.py:190} INFO - [2024-11-07T20:25:58.892+0000] {dag.py:3239} INFO - Sync 1 DAGs
[2024-11-07T20:25:58.911+0000] {logging_mixin.py:190} INFO - [2024-11-07T20:25:58.910+0000] {dag.py:4180} INFO - Setting next_dagrun for consumer to None, run_after=None
[2024-11-07T20:25:58.928+0000] {processor.py:208} INFO - Processing /opt/airflow/dags/consumer.py took 0.070 seconds
[2024-11-07T20:27:00.415+0000] {processor.py:186} INFO - Started process (PID=4807) to work on /opt/airflow/dags/consumer.py
[2024-11-07T20:27:00.421+0000] {processor.py:914} INFO - Processing file /opt/airflow/dags/consumer.py for tasks to queue
[2024-11-07T20:27:00.425+0000] {logging_mixin.py:190} INFO - [2024-11-07T20:27:00.422+0000] {dagbag.py:588} INFO - Filling up the DagBag from /opt/airflow/dags/consumer.py
[2024-11-07T20:27:00.462+0000] {processor.py:925} INFO - DAG(s) 'consumer' retrieved from /opt/airflow/dags/consumer.py
[2024-11-07T20:27:00.128+0000] {logging_mixin.py:190} INFO - [2024-11-07T20:27:00.123+0000] {dag.py:3239} INFO - Sync 1 DAGs
[2024-11-07T20:27:00.179+0000] {logging_mixin.py:190} INFO - [2024-11-07T20:27:00.179+0000] {dag.py:4180} INFO - Setting next_dagrun for consumer to None, run_after=None
[2024-11-07T20:27:00.243+0000] {processor.py:208} INFO - Processing /opt/airflow/dags/consumer.py took 1.924 seconds
[2024-11-07T20:27:59.557+0000] {processor.py:186} INFO - Started process (PID=4874) to work on /opt/airflow/dags/consumer.py
[2024-11-07T20:27:59.558+0000] {processor.py:914} INFO - Processing file /opt/airflow/dags/consumer.py for tasks to queue
[2024-11-07T20:27:59.559+0000] {logging_mixin.py:190} INFO - [2024-11-07T20:27:59.558+0000] {dagbag.py:588} INFO - Filling up the DagBag from /opt/airflow/dags/consumer.py
[2024-11-07T20:27:59.570+0000] {processor.py:925} INFO - DAG(s) 'consumer' retrieved from /opt/airflow/dags/consumer.py
[2024-11-07T20:27:59.584+0000] {logging_mixin.py:190} INFO - [2024-11-07T20:27:59.584+0000] {dag.py:3239} INFO - Sync 1 DAGs
[2024-11-07T20:27:59.607+0000] {logging_mixin.py:190} INFO - [2024-11-07T20:27:59.606+0000] {dag.py:4180} INFO - Setting next_dagrun for consumer to None, run_after=None
[2024-11-07T20:27:59.627+0000] {processor.py:208} INFO - Processing /opt/airflow/dags/consumer.py took 0.074 seconds
[2024-11-07T20:28:46.527+0000] {processor.py:186} INFO - Started process (PID=4910) to work on /opt/airflow/dags/consumer.py
[2024-11-07T20:28:46.528+0000] {processor.py:914} INFO - Processing file /opt/airflow/dags/consumer.py for tasks to queue
[2024-11-07T20:28:46.529+0000] {logging_mixin.py:190} INFO - [2024-11-07T20:28:46.529+0000] {dagbag.py:588} INFO - Filling up the DagBag from /opt/airflow/dags/consumer.py
[2024-11-07T20:28:46.545+0000] {processor.py:925} INFO - DAG(s) 'consumer' retrieved from /opt/airflow/dags/consumer.py
[2024-11-07T20:28:46.566+0000] {logging_mixin.py:190} INFO - [2024-11-07T20:28:46.566+0000] {dag.py:3239} INFO - Sync 1 DAGs
[2024-11-07T20:28:46.592+0000] {logging_mixin.py:190} INFO - [2024-11-07T20:28:46.592+0000] {dag.py:4180} INFO - Setting next_dagrun for consumer to None, run_after=None
[2024-11-07T20:28:46.617+0000] {processor.py:208} INFO - Processing /opt/airflow/dags/consumer.py took 0.096 seconds
[2024-11-07T20:29:17.136+0000] {processor.py:186} INFO - Started process (PID=4975) to work on /opt/airflow/dags/consumer.py
[2024-11-07T20:29:17.137+0000] {processor.py:914} INFO - Processing file /opt/airflow/dags/consumer.py for tasks to queue
[2024-11-07T20:29:17.138+0000] {logging_mixin.py:190} INFO - [2024-11-07T20:29:17.138+0000] {dagbag.py:588} INFO - Filling up the DagBag from /opt/airflow/dags/consumer.py
[2024-11-07T20:29:17.159+0000] {processor.py:925} INFO - DAG(s) 'consumer' retrieved from /opt/airflow/dags/consumer.py
[2024-11-07T20:29:17.193+0000] {logging_mixin.py:190} INFO - [2024-11-07T20:29:17.192+0000] {dag.py:3239} INFO - Sync 1 DAGs
[2024-11-07T20:29:17.218+0000] {logging_mixin.py:190} INFO - [2024-11-07T20:29:17.218+0000] {dag.py:4180} INFO - Setting next_dagrun for consumer to None, run_after=None
[2024-11-07T20:29:17.257+0000] {processor.py:208} INFO - Processing /opt/airflow/dags/consumer.py took 0.129 seconds
[2024-11-07T20:29:53.724+0000] {processor.py:186} INFO - Started process (PID=4981) to work on /opt/airflow/dags/consumer.py
[2024-11-07T20:29:53.729+0000] {processor.py:914} INFO - Processing file /opt/airflow/dags/consumer.py for tasks to queue
[2024-11-07T20:29:53.742+0000] {logging_mixin.py:190} INFO - [2024-11-07T20:29:53.738+0000] {dagbag.py:588} INFO - Filling up the DagBag from /opt/airflow/dags/consumer.py
[2024-11-07T20:29:53.793+0000] {processor.py:925} INFO - DAG(s) 'consumer' retrieved from /opt/airflow/dags/consumer.py
[2024-11-07T20:29:53.927+0000] {logging_mixin.py:190} INFO - [2024-11-07T20:29:53.926+0000] {dag.py:3239} INFO - Sync 1 DAGs
[2024-11-07T20:29:54.006+0000] {logging_mixin.py:190} INFO - [2024-11-07T20:29:54.006+0000] {dag.py:4180} INFO - Setting next_dagrun for consumer to None, run_after=None
[2024-11-07T20:29:54.057+0000] {processor.py:208} INFO - Processing /opt/airflow/dags/consumer.py took 0.398 seconds
[2024-11-07T20:31:42.344+0000] {processor.py:186} INFO - Started process (PID=5049) to work on /opt/airflow/dags/consumer.py
[2024-11-07T20:31:42.346+0000] {processor.py:914} INFO - Processing file /opt/airflow/dags/consumer.py for tasks to queue
[2024-11-07T20:31:42.350+0000] {logging_mixin.py:190} INFO - [2024-11-07T20:31:42.350+0000] {dagbag.py:588} INFO - Filling up the DagBag from /opt/airflow/dags/consumer.py
[2024-11-07T20:31:42.390+0000] {processor.py:925} INFO - DAG(s) 'consumer' retrieved from /opt/airflow/dags/consumer.py
[2024-11-07T20:31:42.416+0000] {logging_mixin.py:190} INFO - [2024-11-07T20:31:42.416+0000] {dag.py:3239} INFO - Sync 1 DAGs
[2024-11-07T20:31:42.455+0000] {logging_mixin.py:190} INFO - [2024-11-07T20:31:42.455+0000] {dag.py:4180} INFO - Setting next_dagrun for consumer to None, run_after=None
[2024-11-07T20:31:42.499+0000] {processor.py:208} INFO - Processing /opt/airflow/dags/consumer.py took 0.166 seconds
[2024-11-07T20:32:12.587+0000] {processor.py:186} INFO - Started process (PID=5111) to work on /opt/airflow/dags/consumer.py
[2024-11-07T20:32:12.588+0000] {processor.py:914} INFO - Processing file /opt/airflow/dags/consumer.py for tasks to queue
[2024-11-07T20:32:12.589+0000] {logging_mixin.py:190} INFO - [2024-11-07T20:32:12.589+0000] {dagbag.py:588} INFO - Filling up the DagBag from /opt/airflow/dags/consumer.py
[2024-11-07T20:32:12.614+0000] {processor.py:925} INFO - DAG(s) 'consumer' retrieved from /opt/airflow/dags/consumer.py
[2024-11-07T20:32:12.628+0000] {logging_mixin.py:190} INFO - [2024-11-07T20:32:12.628+0000] {dag.py:3239} INFO - Sync 1 DAGs
[2024-11-07T20:32:12.645+0000] {logging_mixin.py:190} INFO - [2024-11-07T20:32:12.645+0000] {dag.py:4180} INFO - Setting next_dagrun for consumer to None, run_after=None
[2024-11-07T20:32:12.660+0000] {processor.py:208} INFO - Processing /opt/airflow/dags/consumer.py took 0.084 seconds
[2024-11-07T20:33:20.216+0000] {processor.py:186} INFO - Started process (PID=5160) to work on /opt/airflow/dags/consumer.py
[2024-11-07T20:33:20.217+0000] {processor.py:914} INFO - Processing file /opt/airflow/dags/consumer.py for tasks to queue
[2024-11-07T20:33:20.218+0000] {logging_mixin.py:190} INFO - [2024-11-07T20:33:20.218+0000] {dagbag.py:588} INFO - Filling up the DagBag from /opt/airflow/dags/consumer.py
[2024-11-07T20:33:20.233+0000] {processor.py:925} INFO - DAG(s) 'consumer' retrieved from /opt/airflow/dags/consumer.py
[2024-11-07T20:33:20.251+0000] {logging_mixin.py:190} INFO - [2024-11-07T20:33:20.251+0000] {dag.py:3239} INFO - Sync 1 DAGs
[2024-11-07T20:33:20.273+0000] {logging_mixin.py:190} INFO - [2024-11-07T20:33:20.273+0000] {dag.py:4180} INFO - Setting next_dagrun for consumer to None, run_after=None
[2024-11-07T20:33:20.292+0000] {processor.py:208} INFO - Processing /opt/airflow/dags/consumer.py took 0.082 seconds
[2024-11-07T20:33:50.752+0000] {processor.py:186} INFO - Started process (PID=5214) to work on /opt/airflow/dags/consumer.py
[2024-11-07T20:33:50.758+0000] {processor.py:914} INFO - Processing file /opt/airflow/dags/consumer.py for tasks to queue
[2024-11-07T20:33:50.759+0000] {logging_mixin.py:190} INFO - [2024-11-07T20:33:50.759+0000] {dagbag.py:588} INFO - Filling up the DagBag from /opt/airflow/dags/consumer.py
[2024-11-07T20:33:50.772+0000] {processor.py:925} INFO - DAG(s) 'consumer' retrieved from /opt/airflow/dags/consumer.py
[2024-11-07T20:33:50.802+0000] {logging_mixin.py:190} INFO - [2024-11-07T20:33:50.801+0000] {dag.py:3239} INFO - Sync 1 DAGs
[2024-11-07T20:33:50.826+0000] {logging_mixin.py:190} INFO - [2024-11-07T20:33:50.825+0000] {dag.py:4180} INFO - Setting next_dagrun for consumer to None, run_after=None
[2024-11-07T20:33:50.843+0000] {processor.py:208} INFO - Processing /opt/airflow/dags/consumer.py took 0.102 seconds
[2024-11-07T20:35:40.039+0000] {processor.py:186} INFO - Started process (PID=5238) to work on /opt/airflow/dags/consumer.py
[2024-11-07T20:35:40.054+0000] {processor.py:914} INFO - Processing file /opt/airflow/dags/consumer.py for tasks to queue
[2024-11-07T20:35:40.065+0000] {logging_mixin.py:190} INFO - [2024-11-07T20:35:40.064+0000] {dagbag.py:588} INFO - Filling up the DagBag from /opt/airflow/dags/consumer.py
[2024-11-07T20:35:40.092+0000] {processor.py:925} INFO - DAG(s) 'consumer' retrieved from /opt/airflow/dags/consumer.py
[2024-11-07T20:35:40.135+0000] {logging_mixin.py:190} INFO - [2024-11-07T20:35:40.135+0000] {dag.py:3239} INFO - Sync 1 DAGs
[2024-11-07T20:35:40.197+0000] {logging_mixin.py:190} INFO - [2024-11-07T20:35:40.197+0000] {dag.py:4180} INFO - Setting next_dagrun for consumer to None, run_after=None
[2024-11-07T20:35:40.312+0000] {processor.py:208} INFO - Processing /opt/airflow/dags/consumer.py took 0.283 seconds
[2024-11-07T20:37:15.814+0000] {processor.py:186} INFO - Started process (PID=5299) to work on /opt/airflow/dags/consumer.py
[2024-11-07T20:37:15.815+0000] {processor.py:914} INFO - Processing file /opt/airflow/dags/consumer.py for tasks to queue
[2024-11-07T20:37:15.816+0000] {logging_mixin.py:190} INFO - [2024-11-07T20:37:15.815+0000] {dagbag.py:588} INFO - Filling up the DagBag from /opt/airflow/dags/consumer.py
[2024-11-07T20:37:15.834+0000] {processor.py:925} INFO - DAG(s) 'consumer' retrieved from /opt/airflow/dags/consumer.py
[2024-11-07T20:37:15.852+0000] {logging_mixin.py:190} INFO - [2024-11-07T20:37:15.852+0000] {dag.py:3239} INFO - Sync 1 DAGs
[2024-11-07T20:37:15.877+0000] {logging_mixin.py:190} INFO - [2024-11-07T20:37:15.877+0000] {dag.py:4180} INFO - Setting next_dagrun for consumer to None, run_after=None
[2024-11-07T20:37:15.896+0000] {processor.py:208} INFO - Processing /opt/airflow/dags/consumer.py took 0.090 seconds
[2024-11-07T20:38:40.336+0000] {processor.py:186} INFO - Started process (PID=5346) to work on /opt/airflow/dags/consumer.py
[2024-11-07T20:38:40.338+0000] {processor.py:914} INFO - Processing file /opt/airflow/dags/consumer.py for tasks to queue
[2024-11-07T20:38:40.339+0000] {logging_mixin.py:190} INFO - [2024-11-07T20:38:40.339+0000] {dagbag.py:588} INFO - Filling up the DagBag from /opt/airflow/dags/consumer.py
[2024-11-07T20:38:40.360+0000] {processor.py:925} INFO - DAG(s) 'consumer' retrieved from /opt/airflow/dags/consumer.py
[2024-11-07T20:38:40.513+0000] {logging_mixin.py:190} INFO - [2024-11-07T20:38:40.512+0000] {dag.py:3239} INFO - Sync 1 DAGs
[2024-11-07T20:38:40.569+0000] {logging_mixin.py:190} INFO - [2024-11-07T20:38:40.568+0000] {dag.py:4180} INFO - Setting next_dagrun for consumer to None, run_after=None
[2024-11-07T20:38:40.649+0000] {processor.py:208} INFO - Processing /opt/airflow/dags/consumer.py took 0.347 seconds
[2024-11-07T20:39:10.738+0000] {processor.py:186} INFO - Started process (PID=5410) to work on /opt/airflow/dags/consumer.py
[2024-11-07T20:39:10.739+0000] {processor.py:914} INFO - Processing file /opt/airflow/dags/consumer.py for tasks to queue
[2024-11-07T20:39:10.740+0000] {logging_mixin.py:190} INFO - [2024-11-07T20:39:10.740+0000] {dagbag.py:588} INFO - Filling up the DagBag from /opt/airflow/dags/consumer.py
[2024-11-07T20:39:10.756+0000] {processor.py:925} INFO - DAG(s) 'consumer' retrieved from /opt/airflow/dags/consumer.py
[2024-11-07T20:39:10.775+0000] {logging_mixin.py:190} INFO - [2024-11-07T20:39:10.775+0000] {dag.py:3239} INFO - Sync 1 DAGs
[2024-11-07T20:39:10.802+0000] {logging_mixin.py:190} INFO - [2024-11-07T20:39:10.801+0000] {dag.py:4180} INFO - Setting next_dagrun for consumer to None, run_after=None
[2024-11-07T20:39:10.822+0000] {processor.py:208} INFO - Processing /opt/airflow/dags/consumer.py took 0.090 seconds
[2024-11-07T20:39:41.431+0000] {processor.py:186} INFO - Started process (PID=5471) to work on /opt/airflow/dags/consumer.py
[2024-11-07T20:39:41.433+0000] {processor.py:914} INFO - Processing file /opt/airflow/dags/consumer.py for tasks to queue
[2024-11-07T20:39:41.434+0000] {logging_mixin.py:190} INFO - [2024-11-07T20:39:41.434+0000] {dagbag.py:588} INFO - Filling up the DagBag from /opt/airflow/dags/consumer.py
[2024-11-07T20:39:41.483+0000] {processor.py:925} INFO - DAG(s) 'consumer' retrieved from /opt/airflow/dags/consumer.py
[2024-11-07T20:39:41.531+0000] {logging_mixin.py:190} INFO - [2024-11-07T20:39:41.530+0000] {dag.py:3239} INFO - Sync 1 DAGs
[2024-11-07T20:39:41.549+0000] {logging_mixin.py:190} INFO - [2024-11-07T20:39:41.549+0000] {dag.py:4180} INFO - Setting next_dagrun for consumer to None, run_after=None
[2024-11-07T20:39:41.599+0000] {processor.py:208} INFO - Processing /opt/airflow/dags/consumer.py took 0.176 seconds
[2024-11-07T20:40:15.368+0000] {processor.py:186} INFO - Started process (PID=5528) to work on /opt/airflow/dags/consumer.py
[2024-11-07T20:40:15.369+0000] {processor.py:914} INFO - Processing file /opt/airflow/dags/consumer.py for tasks to queue
[2024-11-07T20:40:15.374+0000] {logging_mixin.py:190} INFO - [2024-11-07T20:40:15.370+0000] {dagbag.py:588} INFO - Filling up the DagBag from /opt/airflow/dags/consumer.py
[2024-11-07T20:40:15.403+0000] {processor.py:925} INFO - DAG(s) 'consumer' retrieved from /opt/airflow/dags/consumer.py
[2024-11-07T20:40:15.489+0000] {logging_mixin.py:190} INFO - [2024-11-07T20:40:15.489+0000] {dag.py:3239} INFO - Sync 1 DAGs
[2024-11-07T20:40:15.591+0000] {logging_mixin.py:190} INFO - [2024-11-07T20:40:15.591+0000] {dag.py:4180} INFO - Setting next_dagrun for consumer to None, run_after=None
[2024-11-07T20:40:15.677+0000] {processor.py:208} INFO - Processing /opt/airflow/dags/consumer.py took 0.327 seconds
[2024-11-07T20:40:46.570+0000] {processor.py:186} INFO - Started process (PID=5599) to work on /opt/airflow/dags/consumer.py
[2024-11-07T20:40:46.571+0000] {processor.py:914} INFO - Processing file /opt/airflow/dags/consumer.py for tasks to queue
[2024-11-07T20:40:46.573+0000] {logging_mixin.py:190} INFO - [2024-11-07T20:40:46.571+0000] {dagbag.py:588} INFO - Filling up the DagBag from /opt/airflow/dags/consumer.py
[2024-11-07T20:40:46.608+0000] {processor.py:925} INFO - DAG(s) 'consumer' retrieved from /opt/airflow/dags/consumer.py
[2024-11-07T20:40:46.675+0000] {logging_mixin.py:190} INFO - [2024-11-07T20:40:46.675+0000] {dag.py:3239} INFO - Sync 1 DAGs
[2024-11-07T20:40:46.755+0000] {logging_mixin.py:190} INFO - [2024-11-07T20:40:46.755+0000] {dag.py:4180} INFO - Setting next_dagrun for consumer to None, run_after=None
[2024-11-07T20:40:46.801+0000] {processor.py:208} INFO - Processing /opt/airflow/dags/consumer.py took 0.247 seconds
[2024-11-07T20:41:33.471+0000] {processor.py:186} INFO - Started process (PID=5627) to work on /opt/airflow/dags/consumer.py
[2024-11-07T20:41:33.473+0000] {processor.py:914} INFO - Processing file /opt/airflow/dags/consumer.py for tasks to queue
[2024-11-07T20:41:33.486+0000] {logging_mixin.py:190} INFO - [2024-11-07T20:41:33.474+0000] {dagbag.py:588} INFO - Filling up the DagBag from /opt/airflow/dags/consumer.py
[2024-11-07T20:41:33.508+0000] {processor.py:925} INFO - DAG(s) 'consumer' retrieved from /opt/airflow/dags/consumer.py
[2024-11-07T20:41:33.697+0000] {logging_mixin.py:190} INFO - [2024-11-07T20:41:33.692+0000] {dag.py:3239} INFO - Sync 1 DAGs
[2024-11-07T20:41:33.731+0000] {logging_mixin.py:190} INFO - [2024-11-07T20:41:33.731+0000] {dag.py:4180} INFO - Setting next_dagrun for consumer to None, run_after=None
[2024-11-07T20:41:33.777+0000] {processor.py:208} INFO - Processing /opt/airflow/dags/consumer.py took 0.318 seconds
[2024-11-07T20:42:04.810+0000] {processor.py:186} INFO - Started process (PID=5696) to work on /opt/airflow/dags/consumer.py
[2024-11-07T20:42:04.825+0000] {processor.py:914} INFO - Processing file /opt/airflow/dags/consumer.py for tasks to queue
[2024-11-07T20:42:04.826+0000] {logging_mixin.py:190} INFO - [2024-11-07T20:42:04.826+0000] {dagbag.py:588} INFO - Filling up the DagBag from /opt/airflow/dags/consumer.py
[2024-11-07T20:42:04.846+0000] {processor.py:925} INFO - DAG(s) 'consumer' retrieved from /opt/airflow/dags/consumer.py
[2024-11-07T20:42:04.895+0000] {logging_mixin.py:190} INFO - [2024-11-07T20:42:04.895+0000] {dag.py:3239} INFO - Sync 1 DAGs
[2024-11-07T20:42:04.927+0000] {logging_mixin.py:190} INFO - [2024-11-07T20:42:04.927+0000] {dag.py:4180} INFO - Setting next_dagrun for consumer to None, run_after=None
[2024-11-07T20:42:04.970+0000] {processor.py:208} INFO - Processing /opt/airflow/dags/consumer.py took 0.184 seconds
[2024-11-07T20:42:35.332+0000] {processor.py:186} INFO - Started process (PID=5760) to work on /opt/airflow/dags/consumer.py
[2024-11-07T20:42:35.333+0000] {processor.py:914} INFO - Processing file /opt/airflow/dags/consumer.py for tasks to queue
[2024-11-07T20:42:35.342+0000] {logging_mixin.py:190} INFO - [2024-11-07T20:42:35.336+0000] {dagbag.py:588} INFO - Filling up the DagBag from /opt/airflow/dags/consumer.py
[2024-11-07T20:42:35.358+0000] {processor.py:925} INFO - DAG(s) 'consumer' retrieved from /opt/airflow/dags/consumer.py
[2024-11-07T20:42:35.405+0000] {logging_mixin.py:190} INFO - [2024-11-07T20:42:35.404+0000] {dag.py:3239} INFO - Sync 1 DAGs
[2024-11-07T20:42:35.453+0000] {logging_mixin.py:190} INFO - [2024-11-07T20:42:35.452+0000] {dag.py:4180} INFO - Setting next_dagrun for consumer to None, run_after=None
[2024-11-07T20:42:35.482+0000] {processor.py:208} INFO - Processing /opt/airflow/dags/consumer.py took 0.155 seconds
[2024-11-07T20:43:20.664+0000] {processor.py:186} INFO - Started process (PID=5809) to work on /opt/airflow/dags/consumer.py
[2024-11-07T20:43:20.665+0000] {processor.py:914} INFO - Processing file /opt/airflow/dags/consumer.py for tasks to queue
[2024-11-07T20:43:20.666+0000] {logging_mixin.py:190} INFO - [2024-11-07T20:43:20.666+0000] {dagbag.py:588} INFO - Filling up the DagBag from /opt/airflow/dags/consumer.py
[2024-11-07T20:43:20.714+0000] {processor.py:925} INFO - DAG(s) 'consumer' retrieved from /opt/airflow/dags/consumer.py
[2024-11-07T20:43:20.753+0000] {logging_mixin.py:190} INFO - [2024-11-07T20:43:20.753+0000] {dag.py:3239} INFO - Sync 1 DAGs
[2024-11-07T20:43:20.779+0000] {logging_mixin.py:190} INFO - [2024-11-07T20:43:20.779+0000] {dag.py:4180} INFO - Setting next_dagrun for consumer to None, run_after=None
[2024-11-07T20:43:20.801+0000] {processor.py:208} INFO - Processing /opt/airflow/dags/consumer.py took 0.147 seconds
[2024-11-07T20:43:23.550+0000] {processor.py:186} INFO - Started process (PID=5844) to work on /opt/airflow/dags/consumer.py
[2024-11-07T20:43:23.550+0000] {processor.py:914} INFO - Processing file /opt/airflow/dags/consumer.py for tasks to queue
[2024-11-07T20:43:23.552+0000] {logging_mixin.py:190} INFO - [2024-11-07T20:43:23.551+0000] {dagbag.py:588} INFO - Filling up the DagBag from /opt/airflow/dags/consumer.py
[2024-11-07T20:43:23.571+0000] {processor.py:925} INFO - DAG(s) 'consumer' retrieved from /opt/airflow/dags/consumer.py
[2024-11-07T20:43:23.655+0000] {logging_mixin.py:190} INFO - [2024-11-07T20:43:23.654+0000] {dag.py:3239} INFO - Sync 1 DAGs
[2024-11-07T20:43:23.673+0000] {logging_mixin.py:190} INFO - [2024-11-07T20:43:23.672+0000] {dag.py:4180} INFO - Setting next_dagrun for consumer to None, run_after=None
[2024-11-07T20:43:23.692+0000] {processor.py:208} INFO - Processing /opt/airflow/dags/consumer.py took 0.148 seconds
[2024-11-07T20:44:52.385+0000] {processor.py:186} INFO - Started process (PID=5905) to work on /opt/airflow/dags/consumer.py
[2024-11-07T20:44:52.387+0000] {processor.py:914} INFO - Processing file /opt/airflow/dags/consumer.py for tasks to queue
[2024-11-07T20:44:52.390+0000] {logging_mixin.py:190} INFO - [2024-11-07T20:44:52.388+0000] {dagbag.py:588} INFO - Filling up the DagBag from /opt/airflow/dags/consumer.py
[2024-11-07T20:44:52.428+0000] {processor.py:925} INFO - DAG(s) 'consumer' retrieved from /opt/airflow/dags/consumer.py
[2024-11-07T20:45:02.261+0000] {logging_mixin.py:190} INFO - [2024-11-07T20:45:02.260+0000] {dag.py:3239} INFO - Sync 1 DAGs
[2024-11-07T20:45:02.325+0000] {logging_mixin.py:190} INFO - [2024-11-07T20:45:02.323+0000] {dag.py:4180} INFO - Setting next_dagrun for consumer to None, run_after=None
[2024-11-07T20:45:02.429+0000] {processor.py:208} INFO - Processing /opt/airflow/dags/consumer.py took 13.378 seconds
[2024-11-07T20:45:32.674+0000] {processor.py:186} INFO - Started process (PID=5971) to work on /opt/airflow/dags/consumer.py
[2024-11-07T20:45:32.675+0000] {processor.py:914} INFO - Processing file /opt/airflow/dags/consumer.py for tasks to queue
[2024-11-07T20:45:32.676+0000] {logging_mixin.py:190} INFO - [2024-11-07T20:45:32.676+0000] {dagbag.py:588} INFO - Filling up the DagBag from /opt/airflow/dags/consumer.py
[2024-11-07T20:45:32.690+0000] {processor.py:925} INFO - DAG(s) 'consumer' retrieved from /opt/airflow/dags/consumer.py
[2024-11-07T20:45:32.707+0000] {logging_mixin.py:190} INFO - [2024-11-07T20:45:32.707+0000] {dag.py:3239} INFO - Sync 1 DAGs
[2024-11-07T20:45:32.742+0000] {logging_mixin.py:190} INFO - [2024-11-07T20:45:32.742+0000] {dag.py:4180} INFO - Setting next_dagrun for consumer to None, run_after=None
[2024-11-07T20:45:32.763+0000] {processor.py:208} INFO - Processing /opt/airflow/dags/consumer.py took 0.095 seconds
[2024-11-07T20:45:38.244+0000] {processor.py:186} INFO - Started process (PID=6034) to work on /opt/airflow/dags/consumer.py
[2024-11-07T20:45:38.252+0000] {processor.py:914} INFO - Processing file /opt/airflow/dags/consumer.py for tasks to queue
[2024-11-07T20:45:38.254+0000] {logging_mixin.py:190} INFO - [2024-11-07T20:45:38.254+0000] {dagbag.py:588} INFO - Filling up the DagBag from /opt/airflow/dags/consumer.py
[2024-11-07T20:45:38.272+0000] {processor.py:925} INFO - DAG(s) 'consumer' retrieved from /opt/airflow/dags/consumer.py
[2024-11-07T20:45:38.444+0000] {logging_mixin.py:190} INFO - [2024-11-07T20:45:38.443+0000] {dag.py:3239} INFO - Sync 1 DAGs
[2024-11-07T20:45:38.483+0000] {logging_mixin.py:190} INFO - [2024-11-07T20:45:38.482+0000] {dag.py:4180} INFO - Setting next_dagrun for consumer to None, run_after=None
[2024-11-07T20:45:38.532+0000] {processor.py:208} INFO - Processing /opt/airflow/dags/consumer.py took 0.294 seconds
[2024-11-07T20:46:09.292+0000] {processor.py:186} INFO - Started process (PID=6099) to work on /opt/airflow/dags/consumer.py
[2024-11-07T20:46:09.292+0000] {processor.py:914} INFO - Processing file /opt/airflow/dags/consumer.py for tasks to queue
[2024-11-07T20:46:09.293+0000] {logging_mixin.py:190} INFO - [2024-11-07T20:46:09.293+0000] {dagbag.py:588} INFO - Filling up the DagBag from /opt/airflow/dags/consumer.py
[2024-11-07T20:46:09.305+0000] {processor.py:925} INFO - DAG(s) 'consumer' retrieved from /opt/airflow/dags/consumer.py
[2024-11-07T20:46:09.319+0000] {logging_mixin.py:190} INFO - [2024-11-07T20:46:09.318+0000] {dag.py:3239} INFO - Sync 1 DAGs
[2024-11-07T20:46:09.334+0000] {logging_mixin.py:190} INFO - [2024-11-07T20:46:09.334+0000] {dag.py:4180} INFO - Setting next_dagrun for consumer to None, run_after=None
[2024-11-07T20:46:09.349+0000] {processor.py:208} INFO - Processing /opt/airflow/dags/consumer.py took 0.061 seconds
[2024-11-07T20:46:40.135+0000] {processor.py:186} INFO - Started process (PID=6164) to work on /opt/airflow/dags/consumer.py
[2024-11-07T20:46:40.135+0000] {processor.py:914} INFO - Processing file /opt/airflow/dags/consumer.py for tasks to queue
[2024-11-07T20:46:40.136+0000] {logging_mixin.py:190} INFO - [2024-11-07T20:46:40.136+0000] {dagbag.py:588} INFO - Filling up the DagBag from /opt/airflow/dags/consumer.py
[2024-11-07T20:46:40.148+0000] {processor.py:925} INFO - DAG(s) 'consumer' retrieved from /opt/airflow/dags/consumer.py
[2024-11-07T20:46:40.162+0000] {logging_mixin.py:190} INFO - [2024-11-07T20:46:40.162+0000] {dag.py:3239} INFO - Sync 1 DAGs
[2024-11-07T20:46:40.179+0000] {logging_mixin.py:190} INFO - [2024-11-07T20:46:40.178+0000] {dag.py:4180} INFO - Setting next_dagrun for consumer to None, run_after=None
[2024-11-07T20:46:40.195+0000] {processor.py:208} INFO - Processing /opt/airflow/dags/consumer.py took 0.065 seconds
[2024-11-07T20:47:10.500+0000] {processor.py:186} INFO - Started process (PID=6228) to work on /opt/airflow/dags/consumer.py
[2024-11-07T20:47:10.501+0000] {processor.py:914} INFO - Processing file /opt/airflow/dags/consumer.py for tasks to queue
[2024-11-07T20:47:10.503+0000] {logging_mixin.py:190} INFO - [2024-11-07T20:47:10.502+0000] {dagbag.py:588} INFO - Filling up the DagBag from /opt/airflow/dags/consumer.py
[2024-11-07T20:47:10.519+0000] {processor.py:925} INFO - DAG(s) 'consumer' retrieved from /opt/airflow/dags/consumer.py
[2024-11-07T20:47:10.537+0000] {logging_mixin.py:190} INFO - [2024-11-07T20:47:10.536+0000] {dag.py:3239} INFO - Sync 1 DAGs
[2024-11-07T20:47:10.560+0000] {logging_mixin.py:190} INFO - [2024-11-07T20:47:10.560+0000] {dag.py:4180} INFO - Setting next_dagrun for consumer to None, run_after=None
[2024-11-07T20:47:10.584+0000] {processor.py:208} INFO - Processing /opt/airflow/dags/consumer.py took 0.090 seconds
[2024-11-07T20:47:49.632+0000] {processor.py:186} INFO - Started process (PID=6247) to work on /opt/airflow/dags/consumer.py
[2024-11-07T20:47:49.633+0000] {processor.py:914} INFO - Processing file /opt/airflow/dags/consumer.py for tasks to queue
[2024-11-07T20:47:49.635+0000] {logging_mixin.py:190} INFO - [2024-11-07T20:47:49.634+0000] {dagbag.py:588} INFO - Filling up the DagBag from /opt/airflow/dags/consumer.py
[2024-11-07T20:47:49.668+0000] {processor.py:925} INFO - DAG(s) 'consumer' retrieved from /opt/airflow/dags/consumer.py
[2024-11-07T20:47:49.692+0000] {logging_mixin.py:190} INFO - [2024-11-07T20:47:49.691+0000] {dag.py:3239} INFO - Sync 1 DAGs
[2024-11-07T20:47:49.711+0000] {logging_mixin.py:190} INFO - [2024-11-07T20:47:49.711+0000] {dag.py:4180} INFO - Setting next_dagrun for consumer to None, run_after=None
[2024-11-07T20:47:49.733+0000] {processor.py:208} INFO - Processing /opt/airflow/dags/consumer.py took 0.107 seconds
[2024-11-07T20:48:20.457+0000] {processor.py:186} INFO - Started process (PID=6310) to work on /opt/airflow/dags/consumer.py
[2024-11-07T20:48:20.458+0000] {processor.py:914} INFO - Processing file /opt/airflow/dags/consumer.py for tasks to queue
[2024-11-07T20:48:20.459+0000] {logging_mixin.py:190} INFO - [2024-11-07T20:48:20.459+0000] {dagbag.py:588} INFO - Filling up the DagBag from /opt/airflow/dags/consumer.py
[2024-11-07T20:48:20.498+0000] {processor.py:925} INFO - DAG(s) 'consumer' retrieved from /opt/airflow/dags/consumer.py
[2024-11-07T20:48:20.553+0000] {logging_mixin.py:190} INFO - [2024-11-07T20:48:20.553+0000] {dag.py:3239} INFO - Sync 1 DAGs
[2024-11-07T20:48:20.611+0000] {logging_mixin.py:190} INFO - [2024-11-07T20:48:20.604+0000] {dag.py:4180} INFO - Setting next_dagrun for consumer to None, run_after=None
[2024-11-07T20:48:20.648+0000] {processor.py:208} INFO - Processing /opt/airflow/dags/consumer.py took 0.196 seconds
[2024-11-07T20:48:50.962+0000] {processor.py:186} INFO - Started process (PID=6369) to work on /opt/airflow/dags/consumer.py
[2024-11-07T20:48:50.962+0000] {processor.py:914} INFO - Processing file /opt/airflow/dags/consumer.py for tasks to queue
[2024-11-07T20:48:50.963+0000] {logging_mixin.py:190} INFO - [2024-11-07T20:48:50.963+0000] {dagbag.py:588} INFO - Filling up the DagBag from /opt/airflow/dags/consumer.py
[2024-11-07T20:48:50.979+0000] {processor.py:925} INFO - DAG(s) 'consumer' retrieved from /opt/airflow/dags/consumer.py
[2024-11-07T20:48:50.992+0000] {logging_mixin.py:190} INFO - [2024-11-07T20:48:50.992+0000] {dag.py:3239} INFO - Sync 1 DAGs
[2024-11-07T20:48:51.009+0000] {logging_mixin.py:190} INFO - [2024-11-07T20:48:51.009+0000] {dag.py:4180} INFO - Setting next_dagrun for consumer to None, run_after=None
[2024-11-07T20:48:51.028+0000] {processor.py:208} INFO - Processing /opt/airflow/dags/consumer.py took 0.075 seconds
[2024-11-07T20:49:34.103+0000] {processor.py:186} INFO - Started process (PID=6428) to work on /opt/airflow/dags/consumer.py
[2024-11-07T20:49:34.104+0000] {processor.py:914} INFO - Processing file /opt/airflow/dags/consumer.py for tasks to queue
[2024-11-07T20:49:34.105+0000] {logging_mixin.py:190} INFO - [2024-11-07T20:49:34.105+0000] {dagbag.py:588} INFO - Filling up the DagBag from /opt/airflow/dags/consumer.py
[2024-11-07T20:49:34.148+0000] {processor.py:925} INFO - DAG(s) 'consumer' retrieved from /opt/airflow/dags/consumer.py
[2024-11-07T20:49:34.949+0000] {logging_mixin.py:190} INFO - [2024-11-07T20:49:34.943+0000] {dag.py:3239} INFO - Sync 1 DAGs
[2024-11-07T20:49:34.998+0000] {logging_mixin.py:190} INFO - [2024-11-07T20:49:34.997+0000] {dag.py:4180} INFO - Setting next_dagrun for consumer to None, run_after=None
[2024-11-07T20:49:35.045+0000] {processor.py:208} INFO - Processing /opt/airflow/dags/consumer.py took 0.958 seconds
