[2024-11-07T20:18:02.177+0000] {processor.py:186} INFO - Started process (PID=3773) to work on /opt/airflow/dags/producer.py
[2024-11-07T20:18:02.178+0000] {processor.py:914} INFO - Processing file /opt/airflow/dags/producer.py for tasks to queue
[2024-11-07T20:18:02.181+0000] {logging_mixin.py:190} INFO - [2024-11-07T20:18:02.181+0000] {dagbag.py:588} INFO - Filling up the DagBag from /opt/airflow/dags/producer.py
[2024-11-07T20:18:02.212+0000] {logging_mixin.py:190} INFO - [2024-11-07T20:18:02.206+0000] {dagbag.py:387} ERROR - Failed to import: /opt/airflow/dags/producer.py
Traceback (most recent call last):
  File "/home/airflow/.local/lib/python3.12/site-packages/airflow/models/dagbag.py", line 383, in parse
    loader.exec_module(new_module)
  File "<frozen importlib._bootstrap_external>", line 995, in exec_module
  File "<frozen importlib._bootstrap>", line 488, in _call_with_frames_removed
  File "/opt/airflow/dags/producer.py", line 15, in <module>
    @task(out)
          ^^^
NameError: name 'out' is not defined. Did you mean: 'oct'?
[2024-11-07T20:18:02.213+0000] {processor.py:927} WARNING - No viable dags retrieved from /opt/airflow/dags/producer.py
[2024-11-07T20:18:02.229+0000] {processor.py:208} INFO - Processing /opt/airflow/dags/producer.py took 0.060 seconds
[2024-11-07T20:18:20.035+0000] {processor.py:186} INFO - Started process (PID=3793) to work on /opt/airflow/dags/producer.py
[2024-11-07T20:18:20.036+0000] {processor.py:914} INFO - Processing file /opt/airflow/dags/producer.py for tasks to queue
[2024-11-07T20:18:20.046+0000] {logging_mixin.py:190} INFO - [2024-11-07T20:18:20.046+0000] {dagbag.py:588} INFO - Filling up the DagBag from /opt/airflow/dags/producer.py
[2024-11-07T20:18:20.086+0000] {processor.py:925} INFO - DAG(s) 'producer' retrieved from /opt/airflow/dags/producer.py
[2024-11-07T20:18:20.250+0000] {logging_mixin.py:190} INFO - [2024-11-07T20:18:20.249+0000] {override.py:1900} INFO - Created Permission View: can read on DAG:producer
[2024-11-07T20:18:20.258+0000] {logging_mixin.py:190} INFO - [2024-11-07T20:18:20.258+0000] {override.py:1900} INFO - Created Permission View: can edit on DAG:producer
[2024-11-07T20:18:20.264+0000] {logging_mixin.py:190} INFO - [2024-11-07T20:18:20.264+0000] {override.py:1900} INFO - Created Permission View: can delete on DAG:producer
[2024-11-07T20:18:20.269+0000] {logging_mixin.py:190} INFO - [2024-11-07T20:18:20.269+0000] {override.py:1900} INFO - Created Permission View: can read on DAG Run:producer
[2024-11-07T20:18:20.275+0000] {logging_mixin.py:190} INFO - [2024-11-07T20:18:20.275+0000] {override.py:1900} INFO - Created Permission View: menu access on DAG Run:producer
[2024-11-07T20:18:20.282+0000] {logging_mixin.py:190} INFO - [2024-11-07T20:18:20.281+0000] {override.py:1900} INFO - Created Permission View: can create on DAG Run:producer
[2024-11-07T20:18:20.287+0000] {logging_mixin.py:190} INFO - [2024-11-07T20:18:20.287+0000] {override.py:1900} INFO - Created Permission View: can delete on DAG Run:producer
[2024-11-07T20:18:20.288+0000] {logging_mixin.py:190} INFO - [2024-11-07T20:18:20.288+0000] {dag.py:3239} INFO - Sync 1 DAGs
[2024-11-07T20:18:20.299+0000] {logging_mixin.py:190} INFO - [2024-11-07T20:18:20.298+0000] {dag.py:3262} INFO - Creating ORM DAG for producer
[2024-11-07T20:18:20.307+0000] {logging_mixin.py:190} INFO - [2024-11-07T20:18:20.307+0000] {dag.py:4180} INFO - Setting next_dagrun for producer to 2024-11-06 00:00:00+00:00, run_after=2024-11-07 00:00:00+00:00
[2024-11-07T20:18:20.328+0000] {processor.py:208} INFO - Processing /opt/airflow/dags/producer.py took 0.298 seconds
[2024-11-07T20:18:50.714+0000] {processor.py:186} INFO - Started process (PID=3858) to work on /opt/airflow/dags/producer.py
[2024-11-07T20:18:50.715+0000] {processor.py:914} INFO - Processing file /opt/airflow/dags/producer.py for tasks to queue
[2024-11-07T20:18:50.717+0000] {logging_mixin.py:190} INFO - [2024-11-07T20:18:50.717+0000] {dagbag.py:588} INFO - Filling up the DagBag from /opt/airflow/dags/producer.py
[2024-11-07T20:18:50.732+0000] {processor.py:925} INFO - DAG(s) 'producer' retrieved from /opt/airflow/dags/producer.py
[2024-11-07T20:18:50.764+0000] {logging_mixin.py:190} INFO - [2024-11-07T20:18:50.764+0000] {dag.py:3239} INFO - Sync 1 DAGs
[2024-11-07T20:18:50.784+0000] {logging_mixin.py:190} INFO - [2024-11-07T20:18:50.784+0000] {dag.py:4180} INFO - Setting next_dagrun for producer to 2024-11-06 00:00:00+00:00, run_after=2024-11-07 00:00:00+00:00
[2024-11-07T20:18:50.805+0000] {processor.py:208} INFO - Processing /opt/airflow/dags/producer.py took 0.096 seconds
[2024-11-07T20:18:58.740+0000] {processor.py:186} INFO - Started process (PID=3900) to work on /opt/airflow/dags/producer.py
[2024-11-07T20:18:58.741+0000] {processor.py:914} INFO - Processing file /opt/airflow/dags/producer.py for tasks to queue
[2024-11-07T20:18:58.743+0000] {logging_mixin.py:190} INFO - [2024-11-07T20:18:58.743+0000] {dagbag.py:588} INFO - Filling up the DagBag from /opt/airflow/dags/producer.py
[2024-11-07T20:18:58.763+0000] {processor.py:925} INFO - DAG(s) 'producer' retrieved from /opt/airflow/dags/producer.py
[2024-11-07T20:18:58.779+0000] {logging_mixin.py:190} INFO - [2024-11-07T20:18:58.779+0000] {dag.py:3239} INFO - Sync 1 DAGs
[2024-11-07T20:18:58.801+0000] {logging_mixin.py:190} INFO - [2024-11-07T20:18:58.801+0000] {dag.py:4180} INFO - Setting next_dagrun for producer to 2024-11-06 00:00:00+00:00, run_after=2024-11-07 00:00:00+00:00
[2024-11-07T20:18:58.830+0000] {processor.py:208} INFO - Processing /opt/airflow/dags/producer.py took 0.096 seconds
[2024-11-07T20:19:29.101+0000] {processor.py:186} INFO - Started process (PID=3956) to work on /opt/airflow/dags/producer.py
[2024-11-07T20:19:29.101+0000] {processor.py:914} INFO - Processing file /opt/airflow/dags/producer.py for tasks to queue
[2024-11-07T20:19:29.103+0000] {logging_mixin.py:190} INFO - [2024-11-07T20:19:29.103+0000] {dagbag.py:588} INFO - Filling up the DagBag from /opt/airflow/dags/producer.py
[2024-11-07T20:19:29.121+0000] {processor.py:925} INFO - DAG(s) 'producer' retrieved from /opt/airflow/dags/producer.py
[2024-11-07T20:19:29.151+0000] {logging_mixin.py:190} INFO - [2024-11-07T20:19:29.151+0000] {dag.py:3239} INFO - Sync 1 DAGs
[2024-11-07T20:19:29.184+0000] {logging_mixin.py:190} INFO - [2024-11-07T20:19:29.183+0000] {dag.py:4180} INFO - Setting next_dagrun for producer to 2024-11-06 00:00:00+00:00, run_after=2024-11-07 00:00:00+00:00
[2024-11-07T20:19:29.235+0000] {processor.py:208} INFO - Processing /opt/airflow/dags/producer.py took 0.139 seconds
[2024-11-07T20:19:59.313+0000] {processor.py:186} INFO - Started process (PID=4021) to work on /opt/airflow/dags/producer.py
[2024-11-07T20:19:59.314+0000] {processor.py:914} INFO - Processing file /opt/airflow/dags/producer.py for tasks to queue
[2024-11-07T20:19:59.316+0000] {logging_mixin.py:190} INFO - [2024-11-07T20:19:59.316+0000] {dagbag.py:588} INFO - Filling up the DagBag from /opt/airflow/dags/producer.py
[2024-11-07T20:19:59.332+0000] {processor.py:925} INFO - DAG(s) 'producer' retrieved from /opt/airflow/dags/producer.py
[2024-11-07T20:19:59.350+0000] {logging_mixin.py:190} INFO - [2024-11-07T20:19:59.350+0000] {dag.py:3239} INFO - Sync 1 DAGs
[2024-11-07T20:19:59.376+0000] {logging_mixin.py:190} INFO - [2024-11-07T20:19:59.376+0000] {dag.py:4180} INFO - Setting next_dagrun for producer to 2024-11-06 00:00:00+00:00, run_after=2024-11-07 00:00:00+00:00
[2024-11-07T20:19:59.396+0000] {processor.py:208} INFO - Processing /opt/airflow/dags/producer.py took 0.088 seconds
[2024-11-07T20:20:29.984+0000] {processor.py:186} INFO - Started process (PID=4079) to work on /opt/airflow/dags/producer.py
[2024-11-07T20:20:29.985+0000] {processor.py:914} INFO - Processing file /opt/airflow/dags/producer.py for tasks to queue
[2024-11-07T20:20:29.987+0000] {logging_mixin.py:190} INFO - [2024-11-07T20:20:29.987+0000] {dagbag.py:588} INFO - Filling up the DagBag from /opt/airflow/dags/producer.py
[2024-11-07T20:20:30.006+0000] {processor.py:925} INFO - DAG(s) 'producer' retrieved from /opt/airflow/dags/producer.py
[2024-11-07T20:20:30.033+0000] {logging_mixin.py:190} INFO - [2024-11-07T20:20:30.033+0000] {dag.py:3239} INFO - Sync 1 DAGs
[2024-11-07T20:20:30.074+0000] {logging_mixin.py:190} INFO - [2024-11-07T20:20:30.074+0000] {dag.py:4180} INFO - Setting next_dagrun for producer to 2024-11-06 00:00:00+00:00, run_after=2024-11-07 00:00:00+00:00
[2024-11-07T20:20:30.104+0000] {processor.py:208} INFO - Processing /opt/airflow/dags/producer.py took 0.125 seconds
[2024-11-07T20:21:00.222+0000] {processor.py:186} INFO - Started process (PID=4143) to work on /opt/airflow/dags/producer.py
[2024-11-07T20:21:00.223+0000] {processor.py:914} INFO - Processing file /opt/airflow/dags/producer.py for tasks to queue
[2024-11-07T20:21:00.225+0000] {logging_mixin.py:190} INFO - [2024-11-07T20:21:00.225+0000] {dagbag.py:588} INFO - Filling up the DagBag from /opt/airflow/dags/producer.py
[2024-11-07T20:21:00.243+0000] {processor.py:925} INFO - DAG(s) 'producer' retrieved from /opt/airflow/dags/producer.py
[2024-11-07T20:21:00.271+0000] {logging_mixin.py:190} INFO - [2024-11-07T20:21:00.267+0000] {dag.py:3239} INFO - Sync 1 DAGs
[2024-11-07T20:21:00.298+0000] {logging_mixin.py:190} INFO - [2024-11-07T20:21:00.298+0000] {dag.py:4180} INFO - Setting next_dagrun for producer to 2024-11-06 00:00:00+00:00, run_after=2024-11-07 00:00:00+00:00
[2024-11-07T20:21:00.318+0000] {processor.py:208} INFO - Processing /opt/airflow/dags/producer.py took 0.101 seconds
[2024-11-07T20:21:30.389+0000] {processor.py:186} INFO - Started process (PID=4204) to work on /opt/airflow/dags/producer.py
[2024-11-07T20:21:30.390+0000] {processor.py:914} INFO - Processing file /opt/airflow/dags/producer.py for tasks to queue
[2024-11-07T20:21:30.391+0000] {logging_mixin.py:190} INFO - [2024-11-07T20:21:30.391+0000] {dagbag.py:588} INFO - Filling up the DagBag from /opt/airflow/dags/producer.py
[2024-11-07T20:21:30.407+0000] {processor.py:925} INFO - DAG(s) 'producer' retrieved from /opt/airflow/dags/producer.py
[2024-11-07T20:21:30.425+0000] {logging_mixin.py:190} INFO - [2024-11-07T20:21:30.424+0000] {dag.py:3239} INFO - Sync 1 DAGs
[2024-11-07T20:21:30.449+0000] {logging_mixin.py:190} INFO - [2024-11-07T20:21:30.449+0000] {dag.py:4180} INFO - Setting next_dagrun for producer to 2024-11-06 00:00:00+00:00, run_after=2024-11-07 00:00:00+00:00
[2024-11-07T20:21:30.475+0000] {processor.py:208} INFO - Processing /opt/airflow/dags/producer.py took 0.091 seconds
[2024-11-07T20:22:00.541+0000] {processor.py:186} INFO - Started process (PID=4259) to work on /opt/airflow/dags/producer.py
[2024-11-07T20:22:00.542+0000] {processor.py:914} INFO - Processing file /opt/airflow/dags/producer.py for tasks to queue
[2024-11-07T20:22:00.544+0000] {logging_mixin.py:190} INFO - [2024-11-07T20:22:00.544+0000] {dagbag.py:588} INFO - Filling up the DagBag from /opt/airflow/dags/producer.py
[2024-11-07T20:22:00.558+0000] {processor.py:925} INFO - DAG(s) 'producer' retrieved from /opt/airflow/dags/producer.py
[2024-11-07T20:22:00.576+0000] {logging_mixin.py:190} INFO - [2024-11-07T20:22:00.576+0000] {dag.py:3239} INFO - Sync 1 DAGs
[2024-11-07T20:22:00.599+0000] {logging_mixin.py:190} INFO - [2024-11-07T20:22:00.598+0000] {dag.py:4180} INFO - Setting next_dagrun for producer to 2024-11-06 00:00:00+00:00, run_after=2024-11-07 00:00:00+00:00
[2024-11-07T20:22:00.617+0000] {processor.py:208} INFO - Processing /opt/airflow/dags/producer.py took 0.080 seconds
[2024-11-07T20:22:31.156+0000] {processor.py:186} INFO - Started process (PID=4324) to work on /opt/airflow/dags/producer.py
[2024-11-07T20:22:31.157+0000] {processor.py:914} INFO - Processing file /opt/airflow/dags/producer.py for tasks to queue
[2024-11-07T20:22:31.159+0000] {logging_mixin.py:190} INFO - [2024-11-07T20:22:31.158+0000] {dagbag.py:588} INFO - Filling up the DagBag from /opt/airflow/dags/producer.py
[2024-11-07T20:22:31.174+0000] {processor.py:925} INFO - DAG(s) 'producer' retrieved from /opt/airflow/dags/producer.py
[2024-11-07T20:22:31.189+0000] {logging_mixin.py:190} INFO - [2024-11-07T20:22:31.188+0000] {dag.py:3239} INFO - Sync 1 DAGs
[2024-11-07T20:22:31.210+0000] {logging_mixin.py:190} INFO - [2024-11-07T20:22:31.209+0000] {dag.py:4180} INFO - Setting next_dagrun for producer to 2024-11-06 00:00:00+00:00, run_after=2024-11-07 00:00:00+00:00
[2024-11-07T20:22:31.226+0000] {processor.py:208} INFO - Processing /opt/airflow/dags/producer.py took 0.074 seconds
[2024-11-07T20:23:01.735+0000] {processor.py:186} INFO - Started process (PID=4388) to work on /opt/airflow/dags/producer.py
[2024-11-07T20:23:01.735+0000] {processor.py:914} INFO - Processing file /opt/airflow/dags/producer.py for tasks to queue
[2024-11-07T20:23:01.737+0000] {logging_mixin.py:190} INFO - [2024-11-07T20:23:01.737+0000] {dagbag.py:588} INFO - Filling up the DagBag from /opt/airflow/dags/producer.py
[2024-11-07T20:23:01.751+0000] {processor.py:925} INFO - DAG(s) 'producer' retrieved from /opt/airflow/dags/producer.py
[2024-11-07T20:23:01.770+0000] {logging_mixin.py:190} INFO - [2024-11-07T20:23:01.770+0000] {dag.py:3239} INFO - Sync 1 DAGs
[2024-11-07T20:23:01.788+0000] {logging_mixin.py:190} INFO - [2024-11-07T20:23:01.788+0000] {dag.py:4180} INFO - Setting next_dagrun for producer to 2024-11-06 00:00:00+00:00, run_after=2024-11-07 00:00:00+00:00
[2024-11-07T20:23:01.804+0000] {processor.py:208} INFO - Processing /opt/airflow/dags/producer.py took 0.074 seconds
[2024-11-07T20:23:32.545+0000] {processor.py:186} INFO - Started process (PID=4454) to work on /opt/airflow/dags/producer.py
[2024-11-07T20:23:32.547+0000] {processor.py:914} INFO - Processing file /opt/airflow/dags/producer.py for tasks to queue
[2024-11-07T20:23:32.548+0000] {logging_mixin.py:190} INFO - [2024-11-07T20:23:32.548+0000] {dagbag.py:588} INFO - Filling up the DagBag from /opt/airflow/dags/producer.py
[2024-11-07T20:23:32.567+0000] {processor.py:925} INFO - DAG(s) 'producer' retrieved from /opt/airflow/dags/producer.py
[2024-11-07T20:23:32.582+0000] {logging_mixin.py:190} INFO - [2024-11-07T20:23:32.582+0000] {dag.py:3239} INFO - Sync 1 DAGs
[2024-11-07T20:23:32.603+0000] {logging_mixin.py:190} INFO - [2024-11-07T20:23:32.603+0000] {dag.py:4180} INFO - Setting next_dagrun for producer to 2024-11-06 00:00:00+00:00, run_after=2024-11-07 00:00:00+00:00
[2024-11-07T20:23:32.623+0000] {processor.py:208} INFO - Processing /opt/airflow/dags/producer.py took 0.082 seconds
[2024-11-07T20:24:02.923+0000] {processor.py:186} INFO - Started process (PID=4514) to work on /opt/airflow/dags/producer.py
[2024-11-07T20:24:02.924+0000] {processor.py:914} INFO - Processing file /opt/airflow/dags/producer.py for tasks to queue
[2024-11-07T20:24:02.926+0000] {logging_mixin.py:190} INFO - [2024-11-07T20:24:02.925+0000] {dagbag.py:588} INFO - Filling up the DagBag from /opt/airflow/dags/producer.py
[2024-11-07T20:24:02.956+0000] {processor.py:925} INFO - DAG(s) 'producer' retrieved from /opt/airflow/dags/producer.py
[2024-11-07T20:24:02.987+0000] {logging_mixin.py:190} INFO - [2024-11-07T20:24:02.987+0000] {dag.py:3239} INFO - Sync 1 DAGs
[2024-11-07T20:24:03.048+0000] {logging_mixin.py:190} INFO - [2024-11-07T20:24:03.048+0000] {dag.py:4180} INFO - Setting next_dagrun for producer to 2024-11-06 00:00:00+00:00, run_after=2024-11-07 00:00:00+00:00
[2024-11-07T20:24:03.093+0000] {processor.py:208} INFO - Processing /opt/airflow/dags/producer.py took 0.176 seconds
[2024-11-07T20:24:33.747+0000] {processor.py:186} INFO - Started process (PID=4575) to work on /opt/airflow/dags/producer.py
[2024-11-07T20:24:33.747+0000] {processor.py:914} INFO - Processing file /opt/airflow/dags/producer.py for tasks to queue
[2024-11-07T20:24:33.748+0000] {logging_mixin.py:190} INFO - [2024-11-07T20:24:33.748+0000] {dagbag.py:588} INFO - Filling up the DagBag from /opt/airflow/dags/producer.py
[2024-11-07T20:24:33.768+0000] {processor.py:925} INFO - DAG(s) 'producer' retrieved from /opt/airflow/dags/producer.py
[2024-11-07T20:24:33.786+0000] {logging_mixin.py:190} INFO - [2024-11-07T20:24:33.785+0000] {dag.py:3239} INFO - Sync 1 DAGs
[2024-11-07T20:24:33.805+0000] {logging_mixin.py:190} INFO - [2024-11-07T20:24:33.804+0000] {dag.py:4180} INFO - Setting next_dagrun for producer to 2024-11-06 00:00:00+00:00, run_after=2024-11-07 00:00:00+00:00
[2024-11-07T20:24:33.822+0000] {processor.py:208} INFO - Processing /opt/airflow/dags/producer.py took 0.080 seconds
[2024-11-07T20:25:04.580+0000] {processor.py:186} INFO - Started process (PID=4639) to work on /opt/airflow/dags/producer.py
[2024-11-07T20:25:04.580+0000] {processor.py:914} INFO - Processing file /opt/airflow/dags/producer.py for tasks to queue
[2024-11-07T20:25:04.582+0000] {logging_mixin.py:190} INFO - [2024-11-07T20:25:04.581+0000] {dagbag.py:588} INFO - Filling up the DagBag from /opt/airflow/dags/producer.py
[2024-11-07T20:25:04.597+0000] {processor.py:925} INFO - DAG(s) 'producer' retrieved from /opt/airflow/dags/producer.py
[2024-11-07T20:25:04.619+0000] {logging_mixin.py:190} INFO - [2024-11-07T20:25:04.619+0000] {dag.py:3239} INFO - Sync 1 DAGs
[2024-11-07T20:25:04.643+0000] {logging_mixin.py:190} INFO - [2024-11-07T20:25:04.643+0000] {dag.py:4180} INFO - Setting next_dagrun for producer to 2024-11-06 00:00:00+00:00, run_after=2024-11-07 00:00:00+00:00
[2024-11-07T20:25:04.659+0000] {processor.py:208} INFO - Processing /opt/airflow/dags/producer.py took 0.084 seconds
[2024-11-07T20:25:35.249+0000] {processor.py:186} INFO - Started process (PID=4704) to work on /opt/airflow/dags/producer.py
[2024-11-07T20:25:35.250+0000] {processor.py:914} INFO - Processing file /opt/airflow/dags/producer.py for tasks to queue
[2024-11-07T20:25:35.251+0000] {logging_mixin.py:190} INFO - [2024-11-07T20:25:35.251+0000] {dagbag.py:588} INFO - Filling up the DagBag from /opt/airflow/dags/producer.py
[2024-11-07T20:25:35.271+0000] {processor.py:925} INFO - DAG(s) 'producer' retrieved from /opt/airflow/dags/producer.py
[2024-11-07T20:25:35.295+0000] {logging_mixin.py:190} INFO - [2024-11-07T20:25:35.294+0000] {dag.py:3239} INFO - Sync 1 DAGs
[2024-11-07T20:25:35.321+0000] {logging_mixin.py:190} INFO - [2024-11-07T20:25:35.320+0000] {dag.py:4180} INFO - Setting next_dagrun for producer to 2024-11-06 00:00:00+00:00, run_after=2024-11-07 00:00:00+00:00
[2024-11-07T20:25:35.358+0000] {processor.py:208} INFO - Processing /opt/airflow/dags/producer.py took 0.114 seconds
[2024-11-07T20:26:05.558+0000] {processor.py:186} INFO - Started process (PID=4769) to work on /opt/airflow/dags/producer.py
[2024-11-07T20:26:05.559+0000] {processor.py:914} INFO - Processing file /opt/airflow/dags/producer.py for tasks to queue
[2024-11-07T20:26:05.560+0000] {logging_mixin.py:190} INFO - [2024-11-07T20:26:05.560+0000] {dagbag.py:588} INFO - Filling up the DagBag from /opt/airflow/dags/producer.py
[2024-11-07T20:26:05.575+0000] {processor.py:925} INFO - DAG(s) 'producer' retrieved from /opt/airflow/dags/producer.py
[2024-11-07T20:26:05.596+0000] {logging_mixin.py:190} INFO - [2024-11-07T20:26:05.596+0000] {dag.py:3239} INFO - Sync 1 DAGs
[2024-11-07T20:26:05.616+0000] {logging_mixin.py:190} INFO - [2024-11-07T20:26:05.616+0000] {dag.py:4180} INFO - Setting next_dagrun for producer to 2024-11-06 00:00:00+00:00, run_after=2024-11-07 00:00:00+00:00
[2024-11-07T20:26:05.637+0000] {processor.py:208} INFO - Processing /opt/airflow/dags/producer.py took 0.083 seconds
[2024-11-07T20:27:00.198+0000] {processor.py:186} INFO - Started process (PID=4808) to work on /opt/airflow/dags/producer.py
[2024-11-07T20:27:00.199+0000] {processor.py:914} INFO - Processing file /opt/airflow/dags/producer.py for tasks to queue
[2024-11-07T20:27:00.200+0000] {logging_mixin.py:190} INFO - [2024-11-07T20:27:00.200+0000] {dagbag.py:588} INFO - Filling up the DagBag from /opt/airflow/dags/producer.py
[2024-11-07T20:27:00.267+0000] {processor.py:925} INFO - DAG(s) 'producer' retrieved from /opt/airflow/dags/producer.py
[2024-11-07T20:27:00.455+0000] {logging_mixin.py:190} INFO - [2024-11-07T20:27:00.454+0000] {dag.py:3239} INFO - Sync 1 DAGs
[2024-11-07T20:27:00.546+0000] {logging_mixin.py:190} INFO - [2024-11-07T20:27:00.545+0000] {dag.py:4180} INFO - Setting next_dagrun for producer to 2024-11-06 00:00:00+00:00, run_after=2024-11-07 00:00:00+00:00
[2024-11-07T20:27:00.622+0000] {processor.py:208} INFO - Processing /opt/airflow/dags/producer.py took 0.442 seconds
[2024-11-07T20:27:59.671+0000] {processor.py:186} INFO - Started process (PID=4875) to work on /opt/airflow/dags/producer.py
[2024-11-07T20:27:59.675+0000] {processor.py:914} INFO - Processing file /opt/airflow/dags/producer.py for tasks to queue
[2024-11-07T20:27:59.678+0000] {logging_mixin.py:190} INFO - [2024-11-07T20:27:59.677+0000] {dagbag.py:588} INFO - Filling up the DagBag from /opt/airflow/dags/producer.py
[2024-11-07T20:27:59.691+0000] {processor.py:925} INFO - DAG(s) 'producer' retrieved from /opt/airflow/dags/producer.py
[2024-11-07T20:27:59.713+0000] {logging_mixin.py:190} INFO - [2024-11-07T20:27:59.713+0000] {dag.py:3239} INFO - Sync 1 DAGs
[2024-11-07T20:27:59.739+0000] {logging_mixin.py:190} INFO - [2024-11-07T20:27:59.739+0000] {dag.py:4180} INFO - Setting next_dagrun for producer to 2024-11-06 00:00:00+00:00, run_after=2024-11-07 00:00:00+00:00
[2024-11-07T20:27:59.756+0000] {processor.py:208} INFO - Processing /opt/airflow/dags/producer.py took 0.095 seconds
[2024-11-07T20:28:46.665+0000] {processor.py:186} INFO - Started process (PID=4911) to work on /opt/airflow/dags/producer.py
[2024-11-07T20:28:46.666+0000] {processor.py:914} INFO - Processing file /opt/airflow/dags/producer.py for tasks to queue
[2024-11-07T20:28:46.667+0000] {logging_mixin.py:190} INFO - [2024-11-07T20:28:46.667+0000] {dagbag.py:588} INFO - Filling up the DagBag from /opt/airflow/dags/producer.py
[2024-11-07T20:28:46.686+0000] {processor.py:925} INFO - DAG(s) 'producer' retrieved from /opt/airflow/dags/producer.py
[2024-11-07T20:28:46.702+0000] {logging_mixin.py:190} INFO - [2024-11-07T20:28:46.702+0000] {dag.py:3239} INFO - Sync 1 DAGs
[2024-11-07T20:28:46.726+0000] {logging_mixin.py:190} INFO - [2024-11-07T20:28:46.726+0000] {dag.py:4180} INFO - Setting next_dagrun for producer to 2024-11-06 00:00:00+00:00, run_after=2024-11-07 00:00:00+00:00
[2024-11-07T20:28:46.753+0000] {processor.py:208} INFO - Processing /opt/airflow/dags/producer.py took 0.092 seconds
[2024-11-07T20:29:17.332+0000] {processor.py:186} INFO - Started process (PID=4976) to work on /opt/airflow/dags/producer.py
[2024-11-07T20:29:17.333+0000] {processor.py:914} INFO - Processing file /opt/airflow/dags/producer.py for tasks to queue
[2024-11-07T20:29:17.334+0000] {logging_mixin.py:190} INFO - [2024-11-07T20:29:17.334+0000] {dagbag.py:588} INFO - Filling up the DagBag from /opt/airflow/dags/producer.py
[2024-11-07T20:29:17.360+0000] {processor.py:925} INFO - DAG(s) 'producer' retrieved from /opt/airflow/dags/producer.py
[2024-11-07T20:29:17.499+0000] {logging_mixin.py:190} INFO - [2024-11-07T20:29:17.499+0000] {dag.py:3239} INFO - Sync 1 DAGs
[2024-11-07T20:29:17.587+0000] {logging_mixin.py:190} INFO - [2024-11-07T20:29:17.586+0000] {dag.py:4180} INFO - Setting next_dagrun for producer to 2024-11-07 00:00:00+00:00, run_after=2024-11-08 00:00:00+00:00
[2024-11-07T20:29:17.634+0000] {processor.py:208} INFO - Processing /opt/airflow/dags/producer.py took 0.313 seconds
[2024-11-07T20:29:53.978+0000] {processor.py:186} INFO - Started process (PID=4982) to work on /opt/airflow/dags/producer.py
[2024-11-07T20:29:53.980+0000] {processor.py:914} INFO - Processing file /opt/airflow/dags/producer.py for tasks to queue
[2024-11-07T20:29:53.983+0000] {logging_mixin.py:190} INFO - [2024-11-07T20:29:53.982+0000] {dagbag.py:588} INFO - Filling up the DagBag from /opt/airflow/dags/producer.py
[2024-11-07T20:29:54.027+0000] {processor.py:925} INFO - DAG(s) 'producer' retrieved from /opt/airflow/dags/producer.py
[2024-11-07T20:29:54.198+0000] {logging_mixin.py:190} INFO - [2024-11-07T20:29:54.197+0000] {dag.py:3239} INFO - Sync 1 DAGs
[2024-11-07T20:29:54.231+0000] {logging_mixin.py:190} INFO - [2024-11-07T20:29:54.229+0000] {dag.py:4180} INFO - Setting next_dagrun for producer to 2024-11-07 00:00:00+00:00, run_after=2024-11-08 00:00:00+00:00
[2024-11-07T20:29:54.330+0000] {processor.py:208} INFO - Processing /opt/airflow/dags/producer.py took 0.369 seconds
[2024-11-07T20:31:42.351+0000] {processor.py:186} INFO - Started process (PID=5050) to work on /opt/airflow/dags/producer.py
[2024-11-07T20:31:42.352+0000] {processor.py:914} INFO - Processing file /opt/airflow/dags/producer.py for tasks to queue
[2024-11-07T20:31:42.353+0000] {logging_mixin.py:190} INFO - [2024-11-07T20:31:42.353+0000] {dagbag.py:588} INFO - Filling up the DagBag from /opt/airflow/dags/producer.py
[2024-11-07T20:31:42.394+0000] {processor.py:925} INFO - DAG(s) 'producer' retrieved from /opt/airflow/dags/producer.py
[2024-11-07T20:31:42.431+0000] {logging_mixin.py:190} INFO - [2024-11-07T20:31:42.431+0000] {dag.py:3239} INFO - Sync 1 DAGs
[2024-11-07T20:31:42.471+0000] {logging_mixin.py:190} INFO - [2024-11-07T20:31:42.471+0000] {dag.py:4180} INFO - Setting next_dagrun for producer to 2024-11-07 00:00:00+00:00, run_after=2024-11-08 00:00:00+00:00
[2024-11-07T20:31:42.511+0000] {processor.py:208} INFO - Processing /opt/airflow/dags/producer.py took 0.167 seconds
[2024-11-07T20:32:12.632+0000] {processor.py:186} INFO - Started process (PID=5112) to work on /opt/airflow/dags/producer.py
[2024-11-07T20:32:12.633+0000] {processor.py:914} INFO - Processing file /opt/airflow/dags/producer.py for tasks to queue
[2024-11-07T20:32:12.634+0000] {logging_mixin.py:190} INFO - [2024-11-07T20:32:12.634+0000] {dagbag.py:588} INFO - Filling up the DagBag from /opt/airflow/dags/producer.py
[2024-11-07T20:32:12.666+0000] {processor.py:925} INFO - DAG(s) 'producer' retrieved from /opt/airflow/dags/producer.py
[2024-11-07T20:32:12.692+0000] {logging_mixin.py:190} INFO - [2024-11-07T20:32:12.692+0000] {dag.py:3239} INFO - Sync 1 DAGs
[2024-11-07T20:32:12.723+0000] {logging_mixin.py:190} INFO - [2024-11-07T20:32:12.723+0000] {dag.py:4180} INFO - Setting next_dagrun for producer to 2024-11-07 00:00:00+00:00, run_after=2024-11-08 00:00:00+00:00
[2024-11-07T20:32:12.795+0000] {processor.py:208} INFO - Processing /opt/airflow/dags/producer.py took 0.169 seconds
[2024-11-07T20:33:20.260+0000] {processor.py:186} INFO - Started process (PID=5161) to work on /opt/airflow/dags/producer.py
[2024-11-07T20:33:20.261+0000] {processor.py:914} INFO - Processing file /opt/airflow/dags/producer.py for tasks to queue
[2024-11-07T20:33:20.262+0000] {logging_mixin.py:190} INFO - [2024-11-07T20:33:20.262+0000] {dagbag.py:588} INFO - Filling up the DagBag from /opt/airflow/dags/producer.py
[2024-11-07T20:33:20.279+0000] {processor.py:925} INFO - DAG(s) 'producer' retrieved from /opt/airflow/dags/producer.py
[2024-11-07T20:33:20.295+0000] {logging_mixin.py:190} INFO - [2024-11-07T20:33:20.295+0000] {dag.py:3239} INFO - Sync 1 DAGs
[2024-11-07T20:33:20.325+0000] {logging_mixin.py:190} INFO - [2024-11-07T20:33:20.325+0000] {dag.py:4180} INFO - Setting next_dagrun for producer to 2024-11-07 00:00:00+00:00, run_after=2024-11-08 00:00:00+00:00
[2024-11-07T20:33:20.346+0000] {processor.py:208} INFO - Processing /opt/airflow/dags/producer.py took 0.090 seconds
[2024-11-07T20:33:50.917+0000] {processor.py:186} INFO - Started process (PID=5215) to work on /opt/airflow/dags/producer.py
[2024-11-07T20:33:50.918+0000] {processor.py:914} INFO - Processing file /opt/airflow/dags/producer.py for tasks to queue
[2024-11-07T20:33:50.919+0000] {logging_mixin.py:190} INFO - [2024-11-07T20:33:50.919+0000] {dagbag.py:588} INFO - Filling up the DagBag from /opt/airflow/dags/producer.py
[2024-11-07T20:33:50.941+0000] {processor.py:925} INFO - DAG(s) 'producer' retrieved from /opt/airflow/dags/producer.py
[2024-11-07T20:33:50.994+0000] {logging_mixin.py:190} INFO - [2024-11-07T20:33:50.994+0000] {dag.py:3239} INFO - Sync 1 DAGs
[2024-11-07T20:33:51.026+0000] {logging_mixin.py:190} INFO - [2024-11-07T20:33:51.026+0000] {dag.py:4180} INFO - Setting next_dagrun for producer to 2024-11-07 00:00:00+00:00, run_after=2024-11-08 00:00:00+00:00
[2024-11-07T20:33:51.069+0000] {processor.py:208} INFO - Processing /opt/airflow/dags/producer.py took 0.178 seconds
[2024-11-07T20:35:40.063+0000] {processor.py:186} INFO - Started process (PID=5239) to work on /opt/airflow/dags/producer.py
[2024-11-07T20:35:40.074+0000] {processor.py:914} INFO - Processing file /opt/airflow/dags/producer.py for tasks to queue
[2024-11-07T20:35:40.076+0000] {logging_mixin.py:190} INFO - [2024-11-07T20:35:40.075+0000] {dagbag.py:588} INFO - Filling up the DagBag from /opt/airflow/dags/producer.py
[2024-11-07T20:35:40.117+0000] {processor.py:925} INFO - DAG(s) 'producer' retrieved from /opt/airflow/dags/producer.py
[2024-11-07T20:35:40.234+0000] {logging_mixin.py:190} INFO - [2024-11-07T20:35:40.234+0000] {dag.py:3239} INFO - Sync 1 DAGs
[2024-11-07T20:35:40.329+0000] {logging_mixin.py:190} INFO - [2024-11-07T20:35:40.329+0000] {dag.py:4180} INFO - Setting next_dagrun for producer to 2024-11-07 00:00:00+00:00, run_after=2024-11-08 00:00:00+00:00
[2024-11-07T20:35:40.464+0000] {processor.py:208} INFO - Processing /opt/airflow/dags/producer.py took 0.406 seconds
[2024-11-07T20:37:15.852+0000] {processor.py:186} INFO - Started process (PID=5300) to work on /opt/airflow/dags/producer.py
[2024-11-07T20:37:15.852+0000] {processor.py:914} INFO - Processing file /opt/airflow/dags/producer.py for tasks to queue
[2024-11-07T20:37:15.853+0000] {logging_mixin.py:190} INFO - [2024-11-07T20:37:15.853+0000] {dagbag.py:588} INFO - Filling up the DagBag from /opt/airflow/dags/producer.py
[2024-11-07T20:37:15.874+0000] {processor.py:925} INFO - DAG(s) 'producer' retrieved from /opt/airflow/dags/producer.py
[2024-11-07T20:37:15.893+0000] {logging_mixin.py:190} INFO - [2024-11-07T20:37:15.893+0000] {dag.py:3239} INFO - Sync 1 DAGs
[2024-11-07T20:37:15.915+0000] {logging_mixin.py:190} INFO - [2024-11-07T20:37:15.915+0000] {dag.py:4180} INFO - Setting next_dagrun for producer to 2024-11-07 00:00:00+00:00, run_after=2024-11-08 00:00:00+00:00
[2024-11-07T20:37:15.933+0000] {processor.py:208} INFO - Processing /opt/airflow/dags/producer.py took 0.086 seconds
[2024-11-07T20:38:40.708+0000] {processor.py:186} INFO - Started process (PID=5347) to work on /opt/airflow/dags/producer.py
[2024-11-07T20:38:40.709+0000] {processor.py:914} INFO - Processing file /opt/airflow/dags/producer.py for tasks to queue
[2024-11-07T20:38:40.710+0000] {logging_mixin.py:190} INFO - [2024-11-07T20:38:40.709+0000] {dagbag.py:588} INFO - Filling up the DagBag from /opt/airflow/dags/producer.py
[2024-11-07T20:38:40.729+0000] {processor.py:925} INFO - DAG(s) 'producer' retrieved from /opt/airflow/dags/producer.py
[2024-11-07T20:38:40.832+0000] {logging_mixin.py:190} INFO - [2024-11-07T20:38:40.832+0000] {dag.py:3239} INFO - Sync 1 DAGs
[2024-11-07T20:38:40.852+0000] {logging_mixin.py:190} INFO - [2024-11-07T20:38:40.852+0000] {dag.py:4180} INFO - Setting next_dagrun for producer to 2024-11-07 00:00:00+00:00, run_after=2024-11-08 00:00:00+00:00
[2024-11-07T20:38:40.872+0000] {processor.py:208} INFO - Processing /opt/airflow/dags/producer.py took 0.170 seconds
[2024-11-07T20:39:10.977+0000] {processor.py:186} INFO - Started process (PID=5412) to work on /opt/airflow/dags/producer.py
[2024-11-07T20:39:10.981+0000] {processor.py:914} INFO - Processing file /opt/airflow/dags/producer.py for tasks to queue
[2024-11-07T20:39:10.982+0000] {logging_mixin.py:190} INFO - [2024-11-07T20:39:10.981+0000] {dagbag.py:588} INFO - Filling up the DagBag from /opt/airflow/dags/producer.py
[2024-11-07T20:39:10.994+0000] {processor.py:925} INFO - DAG(s) 'producer' retrieved from /opt/airflow/dags/producer.py
[2024-11-07T20:39:11.018+0000] {logging_mixin.py:190} INFO - [2024-11-07T20:39:11.017+0000] {dag.py:3239} INFO - Sync 1 DAGs
[2024-11-07T20:39:11.050+0000] {logging_mixin.py:190} INFO - [2024-11-07T20:39:11.050+0000] {dag.py:4180} INFO - Setting next_dagrun for producer to 2024-11-07 00:00:00+00:00, run_after=2024-11-08 00:00:00+00:00
[2024-11-07T20:39:11.076+0000] {processor.py:208} INFO - Processing /opt/airflow/dags/producer.py took 0.105 seconds
[2024-11-07T20:39:41.431+0000] {processor.py:186} INFO - Started process (PID=5472) to work on /opt/airflow/dags/producer.py
[2024-11-07T20:39:41.432+0000] {processor.py:914} INFO - Processing file /opt/airflow/dags/producer.py for tasks to queue
[2024-11-07T20:39:41.434+0000] {logging_mixin.py:190} INFO - [2024-11-07T20:39:41.433+0000] {dagbag.py:588} INFO - Filling up the DagBag from /opt/airflow/dags/producer.py
[2024-11-07T20:39:41.484+0000] {processor.py:925} INFO - DAG(s) 'producer' retrieved from /opt/airflow/dags/producer.py
[2024-11-07T20:39:41.531+0000] {logging_mixin.py:190} INFO - [2024-11-07T20:39:41.530+0000] {dag.py:3239} INFO - Sync 1 DAGs
[2024-11-07T20:39:41.552+0000] {logging_mixin.py:190} INFO - [2024-11-07T20:39:41.552+0000] {dag.py:4180} INFO - Setting next_dagrun for producer to 2024-11-07 00:00:00+00:00, run_after=2024-11-08 00:00:00+00:00
[2024-11-07T20:39:41.594+0000] {processor.py:208} INFO - Processing /opt/airflow/dags/producer.py took 0.170 seconds
[2024-11-07T20:40:15.774+0000] {processor.py:186} INFO - Started process (PID=5529) to work on /opt/airflow/dags/producer.py
[2024-11-07T20:40:15.793+0000] {processor.py:914} INFO - Processing file /opt/airflow/dags/producer.py for tasks to queue
[2024-11-07T20:40:15.796+0000] {logging_mixin.py:190} INFO - [2024-11-07T20:40:15.795+0000] {dagbag.py:588} INFO - Filling up the DagBag from /opt/airflow/dags/producer.py
[2024-11-07T20:40:15.852+0000] {processor.py:925} INFO - DAG(s) 'producer' retrieved from /opt/airflow/dags/producer.py
[2024-11-07T20:40:15.927+0000] {logging_mixin.py:190} INFO - [2024-11-07T20:40:15.927+0000] {dag.py:3239} INFO - Sync 1 DAGs
[2024-11-07T20:40:16.002+0000] {logging_mixin.py:190} INFO - [2024-11-07T20:40:16.002+0000] {dag.py:4180} INFO - Setting next_dagrun for producer to 2024-11-07 00:00:00+00:00, run_after=2024-11-08 00:00:00+00:00
[2024-11-07T20:40:16.053+0000] {processor.py:208} INFO - Processing /opt/airflow/dags/producer.py took 0.301 seconds
[2024-11-07T20:40:46.581+0000] {processor.py:186} INFO - Started process (PID=5600) to work on /opt/airflow/dags/producer.py
[2024-11-07T20:40:46.582+0000] {processor.py:914} INFO - Processing file /opt/airflow/dags/producer.py for tasks to queue
[2024-11-07T20:40:46.588+0000] {logging_mixin.py:190} INFO - [2024-11-07T20:40:46.587+0000] {dagbag.py:588} INFO - Filling up the DagBag from /opt/airflow/dags/producer.py
[2024-11-07T20:40:46.634+0000] {processor.py:925} INFO - DAG(s) 'producer' retrieved from /opt/airflow/dags/producer.py
[2024-11-07T20:40:46.675+0000] {logging_mixin.py:190} INFO - [2024-11-07T20:40:46.675+0000] {dag.py:3239} INFO - Sync 1 DAGs
[2024-11-07T20:40:46.732+0000] {logging_mixin.py:190} INFO - [2024-11-07T20:40:46.731+0000] {dag.py:4180} INFO - Setting next_dagrun for producer to 2024-11-07 00:00:00+00:00, run_after=2024-11-08 00:00:00+00:00
[2024-11-07T20:40:46.799+0000] {processor.py:208} INFO - Processing /opt/airflow/dags/producer.py took 0.235 seconds
[2024-11-07T20:41:33.851+0000] {processor.py:186} INFO - Started process (PID=5628) to work on /opt/airflow/dags/producer.py
[2024-11-07T20:41:33.853+0000] {processor.py:914} INFO - Processing file /opt/airflow/dags/producer.py for tasks to queue
[2024-11-07T20:41:33.855+0000] {logging_mixin.py:190} INFO - [2024-11-07T20:41:33.855+0000] {dagbag.py:588} INFO - Filling up the DagBag from /opt/airflow/dags/producer.py
[2024-11-07T20:41:33.888+0000] {processor.py:925} INFO - DAG(s) 'producer' retrieved from /opt/airflow/dags/producer.py
[2024-11-07T20:41:33.918+0000] {logging_mixin.py:190} INFO - [2024-11-07T20:41:33.917+0000] {dag.py:3239} INFO - Sync 1 DAGs
[2024-11-07T20:41:33.952+0000] {logging_mixin.py:190} INFO - [2024-11-07T20:41:33.951+0000] {dag.py:4180} INFO - Setting next_dagrun for producer to 2024-11-07 00:00:00+00:00, run_after=2024-11-08 00:00:00+00:00
[2024-11-07T20:41:33.983+0000] {processor.py:208} INFO - Processing /opt/airflow/dags/producer.py took 0.148 seconds
[2024-11-07T20:41:40.720+0000] {processor.py:186} INFO - Started process (PID=5682) to work on /opt/airflow/dags/producer.py
[2024-11-07T20:41:40.720+0000] {processor.py:914} INFO - Processing file /opt/airflow/dags/producer.py for tasks to queue
[2024-11-07T20:41:40.721+0000] {logging_mixin.py:190} INFO - [2024-11-07T20:41:40.721+0000] {dagbag.py:588} INFO - Filling up the DagBag from /opt/airflow/dags/producer.py
[2024-11-07T20:41:40.744+0000] {processor.py:925} INFO - DAG(s) 'producer' retrieved from /opt/airflow/dags/producer.py
[2024-11-07T20:41:40.763+0000] {logging_mixin.py:190} INFO - [2024-11-07T20:41:40.763+0000] {dag.py:3239} INFO - Sync 1 DAGs
[2024-11-07T20:41:40.783+0000] {logging_mixin.py:190} INFO - [2024-11-07T20:41:40.782+0000] {dag.py:4180} INFO - Setting next_dagrun for producer to 2024-11-07 00:00:00+00:00, run_after=2024-11-08 00:00:00+00:00
[2024-11-07T20:41:40.803+0000] {processor.py:208} INFO - Processing /opt/airflow/dags/producer.py took 0.088 seconds
[2024-11-07T20:41:50.907+0000] {processor.py:186} INFO - Started process (PID=5683) to work on /opt/airflow/dags/producer.py
[2024-11-07T20:41:50.908+0000] {processor.py:914} INFO - Processing file /opt/airflow/dags/producer.py for tasks to queue
[2024-11-07T20:41:50.909+0000] {logging_mixin.py:190} INFO - [2024-11-07T20:41:50.908+0000] {dagbag.py:588} INFO - Filling up the DagBag from /opt/airflow/dags/producer.py
[2024-11-07T20:41:50.927+0000] {processor.py:925} INFO - DAG(s) 'producer' retrieved from /opt/airflow/dags/producer.py
[2024-11-07T20:41:50.942+0000] {logging_mixin.py:190} INFO - [2024-11-07T20:41:50.942+0000] {dag.py:3239} INFO - Sync 1 DAGs
[2024-11-07T20:41:50.961+0000] {logging_mixin.py:190} INFO - [2024-11-07T20:41:50.961+0000] {dag.py:4180} INFO - Setting next_dagrun for producer to 2024-11-07 00:00:00+00:00, run_after=2024-11-08 00:00:00+00:00
[2024-11-07T20:41:50.983+0000] {processor.py:208} INFO - Processing /opt/airflow/dags/producer.py took 0.082 seconds
[2024-11-07T20:41:58.972+0000] {processor.py:186} INFO - Started process (PID=5684) to work on /opt/airflow/dags/producer.py
[2024-11-07T20:41:58.973+0000] {processor.py:914} INFO - Processing file /opt/airflow/dags/producer.py for tasks to queue
[2024-11-07T20:41:58.974+0000] {logging_mixin.py:190} INFO - [2024-11-07T20:41:58.974+0000] {dagbag.py:588} INFO - Filling up the DagBag from /opt/airflow/dags/producer.py
[2024-11-07T20:41:58.991+0000] {processor.py:925} INFO - DAG(s) 'producer' retrieved from /opt/airflow/dags/producer.py
[2024-11-07T20:41:59.125+0000] {logging_mixin.py:190} INFO - [2024-11-07T20:41:59.125+0000] {dag.py:3239} INFO - Sync 1 DAGs
[2024-11-07T20:41:59.151+0000] {logging_mixin.py:190} INFO - [2024-11-07T20:41:59.151+0000] {dag.py:4180} INFO - Setting next_dagrun for producer to 2024-11-07 00:00:00+00:00, run_after=2024-11-08 00:00:00+00:00
[2024-11-07T20:41:59.179+0000] {processor.py:208} INFO - Processing /opt/airflow/dags/producer.py took 0.211 seconds
[2024-11-07T20:42:03.147+0000] {processor.py:186} INFO - Started process (PID=5685) to work on /opt/airflow/dags/producer.py
[2024-11-07T20:42:03.154+0000] {processor.py:914} INFO - Processing file /opt/airflow/dags/producer.py for tasks to queue
[2024-11-07T20:42:03.158+0000] {logging_mixin.py:190} INFO - [2024-11-07T20:42:03.158+0000] {dagbag.py:588} INFO - Filling up the DagBag from /opt/airflow/dags/producer.py
[2024-11-07T20:42:03.217+0000] {processor.py:925} INFO - DAG(s) 'producer' retrieved from /opt/airflow/dags/producer.py
[2024-11-07T20:42:03.236+0000] {logging_mixin.py:190} INFO - [2024-11-07T20:42:03.236+0000] {dag.py:3239} INFO - Sync 1 DAGs
[2024-11-07T20:42:03.277+0000] {logging_mixin.py:190} INFO - [2024-11-07T20:42:03.277+0000] {dag.py:4180} INFO - Setting next_dagrun for producer to 2024-11-07 00:00:00+00:00, run_after=2024-11-08 00:00:00+00:00
[2024-11-07T20:42:03.343+0000] {processor.py:208} INFO - Processing /opt/airflow/dags/producer.py took 0.225 seconds
[2024-11-07T20:42:33.312+0000] {processor.py:186} INFO - Started process (PID=5744) to work on /opt/airflow/dags/producer.py
[2024-11-07T20:42:33.313+0000] {processor.py:914} INFO - Processing file /opt/airflow/dags/producer.py for tasks to queue
[2024-11-07T20:42:33.316+0000] {logging_mixin.py:190} INFO - [2024-11-07T20:42:33.316+0000] {dagbag.py:588} INFO - Filling up the DagBag from /opt/airflow/dags/producer.py
[2024-11-07T20:42:33.342+0000] {processor.py:925} INFO - DAG(s) 'producer' retrieved from /opt/airflow/dags/producer.py
[2024-11-07T20:42:33.589+0000] {logging_mixin.py:190} INFO - [2024-11-07T20:42:33.589+0000] {dag.py:3239} INFO - Sync 1 DAGs
[2024-11-07T20:42:33.619+0000] {logging_mixin.py:190} INFO - [2024-11-07T20:42:33.619+0000] {dag.py:4180} INFO - Setting next_dagrun for producer to 2024-11-07 00:00:00+00:00, run_after=2024-11-08 00:00:00+00:00
[2024-11-07T20:42:33.673+0000] {processor.py:208} INFO - Processing /opt/airflow/dags/producer.py took 0.366 seconds
[2024-11-07T20:43:05.786+0000] {processor.py:186} INFO - Started process (PID=5808) to work on /opt/airflow/dags/producer.py
[2024-11-07T20:43:05.787+0000] {processor.py:914} INFO - Processing file /opt/airflow/dags/producer.py for tasks to queue
[2024-11-07T20:43:05.790+0000] {logging_mixin.py:190} INFO - [2024-11-07T20:43:05.790+0000] {dagbag.py:588} INFO - Filling up the DagBag from /opt/airflow/dags/producer.py
[2024-11-07T20:43:05.821+0000] {processor.py:925} INFO - DAG(s) 'producer' retrieved from /opt/airflow/dags/producer.py
[2024-11-07T20:43:20.522+0000] {logging_mixin.py:190} INFO - [2024-11-07T20:43:20.520+0000] {dag.py:3239} INFO - Sync 1 DAGs
[2024-11-07T20:43:20.568+0000] {logging_mixin.py:190} INFO - [2024-11-07T20:43:20.568+0000] {dag.py:4180} INFO - Setting next_dagrun for producer to 2024-11-07 00:00:00+00:00, run_after=2024-11-08 00:00:00+00:00
[2024-11-07T20:43:20.598+0000] {processor.py:208} INFO - Processing /opt/airflow/dags/producer.py took 14.821 seconds
[2024-11-07T20:43:51.515+0000] {processor.py:186} INFO - Started process (PID=5878) to work on /opt/airflow/dags/producer.py
[2024-11-07T20:43:51.523+0000] {processor.py:914} INFO - Processing file /opt/airflow/dags/producer.py for tasks to queue
[2024-11-07T20:43:51.524+0000] {logging_mixin.py:190} INFO - [2024-11-07T20:43:51.524+0000] {dagbag.py:588} INFO - Filling up the DagBag from /opt/airflow/dags/producer.py
[2024-11-07T20:43:51.624+0000] {processor.py:925} INFO - DAG(s) 'producer' retrieved from /opt/airflow/dags/producer.py
[2024-11-07T20:43:51.664+0000] {logging_mixin.py:190} INFO - [2024-11-07T20:43:51.663+0000] {dag.py:3239} INFO - Sync 1 DAGs
[2024-11-07T20:43:51.744+0000] {logging_mixin.py:190} INFO - [2024-11-07T20:43:51.744+0000] {dag.py:4180} INFO - Setting next_dagrun for producer to 2024-11-07 00:00:00+00:00, run_after=2024-11-08 00:00:00+00:00
[2024-11-07T20:43:51.792+0000] {processor.py:208} INFO - Processing /opt/airflow/dags/producer.py took 0.303 seconds
[2024-11-07T20:45:02.797+0000] {processor.py:186} INFO - Started process (PID=5917) to work on /opt/airflow/dags/producer.py
[2024-11-07T20:45:02.803+0000] {processor.py:914} INFO - Processing file /opt/airflow/dags/producer.py for tasks to queue
[2024-11-07T20:45:02.804+0000] {logging_mixin.py:190} INFO - [2024-11-07T20:45:02.804+0000] {dagbag.py:588} INFO - Filling up the DagBag from /opt/airflow/dags/producer.py
[2024-11-07T20:45:02.835+0000] {processor.py:925} INFO - DAG(s) 'producer' retrieved from /opt/airflow/dags/producer.py
[2024-11-07T20:45:02.858+0000] {logging_mixin.py:190} INFO - [2024-11-07T20:45:02.858+0000] {dag.py:3239} INFO - Sync 1 DAGs
[2024-11-07T20:45:02.897+0000] {logging_mixin.py:190} INFO - [2024-11-07T20:45:02.897+0000] {dag.py:4180} INFO - Setting next_dagrun for producer to 2024-11-07 00:00:00+00:00, run_after=2024-11-08 00:00:00+00:00
[2024-11-07T20:45:02.926+0000] {processor.py:208} INFO - Processing /opt/airflow/dags/producer.py took 0.135 seconds
[2024-11-07T20:45:33.056+0000] {processor.py:186} INFO - Started process (PID=5976) to work on /opt/airflow/dags/producer.py
[2024-11-07T20:45:33.058+0000] {processor.py:914} INFO - Processing file /opt/airflow/dags/producer.py for tasks to queue
[2024-11-07T20:45:33.059+0000] {logging_mixin.py:190} INFO - [2024-11-07T20:45:33.059+0000] {dagbag.py:588} INFO - Filling up the DagBag from /opt/airflow/dags/producer.py
[2024-11-07T20:45:33.088+0000] {processor.py:925} INFO - DAG(s) 'producer' retrieved from /opt/airflow/dags/producer.py
[2024-11-07T20:45:33.105+0000] {logging_mixin.py:190} INFO - [2024-11-07T20:45:33.105+0000] {dag.py:3239} INFO - Sync 1 DAGs
[2024-11-07T20:45:33.129+0000] {logging_mixin.py:190} INFO - [2024-11-07T20:45:33.129+0000] {dag.py:4180} INFO - Setting next_dagrun for producer to 2024-11-07 00:00:00+00:00, run_after=2024-11-08 00:00:00+00:00
[2024-11-07T20:45:33.151+0000] {processor.py:208} INFO - Processing /opt/airflow/dags/producer.py took 0.100 seconds
[2024-11-07T20:46:03.290+0000] {processor.py:186} INFO - Started process (PID=6041) to work on /opt/airflow/dags/producer.py
[2024-11-07T20:46:03.291+0000] {processor.py:914} INFO - Processing file /opt/airflow/dags/producer.py for tasks to queue
[2024-11-07T20:46:03.292+0000] {logging_mixin.py:190} INFO - [2024-11-07T20:46:03.292+0000] {dagbag.py:588} INFO - Filling up the DagBag from /opt/airflow/dags/producer.py
[2024-11-07T20:46:03.305+0000] {processor.py:925} INFO - DAG(s) 'producer' retrieved from /opt/airflow/dags/producer.py
[2024-11-07T20:46:03.320+0000] {logging_mixin.py:190} INFO - [2024-11-07T20:46:03.320+0000] {dag.py:3239} INFO - Sync 1 DAGs
[2024-11-07T20:46:03.342+0000] {logging_mixin.py:190} INFO - [2024-11-07T20:46:03.342+0000] {dag.py:4180} INFO - Setting next_dagrun for producer to 2024-11-07 00:00:00+00:00, run_after=2024-11-08 00:00:00+00:00
[2024-11-07T20:46:03.359+0000] {processor.py:208} INFO - Processing /opt/airflow/dags/producer.py took 0.073 seconds
[2024-11-07T20:46:33.495+0000] {processor.py:186} INFO - Started process (PID=6102) to work on /opt/airflow/dags/producer.py
[2024-11-07T20:46:33.496+0000] {processor.py:914} INFO - Processing file /opt/airflow/dags/producer.py for tasks to queue
[2024-11-07T20:46:33.497+0000] {logging_mixin.py:190} INFO - [2024-11-07T20:46:33.496+0000] {dagbag.py:588} INFO - Filling up the DagBag from /opt/airflow/dags/producer.py
[2024-11-07T20:46:33.517+0000] {processor.py:925} INFO - DAG(s) 'producer' retrieved from /opt/airflow/dags/producer.py
[2024-11-07T20:46:33.533+0000] {logging_mixin.py:190} INFO - [2024-11-07T20:46:33.533+0000] {dag.py:3239} INFO - Sync 1 DAGs
[2024-11-07T20:46:33.553+0000] {logging_mixin.py:190} INFO - [2024-11-07T20:46:33.552+0000] {dag.py:4180} INFO - Setting next_dagrun for producer to 2024-11-07 00:00:00+00:00, run_after=2024-11-08 00:00:00+00:00
[2024-11-07T20:46:33.570+0000] {processor.py:208} INFO - Processing /opt/airflow/dags/producer.py took 0.083 seconds
[2024-11-07T20:47:03.745+0000] {processor.py:186} INFO - Started process (PID=6167) to work on /opt/airflow/dags/producer.py
[2024-11-07T20:47:03.747+0000] {processor.py:914} INFO - Processing file /opt/airflow/dags/producer.py for tasks to queue
[2024-11-07T20:47:03.749+0000] {logging_mixin.py:190} INFO - [2024-11-07T20:47:03.748+0000] {dagbag.py:588} INFO - Filling up the DagBag from /opt/airflow/dags/producer.py
[2024-11-07T20:47:03.787+0000] {processor.py:925} INFO - DAG(s) 'producer' retrieved from /opt/airflow/dags/producer.py
[2024-11-07T20:47:03.853+0000] {logging_mixin.py:190} INFO - [2024-11-07T20:47:03.853+0000] {dag.py:3239} INFO - Sync 1 DAGs
[2024-11-07T20:47:03.888+0000] {logging_mixin.py:190} INFO - [2024-11-07T20:47:03.888+0000] {dag.py:4180} INFO - Setting next_dagrun for producer to 2024-11-07 00:00:00+00:00, run_after=2024-11-08 00:00:00+00:00
[2024-11-07T20:47:03.911+0000] {processor.py:208} INFO - Processing /opt/airflow/dags/producer.py took 0.175 seconds
[2024-11-07T20:47:34.942+0000] {processor.py:186} INFO - Started process (PID=6231) to work on /opt/airflow/dags/producer.py
[2024-11-07T20:47:34.957+0000] {processor.py:914} INFO - Processing file /opt/airflow/dags/producer.py for tasks to queue
[2024-11-07T20:47:34.963+0000] {logging_mixin.py:190} INFO - [2024-11-07T20:47:34.958+0000] {dagbag.py:588} INFO - Filling up the DagBag from /opt/airflow/dags/producer.py
[2024-11-07T20:47:35.219+0000] {processor.py:925} INFO - DAG(s) 'producer' retrieved from /opt/airflow/dags/producer.py
[2024-11-07T20:47:48.475+0000] {logging_mixin.py:190} INFO - [2024-11-07T20:47:48.471+0000] {dag.py:3239} INFO - Sync 1 DAGs
[2024-11-07T20:47:48.591+0000] {logging_mixin.py:190} INFO - [2024-11-07T20:47:48.591+0000] {dag.py:4180} INFO - Setting next_dagrun for producer to 2024-11-07 00:00:00+00:00, run_after=2024-11-08 00:00:00+00:00
[2024-11-07T20:47:48.689+0000] {processor.py:208} INFO - Processing /opt/airflow/dags/producer.py took 13.784 seconds
[2024-11-07T20:48:19.644+0000] {processor.py:186} INFO - Started process (PID=6302) to work on /opt/airflow/dags/producer.py
[2024-11-07T20:48:19.645+0000] {processor.py:914} INFO - Processing file /opt/airflow/dags/producer.py for tasks to queue
[2024-11-07T20:48:19.646+0000] {logging_mixin.py:190} INFO - [2024-11-07T20:48:19.645+0000] {dagbag.py:588} INFO - Filling up the DagBag from /opt/airflow/dags/producer.py
[2024-11-07T20:48:19.673+0000] {processor.py:925} INFO - DAG(s) 'producer' retrieved from /opt/airflow/dags/producer.py
[2024-11-07T20:48:19.698+0000] {logging_mixin.py:190} INFO - [2024-11-07T20:48:19.698+0000] {dag.py:3239} INFO - Sync 1 DAGs
[2024-11-07T20:48:19.756+0000] {logging_mixin.py:190} INFO - [2024-11-07T20:48:19.756+0000] {dag.py:4180} INFO - Setting next_dagrun for producer to 2024-11-07 00:00:00+00:00, run_after=2024-11-08 00:00:00+00:00
[2024-11-07T20:48:19.822+0000] {processor.py:208} INFO - Processing /opt/airflow/dags/producer.py took 0.202 seconds
[2024-11-07T20:48:49.880+0000] {processor.py:186} INFO - Started process (PID=6368) to work on /opt/airflow/dags/producer.py
[2024-11-07T20:48:49.881+0000] {processor.py:914} INFO - Processing file /opt/airflow/dags/producer.py for tasks to queue
[2024-11-07T20:48:49.882+0000] {logging_mixin.py:190} INFO - [2024-11-07T20:48:49.882+0000] {dagbag.py:588} INFO - Filling up the DagBag from /opt/airflow/dags/producer.py
[2024-11-07T20:48:49.901+0000] {processor.py:925} INFO - DAG(s) 'producer' retrieved from /opt/airflow/dags/producer.py
[2024-11-07T20:48:49.917+0000] {logging_mixin.py:190} INFO - [2024-11-07T20:48:49.917+0000] {dag.py:3239} INFO - Sync 1 DAGs
[2024-11-07T20:48:49.936+0000] {logging_mixin.py:190} INFO - [2024-11-07T20:48:49.936+0000] {dag.py:4180} INFO - Setting next_dagrun for producer to 2024-11-07 00:00:00+00:00, run_after=2024-11-08 00:00:00+00:00
[2024-11-07T20:48:49.953+0000] {processor.py:208} INFO - Processing /opt/airflow/dags/producer.py took 0.077 seconds
[2024-11-07T20:49:20.613+0000] {processor.py:186} INFO - Started process (PID=6426) to work on /opt/airflow/dags/producer.py
[2024-11-07T20:49:20.625+0000] {processor.py:914} INFO - Processing file /opt/airflow/dags/producer.py for tasks to queue
[2024-11-07T20:49:20.638+0000] {logging_mixin.py:190} INFO - [2024-11-07T20:49:20.630+0000] {dagbag.py:588} INFO - Filling up the DagBag from /opt/airflow/dags/producer.py
[2024-11-07T20:49:20.849+0000] {processor.py:925} INFO - DAG(s) 'producer' retrieved from /opt/airflow/dags/producer.py
[2024-11-07T20:49:33.913+0000] {logging_mixin.py:190} INFO - [2024-11-07T20:49:33.910+0000] {dag.py:3239} INFO - Sync 1 DAGs
[2024-11-07T20:49:33.976+0000] {logging_mixin.py:190} INFO - [2024-11-07T20:49:33.976+0000] {dag.py:4180} INFO - Setting next_dagrun for producer to 2024-11-07 00:00:00+00:00, run_after=2024-11-08 00:00:00+00:00
[2024-11-07T20:49:34.047+0000] {processor.py:208} INFO - Processing /opt/airflow/dags/producer.py took 13.185 seconds
