[2024-11-07T20:37:21.844+0000] {local_task_job_runner.py:123} INFO - ::group::Pre task execution logs
[2024-11-07T20:37:21.858+0000] {taskinstance.py:2612} INFO - Dependencies all met for dep_context=non-requeueable deps ti=<TaskInstance: consumer.read_dataset dataset_triggered__2024-11-07T20:37:19.651580+00:00 [queued]>
[2024-11-07T20:37:21.863+0000] {taskinstance.py:2612} INFO - Dependencies all met for dep_context=requeueable deps ti=<TaskInstance: consumer.read_dataset dataset_triggered__2024-11-07T20:37:19.651580+00:00 [queued]>
[2024-11-07T20:37:21.863+0000] {taskinstance.py:2865} INFO - Starting attempt 1 of 1
[2024-11-07T20:37:21.874+0000] {taskinstance.py:2888} INFO - Executing <Task(_PythonDecoratedOperator): read_dataset> on 2024-11-07 20:37:19.651580+00:00
[2024-11-07T20:37:21.884+0000] {warnings.py:112} WARNING - /home/***/.local/lib/python3.12/site-packages/***/task/task_runner/standard_task_runner.py:70: DeprecationWarning: This process (pid=924) is multi-threaded, use of fork() may lead to deadlocks in the child.
  pid = os.fork()

[2024-11-07T20:37:21.885+0000] {standard_task_runner.py:72} INFO - Started process 926 to run task
[2024-11-07T20:37:21.885+0000] {standard_task_runner.py:104} INFO - Running: ['***', 'tasks', 'run', 'consumer', 'read_dataset', 'dataset_triggered__2024-11-07T20:37:19.651580+00:00', '--job-id', '155', '--raw', '--subdir', 'DAGS_FOLDER/consumer.py', '--cfg-path', '/tmp/tmpzl2l4je4']
[2024-11-07T20:37:21.885+0000] {standard_task_runner.py:105} INFO - Job 155: Subtask read_dataset
[2024-11-07T20:37:21.929+0000] {task_command.py:467} INFO - Running <TaskInstance: consumer.read_dataset dataset_triggered__2024-11-07T20:37:19.651580+00:00 [running]> on host 4460e615f578
[2024-11-07T20:37:21.996+0000] {taskinstance.py:3131} INFO - Exporting env vars: AIRFLOW_CTX_DAG_OWNER='***' AIRFLOW_CTX_DAG_ID='consumer' AIRFLOW_CTX_TASK_ID='read_dataset' AIRFLOW_CTX_EXECUTION_DATE='2024-11-07T20:37:19.651580+00:00' AIRFLOW_CTX_TRY_NUMBER='1' AIRFLOW_CTX_DAG_RUN_ID='dataset_triggered__2024-11-07T20:37:19.651580+00:00'
[2024-11-07T20:37:21.997+0000] {logging_mixin.py:190} INFO - Task instance is in running state
[2024-11-07T20:37:21.997+0000] {logging_mixin.py:190} INFO -  Previous state of the Task instance: queued
[2024-11-07T20:37:21.998+0000] {logging_mixin.py:190} INFO - Current task name:read_dataset state:running start_date:2024-11-07 20:37:21.859045+00:00
[2024-11-07T20:37:21.998+0000] {logging_mixin.py:190} INFO - Dag name:consumer and current dag run status:running
[2024-11-07T20:37:21.998+0000] {taskinstance.py:731} INFO - ::endgroup::
[2024-11-07T20:37:21.999+0000] {logging_mixin.py:190} INFO - producer updateproducer update
[2024-11-07T20:37:22.008+0000] {python.py:240} INFO - Done. Returned value was: None
[2024-11-07T20:37:22.022+0000] {taskinstance.py:340} INFO - ::group::Post task execution logs
[2024-11-07T20:37:22.023+0000] {taskinstance.py:352} INFO - Marking task as SUCCESS. dag_id=consumer, task_id=read_dataset, run_id=dataset_triggered__2024-11-07T20:37:19.651580+00:00, execution_date=20241107T203719, start_date=20241107T203721, end_date=20241107T203722
[2024-11-07T20:37:22.031+0000] {logging_mixin.py:190} INFO - Task instance in success state
[2024-11-07T20:37:22.031+0000] {logging_mixin.py:190} INFO -  Previous state of the Task instance: running
[2024-11-07T20:37:22.031+0000] {logging_mixin.py:190} INFO - Dag name:consumer queued_at:2024-11-07 20:37:20.363267+00:00
[2024-11-07T20:37:22.032+0000] {logging_mixin.py:190} INFO - Task hostname:4460e615f578 operator:_PythonDecoratedOperator
[2024-11-07T20:37:22.068+0000] {local_task_job_runner.py:266} INFO - Task exited with return code 0
[2024-11-07T20:37:22.083+0000] {taskinstance.py:3900} INFO - 0 downstream tasks scheduled from follow-on schedule check
[2024-11-07T20:37:22.085+0000] {local_task_job_runner.py:245} INFO - ::endgroup::
