[2024-11-11T19:59:16.669+0000] {local_task_job_runner.py:123} INFO - ::group::Pre task execution logs
[2024-11-11T19:59:16.684+0000] {taskinstance.py:2612} INFO - Dependencies all met for dep_context=non-requeueable deps ti=<TaskInstance: parallel_dag.load_a manual__2024-11-11T19:59:04.328988+00:00 [queued]>
[2024-11-11T19:59:16.692+0000] {taskinstance.py:2612} INFO - Dependencies all met for dep_context=requeueable deps ti=<TaskInstance: parallel_dag.load_a manual__2024-11-11T19:59:04.328988+00:00 [queued]>
[2024-11-11T19:59:16.693+0000] {taskinstance.py:2865} INFO - Starting attempt 1 of 1
[2024-11-11T19:59:16.704+0000] {taskinstance.py:2888} INFO - Executing <Task(BashOperator): load_a> on 2024-11-11 19:59:04.328988+00:00
[2024-11-11T19:59:16.711+0000] {warnings.py:112} WARNING - /home/***/.local/lib/python3.12/site-packages/***/task/task_runner/standard_task_runner.py:70: DeprecationWarning: This process (pid=124) is multi-threaded, use of fork() may lead to deadlocks in the child.
  pid = os.fork()

[2024-11-11T19:59:16.712+0000] {standard_task_runner.py:72} INFO - Started process 126 to run task
[2024-11-11T19:59:16.712+0000] {standard_task_runner.py:104} INFO - Running: ['***', 'tasks', 'run', 'parallel_dag', 'load_a', 'manual__2024-11-11T19:59:04.328988+00:00', '--job-id', '191', '--raw', '--subdir', 'DAGS_FOLDER/parallel_dag.py', '--cfg-path', '/tmp/tmpmrn0yjh8']
[2024-11-11T19:59:16.713+0000] {standard_task_runner.py:105} INFO - Job 191: Subtask load_a
[2024-11-11T19:59:16.752+0000] {task_command.py:467} INFO - Running <TaskInstance: parallel_dag.load_a manual__2024-11-11T19:59:04.328988+00:00 [running]> on host 896d5b9d81c0
[2024-11-11T19:59:16.823+0000] {taskinstance.py:3131} INFO - Exporting env vars: AIRFLOW_CTX_DAG_OWNER='***' AIRFLOW_CTX_DAG_ID='parallel_dag' AIRFLOW_CTX_TASK_ID='load_a' AIRFLOW_CTX_EXECUTION_DATE='2024-11-11T19:59:04.328988+00:00' AIRFLOW_CTX_TRY_NUMBER='1' AIRFLOW_CTX_DAG_RUN_ID='manual__2024-11-11T19:59:04.328988+00:00'
[2024-11-11T19:59:16.824+0000] {taskinstance.py:731} INFO - ::endgroup::
[2024-11-11T19:59:16.836+0000] {subprocess.py:63} INFO - Tmp dir root location: /tmp
[2024-11-11T19:59:16.837+0000] {subprocess.py:75} INFO - Running command: ['/usr/bin/bash', '-c', 'sleep 10']
[2024-11-11T19:59:16.849+0000] {subprocess.py:86} INFO - Output:
[2024-11-11T19:59:26.852+0000] {subprocess.py:97} INFO - Command exited with return code 0
[2024-11-11T19:59:26.886+0000] {taskinstance.py:340} INFO - ::group::Post task execution logs
[2024-11-11T19:59:26.886+0000] {taskinstance.py:352} INFO - Marking task as SUCCESS. dag_id=parallel_dag, task_id=load_a, run_id=manual__2024-11-11T19:59:04.328988+00:00, execution_date=20241111T195904, start_date=20241111T195916, end_date=20241111T195926
[2024-11-11T19:59:26.950+0000] {local_task_job_runner.py:266} INFO - Task exited with return code 0
[2024-11-11T19:59:26.965+0000] {taskinstance.py:3900} INFO - 0 downstream tasks scheduled from follow-on schedule check
[2024-11-11T19:59:26.967+0000] {local_task_job_runner.py:245} INFO - ::endgroup::
