[2024-11-11T20:20:49.023+0000] {local_task_job_runner.py:123} INFO - ::group::Pre task execution logs
[2024-11-11T20:20:49.086+0000] {taskinstance.py:2612} INFO - Dependencies all met for dep_context=non-requeueable deps ti=<TaskInstance: group_dag.downloads.download_a scheduled__2024-11-11T20:20:45.909052+00:00 [queued]>
[2024-11-11T20:20:49.108+0000] {taskinstance.py:2612} INFO - Dependencies all met for dep_context=requeueable deps ti=<TaskInstance: group_dag.downloads.download_a scheduled__2024-11-11T20:20:45.909052+00:00 [queued]>
[2024-11-11T20:20:49.118+0000] {taskinstance.py:2865} INFO - Starting attempt 1 of 1
[2024-11-11T20:20:49.163+0000] {taskinstance.py:2888} INFO - Executing <Task(BashOperator): download_a> on 2024-11-11 20:20:45.909052+00:00
[2024-11-11T20:20:49.204+0000] {warnings.py:112} WARNING - /home/***/.local/lib/python3.12/site-packages/***/task/task_runner/standard_task_runner.py:70: DeprecationWarning: This process (pid=430) is multi-threaded, use of fork() may lead to deadlocks in the child.
  pid = os.fork()

[2024-11-11T20:20:49.229+0000] {standard_task_runner.py:104} INFO - Running: ['***', 'tasks', 'run', 'group_dag.downloads', 'download_a', 'scheduled__2024-11-11T20:20:45.909052+00:00', '--job-id', '200', '--raw', '--subdir', 'DAGS_FOLDER/group_dag.py', '--cfg-path', '/tmp/tmpvsfvv3ge']
[2024-11-11T20:20:49.234+0000] {standard_task_runner.py:105} INFO - Job 200: Subtask download_a
[2024-11-11T20:20:49.229+0000] {standard_task_runner.py:72} INFO - Started process 439 to run task
[2024-11-11T20:20:49.509+0000] {task_command.py:467} INFO - Running <TaskInstance: group_dag.downloads.download_a scheduled__2024-11-11T20:20:45.909052+00:00 [running]> on host 896d5b9d81c0
[2024-11-11T20:20:49.689+0000] {taskinstance.py:3131} INFO - Exporting env vars: AIRFLOW_CTX_DAG_OWNER='***' AIRFLOW_CTX_DAG_ID='group_dag.downloads' AIRFLOW_CTX_TASK_ID='download_a' AIRFLOW_CTX_EXECUTION_DATE='2024-11-11T20:20:45.909052+00:00' AIRFLOW_CTX_TRY_NUMBER='1' AIRFLOW_CTX_DAG_RUN_ID='scheduled__2024-11-11T20:20:45.909052+00:00'
[2024-11-11T20:20:49.692+0000] {taskinstance.py:731} INFO - ::endgroup::
[2024-11-11T20:20:49.719+0000] {subprocess.py:63} INFO - Tmp dir root location: /tmp
[2024-11-11T20:20:49.722+0000] {subprocess.py:75} INFO - Running command: ['/usr/bin/bash', '-c', 'sleep 10']
[2024-11-11T20:20:49.741+0000] {subprocess.py:86} INFO - Output:
[2024-11-11T20:20:59.746+0000] {subprocess.py:97} INFO - Command exited with return code 0
[2024-11-11T20:20:59.782+0000] {taskinstance.py:340} INFO - ::group::Post task execution logs
[2024-11-11T20:20:59.783+0000] {taskinstance.py:352} INFO - Marking task as SUCCESS. dag_id=group_dag.downloads, task_id=download_a, run_id=scheduled__2024-11-11T20:20:45.909052+00:00, execution_date=20241111T202045, start_date=20241111T202049, end_date=20241111T202059
[2024-11-11T20:20:59.812+0000] {local_task_job_runner.py:266} INFO - Task exited with return code 0
[2024-11-11T20:20:59.820+0000] {local_task_job_runner.py:245} INFO - ::endgroup::
