[2024-11-07T19:49:05.723+0000] {local_task_job_runner.py:123} INFO - ::group::Pre task execution logs
[2024-11-07T19:49:05.741+0000] {taskinstance.py:2612} INFO - Dependencies all met for dep_context=non-requeueable deps ti=<TaskInstance: user_processing.is_api_available manual__2024-11-07T19:49:00.071939+00:00 [queued]>
[2024-11-07T19:49:05.749+0000] {taskinstance.py:2612} INFO - Dependencies all met for dep_context=requeueable deps ti=<TaskInstance: user_processing.is_api_available manual__2024-11-07T19:49:00.071939+00:00 [queued]>
[2024-11-07T19:49:05.749+0000] {taskinstance.py:2865} INFO - Starting attempt 1 of 1
[2024-11-07T19:49:05.777+0000] {taskinstance.py:2888} INFO - Executing <Task(HttpSensor): is_api_available> on 2024-11-07 19:49:00.071939+00:00
[2024-11-07T19:49:05.787+0000] {standard_task_runner.py:104} INFO - Running: ['***', 'tasks', 'run', 'user_processing', 'is_api_available', 'manual__2024-11-07T19:49:00.071939+00:00', '--job-id', '149', '--raw', '--subdir', 'DAGS_FOLDER/user_processing.py', '--cfg-path', '/tmp/tmpza6g2400']
[2024-11-07T19:49:05.789+0000] {warnings.py:112} WARNING - /home/***/.local/lib/python3.12/site-packages/***/task/task_runner/standard_task_runner.py:70: DeprecationWarning: This process (pid=371) is multi-threaded, use of fork() may lead to deadlocks in the child.
  pid = os.fork()

[2024-11-07T19:49:05.790+0000] {standard_task_runner.py:72} INFO - Started process 373 to run task
[2024-11-07T19:49:05.790+0000] {standard_task_runner.py:105} INFO - Job 149: Subtask is_api_available
[2024-11-07T19:49:05.860+0000] {task_command.py:467} INFO - Running <TaskInstance: user_processing.is_api_available manual__2024-11-07T19:49:00.071939+00:00 [running]> on host 4460e615f578
[2024-11-07T19:49:05.973+0000] {taskinstance.py:3131} INFO - Exporting env vars: AIRFLOW_CTX_DAG_OWNER='***' AIRFLOW_CTX_DAG_ID='user_processing' AIRFLOW_CTX_TASK_ID='is_api_available' AIRFLOW_CTX_EXECUTION_DATE='2024-11-07T19:49:00.071939+00:00' AIRFLOW_CTX_TRY_NUMBER='1' AIRFLOW_CTX_DAG_RUN_ID='manual__2024-11-07T19:49:00.071939+00:00'
[2024-11-07T19:49:05.974+0000] {logging_mixin.py:190} INFO - Task instance is in running state
[2024-11-07T19:49:05.975+0000] {logging_mixin.py:190} INFO -  Previous state of the Task instance: queued
[2024-11-07T19:49:05.975+0000] {logging_mixin.py:190} INFO - Current task name:is_api_available state:running start_date:2024-11-07 19:49:05.742071+00:00
[2024-11-07T19:49:05.975+0000] {logging_mixin.py:190} INFO - Dag name:user_processing and current dag run status:running
[2024-11-07T19:49:05.976+0000] {taskinstance.py:731} INFO - ::endgroup::
[2024-11-07T19:49:05.976+0000] {baseoperator.py:405} WARNING - HttpSensor.execute cannot be called outside TaskInstance!
[2024-11-07T19:49:05.976+0000] {http.py:137} INFO - Poking: api/
[2024-11-07T19:49:05.983+0000] {base.py:84} INFO - Retrieving connection 'user_api'
[2024-11-07T19:49:08.433+0000] {base.py:336} INFO - Success criteria met. Exiting.
[2024-11-07T19:49:08.442+0000] {taskinstance.py:340} INFO - ::group::Post task execution logs
[2024-11-07T19:49:08.442+0000] {taskinstance.py:352} INFO - Marking task as SUCCESS. dag_id=user_processing, task_id=is_api_available, run_id=manual__2024-11-07T19:49:00.071939+00:00, execution_date=20241107T194900, start_date=20241107T194905, end_date=20241107T194908
[2024-11-07T19:49:08.450+0000] {logging_mixin.py:190} INFO - Task instance in success state
[2024-11-07T19:49:08.450+0000] {logging_mixin.py:190} INFO -  Previous state of the Task instance: running
[2024-11-07T19:49:08.451+0000] {logging_mixin.py:190} INFO - Dag name:user_processing queued_at:2024-11-07 19:49:00.087718+00:00
[2024-11-07T19:49:08.451+0000] {logging_mixin.py:190} INFO - Task hostname:4460e615f578 operator:HttpSensor
[2024-11-07T19:49:08.498+0000] {local_task_job_runner.py:266} INFO - Task exited with return code 0
[2024-11-07T19:49:08.507+0000] {warnings.py:112} WARNING - /home/***/.local/lib/python3.12/site-packages/***/models/baseoperator.py:1378: AirflowProviderDeprecationWarning: Call to deprecated class SimpleHttpOperator. (Class `SimpleHttpOperator` is deprecated and will be removed in a future release. Please use `HttpOperator` instead.)
  result = cls.__new__(cls)

[2024-11-07T19:49:08.524+0000] {taskinstance.py:3900} INFO - 1 downstream tasks scheduled from follow-on schedule check
[2024-11-07T19:49:08.527+0000] {local_task_job_runner.py:245} INFO - ::endgroup::
