[2024-11-12T17:17:34.635+0000] {local_task_job_runner.py:123} INFO - ::group::Pre task execution logs
[2024-11-12T17:17:34.656+0000] {taskinstance.py:2612} INFO - Dependencies all met for dep_context=non-requeueable deps ti=<TaskInstance: xcom_dag.t2 manual__2024-11-12T17:17:30.984577+00:00 [queued]>
[2024-11-12T17:17:34.665+0000] {taskinstance.py:2612} INFO - Dependencies all met for dep_context=requeueable deps ti=<TaskInstance: xcom_dag.t2 manual__2024-11-12T17:17:30.984577+00:00 [queued]>
[2024-11-12T17:17:34.666+0000] {taskinstance.py:2865} INFO - Starting attempt 1 of 1
[2024-11-12T17:17:34.678+0000] {taskinstance.py:2888} INFO - Executing <Task(PythonOperator): t2> on 2024-11-12 17:17:30.984577+00:00
[2024-11-12T17:17:34.684+0000] {warnings.py:112} WARNING - /home/***/.local/lib/python3.12/site-packages/***/task/task_runner/standard_task_runner.py:70: DeprecationWarning: This process (pid=1175) is multi-threaded, use of fork() may lead to deadlocks in the child.
  pid = os.fork()

[2024-11-12T17:17:34.685+0000] {standard_task_runner.py:72} INFO - Started process 1176 to run task
[2024-11-12T17:17:34.686+0000] {standard_task_runner.py:104} INFO - Running: ['***', 'tasks', 'run', 'xcom_dag', 't2', 'manual__2024-11-12T17:17:30.984577+00:00', '--job-id', '247', '--raw', '--subdir', 'DAGS_FOLDER/xcom_dag.py', '--cfg-path', '/tmp/tmph3lj3qsp']
[2024-11-12T17:17:34.686+0000] {standard_task_runner.py:105} INFO - Job 247: Subtask t2
[2024-11-12T17:17:34.726+0000] {task_command.py:467} INFO - Running <TaskInstance: xcom_dag.t2 manual__2024-11-12T17:17:30.984577+00:00 [running]> on host 896d5b9d81c0
[2024-11-12T17:17:34.794+0000] {taskinstance.py:3131} INFO - Exporting env vars: AIRFLOW_CTX_DAG_OWNER='***' AIRFLOW_CTX_DAG_ID='xcom_dag' AIRFLOW_CTX_TASK_ID='t2' AIRFLOW_CTX_EXECUTION_DATE='2024-11-12T17:17:30.984577+00:00' AIRFLOW_CTX_TRY_NUMBER='1' AIRFLOW_CTX_DAG_RUN_ID='manual__2024-11-12T17:17:30.984577+00:00'
[2024-11-12T17:17:34.795+0000] {taskinstance.py:731} INFO - ::endgroup::
[2024-11-12T17:17:34.813+0000] {logging_mixin.py:190} INFO - 42
[2024-11-12T17:17:34.813+0000] {python.py:240} INFO - Done. Returned value was: None
[2024-11-12T17:17:34.822+0000] {taskinstance.py:340} INFO - ::group::Post task execution logs
[2024-11-12T17:17:34.822+0000] {taskinstance.py:352} INFO - Marking task as SUCCESS. dag_id=xcom_dag, task_id=t2, run_id=manual__2024-11-12T17:17:30.984577+00:00, execution_date=20241112T171730, start_date=20241112T171734, end_date=20241112T171734
[2024-11-12T17:17:34.860+0000] {local_task_job_runner.py:266} INFO - Task exited with return code 0
[2024-11-12T17:17:34.876+0000] {taskinstance.py:3900} INFO - 0 downstream tasks scheduled from follow-on schedule check
[2024-11-12T17:17:34.879+0000] {local_task_job_runner.py:245} INFO - ::endgroup::
