[2024-11-11T19:39:00.606+0000] {local_task_job_runner.py:123} INFO - ::group::Pre task execution logs
[2024-11-11T19:39:00.624+0000] {taskinstance.py:2612} INFO - Dependencies all met for dep_context=non-requeueable deps ti=<TaskInstance: parallel_dag.load_a scheduled__2024-11-10T00:00:00+00:00 [queued]>
[2024-11-11T19:39:00.633+0000] {taskinstance.py:2612} INFO - Dependencies all met for dep_context=requeueable deps ti=<TaskInstance: parallel_dag.load_a scheduled__2024-11-10T00:00:00+00:00 [queued]>
[2024-11-11T19:39:00.633+0000] {taskinstance.py:2865} INFO - Starting attempt 1 of 1
[2024-11-11T19:39:00.648+0000] {taskinstance.py:2888} INFO - Executing <Task(BashOperator): load_a> on 2024-11-10 00:00:00+00:00
[2024-11-11T19:39:00.653+0000] {warnings.py:112} WARNING - /home/***/.local/lib/python3.12/site-packages/***/task/task_runner/standard_task_runner.py:70: DeprecationWarning: This process (pid=97) is multi-threaded, use of fork() may lead to deadlocks in the child.
  pid = os.fork()

[2024-11-11T19:39:00.655+0000] {standard_task_runner.py:72} INFO - Started process 98 to run task
[2024-11-11T19:39:00.655+0000] {standard_task_runner.py:104} INFO - Running: ['***', 'tasks', 'run', 'parallel_dag', 'load_a', 'scheduled__2024-11-10T00:00:00+00:00', '--job-id', '179', '--raw', '--subdir', 'DAGS_FOLDER/parallel_dag.py', '--cfg-path', '/tmp/tmprizgo727']
[2024-11-11T19:39:00.656+0000] {standard_task_runner.py:105} INFO - Job 179: Subtask load_a
[2024-11-11T19:39:00.701+0000] {task_command.py:467} INFO - Running <TaskInstance: parallel_dag.load_a scheduled__2024-11-10T00:00:00+00:00 [running]> on host d264c6577cd2
[2024-11-11T19:39:00.767+0000] {taskinstance.py:3131} INFO - Exporting env vars: AIRFLOW_CTX_DAG_OWNER='***' AIRFLOW_CTX_DAG_ID='parallel_dag' AIRFLOW_CTX_TASK_ID='load_a' AIRFLOW_CTX_EXECUTION_DATE='2024-11-10T00:00:00+00:00' AIRFLOW_CTX_TRY_NUMBER='1' AIRFLOW_CTX_DAG_RUN_ID='scheduled__2024-11-10T00:00:00+00:00'
[2024-11-11T19:39:00.768+0000] {taskinstance.py:731} INFO - ::endgroup::
[2024-11-11T19:39:00.779+0000] {subprocess.py:63} INFO - Tmp dir root location: /tmp
[2024-11-11T19:39:00.781+0000] {subprocess.py:75} INFO - Running command: ['/usr/bin/bash', '-c', 'sleep 10']
[2024-11-11T19:39:00.791+0000] {subprocess.py:86} INFO - Output:
[2024-11-11T19:39:10.794+0000] {subprocess.py:97} INFO - Command exited with return code 0
[2024-11-11T19:39:10.817+0000] {taskinstance.py:340} INFO - ::group::Post task execution logs
[2024-11-11T19:39:10.818+0000] {taskinstance.py:352} INFO - Marking task as SUCCESS. dag_id=parallel_dag, task_id=load_a, run_id=scheduled__2024-11-10T00:00:00+00:00, execution_date=20241110T000000, start_date=20241111T193900, end_date=20241111T193910
[2024-11-11T19:39:10.843+0000] {local_task_job_runner.py:266} INFO - Task exited with return code 0
[2024-11-11T19:39:10.861+0000] {taskinstance.py:3900} INFO - 1 downstream tasks scheduled from follow-on schedule check
[2024-11-11T19:39:10.863+0000] {local_task_job_runner.py:245} INFO - ::endgroup::
