[2024-11-12T15:56:55.376+0000] {local_task_job_runner.py:123} INFO - ::group::Pre task execution logs
[2024-11-12T15:56:55.390+0000] {taskinstance.py:2612} INFO - Dependencies all met for dep_context=non-requeueable deps ti=<TaskInstance: xcom_dag.t3 scheduled__2024-11-11T00:00:00+00:00 [queued]>
[2024-11-12T15:56:55.398+0000] {taskinstance.py:2612} INFO - Dependencies all met for dep_context=requeueable deps ti=<TaskInstance: xcom_dag.t3 scheduled__2024-11-11T00:00:00+00:00 [queued]>
[2024-11-12T15:56:55.398+0000] {taskinstance.py:2865} INFO - Starting attempt 1 of 1
[2024-11-12T15:56:55.409+0000] {taskinstance.py:2888} INFO - Executing <Task(BashOperator): t3> on 2024-11-11 00:00:00+00:00
[2024-11-12T15:56:55.415+0000] {warnings.py:112} WARNING - /home/***/.local/lib/python3.12/site-packages/***/task/task_runner/standard_task_runner.py:70: DeprecationWarning: This process (pid=94) is multi-threaded, use of fork() may lead to deadlocks in the child.
  pid = os.fork()

[2024-11-12T15:56:55.417+0000] {standard_task_runner.py:72} INFO - Started process 95 to run task
[2024-11-12T15:56:55.417+0000] {standard_task_runner.py:104} INFO - Running: ['***', 'tasks', 'run', 'xcom_dag', 't3', 'scheduled__2024-11-11T00:00:00+00:00', '--job-id', '236', '--raw', '--subdir', 'DAGS_FOLDER/xcom_dag.py', '--cfg-path', '/tmp/tmp0z8kbs__']
[2024-11-12T15:56:55.418+0000] {standard_task_runner.py:105} INFO - Job 236: Subtask t3
[2024-11-12T15:56:55.457+0000] {task_command.py:467} INFO - Running <TaskInstance: xcom_dag.t3 scheduled__2024-11-11T00:00:00+00:00 [running]> on host 896d5b9d81c0
[2024-11-12T15:56:55.532+0000] {taskinstance.py:3131} INFO - Exporting env vars: AIRFLOW_CTX_DAG_OWNER='***' AIRFLOW_CTX_DAG_ID='xcom_dag' AIRFLOW_CTX_TASK_ID='t3' AIRFLOW_CTX_EXECUTION_DATE='2024-11-11T00:00:00+00:00' AIRFLOW_CTX_TRY_NUMBER='1' AIRFLOW_CTX_DAG_RUN_ID='scheduled__2024-11-11T00:00:00+00:00'
[2024-11-12T15:56:55.533+0000] {taskinstance.py:731} INFO - ::endgroup::
[2024-11-12T15:56:55.547+0000] {subprocess.py:63} INFO - Tmp dir root location: /tmp
[2024-11-12T15:56:55.548+0000] {subprocess.py:75} INFO - Running command: ['/usr/bin/bash', '-c', "echo ''"]
[2024-11-12T15:56:55.560+0000] {subprocess.py:86} INFO - Output:
[2024-11-12T15:56:55.563+0000] {subprocess.py:93} INFO - 
[2024-11-12T15:56:55.563+0000] {subprocess.py:97} INFO - Command exited with return code 0
[2024-11-12T15:56:55.586+0000] {taskinstance.py:340} INFO - ::group::Post task execution logs
[2024-11-12T15:56:55.587+0000] {taskinstance.py:352} INFO - Marking task as SUCCESS. dag_id=xcom_dag, task_id=t3, run_id=scheduled__2024-11-11T00:00:00+00:00, execution_date=20241111T000000, start_date=20241112T155655, end_date=20241112T155655
[2024-11-12T15:56:55.632+0000] {local_task_job_runner.py:266} INFO - Task exited with return code 0
[2024-11-12T15:56:55.646+0000] {taskinstance.py:3900} INFO - 0 downstream tasks scheduled from follow-on schedule check
[2024-11-12T15:56:55.648+0000] {local_task_job_runner.py:245} INFO - ::endgroup::
