[2024-11-11T20:21:47.702+0000] {local_task_job_runner.py:123} INFO - ::group::Pre task execution logs
[2024-11-11T20:21:47.723+0000] {taskinstance.py:2612} INFO - Dependencies all met for dep_context=non-requeueable deps ti=<TaskInstance: group_dag.check_files scheduled__2024-11-10T00:00:00+00:00 [queued]>
[2024-11-11T20:21:47.731+0000] {taskinstance.py:2612} INFO - Dependencies all met for dep_context=requeueable deps ti=<TaskInstance: group_dag.check_files scheduled__2024-11-10T00:00:00+00:00 [queued]>
[2024-11-11T20:21:47.731+0000] {taskinstance.py:2865} INFO - Starting attempt 1 of 1
[2024-11-11T20:21:47.743+0000] {taskinstance.py:2888} INFO - Executing <Task(BashOperator): check_files> on 2024-11-10 00:00:00+00:00
[2024-11-11T20:21:47.750+0000] {warnings.py:112} WARNING - /home/***/.local/lib/python3.12/site-packages/***/task/task_runner/standard_task_runner.py:70: DeprecationWarning: This process (pid=464) is multi-threaded, use of fork() may lead to deadlocks in the child.
  pid = os.fork()

[2024-11-11T20:21:47.751+0000] {standard_task_runner.py:72} INFO - Started process 466 to run task
[2024-11-11T20:21:47.752+0000] {standard_task_runner.py:104} INFO - Running: ['***', 'tasks', 'run', 'group_dag', 'check_files', 'scheduled__2024-11-10T00:00:00+00:00', '--job-id', '202', '--raw', '--subdir', 'DAGS_FOLDER/group_dag.py', '--cfg-path', '/tmp/tmpw7_j1tmg']
[2024-11-11T20:21:47.753+0000] {standard_task_runner.py:105} INFO - Job 202: Subtask check_files
[2024-11-11T20:21:47.795+0000] {task_command.py:467} INFO - Running <TaskInstance: group_dag.check_files scheduled__2024-11-10T00:00:00+00:00 [running]> on host 896d5b9d81c0
[2024-11-11T20:21:47.863+0000] {taskinstance.py:3131} INFO - Exporting env vars: AIRFLOW_CTX_DAG_OWNER='***' AIRFLOW_CTX_DAG_ID='group_dag' AIRFLOW_CTX_TASK_ID='check_files' AIRFLOW_CTX_EXECUTION_DATE='2024-11-10T00:00:00+00:00' AIRFLOW_CTX_TRY_NUMBER='1' AIRFLOW_CTX_DAG_RUN_ID='scheduled__2024-11-10T00:00:00+00:00'
[2024-11-11T20:21:47.864+0000] {taskinstance.py:731} INFO - ::endgroup::
[2024-11-11T20:21:47.877+0000] {subprocess.py:63} INFO - Tmp dir root location: /tmp
[2024-11-11T20:21:47.878+0000] {subprocess.py:75} INFO - Running command: ['/usr/bin/bash', '-c', 'sleep 10']
[2024-11-11T20:21:47.889+0000] {subprocess.py:86} INFO - Output:
[2024-11-11T20:21:57.892+0000] {subprocess.py:97} INFO - Command exited with return code 0
[2024-11-11T20:21:57.914+0000] {taskinstance.py:340} INFO - ::group::Post task execution logs
[2024-11-11T20:21:57.914+0000] {taskinstance.py:352} INFO - Marking task as SUCCESS. dag_id=group_dag, task_id=check_files, run_id=scheduled__2024-11-10T00:00:00+00:00, execution_date=20241110T000000, start_date=20241111T202147, end_date=20241111T202157
[2024-11-11T20:21:57.937+0000] {local_task_job_runner.py:266} INFO - Task exited with return code 0
[2024-11-11T20:21:57.954+0000] {taskinstance.py:3900} INFO - 3 downstream tasks scheduled from follow-on schedule check
[2024-11-11T20:21:57.956+0000] {local_task_job_runner.py:245} INFO - ::endgroup::
