[2024-11-12T15:56:52.510+0000] {local_task_job_runner.py:123} INFO - ::group::Pre task execution logs
[2024-11-12T15:56:52.525+0000] {taskinstance.py:2612} INFO - Dependencies all met for dep_context=non-requeueable deps ti=<TaskInstance: parallel_dag.extract_a scheduled__2024-11-11T00:00:00+00:00 [queued]>
[2024-11-12T15:56:52.540+0000] {taskinstance.py:2612} INFO - Dependencies all met for dep_context=requeueable deps ti=<TaskInstance: parallel_dag.extract_a scheduled__2024-11-11T00:00:00+00:00 [queued]>
[2024-11-12T15:56:52.545+0000] {taskinstance.py:2865} INFO - Starting attempt 1 of 1
[2024-11-12T15:56:52.576+0000] {taskinstance.py:2888} INFO - Executing <Task(BashOperator): extract_a> on 2024-11-11 00:00:00+00:00
[2024-11-12T15:56:52.596+0000] {warnings.py:112} WARNING - /home/***/.local/lib/python3.12/site-packages/***/task/task_runner/standard_task_runner.py:70: DeprecationWarning: This process (pid=66) is multi-threaded, use of fork() may lead to deadlocks in the child.
  pid = os.fork()

[2024-11-12T15:56:52.600+0000] {standard_task_runner.py:72} INFO - Started process 76 to run task
[2024-11-12T15:56:52.600+0000] {standard_task_runner.py:104} INFO - Running: ['***', 'tasks', 'run', 'parallel_dag', 'extract_a', 'scheduled__2024-11-11T00:00:00+00:00', '--job-id', '231', '--raw', '--subdir', 'DAGS_FOLDER/parallel_dag.py', '--cfg-path', '/tmp/tmpyw8008r5']
[2024-11-12T15:56:52.609+0000] {standard_task_runner.py:105} INFO - Job 231: Subtask extract_a
[2024-11-12T15:56:52.705+0000] {task_command.py:467} INFO - Running <TaskInstance: parallel_dag.extract_a scheduled__2024-11-11T00:00:00+00:00 [running]> on host 896d5b9d81c0
[2024-11-12T15:56:52.827+0000] {taskinstance.py:3131} INFO - Exporting env vars: AIRFLOW_CTX_DAG_OWNER='***' AIRFLOW_CTX_DAG_ID='parallel_dag' AIRFLOW_CTX_TASK_ID='extract_a' AIRFLOW_CTX_EXECUTION_DATE='2024-11-11T00:00:00+00:00' AIRFLOW_CTX_TRY_NUMBER='1' AIRFLOW_CTX_DAG_RUN_ID='scheduled__2024-11-11T00:00:00+00:00'
[2024-11-12T15:56:52.828+0000] {taskinstance.py:731} INFO - ::endgroup::
[2024-11-12T15:56:52.844+0000] {subprocess.py:63} INFO - Tmp dir root location: /tmp
[2024-11-12T15:56:52.846+0000] {subprocess.py:75} INFO - Running command: ['/usr/bin/bash', '-c', 'sleep 10']
[2024-11-12T15:56:52.858+0000] {subprocess.py:86} INFO - Output:
[2024-11-12T15:57:02.861+0000] {subprocess.py:97} INFO - Command exited with return code 0
[2024-11-12T15:57:02.888+0000] {taskinstance.py:340} INFO - ::group::Post task execution logs
[2024-11-12T15:57:02.888+0000] {taskinstance.py:352} INFO - Marking task as SUCCESS. dag_id=parallel_dag, task_id=extract_a, run_id=scheduled__2024-11-11T00:00:00+00:00, execution_date=20241111T000000, start_date=20241112T155652, end_date=20241112T155702
[2024-11-12T15:57:02.927+0000] {local_task_job_runner.py:266} INFO - Task exited with return code 0
[2024-11-12T15:57:02.962+0000] {taskinstance.py:3900} INFO - 1 downstream tasks scheduled from follow-on schedule check
[2024-11-12T15:57:02.965+0000] {local_task_job_runner.py:245} INFO - ::endgroup::
