[2024-11-11T20:09:31.742+0000] {processor.py:186} INFO - Started process (PID=396) to work on /opt/airflow/dags/subdags/subdag_downloads.py
[2024-11-11T20:09:31.743+0000] {processor.py:914} INFO - Processing file /opt/airflow/dags/subdags/subdag_downloads.py for tasks to queue
[2024-11-11T20:09:31.745+0000] {logging_mixin.py:190} INFO - [2024-11-11T20:09:31.745+0000] {dagbag.py:588} INFO - Filling up the DagBag from /opt/airflow/dags/subdags/subdag_downloads.py
[2024-11-11T20:09:31.772+0000] {processor.py:927} WARNING - No viable dags retrieved from /opt/airflow/dags/subdags/subdag_downloads.py
[2024-11-11T20:09:31.784+0000] {processor.py:208} INFO - Processing /opt/airflow/dags/subdags/subdag_downloads.py took 0.048 seconds
[2024-11-11T20:09:41.921+0000] {processor.py:186} INFO - Started process (PID=404) to work on /opt/airflow/dags/subdags/subdag_downloads.py
[2024-11-11T20:09:41.921+0000] {processor.py:914} INFO - Processing file /opt/airflow/dags/subdags/subdag_downloads.py for tasks to queue
[2024-11-11T20:09:41.923+0000] {logging_mixin.py:190} INFO - [2024-11-11T20:09:41.923+0000] {dagbag.py:588} INFO - Filling up the DagBag from /opt/airflow/dags/subdags/subdag_downloads.py
[2024-11-11T20:09:41.946+0000] {processor.py:927} WARNING - No viable dags retrieved from /opt/airflow/dags/subdags/subdag_downloads.py
[2024-11-11T20:09:41.957+0000] {processor.py:208} INFO - Processing /opt/airflow/dags/subdags/subdag_downloads.py took 0.042 seconds
[2024-11-11T20:10:00.604+0000] {processor.py:186} INFO - Started process (PID=410) to work on /opt/airflow/dags/subdags/subdag_downloads.py
[2024-11-11T20:10:00.605+0000] {processor.py:914} INFO - Processing file /opt/airflow/dags/subdags/subdag_downloads.py for tasks to queue
[2024-11-11T20:10:00.606+0000] {logging_mixin.py:190} INFO - [2024-11-11T20:10:00.606+0000] {dagbag.py:588} INFO - Filling up the DagBag from /opt/airflow/dags/subdags/subdag_downloads.py
[2024-11-11T20:10:00.624+0000] {logging_mixin.py:190} INFO - [2024-11-11T20:10:00.622+0000] {dagbag.py:387} ERROR - Failed to import: /opt/airflow/dags/subdags/subdag_downloads.py
Traceback (most recent call last):
  File "/home/airflow/.local/lib/python3.12/site-packages/airflow/models/dagbag.py", line 383, in parse
    loader.exec_module(new_module)
  File "<frozen importlib._bootstrap_external>", line 991, in exec_module
  File "<frozen importlib._bootstrap_external>", line 1129, in get_code
  File "<frozen importlib._bootstrap_external>", line 1059, in source_to_code
  File "<frozen importlib._bootstrap>", line 488, in _call_with_frames_removed
  File "/opt/airflow/dags/subdags/subdag_downloads.py", line 4
    def subdag_download(parent_dag_id):
                                       ^
IndentationError: expected an indented block after function definition on line 4
[2024-11-11T20:10:00.624+0000] {processor.py:927} WARNING - No viable dags retrieved from /opt/airflow/dags/subdags/subdag_downloads.py
[2024-11-11T20:10:00.641+0000] {processor.py:208} INFO - Processing /opt/airflow/dags/subdags/subdag_downloads.py took 0.042 seconds
[2024-11-11T20:10:26.011+0000] {processor.py:186} INFO - Started process (PID=420) to work on /opt/airflow/dags/subdags/subdag_downloads.py
[2024-11-11T20:10:26.012+0000] {processor.py:914} INFO - Processing file /opt/airflow/dags/subdags/subdag_downloads.py for tasks to queue
[2024-11-11T20:10:26.014+0000] {logging_mixin.py:190} INFO - [2024-11-11T20:10:26.014+0000] {dagbag.py:588} INFO - Filling up the DagBag from /opt/airflow/dags/subdags/subdag_downloads.py
[2024-11-11T20:10:26.032+0000] {logging_mixin.py:190} INFO - [2024-11-11T20:10:26.031+0000] {dagbag.py:387} ERROR - Failed to import: /opt/airflow/dags/subdags/subdag_downloads.py
Traceback (most recent call last):
  File "/home/airflow/.local/lib/python3.12/site-packages/airflow/models/dagbag.py", line 383, in parse
    loader.exec_module(new_module)
  File "<frozen importlib._bootstrap_external>", line 991, in exec_module
  File "<frozen importlib._bootstrap_external>", line 1129, in get_code
  File "<frozen importlib._bootstrap_external>", line 1059, in source_to_code
  File "<frozen importlib._bootstrap>", line 488, in _call_with_frames_removed
  File "/opt/airflow/dags/subdags/subdag_downloads.py", line 5
    def subdag_download(parent_dag_id, child_dag_io):
                                                     ^
IndentationError: expected an indented block after function definition on line 5
[2024-11-11T20:10:26.032+0000] {processor.py:927} WARNING - No viable dags retrieved from /opt/airflow/dags/subdags/subdag_downloads.py
[2024-11-11T20:10:26.050+0000] {processor.py:208} INFO - Processing /opt/airflow/dags/subdags/subdag_downloads.py took 0.046 seconds
[2024-11-11T20:10:55.541+0000] {processor.py:186} INFO - Started process (PID=433) to work on /opt/airflow/dags/subdags/subdag_downloads.py
[2024-11-11T20:10:55.543+0000] {processor.py:914} INFO - Processing file /opt/airflow/dags/subdags/subdag_downloads.py for tasks to queue
[2024-11-11T20:10:55.545+0000] {logging_mixin.py:190} INFO - [2024-11-11T20:10:55.544+0000] {dagbag.py:588} INFO - Filling up the DagBag from /opt/airflow/dags/subdags/subdag_downloads.py
[2024-11-11T20:10:55.561+0000] {logging_mixin.py:190} INFO - [2024-11-11T20:10:55.560+0000] {dagbag.py:387} ERROR - Failed to import: /opt/airflow/dags/subdags/subdag_downloads.py
Traceback (most recent call last):
  File "/home/airflow/.local/lib/python3.12/site-packages/airflow/models/dagbag.py", line 383, in parse
    loader.exec_module(new_module)
  File "<frozen importlib._bootstrap_external>", line 991, in exec_module
  File "<frozen importlib._bootstrap_external>", line 1129, in get_code
  File "<frozen importlib._bootstrap_external>", line 1059, in source_to_code
  File "<frozen importlib._bootstrap>", line 488, in _call_with_frames_removed
  File "/opt/airflow/dags/subdags/subdag_downloads.py", line 7
    with DAG()
              ^
SyntaxError: expected ':'
[2024-11-11T20:10:55.562+0000] {processor.py:927} WARNING - No viable dags retrieved from /opt/airflow/dags/subdags/subdag_downloads.py
[2024-11-11T20:10:55.578+0000] {processor.py:208} INFO - Processing /opt/airflow/dags/subdags/subdag_downloads.py took 0.041 seconds
[2024-11-11T20:11:13.881+0000] {processor.py:186} INFO - Started process (PID=445) to work on /opt/airflow/dags/subdags/subdag_downloads.py
[2024-11-11T20:11:13.882+0000] {processor.py:914} INFO - Processing file /opt/airflow/dags/subdags/subdag_downloads.py for tasks to queue
[2024-11-11T20:11:13.885+0000] {logging_mixin.py:190} INFO - [2024-11-11T20:11:13.885+0000] {dagbag.py:588} INFO - Filling up the DagBag from /opt/airflow/dags/subdags/subdag_downloads.py
[2024-11-11T20:11:13.906+0000] {logging_mixin.py:190} INFO - [2024-11-11T20:11:13.905+0000] {dagbag.py:387} ERROR - Failed to import: /opt/airflow/dags/subdags/subdag_downloads.py
Traceback (most recent call last):
  File "/home/airflow/.local/lib/python3.12/site-packages/airflow/models/dagbag.py", line 383, in parse
    loader.exec_module(new_module)
  File "<frozen importlib._bootstrap_external>", line 991, in exec_module
  File "<frozen importlib._bootstrap_external>", line 1129, in get_code
  File "<frozen importlib._bootstrap_external>", line 1059, in source_to_code
  File "<frozen importlib._bootstrap>", line 488, in _call_with_frames_removed
  File "/opt/airflow/dags/subdags/subdag_downloads.py", line 7
    with DAG(f"{parent_dag_id}.{child_dag_id}")
                                               ^
SyntaxError: expected ':'
[2024-11-11T20:11:13.906+0000] {processor.py:927} WARNING - No viable dags retrieved from /opt/airflow/dags/subdags/subdag_downloads.py
[2024-11-11T20:11:13.925+0000] {processor.py:208} INFO - Processing /opt/airflow/dags/subdags/subdag_downloads.py took 0.062 seconds
[2024-11-11T20:11:26.105+0000] {processor.py:186} INFO - Started process (PID=448) to work on /opt/airflow/dags/subdags/subdag_downloads.py
[2024-11-11T20:11:26.106+0000] {processor.py:914} INFO - Processing file /opt/airflow/dags/subdags/subdag_downloads.py for tasks to queue
[2024-11-11T20:11:26.108+0000] {logging_mixin.py:190} INFO - [2024-11-11T20:11:26.108+0000] {dagbag.py:588} INFO - Filling up the DagBag from /opt/airflow/dags/subdags/subdag_downloads.py
[2024-11-11T20:11:26.124+0000] {logging_mixin.py:190} INFO - [2024-11-11T20:11:26.123+0000] {dagbag.py:387} ERROR - Failed to import: /opt/airflow/dags/subdags/subdag_downloads.py
Traceback (most recent call last):
  File "/home/airflow/.local/lib/python3.12/site-packages/airflow/models/dagbag.py", line 383, in parse
    loader.exec_module(new_module)
  File "<frozen importlib._bootstrap_external>", line 991, in exec_module
  File "<frozen importlib._bootstrap_external>", line 1129, in get_code
  File "<frozen importlib._bootstrap_external>", line 1059, in source_to_code
  File "<frozen importlib._bootstrap>", line 488, in _call_with_frames_removed
  File "/opt/airflow/dags/subdags/subdag_downloads.py", line 8
    )
     ^
SyntaxError: expected ':'
[2024-11-11T20:11:26.125+0000] {processor.py:927} WARNING - No viable dags retrieved from /opt/airflow/dags/subdags/subdag_downloads.py
[2024-11-11T20:11:26.140+0000] {processor.py:208} INFO - Processing /opt/airflow/dags/subdags/subdag_downloads.py took 0.040 seconds
[2024-11-11T20:11:56.594+0000] {processor.py:186} INFO - Started process (PID=461) to work on /opt/airflow/dags/subdags/subdag_downloads.py
[2024-11-11T20:11:56.594+0000] {processor.py:914} INFO - Processing file /opt/airflow/dags/subdags/subdag_downloads.py for tasks to queue
[2024-11-11T20:11:56.596+0000] {logging_mixin.py:190} INFO - [2024-11-11T20:11:56.596+0000] {dagbag.py:588} INFO - Filling up the DagBag from /opt/airflow/dags/subdags/subdag_downloads.py
[2024-11-11T20:11:56.612+0000] {logging_mixin.py:190} INFO - [2024-11-11T20:11:56.611+0000] {dagbag.py:387} ERROR - Failed to import: /opt/airflow/dags/subdags/subdag_downloads.py
Traceback (most recent call last):
  File "/home/airflow/.local/lib/python3.12/site-packages/airflow/models/dagbag.py", line 383, in parse
    loader.exec_module(new_module)
  File "<frozen importlib._bootstrap_external>", line 991, in exec_module
  File "<frozen importlib._bootstrap_external>", line 1129, in get_code
  File "<frozen importlib._bootstrap_external>", line 1059, in source_to_code
  File "<frozen importlib._bootstrap>", line 488, in _call_with_frames_removed
  File "/opt/airflow/dags/subdags/subdag_downloads.py", line 8
    )
     ^
SyntaxError: expected ':'
[2024-11-11T20:11:56.613+0000] {processor.py:927} WARNING - No viable dags retrieved from /opt/airflow/dags/subdags/subdag_downloads.py
[2024-11-11T20:11:56.630+0000] {processor.py:208} INFO - Processing /opt/airflow/dags/subdags/subdag_downloads.py took 0.041 seconds
[2024-11-11T20:12:07.871+0000] {processor.py:186} INFO - Started process (PID=472) to work on /opt/airflow/dags/subdags/subdag_downloads.py
[2024-11-11T20:12:07.872+0000] {processor.py:914} INFO - Processing file /opt/airflow/dags/subdags/subdag_downloads.py for tasks to queue
[2024-11-11T20:12:07.873+0000] {logging_mixin.py:190} INFO - [2024-11-11T20:12:07.873+0000] {dagbag.py:588} INFO - Filling up the DagBag from /opt/airflow/dags/subdags/subdag_downloads.py
[2024-11-11T20:12:07.899+0000] {logging_mixin.py:190} INFO - [2024-11-11T20:12:07.898+0000] {dagbag.py:387} ERROR - Failed to import: /opt/airflow/dags/subdags/subdag_downloads.py
Traceback (most recent call last):
  File "/home/airflow/.local/lib/python3.12/site-packages/airflow/models/dagbag.py", line 383, in parse
    loader.exec_module(new_module)
  File "<frozen importlib._bootstrap_external>", line 991, in exec_module
  File "<frozen importlib._bootstrap_external>", line 1129, in get_code
  File "<frozen importlib._bootstrap_external>", line 1059, in source_to_code
  File "<frozen importlib._bootstrap>", line 488, in _call_with_frames_removed
  File "/opt/airflow/dags/subdags/subdag_downloads.py", line 10
    catchup=args['catchup'])
                            ^
SyntaxError: expected ':'
[2024-11-11T20:12:07.900+0000] {processor.py:927} WARNING - No viable dags retrieved from /opt/airflow/dags/subdags/subdag_downloads.py
[2024-11-11T20:12:07.922+0000] {processor.py:208} INFO - Processing /opt/airflow/dags/subdags/subdag_downloads.py took 0.057 seconds
[2024-11-11T20:12:22.083+0000] {processor.py:186} INFO - Started process (PID=475) to work on /opt/airflow/dags/subdags/subdag_downloads.py
[2024-11-11T20:12:22.084+0000] {processor.py:914} INFO - Processing file /opt/airflow/dags/subdags/subdag_downloads.py for tasks to queue
[2024-11-11T20:12:22.086+0000] {logging_mixin.py:190} INFO - [2024-11-11T20:12:22.085+0000] {dagbag.py:588} INFO - Filling up the DagBag from /opt/airflow/dags/subdags/subdag_downloads.py
[2024-11-11T20:12:22.104+0000] {processor.py:927} WARNING - No viable dags retrieved from /opt/airflow/dags/subdags/subdag_downloads.py
[2024-11-11T20:12:22.117+0000] {processor.py:208} INFO - Processing /opt/airflow/dags/subdags/subdag_downloads.py took 0.039 seconds
[2024-11-11T20:12:44.478+0000] {processor.py:186} INFO - Started process (PID=486) to work on /opt/airflow/dags/subdags/subdag_downloads.py
[2024-11-11T20:12:44.478+0000] {processor.py:914} INFO - Processing file /opt/airflow/dags/subdags/subdag_downloads.py for tasks to queue
[2024-11-11T20:12:44.481+0000] {logging_mixin.py:190} INFO - [2024-11-11T20:12:44.480+0000] {dagbag.py:588} INFO - Filling up the DagBag from /opt/airflow/dags/subdags/subdag_downloads.py
[2024-11-11T20:12:44.499+0000] {processor.py:927} WARNING - No viable dags retrieved from /opt/airflow/dags/subdags/subdag_downloads.py
[2024-11-11T20:12:44.510+0000] {processor.py:208} INFO - Processing /opt/airflow/dags/subdags/subdag_downloads.py took 0.037 seconds
[2024-11-11T20:12:51.677+0000] {processor.py:186} INFO - Started process (PID=489) to work on /opt/airflow/dags/subdags/subdag_downloads.py
[2024-11-11T20:12:51.678+0000] {processor.py:914} INFO - Processing file /opt/airflow/dags/subdags/subdag_downloads.py for tasks to queue
[2024-11-11T20:12:51.680+0000] {logging_mixin.py:190} INFO - [2024-11-11T20:12:51.680+0000] {dagbag.py:588} INFO - Filling up the DagBag from /opt/airflow/dags/subdags/subdag_downloads.py
[2024-11-11T20:12:51.701+0000] {processor.py:927} WARNING - No viable dags retrieved from /opt/airflow/dags/subdags/subdag_downloads.py
[2024-11-11T20:12:51.713+0000] {processor.py:208} INFO - Processing /opt/airflow/dags/subdags/subdag_downloads.py took 0.042 seconds
[2024-11-11T20:13:10.222+0000] {processor.py:186} INFO - Started process (PID=500) to work on /opt/airflow/dags/subdags/subdag_downloads.py
[2024-11-11T20:13:10.223+0000] {processor.py:914} INFO - Processing file /opt/airflow/dags/subdags/subdag_downloads.py for tasks to queue
[2024-11-11T20:13:10.225+0000] {logging_mixin.py:190} INFO - [2024-11-11T20:13:10.225+0000] {dagbag.py:588} INFO - Filling up the DagBag from /opt/airflow/dags/subdags/subdag_downloads.py
[2024-11-11T20:13:10.248+0000] {processor.py:927} WARNING - No viable dags retrieved from /opt/airflow/dags/subdags/subdag_downloads.py
[2024-11-11T20:13:10.261+0000] {processor.py:208} INFO - Processing /opt/airflow/dags/subdags/subdag_downloads.py took 0.044 seconds
[2024-11-11T20:13:26.513+0000] {processor.py:186} INFO - Started process (PID=503) to work on /opt/airflow/dags/subdags/subdag_downloads.py
[2024-11-11T20:13:26.514+0000] {processor.py:914} INFO - Processing file /opt/airflow/dags/subdags/subdag_downloads.py for tasks to queue
[2024-11-11T20:13:26.517+0000] {logging_mixin.py:190} INFO - [2024-11-11T20:13:26.516+0000] {dagbag.py:588} INFO - Filling up the DagBag from /opt/airflow/dags/subdags/subdag_downloads.py
[2024-11-11T20:13:26.541+0000] {processor.py:927} WARNING - No viable dags retrieved from /opt/airflow/dags/subdags/subdag_downloads.py
[2024-11-11T20:13:26.552+0000] {processor.py:208} INFO - Processing /opt/airflow/dags/subdags/subdag_downloads.py took 0.044 seconds
[2024-11-11T20:13:57.303+0000] {processor.py:186} INFO - Started process (PID=517) to work on /opt/airflow/dags/subdags/subdag_downloads.py
[2024-11-11T20:13:57.304+0000] {processor.py:914} INFO - Processing file /opt/airflow/dags/subdags/subdag_downloads.py for tasks to queue
[2024-11-11T20:13:57.306+0000] {logging_mixin.py:190} INFO - [2024-11-11T20:13:57.306+0000] {dagbag.py:588} INFO - Filling up the DagBag from /opt/airflow/dags/subdags/subdag_downloads.py
[2024-11-11T20:13:57.319+0000] {processor.py:927} WARNING - No viable dags retrieved from /opt/airflow/dags/subdags/subdag_downloads.py
[2024-11-11T20:13:57.329+0000] {processor.py:208} INFO - Processing /opt/airflow/dags/subdags/subdag_downloads.py took 0.032 seconds
[2024-11-11T20:14:27.851+0000] {processor.py:186} INFO - Started process (PID=530) to work on /opt/airflow/dags/subdags/subdag_downloads.py
[2024-11-11T20:14:27.852+0000] {processor.py:914} INFO - Processing file /opt/airflow/dags/subdags/subdag_downloads.py for tasks to queue
[2024-11-11T20:14:27.854+0000] {logging_mixin.py:190} INFO - [2024-11-11T20:14:27.853+0000] {dagbag.py:588} INFO - Filling up the DagBag from /opt/airflow/dags/subdags/subdag_downloads.py
[2024-11-11T20:14:27.865+0000] {processor.py:927} WARNING - No viable dags retrieved from /opt/airflow/dags/subdags/subdag_downloads.py
[2024-11-11T20:14:27.875+0000] {processor.py:208} INFO - Processing /opt/airflow/dags/subdags/subdag_downloads.py took 0.029 seconds
[2024-11-11T20:14:58.490+0000] {processor.py:186} INFO - Started process (PID=544) to work on /opt/airflow/dags/subdags/subdag_downloads.py
[2024-11-11T20:14:58.491+0000] {processor.py:914} INFO - Processing file /opt/airflow/dags/subdags/subdag_downloads.py for tasks to queue
[2024-11-11T20:14:58.493+0000] {logging_mixin.py:190} INFO - [2024-11-11T20:14:58.493+0000] {dagbag.py:588} INFO - Filling up the DagBag from /opt/airflow/dags/subdags/subdag_downloads.py
[2024-11-11T20:14:58.506+0000] {processor.py:927} WARNING - No viable dags retrieved from /opt/airflow/dags/subdags/subdag_downloads.py
[2024-11-11T20:14:58.517+0000] {processor.py:208} INFO - Processing /opt/airflow/dags/subdags/subdag_downloads.py took 0.033 seconds
[2024-11-11T20:15:29.343+0000] {processor.py:186} INFO - Started process (PID=559) to work on /opt/airflow/dags/subdags/subdag_downloads.py
[2024-11-11T20:15:29.344+0000] {processor.py:914} INFO - Processing file /opt/airflow/dags/subdags/subdag_downloads.py for tasks to queue
[2024-11-11T20:15:29.347+0000] {logging_mixin.py:190} INFO - [2024-11-11T20:15:29.346+0000] {dagbag.py:588} INFO - Filling up the DagBag from /opt/airflow/dags/subdags/subdag_downloads.py
[2024-11-11T20:15:29.360+0000] {processor.py:927} WARNING - No viable dags retrieved from /opt/airflow/dags/subdags/subdag_downloads.py
[2024-11-11T20:15:29.373+0000] {processor.py:208} INFO - Processing /opt/airflow/dags/subdags/subdag_downloads.py took 0.035 seconds
[2024-11-11T20:15:59.901+0000] {processor.py:186} INFO - Started process (PID=574) to work on /opt/airflow/dags/subdags/subdag_downloads.py
[2024-11-11T20:15:59.902+0000] {processor.py:914} INFO - Processing file /opt/airflow/dags/subdags/subdag_downloads.py for tasks to queue
[2024-11-11T20:15:59.904+0000] {logging_mixin.py:190} INFO - [2024-11-11T20:15:59.904+0000] {dagbag.py:588} INFO - Filling up the DagBag from /opt/airflow/dags/subdags/subdag_downloads.py
[2024-11-11T20:15:59.914+0000] {processor.py:927} WARNING - No viable dags retrieved from /opt/airflow/dags/subdags/subdag_downloads.py
[2024-11-11T20:15:59.925+0000] {processor.py:208} INFO - Processing /opt/airflow/dags/subdags/subdag_downloads.py took 0.029 seconds
[2024-11-11T20:16:30.440+0000] {processor.py:186} INFO - Started process (PID=587) to work on /opt/airflow/dags/subdags/subdag_downloads.py
[2024-11-11T20:16:30.441+0000] {processor.py:914} INFO - Processing file /opt/airflow/dags/subdags/subdag_downloads.py for tasks to queue
[2024-11-11T20:16:30.443+0000] {logging_mixin.py:190} INFO - [2024-11-11T20:16:30.443+0000] {dagbag.py:588} INFO - Filling up the DagBag from /opt/airflow/dags/subdags/subdag_downloads.py
[2024-11-11T20:16:30.454+0000] {processor.py:927} WARNING - No viable dags retrieved from /opt/airflow/dags/subdags/subdag_downloads.py
[2024-11-11T20:16:30.465+0000] {processor.py:208} INFO - Processing /opt/airflow/dags/subdags/subdag_downloads.py took 0.030 seconds
[2024-11-11T20:17:01.067+0000] {processor.py:186} INFO - Started process (PID=601) to work on /opt/airflow/dags/subdags/subdag_downloads.py
[2024-11-11T20:17:01.068+0000] {processor.py:914} INFO - Processing file /opt/airflow/dags/subdags/subdag_downloads.py for tasks to queue
[2024-11-11T20:17:01.070+0000] {logging_mixin.py:190} INFO - [2024-11-11T20:17:01.069+0000] {dagbag.py:588} INFO - Filling up the DagBag from /opt/airflow/dags/subdags/subdag_downloads.py
[2024-11-11T20:17:01.079+0000] {processor.py:927} WARNING - No viable dags retrieved from /opt/airflow/dags/subdags/subdag_downloads.py
[2024-11-11T20:17:01.106+0000] {processor.py:208} INFO - Processing /opt/airflow/dags/subdags/subdag_downloads.py took 0.044 seconds
[2024-11-11T20:17:31.668+0000] {processor.py:186} INFO - Started process (PID=615) to work on /opt/airflow/dags/subdags/subdag_downloads.py
[2024-11-11T20:17:31.669+0000] {processor.py:914} INFO - Processing file /opt/airflow/dags/subdags/subdag_downloads.py for tasks to queue
[2024-11-11T20:17:31.670+0000] {logging_mixin.py:190} INFO - [2024-11-11T20:17:31.670+0000] {dagbag.py:588} INFO - Filling up the DagBag from /opt/airflow/dags/subdags/subdag_downloads.py
[2024-11-11T20:17:31.682+0000] {processor.py:927} WARNING - No viable dags retrieved from /opt/airflow/dags/subdags/subdag_downloads.py
[2024-11-11T20:17:31.693+0000] {processor.py:208} INFO - Processing /opt/airflow/dags/subdags/subdag_downloads.py took 0.030 seconds
[2024-11-11T20:18:02.186+0000] {processor.py:186} INFO - Started process (PID=629) to work on /opt/airflow/dags/subdags/subdag_downloads.py
[2024-11-11T20:18:02.187+0000] {processor.py:914} INFO - Processing file /opt/airflow/dags/subdags/subdag_downloads.py for tasks to queue
[2024-11-11T20:18:02.190+0000] {logging_mixin.py:190} INFO - [2024-11-11T20:18:02.189+0000] {dagbag.py:588} INFO - Filling up the DagBag from /opt/airflow/dags/subdags/subdag_downloads.py
[2024-11-11T20:18:02.202+0000] {processor.py:927} WARNING - No viable dags retrieved from /opt/airflow/dags/subdags/subdag_downloads.py
[2024-11-11T20:18:02.214+0000] {processor.py:208} INFO - Processing /opt/airflow/dags/subdags/subdag_downloads.py took 0.032 seconds
[2024-11-11T20:18:32.721+0000] {processor.py:186} INFO - Started process (PID=642) to work on /opt/airflow/dags/subdags/subdag_downloads.py
[2024-11-11T20:18:32.721+0000] {processor.py:914} INFO - Processing file /opt/airflow/dags/subdags/subdag_downloads.py for tasks to queue
[2024-11-11T20:18:32.722+0000] {logging_mixin.py:190} INFO - [2024-11-11T20:18:32.722+0000] {dagbag.py:588} INFO - Filling up the DagBag from /opt/airflow/dags/subdags/subdag_downloads.py
[2024-11-11T20:18:32.734+0000] {processor.py:927} WARNING - No viable dags retrieved from /opt/airflow/dags/subdags/subdag_downloads.py
[2024-11-11T20:18:32.744+0000] {processor.py:208} INFO - Processing /opt/airflow/dags/subdags/subdag_downloads.py took 0.028 seconds
[2024-11-11T20:19:03.228+0000] {processor.py:186} INFO - Started process (PID=655) to work on /opt/airflow/dags/subdags/subdag_downloads.py
[2024-11-11T20:19:03.229+0000] {processor.py:914} INFO - Processing file /opt/airflow/dags/subdags/subdag_downloads.py for tasks to queue
[2024-11-11T20:19:03.230+0000] {logging_mixin.py:190} INFO - [2024-11-11T20:19:03.230+0000] {dagbag.py:588} INFO - Filling up the DagBag from /opt/airflow/dags/subdags/subdag_downloads.py
[2024-11-11T20:19:03.241+0000] {processor.py:927} WARNING - No viable dags retrieved from /opt/airflow/dags/subdags/subdag_downloads.py
[2024-11-11T20:19:03.251+0000] {processor.py:208} INFO - Processing /opt/airflow/dags/subdags/subdag_downloads.py took 0.028 seconds
[2024-11-11T20:19:32.747+0000] {processor.py:186} INFO - Started process (PID=669) to work on /opt/airflow/dags/subdags/subdag_downloads.py
[2024-11-11T20:19:32.748+0000] {processor.py:914} INFO - Processing file /opt/airflow/dags/subdags/subdag_downloads.py for tasks to queue
[2024-11-11T20:19:32.749+0000] {logging_mixin.py:190} INFO - [2024-11-11T20:19:32.749+0000] {dagbag.py:588} INFO - Filling up the DagBag from /opt/airflow/dags/subdags/subdag_downloads.py
[2024-11-11T20:19:32.773+0000] {processor.py:927} WARNING - No viable dags retrieved from /opt/airflow/dags/subdags/subdag_downloads.py
[2024-11-11T20:19:32.787+0000] {processor.py:208} INFO - Processing /opt/airflow/dags/subdags/subdag_downloads.py took 0.045 seconds
[2024-11-11T20:20:03.322+0000] {processor.py:186} INFO - Started process (PID=682) to work on /opt/airflow/dags/subdags/subdag_downloads.py
[2024-11-11T20:20:03.323+0000] {processor.py:914} INFO - Processing file /opt/airflow/dags/subdags/subdag_downloads.py for tasks to queue
[2024-11-11T20:20:03.324+0000] {logging_mixin.py:190} INFO - [2024-11-11T20:20:03.324+0000] {dagbag.py:588} INFO - Filling up the DagBag from /opt/airflow/dags/subdags/subdag_downloads.py
[2024-11-11T20:20:03.338+0000] {processor.py:927} WARNING - No viable dags retrieved from /opt/airflow/dags/subdags/subdag_downloads.py
[2024-11-11T20:20:03.352+0000] {processor.py:208} INFO - Processing /opt/airflow/dags/subdags/subdag_downloads.py took 0.034 seconds
[2024-11-11T20:20:33.898+0000] {processor.py:186} INFO - Started process (PID=701) to work on /opt/airflow/dags/subdags/subdag_downloads.py
[2024-11-11T20:20:33.899+0000] {processor.py:914} INFO - Processing file /opt/airflow/dags/subdags/subdag_downloads.py for tasks to queue
[2024-11-11T20:20:33.903+0000] {logging_mixin.py:190} INFO - [2024-11-11T20:20:33.902+0000] {dagbag.py:588} INFO - Filling up the DagBag from /opt/airflow/dags/subdags/subdag_downloads.py
[2024-11-11T20:20:33.914+0000] {processor.py:927} WARNING - No viable dags retrieved from /opt/airflow/dags/subdags/subdag_downloads.py
[2024-11-11T20:20:33.930+0000] {processor.py:208} INFO - Processing /opt/airflow/dags/subdags/subdag_downloads.py took 0.036 seconds
[2024-11-11T20:21:04.656+0000] {processor.py:186} INFO - Started process (PID=724) to work on /opt/airflow/dags/subdags/subdag_downloads.py
[2024-11-11T20:21:04.657+0000] {processor.py:914} INFO - Processing file /opt/airflow/dags/subdags/subdag_downloads.py for tasks to queue
[2024-11-11T20:21:04.659+0000] {logging_mixin.py:190} INFO - [2024-11-11T20:21:04.658+0000] {dagbag.py:588} INFO - Filling up the DagBag from /opt/airflow/dags/subdags/subdag_downloads.py
[2024-11-11T20:21:04.674+0000] {processor.py:927} WARNING - No viable dags retrieved from /opt/airflow/dags/subdags/subdag_downloads.py
[2024-11-11T20:21:04.688+0000] {processor.py:208} INFO - Processing /opt/airflow/dags/subdags/subdag_downloads.py took 0.038 seconds
[2024-11-11T20:21:35.247+0000] {processor.py:186} INFO - Started process (PID=737) to work on /opt/airflow/dags/subdags/subdag_downloads.py
[2024-11-11T20:21:35.248+0000] {processor.py:914} INFO - Processing file /opt/airflow/dags/subdags/subdag_downloads.py for tasks to queue
[2024-11-11T20:21:35.249+0000] {logging_mixin.py:190} INFO - [2024-11-11T20:21:35.249+0000] {dagbag.py:588} INFO - Filling up the DagBag from /opt/airflow/dags/subdags/subdag_downloads.py
[2024-11-11T20:21:35.262+0000] {processor.py:927} WARNING - No viable dags retrieved from /opt/airflow/dags/subdags/subdag_downloads.py
[2024-11-11T20:21:35.274+0000] {processor.py:208} INFO - Processing /opt/airflow/dags/subdags/subdag_downloads.py took 0.032 seconds
[2024-11-11T20:22:05.938+0000] {processor.py:186} INFO - Started process (PID=759) to work on /opt/airflow/dags/subdags/subdag_downloads.py
[2024-11-11T20:22:05.938+0000] {processor.py:914} INFO - Processing file /opt/airflow/dags/subdags/subdag_downloads.py for tasks to queue
[2024-11-11T20:22:05.940+0000] {logging_mixin.py:190} INFO - [2024-11-11T20:22:05.940+0000] {dagbag.py:588} INFO - Filling up the DagBag from /opt/airflow/dags/subdags/subdag_downloads.py
[2024-11-11T20:22:05.952+0000] {processor.py:927} WARNING - No viable dags retrieved from /opt/airflow/dags/subdags/subdag_downloads.py
[2024-11-11T20:22:05.986+0000] {processor.py:208} INFO - Processing /opt/airflow/dags/subdags/subdag_downloads.py took 0.055 seconds
[2024-11-11T20:22:36.408+0000] {processor.py:186} INFO - Started process (PID=772) to work on /opt/airflow/dags/subdags/subdag_downloads.py
[2024-11-11T20:22:36.409+0000] {processor.py:914} INFO - Processing file /opt/airflow/dags/subdags/subdag_downloads.py for tasks to queue
[2024-11-11T20:22:36.410+0000] {logging_mixin.py:190} INFO - [2024-11-11T20:22:36.410+0000] {dagbag.py:588} INFO - Filling up the DagBag from /opt/airflow/dags/subdags/subdag_downloads.py
[2024-11-11T20:22:36.420+0000] {processor.py:927} WARNING - No viable dags retrieved from /opt/airflow/dags/subdags/subdag_downloads.py
[2024-11-11T20:22:36.433+0000] {processor.py:208} INFO - Processing /opt/airflow/dags/subdags/subdag_downloads.py took 0.031 seconds
[2024-11-11T20:23:06.969+0000] {processor.py:186} INFO - Started process (PID=785) to work on /opt/airflow/dags/subdags/subdag_downloads.py
[2024-11-11T20:23:06.971+0000] {processor.py:914} INFO - Processing file /opt/airflow/dags/subdags/subdag_downloads.py for tasks to queue
[2024-11-11T20:23:06.972+0000] {logging_mixin.py:190} INFO - [2024-11-11T20:23:06.972+0000] {dagbag.py:588} INFO - Filling up the DagBag from /opt/airflow/dags/subdags/subdag_downloads.py
[2024-11-11T20:23:06.985+0000] {processor.py:927} WARNING - No viable dags retrieved from /opt/airflow/dags/subdags/subdag_downloads.py
[2024-11-11T20:23:06.999+0000] {processor.py:208} INFO - Processing /opt/airflow/dags/subdags/subdag_downloads.py took 0.037 seconds
[2024-11-11T20:23:37.533+0000] {processor.py:186} INFO - Started process (PID=798) to work on /opt/airflow/dags/subdags/subdag_downloads.py
[2024-11-11T20:23:37.534+0000] {processor.py:914} INFO - Processing file /opt/airflow/dags/subdags/subdag_downloads.py for tasks to queue
[2024-11-11T20:23:37.535+0000] {logging_mixin.py:190} INFO - [2024-11-11T20:23:37.535+0000] {dagbag.py:588} INFO - Filling up the DagBag from /opt/airflow/dags/subdags/subdag_downloads.py
[2024-11-11T20:23:37.548+0000] {processor.py:927} WARNING - No viable dags retrieved from /opt/airflow/dags/subdags/subdag_downloads.py
[2024-11-11T20:23:37.562+0000] {processor.py:208} INFO - Processing /opt/airflow/dags/subdags/subdag_downloads.py took 0.035 seconds
[2024-11-11T20:24:08.088+0000] {processor.py:186} INFO - Started process (PID=811) to work on /opt/airflow/dags/subdags/subdag_downloads.py
[2024-11-11T20:24:08.089+0000] {processor.py:914} INFO - Processing file /opt/airflow/dags/subdags/subdag_downloads.py for tasks to queue
[2024-11-11T20:24:08.091+0000] {logging_mixin.py:190} INFO - [2024-11-11T20:24:08.091+0000] {dagbag.py:588} INFO - Filling up the DagBag from /opt/airflow/dags/subdags/subdag_downloads.py
[2024-11-11T20:24:08.104+0000] {processor.py:927} WARNING - No viable dags retrieved from /opt/airflow/dags/subdags/subdag_downloads.py
[2024-11-11T20:24:08.116+0000] {processor.py:208} INFO - Processing /opt/airflow/dags/subdags/subdag_downloads.py took 0.034 seconds
[2024-11-11T20:24:38.749+0000] {processor.py:186} INFO - Started process (PID=824) to work on /opt/airflow/dags/subdags/subdag_downloads.py
[2024-11-11T20:24:38.750+0000] {processor.py:914} INFO - Processing file /opt/airflow/dags/subdags/subdag_downloads.py for tasks to queue
[2024-11-11T20:24:38.752+0000] {logging_mixin.py:190} INFO - [2024-11-11T20:24:38.751+0000] {dagbag.py:588} INFO - Filling up the DagBag from /opt/airflow/dags/subdags/subdag_downloads.py
[2024-11-11T20:24:38.764+0000] {processor.py:927} WARNING - No viable dags retrieved from /opt/airflow/dags/subdags/subdag_downloads.py
[2024-11-11T20:24:38.778+0000] {processor.py:208} INFO - Processing /opt/airflow/dags/subdags/subdag_downloads.py took 0.033 seconds
[2024-11-11T20:25:08.841+0000] {processor.py:186} INFO - Started process (PID=837) to work on /opt/airflow/dags/subdags/subdag_downloads.py
[2024-11-11T20:25:08.842+0000] {processor.py:914} INFO - Processing file /opt/airflow/dags/subdags/subdag_downloads.py for tasks to queue
[2024-11-11T20:25:08.843+0000] {logging_mixin.py:190} INFO - [2024-11-11T20:25:08.843+0000] {dagbag.py:588} INFO - Filling up the DagBag from /opt/airflow/dags/subdags/subdag_downloads.py
[2024-11-11T20:25:08.854+0000] {processor.py:927} WARNING - No viable dags retrieved from /opt/airflow/dags/subdags/subdag_downloads.py
[2024-11-11T20:25:08.865+0000] {processor.py:208} INFO - Processing /opt/airflow/dags/subdags/subdag_downloads.py took 0.029 seconds
[2024-11-11T20:25:39.416+0000] {processor.py:186} INFO - Started process (PID=849) to work on /opt/airflow/dags/subdags/subdag_downloads.py
[2024-11-11T20:25:39.417+0000] {processor.py:914} INFO - Processing file /opt/airflow/dags/subdags/subdag_downloads.py for tasks to queue
[2024-11-11T20:25:39.418+0000] {logging_mixin.py:190} INFO - [2024-11-11T20:25:39.417+0000] {dagbag.py:588} INFO - Filling up the DagBag from /opt/airflow/dags/subdags/subdag_downloads.py
[2024-11-11T20:25:39.428+0000] {processor.py:927} WARNING - No viable dags retrieved from /opt/airflow/dags/subdags/subdag_downloads.py
[2024-11-11T20:25:39.438+0000] {processor.py:208} INFO - Processing /opt/airflow/dags/subdags/subdag_downloads.py took 0.027 seconds
[2024-11-11T20:26:09.965+0000] {processor.py:186} INFO - Started process (PID=862) to work on /opt/airflow/dags/subdags/subdag_downloads.py
[2024-11-11T20:26:09.965+0000] {processor.py:914} INFO - Processing file /opt/airflow/dags/subdags/subdag_downloads.py for tasks to queue
[2024-11-11T20:26:09.966+0000] {logging_mixin.py:190} INFO - [2024-11-11T20:26:09.966+0000] {dagbag.py:588} INFO - Filling up the DagBag from /opt/airflow/dags/subdags/subdag_downloads.py
[2024-11-11T20:26:09.977+0000] {processor.py:927} WARNING - No viable dags retrieved from /opt/airflow/dags/subdags/subdag_downloads.py
[2024-11-11T20:26:09.988+0000] {processor.py:208} INFO - Processing /opt/airflow/dags/subdags/subdag_downloads.py took 0.028 seconds
[2024-11-11T20:26:40.531+0000] {processor.py:186} INFO - Started process (PID=875) to work on /opt/airflow/dags/subdags/subdag_downloads.py
[2024-11-11T20:26:40.531+0000] {processor.py:914} INFO - Processing file /opt/airflow/dags/subdags/subdag_downloads.py for tasks to queue
[2024-11-11T20:26:40.533+0000] {logging_mixin.py:190} INFO - [2024-11-11T20:26:40.533+0000] {dagbag.py:588} INFO - Filling up the DagBag from /opt/airflow/dags/subdags/subdag_downloads.py
[2024-11-11T20:26:40.542+0000] {processor.py:927} WARNING - No viable dags retrieved from /opt/airflow/dags/subdags/subdag_downloads.py
[2024-11-11T20:26:40.553+0000] {processor.py:208} INFO - Processing /opt/airflow/dags/subdags/subdag_downloads.py took 0.028 seconds
[2024-11-11T20:27:11.107+0000] {processor.py:186} INFO - Started process (PID=888) to work on /opt/airflow/dags/subdags/subdag_downloads.py
[2024-11-11T20:27:11.108+0000] {processor.py:914} INFO - Processing file /opt/airflow/dags/subdags/subdag_downloads.py for tasks to queue
[2024-11-11T20:27:11.109+0000] {logging_mixin.py:190} INFO - [2024-11-11T20:27:11.109+0000] {dagbag.py:588} INFO - Filling up the DagBag from /opt/airflow/dags/subdags/subdag_downloads.py
[2024-11-11T20:27:11.123+0000] {processor.py:927} WARNING - No viable dags retrieved from /opt/airflow/dags/subdags/subdag_downloads.py
[2024-11-11T20:27:11.134+0000] {processor.py:208} INFO - Processing /opt/airflow/dags/subdags/subdag_downloads.py took 0.032 seconds
[2024-11-11T20:27:41.715+0000] {processor.py:186} INFO - Started process (PID=901) to work on /opt/airflow/dags/subdags/subdag_downloads.py
[2024-11-11T20:27:41.716+0000] {processor.py:914} INFO - Processing file /opt/airflow/dags/subdags/subdag_downloads.py for tasks to queue
[2024-11-11T20:27:41.717+0000] {logging_mixin.py:190} INFO - [2024-11-11T20:27:41.717+0000] {dagbag.py:588} INFO - Filling up the DagBag from /opt/airflow/dags/subdags/subdag_downloads.py
[2024-11-11T20:27:41.729+0000] {processor.py:927} WARNING - No viable dags retrieved from /opt/airflow/dags/subdags/subdag_downloads.py
[2024-11-11T20:27:41.739+0000] {processor.py:208} INFO - Processing /opt/airflow/dags/subdags/subdag_downloads.py took 0.028 seconds
[2024-11-11T20:28:12.251+0000] {processor.py:186} INFO - Started process (PID=914) to work on /opt/airflow/dags/subdags/subdag_downloads.py
[2024-11-11T20:28:12.252+0000] {processor.py:914} INFO - Processing file /opt/airflow/dags/subdags/subdag_downloads.py for tasks to queue
[2024-11-11T20:28:12.253+0000] {logging_mixin.py:190} INFO - [2024-11-11T20:28:12.253+0000] {dagbag.py:588} INFO - Filling up the DagBag from /opt/airflow/dags/subdags/subdag_downloads.py
[2024-11-11T20:28:12.265+0000] {processor.py:927} WARNING - No viable dags retrieved from /opt/airflow/dags/subdags/subdag_downloads.py
[2024-11-11T20:28:12.276+0000] {processor.py:208} INFO - Processing /opt/airflow/dags/subdags/subdag_downloads.py took 0.029 seconds
[2024-11-11T20:28:42.810+0000] {processor.py:186} INFO - Started process (PID=927) to work on /opt/airflow/dags/subdags/subdag_downloads.py
[2024-11-11T20:28:42.811+0000] {processor.py:914} INFO - Processing file /opt/airflow/dags/subdags/subdag_downloads.py for tasks to queue
[2024-11-11T20:28:42.813+0000] {logging_mixin.py:190} INFO - [2024-11-11T20:28:42.813+0000] {dagbag.py:588} INFO - Filling up the DagBag from /opt/airflow/dags/subdags/subdag_downloads.py
[2024-11-11T20:28:42.827+0000] {processor.py:927} WARNING - No viable dags retrieved from /opt/airflow/dags/subdags/subdag_downloads.py
[2024-11-11T20:28:42.837+0000] {processor.py:208} INFO - Processing /opt/airflow/dags/subdags/subdag_downloads.py took 0.033 seconds
[2024-11-11T20:29:13.249+0000] {processor.py:186} INFO - Started process (PID=940) to work on /opt/airflow/dags/subdags/subdag_downloads.py
[2024-11-11T20:29:13.250+0000] {processor.py:914} INFO - Processing file /opt/airflow/dags/subdags/subdag_downloads.py for tasks to queue
[2024-11-11T20:29:13.251+0000] {logging_mixin.py:190} INFO - [2024-11-11T20:29:13.251+0000] {dagbag.py:588} INFO - Filling up the DagBag from /opt/airflow/dags/subdags/subdag_downloads.py
[2024-11-11T20:29:13.260+0000] {processor.py:927} WARNING - No viable dags retrieved from /opt/airflow/dags/subdags/subdag_downloads.py
[2024-11-11T20:29:13.272+0000] {processor.py:208} INFO - Processing /opt/airflow/dags/subdags/subdag_downloads.py took 0.028 seconds
[2024-11-11T20:29:43.795+0000] {processor.py:186} INFO - Started process (PID=953) to work on /opt/airflow/dags/subdags/subdag_downloads.py
[2024-11-11T20:29:43.796+0000] {processor.py:914} INFO - Processing file /opt/airflow/dags/subdags/subdag_downloads.py for tasks to queue
[2024-11-11T20:29:43.797+0000] {logging_mixin.py:190} INFO - [2024-11-11T20:29:43.797+0000] {dagbag.py:588} INFO - Filling up the DagBag from /opt/airflow/dags/subdags/subdag_downloads.py
[2024-11-11T20:29:43.809+0000] {processor.py:927} WARNING - No viable dags retrieved from /opt/airflow/dags/subdags/subdag_downloads.py
[2024-11-11T20:29:43.820+0000] {processor.py:208} INFO - Processing /opt/airflow/dags/subdags/subdag_downloads.py took 0.029 seconds
[2024-11-11T20:30:14.367+0000] {processor.py:186} INFO - Started process (PID=967) to work on /opt/airflow/dags/subdags/subdag_downloads.py
[2024-11-11T20:30:14.368+0000] {processor.py:914} INFO - Processing file /opt/airflow/dags/subdags/subdag_downloads.py for tasks to queue
[2024-11-11T20:30:14.369+0000] {logging_mixin.py:190} INFO - [2024-11-11T20:30:14.369+0000] {dagbag.py:588} INFO - Filling up the DagBag from /opt/airflow/dags/subdags/subdag_downloads.py
[2024-11-11T20:30:14.382+0000] {processor.py:927} WARNING - No viable dags retrieved from /opt/airflow/dags/subdags/subdag_downloads.py
[2024-11-11T20:30:14.407+0000] {processor.py:208} INFO - Processing /opt/airflow/dags/subdags/subdag_downloads.py took 0.046 seconds
[2024-11-11T20:30:44.958+0000] {processor.py:186} INFO - Started process (PID=980) to work on /opt/airflow/dags/subdags/subdag_downloads.py
[2024-11-11T20:30:44.959+0000] {processor.py:914} INFO - Processing file /opt/airflow/dags/subdags/subdag_downloads.py for tasks to queue
[2024-11-11T20:30:44.960+0000] {logging_mixin.py:190} INFO - [2024-11-11T20:30:44.960+0000] {dagbag.py:588} INFO - Filling up the DagBag from /opt/airflow/dags/subdags/subdag_downloads.py
[2024-11-11T20:30:44.973+0000] {processor.py:927} WARNING - No viable dags retrieved from /opt/airflow/dags/subdags/subdag_downloads.py
[2024-11-11T20:30:44.986+0000] {processor.py:208} INFO - Processing /opt/airflow/dags/subdags/subdag_downloads.py took 0.033 seconds
[2024-11-11T20:31:15.440+0000] {processor.py:186} INFO - Started process (PID=993) to work on /opt/airflow/dags/subdags/subdag_downloads.py
[2024-11-11T20:31:15.441+0000] {processor.py:914} INFO - Processing file /opt/airflow/dags/subdags/subdag_downloads.py for tasks to queue
[2024-11-11T20:31:15.443+0000] {logging_mixin.py:190} INFO - [2024-11-11T20:31:15.442+0000] {dagbag.py:588} INFO - Filling up the DagBag from /opt/airflow/dags/subdags/subdag_downloads.py
[2024-11-11T20:31:15.454+0000] {processor.py:927} WARNING - No viable dags retrieved from /opt/airflow/dags/subdags/subdag_downloads.py
[2024-11-11T20:31:15.466+0000] {processor.py:208} INFO - Processing /opt/airflow/dags/subdags/subdag_downloads.py took 0.031 seconds
[2024-11-11T20:31:45.991+0000] {processor.py:186} INFO - Started process (PID=1006) to work on /opt/airflow/dags/subdags/subdag_downloads.py
[2024-11-11T20:31:45.992+0000] {processor.py:914} INFO - Processing file /opt/airflow/dags/subdags/subdag_downloads.py for tasks to queue
[2024-11-11T20:31:45.993+0000] {logging_mixin.py:190} INFO - [2024-11-11T20:31:45.993+0000] {dagbag.py:588} INFO - Filling up the DagBag from /opt/airflow/dags/subdags/subdag_downloads.py
[2024-11-11T20:31:46.005+0000] {processor.py:927} WARNING - No viable dags retrieved from /opt/airflow/dags/subdags/subdag_downloads.py
[2024-11-11T20:31:46.017+0000] {processor.py:208} INFO - Processing /opt/airflow/dags/subdags/subdag_downloads.py took 0.031 seconds
