[2024-11-11T18:58:13.621+0000] {processor.py:186} INFO - Started process (PID=71) to work on /home/airflow/.local/lib/python3.12/site-packages/airflow/example_dags/example_sensors.py
[2024-11-11T18:58:13.622+0000] {processor.py:914} INFO - Processing file /home/airflow/.local/lib/python3.12/site-packages/airflow/example_dags/example_sensors.py for tasks to queue
[2024-11-11T18:58:13.625+0000] {logging_mixin.py:190} INFO - [2024-11-11T18:58:13.625+0000] {dagbag.py:588} INFO - Filling up the DagBag from /home/airflow/.local/lib/python3.12/site-packages/airflow/example_dags/example_sensors.py
[2024-11-11T18:58:13.657+0000] {processor.py:925} INFO - DAG(s) 'example_sensors' retrieved from /home/airflow/.local/lib/python3.12/site-packages/airflow/example_dags/example_sensors.py
[2024-11-11T18:58:13.712+0000] {logging_mixin.py:190} INFO - [2024-11-11T18:58:13.712+0000] {dag.py:3239} INFO - Sync 1 DAGs
[2024-11-11T18:58:13.739+0000] {logging_mixin.py:190} INFO - [2024-11-11T18:58:13.738+0000] {dag.py:4180} INFO - Setting next_dagrun for example_sensors to None, run_after=None
[2024-11-11T18:58:13.788+0000] {processor.py:208} INFO - Processing /home/airflow/.local/lib/python3.12/site-packages/airflow/example_dags/example_sensors.py took 0.175 seconds
[2024-11-11T18:58:44.023+0000] {processor.py:186} INFO - Started process (PID=136) to work on /home/airflow/.local/lib/python3.12/site-packages/airflow/example_dags/example_sensors.py
[2024-11-11T18:58:44.067+0000] {processor.py:914} INFO - Processing file /home/airflow/.local/lib/python3.12/site-packages/airflow/example_dags/example_sensors.py for tasks to queue
[2024-11-11T18:58:44.073+0000] {logging_mixin.py:190} INFO - [2024-11-11T18:58:44.073+0000] {dagbag.py:588} INFO - Filling up the DagBag from /home/airflow/.local/lib/python3.12/site-packages/airflow/example_dags/example_sensors.py
[2024-11-11T18:58:44.085+0000] {processor.py:925} INFO - DAG(s) 'example_sensors' retrieved from /home/airflow/.local/lib/python3.12/site-packages/airflow/example_dags/example_sensors.py
[2024-11-11T18:58:44.176+0000] {logging_mixin.py:190} INFO - [2024-11-11T18:58:44.176+0000] {dag.py:3239} INFO - Sync 1 DAGs
[2024-11-11T18:58:44.206+0000] {logging_mixin.py:190} INFO - [2024-11-11T18:58:44.206+0000] {dag.py:4180} INFO - Setting next_dagrun for example_sensors to None, run_after=None
[2024-11-11T18:58:44.301+0000] {processor.py:208} INFO - Processing /home/airflow/.local/lib/python3.12/site-packages/airflow/example_dags/example_sensors.py took 0.328 seconds
[2024-11-11T18:59:15.025+0000] {processor.py:186} INFO - Started process (PID=201) to work on /home/airflow/.local/lib/python3.12/site-packages/airflow/example_dags/example_sensors.py
[2024-11-11T18:59:15.026+0000] {processor.py:914} INFO - Processing file /home/airflow/.local/lib/python3.12/site-packages/airflow/example_dags/example_sensors.py for tasks to queue
[2024-11-11T18:59:15.029+0000] {logging_mixin.py:190} INFO - [2024-11-11T18:59:15.028+0000] {dagbag.py:588} INFO - Filling up the DagBag from /home/airflow/.local/lib/python3.12/site-packages/airflow/example_dags/example_sensors.py
[2024-11-11T18:59:15.043+0000] {processor.py:925} INFO - DAG(s) 'example_sensors' retrieved from /home/airflow/.local/lib/python3.12/site-packages/airflow/example_dags/example_sensors.py
[2024-11-11T18:59:15.087+0000] {logging_mixin.py:190} INFO - [2024-11-11T18:59:15.087+0000] {dag.py:3239} INFO - Sync 1 DAGs
[2024-11-11T18:59:15.114+0000] {logging_mixin.py:190} INFO - [2024-11-11T18:59:15.113+0000] {dag.py:4180} INFO - Setting next_dagrun for example_sensors to None, run_after=None
[2024-11-11T18:59:15.154+0000] {processor.py:208} INFO - Processing /home/airflow/.local/lib/python3.12/site-packages/airflow/example_dags/example_sensors.py took 0.134 seconds
[2024-11-11T18:59:45.679+0000] {processor.py:186} INFO - Started process (PID=266) to work on /home/airflow/.local/lib/python3.12/site-packages/airflow/example_dags/example_sensors.py
[2024-11-11T18:59:45.679+0000] {processor.py:914} INFO - Processing file /home/airflow/.local/lib/python3.12/site-packages/airflow/example_dags/example_sensors.py for tasks to queue
[2024-11-11T18:59:45.681+0000] {logging_mixin.py:190} INFO - [2024-11-11T18:59:45.681+0000] {dagbag.py:588} INFO - Filling up the DagBag from /home/airflow/.local/lib/python3.12/site-packages/airflow/example_dags/example_sensors.py
[2024-11-11T18:59:45.689+0000] {processor.py:925} INFO - DAG(s) 'example_sensors' retrieved from /home/airflow/.local/lib/python3.12/site-packages/airflow/example_dags/example_sensors.py
[2024-11-11T18:59:45.712+0000] {logging_mixin.py:190} INFO - [2024-11-11T18:59:45.712+0000] {dag.py:3239} INFO - Sync 1 DAGs
[2024-11-11T18:59:45.726+0000] {logging_mixin.py:190} INFO - [2024-11-11T18:59:45.726+0000] {dag.py:4180} INFO - Setting next_dagrun for example_sensors to None, run_after=None
[2024-11-11T18:59:45.744+0000] {processor.py:208} INFO - Processing /home/airflow/.local/lib/python3.12/site-packages/airflow/example_dags/example_sensors.py took 0.069 seconds
[2024-11-11T19:00:16.468+0000] {processor.py:186} INFO - Started process (PID=331) to work on /home/airflow/.local/lib/python3.12/site-packages/airflow/example_dags/example_sensors.py
[2024-11-11T19:00:16.468+0000] {processor.py:914} INFO - Processing file /home/airflow/.local/lib/python3.12/site-packages/airflow/example_dags/example_sensors.py for tasks to queue
[2024-11-11T19:00:16.470+0000] {logging_mixin.py:190} INFO - [2024-11-11T19:00:16.470+0000] {dagbag.py:588} INFO - Filling up the DagBag from /home/airflow/.local/lib/python3.12/site-packages/airflow/example_dags/example_sensors.py
[2024-11-11T19:00:16.482+0000] {processor.py:925} INFO - DAG(s) 'example_sensors' retrieved from /home/airflow/.local/lib/python3.12/site-packages/airflow/example_dags/example_sensors.py
[2024-11-11T19:00:16.500+0000] {logging_mixin.py:190} INFO - [2024-11-11T19:00:16.500+0000] {dag.py:3239} INFO - Sync 1 DAGs
[2024-11-11T19:00:16.511+0000] {logging_mixin.py:190} INFO - [2024-11-11T19:00:16.511+0000] {dag.py:4180} INFO - Setting next_dagrun for example_sensors to None, run_after=None
[2024-11-11T19:00:16.524+0000] {processor.py:208} INFO - Processing /home/airflow/.local/lib/python3.12/site-packages/airflow/example_dags/example_sensors.py took 0.060 seconds
[2024-11-11T19:00:47.318+0000] {processor.py:186} INFO - Started process (PID=396) to work on /home/airflow/.local/lib/python3.12/site-packages/airflow/example_dags/example_sensors.py
[2024-11-11T19:00:47.319+0000] {processor.py:914} INFO - Processing file /home/airflow/.local/lib/python3.12/site-packages/airflow/example_dags/example_sensors.py for tasks to queue
[2024-11-11T19:00:47.321+0000] {logging_mixin.py:190} INFO - [2024-11-11T19:00:47.320+0000] {dagbag.py:588} INFO - Filling up the DagBag from /home/airflow/.local/lib/python3.12/site-packages/airflow/example_dags/example_sensors.py
[2024-11-11T19:00:47.331+0000] {processor.py:925} INFO - DAG(s) 'example_sensors' retrieved from /home/airflow/.local/lib/python3.12/site-packages/airflow/example_dags/example_sensors.py
[2024-11-11T19:00:47.356+0000] {logging_mixin.py:190} INFO - [2024-11-11T19:00:47.355+0000] {dag.py:3239} INFO - Sync 1 DAGs
[2024-11-11T19:00:47.372+0000] {logging_mixin.py:190} INFO - [2024-11-11T19:00:47.372+0000] {dag.py:4180} INFO - Setting next_dagrun for example_sensors to None, run_after=None
[2024-11-11T19:00:47.392+0000] {processor.py:208} INFO - Processing /home/airflow/.local/lib/python3.12/site-packages/airflow/example_dags/example_sensors.py took 0.078 seconds
[2024-11-11T19:01:17.755+0000] {processor.py:186} INFO - Started process (PID=461) to work on /home/airflow/.local/lib/python3.12/site-packages/airflow/example_dags/example_sensors.py
[2024-11-11T19:01:17.756+0000] {processor.py:914} INFO - Processing file /home/airflow/.local/lib/python3.12/site-packages/airflow/example_dags/example_sensors.py for tasks to queue
[2024-11-11T19:01:17.757+0000] {logging_mixin.py:190} INFO - [2024-11-11T19:01:17.757+0000] {dagbag.py:588} INFO - Filling up the DagBag from /home/airflow/.local/lib/python3.12/site-packages/airflow/example_dags/example_sensors.py
[2024-11-11T19:01:17.766+0000] {processor.py:925} INFO - DAG(s) 'example_sensors' retrieved from /home/airflow/.local/lib/python3.12/site-packages/airflow/example_dags/example_sensors.py
[2024-11-11T19:01:17.795+0000] {logging_mixin.py:190} INFO - [2024-11-11T19:01:17.795+0000] {dag.py:3239} INFO - Sync 1 DAGs
[2024-11-11T19:01:17.807+0000] {logging_mixin.py:190} INFO - [2024-11-11T19:01:17.807+0000] {dag.py:4180} INFO - Setting next_dagrun for example_sensors to None, run_after=None
[2024-11-11T19:01:17.823+0000] {processor.py:208} INFO - Processing /home/airflow/.local/lib/python3.12/site-packages/airflow/example_dags/example_sensors.py took 0.072 seconds
[2024-11-11T19:01:48.135+0000] {processor.py:186} INFO - Started process (PID=526) to work on /home/airflow/.local/lib/python3.12/site-packages/airflow/example_dags/example_sensors.py
[2024-11-11T19:01:48.136+0000] {processor.py:914} INFO - Processing file /home/airflow/.local/lib/python3.12/site-packages/airflow/example_dags/example_sensors.py for tasks to queue
[2024-11-11T19:01:48.138+0000] {logging_mixin.py:190} INFO - [2024-11-11T19:01:48.138+0000] {dagbag.py:588} INFO - Filling up the DagBag from /home/airflow/.local/lib/python3.12/site-packages/airflow/example_dags/example_sensors.py
[2024-11-11T19:01:48.151+0000] {processor.py:925} INFO - DAG(s) 'example_sensors' retrieved from /home/airflow/.local/lib/python3.12/site-packages/airflow/example_dags/example_sensors.py
[2024-11-11T19:01:48.175+0000] {logging_mixin.py:190} INFO - [2024-11-11T19:01:48.174+0000] {dag.py:3239} INFO - Sync 1 DAGs
[2024-11-11T19:01:48.186+0000] {logging_mixin.py:190} INFO - [2024-11-11T19:01:48.186+0000] {dag.py:4180} INFO - Setting next_dagrun for example_sensors to None, run_after=None
[2024-11-11T19:01:48.204+0000] {processor.py:208} INFO - Processing /home/airflow/.local/lib/python3.12/site-packages/airflow/example_dags/example_sensors.py took 0.073 seconds
[2024-11-11T19:02:18.610+0000] {processor.py:186} INFO - Started process (PID=591) to work on /home/airflow/.local/lib/python3.12/site-packages/airflow/example_dags/example_sensors.py
[2024-11-11T19:02:18.610+0000] {processor.py:914} INFO - Processing file /home/airflow/.local/lib/python3.12/site-packages/airflow/example_dags/example_sensors.py for tasks to queue
[2024-11-11T19:02:18.612+0000] {logging_mixin.py:190} INFO - [2024-11-11T19:02:18.612+0000] {dagbag.py:588} INFO - Filling up the DagBag from /home/airflow/.local/lib/python3.12/site-packages/airflow/example_dags/example_sensors.py
[2024-11-11T19:02:18.624+0000] {processor.py:925} INFO - DAG(s) 'example_sensors' retrieved from /home/airflow/.local/lib/python3.12/site-packages/airflow/example_dags/example_sensors.py
[2024-11-11T19:02:18.651+0000] {logging_mixin.py:190} INFO - [2024-11-11T19:02:18.651+0000] {dag.py:3239} INFO - Sync 1 DAGs
[2024-11-11T19:02:18.662+0000] {logging_mixin.py:190} INFO - [2024-11-11T19:02:18.661+0000] {dag.py:4180} INFO - Setting next_dagrun for example_sensors to None, run_after=None
[2024-11-11T19:02:18.680+0000] {processor.py:208} INFO - Processing /home/airflow/.local/lib/python3.12/site-packages/airflow/example_dags/example_sensors.py took 0.075 seconds
[2024-11-11T19:02:48.980+0000] {processor.py:186} INFO - Started process (PID=656) to work on /home/airflow/.local/lib/python3.12/site-packages/airflow/example_dags/example_sensors.py
[2024-11-11T19:02:48.981+0000] {processor.py:914} INFO - Processing file /home/airflow/.local/lib/python3.12/site-packages/airflow/example_dags/example_sensors.py for tasks to queue
[2024-11-11T19:02:48.982+0000] {logging_mixin.py:190} INFO - [2024-11-11T19:02:48.982+0000] {dagbag.py:588} INFO - Filling up the DagBag from /home/airflow/.local/lib/python3.12/site-packages/airflow/example_dags/example_sensors.py
[2024-11-11T19:02:48.991+0000] {processor.py:925} INFO - DAG(s) 'example_sensors' retrieved from /home/airflow/.local/lib/python3.12/site-packages/airflow/example_dags/example_sensors.py
[2024-11-11T19:02:49.017+0000] {logging_mixin.py:190} INFO - [2024-11-11T19:02:49.017+0000] {dag.py:3239} INFO - Sync 1 DAGs
[2024-11-11T19:02:49.029+0000] {logging_mixin.py:190} INFO - [2024-11-11T19:02:49.029+0000] {dag.py:4180} INFO - Setting next_dagrun for example_sensors to None, run_after=None
[2024-11-11T19:02:49.044+0000] {processor.py:208} INFO - Processing /home/airflow/.local/lib/python3.12/site-packages/airflow/example_dags/example_sensors.py took 0.068 seconds
[2024-11-11T19:03:19.388+0000] {processor.py:186} INFO - Started process (PID=721) to work on /home/airflow/.local/lib/python3.12/site-packages/airflow/example_dags/example_sensors.py
[2024-11-11T19:03:19.388+0000] {processor.py:914} INFO - Processing file /home/airflow/.local/lib/python3.12/site-packages/airflow/example_dags/example_sensors.py for tasks to queue
[2024-11-11T19:03:19.390+0000] {logging_mixin.py:190} INFO - [2024-11-11T19:03:19.390+0000] {dagbag.py:588} INFO - Filling up the DagBag from /home/airflow/.local/lib/python3.12/site-packages/airflow/example_dags/example_sensors.py
[2024-11-11T19:03:19.406+0000] {processor.py:925} INFO - DAG(s) 'example_sensors' retrieved from /home/airflow/.local/lib/python3.12/site-packages/airflow/example_dags/example_sensors.py
[2024-11-11T19:03:19.436+0000] {logging_mixin.py:190} INFO - [2024-11-11T19:03:19.436+0000] {dag.py:3239} INFO - Sync 1 DAGs
[2024-11-11T19:03:19.448+0000] {logging_mixin.py:190} INFO - [2024-11-11T19:03:19.448+0000] {dag.py:4180} INFO - Setting next_dagrun for example_sensors to None, run_after=None
[2024-11-11T19:03:19.464+0000] {processor.py:208} INFO - Processing /home/airflow/.local/lib/python3.12/site-packages/airflow/example_dags/example_sensors.py took 0.081 seconds
[2024-11-11T19:03:49.672+0000] {processor.py:186} INFO - Started process (PID=786) to work on /home/airflow/.local/lib/python3.12/site-packages/airflow/example_dags/example_sensors.py
[2024-11-11T19:03:49.673+0000] {processor.py:914} INFO - Processing file /home/airflow/.local/lib/python3.12/site-packages/airflow/example_dags/example_sensors.py for tasks to queue
[2024-11-11T19:03:49.675+0000] {logging_mixin.py:190} INFO - [2024-11-11T19:03:49.675+0000] {dagbag.py:588} INFO - Filling up the DagBag from /home/airflow/.local/lib/python3.12/site-packages/airflow/example_dags/example_sensors.py
[2024-11-11T19:03:49.685+0000] {processor.py:925} INFO - DAG(s) 'example_sensors' retrieved from /home/airflow/.local/lib/python3.12/site-packages/airflow/example_dags/example_sensors.py
[2024-11-11T19:03:49.705+0000] {logging_mixin.py:190} INFO - [2024-11-11T19:03:49.705+0000] {dag.py:3239} INFO - Sync 1 DAGs
[2024-11-11T19:03:49.717+0000] {logging_mixin.py:190} INFO - [2024-11-11T19:03:49.716+0000] {dag.py:4180} INFO - Setting next_dagrun for example_sensors to None, run_after=None
[2024-11-11T19:03:49.734+0000] {processor.py:208} INFO - Processing /home/airflow/.local/lib/python3.12/site-packages/airflow/example_dags/example_sensors.py took 0.065 seconds
[2024-11-11T19:04:20.159+0000] {processor.py:186} INFO - Started process (PID=851) to work on /home/airflow/.local/lib/python3.12/site-packages/airflow/example_dags/example_sensors.py
[2024-11-11T19:04:20.160+0000] {processor.py:914} INFO - Processing file /home/airflow/.local/lib/python3.12/site-packages/airflow/example_dags/example_sensors.py for tasks to queue
[2024-11-11T19:04:20.161+0000] {logging_mixin.py:190} INFO - [2024-11-11T19:04:20.161+0000] {dagbag.py:588} INFO - Filling up the DagBag from /home/airflow/.local/lib/python3.12/site-packages/airflow/example_dags/example_sensors.py
[2024-11-11T19:04:20.169+0000] {processor.py:925} INFO - DAG(s) 'example_sensors' retrieved from /home/airflow/.local/lib/python3.12/site-packages/airflow/example_dags/example_sensors.py
[2024-11-11T19:04:20.191+0000] {logging_mixin.py:190} INFO - [2024-11-11T19:04:20.191+0000] {dag.py:3239} INFO - Sync 1 DAGs
[2024-11-11T19:04:20.201+0000] {logging_mixin.py:190} INFO - [2024-11-11T19:04:20.201+0000] {dag.py:4180} INFO - Setting next_dagrun for example_sensors to None, run_after=None
[2024-11-11T19:04:20.215+0000] {processor.py:208} INFO - Processing /home/airflow/.local/lib/python3.12/site-packages/airflow/example_dags/example_sensors.py took 0.061 seconds
[2024-11-11T19:04:50.976+0000] {processor.py:186} INFO - Started process (PID=916) to work on /home/airflow/.local/lib/python3.12/site-packages/airflow/example_dags/example_sensors.py
[2024-11-11T19:04:50.980+0000] {processor.py:914} INFO - Processing file /home/airflow/.local/lib/python3.12/site-packages/airflow/example_dags/example_sensors.py for tasks to queue
[2024-11-11T19:04:50.982+0000] {logging_mixin.py:190} INFO - [2024-11-11T19:04:50.982+0000] {dagbag.py:588} INFO - Filling up the DagBag from /home/airflow/.local/lib/python3.12/site-packages/airflow/example_dags/example_sensors.py
[2024-11-11T19:04:50.992+0000] {processor.py:925} INFO - DAG(s) 'example_sensors' retrieved from /home/airflow/.local/lib/python3.12/site-packages/airflow/example_dags/example_sensors.py
[2024-11-11T19:04:51.050+0000] {logging_mixin.py:190} INFO - [2024-11-11T19:04:51.050+0000] {dag.py:3239} INFO - Sync 1 DAGs
[2024-11-11T19:04:51.065+0000] {logging_mixin.py:190} INFO - [2024-11-11T19:04:51.065+0000] {dag.py:4180} INFO - Setting next_dagrun for example_sensors to None, run_after=None
[2024-11-11T19:04:51.088+0000] {processor.py:208} INFO - Processing /home/airflow/.local/lib/python3.12/site-packages/airflow/example_dags/example_sensors.py took 0.116 seconds
[2024-11-11T19:05:21.760+0000] {processor.py:186} INFO - Started process (PID=981) to work on /home/airflow/.local/lib/python3.12/site-packages/airflow/example_dags/example_sensors.py
[2024-11-11T19:05:21.761+0000] {processor.py:914} INFO - Processing file /home/airflow/.local/lib/python3.12/site-packages/airflow/example_dags/example_sensors.py for tasks to queue
[2024-11-11T19:05:21.763+0000] {logging_mixin.py:190} INFO - [2024-11-11T19:05:21.763+0000] {dagbag.py:588} INFO - Filling up the DagBag from /home/airflow/.local/lib/python3.12/site-packages/airflow/example_dags/example_sensors.py
[2024-11-11T19:05:21.791+0000] {processor.py:925} INFO - DAG(s) 'example_sensors' retrieved from /home/airflow/.local/lib/python3.12/site-packages/airflow/example_dags/example_sensors.py
[2024-11-11T19:05:21.826+0000] {logging_mixin.py:190} INFO - [2024-11-11T19:05:21.824+0000] {dag.py:3239} INFO - Sync 1 DAGs
[2024-11-11T19:05:21.857+0000] {logging_mixin.py:190} INFO - [2024-11-11T19:05:21.856+0000] {dag.py:4180} INFO - Setting next_dagrun for example_sensors to None, run_after=None
[2024-11-11T19:05:21.895+0000] {processor.py:208} INFO - Processing /home/airflow/.local/lib/python3.12/site-packages/airflow/example_dags/example_sensors.py took 0.149 seconds
[2024-11-11T19:05:52.223+0000] {processor.py:186} INFO - Started process (PID=1046) to work on /home/airflow/.local/lib/python3.12/site-packages/airflow/example_dags/example_sensors.py
[2024-11-11T19:05:52.223+0000] {processor.py:914} INFO - Processing file /home/airflow/.local/lib/python3.12/site-packages/airflow/example_dags/example_sensors.py for tasks to queue
[2024-11-11T19:05:52.225+0000] {logging_mixin.py:190} INFO - [2024-11-11T19:05:52.225+0000] {dagbag.py:588} INFO - Filling up the DagBag from /home/airflow/.local/lib/python3.12/site-packages/airflow/example_dags/example_sensors.py
[2024-11-11T19:05:52.234+0000] {processor.py:925} INFO - DAG(s) 'example_sensors' retrieved from /home/airflow/.local/lib/python3.12/site-packages/airflow/example_dags/example_sensors.py
[2024-11-11T19:05:52.256+0000] {logging_mixin.py:190} INFO - [2024-11-11T19:05:52.255+0000] {dag.py:3239} INFO - Sync 1 DAGs
[2024-11-11T19:05:52.267+0000] {logging_mixin.py:190} INFO - [2024-11-11T19:05:52.267+0000] {dag.py:4180} INFO - Setting next_dagrun for example_sensors to None, run_after=None
[2024-11-11T19:05:52.281+0000] {processor.py:208} INFO - Processing /home/airflow/.local/lib/python3.12/site-packages/airflow/example_dags/example_sensors.py took 0.063 seconds
[2024-11-11T19:06:22.564+0000] {processor.py:186} INFO - Started process (PID=1112) to work on /home/airflow/.local/lib/python3.12/site-packages/airflow/example_dags/example_sensors.py
[2024-11-11T19:06:22.565+0000] {processor.py:914} INFO - Processing file /home/airflow/.local/lib/python3.12/site-packages/airflow/example_dags/example_sensors.py for tasks to queue
[2024-11-11T19:06:22.567+0000] {logging_mixin.py:190} INFO - [2024-11-11T19:06:22.566+0000] {dagbag.py:588} INFO - Filling up the DagBag from /home/airflow/.local/lib/python3.12/site-packages/airflow/example_dags/example_sensors.py
[2024-11-11T19:06:22.582+0000] {processor.py:925} INFO - DAG(s) 'example_sensors' retrieved from /home/airflow/.local/lib/python3.12/site-packages/airflow/example_dags/example_sensors.py
[2024-11-11T19:06:22.610+0000] {logging_mixin.py:190} INFO - [2024-11-11T19:06:22.610+0000] {dag.py:3239} INFO - Sync 1 DAGs
[2024-11-11T19:06:22.624+0000] {logging_mixin.py:190} INFO - [2024-11-11T19:06:22.623+0000] {dag.py:4180} INFO - Setting next_dagrun for example_sensors to None, run_after=None
[2024-11-11T19:06:22.654+0000] {processor.py:208} INFO - Processing /home/airflow/.local/lib/python3.12/site-packages/airflow/example_dags/example_sensors.py took 0.095 seconds
[2024-11-11T19:06:53.420+0000] {processor.py:186} INFO - Started process (PID=1178) to work on /home/airflow/.local/lib/python3.12/site-packages/airflow/example_dags/example_sensors.py
[2024-11-11T19:06:53.421+0000] {processor.py:914} INFO - Processing file /home/airflow/.local/lib/python3.12/site-packages/airflow/example_dags/example_sensors.py for tasks to queue
[2024-11-11T19:06:53.423+0000] {logging_mixin.py:190} INFO - [2024-11-11T19:06:53.423+0000] {dagbag.py:588} INFO - Filling up the DagBag from /home/airflow/.local/lib/python3.12/site-packages/airflow/example_dags/example_sensors.py
[2024-11-11T19:06:53.436+0000] {processor.py:925} INFO - DAG(s) 'example_sensors' retrieved from /home/airflow/.local/lib/python3.12/site-packages/airflow/example_dags/example_sensors.py
[2024-11-11T19:06:53.463+0000] {logging_mixin.py:190} INFO - [2024-11-11T19:06:53.463+0000] {dag.py:3239} INFO - Sync 1 DAGs
[2024-11-11T19:06:53.476+0000] {logging_mixin.py:190} INFO - [2024-11-11T19:06:53.476+0000] {dag.py:4180} INFO - Setting next_dagrun for example_sensors to None, run_after=None
[2024-11-11T19:06:53.493+0000] {processor.py:208} INFO - Processing /home/airflow/.local/lib/python3.12/site-packages/airflow/example_dags/example_sensors.py took 0.077 seconds
[2024-11-11T19:07:24.214+0000] {processor.py:186} INFO - Started process (PID=1243) to work on /home/airflow/.local/lib/python3.12/site-packages/airflow/example_dags/example_sensors.py
[2024-11-11T19:07:24.214+0000] {processor.py:914} INFO - Processing file /home/airflow/.local/lib/python3.12/site-packages/airflow/example_dags/example_sensors.py for tasks to queue
[2024-11-11T19:07:24.216+0000] {logging_mixin.py:190} INFO - [2024-11-11T19:07:24.216+0000] {dagbag.py:588} INFO - Filling up the DagBag from /home/airflow/.local/lib/python3.12/site-packages/airflow/example_dags/example_sensors.py
[2024-11-11T19:07:24.227+0000] {processor.py:925} INFO - DAG(s) 'example_sensors' retrieved from /home/airflow/.local/lib/python3.12/site-packages/airflow/example_dags/example_sensors.py
[2024-11-11T19:07:24.259+0000] {logging_mixin.py:190} INFO - [2024-11-11T19:07:24.259+0000] {dag.py:3239} INFO - Sync 1 DAGs
[2024-11-11T19:07:24.271+0000] {logging_mixin.py:190} INFO - [2024-11-11T19:07:24.271+0000] {dag.py:4180} INFO - Setting next_dagrun for example_sensors to None, run_after=None
[2024-11-11T19:07:24.285+0000] {processor.py:208} INFO - Processing /home/airflow/.local/lib/python3.12/site-packages/airflow/example_dags/example_sensors.py took 0.080 seconds
[2024-11-11T19:07:54.617+0000] {processor.py:186} INFO - Started process (PID=1308) to work on /home/airflow/.local/lib/python3.12/site-packages/airflow/example_dags/example_sensors.py
[2024-11-11T19:07:54.618+0000] {processor.py:914} INFO - Processing file /home/airflow/.local/lib/python3.12/site-packages/airflow/example_dags/example_sensors.py for tasks to queue
[2024-11-11T19:07:54.620+0000] {logging_mixin.py:190} INFO - [2024-11-11T19:07:54.620+0000] {dagbag.py:588} INFO - Filling up the DagBag from /home/airflow/.local/lib/python3.12/site-packages/airflow/example_dags/example_sensors.py
[2024-11-11T19:07:54.629+0000] {processor.py:925} INFO - DAG(s) 'example_sensors' retrieved from /home/airflow/.local/lib/python3.12/site-packages/airflow/example_dags/example_sensors.py
[2024-11-11T19:07:54.651+0000] {logging_mixin.py:190} INFO - [2024-11-11T19:07:54.651+0000] {dag.py:3239} INFO - Sync 1 DAGs
[2024-11-11T19:07:54.662+0000] {logging_mixin.py:190} INFO - [2024-11-11T19:07:54.662+0000] {dag.py:4180} INFO - Setting next_dagrun for example_sensors to None, run_after=None
[2024-11-11T19:07:54.676+0000] {processor.py:208} INFO - Processing /home/airflow/.local/lib/python3.12/site-packages/airflow/example_dags/example_sensors.py took 0.063 seconds
[2024-11-11T19:08:25.212+0000] {processor.py:186} INFO - Started process (PID=1373) to work on /home/airflow/.local/lib/python3.12/site-packages/airflow/example_dags/example_sensors.py
[2024-11-11T19:08:25.212+0000] {processor.py:914} INFO - Processing file /home/airflow/.local/lib/python3.12/site-packages/airflow/example_dags/example_sensors.py for tasks to queue
[2024-11-11T19:08:25.214+0000] {logging_mixin.py:190} INFO - [2024-11-11T19:08:25.214+0000] {dagbag.py:588} INFO - Filling up the DagBag from /home/airflow/.local/lib/python3.12/site-packages/airflow/example_dags/example_sensors.py
[2024-11-11T19:08:25.222+0000] {processor.py:925} INFO - DAG(s) 'example_sensors' retrieved from /home/airflow/.local/lib/python3.12/site-packages/airflow/example_dags/example_sensors.py
[2024-11-11T19:08:25.246+0000] {logging_mixin.py:190} INFO - [2024-11-11T19:08:25.246+0000] {dag.py:3239} INFO - Sync 1 DAGs
[2024-11-11T19:08:25.258+0000] {logging_mixin.py:190} INFO - [2024-11-11T19:08:25.258+0000] {dag.py:4180} INFO - Setting next_dagrun for example_sensors to None, run_after=None
[2024-11-11T19:08:25.275+0000] {processor.py:208} INFO - Processing /home/airflow/.local/lib/python3.12/site-packages/airflow/example_dags/example_sensors.py took 0.067 seconds
[2024-11-11T19:08:55.670+0000] {processor.py:186} INFO - Started process (PID=1437) to work on /home/airflow/.local/lib/python3.12/site-packages/airflow/example_dags/example_sensors.py
[2024-11-11T19:08:55.671+0000] {processor.py:914} INFO - Processing file /home/airflow/.local/lib/python3.12/site-packages/airflow/example_dags/example_sensors.py for tasks to queue
[2024-11-11T19:08:55.673+0000] {logging_mixin.py:190} INFO - [2024-11-11T19:08:55.673+0000] {dagbag.py:588} INFO - Filling up the DagBag from /home/airflow/.local/lib/python3.12/site-packages/airflow/example_dags/example_sensors.py
[2024-11-11T19:08:55.681+0000] {processor.py:925} INFO - DAG(s) 'example_sensors' retrieved from /home/airflow/.local/lib/python3.12/site-packages/airflow/example_dags/example_sensors.py
[2024-11-11T19:08:55.703+0000] {logging_mixin.py:190} INFO - [2024-11-11T19:08:55.703+0000] {dag.py:3239} INFO - Sync 1 DAGs
[2024-11-11T19:08:55.714+0000] {logging_mixin.py:190} INFO - [2024-11-11T19:08:55.714+0000] {dag.py:4180} INFO - Setting next_dagrun for example_sensors to None, run_after=None
[2024-11-11T19:08:55.731+0000] {processor.py:208} INFO - Processing /home/airflow/.local/lib/python3.12/site-packages/airflow/example_dags/example_sensors.py took 0.065 seconds
[2024-11-11T19:09:26.576+0000] {processor.py:186} INFO - Started process (PID=1502) to work on /home/airflow/.local/lib/python3.12/site-packages/airflow/example_dags/example_sensors.py
[2024-11-11T19:09:26.576+0000] {processor.py:914} INFO - Processing file /home/airflow/.local/lib/python3.12/site-packages/airflow/example_dags/example_sensors.py for tasks to queue
[2024-11-11T19:09:26.578+0000] {logging_mixin.py:190} INFO - [2024-11-11T19:09:26.578+0000] {dagbag.py:588} INFO - Filling up the DagBag from /home/airflow/.local/lib/python3.12/site-packages/airflow/example_dags/example_sensors.py
[2024-11-11T19:09:26.592+0000] {processor.py:925} INFO - DAG(s) 'example_sensors' retrieved from /home/airflow/.local/lib/python3.12/site-packages/airflow/example_dags/example_sensors.py
[2024-11-11T19:09:26.619+0000] {logging_mixin.py:190} INFO - [2024-11-11T19:09:26.619+0000] {dag.py:3239} INFO - Sync 1 DAGs
[2024-11-11T19:09:26.634+0000] {logging_mixin.py:190} INFO - [2024-11-11T19:09:26.633+0000] {dag.py:4180} INFO - Setting next_dagrun for example_sensors to None, run_after=None
[2024-11-11T19:09:26.654+0000] {processor.py:208} INFO - Processing /home/airflow/.local/lib/python3.12/site-packages/airflow/example_dags/example_sensors.py took 0.082 seconds
[2024-11-11T19:09:57.208+0000] {processor.py:186} INFO - Started process (PID=1567) to work on /home/airflow/.local/lib/python3.12/site-packages/airflow/example_dags/example_sensors.py
[2024-11-11T19:09:57.208+0000] {processor.py:914} INFO - Processing file /home/airflow/.local/lib/python3.12/site-packages/airflow/example_dags/example_sensors.py for tasks to queue
[2024-11-11T19:09:57.210+0000] {logging_mixin.py:190} INFO - [2024-11-11T19:09:57.210+0000] {dagbag.py:588} INFO - Filling up the DagBag from /home/airflow/.local/lib/python3.12/site-packages/airflow/example_dags/example_sensors.py
[2024-11-11T19:09:57.218+0000] {processor.py:925} INFO - DAG(s) 'example_sensors' retrieved from /home/airflow/.local/lib/python3.12/site-packages/airflow/example_dags/example_sensors.py
[2024-11-11T19:09:57.247+0000] {logging_mixin.py:190} INFO - [2024-11-11T19:09:57.247+0000] {dag.py:3239} INFO - Sync 1 DAGs
[2024-11-11T19:09:57.260+0000] {logging_mixin.py:190} INFO - [2024-11-11T19:09:57.260+0000] {dag.py:4180} INFO - Setting next_dagrun for example_sensors to None, run_after=None
[2024-11-11T19:09:57.283+0000] {processor.py:208} INFO - Processing /home/airflow/.local/lib/python3.12/site-packages/airflow/example_dags/example_sensors.py took 0.079 seconds
[2024-11-11T19:10:28.148+0000] {processor.py:186} INFO - Started process (PID=1632) to work on /home/airflow/.local/lib/python3.12/site-packages/airflow/example_dags/example_sensors.py
[2024-11-11T19:10:28.149+0000] {processor.py:914} INFO - Processing file /home/airflow/.local/lib/python3.12/site-packages/airflow/example_dags/example_sensors.py for tasks to queue
[2024-11-11T19:10:28.151+0000] {logging_mixin.py:190} INFO - [2024-11-11T19:10:28.150+0000] {dagbag.py:588} INFO - Filling up the DagBag from /home/airflow/.local/lib/python3.12/site-packages/airflow/example_dags/example_sensors.py
[2024-11-11T19:10:28.167+0000] {processor.py:925} INFO - DAG(s) 'example_sensors' retrieved from /home/airflow/.local/lib/python3.12/site-packages/airflow/example_dags/example_sensors.py
[2024-11-11T19:10:28.198+0000] {logging_mixin.py:190} INFO - [2024-11-11T19:10:28.198+0000] {dag.py:3239} INFO - Sync 1 DAGs
[2024-11-11T19:10:28.210+0000] {logging_mixin.py:190} INFO - [2024-11-11T19:10:28.210+0000] {dag.py:4180} INFO - Setting next_dagrun for example_sensors to None, run_after=None
[2024-11-11T19:10:28.237+0000] {processor.py:208} INFO - Processing /home/airflow/.local/lib/python3.12/site-packages/airflow/example_dags/example_sensors.py took 0.092 seconds
[2024-11-11T19:10:58.464+0000] {processor.py:186} INFO - Started process (PID=1697) to work on /home/airflow/.local/lib/python3.12/site-packages/airflow/example_dags/example_sensors.py
[2024-11-11T19:10:58.464+0000] {processor.py:914} INFO - Processing file /home/airflow/.local/lib/python3.12/site-packages/airflow/example_dags/example_sensors.py for tasks to queue
[2024-11-11T19:10:58.469+0000] {logging_mixin.py:190} INFO - [2024-11-11T19:10:58.468+0000] {dagbag.py:588} INFO - Filling up the DagBag from /home/airflow/.local/lib/python3.12/site-packages/airflow/example_dags/example_sensors.py
[2024-11-11T19:10:58.483+0000] {processor.py:925} INFO - DAG(s) 'example_sensors' retrieved from /home/airflow/.local/lib/python3.12/site-packages/airflow/example_dags/example_sensors.py
[2024-11-11T19:10:58.532+0000] {logging_mixin.py:190} INFO - [2024-11-11T19:10:58.532+0000] {dag.py:3239} INFO - Sync 1 DAGs
[2024-11-11T19:10:58.556+0000] {logging_mixin.py:190} INFO - [2024-11-11T19:10:58.556+0000] {dag.py:4180} INFO - Setting next_dagrun for example_sensors to None, run_after=None
[2024-11-11T19:10:58.590+0000] {processor.py:208} INFO - Processing /home/airflow/.local/lib/python3.12/site-packages/airflow/example_dags/example_sensors.py took 0.135 seconds
[2024-11-11T19:11:28.688+0000] {processor.py:186} INFO - Started process (PID=1762) to work on /home/airflow/.local/lib/python3.12/site-packages/airflow/example_dags/example_sensors.py
[2024-11-11T19:11:28.689+0000] {processor.py:914} INFO - Processing file /home/airflow/.local/lib/python3.12/site-packages/airflow/example_dags/example_sensors.py for tasks to queue
[2024-11-11T19:11:28.691+0000] {logging_mixin.py:190} INFO - [2024-11-11T19:11:28.691+0000] {dagbag.py:588} INFO - Filling up the DagBag from /home/airflow/.local/lib/python3.12/site-packages/airflow/example_dags/example_sensors.py
[2024-11-11T19:11:28.700+0000] {processor.py:925} INFO - DAG(s) 'example_sensors' retrieved from /home/airflow/.local/lib/python3.12/site-packages/airflow/example_dags/example_sensors.py
[2024-11-11T19:11:28.724+0000] {logging_mixin.py:190} INFO - [2024-11-11T19:11:28.724+0000] {dag.py:3239} INFO - Sync 1 DAGs
[2024-11-11T19:11:28.738+0000] {logging_mixin.py:190} INFO - [2024-11-11T19:11:28.738+0000] {dag.py:4180} INFO - Setting next_dagrun for example_sensors to None, run_after=None
[2024-11-11T19:11:28.761+0000] {processor.py:208} INFO - Processing /home/airflow/.local/lib/python3.12/site-packages/airflow/example_dags/example_sensors.py took 0.078 seconds
[2024-11-11T19:11:59.513+0000] {processor.py:186} INFO - Started process (PID=1827) to work on /home/airflow/.local/lib/python3.12/site-packages/airflow/example_dags/example_sensors.py
[2024-11-11T19:11:59.514+0000] {processor.py:914} INFO - Processing file /home/airflow/.local/lib/python3.12/site-packages/airflow/example_dags/example_sensors.py for tasks to queue
[2024-11-11T19:11:59.516+0000] {logging_mixin.py:190} INFO - [2024-11-11T19:11:59.515+0000] {dagbag.py:588} INFO - Filling up the DagBag from /home/airflow/.local/lib/python3.12/site-packages/airflow/example_dags/example_sensors.py
[2024-11-11T19:11:59.526+0000] {processor.py:925} INFO - DAG(s) 'example_sensors' retrieved from /home/airflow/.local/lib/python3.12/site-packages/airflow/example_dags/example_sensors.py
[2024-11-11T19:11:59.555+0000] {logging_mixin.py:190} INFO - [2024-11-11T19:11:59.555+0000] {dag.py:3239} INFO - Sync 1 DAGs
[2024-11-11T19:11:59.566+0000] {logging_mixin.py:190} INFO - [2024-11-11T19:11:59.566+0000] {dag.py:4180} INFO - Setting next_dagrun for example_sensors to None, run_after=None
[2024-11-11T19:11:59.580+0000] {processor.py:208} INFO - Processing /home/airflow/.local/lib/python3.12/site-packages/airflow/example_dags/example_sensors.py took 0.073 seconds
[2024-11-11T19:12:30.155+0000] {processor.py:186} INFO - Started process (PID=1892) to work on /home/airflow/.local/lib/python3.12/site-packages/airflow/example_dags/example_sensors.py
[2024-11-11T19:12:30.156+0000] {processor.py:914} INFO - Processing file /home/airflow/.local/lib/python3.12/site-packages/airflow/example_dags/example_sensors.py for tasks to queue
[2024-11-11T19:12:30.158+0000] {logging_mixin.py:190} INFO - [2024-11-11T19:12:30.157+0000] {dagbag.py:588} INFO - Filling up the DagBag from /home/airflow/.local/lib/python3.12/site-packages/airflow/example_dags/example_sensors.py
[2024-11-11T19:12:30.169+0000] {processor.py:925} INFO - DAG(s) 'example_sensors' retrieved from /home/airflow/.local/lib/python3.12/site-packages/airflow/example_dags/example_sensors.py
[2024-11-11T19:12:30.193+0000] {logging_mixin.py:190} INFO - [2024-11-11T19:12:30.193+0000] {dag.py:3239} INFO - Sync 1 DAGs
[2024-11-11T19:12:30.205+0000] {logging_mixin.py:190} INFO - [2024-11-11T19:12:30.205+0000] {dag.py:4180} INFO - Setting next_dagrun for example_sensors to None, run_after=None
[2024-11-11T19:12:30.220+0000] {processor.py:208} INFO - Processing /home/airflow/.local/lib/python3.12/site-packages/airflow/example_dags/example_sensors.py took 0.069 seconds
[2024-11-11T19:13:00.724+0000] {processor.py:186} INFO - Started process (PID=1957) to work on /home/airflow/.local/lib/python3.12/site-packages/airflow/example_dags/example_sensors.py
[2024-11-11T19:13:00.725+0000] {processor.py:914} INFO - Processing file /home/airflow/.local/lib/python3.12/site-packages/airflow/example_dags/example_sensors.py for tasks to queue
[2024-11-11T19:13:00.727+0000] {logging_mixin.py:190} INFO - [2024-11-11T19:13:00.726+0000] {dagbag.py:588} INFO - Filling up the DagBag from /home/airflow/.local/lib/python3.12/site-packages/airflow/example_dags/example_sensors.py
[2024-11-11T19:13:00.735+0000] {processor.py:925} INFO - DAG(s) 'example_sensors' retrieved from /home/airflow/.local/lib/python3.12/site-packages/airflow/example_dags/example_sensors.py
[2024-11-11T19:13:00.755+0000] {logging_mixin.py:190} INFO - [2024-11-11T19:13:00.755+0000] {dag.py:3239} INFO - Sync 1 DAGs
[2024-11-11T19:13:00.767+0000] {logging_mixin.py:190} INFO - [2024-11-11T19:13:00.767+0000] {dag.py:4180} INFO - Setting next_dagrun for example_sensors to None, run_after=None
[2024-11-11T19:13:00.781+0000] {processor.py:208} INFO - Processing /home/airflow/.local/lib/python3.12/site-packages/airflow/example_dags/example_sensors.py took 0.061 seconds
[2024-11-11T19:13:31.159+0000] {processor.py:186} INFO - Started process (PID=2023) to work on /home/airflow/.local/lib/python3.12/site-packages/airflow/example_dags/example_sensors.py
[2024-11-11T19:13:31.160+0000] {processor.py:914} INFO - Processing file /home/airflow/.local/lib/python3.12/site-packages/airflow/example_dags/example_sensors.py for tasks to queue
[2024-11-11T19:13:31.162+0000] {logging_mixin.py:190} INFO - [2024-11-11T19:13:31.161+0000] {dagbag.py:588} INFO - Filling up the DagBag from /home/airflow/.local/lib/python3.12/site-packages/airflow/example_dags/example_sensors.py
[2024-11-11T19:13:31.171+0000] {processor.py:925} INFO - DAG(s) 'example_sensors' retrieved from /home/airflow/.local/lib/python3.12/site-packages/airflow/example_dags/example_sensors.py
[2024-11-11T19:13:31.198+0000] {logging_mixin.py:190} INFO - [2024-11-11T19:13:31.198+0000] {dag.py:3239} INFO - Sync 1 DAGs
[2024-11-11T19:13:31.209+0000] {logging_mixin.py:190} INFO - [2024-11-11T19:13:31.209+0000] {dag.py:4180} INFO - Setting next_dagrun for example_sensors to None, run_after=None
[2024-11-11T19:13:31.223+0000] {processor.py:208} INFO - Processing /home/airflow/.local/lib/python3.12/site-packages/airflow/example_dags/example_sensors.py took 0.069 seconds
[2024-11-11T19:14:01.584+0000] {processor.py:186} INFO - Started process (PID=2090) to work on /home/airflow/.local/lib/python3.12/site-packages/airflow/example_dags/example_sensors.py
[2024-11-11T19:14:01.585+0000] {processor.py:914} INFO - Processing file /home/airflow/.local/lib/python3.12/site-packages/airflow/example_dags/example_sensors.py for tasks to queue
[2024-11-11T19:14:01.587+0000] {logging_mixin.py:190} INFO - [2024-11-11T19:14:01.587+0000] {dagbag.py:588} INFO - Filling up the DagBag from /home/airflow/.local/lib/python3.12/site-packages/airflow/example_dags/example_sensors.py
[2024-11-11T19:14:01.599+0000] {processor.py:925} INFO - DAG(s) 'example_sensors' retrieved from /home/airflow/.local/lib/python3.12/site-packages/airflow/example_dags/example_sensors.py
[2024-11-11T19:14:01.627+0000] {logging_mixin.py:190} INFO - [2024-11-11T19:14:01.626+0000] {dag.py:3239} INFO - Sync 1 DAGs
[2024-11-11T19:14:01.643+0000] {logging_mixin.py:190} INFO - [2024-11-11T19:14:01.643+0000] {dag.py:4180} INFO - Setting next_dagrun for example_sensors to None, run_after=None
[2024-11-11T19:14:01.657+0000] {processor.py:208} INFO - Processing /home/airflow/.local/lib/python3.12/site-packages/airflow/example_dags/example_sensors.py took 0.081 seconds
[2024-11-11T19:14:32.505+0000] {processor.py:186} INFO - Started process (PID=2157) to work on /home/airflow/.local/lib/python3.12/site-packages/airflow/example_dags/example_sensors.py
[2024-11-11T19:14:32.506+0000] {processor.py:914} INFO - Processing file /home/airflow/.local/lib/python3.12/site-packages/airflow/example_dags/example_sensors.py for tasks to queue
[2024-11-11T19:14:32.508+0000] {logging_mixin.py:190} INFO - [2024-11-11T19:14:32.508+0000] {dagbag.py:588} INFO - Filling up the DagBag from /home/airflow/.local/lib/python3.12/site-packages/airflow/example_dags/example_sensors.py
[2024-11-11T19:14:32.521+0000] {processor.py:925} INFO - DAG(s) 'example_sensors' retrieved from /home/airflow/.local/lib/python3.12/site-packages/airflow/example_dags/example_sensors.py
[2024-11-11T19:14:32.571+0000] {logging_mixin.py:190} INFO - [2024-11-11T19:14:32.570+0000] {dag.py:3239} INFO - Sync 1 DAGs
[2024-11-11T19:14:32.590+0000] {logging_mixin.py:190} INFO - [2024-11-11T19:14:32.590+0000] {dag.py:4180} INFO - Setting next_dagrun for example_sensors to None, run_after=None
[2024-11-11T19:14:32.636+0000] {processor.py:208} INFO - Processing /home/airflow/.local/lib/python3.12/site-packages/airflow/example_dags/example_sensors.py took 0.138 seconds
[2024-11-11T19:15:03.378+0000] {processor.py:186} INFO - Started process (PID=2222) to work on /home/airflow/.local/lib/python3.12/site-packages/airflow/example_dags/example_sensors.py
[2024-11-11T19:15:03.380+0000] {processor.py:914} INFO - Processing file /home/airflow/.local/lib/python3.12/site-packages/airflow/example_dags/example_sensors.py for tasks to queue
[2024-11-11T19:15:03.382+0000] {logging_mixin.py:190} INFO - [2024-11-11T19:15:03.382+0000] {dagbag.py:588} INFO - Filling up the DagBag from /home/airflow/.local/lib/python3.12/site-packages/airflow/example_dags/example_sensors.py
[2024-11-11T19:15:03.402+0000] {processor.py:925} INFO - DAG(s) 'example_sensors' retrieved from /home/airflow/.local/lib/python3.12/site-packages/airflow/example_dags/example_sensors.py
[2024-11-11T19:15:03.446+0000] {logging_mixin.py:190} INFO - [2024-11-11T19:15:03.445+0000] {dag.py:3239} INFO - Sync 1 DAGs
[2024-11-11T19:15:03.470+0000] {logging_mixin.py:190} INFO - [2024-11-11T19:15:03.470+0000] {dag.py:4180} INFO - Setting next_dagrun for example_sensors to None, run_after=None
[2024-11-11T19:15:03.501+0000] {processor.py:208} INFO - Processing /home/airflow/.local/lib/python3.12/site-packages/airflow/example_dags/example_sensors.py took 0.131 seconds
[2024-11-11T19:15:33.833+0000] {processor.py:186} INFO - Started process (PID=2287) to work on /home/airflow/.local/lib/python3.12/site-packages/airflow/example_dags/example_sensors.py
[2024-11-11T19:15:33.834+0000] {processor.py:914} INFO - Processing file /home/airflow/.local/lib/python3.12/site-packages/airflow/example_dags/example_sensors.py for tasks to queue
[2024-11-11T19:15:33.835+0000] {logging_mixin.py:190} INFO - [2024-11-11T19:15:33.835+0000] {dagbag.py:588} INFO - Filling up the DagBag from /home/airflow/.local/lib/python3.12/site-packages/airflow/example_dags/example_sensors.py
[2024-11-11T19:15:33.844+0000] {processor.py:925} INFO - DAG(s) 'example_sensors' retrieved from /home/airflow/.local/lib/python3.12/site-packages/airflow/example_dags/example_sensors.py
[2024-11-11T19:15:33.870+0000] {logging_mixin.py:190} INFO - [2024-11-11T19:15:33.870+0000] {dag.py:3239} INFO - Sync 1 DAGs
[2024-11-11T19:15:33.884+0000] {logging_mixin.py:190} INFO - [2024-11-11T19:15:33.884+0000] {dag.py:4180} INFO - Setting next_dagrun for example_sensors to None, run_after=None
[2024-11-11T19:15:33.901+0000] {processor.py:208} INFO - Processing /home/airflow/.local/lib/python3.12/site-packages/airflow/example_dags/example_sensors.py took 0.073 seconds
[2024-11-11T19:17:24.325+0000] {processor.py:186} INFO - Started process (PID=72) to work on /home/airflow/.local/lib/python3.12/site-packages/airflow/example_dags/example_sensors.py
[2024-11-11T19:17:24.333+0000] {processor.py:914} INFO - Processing file /home/airflow/.local/lib/python3.12/site-packages/airflow/example_dags/example_sensors.py for tasks to queue
[2024-11-11T19:17:24.343+0000] {logging_mixin.py:190} INFO - [2024-11-11T19:17:24.343+0000] {dagbag.py:588} INFO - Filling up the DagBag from /home/airflow/.local/lib/python3.12/site-packages/airflow/example_dags/example_sensors.py
[2024-11-11T19:17:24.374+0000] {processor.py:925} INFO - DAG(s) 'example_sensors' retrieved from /home/airflow/.local/lib/python3.12/site-packages/airflow/example_dags/example_sensors.py
[2024-11-11T19:17:24.461+0000] {logging_mixin.py:190} INFO - [2024-11-11T19:17:24.461+0000] {dag.py:3239} INFO - Sync 1 DAGs
[2024-11-11T19:17:24.504+0000] {logging_mixin.py:190} INFO - [2024-11-11T19:17:24.496+0000] {dag.py:4180} INFO - Setting next_dagrun for example_sensors to None, run_after=None
[2024-11-11T19:17:24.554+0000] {processor.py:208} INFO - Processing /home/airflow/.local/lib/python3.12/site-packages/airflow/example_dags/example_sensors.py took 0.233 seconds
[2024-11-11T19:18:16.580+0000] {processor.py:186} INFO - Started process (PID=144) to work on /home/airflow/.local/lib/python3.12/site-packages/airflow/example_dags/example_sensors.py
[2024-11-11T19:18:16.581+0000] {processor.py:914} INFO - Processing file /home/airflow/.local/lib/python3.12/site-packages/airflow/example_dags/example_sensors.py for tasks to queue
[2024-11-11T19:18:16.589+0000] {logging_mixin.py:190} INFO - [2024-11-11T19:18:16.588+0000] {dagbag.py:588} INFO - Filling up the DagBag from /home/airflow/.local/lib/python3.12/site-packages/airflow/example_dags/example_sensors.py
[2024-11-11T19:18:16.611+0000] {processor.py:925} INFO - DAG(s) 'example_sensors' retrieved from /home/airflow/.local/lib/python3.12/site-packages/airflow/example_dags/example_sensors.py
[2024-11-11T19:18:16.651+0000] {logging_mixin.py:190} INFO - [2024-11-11T19:18:16.651+0000] {dag.py:3239} INFO - Sync 1 DAGs
[2024-11-11T19:18:16.679+0000] {logging_mixin.py:190} INFO - [2024-11-11T19:18:16.679+0000] {dag.py:4180} INFO - Setting next_dagrun for example_sensors to None, run_after=None
[2024-11-11T19:18:16.708+0000] {processor.py:208} INFO - Processing /home/airflow/.local/lib/python3.12/site-packages/airflow/example_dags/example_sensors.py took 0.140 seconds
[2024-11-11T19:18:47.234+0000] {processor.py:186} INFO - Started process (PID=210) to work on /home/airflow/.local/lib/python3.12/site-packages/airflow/example_dags/example_sensors.py
[2024-11-11T19:18:47.240+0000] {processor.py:914} INFO - Processing file /home/airflow/.local/lib/python3.12/site-packages/airflow/example_dags/example_sensors.py for tasks to queue
[2024-11-11T19:18:47.242+0000] {logging_mixin.py:190} INFO - [2024-11-11T19:18:47.242+0000] {dagbag.py:588} INFO - Filling up the DagBag from /home/airflow/.local/lib/python3.12/site-packages/airflow/example_dags/example_sensors.py
[2024-11-11T19:18:47.253+0000] {processor.py:925} INFO - DAG(s) 'example_sensors' retrieved from /home/airflow/.local/lib/python3.12/site-packages/airflow/example_dags/example_sensors.py
[2024-11-11T19:18:47.277+0000] {logging_mixin.py:190} INFO - [2024-11-11T19:18:47.277+0000] {dag.py:3239} INFO - Sync 1 DAGs
[2024-11-11T19:18:47.295+0000] {logging_mixin.py:190} INFO - [2024-11-11T19:18:47.294+0000] {dag.py:4180} INFO - Setting next_dagrun for example_sensors to None, run_after=None
[2024-11-11T19:18:47.325+0000] {processor.py:208} INFO - Processing /home/airflow/.local/lib/python3.12/site-packages/airflow/example_dags/example_sensors.py took 0.099 seconds
[2024-11-11T19:19:18.094+0000] {processor.py:186} INFO - Started process (PID=275) to work on /home/airflow/.local/lib/python3.12/site-packages/airflow/example_dags/example_sensors.py
[2024-11-11T19:19:18.095+0000] {processor.py:914} INFO - Processing file /home/airflow/.local/lib/python3.12/site-packages/airflow/example_dags/example_sensors.py for tasks to queue
[2024-11-11T19:19:18.097+0000] {logging_mixin.py:190} INFO - [2024-11-11T19:19:18.097+0000] {dagbag.py:588} INFO - Filling up the DagBag from /home/airflow/.local/lib/python3.12/site-packages/airflow/example_dags/example_sensors.py
[2024-11-11T19:19:18.112+0000] {processor.py:925} INFO - DAG(s) 'example_sensors' retrieved from /home/airflow/.local/lib/python3.12/site-packages/airflow/example_dags/example_sensors.py
[2024-11-11T19:19:18.165+0000] {logging_mixin.py:190} INFO - [2024-11-11T19:19:18.165+0000] {dag.py:3239} INFO - Sync 1 DAGs
[2024-11-11T19:19:18.183+0000] {logging_mixin.py:190} INFO - [2024-11-11T19:19:18.183+0000] {dag.py:4180} INFO - Setting next_dagrun for example_sensors to None, run_after=None
[2024-11-11T19:19:18.215+0000] {processor.py:208} INFO - Processing /home/airflow/.local/lib/python3.12/site-packages/airflow/example_dags/example_sensors.py took 0.125 seconds
[2024-11-11T19:21:58.978+0000] {processor.py:186} INFO - Started process (PID=333) to work on /home/airflow/.local/lib/python3.12/site-packages/airflow/example_dags/example_sensors.py
[2024-11-11T19:21:58.983+0000] {processor.py:914} INFO - Processing file /home/airflow/.local/lib/python3.12/site-packages/airflow/example_dags/example_sensors.py for tasks to queue
[2024-11-11T19:21:58.990+0000] {logging_mixin.py:190} INFO - [2024-11-11T19:21:58.990+0000] {dagbag.py:588} INFO - Filling up the DagBag from /home/airflow/.local/lib/python3.12/site-packages/airflow/example_dags/example_sensors.py
[2024-11-11T19:21:59.007+0000] {processor.py:925} INFO - DAG(s) 'example_sensors' retrieved from /home/airflow/.local/lib/python3.12/site-packages/airflow/example_dags/example_sensors.py
[2024-11-11T19:21:59.081+0000] {logging_mixin.py:190} INFO - [2024-11-11T19:21:59.080+0000] {dag.py:3239} INFO - Sync 1 DAGs
[2024-11-11T19:21:59.104+0000] {logging_mixin.py:190} INFO - [2024-11-11T19:21:59.104+0000] {dag.py:4180} INFO - Setting next_dagrun for example_sensors to None, run_after=None
[2024-11-11T19:21:59.171+0000] {processor.py:208} INFO - Processing /home/airflow/.local/lib/python3.12/site-packages/airflow/example_dags/example_sensors.py took 0.198 seconds
[2024-11-11T19:28:31.746+0000] {processor.py:186} INFO - Started process (PID=59) to work on /home/airflow/.local/lib/python3.12/site-packages/airflow/example_dags/example_sensors.py
[2024-11-11T19:28:31.747+0000] {processor.py:914} INFO - Processing file /home/airflow/.local/lib/python3.12/site-packages/airflow/example_dags/example_sensors.py for tasks to queue
[2024-11-11T19:28:31.751+0000] {logging_mixin.py:190} INFO - [2024-11-11T19:28:31.751+0000] {dagbag.py:588} INFO - Filling up the DagBag from /home/airflow/.local/lib/python3.12/site-packages/airflow/example_dags/example_sensors.py
[2024-11-11T19:28:31.766+0000] {processor.py:925} INFO - DAG(s) 'example_sensors' retrieved from /home/airflow/.local/lib/python3.12/site-packages/airflow/example_dags/example_sensors.py
[2024-11-11T19:28:31.818+0000] {logging_mixin.py:190} INFO - [2024-11-11T19:28:31.818+0000] {dag.py:3239} INFO - Sync 1 DAGs
[2024-11-11T19:28:31.831+0000] {logging_mixin.py:190} INFO - [2024-11-11T19:28:31.831+0000] {dag.py:4180} INFO - Setting next_dagrun for example_sensors to None, run_after=None
[2024-11-11T19:28:31.868+0000] {processor.py:208} INFO - Processing /home/airflow/.local/lib/python3.12/site-packages/airflow/example_dags/example_sensors.py took 0.126 seconds
[2024-11-11T19:29:02.152+0000] {processor.py:186} INFO - Started process (PID=125) to work on /home/airflow/.local/lib/python3.12/site-packages/airflow/example_dags/example_sensors.py
[2024-11-11T19:29:02.152+0000] {processor.py:914} INFO - Processing file /home/airflow/.local/lib/python3.12/site-packages/airflow/example_dags/example_sensors.py for tasks to queue
[2024-11-11T19:29:02.155+0000] {logging_mixin.py:190} INFO - [2024-11-11T19:29:02.154+0000] {dagbag.py:588} INFO - Filling up the DagBag from /home/airflow/.local/lib/python3.12/site-packages/airflow/example_dags/example_sensors.py
[2024-11-11T19:29:02.164+0000] {processor.py:925} INFO - DAG(s) 'example_sensors' retrieved from /home/airflow/.local/lib/python3.12/site-packages/airflow/example_dags/example_sensors.py
[2024-11-11T19:29:02.189+0000] {logging_mixin.py:190} INFO - [2024-11-11T19:29:02.189+0000] {dag.py:3239} INFO - Sync 1 DAGs
[2024-11-11T19:29:02.205+0000] {logging_mixin.py:190} INFO - [2024-11-11T19:29:02.205+0000] {dag.py:4180} INFO - Setting next_dagrun for example_sensors to None, run_after=None
[2024-11-11T19:29:02.225+0000] {processor.py:208} INFO - Processing /home/airflow/.local/lib/python3.12/site-packages/airflow/example_dags/example_sensors.py took 0.078 seconds
[2024-11-11T19:29:33.045+0000] {processor.py:186} INFO - Started process (PID=190) to work on /home/airflow/.local/lib/python3.12/site-packages/airflow/example_dags/example_sensors.py
[2024-11-11T19:29:33.046+0000] {processor.py:914} INFO - Processing file /home/airflow/.local/lib/python3.12/site-packages/airflow/example_dags/example_sensors.py for tasks to queue
[2024-11-11T19:29:33.048+0000] {logging_mixin.py:190} INFO - [2024-11-11T19:29:33.048+0000] {dagbag.py:588} INFO - Filling up the DagBag from /home/airflow/.local/lib/python3.12/site-packages/airflow/example_dags/example_sensors.py
[2024-11-11T19:29:33.056+0000] {processor.py:925} INFO - DAG(s) 'example_sensors' retrieved from /home/airflow/.local/lib/python3.12/site-packages/airflow/example_dags/example_sensors.py
[2024-11-11T19:29:33.078+0000] {logging_mixin.py:190} INFO - [2024-11-11T19:29:33.078+0000] {dag.py:3239} INFO - Sync 1 DAGs
[2024-11-11T19:29:33.090+0000] {logging_mixin.py:190} INFO - [2024-11-11T19:29:33.090+0000] {dag.py:4180} INFO - Setting next_dagrun for example_sensors to None, run_after=None
[2024-11-11T19:29:33.109+0000] {processor.py:208} INFO - Processing /home/airflow/.local/lib/python3.12/site-packages/airflow/example_dags/example_sensors.py took 0.069 seconds
[2024-11-11T19:30:03.755+0000] {processor.py:186} INFO - Started process (PID=256) to work on /home/airflow/.local/lib/python3.12/site-packages/airflow/example_dags/example_sensors.py
[2024-11-11T19:30:03.756+0000] {processor.py:914} INFO - Processing file /home/airflow/.local/lib/python3.12/site-packages/airflow/example_dags/example_sensors.py for tasks to queue
[2024-11-11T19:30:03.758+0000] {logging_mixin.py:190} INFO - [2024-11-11T19:30:03.757+0000] {dagbag.py:588} INFO - Filling up the DagBag from /home/airflow/.local/lib/python3.12/site-packages/airflow/example_dags/example_sensors.py
[2024-11-11T19:30:03.767+0000] {processor.py:925} INFO - DAG(s) 'example_sensors' retrieved from /home/airflow/.local/lib/python3.12/site-packages/airflow/example_dags/example_sensors.py
[2024-11-11T19:30:03.789+0000] {logging_mixin.py:190} INFO - [2024-11-11T19:30:03.788+0000] {dag.py:3239} INFO - Sync 1 DAGs
[2024-11-11T19:30:03.801+0000] {logging_mixin.py:190} INFO - [2024-11-11T19:30:03.801+0000] {dag.py:4180} INFO - Setting next_dagrun for example_sensors to None, run_after=None
[2024-11-11T19:30:03.817+0000] {processor.py:208} INFO - Processing /home/airflow/.local/lib/python3.12/site-packages/airflow/example_dags/example_sensors.py took 0.066 seconds
[2024-11-11T19:30:34.491+0000] {processor.py:186} INFO - Started process (PID=322) to work on /home/airflow/.local/lib/python3.12/site-packages/airflow/example_dags/example_sensors.py
[2024-11-11T19:30:34.492+0000] {processor.py:914} INFO - Processing file /home/airflow/.local/lib/python3.12/site-packages/airflow/example_dags/example_sensors.py for tasks to queue
[2024-11-11T19:30:34.494+0000] {logging_mixin.py:190} INFO - [2024-11-11T19:30:34.494+0000] {dagbag.py:588} INFO - Filling up the DagBag from /home/airflow/.local/lib/python3.12/site-packages/airflow/example_dags/example_sensors.py
[2024-11-11T19:30:34.502+0000] {processor.py:925} INFO - DAG(s) 'example_sensors' retrieved from /home/airflow/.local/lib/python3.12/site-packages/airflow/example_dags/example_sensors.py
[2024-11-11T19:30:34.523+0000] {logging_mixin.py:190} INFO - [2024-11-11T19:30:34.523+0000] {dag.py:3239} INFO - Sync 1 DAGs
[2024-11-11T19:30:34.535+0000] {logging_mixin.py:190} INFO - [2024-11-11T19:30:34.535+0000] {dag.py:4180} INFO - Setting next_dagrun for example_sensors to None, run_after=None
[2024-11-11T19:30:34.549+0000] {processor.py:208} INFO - Processing /home/airflow/.local/lib/python3.12/site-packages/airflow/example_dags/example_sensors.py took 0.062 seconds
[2024-11-11T19:31:05.159+0000] {processor.py:186} INFO - Started process (PID=395) to work on /home/airflow/.local/lib/python3.12/site-packages/airflow/example_dags/example_sensors.py
[2024-11-11T19:31:05.160+0000] {processor.py:914} INFO - Processing file /home/airflow/.local/lib/python3.12/site-packages/airflow/example_dags/example_sensors.py for tasks to queue
[2024-11-11T19:31:05.161+0000] {logging_mixin.py:190} INFO - [2024-11-11T19:31:05.161+0000] {dagbag.py:588} INFO - Filling up the DagBag from /home/airflow/.local/lib/python3.12/site-packages/airflow/example_dags/example_sensors.py
[2024-11-11T19:31:05.171+0000] {processor.py:925} INFO - DAG(s) 'example_sensors' retrieved from /home/airflow/.local/lib/python3.12/site-packages/airflow/example_dags/example_sensors.py
[2024-11-11T19:31:05.192+0000] {logging_mixin.py:190} INFO - [2024-11-11T19:31:05.192+0000] {dag.py:3239} INFO - Sync 1 DAGs
[2024-11-11T19:31:05.203+0000] {logging_mixin.py:190} INFO - [2024-11-11T19:31:05.203+0000] {dag.py:4180} INFO - Setting next_dagrun for example_sensors to None, run_after=None
[2024-11-11T19:31:05.218+0000] {processor.py:208} INFO - Processing /home/airflow/.local/lib/python3.12/site-packages/airflow/example_dags/example_sensors.py took 0.063 seconds
[2024-11-11T19:31:35.706+0000] {processor.py:186} INFO - Started process (PID=461) to work on /home/airflow/.local/lib/python3.12/site-packages/airflow/example_dags/example_sensors.py
[2024-11-11T19:31:35.707+0000] {processor.py:914} INFO - Processing file /home/airflow/.local/lib/python3.12/site-packages/airflow/example_dags/example_sensors.py for tasks to queue
[2024-11-11T19:31:35.708+0000] {logging_mixin.py:190} INFO - [2024-11-11T19:31:35.708+0000] {dagbag.py:588} INFO - Filling up the DagBag from /home/airflow/.local/lib/python3.12/site-packages/airflow/example_dags/example_sensors.py
[2024-11-11T19:31:35.717+0000] {processor.py:925} INFO - DAG(s) 'example_sensors' retrieved from /home/airflow/.local/lib/python3.12/site-packages/airflow/example_dags/example_sensors.py
[2024-11-11T19:31:35.739+0000] {logging_mixin.py:190} INFO - [2024-11-11T19:31:35.739+0000] {dag.py:3239} INFO - Sync 1 DAGs
[2024-11-11T19:31:35.751+0000] {logging_mixin.py:190} INFO - [2024-11-11T19:31:35.750+0000] {dag.py:4180} INFO - Setting next_dagrun for example_sensors to None, run_after=None
[2024-11-11T19:31:35.764+0000] {processor.py:208} INFO - Processing /home/airflow/.local/lib/python3.12/site-packages/airflow/example_dags/example_sensors.py took 0.063 seconds
[2024-11-11T19:33:11.087+0000] {processor.py:186} INFO - Started process (PID=62) to work on /home/airflow/.local/lib/python3.12/site-packages/airflow/example_dags/example_sensors.py
[2024-11-11T19:33:11.088+0000] {processor.py:914} INFO - Processing file /home/airflow/.local/lib/python3.12/site-packages/airflow/example_dags/example_sensors.py for tasks to queue
[2024-11-11T19:33:11.090+0000] {logging_mixin.py:190} INFO - [2024-11-11T19:33:11.090+0000] {dagbag.py:588} INFO - Filling up the DagBag from /home/airflow/.local/lib/python3.12/site-packages/airflow/example_dags/example_sensors.py
[2024-11-11T19:33:11.102+0000] {processor.py:925} INFO - DAG(s) 'example_sensors' retrieved from /home/airflow/.local/lib/python3.12/site-packages/airflow/example_dags/example_sensors.py
[2024-11-11T19:33:11.134+0000] {logging_mixin.py:190} INFO - [2024-11-11T19:33:11.134+0000] {dag.py:3239} INFO - Sync 1 DAGs
[2024-11-11T19:33:11.150+0000] {logging_mixin.py:190} INFO - [2024-11-11T19:33:11.150+0000] {dag.py:4180} INFO - Setting next_dagrun for example_sensors to None, run_after=None
[2024-11-11T19:33:11.170+0000] {processor.py:208} INFO - Processing /home/airflow/.local/lib/python3.12/site-packages/airflow/example_dags/example_sensors.py took 0.087 seconds
[2024-11-11T19:34:17.781+0000] {processor.py:186} INFO - Started process (PID=62) to work on /home/airflow/.local/lib/python3.12/site-packages/airflow/example_dags/example_sensors.py
[2024-11-11T19:34:17.783+0000] {processor.py:914} INFO - Processing file /home/airflow/.local/lib/python3.12/site-packages/airflow/example_dags/example_sensors.py for tasks to queue
[2024-11-11T19:34:17.788+0000] {logging_mixin.py:190} INFO - [2024-11-11T19:34:17.787+0000] {dagbag.py:588} INFO - Filling up the DagBag from /home/airflow/.local/lib/python3.12/site-packages/airflow/example_dags/example_sensors.py
[2024-11-11T19:34:17.816+0000] {processor.py:925} INFO - DAG(s) 'example_sensors' retrieved from /home/airflow/.local/lib/python3.12/site-packages/airflow/example_dags/example_sensors.py
[2024-11-11T19:34:17.844+0000] {logging_mixin.py:190} INFO - [2024-11-11T19:34:17.843+0000] {dag.py:3239} INFO - Sync 1 DAGs
[2024-11-11T19:34:17.858+0000] {logging_mixin.py:190} INFO - [2024-11-11T19:34:17.858+0000] {dag.py:4180} INFO - Setting next_dagrun for example_sensors to None, run_after=None
[2024-11-11T19:34:17.877+0000] {processor.py:208} INFO - Processing /home/airflow/.local/lib/python3.12/site-packages/airflow/example_dags/example_sensors.py took 0.109 seconds
[2024-11-11T19:34:48.247+0000] {processor.py:186} INFO - Started process (PID=128) to work on /home/airflow/.local/lib/python3.12/site-packages/airflow/example_dags/example_sensors.py
[2024-11-11T19:34:48.248+0000] {processor.py:914} INFO - Processing file /home/airflow/.local/lib/python3.12/site-packages/airflow/example_dags/example_sensors.py for tasks to queue
[2024-11-11T19:34:48.249+0000] {logging_mixin.py:190} INFO - [2024-11-11T19:34:48.249+0000] {dagbag.py:588} INFO - Filling up the DagBag from /home/airflow/.local/lib/python3.12/site-packages/airflow/example_dags/example_sensors.py
[2024-11-11T19:34:48.258+0000] {processor.py:925} INFO - DAG(s) 'example_sensors' retrieved from /home/airflow/.local/lib/python3.12/site-packages/airflow/example_dags/example_sensors.py
[2024-11-11T19:34:48.279+0000] {logging_mixin.py:190} INFO - [2024-11-11T19:34:48.279+0000] {dag.py:3239} INFO - Sync 1 DAGs
[2024-11-11T19:34:48.291+0000] {logging_mixin.py:190} INFO - [2024-11-11T19:34:48.291+0000] {dag.py:4180} INFO - Setting next_dagrun for example_sensors to None, run_after=None
[2024-11-11T19:34:48.310+0000] {processor.py:208} INFO - Processing /home/airflow/.local/lib/python3.12/site-packages/airflow/example_dags/example_sensors.py took 0.067 seconds
[2024-11-11T19:35:18.858+0000] {processor.py:186} INFO - Started process (PID=194) to work on /home/airflow/.local/lib/python3.12/site-packages/airflow/example_dags/example_sensors.py
[2024-11-11T19:35:18.859+0000] {processor.py:914} INFO - Processing file /home/airflow/.local/lib/python3.12/site-packages/airflow/example_dags/example_sensors.py for tasks to queue
[2024-11-11T19:35:18.860+0000] {logging_mixin.py:190} INFO - [2024-11-11T19:35:18.860+0000] {dagbag.py:588} INFO - Filling up the DagBag from /home/airflow/.local/lib/python3.12/site-packages/airflow/example_dags/example_sensors.py
[2024-11-11T19:35:18.869+0000] {processor.py:925} INFO - DAG(s) 'example_sensors' retrieved from /home/airflow/.local/lib/python3.12/site-packages/airflow/example_dags/example_sensors.py
[2024-11-11T19:35:18.891+0000] {logging_mixin.py:190} INFO - [2024-11-11T19:35:18.890+0000] {dag.py:3239} INFO - Sync 1 DAGs
[2024-11-11T19:35:18.902+0000] {logging_mixin.py:190} INFO - [2024-11-11T19:35:18.902+0000] {dag.py:4180} INFO - Setting next_dagrun for example_sensors to None, run_after=None
[2024-11-11T19:35:18.919+0000] {processor.py:208} INFO - Processing /home/airflow/.local/lib/python3.12/site-packages/airflow/example_dags/example_sensors.py took 0.065 seconds
[2024-11-11T19:35:49.244+0000] {processor.py:186} INFO - Started process (PID=260) to work on /home/airflow/.local/lib/python3.12/site-packages/airflow/example_dags/example_sensors.py
[2024-11-11T19:35:49.245+0000] {processor.py:914} INFO - Processing file /home/airflow/.local/lib/python3.12/site-packages/airflow/example_dags/example_sensors.py for tasks to queue
[2024-11-11T19:35:49.247+0000] {logging_mixin.py:190} INFO - [2024-11-11T19:35:49.247+0000] {dagbag.py:588} INFO - Filling up the DagBag from /home/airflow/.local/lib/python3.12/site-packages/airflow/example_dags/example_sensors.py
[2024-11-11T19:35:49.256+0000] {processor.py:925} INFO - DAG(s) 'example_sensors' retrieved from /home/airflow/.local/lib/python3.12/site-packages/airflow/example_dags/example_sensors.py
[2024-11-11T19:35:49.278+0000] {logging_mixin.py:190} INFO - [2024-11-11T19:35:49.278+0000] {dag.py:3239} INFO - Sync 1 DAGs
[2024-11-11T19:35:49.290+0000] {logging_mixin.py:190} INFO - [2024-11-11T19:35:49.289+0000] {dag.py:4180} INFO - Setting next_dagrun for example_sensors to None, run_after=None
[2024-11-11T19:35:49.305+0000] {processor.py:208} INFO - Processing /home/airflow/.local/lib/python3.12/site-packages/airflow/example_dags/example_sensors.py took 0.065 seconds
