[2024-11-11T18:58:19.398+0000] {processor.py:186} INFO - Started process (PID=105) to work on /home/airflow/.local/lib/python3.12/site-packages/airflow/example_dags/example_inlet_event_extra.py
[2024-11-11T18:58:19.403+0000] {processor.py:914} INFO - Processing file /home/airflow/.local/lib/python3.12/site-packages/airflow/example_dags/example_inlet_event_extra.py for tasks to queue
[2024-11-11T18:58:19.406+0000] {logging_mixin.py:190} INFO - [2024-11-11T18:58:19.406+0000] {dagbag.py:588} INFO - Filling up the DagBag from /home/airflow/.local/lib/python3.12/site-packages/airflow/example_dags/example_inlet_event_extra.py
[2024-11-11T18:58:19.678+0000] {processor.py:925} INFO - DAG(s) 'read_dataset_event', 'read_dataset_event_from_classic' retrieved from /home/airflow/.local/lib/python3.12/site-packages/airflow/example_dags/example_inlet_event_extra.py
[2024-11-11T18:58:19.733+0000] {logging_mixin.py:190} INFO - [2024-11-11T18:58:19.733+0000] {dag.py:3239} INFO - Sync 2 DAGs
[2024-11-11T18:58:19.762+0000] {logging_mixin.py:190} INFO - [2024-11-11T18:58:19.762+0000] {dag.py:4180} INFO - Setting next_dagrun for read_dataset_event to 2024-11-10 00:00:00+00:00, run_after=2024-11-11 00:00:00+00:00
[2024-11-11T18:58:19.767+0000] {logging_mixin.py:190} INFO - [2024-11-11T18:58:19.766+0000] {dag.py:4180} INFO - Setting next_dagrun for read_dataset_event_from_classic to 2024-11-10 00:00:00+00:00, run_after=2024-11-11 00:00:00+00:00
[2024-11-11T18:58:19.785+0000] {processor.py:208} INFO - Processing /home/airflow/.local/lib/python3.12/site-packages/airflow/example_dags/example_inlet_event_extra.py took 0.392 seconds
[2024-11-11T18:58:50.302+0000] {processor.py:186} INFO - Started process (PID=170) to work on /home/airflow/.local/lib/python3.12/site-packages/airflow/example_dags/example_inlet_event_extra.py
[2024-11-11T18:58:50.304+0000] {processor.py:914} INFO - Processing file /home/airflow/.local/lib/python3.12/site-packages/airflow/example_dags/example_inlet_event_extra.py for tasks to queue
[2024-11-11T18:58:50.307+0000] {logging_mixin.py:190} INFO - [2024-11-11T18:58:50.306+0000] {dagbag.py:588} INFO - Filling up the DagBag from /home/airflow/.local/lib/python3.12/site-packages/airflow/example_dags/example_inlet_event_extra.py
[2024-11-11T18:58:50.439+0000] {processor.py:925} INFO - DAG(s) 'read_dataset_event', 'read_dataset_event_from_classic' retrieved from /home/airflow/.local/lib/python3.12/site-packages/airflow/example_dags/example_inlet_event_extra.py
[2024-11-11T18:58:50.463+0000] {logging_mixin.py:190} INFO - [2024-11-11T18:58:50.463+0000] {dag.py:3239} INFO - Sync 2 DAGs
[2024-11-11T18:58:50.481+0000] {logging_mixin.py:190} INFO - [2024-11-11T18:58:50.481+0000] {dag.py:4180} INFO - Setting next_dagrun for read_dataset_event to 2024-11-10 00:00:00+00:00, run_after=2024-11-11 00:00:00+00:00
[2024-11-11T18:58:50.485+0000] {logging_mixin.py:190} INFO - [2024-11-11T18:58:50.485+0000] {dag.py:4180} INFO - Setting next_dagrun for read_dataset_event_from_classic to 2024-11-10 00:00:00+00:00, run_after=2024-11-11 00:00:00+00:00
[2024-11-11T18:58:50.498+0000] {processor.py:208} INFO - Processing /home/airflow/.local/lib/python3.12/site-packages/airflow/example_dags/example_inlet_event_extra.py took 0.202 seconds
[2024-11-11T18:59:21.071+0000] {processor.py:186} INFO - Started process (PID=235) to work on /home/airflow/.local/lib/python3.12/site-packages/airflow/example_dags/example_inlet_event_extra.py
[2024-11-11T18:59:21.077+0000] {processor.py:914} INFO - Processing file /home/airflow/.local/lib/python3.12/site-packages/airflow/example_dags/example_inlet_event_extra.py for tasks to queue
[2024-11-11T18:59:21.079+0000] {logging_mixin.py:190} INFO - [2024-11-11T18:59:21.079+0000] {dagbag.py:588} INFO - Filling up the DagBag from /home/airflow/.local/lib/python3.12/site-packages/airflow/example_dags/example_inlet_event_extra.py
[2024-11-11T18:59:21.242+0000] {processor.py:925} INFO - DAG(s) 'read_dataset_event_from_classic', 'read_dataset_event' retrieved from /home/airflow/.local/lib/python3.12/site-packages/airflow/example_dags/example_inlet_event_extra.py
[2024-11-11T18:59:21.268+0000] {logging_mixin.py:190} INFO - [2024-11-11T18:59:21.268+0000] {dag.py:3239} INFO - Sync 2 DAGs
[2024-11-11T18:59:21.288+0000] {logging_mixin.py:190} INFO - [2024-11-11T18:59:21.288+0000] {dag.py:4180} INFO - Setting next_dagrun for read_dataset_event to 2024-11-10 00:00:00+00:00, run_after=2024-11-11 00:00:00+00:00
[2024-11-11T18:59:21.292+0000] {logging_mixin.py:190} INFO - [2024-11-11T18:59:21.292+0000] {dag.py:4180} INFO - Setting next_dagrun for read_dataset_event_from_classic to 2024-11-10 00:00:00+00:00, run_after=2024-11-11 00:00:00+00:00
[2024-11-11T18:59:21.305+0000] {processor.py:208} INFO - Processing /home/airflow/.local/lib/python3.12/site-packages/airflow/example_dags/example_inlet_event_extra.py took 0.243 seconds
[2024-11-11T18:59:51.428+0000] {processor.py:186} INFO - Started process (PID=300) to work on /home/airflow/.local/lib/python3.12/site-packages/airflow/example_dags/example_inlet_event_extra.py
[2024-11-11T18:59:51.429+0000] {processor.py:914} INFO - Processing file /home/airflow/.local/lib/python3.12/site-packages/airflow/example_dags/example_inlet_event_extra.py for tasks to queue
[2024-11-11T18:59:51.436+0000] {logging_mixin.py:190} INFO - [2024-11-11T18:59:51.436+0000] {dagbag.py:588} INFO - Filling up the DagBag from /home/airflow/.local/lib/python3.12/site-packages/airflow/example_dags/example_inlet_event_extra.py
[2024-11-11T18:59:51.681+0000] {processor.py:925} INFO - DAG(s) 'read_dataset_event', 'read_dataset_event_from_classic' retrieved from /home/airflow/.local/lib/python3.12/site-packages/airflow/example_dags/example_inlet_event_extra.py
[2024-11-11T18:59:51.741+0000] {logging_mixin.py:190} INFO - [2024-11-11T18:59:51.741+0000] {dag.py:3239} INFO - Sync 2 DAGs
[2024-11-11T18:59:51.788+0000] {logging_mixin.py:190} INFO - [2024-11-11T18:59:51.788+0000] {dag.py:4180} INFO - Setting next_dagrun for read_dataset_event to 2024-11-10 00:00:00+00:00, run_after=2024-11-11 00:00:00+00:00
[2024-11-11T18:59:51.795+0000] {logging_mixin.py:190} INFO - [2024-11-11T18:59:51.795+0000] {dag.py:4180} INFO - Setting next_dagrun for read_dataset_event_from_classic to 2024-11-10 00:00:00+00:00, run_after=2024-11-11 00:00:00+00:00
[2024-11-11T18:59:51.824+0000] {processor.py:208} INFO - Processing /home/airflow/.local/lib/python3.12/site-packages/airflow/example_dags/example_inlet_event_extra.py took 0.401 seconds
[2024-11-11T19:00:22.459+0000] {processor.py:186} INFO - Started process (PID=365) to work on /home/airflow/.local/lib/python3.12/site-packages/airflow/example_dags/example_inlet_event_extra.py
[2024-11-11T19:00:22.460+0000] {processor.py:914} INFO - Processing file /home/airflow/.local/lib/python3.12/site-packages/airflow/example_dags/example_inlet_event_extra.py for tasks to queue
[2024-11-11T19:00:22.468+0000] {logging_mixin.py:190} INFO - [2024-11-11T19:00:22.467+0000] {dagbag.py:588} INFO - Filling up the DagBag from /home/airflow/.local/lib/python3.12/site-packages/airflow/example_dags/example_inlet_event_extra.py
[2024-11-11T19:00:22.673+0000] {processor.py:925} INFO - DAG(s) 'read_dataset_event', 'read_dataset_event_from_classic' retrieved from /home/airflow/.local/lib/python3.12/site-packages/airflow/example_dags/example_inlet_event_extra.py
[2024-11-11T19:00:22.691+0000] {logging_mixin.py:190} INFO - [2024-11-11T19:00:22.690+0000] {dag.py:3239} INFO - Sync 2 DAGs
[2024-11-11T19:00:22.720+0000] {logging_mixin.py:190} INFO - [2024-11-11T19:00:22.720+0000] {dag.py:4180} INFO - Setting next_dagrun for read_dataset_event to 2024-11-10 00:00:00+00:00, run_after=2024-11-11 00:00:00+00:00
[2024-11-11T19:00:22.727+0000] {logging_mixin.py:190} INFO - [2024-11-11T19:00:22.726+0000] {dag.py:4180} INFO - Setting next_dagrun for read_dataset_event_from_classic to 2024-11-10 00:00:00+00:00, run_after=2024-11-11 00:00:00+00:00
[2024-11-11T19:00:22.743+0000] {processor.py:208} INFO - Processing /home/airflow/.local/lib/python3.12/site-packages/airflow/example_dags/example_inlet_event_extra.py took 0.289 seconds
[2024-11-11T19:00:53.246+0000] {processor.py:186} INFO - Started process (PID=430) to work on /home/airflow/.local/lib/python3.12/site-packages/airflow/example_dags/example_inlet_event_extra.py
[2024-11-11T19:00:53.247+0000] {processor.py:914} INFO - Processing file /home/airflow/.local/lib/python3.12/site-packages/airflow/example_dags/example_inlet_event_extra.py for tasks to queue
[2024-11-11T19:00:53.249+0000] {logging_mixin.py:190} INFO - [2024-11-11T19:00:53.249+0000] {dagbag.py:588} INFO - Filling up the DagBag from /home/airflow/.local/lib/python3.12/site-packages/airflow/example_dags/example_inlet_event_extra.py
[2024-11-11T19:00:53.371+0000] {processor.py:925} INFO - DAG(s) 'read_dataset_event_from_classic', 'read_dataset_event' retrieved from /home/airflow/.local/lib/python3.12/site-packages/airflow/example_dags/example_inlet_event_extra.py
[2024-11-11T19:00:53.393+0000] {logging_mixin.py:190} INFO - [2024-11-11T19:00:53.392+0000] {dag.py:3239} INFO - Sync 2 DAGs
[2024-11-11T19:00:53.411+0000] {logging_mixin.py:190} INFO - [2024-11-11T19:00:53.411+0000] {dag.py:4180} INFO - Setting next_dagrun for read_dataset_event to 2024-11-10 00:00:00+00:00, run_after=2024-11-11 00:00:00+00:00
[2024-11-11T19:00:53.416+0000] {logging_mixin.py:190} INFO - [2024-11-11T19:00:53.416+0000] {dag.py:4180} INFO - Setting next_dagrun for read_dataset_event_from_classic to 2024-11-10 00:00:00+00:00, run_after=2024-11-11 00:00:00+00:00
[2024-11-11T19:00:53.437+0000] {processor.py:208} INFO - Processing /home/airflow/.local/lib/python3.12/site-packages/airflow/example_dags/example_inlet_event_extra.py took 0.197 seconds
[2024-11-11T19:01:23.669+0000] {processor.py:186} INFO - Started process (PID=495) to work on /home/airflow/.local/lib/python3.12/site-packages/airflow/example_dags/example_inlet_event_extra.py
[2024-11-11T19:01:23.670+0000] {processor.py:914} INFO - Processing file /home/airflow/.local/lib/python3.12/site-packages/airflow/example_dags/example_inlet_event_extra.py for tasks to queue
[2024-11-11T19:01:23.673+0000] {logging_mixin.py:190} INFO - [2024-11-11T19:01:23.673+0000] {dagbag.py:588} INFO - Filling up the DagBag from /home/airflow/.local/lib/python3.12/site-packages/airflow/example_dags/example_inlet_event_extra.py
[2024-11-11T19:01:23.863+0000] {processor.py:925} INFO - DAG(s) 'read_dataset_event_from_classic', 'read_dataset_event' retrieved from /home/airflow/.local/lib/python3.12/site-packages/airflow/example_dags/example_inlet_event_extra.py
[2024-11-11T19:01:23.884+0000] {logging_mixin.py:190} INFO - [2024-11-11T19:01:23.884+0000] {dag.py:3239} INFO - Sync 2 DAGs
[2024-11-11T19:01:23.905+0000] {logging_mixin.py:190} INFO - [2024-11-11T19:01:23.904+0000] {dag.py:4180} INFO - Setting next_dagrun for read_dataset_event to 2024-11-10 00:00:00+00:00, run_after=2024-11-11 00:00:00+00:00
[2024-11-11T19:01:23.910+0000] {logging_mixin.py:190} INFO - [2024-11-11T19:01:23.910+0000] {dag.py:4180} INFO - Setting next_dagrun for read_dataset_event_from_classic to 2024-11-10 00:00:00+00:00, run_after=2024-11-11 00:00:00+00:00
[2024-11-11T19:01:23.925+0000] {processor.py:208} INFO - Processing /home/airflow/.local/lib/python3.12/site-packages/airflow/example_dags/example_inlet_event_extra.py took 0.264 seconds
[2024-11-11T19:01:54.188+0000] {processor.py:186} INFO - Started process (PID=560) to work on /home/airflow/.local/lib/python3.12/site-packages/airflow/example_dags/example_inlet_event_extra.py
[2024-11-11T19:01:54.189+0000] {processor.py:914} INFO - Processing file /home/airflow/.local/lib/python3.12/site-packages/airflow/example_dags/example_inlet_event_extra.py for tasks to queue
[2024-11-11T19:01:54.191+0000] {logging_mixin.py:190} INFO - [2024-11-11T19:01:54.191+0000] {dagbag.py:588} INFO - Filling up the DagBag from /home/airflow/.local/lib/python3.12/site-packages/airflow/example_dags/example_inlet_event_extra.py
[2024-11-11T19:01:54.309+0000] {processor.py:925} INFO - DAG(s) 'read_dataset_event_from_classic', 'read_dataset_event' retrieved from /home/airflow/.local/lib/python3.12/site-packages/airflow/example_dags/example_inlet_event_extra.py
[2024-11-11T19:01:54.325+0000] {logging_mixin.py:190} INFO - [2024-11-11T19:01:54.325+0000] {dag.py:3239} INFO - Sync 2 DAGs
[2024-11-11T19:01:54.347+0000] {logging_mixin.py:190} INFO - [2024-11-11T19:01:54.347+0000] {dag.py:4180} INFO - Setting next_dagrun for read_dataset_event to 2024-11-10 00:00:00+00:00, run_after=2024-11-11 00:00:00+00:00
[2024-11-11T19:01:54.351+0000] {logging_mixin.py:190} INFO - [2024-11-11T19:01:54.351+0000] {dag.py:4180} INFO - Setting next_dagrun for read_dataset_event_from_classic to 2024-11-10 00:00:00+00:00, run_after=2024-11-11 00:00:00+00:00
[2024-11-11T19:01:54.374+0000] {processor.py:208} INFO - Processing /home/airflow/.local/lib/python3.12/site-packages/airflow/example_dags/example_inlet_event_extra.py took 0.190 seconds
[2024-11-11T19:02:24.579+0000] {processor.py:186} INFO - Started process (PID=625) to work on /home/airflow/.local/lib/python3.12/site-packages/airflow/example_dags/example_inlet_event_extra.py
[2024-11-11T19:02:24.580+0000] {processor.py:914} INFO - Processing file /home/airflow/.local/lib/python3.12/site-packages/airflow/example_dags/example_inlet_event_extra.py for tasks to queue
[2024-11-11T19:02:24.581+0000] {logging_mixin.py:190} INFO - [2024-11-11T19:02:24.581+0000] {dagbag.py:588} INFO - Filling up the DagBag from /home/airflow/.local/lib/python3.12/site-packages/airflow/example_dags/example_inlet_event_extra.py
[2024-11-11T19:02:24.696+0000] {processor.py:925} INFO - DAG(s) 'read_dataset_event_from_classic', 'read_dataset_event' retrieved from /home/airflow/.local/lib/python3.12/site-packages/airflow/example_dags/example_inlet_event_extra.py
[2024-11-11T19:02:24.715+0000] {logging_mixin.py:190} INFO - [2024-11-11T19:02:24.714+0000] {dag.py:3239} INFO - Sync 2 DAGs
[2024-11-11T19:02:24.748+0000] {logging_mixin.py:190} INFO - [2024-11-11T19:02:24.748+0000] {dag.py:4180} INFO - Setting next_dagrun for read_dataset_event to 2024-11-10 00:00:00+00:00, run_after=2024-11-11 00:00:00+00:00
[2024-11-11T19:02:24.752+0000] {logging_mixin.py:190} INFO - [2024-11-11T19:02:24.752+0000] {dag.py:4180} INFO - Setting next_dagrun for read_dataset_event_from_classic to 2024-11-10 00:00:00+00:00, run_after=2024-11-11 00:00:00+00:00
[2024-11-11T19:02:24.768+0000] {processor.py:208} INFO - Processing /home/airflow/.local/lib/python3.12/site-packages/airflow/example_dags/example_inlet_event_extra.py took 0.195 seconds
[2024-11-11T19:02:54.914+0000] {processor.py:186} INFO - Started process (PID=690) to work on /home/airflow/.local/lib/python3.12/site-packages/airflow/example_dags/example_inlet_event_extra.py
[2024-11-11T19:02:54.915+0000] {processor.py:914} INFO - Processing file /home/airflow/.local/lib/python3.12/site-packages/airflow/example_dags/example_inlet_event_extra.py for tasks to queue
[2024-11-11T19:02:54.917+0000] {logging_mixin.py:190} INFO - [2024-11-11T19:02:54.917+0000] {dagbag.py:588} INFO - Filling up the DagBag from /home/airflow/.local/lib/python3.12/site-packages/airflow/example_dags/example_inlet_event_extra.py
[2024-11-11T19:02:55.045+0000] {processor.py:925} INFO - DAG(s) 'read_dataset_event', 'read_dataset_event_from_classic' retrieved from /home/airflow/.local/lib/python3.12/site-packages/airflow/example_dags/example_inlet_event_extra.py
[2024-11-11T19:02:55.066+0000] {logging_mixin.py:190} INFO - [2024-11-11T19:02:55.066+0000] {dag.py:3239} INFO - Sync 2 DAGs
[2024-11-11T19:02:55.088+0000] {logging_mixin.py:190} INFO - [2024-11-11T19:02:55.087+0000] {dag.py:4180} INFO - Setting next_dagrun for read_dataset_event to 2024-11-10 00:00:00+00:00, run_after=2024-11-11 00:00:00+00:00
[2024-11-11T19:02:55.092+0000] {logging_mixin.py:190} INFO - [2024-11-11T19:02:55.092+0000] {dag.py:4180} INFO - Setting next_dagrun for read_dataset_event_from_classic to 2024-11-10 00:00:00+00:00, run_after=2024-11-11 00:00:00+00:00
[2024-11-11T19:02:55.108+0000] {processor.py:208} INFO - Processing /home/airflow/.local/lib/python3.12/site-packages/airflow/example_dags/example_inlet_event_extra.py took 0.200 seconds
[2024-11-11T19:03:25.230+0000] {processor.py:186} INFO - Started process (PID=755) to work on /home/airflow/.local/lib/python3.12/site-packages/airflow/example_dags/example_inlet_event_extra.py
[2024-11-11T19:03:25.231+0000] {processor.py:914} INFO - Processing file /home/airflow/.local/lib/python3.12/site-packages/airflow/example_dags/example_inlet_event_extra.py for tasks to queue
[2024-11-11T19:03:25.232+0000] {logging_mixin.py:190} INFO - [2024-11-11T19:03:25.232+0000] {dagbag.py:588} INFO - Filling up the DagBag from /home/airflow/.local/lib/python3.12/site-packages/airflow/example_dags/example_inlet_event_extra.py
[2024-11-11T19:03:25.350+0000] {processor.py:925} INFO - DAG(s) 'read_dataset_event_from_classic', 'read_dataset_event' retrieved from /home/airflow/.local/lib/python3.12/site-packages/airflow/example_dags/example_inlet_event_extra.py
[2024-11-11T19:03:25.371+0000] {logging_mixin.py:190} INFO - [2024-11-11T19:03:25.371+0000] {dag.py:3239} INFO - Sync 2 DAGs
[2024-11-11T19:03:25.392+0000] {logging_mixin.py:190} INFO - [2024-11-11T19:03:25.391+0000] {dag.py:4180} INFO - Setting next_dagrun for read_dataset_event to 2024-11-10 00:00:00+00:00, run_after=2024-11-11 00:00:00+00:00
[2024-11-11T19:03:25.397+0000] {logging_mixin.py:190} INFO - [2024-11-11T19:03:25.397+0000] {dag.py:4180} INFO - Setting next_dagrun for read_dataset_event_from_classic to 2024-11-10 00:00:00+00:00, run_after=2024-11-11 00:00:00+00:00
[2024-11-11T19:03:25.423+0000] {processor.py:208} INFO - Processing /home/airflow/.local/lib/python3.12/site-packages/airflow/example_dags/example_inlet_event_extra.py took 0.197 seconds
[2024-11-11T19:03:55.753+0000] {processor.py:186} INFO - Started process (PID=820) to work on /home/airflow/.local/lib/python3.12/site-packages/airflow/example_dags/example_inlet_event_extra.py
[2024-11-11T19:03:55.754+0000] {processor.py:914} INFO - Processing file /home/airflow/.local/lib/python3.12/site-packages/airflow/example_dags/example_inlet_event_extra.py for tasks to queue
[2024-11-11T19:03:55.756+0000] {logging_mixin.py:190} INFO - [2024-11-11T19:03:55.755+0000] {dagbag.py:588} INFO - Filling up the DagBag from /home/airflow/.local/lib/python3.12/site-packages/airflow/example_dags/example_inlet_event_extra.py
[2024-11-11T19:03:55.893+0000] {processor.py:925} INFO - DAG(s) 'read_dataset_event', 'read_dataset_event_from_classic' retrieved from /home/airflow/.local/lib/python3.12/site-packages/airflow/example_dags/example_inlet_event_extra.py
[2024-11-11T19:03:55.909+0000] {logging_mixin.py:190} INFO - [2024-11-11T19:03:55.909+0000] {dag.py:3239} INFO - Sync 2 DAGs
[2024-11-11T19:03:55.927+0000] {logging_mixin.py:190} INFO - [2024-11-11T19:03:55.927+0000] {dag.py:4180} INFO - Setting next_dagrun for read_dataset_event to 2024-11-10 00:00:00+00:00, run_after=2024-11-11 00:00:00+00:00
[2024-11-11T19:03:55.931+0000] {logging_mixin.py:190} INFO - [2024-11-11T19:03:55.931+0000] {dag.py:4180} INFO - Setting next_dagrun for read_dataset_event_from_classic to 2024-11-10 00:00:00+00:00, run_after=2024-11-11 00:00:00+00:00
[2024-11-11T19:03:55.950+0000] {processor.py:208} INFO - Processing /home/airflow/.local/lib/python3.12/site-packages/airflow/example_dags/example_inlet_event_extra.py took 0.203 seconds
[2024-11-11T19:04:26.260+0000] {processor.py:186} INFO - Started process (PID=885) to work on /home/airflow/.local/lib/python3.12/site-packages/airflow/example_dags/example_inlet_event_extra.py
[2024-11-11T19:04:26.261+0000] {processor.py:914} INFO - Processing file /home/airflow/.local/lib/python3.12/site-packages/airflow/example_dags/example_inlet_event_extra.py for tasks to queue
[2024-11-11T19:04:26.263+0000] {logging_mixin.py:190} INFO - [2024-11-11T19:04:26.263+0000] {dagbag.py:588} INFO - Filling up the DagBag from /home/airflow/.local/lib/python3.12/site-packages/airflow/example_dags/example_inlet_event_extra.py
[2024-11-11T19:04:26.394+0000] {processor.py:925} INFO - DAG(s) 'read_dataset_event_from_classic', 'read_dataset_event' retrieved from /home/airflow/.local/lib/python3.12/site-packages/airflow/example_dags/example_inlet_event_extra.py
[2024-11-11T19:04:26.415+0000] {logging_mixin.py:190} INFO - [2024-11-11T19:04:26.415+0000] {dag.py:3239} INFO - Sync 2 DAGs
[2024-11-11T19:04:26.438+0000] {logging_mixin.py:190} INFO - [2024-11-11T19:04:26.438+0000] {dag.py:4180} INFO - Setting next_dagrun for read_dataset_event to 2024-11-10 00:00:00+00:00, run_after=2024-11-11 00:00:00+00:00
[2024-11-11T19:04:26.443+0000] {logging_mixin.py:190} INFO - [2024-11-11T19:04:26.443+0000] {dag.py:4180} INFO - Setting next_dagrun for read_dataset_event_from_classic to 2024-11-10 00:00:00+00:00, run_after=2024-11-11 00:00:00+00:00
[2024-11-11T19:04:26.459+0000] {processor.py:208} INFO - Processing /home/airflow/.local/lib/python3.12/site-packages/airflow/example_dags/example_inlet_event_extra.py took 0.203 seconds
[2024-11-11T19:04:56.965+0000] {processor.py:186} INFO - Started process (PID=950) to work on /home/airflow/.local/lib/python3.12/site-packages/airflow/example_dags/example_inlet_event_extra.py
[2024-11-11T19:04:56.965+0000] {processor.py:914} INFO - Processing file /home/airflow/.local/lib/python3.12/site-packages/airflow/example_dags/example_inlet_event_extra.py for tasks to queue
[2024-11-11T19:04:56.967+0000] {logging_mixin.py:190} INFO - [2024-11-11T19:04:56.967+0000] {dagbag.py:588} INFO - Filling up the DagBag from /home/airflow/.local/lib/python3.12/site-packages/airflow/example_dags/example_inlet_event_extra.py
[2024-11-11T19:04:57.085+0000] {processor.py:925} INFO - DAG(s) 'read_dataset_event', 'read_dataset_event_from_classic' retrieved from /home/airflow/.local/lib/python3.12/site-packages/airflow/example_dags/example_inlet_event_extra.py
[2024-11-11T19:04:57.104+0000] {logging_mixin.py:190} INFO - [2024-11-11T19:04:57.103+0000] {dag.py:3239} INFO - Sync 2 DAGs
[2024-11-11T19:04:57.124+0000] {logging_mixin.py:190} INFO - [2024-11-11T19:04:57.124+0000] {dag.py:4180} INFO - Setting next_dagrun for read_dataset_event to 2024-11-10 00:00:00+00:00, run_after=2024-11-11 00:00:00+00:00
[2024-11-11T19:04:57.129+0000] {logging_mixin.py:190} INFO - [2024-11-11T19:04:57.129+0000] {dag.py:4180} INFO - Setting next_dagrun for read_dataset_event_from_classic to 2024-11-10 00:00:00+00:00, run_after=2024-11-11 00:00:00+00:00
[2024-11-11T19:04:57.192+0000] {processor.py:208} INFO - Processing /home/airflow/.local/lib/python3.12/site-packages/airflow/example_dags/example_inlet_event_extra.py took 0.233 seconds
[2024-11-11T19:05:27.687+0000] {processor.py:186} INFO - Started process (PID=1015) to work on /home/airflow/.local/lib/python3.12/site-packages/airflow/example_dags/example_inlet_event_extra.py
[2024-11-11T19:05:27.688+0000] {processor.py:914} INFO - Processing file /home/airflow/.local/lib/python3.12/site-packages/airflow/example_dags/example_inlet_event_extra.py for tasks to queue
[2024-11-11T19:05:27.690+0000] {logging_mixin.py:190} INFO - [2024-11-11T19:05:27.690+0000] {dagbag.py:588} INFO - Filling up the DagBag from /home/airflow/.local/lib/python3.12/site-packages/airflow/example_dags/example_inlet_event_extra.py
[2024-11-11T19:05:27.801+0000] {processor.py:925} INFO - DAG(s) 'read_dataset_event_from_classic', 'read_dataset_event' retrieved from /home/airflow/.local/lib/python3.12/site-packages/airflow/example_dags/example_inlet_event_extra.py
[2024-11-11T19:05:27.820+0000] {logging_mixin.py:190} INFO - [2024-11-11T19:05:27.820+0000] {dag.py:3239} INFO - Sync 2 DAGs
[2024-11-11T19:05:27.842+0000] {logging_mixin.py:190} INFO - [2024-11-11T19:05:27.842+0000] {dag.py:4180} INFO - Setting next_dagrun for read_dataset_event to 2024-11-10 00:00:00+00:00, run_after=2024-11-11 00:00:00+00:00
[2024-11-11T19:05:27.846+0000] {logging_mixin.py:190} INFO - [2024-11-11T19:05:27.845+0000] {dag.py:4180} INFO - Setting next_dagrun for read_dataset_event_from_classic to 2024-11-10 00:00:00+00:00, run_after=2024-11-11 00:00:00+00:00
[2024-11-11T19:05:27.860+0000] {processor.py:208} INFO - Processing /home/airflow/.local/lib/python3.12/site-packages/airflow/example_dags/example_inlet_event_extra.py took 0.178 seconds
[2024-11-11T19:05:58.553+0000] {processor.py:186} INFO - Started process (PID=1080) to work on /home/airflow/.local/lib/python3.12/site-packages/airflow/example_dags/example_inlet_event_extra.py
[2024-11-11T19:05:58.554+0000] {processor.py:914} INFO - Processing file /home/airflow/.local/lib/python3.12/site-packages/airflow/example_dags/example_inlet_event_extra.py for tasks to queue
[2024-11-11T19:05:58.556+0000] {logging_mixin.py:190} INFO - [2024-11-11T19:05:58.556+0000] {dagbag.py:588} INFO - Filling up the DagBag from /home/airflow/.local/lib/python3.12/site-packages/airflow/example_dags/example_inlet_event_extra.py
[2024-11-11T19:05:58.880+0000] {processor.py:925} INFO - DAG(s) 'read_dataset_event', 'read_dataset_event_from_classic' retrieved from /home/airflow/.local/lib/python3.12/site-packages/airflow/example_dags/example_inlet_event_extra.py
[2024-11-11T19:05:58.926+0000] {logging_mixin.py:190} INFO - [2024-11-11T19:05:58.926+0000] {dag.py:3239} INFO - Sync 2 DAGs
[2024-11-11T19:05:58.976+0000] {logging_mixin.py:190} INFO - [2024-11-11T19:05:58.975+0000] {dag.py:4180} INFO - Setting next_dagrun for read_dataset_event to 2024-11-10 00:00:00+00:00, run_after=2024-11-11 00:00:00+00:00
[2024-11-11T19:05:58.980+0000] {logging_mixin.py:190} INFO - [2024-11-11T19:05:58.980+0000] {dag.py:4180} INFO - Setting next_dagrun for read_dataset_event_from_classic to 2024-11-10 00:00:00+00:00, run_after=2024-11-11 00:00:00+00:00
[2024-11-11T19:05:58.994+0000] {processor.py:208} INFO - Processing /home/airflow/.local/lib/python3.12/site-packages/airflow/example_dags/example_inlet_event_extra.py took 0.447 seconds
[2024-11-11T19:06:29.241+0000] {processor.py:186} INFO - Started process (PID=1146) to work on /home/airflow/.local/lib/python3.12/site-packages/airflow/example_dags/example_inlet_event_extra.py
[2024-11-11T19:06:29.242+0000] {processor.py:914} INFO - Processing file /home/airflow/.local/lib/python3.12/site-packages/airflow/example_dags/example_inlet_event_extra.py for tasks to queue
[2024-11-11T19:06:29.249+0000] {logging_mixin.py:190} INFO - [2024-11-11T19:06:29.249+0000] {dagbag.py:588} INFO - Filling up the DagBag from /home/airflow/.local/lib/python3.12/site-packages/airflow/example_dags/example_inlet_event_extra.py
[2024-11-11T19:06:29.484+0000] {processor.py:925} INFO - DAG(s) 'read_dataset_event_from_classic', 'read_dataset_event' retrieved from /home/airflow/.local/lib/python3.12/site-packages/airflow/example_dags/example_inlet_event_extra.py
[2024-11-11T19:06:29.528+0000] {logging_mixin.py:190} INFO - [2024-11-11T19:06:29.528+0000] {dag.py:3239} INFO - Sync 2 DAGs
[2024-11-11T19:06:29.570+0000] {logging_mixin.py:190} INFO - [2024-11-11T19:06:29.570+0000] {dag.py:4180} INFO - Setting next_dagrun for read_dataset_event to 2024-11-10 00:00:00+00:00, run_after=2024-11-11 00:00:00+00:00
[2024-11-11T19:06:29.575+0000] {logging_mixin.py:190} INFO - [2024-11-11T19:06:29.574+0000] {dag.py:4180} INFO - Setting next_dagrun for read_dataset_event_from_classic to 2024-11-10 00:00:00+00:00, run_after=2024-11-11 00:00:00+00:00
[2024-11-11T19:06:29.593+0000] {processor.py:208} INFO - Processing /home/airflow/.local/lib/python3.12/site-packages/airflow/example_dags/example_inlet_event_extra.py took 0.356 seconds
[2024-11-11T19:06:59.707+0000] {processor.py:186} INFO - Started process (PID=1214) to work on /home/airflow/.local/lib/python3.12/site-packages/airflow/example_dags/example_inlet_event_extra.py
[2024-11-11T19:06:59.708+0000] {processor.py:914} INFO - Processing file /home/airflow/.local/lib/python3.12/site-packages/airflow/example_dags/example_inlet_event_extra.py for tasks to queue
[2024-11-11T19:06:59.710+0000] {logging_mixin.py:190} INFO - [2024-11-11T19:06:59.710+0000] {dagbag.py:588} INFO - Filling up the DagBag from /home/airflow/.local/lib/python3.12/site-packages/airflow/example_dags/example_inlet_event_extra.py
[2024-11-11T19:06:59.816+0000] {processor.py:925} INFO - DAG(s) 'read_dataset_event_from_classic', 'read_dataset_event' retrieved from /home/airflow/.local/lib/python3.12/site-packages/airflow/example_dags/example_inlet_event_extra.py
[2024-11-11T19:06:59.835+0000] {logging_mixin.py:190} INFO - [2024-11-11T19:06:59.834+0000] {dag.py:3239} INFO - Sync 2 DAGs
[2024-11-11T19:06:59.853+0000] {logging_mixin.py:190} INFO - [2024-11-11T19:06:59.853+0000] {dag.py:4180} INFO - Setting next_dagrun for read_dataset_event to 2024-11-10 00:00:00+00:00, run_after=2024-11-11 00:00:00+00:00
[2024-11-11T19:06:59.857+0000] {logging_mixin.py:190} INFO - [2024-11-11T19:06:59.857+0000] {dag.py:4180} INFO - Setting next_dagrun for read_dataset_event_from_classic to 2024-11-10 00:00:00+00:00, run_after=2024-11-11 00:00:00+00:00
[2024-11-11T19:06:59.869+0000] {processor.py:208} INFO - Processing /home/airflow/.local/lib/python3.12/site-packages/airflow/example_dags/example_inlet_event_extra.py took 0.166 seconds
[2024-11-11T19:07:30.134+0000] {processor.py:186} INFO - Started process (PID=1277) to work on /home/airflow/.local/lib/python3.12/site-packages/airflow/example_dags/example_inlet_event_extra.py
[2024-11-11T19:07:30.135+0000] {processor.py:914} INFO - Processing file /home/airflow/.local/lib/python3.12/site-packages/airflow/example_dags/example_inlet_event_extra.py for tasks to queue
[2024-11-11T19:07:30.137+0000] {logging_mixin.py:190} INFO - [2024-11-11T19:07:30.137+0000] {dagbag.py:588} INFO - Filling up the DagBag from /home/airflow/.local/lib/python3.12/site-packages/airflow/example_dags/example_inlet_event_extra.py
[2024-11-11T19:07:30.248+0000] {processor.py:925} INFO - DAG(s) 'read_dataset_event', 'read_dataset_event_from_classic' retrieved from /home/airflow/.local/lib/python3.12/site-packages/airflow/example_dags/example_inlet_event_extra.py
[2024-11-11T19:07:30.266+0000] {logging_mixin.py:190} INFO - [2024-11-11T19:07:30.266+0000] {dag.py:3239} INFO - Sync 2 DAGs
[2024-11-11T19:07:30.291+0000] {logging_mixin.py:190} INFO - [2024-11-11T19:07:30.291+0000] {dag.py:4180} INFO - Setting next_dagrun for read_dataset_event to 2024-11-10 00:00:00+00:00, run_after=2024-11-11 00:00:00+00:00
[2024-11-11T19:07:30.295+0000] {logging_mixin.py:190} INFO - [2024-11-11T19:07:30.295+0000] {dag.py:4180} INFO - Setting next_dagrun for read_dataset_event_from_classic to 2024-11-10 00:00:00+00:00, run_after=2024-11-11 00:00:00+00:00
[2024-11-11T19:07:30.310+0000] {processor.py:208} INFO - Processing /home/airflow/.local/lib/python3.12/site-packages/airflow/example_dags/example_inlet_event_extra.py took 0.180 seconds
[2024-11-11T19:08:00.550+0000] {processor.py:186} INFO - Started process (PID=1342) to work on /home/airflow/.local/lib/python3.12/site-packages/airflow/example_dags/example_inlet_event_extra.py
[2024-11-11T19:08:00.551+0000] {processor.py:914} INFO - Processing file /home/airflow/.local/lib/python3.12/site-packages/airflow/example_dags/example_inlet_event_extra.py for tasks to queue
[2024-11-11T19:08:00.553+0000] {logging_mixin.py:190} INFO - [2024-11-11T19:08:00.552+0000] {dagbag.py:588} INFO - Filling up the DagBag from /home/airflow/.local/lib/python3.12/site-packages/airflow/example_dags/example_inlet_event_extra.py
[2024-11-11T19:08:00.677+0000] {processor.py:925} INFO - DAG(s) 'read_dataset_event', 'read_dataset_event_from_classic' retrieved from /home/airflow/.local/lib/python3.12/site-packages/airflow/example_dags/example_inlet_event_extra.py
[2024-11-11T19:08:00.698+0000] {logging_mixin.py:190} INFO - [2024-11-11T19:08:00.697+0000] {dag.py:3239} INFO - Sync 2 DAGs
[2024-11-11T19:08:00.719+0000] {logging_mixin.py:190} INFO - [2024-11-11T19:08:00.719+0000] {dag.py:4180} INFO - Setting next_dagrun for read_dataset_event to 2024-11-10 00:00:00+00:00, run_after=2024-11-11 00:00:00+00:00
[2024-11-11T19:08:00.725+0000] {logging_mixin.py:190} INFO - [2024-11-11T19:08:00.725+0000] {dag.py:4180} INFO - Setting next_dagrun for read_dataset_event_from_classic to 2024-11-10 00:00:00+00:00, run_after=2024-11-11 00:00:00+00:00
[2024-11-11T19:08:00.740+0000] {processor.py:208} INFO - Processing /home/airflow/.local/lib/python3.12/site-packages/airflow/example_dags/example_inlet_event_extra.py took 0.194 seconds
[2024-11-11T19:08:31.140+0000] {processor.py:186} INFO - Started process (PID=1407) to work on /home/airflow/.local/lib/python3.12/site-packages/airflow/example_dags/example_inlet_event_extra.py
[2024-11-11T19:08:31.141+0000] {processor.py:914} INFO - Processing file /home/airflow/.local/lib/python3.12/site-packages/airflow/example_dags/example_inlet_event_extra.py for tasks to queue
[2024-11-11T19:08:31.143+0000] {logging_mixin.py:190} INFO - [2024-11-11T19:08:31.142+0000] {dagbag.py:588} INFO - Filling up the DagBag from /home/airflow/.local/lib/python3.12/site-packages/airflow/example_dags/example_inlet_event_extra.py
[2024-11-11T19:08:31.254+0000] {processor.py:925} INFO - DAG(s) 'read_dataset_event', 'read_dataset_event_from_classic' retrieved from /home/airflow/.local/lib/python3.12/site-packages/airflow/example_dags/example_inlet_event_extra.py
[2024-11-11T19:08:31.274+0000] {logging_mixin.py:190} INFO - [2024-11-11T19:08:31.273+0000] {dag.py:3239} INFO - Sync 2 DAGs
[2024-11-11T19:08:31.297+0000] {logging_mixin.py:190} INFO - [2024-11-11T19:08:31.297+0000] {dag.py:4180} INFO - Setting next_dagrun for read_dataset_event to 2024-11-10 00:00:00+00:00, run_after=2024-11-11 00:00:00+00:00
[2024-11-11T19:08:31.301+0000] {logging_mixin.py:190} INFO - [2024-11-11T19:08:31.300+0000] {dag.py:4180} INFO - Setting next_dagrun for read_dataset_event_from_classic to 2024-11-10 00:00:00+00:00, run_after=2024-11-11 00:00:00+00:00
[2024-11-11T19:08:31.316+0000] {processor.py:208} INFO - Processing /home/airflow/.local/lib/python3.12/site-packages/airflow/example_dags/example_inlet_event_extra.py took 0.181 seconds
[2024-11-11T19:09:01.949+0000] {processor.py:186} INFO - Started process (PID=1471) to work on /home/airflow/.local/lib/python3.12/site-packages/airflow/example_dags/example_inlet_event_extra.py
[2024-11-11T19:09:01.950+0000] {processor.py:914} INFO - Processing file /home/airflow/.local/lib/python3.12/site-packages/airflow/example_dags/example_inlet_event_extra.py for tasks to queue
[2024-11-11T19:09:01.951+0000] {logging_mixin.py:190} INFO - [2024-11-11T19:09:01.951+0000] {dagbag.py:588} INFO - Filling up the DagBag from /home/airflow/.local/lib/python3.12/site-packages/airflow/example_dags/example_inlet_event_extra.py
[2024-11-11T19:09:02.116+0000] {processor.py:925} INFO - DAG(s) 'read_dataset_event', 'read_dataset_event_from_classic' retrieved from /home/airflow/.local/lib/python3.12/site-packages/airflow/example_dags/example_inlet_event_extra.py
[2024-11-11T19:09:02.132+0000] {logging_mixin.py:190} INFO - [2024-11-11T19:09:02.131+0000] {dag.py:3239} INFO - Sync 2 DAGs
[2024-11-11T19:09:02.153+0000] {logging_mixin.py:190} INFO - [2024-11-11T19:09:02.153+0000] {dag.py:4180} INFO - Setting next_dagrun for read_dataset_event to 2024-11-10 00:00:00+00:00, run_after=2024-11-11 00:00:00+00:00
[2024-11-11T19:09:02.157+0000] {logging_mixin.py:190} INFO - [2024-11-11T19:09:02.157+0000] {dag.py:4180} INFO - Setting next_dagrun for read_dataset_event_from_classic to 2024-11-10 00:00:00+00:00, run_after=2024-11-11 00:00:00+00:00
[2024-11-11T19:09:02.170+0000] {processor.py:208} INFO - Processing /home/airflow/.local/lib/python3.12/site-packages/airflow/example_dags/example_inlet_event_extra.py took 0.226 seconds
[2024-11-11T19:09:32.613+0000] {processor.py:186} INFO - Started process (PID=1536) to work on /home/airflow/.local/lib/python3.12/site-packages/airflow/example_dags/example_inlet_event_extra.py
[2024-11-11T19:09:32.614+0000] {processor.py:914} INFO - Processing file /home/airflow/.local/lib/python3.12/site-packages/airflow/example_dags/example_inlet_event_extra.py for tasks to queue
[2024-11-11T19:09:32.615+0000] {logging_mixin.py:190} INFO - [2024-11-11T19:09:32.615+0000] {dagbag.py:588} INFO - Filling up the DagBag from /home/airflow/.local/lib/python3.12/site-packages/airflow/example_dags/example_inlet_event_extra.py
[2024-11-11T19:09:32.760+0000] {processor.py:925} INFO - DAG(s) 'read_dataset_event', 'read_dataset_event_from_classic' retrieved from /home/airflow/.local/lib/python3.12/site-packages/airflow/example_dags/example_inlet_event_extra.py
[2024-11-11T19:09:32.782+0000] {logging_mixin.py:190} INFO - [2024-11-11T19:09:32.781+0000] {dag.py:3239} INFO - Sync 2 DAGs
[2024-11-11T19:09:32.985+0000] {logging_mixin.py:190} INFO - [2024-11-11T19:09:32.985+0000] {dag.py:4180} INFO - Setting next_dagrun for read_dataset_event to 2024-11-10 00:00:00+00:00, run_after=2024-11-11 00:00:00+00:00
[2024-11-11T19:09:32.990+0000] {logging_mixin.py:190} INFO - [2024-11-11T19:09:32.990+0000] {dag.py:4180} INFO - Setting next_dagrun for read_dataset_event_from_classic to 2024-11-10 00:00:00+00:00, run_after=2024-11-11 00:00:00+00:00
[2024-11-11T19:09:33.003+0000] {processor.py:208} INFO - Processing /home/airflow/.local/lib/python3.12/site-packages/airflow/example_dags/example_inlet_event_extra.py took 0.396 seconds
[2024-11-11T19:10:03.441+0000] {processor.py:186} INFO - Started process (PID=1601) to work on /home/airflow/.local/lib/python3.12/site-packages/airflow/example_dags/example_inlet_event_extra.py
[2024-11-11T19:10:03.442+0000] {processor.py:914} INFO - Processing file /home/airflow/.local/lib/python3.12/site-packages/airflow/example_dags/example_inlet_event_extra.py for tasks to queue
[2024-11-11T19:10:03.444+0000] {logging_mixin.py:190} INFO - [2024-11-11T19:10:03.444+0000] {dagbag.py:588} INFO - Filling up the DagBag from /home/airflow/.local/lib/python3.12/site-packages/airflow/example_dags/example_inlet_event_extra.py
[2024-11-11T19:10:03.569+0000] {processor.py:925} INFO - DAG(s) 'read_dataset_event_from_classic', 'read_dataset_event' retrieved from /home/airflow/.local/lib/python3.12/site-packages/airflow/example_dags/example_inlet_event_extra.py
[2024-11-11T19:10:03.589+0000] {logging_mixin.py:190} INFO - [2024-11-11T19:10:03.588+0000] {dag.py:3239} INFO - Sync 2 DAGs
[2024-11-11T19:10:03.614+0000] {logging_mixin.py:190} INFO - [2024-11-11T19:10:03.614+0000] {dag.py:4180} INFO - Setting next_dagrun for read_dataset_event to 2024-11-10 00:00:00+00:00, run_after=2024-11-11 00:00:00+00:00
[2024-11-11T19:10:03.618+0000] {logging_mixin.py:190} INFO - [2024-11-11T19:10:03.618+0000] {dag.py:4180} INFO - Setting next_dagrun for read_dataset_event_from_classic to 2024-11-10 00:00:00+00:00, run_after=2024-11-11 00:00:00+00:00
[2024-11-11T19:10:03.799+0000] {processor.py:208} INFO - Processing /home/airflow/.local/lib/python3.12/site-packages/airflow/example_dags/example_inlet_event_extra.py took 0.366 seconds
[2024-11-11T19:10:34.188+0000] {processor.py:186} INFO - Started process (PID=1666) to work on /home/airflow/.local/lib/python3.12/site-packages/airflow/example_dags/example_inlet_event_extra.py
[2024-11-11T19:10:34.189+0000] {processor.py:914} INFO - Processing file /home/airflow/.local/lib/python3.12/site-packages/airflow/example_dags/example_inlet_event_extra.py for tasks to queue
[2024-11-11T19:10:34.191+0000] {logging_mixin.py:190} INFO - [2024-11-11T19:10:34.191+0000] {dagbag.py:588} INFO - Filling up the DagBag from /home/airflow/.local/lib/python3.12/site-packages/airflow/example_dags/example_inlet_event_extra.py
[2024-11-11T19:10:34.319+0000] {processor.py:925} INFO - DAG(s) 'read_dataset_event_from_classic', 'read_dataset_event' retrieved from /home/airflow/.local/lib/python3.12/site-packages/airflow/example_dags/example_inlet_event_extra.py
[2024-11-11T19:10:34.338+0000] {logging_mixin.py:190} INFO - [2024-11-11T19:10:34.338+0000] {dag.py:3239} INFO - Sync 2 DAGs
[2024-11-11T19:10:34.358+0000] {logging_mixin.py:190} INFO - [2024-11-11T19:10:34.358+0000] {dag.py:4180} INFO - Setting next_dagrun for read_dataset_event to 2024-11-10 00:00:00+00:00, run_after=2024-11-11 00:00:00+00:00
[2024-11-11T19:10:34.362+0000] {logging_mixin.py:190} INFO - [2024-11-11T19:10:34.362+0000] {dag.py:4180} INFO - Setting next_dagrun for read_dataset_event_from_classic to 2024-11-10 00:00:00+00:00, run_after=2024-11-11 00:00:00+00:00
[2024-11-11T19:10:34.532+0000] {processor.py:208} INFO - Processing /home/airflow/.local/lib/python3.12/site-packages/airflow/example_dags/example_inlet_event_extra.py took 0.352 seconds
[2024-11-11T19:11:04.830+0000] {processor.py:186} INFO - Started process (PID=1731) to work on /home/airflow/.local/lib/python3.12/site-packages/airflow/example_dags/example_inlet_event_extra.py
[2024-11-11T19:11:04.831+0000] {processor.py:914} INFO - Processing file /home/airflow/.local/lib/python3.12/site-packages/airflow/example_dags/example_inlet_event_extra.py for tasks to queue
[2024-11-11T19:11:04.833+0000] {logging_mixin.py:190} INFO - [2024-11-11T19:11:04.832+0000] {dagbag.py:588} INFO - Filling up the DagBag from /home/airflow/.local/lib/python3.12/site-packages/airflow/example_dags/example_inlet_event_extra.py
[2024-11-11T19:11:04.975+0000] {processor.py:925} INFO - DAG(s) 'read_dataset_event', 'read_dataset_event_from_classic' retrieved from /home/airflow/.local/lib/python3.12/site-packages/airflow/example_dags/example_inlet_event_extra.py
[2024-11-11T19:11:04.991+0000] {logging_mixin.py:190} INFO - [2024-11-11T19:11:04.991+0000] {dag.py:3239} INFO - Sync 2 DAGs
[2024-11-11T19:11:05.010+0000] {logging_mixin.py:190} INFO - [2024-11-11T19:11:05.010+0000] {dag.py:4180} INFO - Setting next_dagrun for read_dataset_event to 2024-11-10 00:00:00+00:00, run_after=2024-11-11 00:00:00+00:00
[2024-11-11T19:11:05.014+0000] {logging_mixin.py:190} INFO - [2024-11-11T19:11:05.014+0000] {dag.py:4180} INFO - Setting next_dagrun for read_dataset_event_from_classic to 2024-11-10 00:00:00+00:00, run_after=2024-11-11 00:00:00+00:00
[2024-11-11T19:11:05.029+0000] {processor.py:208} INFO - Processing /home/airflow/.local/lib/python3.12/site-packages/airflow/example_dags/example_inlet_event_extra.py took 0.204 seconds
[2024-11-11T19:11:35.397+0000] {processor.py:186} INFO - Started process (PID=1796) to work on /home/airflow/.local/lib/python3.12/site-packages/airflow/example_dags/example_inlet_event_extra.py
[2024-11-11T19:11:35.397+0000] {processor.py:914} INFO - Processing file /home/airflow/.local/lib/python3.12/site-packages/airflow/example_dags/example_inlet_event_extra.py for tasks to queue
[2024-11-11T19:11:35.400+0000] {logging_mixin.py:190} INFO - [2024-11-11T19:11:35.400+0000] {dagbag.py:588} INFO - Filling up the DagBag from /home/airflow/.local/lib/python3.12/site-packages/airflow/example_dags/example_inlet_event_extra.py
[2024-11-11T19:11:35.841+0000] {processor.py:925} INFO - DAG(s) 'read_dataset_event_from_classic', 'read_dataset_event' retrieved from /home/airflow/.local/lib/python3.12/site-packages/airflow/example_dags/example_inlet_event_extra.py
[2024-11-11T19:11:35.894+0000] {logging_mixin.py:190} INFO - [2024-11-11T19:11:35.893+0000] {dag.py:3239} INFO - Sync 2 DAGs
[2024-11-11T19:11:35.955+0000] {logging_mixin.py:190} INFO - [2024-11-11T19:11:35.955+0000] {dag.py:4180} INFO - Setting next_dagrun for read_dataset_event to 2024-11-10 00:00:00+00:00, run_after=2024-11-11 00:00:00+00:00
[2024-11-11T19:11:35.973+0000] {logging_mixin.py:190} INFO - [2024-11-11T19:11:35.973+0000] {dag.py:4180} INFO - Setting next_dagrun for read_dataset_event_from_classic to 2024-11-10 00:00:00+00:00, run_after=2024-11-11 00:00:00+00:00
[2024-11-11T19:11:36.006+0000] {processor.py:208} INFO - Processing /home/airflow/.local/lib/python3.12/site-packages/airflow/example_dags/example_inlet_event_extra.py took 0.628 seconds
[2024-11-11T19:12:06.198+0000] {processor.py:186} INFO - Started process (PID=1862) to work on /home/airflow/.local/lib/python3.12/site-packages/airflow/example_dags/example_inlet_event_extra.py
[2024-11-11T19:12:06.199+0000] {processor.py:914} INFO - Processing file /home/airflow/.local/lib/python3.12/site-packages/airflow/example_dags/example_inlet_event_extra.py for tasks to queue
[2024-11-11T19:12:06.202+0000] {logging_mixin.py:190} INFO - [2024-11-11T19:12:06.202+0000] {dagbag.py:588} INFO - Filling up the DagBag from /home/airflow/.local/lib/python3.12/site-packages/airflow/example_dags/example_inlet_event_extra.py
[2024-11-11T19:12:06.378+0000] {processor.py:925} INFO - DAG(s) 'read_dataset_event', 'read_dataset_event_from_classic' retrieved from /home/airflow/.local/lib/python3.12/site-packages/airflow/example_dags/example_inlet_event_extra.py
[2024-11-11T19:12:06.396+0000] {logging_mixin.py:190} INFO - [2024-11-11T19:12:06.396+0000] {dag.py:3239} INFO - Sync 2 DAGs
[2024-11-11T19:12:06.416+0000] {logging_mixin.py:190} INFO - [2024-11-11T19:12:06.416+0000] {dag.py:4180} INFO - Setting next_dagrun for read_dataset_event to 2024-11-10 00:00:00+00:00, run_after=2024-11-11 00:00:00+00:00
[2024-11-11T19:12:06.420+0000] {logging_mixin.py:190} INFO - [2024-11-11T19:12:06.420+0000] {dag.py:4180} INFO - Setting next_dagrun for read_dataset_event_from_classic to 2024-11-10 00:00:00+00:00, run_after=2024-11-11 00:00:00+00:00
[2024-11-11T19:12:06.431+0000] {processor.py:208} INFO - Processing /home/airflow/.local/lib/python3.12/site-packages/airflow/example_dags/example_inlet_event_extra.py took 0.238 seconds
[2024-11-11T19:12:36.977+0000] {processor.py:186} INFO - Started process (PID=1928) to work on /home/airflow/.local/lib/python3.12/site-packages/airflow/example_dags/example_inlet_event_extra.py
[2024-11-11T19:12:36.977+0000] {processor.py:914} INFO - Processing file /home/airflow/.local/lib/python3.12/site-packages/airflow/example_dags/example_inlet_event_extra.py for tasks to queue
[2024-11-11T19:12:36.980+0000] {logging_mixin.py:190} INFO - [2024-11-11T19:12:36.980+0000] {dagbag.py:588} INFO - Filling up the DagBag from /home/airflow/.local/lib/python3.12/site-packages/airflow/example_dags/example_inlet_event_extra.py
[2024-11-11T19:12:37.102+0000] {processor.py:925} INFO - DAG(s) 'read_dataset_event_from_classic', 'read_dataset_event' retrieved from /home/airflow/.local/lib/python3.12/site-packages/airflow/example_dags/example_inlet_event_extra.py
[2024-11-11T19:12:37.119+0000] {logging_mixin.py:190} INFO - [2024-11-11T19:12:37.119+0000] {dag.py:3239} INFO - Sync 2 DAGs
[2024-11-11T19:12:37.139+0000] {logging_mixin.py:190} INFO - [2024-11-11T19:12:37.139+0000] {dag.py:4180} INFO - Setting next_dagrun for read_dataset_event to 2024-11-10 00:00:00+00:00, run_after=2024-11-11 00:00:00+00:00
[2024-11-11T19:12:37.142+0000] {logging_mixin.py:190} INFO - [2024-11-11T19:12:37.142+0000] {dag.py:4180} INFO - Setting next_dagrun for read_dataset_event_from_classic to 2024-11-10 00:00:00+00:00, run_after=2024-11-11 00:00:00+00:00
[2024-11-11T19:12:37.156+0000] {processor.py:208} INFO - Processing /home/airflow/.local/lib/python3.12/site-packages/airflow/example_dags/example_inlet_event_extra.py took 0.184 seconds
[2024-11-11T19:13:07.307+0000] {processor.py:186} INFO - Started process (PID=1993) to work on /home/airflow/.local/lib/python3.12/site-packages/airflow/example_dags/example_inlet_event_extra.py
[2024-11-11T19:13:07.308+0000] {processor.py:914} INFO - Processing file /home/airflow/.local/lib/python3.12/site-packages/airflow/example_dags/example_inlet_event_extra.py for tasks to queue
[2024-11-11T19:13:07.310+0000] {logging_mixin.py:190} INFO - [2024-11-11T19:13:07.310+0000] {dagbag.py:588} INFO - Filling up the DagBag from /home/airflow/.local/lib/python3.12/site-packages/airflow/example_dags/example_inlet_event_extra.py
[2024-11-11T19:13:07.473+0000] {processor.py:925} INFO - DAG(s) 'read_dataset_event_from_classic', 'read_dataset_event' retrieved from /home/airflow/.local/lib/python3.12/site-packages/airflow/example_dags/example_inlet_event_extra.py
[2024-11-11T19:13:07.657+0000] {logging_mixin.py:190} INFO - [2024-11-11T19:13:07.657+0000] {dag.py:3239} INFO - Sync 2 DAGs
[2024-11-11T19:13:07.674+0000] {logging_mixin.py:190} INFO - [2024-11-11T19:13:07.674+0000] {dag.py:4180} INFO - Setting next_dagrun for read_dataset_event to 2024-11-10 00:00:00+00:00, run_after=2024-11-11 00:00:00+00:00
[2024-11-11T19:13:07.677+0000] {logging_mixin.py:190} INFO - [2024-11-11T19:13:07.677+0000] {dag.py:4180} INFO - Setting next_dagrun for read_dataset_event_from_classic to 2024-11-10 00:00:00+00:00, run_after=2024-11-11 00:00:00+00:00
[2024-11-11T19:13:07.689+0000] {processor.py:208} INFO - Processing /home/airflow/.local/lib/python3.12/site-packages/airflow/example_dags/example_inlet_event_extra.py took 0.387 seconds
[2024-11-11T19:13:38.726+0000] {processor.py:186} INFO - Started process (PID=2057) to work on /home/airflow/.local/lib/python3.12/site-packages/airflow/example_dags/example_inlet_event_extra.py
[2024-11-11T19:13:38.727+0000] {processor.py:914} INFO - Processing file /home/airflow/.local/lib/python3.12/site-packages/airflow/example_dags/example_inlet_event_extra.py for tasks to queue
[2024-11-11T19:13:38.729+0000] {logging_mixin.py:190} INFO - [2024-11-11T19:13:38.729+0000] {dagbag.py:588} INFO - Filling up the DagBag from /home/airflow/.local/lib/python3.12/site-packages/airflow/example_dags/example_inlet_event_extra.py
[2024-11-11T19:13:38.860+0000] {processor.py:925} INFO - DAG(s) 'read_dataset_event', 'read_dataset_event_from_classic' retrieved from /home/airflow/.local/lib/python3.12/site-packages/airflow/example_dags/example_inlet_event_extra.py
[2024-11-11T19:13:38.879+0000] {logging_mixin.py:190} INFO - [2024-11-11T19:13:38.879+0000] {dag.py:3239} INFO - Sync 2 DAGs
[2024-11-11T19:13:39.062+0000] {logging_mixin.py:190} INFO - [2024-11-11T19:13:39.061+0000] {dag.py:4180} INFO - Setting next_dagrun for read_dataset_event to 2024-11-10 00:00:00+00:00, run_after=2024-11-11 00:00:00+00:00
[2024-11-11T19:13:39.066+0000] {logging_mixin.py:190} INFO - [2024-11-11T19:13:39.066+0000] {dag.py:4180} INFO - Setting next_dagrun for read_dataset_event_from_classic to 2024-11-10 00:00:00+00:00, run_after=2024-11-11 00:00:00+00:00
[2024-11-11T19:13:39.081+0000] {processor.py:208} INFO - Processing /home/airflow/.local/lib/python3.12/site-packages/airflow/example_dags/example_inlet_event_extra.py took 0.359 seconds
[2024-11-11T19:14:09.821+0000] {processor.py:186} INFO - Started process (PID=2126) to work on /home/airflow/.local/lib/python3.12/site-packages/airflow/example_dags/example_inlet_event_extra.py
[2024-11-11T19:14:09.821+0000] {processor.py:914} INFO - Processing file /home/airflow/.local/lib/python3.12/site-packages/airflow/example_dags/example_inlet_event_extra.py for tasks to queue
[2024-11-11T19:14:09.823+0000] {logging_mixin.py:190} INFO - [2024-11-11T19:14:09.823+0000] {dagbag.py:588} INFO - Filling up the DagBag from /home/airflow/.local/lib/python3.12/site-packages/airflow/example_dags/example_inlet_event_extra.py
[2024-11-11T19:14:09.953+0000] {processor.py:925} INFO - DAG(s) 'read_dataset_event', 'read_dataset_event_from_classic' retrieved from /home/airflow/.local/lib/python3.12/site-packages/airflow/example_dags/example_inlet_event_extra.py
[2024-11-11T19:14:09.972+0000] {logging_mixin.py:190} INFO - [2024-11-11T19:14:09.972+0000] {dag.py:3239} INFO - Sync 2 DAGs
[2024-11-11T19:14:10.151+0000] {logging_mixin.py:190} INFO - [2024-11-11T19:14:10.151+0000] {dag.py:4180} INFO - Setting next_dagrun for read_dataset_event to 2024-11-10 00:00:00+00:00, run_after=2024-11-11 00:00:00+00:00
[2024-11-11T19:14:10.155+0000] {logging_mixin.py:190} INFO - [2024-11-11T19:14:10.155+0000] {dag.py:4180} INFO - Setting next_dagrun for read_dataset_event_from_classic to 2024-11-10 00:00:00+00:00, run_after=2024-11-11 00:00:00+00:00
[2024-11-11T19:14:10.168+0000] {processor.py:208} INFO - Processing /home/airflow/.local/lib/python3.12/site-packages/airflow/example_dags/example_inlet_event_extra.py took 0.352 seconds
[2024-11-11T19:14:41.069+0000] {processor.py:186} INFO - Started process (PID=2191) to work on /home/airflow/.local/lib/python3.12/site-packages/airflow/example_dags/example_inlet_event_extra.py
[2024-11-11T19:14:41.070+0000] {processor.py:914} INFO - Processing file /home/airflow/.local/lib/python3.12/site-packages/airflow/example_dags/example_inlet_event_extra.py for tasks to queue
[2024-11-11T19:14:41.072+0000] {logging_mixin.py:190} INFO - [2024-11-11T19:14:41.072+0000] {dagbag.py:588} INFO - Filling up the DagBag from /home/airflow/.local/lib/python3.12/site-packages/airflow/example_dags/example_inlet_event_extra.py
[2024-11-11T19:14:41.420+0000] {processor.py:925} INFO - DAG(s) 'read_dataset_event', 'read_dataset_event_from_classic' retrieved from /home/airflow/.local/lib/python3.12/site-packages/airflow/example_dags/example_inlet_event_extra.py
[2024-11-11T19:14:41.448+0000] {logging_mixin.py:190} INFO - [2024-11-11T19:14:41.447+0000] {dag.py:3239} INFO - Sync 2 DAGs
[2024-11-11T19:14:41.467+0000] {logging_mixin.py:190} INFO - [2024-11-11T19:14:41.466+0000] {dag.py:4180} INFO - Setting next_dagrun for read_dataset_event to 2024-11-10 00:00:00+00:00, run_after=2024-11-11 00:00:00+00:00
[2024-11-11T19:14:41.473+0000] {logging_mixin.py:190} INFO - [2024-11-11T19:14:41.473+0000] {dag.py:4180} INFO - Setting next_dagrun for read_dataset_event_from_classic to 2024-11-10 00:00:00+00:00, run_after=2024-11-11 00:00:00+00:00
[2024-11-11T19:14:41.492+0000] {processor.py:208} INFO - Processing /home/airflow/.local/lib/python3.12/site-packages/airflow/example_dags/example_inlet_event_extra.py took 0.428 seconds
[2024-11-11T19:15:11.750+0000] {processor.py:186} INFO - Started process (PID=2256) to work on /home/airflow/.local/lib/python3.12/site-packages/airflow/example_dags/example_inlet_event_extra.py
[2024-11-11T19:15:11.750+0000] {processor.py:914} INFO - Processing file /home/airflow/.local/lib/python3.12/site-packages/airflow/example_dags/example_inlet_event_extra.py for tasks to queue
[2024-11-11T19:15:11.753+0000] {logging_mixin.py:190} INFO - [2024-11-11T19:15:11.752+0000] {dagbag.py:588} INFO - Filling up the DagBag from /home/airflow/.local/lib/python3.12/site-packages/airflow/example_dags/example_inlet_event_extra.py
[2024-11-11T19:15:12.075+0000] {processor.py:925} INFO - DAG(s) 'read_dataset_event', 'read_dataset_event_from_classic' retrieved from /home/airflow/.local/lib/python3.12/site-packages/airflow/example_dags/example_inlet_event_extra.py
[2024-11-11T19:15:12.094+0000] {logging_mixin.py:190} INFO - [2024-11-11T19:15:12.094+0000] {dag.py:3239} INFO - Sync 2 DAGs
[2024-11-11T19:15:12.116+0000] {logging_mixin.py:190} INFO - [2024-11-11T19:15:12.115+0000] {dag.py:4180} INFO - Setting next_dagrun for read_dataset_event to 2024-11-10 00:00:00+00:00, run_after=2024-11-11 00:00:00+00:00
[2024-11-11T19:15:12.125+0000] {logging_mixin.py:190} INFO - [2024-11-11T19:15:12.125+0000] {dag.py:4180} INFO - Setting next_dagrun for read_dataset_event_from_classic to 2024-11-10 00:00:00+00:00, run_after=2024-11-11 00:00:00+00:00
[2024-11-11T19:15:12.139+0000] {processor.py:208} INFO - Processing /home/airflow/.local/lib/python3.12/site-packages/airflow/example_dags/example_inlet_event_extra.py took 0.397 seconds
[2024-11-11T19:15:43.972+0000] {processor.py:186} INFO - Started process (PID=2321) to work on /home/airflow/.local/lib/python3.12/site-packages/airflow/example_dags/example_inlet_event_extra.py
[2024-11-11T19:15:43.977+0000] {processor.py:914} INFO - Processing file /home/airflow/.local/lib/python3.12/site-packages/airflow/example_dags/example_inlet_event_extra.py for tasks to queue
[2024-11-11T19:15:43.979+0000] {logging_mixin.py:190} INFO - [2024-11-11T19:15:43.979+0000] {dagbag.py:588} INFO - Filling up the DagBag from /home/airflow/.local/lib/python3.12/site-packages/airflow/example_dags/example_inlet_event_extra.py
[2024-11-11T19:15:44.408+0000] {processor.py:925} INFO - DAG(s) 'read_dataset_event', 'read_dataset_event_from_classic' retrieved from /home/airflow/.local/lib/python3.12/site-packages/airflow/example_dags/example_inlet_event_extra.py
[2024-11-11T19:15:44.458+0000] {logging_mixin.py:190} INFO - [2024-11-11T19:15:44.457+0000] {dag.py:3239} INFO - Sync 2 DAGs
[2024-11-11T19:15:44.481+0000] {logging_mixin.py:190} INFO - [2024-11-11T19:15:44.481+0000] {dag.py:4180} INFO - Setting next_dagrun for read_dataset_event to 2024-11-10 00:00:00+00:00, run_after=2024-11-11 00:00:00+00:00
[2024-11-11T19:15:44.485+0000] {logging_mixin.py:190} INFO - [2024-11-11T19:15:44.485+0000] {dag.py:4180} INFO - Setting next_dagrun for read_dataset_event_from_classic to 2024-11-10 00:00:00+00:00, run_after=2024-11-11 00:00:00+00:00
[2024-11-11T19:15:44.499+0000] {processor.py:208} INFO - Processing /home/airflow/.local/lib/python3.12/site-packages/airflow/example_dags/example_inlet_event_extra.py took 0.532 seconds
[2024-11-11T19:17:30.773+0000] {processor.py:186} INFO - Started process (PID=106) to work on /home/airflow/.local/lib/python3.12/site-packages/airflow/example_dags/example_inlet_event_extra.py
[2024-11-11T19:17:30.774+0000] {processor.py:914} INFO - Processing file /home/airflow/.local/lib/python3.12/site-packages/airflow/example_dags/example_inlet_event_extra.py for tasks to queue
[2024-11-11T19:17:30.776+0000] {logging_mixin.py:190} INFO - [2024-11-11T19:17:30.776+0000] {dagbag.py:588} INFO - Filling up the DagBag from /home/airflow/.local/lib/python3.12/site-packages/airflow/example_dags/example_inlet_event_extra.py
[2024-11-11T19:17:31.054+0000] {processor.py:925} INFO - DAG(s) 'read_dataset_event', 'read_dataset_event_from_classic' retrieved from /home/airflow/.local/lib/python3.12/site-packages/airflow/example_dags/example_inlet_event_extra.py
[2024-11-11T19:17:31.106+0000] {logging_mixin.py:190} INFO - [2024-11-11T19:17:31.106+0000] {dag.py:3239} INFO - Sync 2 DAGs
[2024-11-11T19:17:31.135+0000] {logging_mixin.py:190} INFO - [2024-11-11T19:17:31.134+0000] {dag.py:4180} INFO - Setting next_dagrun for read_dataset_event to 2024-11-10 00:00:00+00:00, run_after=2024-11-11 00:00:00+00:00
[2024-11-11T19:17:31.139+0000] {logging_mixin.py:190} INFO - [2024-11-11T19:17:31.139+0000] {dag.py:4180} INFO - Setting next_dagrun for read_dataset_event_from_classic to 2024-11-10 00:00:00+00:00, run_after=2024-11-11 00:00:00+00:00
[2024-11-11T19:17:31.155+0000] {processor.py:208} INFO - Processing /home/airflow/.local/lib/python3.12/site-packages/airflow/example_dags/example_inlet_event_extra.py took 0.399 seconds
[2024-11-11T19:18:18.797+0000] {processor.py:186} INFO - Started process (PID=178) to work on /home/airflow/.local/lib/python3.12/site-packages/airflow/example_dags/example_inlet_event_extra.py
[2024-11-11T19:18:18.798+0000] {processor.py:914} INFO - Processing file /home/airflow/.local/lib/python3.12/site-packages/airflow/example_dags/example_inlet_event_extra.py for tasks to queue
[2024-11-11T19:18:18.800+0000] {logging_mixin.py:190} INFO - [2024-11-11T19:18:18.800+0000] {dagbag.py:588} INFO - Filling up the DagBag from /home/airflow/.local/lib/python3.12/site-packages/airflow/example_dags/example_inlet_event_extra.py
[2024-11-11T19:18:18.919+0000] {processor.py:925} INFO - DAG(s) 'read_dataset_event', 'read_dataset_event_from_classic' retrieved from /home/airflow/.local/lib/python3.12/site-packages/airflow/example_dags/example_inlet_event_extra.py
[2024-11-11T19:18:18.940+0000] {logging_mixin.py:190} INFO - [2024-11-11T19:18:18.940+0000] {dag.py:3239} INFO - Sync 2 DAGs
[2024-11-11T19:18:18.966+0000] {logging_mixin.py:190} INFO - [2024-11-11T19:18:18.966+0000] {dag.py:4180} INFO - Setting next_dagrun for read_dataset_event to 2024-11-10 00:00:00+00:00, run_after=2024-11-11 00:00:00+00:00
[2024-11-11T19:18:18.971+0000] {logging_mixin.py:190} INFO - [2024-11-11T19:18:18.971+0000] {dag.py:4180} INFO - Setting next_dagrun for read_dataset_event_from_classic to 2024-11-10 00:00:00+00:00, run_after=2024-11-11 00:00:00+00:00
[2024-11-11T19:18:18.990+0000] {processor.py:208} INFO - Processing /home/airflow/.local/lib/python3.12/site-packages/airflow/example_dags/example_inlet_event_extra.py took 0.198 seconds
[2024-11-11T19:18:50.878+0000] {processor.py:186} INFO - Started process (PID=244) to work on /home/airflow/.local/lib/python3.12/site-packages/airflow/example_dags/example_inlet_event_extra.py
[2024-11-11T19:18:50.879+0000] {processor.py:914} INFO - Processing file /home/airflow/.local/lib/python3.12/site-packages/airflow/example_dags/example_inlet_event_extra.py for tasks to queue
[2024-11-11T19:18:50.881+0000] {logging_mixin.py:190} INFO - [2024-11-11T19:18:50.881+0000] {dagbag.py:588} INFO - Filling up the DagBag from /home/airflow/.local/lib/python3.12/site-packages/airflow/example_dags/example_inlet_event_extra.py
[2024-11-11T19:18:50.999+0000] {processor.py:925} INFO - DAG(s) 'read_dataset_event', 'read_dataset_event_from_classic' retrieved from /home/airflow/.local/lib/python3.12/site-packages/airflow/example_dags/example_inlet_event_extra.py
[2024-11-11T19:18:51.014+0000] {logging_mixin.py:190} INFO - [2024-11-11T19:18:51.014+0000] {dag.py:3239} INFO - Sync 2 DAGs
[2024-11-11T19:18:51.034+0000] {logging_mixin.py:190} INFO - [2024-11-11T19:18:51.034+0000] {dag.py:4180} INFO - Setting next_dagrun for read_dataset_event to 2024-11-10 00:00:00+00:00, run_after=2024-11-11 00:00:00+00:00
[2024-11-11T19:18:51.038+0000] {logging_mixin.py:190} INFO - [2024-11-11T19:18:51.037+0000] {dag.py:4180} INFO - Setting next_dagrun for read_dataset_event_from_classic to 2024-11-10 00:00:00+00:00, run_after=2024-11-11 00:00:00+00:00
[2024-11-11T19:18:51.052+0000] {processor.py:208} INFO - Processing /home/airflow/.local/lib/python3.12/site-packages/airflow/example_dags/example_inlet_event_extra.py took 0.179 seconds
[2024-11-11T19:19:22.338+0000] {processor.py:186} INFO - Started process (PID=309) to work on /home/airflow/.local/lib/python3.12/site-packages/airflow/example_dags/example_inlet_event_extra.py
[2024-11-11T19:19:22.339+0000] {processor.py:914} INFO - Processing file /home/airflow/.local/lib/python3.12/site-packages/airflow/example_dags/example_inlet_event_extra.py for tasks to queue
[2024-11-11T19:19:22.342+0000] {logging_mixin.py:190} INFO - [2024-11-11T19:19:22.342+0000] {dagbag.py:588} INFO - Filling up the DagBag from /home/airflow/.local/lib/python3.12/site-packages/airflow/example_dags/example_inlet_event_extra.py
[2024-11-11T19:19:22.899+0000] {processor.py:925} INFO - DAG(s) 'read_dataset_event_from_classic', 'read_dataset_event' retrieved from /home/airflow/.local/lib/python3.12/site-packages/airflow/example_dags/example_inlet_event_extra.py
[2024-11-11T19:19:23.084+0000] {logging_mixin.py:190} INFO - [2024-11-11T19:19:23.084+0000] {dag.py:3239} INFO - Sync 2 DAGs
[2024-11-11T19:19:23.451+0000] {logging_mixin.py:190} INFO - [2024-11-11T19:19:23.446+0000] {dag.py:4180} INFO - Setting next_dagrun for read_dataset_event to 2024-11-10 00:00:00+00:00, run_after=2024-11-11 00:00:00+00:00
[2024-11-11T19:19:23.527+0000] {logging_mixin.py:190} INFO - [2024-11-11T19:19:23.504+0000] {dag.py:4180} INFO - Setting next_dagrun for read_dataset_event_from_classic to 2024-11-10 00:00:00+00:00, run_after=2024-11-11 00:00:00+00:00
[2024-11-11T19:19:23.807+0000] {processor.py:208} INFO - Processing /home/airflow/.local/lib/python3.12/site-packages/airflow/example_dags/example_inlet_event_extra.py took 1.479 seconds
[2024-11-11T19:28:35.118+0000] {processor.py:186} INFO - Started process (PID=99) to work on /home/airflow/.local/lib/python3.12/site-packages/airflow/example_dags/example_inlet_event_extra.py
[2024-11-11T19:28:35.119+0000] {processor.py:914} INFO - Processing file /home/airflow/.local/lib/python3.12/site-packages/airflow/example_dags/example_inlet_event_extra.py for tasks to queue
[2024-11-11T19:28:35.122+0000] {logging_mixin.py:190} INFO - [2024-11-11T19:28:35.121+0000] {dagbag.py:588} INFO - Filling up the DagBag from /home/airflow/.local/lib/python3.12/site-packages/airflow/example_dags/example_inlet_event_extra.py
[2024-11-11T19:28:35.281+0000] {processor.py:925} INFO - DAG(s) 'read_dataset_event', 'read_dataset_event_from_classic' retrieved from /home/airflow/.local/lib/python3.12/site-packages/airflow/example_dags/example_inlet_event_extra.py
[2024-11-11T19:28:35.302+0000] {logging_mixin.py:190} INFO - [2024-11-11T19:28:35.302+0000] {dag.py:3239} INFO - Sync 2 DAGs
[2024-11-11T19:28:35.329+0000] {logging_mixin.py:190} INFO - [2024-11-11T19:28:35.329+0000] {dag.py:4180} INFO - Setting next_dagrun for read_dataset_event to 2024-11-10 00:00:00+00:00, run_after=2024-11-11 00:00:00+00:00
[2024-11-11T19:28:35.334+0000] {logging_mixin.py:190} INFO - [2024-11-11T19:28:35.333+0000] {dag.py:4180} INFO - Setting next_dagrun for read_dataset_event_from_classic to 2024-11-10 00:00:00+00:00, run_after=2024-11-11 00:00:00+00:00
[2024-11-11T19:28:35.351+0000] {processor.py:208} INFO - Processing /home/airflow/.local/lib/python3.12/site-packages/airflow/example_dags/example_inlet_event_extra.py took 0.237 seconds
[2024-11-11T19:29:06.237+0000] {processor.py:186} INFO - Started process (PID=164) to work on /home/airflow/.local/lib/python3.12/site-packages/airflow/example_dags/example_inlet_event_extra.py
[2024-11-11T19:29:06.238+0000] {processor.py:914} INFO - Processing file /home/airflow/.local/lib/python3.12/site-packages/airflow/example_dags/example_inlet_event_extra.py for tasks to queue
[2024-11-11T19:29:06.240+0000] {logging_mixin.py:190} INFO - [2024-11-11T19:29:06.239+0000] {dagbag.py:588} INFO - Filling up the DagBag from /home/airflow/.local/lib/python3.12/site-packages/airflow/example_dags/example_inlet_event_extra.py
[2024-11-11T19:29:06.348+0000] {processor.py:925} INFO - DAG(s) 'read_dataset_event', 'read_dataset_event_from_classic' retrieved from /home/airflow/.local/lib/python3.12/site-packages/airflow/example_dags/example_inlet_event_extra.py
[2024-11-11T19:29:06.363+0000] {logging_mixin.py:190} INFO - [2024-11-11T19:29:06.363+0000] {dag.py:3239} INFO - Sync 2 DAGs
[2024-11-11T19:29:06.382+0000] {logging_mixin.py:190} INFO - [2024-11-11T19:29:06.382+0000] {dag.py:4180} INFO - Setting next_dagrun for read_dataset_event to 2024-11-10 00:00:00+00:00, run_after=2024-11-11 00:00:00+00:00
[2024-11-11T19:29:06.386+0000] {logging_mixin.py:190} INFO - [2024-11-11T19:29:06.386+0000] {dag.py:4180} INFO - Setting next_dagrun for read_dataset_event_from_classic to 2024-11-10 00:00:00+00:00, run_after=2024-11-11 00:00:00+00:00
[2024-11-11T19:29:06.398+0000] {processor.py:208} INFO - Processing /home/airflow/.local/lib/python3.12/site-packages/airflow/example_dags/example_inlet_event_extra.py took 0.166 seconds
[2024-11-11T19:29:37.145+0000] {processor.py:186} INFO - Started process (PID=230) to work on /home/airflow/.local/lib/python3.12/site-packages/airflow/example_dags/example_inlet_event_extra.py
[2024-11-11T19:29:37.146+0000] {processor.py:914} INFO - Processing file /home/airflow/.local/lib/python3.12/site-packages/airflow/example_dags/example_inlet_event_extra.py for tasks to queue
[2024-11-11T19:29:37.148+0000] {logging_mixin.py:190} INFO - [2024-11-11T19:29:37.147+0000] {dagbag.py:588} INFO - Filling up the DagBag from /home/airflow/.local/lib/python3.12/site-packages/airflow/example_dags/example_inlet_event_extra.py
[2024-11-11T19:29:37.266+0000] {processor.py:925} INFO - DAG(s) 'read_dataset_event_from_classic', 'read_dataset_event' retrieved from /home/airflow/.local/lib/python3.12/site-packages/airflow/example_dags/example_inlet_event_extra.py
[2024-11-11T19:29:37.284+0000] {logging_mixin.py:190} INFO - [2024-11-11T19:29:37.284+0000] {dag.py:3239} INFO - Sync 2 DAGs
[2024-11-11T19:29:37.306+0000] {logging_mixin.py:190} INFO - [2024-11-11T19:29:37.305+0000] {dag.py:4180} INFO - Setting next_dagrun for read_dataset_event to 2024-11-10 00:00:00+00:00, run_after=2024-11-11 00:00:00+00:00
[2024-11-11T19:29:37.310+0000] {logging_mixin.py:190} INFO - [2024-11-11T19:29:37.310+0000] {dag.py:4180} INFO - Setting next_dagrun for read_dataset_event_from_classic to 2024-11-10 00:00:00+00:00, run_after=2024-11-11 00:00:00+00:00
[2024-11-11T19:29:37.323+0000] {processor.py:208} INFO - Processing /home/airflow/.local/lib/python3.12/site-packages/airflow/example_dags/example_inlet_event_extra.py took 0.182 seconds
[2024-11-11T19:30:07.840+0000] {processor.py:186} INFO - Started process (PID=296) to work on /home/airflow/.local/lib/python3.12/site-packages/airflow/example_dags/example_inlet_event_extra.py
[2024-11-11T19:30:07.840+0000] {processor.py:914} INFO - Processing file /home/airflow/.local/lib/python3.12/site-packages/airflow/example_dags/example_inlet_event_extra.py for tasks to queue
[2024-11-11T19:30:07.842+0000] {logging_mixin.py:190} INFO - [2024-11-11T19:30:07.842+0000] {dagbag.py:588} INFO - Filling up the DagBag from /home/airflow/.local/lib/python3.12/site-packages/airflow/example_dags/example_inlet_event_extra.py
[2024-11-11T19:30:07.954+0000] {processor.py:925} INFO - DAG(s) 'read_dataset_event', 'read_dataset_event_from_classic' retrieved from /home/airflow/.local/lib/python3.12/site-packages/airflow/example_dags/example_inlet_event_extra.py
[2024-11-11T19:30:07.970+0000] {logging_mixin.py:190} INFO - [2024-11-11T19:30:07.970+0000] {dag.py:3239} INFO - Sync 2 DAGs
[2024-11-11T19:30:07.990+0000] {logging_mixin.py:190} INFO - [2024-11-11T19:30:07.990+0000] {dag.py:4180} INFO - Setting next_dagrun for read_dataset_event to 2024-11-10 00:00:00+00:00, run_after=2024-11-11 00:00:00+00:00
[2024-11-11T19:30:07.994+0000] {logging_mixin.py:190} INFO - [2024-11-11T19:30:07.994+0000] {dag.py:4180} INFO - Setting next_dagrun for read_dataset_event_from_classic to 2024-11-10 00:00:00+00:00, run_after=2024-11-11 00:00:00+00:00
[2024-11-11T19:30:08.009+0000] {processor.py:208} INFO - Processing /home/airflow/.local/lib/python3.12/site-packages/airflow/example_dags/example_inlet_event_extra.py took 0.174 seconds
[2024-11-11T19:30:38.598+0000] {processor.py:186} INFO - Started process (PID=362) to work on /home/airflow/.local/lib/python3.12/site-packages/airflow/example_dags/example_inlet_event_extra.py
[2024-11-11T19:30:38.599+0000] {processor.py:914} INFO - Processing file /home/airflow/.local/lib/python3.12/site-packages/airflow/example_dags/example_inlet_event_extra.py for tasks to queue
[2024-11-11T19:30:38.601+0000] {logging_mixin.py:190} INFO - [2024-11-11T19:30:38.601+0000] {dagbag.py:588} INFO - Filling up the DagBag from /home/airflow/.local/lib/python3.12/site-packages/airflow/example_dags/example_inlet_event_extra.py
[2024-11-11T19:30:38.721+0000] {processor.py:925} INFO - DAG(s) 'read_dataset_event_from_classic', 'read_dataset_event' retrieved from /home/airflow/.local/lib/python3.12/site-packages/airflow/example_dags/example_inlet_event_extra.py
[2024-11-11T19:30:38.738+0000] {logging_mixin.py:190} INFO - [2024-11-11T19:30:38.738+0000] {dag.py:3239} INFO - Sync 2 DAGs
[2024-11-11T19:30:38.758+0000] {logging_mixin.py:190} INFO - [2024-11-11T19:30:38.758+0000] {dag.py:4180} INFO - Setting next_dagrun for read_dataset_event to 2024-11-10 00:00:00+00:00, run_after=2024-11-11 00:00:00+00:00
[2024-11-11T19:30:38.762+0000] {logging_mixin.py:190} INFO - [2024-11-11T19:30:38.762+0000] {dag.py:4180} INFO - Setting next_dagrun for read_dataset_event_from_classic to 2024-11-10 00:00:00+00:00, run_after=2024-11-11 00:00:00+00:00
[2024-11-11T19:30:38.776+0000] {processor.py:208} INFO - Processing /home/airflow/.local/lib/python3.12/site-packages/airflow/example_dags/example_inlet_event_extra.py took 0.182 seconds
[2024-11-11T19:31:09.001+0000] {processor.py:186} INFO - Started process (PID=429) to work on /home/airflow/.local/lib/python3.12/site-packages/airflow/example_dags/example_inlet_event_extra.py
[2024-11-11T19:31:09.002+0000] {processor.py:914} INFO - Processing file /home/airflow/.local/lib/python3.12/site-packages/airflow/example_dags/example_inlet_event_extra.py for tasks to queue
[2024-11-11T19:31:09.004+0000] {logging_mixin.py:190} INFO - [2024-11-11T19:31:09.004+0000] {dagbag.py:588} INFO - Filling up the DagBag from /home/airflow/.local/lib/python3.12/site-packages/airflow/example_dags/example_inlet_event_extra.py
[2024-11-11T19:31:09.130+0000] {processor.py:925} INFO - DAG(s) 'read_dataset_event_from_classic', 'read_dataset_event' retrieved from /home/airflow/.local/lib/python3.12/site-packages/airflow/example_dags/example_inlet_event_extra.py
[2024-11-11T19:31:09.148+0000] {logging_mixin.py:190} INFO - [2024-11-11T19:31:09.147+0000] {dag.py:3239} INFO - Sync 2 DAGs
[2024-11-11T19:31:09.169+0000] {logging_mixin.py:190} INFO - [2024-11-11T19:31:09.168+0000] {dag.py:4180} INFO - Setting next_dagrun for read_dataset_event to 2024-11-10 00:00:00+00:00, run_after=2024-11-11 00:00:00+00:00
[2024-11-11T19:31:09.173+0000] {logging_mixin.py:190} INFO - [2024-11-11T19:31:09.173+0000] {dag.py:4180} INFO - Setting next_dagrun for read_dataset_event_from_classic to 2024-11-10 00:00:00+00:00, run_after=2024-11-11 00:00:00+00:00
[2024-11-11T19:31:09.188+0000] {processor.py:208} INFO - Processing /home/airflow/.local/lib/python3.12/site-packages/airflow/example_dags/example_inlet_event_extra.py took 0.192 seconds
[2024-11-11T19:31:39.608+0000] {processor.py:186} INFO - Started process (PID=495) to work on /home/airflow/.local/lib/python3.12/site-packages/airflow/example_dags/example_inlet_event_extra.py
[2024-11-11T19:31:39.608+0000] {processor.py:914} INFO - Processing file /home/airflow/.local/lib/python3.12/site-packages/airflow/example_dags/example_inlet_event_extra.py for tasks to queue
[2024-11-11T19:31:39.610+0000] {logging_mixin.py:190} INFO - [2024-11-11T19:31:39.610+0000] {dagbag.py:588} INFO - Filling up the DagBag from /home/airflow/.local/lib/python3.12/site-packages/airflow/example_dags/example_inlet_event_extra.py
[2024-11-11T19:31:39.736+0000] {processor.py:925} INFO - DAG(s) 'read_dataset_event', 'read_dataset_event_from_classic' retrieved from /home/airflow/.local/lib/python3.12/site-packages/airflow/example_dags/example_inlet_event_extra.py
[2024-11-11T19:31:39.754+0000] {logging_mixin.py:190} INFO - [2024-11-11T19:31:39.754+0000] {dag.py:3239} INFO - Sync 2 DAGs
[2024-11-11T19:31:39.773+0000] {logging_mixin.py:190} INFO - [2024-11-11T19:31:39.772+0000] {dag.py:4180} INFO - Setting next_dagrun for read_dataset_event to 2024-11-10 00:00:00+00:00, run_after=2024-11-11 00:00:00+00:00
[2024-11-11T19:31:39.777+0000] {logging_mixin.py:190} INFO - [2024-11-11T19:31:39.776+0000] {dag.py:4180} INFO - Setting next_dagrun for read_dataset_event_from_classic to 2024-11-10 00:00:00+00:00, run_after=2024-11-11 00:00:00+00:00
[2024-11-11T19:31:39.789+0000] {processor.py:208} INFO - Processing /home/airflow/.local/lib/python3.12/site-packages/airflow/example_dags/example_inlet_event_extra.py took 0.186 seconds
[2024-11-11T19:33:17.785+0000] {processor.py:186} INFO - Started process (PID=96) to work on /home/airflow/.local/lib/python3.12/site-packages/airflow/example_dags/example_inlet_event_extra.py
[2024-11-11T19:33:17.795+0000] {processor.py:914} INFO - Processing file /home/airflow/.local/lib/python3.12/site-packages/airflow/example_dags/example_inlet_event_extra.py for tasks to queue
[2024-11-11T19:33:17.804+0000] {logging_mixin.py:190} INFO - [2024-11-11T19:33:17.804+0000] {dagbag.py:588} INFO - Filling up the DagBag from /home/airflow/.local/lib/python3.12/site-packages/airflow/example_dags/example_inlet_event_extra.py
[2024-11-11T19:33:18.080+0000] {processor.py:925} INFO - DAG(s) 'read_dataset_event_from_classic', 'read_dataset_event' retrieved from /home/airflow/.local/lib/python3.12/site-packages/airflow/example_dags/example_inlet_event_extra.py
[2024-11-11T19:33:18.108+0000] {logging_mixin.py:190} INFO - [2024-11-11T19:33:18.108+0000] {dag.py:3239} INFO - Sync 2 DAGs
[2024-11-11T19:33:18.135+0000] {logging_mixin.py:190} INFO - [2024-11-11T19:33:18.135+0000] {dag.py:4180} INFO - Setting next_dagrun for read_dataset_event to 2024-11-10 00:00:00+00:00, run_after=2024-11-11 00:00:00+00:00
[2024-11-11T19:33:18.140+0000] {logging_mixin.py:190} INFO - [2024-11-11T19:33:18.140+0000] {dag.py:4180} INFO - Setting next_dagrun for read_dataset_event_from_classic to 2024-11-10 00:00:00+00:00, run_after=2024-11-11 00:00:00+00:00
[2024-11-11T19:33:18.165+0000] {processor.py:208} INFO - Processing /home/airflow/.local/lib/python3.12/site-packages/airflow/example_dags/example_inlet_event_extra.py took 0.440 seconds
[2024-11-11T19:34:21.242+0000] {processor.py:186} INFO - Started process (PID=102) to work on /home/airflow/.local/lib/python3.12/site-packages/airflow/example_dags/example_inlet_event_extra.py
[2024-11-11T19:34:21.243+0000] {processor.py:914} INFO - Processing file /home/airflow/.local/lib/python3.12/site-packages/airflow/example_dags/example_inlet_event_extra.py for tasks to queue
[2024-11-11T19:34:21.245+0000] {logging_mixin.py:190} INFO - [2024-11-11T19:34:21.244+0000] {dagbag.py:588} INFO - Filling up the DagBag from /home/airflow/.local/lib/python3.12/site-packages/airflow/example_dags/example_inlet_event_extra.py
[2024-11-11T19:34:21.391+0000] {processor.py:925} INFO - DAG(s) 'read_dataset_event', 'read_dataset_event_from_classic' retrieved from /home/airflow/.local/lib/python3.12/site-packages/airflow/example_dags/example_inlet_event_extra.py
[2024-11-11T19:34:21.415+0000] {logging_mixin.py:190} INFO - [2024-11-11T19:34:21.414+0000] {dag.py:3239} INFO - Sync 2 DAGs
[2024-11-11T19:34:21.435+0000] {logging_mixin.py:190} INFO - [2024-11-11T19:34:21.435+0000] {dag.py:4180} INFO - Setting next_dagrun for read_dataset_event to 2024-11-10 00:00:00+00:00, run_after=2024-11-11 00:00:00+00:00
[2024-11-11T19:34:21.440+0000] {logging_mixin.py:190} INFO - [2024-11-11T19:34:21.440+0000] {dag.py:4180} INFO - Setting next_dagrun for read_dataset_event_from_classic to 2024-11-10 00:00:00+00:00, run_after=2024-11-11 00:00:00+00:00
[2024-11-11T19:34:21.453+0000] {processor.py:208} INFO - Processing /home/airflow/.local/lib/python3.12/site-packages/airflow/example_dags/example_inlet_event_extra.py took 0.216 seconds
[2024-11-11T19:34:52.224+0000] {processor.py:186} INFO - Started process (PID=168) to work on /home/airflow/.local/lib/python3.12/site-packages/airflow/example_dags/example_inlet_event_extra.py
[2024-11-11T19:34:52.225+0000] {processor.py:914} INFO - Processing file /home/airflow/.local/lib/python3.12/site-packages/airflow/example_dags/example_inlet_event_extra.py for tasks to queue
[2024-11-11T19:34:52.227+0000] {logging_mixin.py:190} INFO - [2024-11-11T19:34:52.227+0000] {dagbag.py:588} INFO - Filling up the DagBag from /home/airflow/.local/lib/python3.12/site-packages/airflow/example_dags/example_inlet_event_extra.py
[2024-11-11T19:34:52.341+0000] {processor.py:925} INFO - DAG(s) 'read_dataset_event_from_classic', 'read_dataset_event' retrieved from /home/airflow/.local/lib/python3.12/site-packages/airflow/example_dags/example_inlet_event_extra.py
[2024-11-11T19:34:52.358+0000] {logging_mixin.py:190} INFO - [2024-11-11T19:34:52.358+0000] {dag.py:3239} INFO - Sync 2 DAGs
[2024-11-11T19:34:52.379+0000] {logging_mixin.py:190} INFO - [2024-11-11T19:34:52.379+0000] {dag.py:4180} INFO - Setting next_dagrun for read_dataset_event to 2024-11-10 00:00:00+00:00, run_after=2024-11-11 00:00:00+00:00
[2024-11-11T19:34:52.384+0000] {logging_mixin.py:190} INFO - [2024-11-11T19:34:52.384+0000] {dag.py:4180} INFO - Setting next_dagrun for read_dataset_event_from_classic to 2024-11-10 00:00:00+00:00, run_after=2024-11-11 00:00:00+00:00
[2024-11-11T19:34:52.400+0000] {processor.py:208} INFO - Processing /home/airflow/.local/lib/python3.12/site-packages/airflow/example_dags/example_inlet_event_extra.py took 0.182 seconds
[2024-11-11T19:35:22.739+0000] {processor.py:186} INFO - Started process (PID=234) to work on /home/airflow/.local/lib/python3.12/site-packages/airflow/example_dags/example_inlet_event_extra.py
[2024-11-11T19:35:22.740+0000] {processor.py:914} INFO - Processing file /home/airflow/.local/lib/python3.12/site-packages/airflow/example_dags/example_inlet_event_extra.py for tasks to queue
[2024-11-11T19:35:22.742+0000] {logging_mixin.py:190} INFO - [2024-11-11T19:35:22.742+0000] {dagbag.py:588} INFO - Filling up the DagBag from /home/airflow/.local/lib/python3.12/site-packages/airflow/example_dags/example_inlet_event_extra.py
[2024-11-11T19:35:22.851+0000] {processor.py:925} INFO - DAG(s) 'read_dataset_event_from_classic', 'read_dataset_event' retrieved from /home/airflow/.local/lib/python3.12/site-packages/airflow/example_dags/example_inlet_event_extra.py
[2024-11-11T19:35:22.870+0000] {logging_mixin.py:190} INFO - [2024-11-11T19:35:22.870+0000] {dag.py:3239} INFO - Sync 2 DAGs
[2024-11-11T19:35:22.890+0000] {logging_mixin.py:190} INFO - [2024-11-11T19:35:22.889+0000] {dag.py:4180} INFO - Setting next_dagrun for read_dataset_event to 2024-11-10 00:00:00+00:00, run_after=2024-11-11 00:00:00+00:00
[2024-11-11T19:35:22.893+0000] {logging_mixin.py:190} INFO - [2024-11-11T19:35:22.893+0000] {dag.py:4180} INFO - Setting next_dagrun for read_dataset_event_from_classic to 2024-11-10 00:00:00+00:00, run_after=2024-11-11 00:00:00+00:00
[2024-11-11T19:35:22.905+0000] {processor.py:208} INFO - Processing /home/airflow/.local/lib/python3.12/site-packages/airflow/example_dags/example_inlet_event_extra.py took 0.170 seconds
[2024-11-11T19:35:53.233+0000] {processor.py:186} INFO - Started process (PID=299) to work on /home/airflow/.local/lib/python3.12/site-packages/airflow/example_dags/example_inlet_event_extra.py
[2024-11-11T19:35:53.234+0000] {processor.py:914} INFO - Processing file /home/airflow/.local/lib/python3.12/site-packages/airflow/example_dags/example_inlet_event_extra.py for tasks to queue
[2024-11-11T19:35:53.236+0000] {logging_mixin.py:190} INFO - [2024-11-11T19:35:53.235+0000] {dagbag.py:588} INFO - Filling up the DagBag from /home/airflow/.local/lib/python3.12/site-packages/airflow/example_dags/example_inlet_event_extra.py
[2024-11-11T19:35:53.344+0000] {processor.py:925} INFO - DAG(s) 'read_dataset_event', 'read_dataset_event_from_classic' retrieved from /home/airflow/.local/lib/python3.12/site-packages/airflow/example_dags/example_inlet_event_extra.py
[2024-11-11T19:35:53.361+0000] {logging_mixin.py:190} INFO - [2024-11-11T19:35:53.361+0000] {dag.py:3239} INFO - Sync 2 DAGs
[2024-11-11T19:35:53.379+0000] {logging_mixin.py:190} INFO - [2024-11-11T19:35:53.379+0000] {dag.py:4180} INFO - Setting next_dagrun for read_dataset_event to 2024-11-10 00:00:00+00:00, run_after=2024-11-11 00:00:00+00:00
[2024-11-11T19:35:53.383+0000] {logging_mixin.py:190} INFO - [2024-11-11T19:35:53.383+0000] {dag.py:4180} INFO - Setting next_dagrun for read_dataset_event_from_classic to 2024-11-10 00:00:00+00:00, run_after=2024-11-11 00:00:00+00:00
[2024-11-11T19:35:53.396+0000] {processor.py:208} INFO - Processing /home/airflow/.local/lib/python3.12/site-packages/airflow/example_dags/example_inlet_event_extra.py took 0.167 seconds
