[2024-11-11T18:58:18.982+0000] {processor.py:186} INFO - Started process (PID=103) to work on /home/airflow/.local/lib/python3.12/site-packages/airflow/example_dags/example_latest_only_with_trigger.py
[2024-11-11T18:58:18.989+0000] {processor.py:914} INFO - Processing file /home/airflow/.local/lib/python3.12/site-packages/airflow/example_dags/example_latest_only_with_trigger.py for tasks to queue
[2024-11-11T18:58:18.991+0000] {logging_mixin.py:190} INFO - [2024-11-11T18:58:18.991+0000] {dagbag.py:588} INFO - Filling up the DagBag from /home/airflow/.local/lib/python3.12/site-packages/airflow/example_dags/example_latest_only_with_trigger.py
[2024-11-11T18:58:19.012+0000] {processor.py:925} INFO - DAG(s) 'latest_only_with_trigger' retrieved from /home/airflow/.local/lib/python3.12/site-packages/airflow/example_dags/example_latest_only_with_trigger.py
[2024-11-11T18:58:19.061+0000] {logging_mixin.py:190} INFO - [2024-11-11T18:58:19.061+0000] {dag.py:3239} INFO - Sync 1 DAGs
[2024-11-11T18:58:19.123+0000] {logging_mixin.py:190} INFO - [2024-11-11T18:58:19.123+0000] {dag.py:4180} INFO - Setting next_dagrun for latest_only_with_trigger to 2024-11-11 12:00:00+00:00, run_after=2024-11-11 16:00:00+00:00
[2024-11-11T18:58:19.184+0000] {processor.py:208} INFO - Processing /home/airflow/.local/lib/python3.12/site-packages/airflow/example_dags/example_latest_only_with_trigger.py took 0.213 seconds
[2024-11-11T18:58:50.185+0000] {processor.py:186} INFO - Started process (PID=168) to work on /home/airflow/.local/lib/python3.12/site-packages/airflow/example_dags/example_latest_only_with_trigger.py
[2024-11-11T18:58:50.186+0000] {processor.py:914} INFO - Processing file /home/airflow/.local/lib/python3.12/site-packages/airflow/example_dags/example_latest_only_with_trigger.py for tasks to queue
[2024-11-11T18:58:50.188+0000] {logging_mixin.py:190} INFO - [2024-11-11T18:58:50.187+0000] {dagbag.py:588} INFO - Filling up the DagBag from /home/airflow/.local/lib/python3.12/site-packages/airflow/example_dags/example_latest_only_with_trigger.py
[2024-11-11T18:58:50.193+0000] {processor.py:925} INFO - DAG(s) 'latest_only_with_trigger' retrieved from /home/airflow/.local/lib/python3.12/site-packages/airflow/example_dags/example_latest_only_with_trigger.py
[2024-11-11T18:58:50.210+0000] {logging_mixin.py:190} INFO - [2024-11-11T18:58:50.209+0000] {dag.py:3239} INFO - Sync 1 DAGs
[2024-11-11T18:58:50.230+0000] {logging_mixin.py:190} INFO - [2024-11-11T18:58:50.229+0000] {dag.py:4180} INFO - Setting next_dagrun for latest_only_with_trigger to 2024-11-11 12:00:00+00:00, run_after=2024-11-11 16:00:00+00:00
[2024-11-11T18:58:50.246+0000] {processor.py:208} INFO - Processing /home/airflow/.local/lib/python3.12/site-packages/airflow/example_dags/example_latest_only_with_trigger.py took 0.064 seconds
[2024-11-11T18:59:20.870+0000] {processor.py:186} INFO - Started process (PID=233) to work on /home/airflow/.local/lib/python3.12/site-packages/airflow/example_dags/example_latest_only_with_trigger.py
[2024-11-11T18:59:20.872+0000] {processor.py:914} INFO - Processing file /home/airflow/.local/lib/python3.12/site-packages/airflow/example_dags/example_latest_only_with_trigger.py for tasks to queue
[2024-11-11T18:59:20.875+0000] {logging_mixin.py:190} INFO - [2024-11-11T18:59:20.874+0000] {dagbag.py:588} INFO - Filling up the DagBag from /home/airflow/.local/lib/python3.12/site-packages/airflow/example_dags/example_latest_only_with_trigger.py
[2024-11-11T18:59:20.883+0000] {processor.py:925} INFO - DAG(s) 'latest_only_with_trigger' retrieved from /home/airflow/.local/lib/python3.12/site-packages/airflow/example_dags/example_latest_only_with_trigger.py
[2024-11-11T18:59:20.920+0000] {logging_mixin.py:190} INFO - [2024-11-11T18:59:20.920+0000] {dag.py:3239} INFO - Sync 1 DAGs
[2024-11-11T18:59:20.951+0000] {logging_mixin.py:190} INFO - [2024-11-11T18:59:20.951+0000] {dag.py:4180} INFO - Setting next_dagrun for latest_only_with_trigger to 2024-11-11 12:00:00+00:00, run_after=2024-11-11 16:00:00+00:00
[2024-11-11T18:59:20.987+0000] {processor.py:208} INFO - Processing /home/airflow/.local/lib/python3.12/site-packages/airflow/example_dags/example_latest_only_with_trigger.py took 0.121 seconds
[2024-11-11T18:59:51.134+0000] {processor.py:186} INFO - Started process (PID=298) to work on /home/airflow/.local/lib/python3.12/site-packages/airflow/example_dags/example_latest_only_with_trigger.py
[2024-11-11T18:59:51.139+0000] {processor.py:914} INFO - Processing file /home/airflow/.local/lib/python3.12/site-packages/airflow/example_dags/example_latest_only_with_trigger.py for tasks to queue
[2024-11-11T18:59:51.142+0000] {logging_mixin.py:190} INFO - [2024-11-11T18:59:51.142+0000] {dagbag.py:588} INFO - Filling up the DagBag from /home/airflow/.local/lib/python3.12/site-packages/airflow/example_dags/example_latest_only_with_trigger.py
[2024-11-11T18:59:51.158+0000] {processor.py:925} INFO - DAG(s) 'latest_only_with_trigger' retrieved from /home/airflow/.local/lib/python3.12/site-packages/airflow/example_dags/example_latest_only_with_trigger.py
[2024-11-11T18:59:51.203+0000] {logging_mixin.py:190} INFO - [2024-11-11T18:59:51.202+0000] {dag.py:3239} INFO - Sync 1 DAGs
[2024-11-11T18:59:51.238+0000] {logging_mixin.py:190} INFO - [2024-11-11T18:59:51.237+0000] {dag.py:4180} INFO - Setting next_dagrun for latest_only_with_trigger to 2024-11-11 12:00:00+00:00, run_after=2024-11-11 16:00:00+00:00
[2024-11-11T18:59:51.270+0000] {processor.py:208} INFO - Processing /home/airflow/.local/lib/python3.12/site-packages/airflow/example_dags/example_latest_only_with_trigger.py took 0.143 seconds
[2024-11-11T19:00:21.348+0000] {processor.py:186} INFO - Started process (PID=363) to work on /home/airflow/.local/lib/python3.12/site-packages/airflow/example_dags/example_latest_only_with_trigger.py
[2024-11-11T19:00:21.348+0000] {processor.py:914} INFO - Processing file /home/airflow/.local/lib/python3.12/site-packages/airflow/example_dags/example_latest_only_with_trigger.py for tasks to queue
[2024-11-11T19:00:21.350+0000] {logging_mixin.py:190} INFO - [2024-11-11T19:00:21.350+0000] {dagbag.py:588} INFO - Filling up the DagBag from /home/airflow/.local/lib/python3.12/site-packages/airflow/example_dags/example_latest_only_with_trigger.py
[2024-11-11T19:00:21.356+0000] {processor.py:925} INFO - DAG(s) 'latest_only_with_trigger' retrieved from /home/airflow/.local/lib/python3.12/site-packages/airflow/example_dags/example_latest_only_with_trigger.py
[2024-11-11T19:00:21.376+0000] {logging_mixin.py:190} INFO - [2024-11-11T19:00:21.375+0000] {dag.py:3239} INFO - Sync 1 DAGs
[2024-11-11T19:00:21.396+0000] {logging_mixin.py:190} INFO - [2024-11-11T19:00:21.396+0000] {dag.py:4180} INFO - Setting next_dagrun for latest_only_with_trigger to 2024-11-11 12:00:00+00:00, run_after=2024-11-11 16:00:00+00:00
[2024-11-11T19:00:21.409+0000] {processor.py:208} INFO - Processing /home/airflow/.local/lib/python3.12/site-packages/airflow/example_dags/example_latest_only_with_trigger.py took 0.065 seconds
[2024-11-11T19:00:52.131+0000] {processor.py:186} INFO - Started process (PID=428) to work on /home/airflow/.local/lib/python3.12/site-packages/airflow/example_dags/example_latest_only_with_trigger.py
[2024-11-11T19:00:52.131+0000] {processor.py:914} INFO - Processing file /home/airflow/.local/lib/python3.12/site-packages/airflow/example_dags/example_latest_only_with_trigger.py for tasks to queue
[2024-11-11T19:00:52.134+0000] {logging_mixin.py:190} INFO - [2024-11-11T19:00:52.134+0000] {dagbag.py:588} INFO - Filling up the DagBag from /home/airflow/.local/lib/python3.12/site-packages/airflow/example_dags/example_latest_only_with_trigger.py
[2024-11-11T19:00:52.142+0000] {processor.py:925} INFO - DAG(s) 'latest_only_with_trigger' retrieved from /home/airflow/.local/lib/python3.12/site-packages/airflow/example_dags/example_latest_only_with_trigger.py
[2024-11-11T19:00:52.166+0000] {logging_mixin.py:190} INFO - [2024-11-11T19:00:52.166+0000] {dag.py:3239} INFO - Sync 1 DAGs
[2024-11-11T19:00:52.188+0000] {logging_mixin.py:190} INFO - [2024-11-11T19:00:52.188+0000] {dag.py:4180} INFO - Setting next_dagrun for latest_only_with_trigger to 2024-11-11 12:00:00+00:00, run_after=2024-11-11 16:00:00+00:00
[2024-11-11T19:00:52.204+0000] {processor.py:208} INFO - Processing /home/airflow/.local/lib/python3.12/site-packages/airflow/example_dags/example_latest_only_with_trigger.py took 0.078 seconds
[2024-11-11T19:01:22.550+0000] {processor.py:186} INFO - Started process (PID=493) to work on /home/airflow/.local/lib/python3.12/site-packages/airflow/example_dags/example_latest_only_with_trigger.py
[2024-11-11T19:01:22.550+0000] {processor.py:914} INFO - Processing file /home/airflow/.local/lib/python3.12/site-packages/airflow/example_dags/example_latest_only_with_trigger.py for tasks to queue
[2024-11-11T19:01:22.552+0000] {logging_mixin.py:190} INFO - [2024-11-11T19:01:22.552+0000] {dagbag.py:588} INFO - Filling up the DagBag from /home/airflow/.local/lib/python3.12/site-packages/airflow/example_dags/example_latest_only_with_trigger.py
[2024-11-11T19:01:22.558+0000] {processor.py:925} INFO - DAG(s) 'latest_only_with_trigger' retrieved from /home/airflow/.local/lib/python3.12/site-packages/airflow/example_dags/example_latest_only_with_trigger.py
[2024-11-11T19:01:22.574+0000] {logging_mixin.py:190} INFO - [2024-11-11T19:01:22.574+0000] {dag.py:3239} INFO - Sync 1 DAGs
[2024-11-11T19:01:22.594+0000] {logging_mixin.py:190} INFO - [2024-11-11T19:01:22.594+0000] {dag.py:4180} INFO - Setting next_dagrun for latest_only_with_trigger to 2024-11-11 12:00:00+00:00, run_after=2024-11-11 16:00:00+00:00
[2024-11-11T19:01:22.609+0000] {processor.py:208} INFO - Processing /home/airflow/.local/lib/python3.12/site-packages/airflow/example_dags/example_latest_only_with_trigger.py took 0.064 seconds
[2024-11-11T19:01:53.085+0000] {processor.py:186} INFO - Started process (PID=558) to work on /home/airflow/.local/lib/python3.12/site-packages/airflow/example_dags/example_latest_only_with_trigger.py
[2024-11-11T19:01:53.086+0000] {processor.py:914} INFO - Processing file /home/airflow/.local/lib/python3.12/site-packages/airflow/example_dags/example_latest_only_with_trigger.py for tasks to queue
[2024-11-11T19:01:53.088+0000] {logging_mixin.py:190} INFO - [2024-11-11T19:01:53.088+0000] {dagbag.py:588} INFO - Filling up the DagBag from /home/airflow/.local/lib/python3.12/site-packages/airflow/example_dags/example_latest_only_with_trigger.py
[2024-11-11T19:01:53.093+0000] {processor.py:925} INFO - DAG(s) 'latest_only_with_trigger' retrieved from /home/airflow/.local/lib/python3.12/site-packages/airflow/example_dags/example_latest_only_with_trigger.py
[2024-11-11T19:01:53.115+0000] {logging_mixin.py:190} INFO - [2024-11-11T19:01:53.114+0000] {dag.py:3239} INFO - Sync 1 DAGs
[2024-11-11T19:01:53.133+0000] {logging_mixin.py:190} INFO - [2024-11-11T19:01:53.132+0000] {dag.py:4180} INFO - Setting next_dagrun for latest_only_with_trigger to 2024-11-11 12:00:00+00:00, run_after=2024-11-11 16:00:00+00:00
[2024-11-11T19:01:53.147+0000] {processor.py:208} INFO - Processing /home/airflow/.local/lib/python3.12/site-packages/airflow/example_dags/example_latest_only_with_trigger.py took 0.066 seconds
[2024-11-11T19:02:23.471+0000] {processor.py:186} INFO - Started process (PID=623) to work on /home/airflow/.local/lib/python3.12/site-packages/airflow/example_dags/example_latest_only_with_trigger.py
[2024-11-11T19:02:23.472+0000] {processor.py:914} INFO - Processing file /home/airflow/.local/lib/python3.12/site-packages/airflow/example_dags/example_latest_only_with_trigger.py for tasks to queue
[2024-11-11T19:02:23.473+0000] {logging_mixin.py:190} INFO - [2024-11-11T19:02:23.473+0000] {dagbag.py:588} INFO - Filling up the DagBag from /home/airflow/.local/lib/python3.12/site-packages/airflow/example_dags/example_latest_only_with_trigger.py
[2024-11-11T19:02:23.479+0000] {processor.py:925} INFO - DAG(s) 'latest_only_with_trigger' retrieved from /home/airflow/.local/lib/python3.12/site-packages/airflow/example_dags/example_latest_only_with_trigger.py
[2024-11-11T19:02:23.495+0000] {logging_mixin.py:190} INFO - [2024-11-11T19:02:23.494+0000] {dag.py:3239} INFO - Sync 1 DAGs
[2024-11-11T19:02:23.515+0000] {logging_mixin.py:190} INFO - [2024-11-11T19:02:23.515+0000] {dag.py:4180} INFO - Setting next_dagrun for latest_only_with_trigger to 2024-11-11 12:00:00+00:00, run_after=2024-11-11 16:00:00+00:00
[2024-11-11T19:02:23.534+0000] {processor.py:208} INFO - Processing /home/airflow/.local/lib/python3.12/site-packages/airflow/example_dags/example_latest_only_with_trigger.py took 0.067 seconds
[2024-11-11T19:02:53.789+0000] {processor.py:186} INFO - Started process (PID=688) to work on /home/airflow/.local/lib/python3.12/site-packages/airflow/example_dags/example_latest_only_with_trigger.py
[2024-11-11T19:02:53.789+0000] {processor.py:914} INFO - Processing file /home/airflow/.local/lib/python3.12/site-packages/airflow/example_dags/example_latest_only_with_trigger.py for tasks to queue
[2024-11-11T19:02:53.792+0000] {logging_mixin.py:190} INFO - [2024-11-11T19:02:53.792+0000] {dagbag.py:588} INFO - Filling up the DagBag from /home/airflow/.local/lib/python3.12/site-packages/airflow/example_dags/example_latest_only_with_trigger.py
[2024-11-11T19:02:53.808+0000] {processor.py:925} INFO - DAG(s) 'latest_only_with_trigger' retrieved from /home/airflow/.local/lib/python3.12/site-packages/airflow/example_dags/example_latest_only_with_trigger.py
[2024-11-11T19:02:53.827+0000] {logging_mixin.py:190} INFO - [2024-11-11T19:02:53.827+0000] {dag.py:3239} INFO - Sync 1 DAGs
[2024-11-11T19:02:53.857+0000] {logging_mixin.py:190} INFO - [2024-11-11T19:02:53.857+0000] {dag.py:4180} INFO - Setting next_dagrun for latest_only_with_trigger to 2024-11-11 12:00:00+00:00, run_after=2024-11-11 16:00:00+00:00
[2024-11-11T19:02:53.871+0000] {processor.py:208} INFO - Processing /home/airflow/.local/lib/python3.12/site-packages/airflow/example_dags/example_latest_only_with_trigger.py took 0.092 seconds
[2024-11-11T19:03:24.130+0000] {processor.py:186} INFO - Started process (PID=753) to work on /home/airflow/.local/lib/python3.12/site-packages/airflow/example_dags/example_latest_only_with_trigger.py
[2024-11-11T19:03:24.131+0000] {processor.py:914} INFO - Processing file /home/airflow/.local/lib/python3.12/site-packages/airflow/example_dags/example_latest_only_with_trigger.py for tasks to queue
[2024-11-11T19:03:24.133+0000] {logging_mixin.py:190} INFO - [2024-11-11T19:03:24.133+0000] {dagbag.py:588} INFO - Filling up the DagBag from /home/airflow/.local/lib/python3.12/site-packages/airflow/example_dags/example_latest_only_with_trigger.py
[2024-11-11T19:03:24.138+0000] {processor.py:925} INFO - DAG(s) 'latest_only_with_trigger' retrieved from /home/airflow/.local/lib/python3.12/site-packages/airflow/example_dags/example_latest_only_with_trigger.py
[2024-11-11T19:03:24.154+0000] {logging_mixin.py:190} INFO - [2024-11-11T19:03:24.154+0000] {dag.py:3239} INFO - Sync 1 DAGs
[2024-11-11T19:03:24.174+0000] {logging_mixin.py:190} INFO - [2024-11-11T19:03:24.173+0000] {dag.py:4180} INFO - Setting next_dagrun for latest_only_with_trigger to 2024-11-11 12:00:00+00:00, run_after=2024-11-11 16:00:00+00:00
[2024-11-11T19:03:24.186+0000] {processor.py:208} INFO - Processing /home/airflow/.local/lib/python3.12/site-packages/airflow/example_dags/example_latest_only_with_trigger.py took 0.062 seconds
[2024-11-11T19:03:54.615+0000] {processor.py:186} INFO - Started process (PID=818) to work on /home/airflow/.local/lib/python3.12/site-packages/airflow/example_dags/example_latest_only_with_trigger.py
[2024-11-11T19:03:54.616+0000] {processor.py:914} INFO - Processing file /home/airflow/.local/lib/python3.12/site-packages/airflow/example_dags/example_latest_only_with_trigger.py for tasks to queue
[2024-11-11T19:03:54.618+0000] {logging_mixin.py:190} INFO - [2024-11-11T19:03:54.618+0000] {dagbag.py:588} INFO - Filling up the DagBag from /home/airflow/.local/lib/python3.12/site-packages/airflow/example_dags/example_latest_only_with_trigger.py
[2024-11-11T19:03:54.625+0000] {processor.py:925} INFO - DAG(s) 'latest_only_with_trigger' retrieved from /home/airflow/.local/lib/python3.12/site-packages/airflow/example_dags/example_latest_only_with_trigger.py
[2024-11-11T19:03:54.649+0000] {logging_mixin.py:190} INFO - [2024-11-11T19:03:54.649+0000] {dag.py:3239} INFO - Sync 1 DAGs
[2024-11-11T19:03:54.668+0000] {logging_mixin.py:190} INFO - [2024-11-11T19:03:54.668+0000] {dag.py:4180} INFO - Setting next_dagrun for latest_only_with_trigger to 2024-11-11 12:00:00+00:00, run_after=2024-11-11 16:00:00+00:00
[2024-11-11T19:03:54.695+0000] {processor.py:208} INFO - Processing /home/airflow/.local/lib/python3.12/site-packages/airflow/example_dags/example_latest_only_with_trigger.py took 0.084 seconds
[2024-11-11T19:04:25.161+0000] {processor.py:186} INFO - Started process (PID=883) to work on /home/airflow/.local/lib/python3.12/site-packages/airflow/example_dags/example_latest_only_with_trigger.py
[2024-11-11T19:04:25.162+0000] {processor.py:914} INFO - Processing file /home/airflow/.local/lib/python3.12/site-packages/airflow/example_dags/example_latest_only_with_trigger.py for tasks to queue
[2024-11-11T19:04:25.163+0000] {logging_mixin.py:190} INFO - [2024-11-11T19:04:25.163+0000] {dagbag.py:588} INFO - Filling up the DagBag from /home/airflow/.local/lib/python3.12/site-packages/airflow/example_dags/example_latest_only_with_trigger.py
[2024-11-11T19:04:25.169+0000] {processor.py:925} INFO - DAG(s) 'latest_only_with_trigger' retrieved from /home/airflow/.local/lib/python3.12/site-packages/airflow/example_dags/example_latest_only_with_trigger.py
[2024-11-11T19:04:25.185+0000] {logging_mixin.py:190} INFO - [2024-11-11T19:04:25.185+0000] {dag.py:3239} INFO - Sync 1 DAGs
[2024-11-11T19:04:25.202+0000] {logging_mixin.py:190} INFO - [2024-11-11T19:04:25.202+0000] {dag.py:4180} INFO - Setting next_dagrun for latest_only_with_trigger to 2024-11-11 12:00:00+00:00, run_after=2024-11-11 16:00:00+00:00
[2024-11-11T19:04:25.215+0000] {processor.py:208} INFO - Processing /home/airflow/.local/lib/python3.12/site-packages/airflow/example_dags/example_latest_only_with_trigger.py took 0.059 seconds
[2024-11-11T19:04:55.845+0000] {processor.py:186} INFO - Started process (PID=948) to work on /home/airflow/.local/lib/python3.12/site-packages/airflow/example_dags/example_latest_only_with_trigger.py
[2024-11-11T19:04:55.845+0000] {processor.py:914} INFO - Processing file /home/airflow/.local/lib/python3.12/site-packages/airflow/example_dags/example_latest_only_with_trigger.py for tasks to queue
[2024-11-11T19:04:55.847+0000] {logging_mixin.py:190} INFO - [2024-11-11T19:04:55.847+0000] {dagbag.py:588} INFO - Filling up the DagBag from /home/airflow/.local/lib/python3.12/site-packages/airflow/example_dags/example_latest_only_with_trigger.py
[2024-11-11T19:04:55.852+0000] {processor.py:925} INFO - DAG(s) 'latest_only_with_trigger' retrieved from /home/airflow/.local/lib/python3.12/site-packages/airflow/example_dags/example_latest_only_with_trigger.py
[2024-11-11T19:04:55.867+0000] {logging_mixin.py:190} INFO - [2024-11-11T19:04:55.867+0000] {dag.py:3239} INFO - Sync 1 DAGs
[2024-11-11T19:04:55.905+0000] {logging_mixin.py:190} INFO - [2024-11-11T19:04:55.905+0000] {dag.py:4180} INFO - Setting next_dagrun for latest_only_with_trigger to 2024-11-11 12:00:00+00:00, run_after=2024-11-11 16:00:00+00:00
[2024-11-11T19:04:55.922+0000] {processor.py:208} INFO - Processing /home/airflow/.local/lib/python3.12/site-packages/airflow/example_dags/example_latest_only_with_trigger.py took 0.082 seconds
[2024-11-11T19:05:26.569+0000] {processor.py:186} INFO - Started process (PID=1013) to work on /home/airflow/.local/lib/python3.12/site-packages/airflow/example_dags/example_latest_only_with_trigger.py
[2024-11-11T19:05:26.570+0000] {processor.py:914} INFO - Processing file /home/airflow/.local/lib/python3.12/site-packages/airflow/example_dags/example_latest_only_with_trigger.py for tasks to queue
[2024-11-11T19:05:26.573+0000] {logging_mixin.py:190} INFO - [2024-11-11T19:05:26.573+0000] {dagbag.py:588} INFO - Filling up the DagBag from /home/airflow/.local/lib/python3.12/site-packages/airflow/example_dags/example_latest_only_with_trigger.py
[2024-11-11T19:05:26.580+0000] {processor.py:925} INFO - DAG(s) 'latest_only_with_trigger' retrieved from /home/airflow/.local/lib/python3.12/site-packages/airflow/example_dags/example_latest_only_with_trigger.py
[2024-11-11T19:05:26.605+0000] {logging_mixin.py:190} INFO - [2024-11-11T19:05:26.605+0000] {dag.py:3239} INFO - Sync 1 DAGs
[2024-11-11T19:05:26.625+0000] {logging_mixin.py:190} INFO - [2024-11-11T19:05:26.625+0000] {dag.py:4180} INFO - Setting next_dagrun for latest_only_with_trigger to 2024-11-11 12:00:00+00:00, run_after=2024-11-11 16:00:00+00:00
[2024-11-11T19:05:26.639+0000] {processor.py:208} INFO - Processing /home/airflow/.local/lib/python3.12/site-packages/airflow/example_dags/example_latest_only_with_trigger.py took 0.075 seconds
[2024-11-11T19:05:57.219+0000] {processor.py:186} INFO - Started process (PID=1078) to work on /home/airflow/.local/lib/python3.12/site-packages/airflow/example_dags/example_latest_only_with_trigger.py
[2024-11-11T19:05:57.235+0000] {processor.py:914} INFO - Processing file /home/airflow/.local/lib/python3.12/site-packages/airflow/example_dags/example_latest_only_with_trigger.py for tasks to queue
[2024-11-11T19:05:57.237+0000] {logging_mixin.py:190} INFO - [2024-11-11T19:05:57.237+0000] {dagbag.py:588} INFO - Filling up the DagBag from /home/airflow/.local/lib/python3.12/site-packages/airflow/example_dags/example_latest_only_with_trigger.py
[2024-11-11T19:05:57.252+0000] {processor.py:925} INFO - DAG(s) 'latest_only_with_trigger' retrieved from /home/airflow/.local/lib/python3.12/site-packages/airflow/example_dags/example_latest_only_with_trigger.py
[2024-11-11T19:05:57.315+0000] {logging_mixin.py:190} INFO - [2024-11-11T19:05:57.314+0000] {dag.py:3239} INFO - Sync 1 DAGs
[2024-11-11T19:05:57.359+0000] {logging_mixin.py:190} INFO - [2024-11-11T19:05:57.358+0000] {dag.py:4180} INFO - Setting next_dagrun for latest_only_with_trigger to 2024-11-11 12:00:00+00:00, run_after=2024-11-11 16:00:00+00:00
[2024-11-11T19:05:57.470+0000] {processor.py:208} INFO - Processing /home/airflow/.local/lib/python3.12/site-packages/airflow/example_dags/example_latest_only_with_trigger.py took 0.266 seconds
[2024-11-11T19:06:28.043+0000] {processor.py:186} INFO - Started process (PID=1144) to work on /home/airflow/.local/lib/python3.12/site-packages/airflow/example_dags/example_latest_only_with_trigger.py
[2024-11-11T19:06:28.044+0000] {processor.py:914} INFO - Processing file /home/airflow/.local/lib/python3.12/site-packages/airflow/example_dags/example_latest_only_with_trigger.py for tasks to queue
[2024-11-11T19:06:28.045+0000] {logging_mixin.py:190} INFO - [2024-11-11T19:06:28.045+0000] {dagbag.py:588} INFO - Filling up the DagBag from /home/airflow/.local/lib/python3.12/site-packages/airflow/example_dags/example_latest_only_with_trigger.py
[2024-11-11T19:06:28.051+0000] {processor.py:925} INFO - DAG(s) 'latest_only_with_trigger' retrieved from /home/airflow/.local/lib/python3.12/site-packages/airflow/example_dags/example_latest_only_with_trigger.py
[2024-11-11T19:06:28.068+0000] {logging_mixin.py:190} INFO - [2024-11-11T19:06:28.067+0000] {dag.py:3239} INFO - Sync 1 DAGs
[2024-11-11T19:06:28.086+0000] {logging_mixin.py:190} INFO - [2024-11-11T19:06:28.085+0000] {dag.py:4180} INFO - Setting next_dagrun for latest_only_with_trigger to 2024-11-11 12:00:00+00:00, run_after=2024-11-11 16:00:00+00:00
[2024-11-11T19:06:28.107+0000] {processor.py:208} INFO - Processing /home/airflow/.local/lib/python3.12/site-packages/airflow/example_dags/example_latest_only_with_trigger.py took 0.068 seconds
[2024-11-11T19:06:58.405+0000] {processor.py:186} INFO - Started process (PID=1210) to work on /home/airflow/.local/lib/python3.12/site-packages/airflow/example_dags/example_latest_only_with_trigger.py
[2024-11-11T19:06:58.406+0000] {processor.py:914} INFO - Processing file /home/airflow/.local/lib/python3.12/site-packages/airflow/example_dags/example_latest_only_with_trigger.py for tasks to queue
[2024-11-11T19:06:58.408+0000] {logging_mixin.py:190} INFO - [2024-11-11T19:06:58.408+0000] {dagbag.py:588} INFO - Filling up the DagBag from /home/airflow/.local/lib/python3.12/site-packages/airflow/example_dags/example_latest_only_with_trigger.py
[2024-11-11T19:06:58.413+0000] {processor.py:925} INFO - DAG(s) 'latest_only_with_trigger' retrieved from /home/airflow/.local/lib/python3.12/site-packages/airflow/example_dags/example_latest_only_with_trigger.py
[2024-11-11T19:06:58.433+0000] {logging_mixin.py:190} INFO - [2024-11-11T19:06:58.433+0000] {dag.py:3239} INFO - Sync 1 DAGs
[2024-11-11T19:06:58.450+0000] {logging_mixin.py:190} INFO - [2024-11-11T19:06:58.450+0000] {dag.py:4180} INFO - Setting next_dagrun for latest_only_with_trigger to 2024-11-11 12:00:00+00:00, run_after=2024-11-11 16:00:00+00:00
[2024-11-11T19:06:58.469+0000] {processor.py:208} INFO - Processing /home/airflow/.local/lib/python3.12/site-packages/airflow/example_dags/example_latest_only_with_trigger.py took 0.068 seconds
[2024-11-11T19:07:29.017+0000] {processor.py:186} INFO - Started process (PID=1275) to work on /home/airflow/.local/lib/python3.12/site-packages/airflow/example_dags/example_latest_only_with_trigger.py
[2024-11-11T19:07:29.018+0000] {processor.py:914} INFO - Processing file /home/airflow/.local/lib/python3.12/site-packages/airflow/example_dags/example_latest_only_with_trigger.py for tasks to queue
[2024-11-11T19:07:29.020+0000] {logging_mixin.py:190} INFO - [2024-11-11T19:07:29.020+0000] {dagbag.py:588} INFO - Filling up the DagBag from /home/airflow/.local/lib/python3.12/site-packages/airflow/example_dags/example_latest_only_with_trigger.py
[2024-11-11T19:07:29.032+0000] {processor.py:925} INFO - DAG(s) 'latest_only_with_trigger' retrieved from /home/airflow/.local/lib/python3.12/site-packages/airflow/example_dags/example_latest_only_with_trigger.py
[2024-11-11T19:07:29.053+0000] {logging_mixin.py:190} INFO - [2024-11-11T19:07:29.053+0000] {dag.py:3239} INFO - Sync 1 DAGs
[2024-11-11T19:07:29.071+0000] {logging_mixin.py:190} INFO - [2024-11-11T19:07:29.071+0000] {dag.py:4180} INFO - Setting next_dagrun for latest_only_with_trigger to 2024-11-11 12:00:00+00:00, run_after=2024-11-11 16:00:00+00:00
[2024-11-11T19:07:29.087+0000] {processor.py:208} INFO - Processing /home/airflow/.local/lib/python3.12/site-packages/airflow/example_dags/example_latest_only_with_trigger.py took 0.074 seconds
[2024-11-11T19:07:59.449+0000] {processor.py:186} INFO - Started process (PID=1340) to work on /home/airflow/.local/lib/python3.12/site-packages/airflow/example_dags/example_latest_only_with_trigger.py
[2024-11-11T19:07:59.450+0000] {processor.py:914} INFO - Processing file /home/airflow/.local/lib/python3.12/site-packages/airflow/example_dags/example_latest_only_with_trigger.py for tasks to queue
[2024-11-11T19:07:59.451+0000] {logging_mixin.py:190} INFO - [2024-11-11T19:07:59.451+0000] {dagbag.py:588} INFO - Filling up the DagBag from /home/airflow/.local/lib/python3.12/site-packages/airflow/example_dags/example_latest_only_with_trigger.py
[2024-11-11T19:07:59.457+0000] {processor.py:925} INFO - DAG(s) 'latest_only_with_trigger' retrieved from /home/airflow/.local/lib/python3.12/site-packages/airflow/example_dags/example_latest_only_with_trigger.py
[2024-11-11T19:07:59.474+0000] {logging_mixin.py:190} INFO - [2024-11-11T19:07:59.474+0000] {dag.py:3239} INFO - Sync 1 DAGs
[2024-11-11T19:07:59.492+0000] {logging_mixin.py:190} INFO - [2024-11-11T19:07:59.492+0000] {dag.py:4180} INFO - Setting next_dagrun for latest_only_with_trigger to 2024-11-11 12:00:00+00:00, run_after=2024-11-11 16:00:00+00:00
[2024-11-11T19:07:59.506+0000] {processor.py:208} INFO - Processing /home/airflow/.local/lib/python3.12/site-packages/airflow/example_dags/example_latest_only_with_trigger.py took 0.061 seconds
[2024-11-11T19:08:30.122+0000] {processor.py:186} INFO - Started process (PID=1405) to work on /home/airflow/.local/lib/python3.12/site-packages/airflow/example_dags/example_latest_only_with_trigger.py
[2024-11-11T19:08:30.123+0000] {processor.py:914} INFO - Processing file /home/airflow/.local/lib/python3.12/site-packages/airflow/example_dags/example_latest_only_with_trigger.py for tasks to queue
[2024-11-11T19:08:30.124+0000] {logging_mixin.py:190} INFO - [2024-11-11T19:08:30.124+0000] {dagbag.py:588} INFO - Filling up the DagBag from /home/airflow/.local/lib/python3.12/site-packages/airflow/example_dags/example_latest_only_with_trigger.py
[2024-11-11T19:08:30.131+0000] {processor.py:925} INFO - DAG(s) 'latest_only_with_trigger' retrieved from /home/airflow/.local/lib/python3.12/site-packages/airflow/example_dags/example_latest_only_with_trigger.py
[2024-11-11T19:08:30.147+0000] {logging_mixin.py:190} INFO - [2024-11-11T19:08:30.147+0000] {dag.py:3239} INFO - Sync 1 DAGs
[2024-11-11T19:08:30.166+0000] {logging_mixin.py:190} INFO - [2024-11-11T19:08:30.166+0000] {dag.py:4180} INFO - Setting next_dagrun for latest_only_with_trigger to 2024-11-11 12:00:00+00:00, run_after=2024-11-11 16:00:00+00:00
[2024-11-11T19:08:30.182+0000] {processor.py:208} INFO - Processing /home/airflow/.local/lib/python3.12/site-packages/airflow/example_dags/example_latest_only_with_trigger.py took 0.065 seconds
[2024-11-11T19:09:00.846+0000] {processor.py:186} INFO - Started process (PID=1469) to work on /home/airflow/.local/lib/python3.12/site-packages/airflow/example_dags/example_latest_only_with_trigger.py
[2024-11-11T19:09:00.846+0000] {processor.py:914} INFO - Processing file /home/airflow/.local/lib/python3.12/site-packages/airflow/example_dags/example_latest_only_with_trigger.py for tasks to queue
[2024-11-11T19:09:00.848+0000] {logging_mixin.py:190} INFO - [2024-11-11T19:09:00.848+0000] {dagbag.py:588} INFO - Filling up the DagBag from /home/airflow/.local/lib/python3.12/site-packages/airflow/example_dags/example_latest_only_with_trigger.py
[2024-11-11T19:09:00.854+0000] {processor.py:925} INFO - DAG(s) 'latest_only_with_trigger' retrieved from /home/airflow/.local/lib/python3.12/site-packages/airflow/example_dags/example_latest_only_with_trigger.py
[2024-11-11T19:09:00.872+0000] {logging_mixin.py:190} INFO - [2024-11-11T19:09:00.872+0000] {dag.py:3239} INFO - Sync 1 DAGs
[2024-11-11T19:09:00.891+0000] {logging_mixin.py:190} INFO - [2024-11-11T19:09:00.891+0000] {dag.py:4180} INFO - Setting next_dagrun for latest_only_with_trigger to 2024-11-11 12:00:00+00:00, run_after=2024-11-11 16:00:00+00:00
[2024-11-11T19:09:00.906+0000] {processor.py:208} INFO - Processing /home/airflow/.local/lib/python3.12/site-packages/airflow/example_dags/example_latest_only_with_trigger.py took 0.065 seconds
[2024-11-11T19:09:31.508+0000] {processor.py:186} INFO - Started process (PID=1534) to work on /home/airflow/.local/lib/python3.12/site-packages/airflow/example_dags/example_latest_only_with_trigger.py
[2024-11-11T19:09:31.508+0000] {processor.py:914} INFO - Processing file /home/airflow/.local/lib/python3.12/site-packages/airflow/example_dags/example_latest_only_with_trigger.py for tasks to queue
[2024-11-11T19:09:31.510+0000] {logging_mixin.py:190} INFO - [2024-11-11T19:09:31.510+0000] {dagbag.py:588} INFO - Filling up the DagBag from /home/airflow/.local/lib/python3.12/site-packages/airflow/example_dags/example_latest_only_with_trigger.py
[2024-11-11T19:09:31.516+0000] {processor.py:925} INFO - DAG(s) 'latest_only_with_trigger' retrieved from /home/airflow/.local/lib/python3.12/site-packages/airflow/example_dags/example_latest_only_with_trigger.py
[2024-11-11T19:09:31.534+0000] {logging_mixin.py:190} INFO - [2024-11-11T19:09:31.533+0000] {dag.py:3239} INFO - Sync 1 DAGs
[2024-11-11T19:09:31.553+0000] {logging_mixin.py:190} INFO - [2024-11-11T19:09:31.553+0000] {dag.py:4180} INFO - Setting next_dagrun for latest_only_with_trigger to 2024-11-11 12:00:00+00:00, run_after=2024-11-11 16:00:00+00:00
[2024-11-11T19:09:31.568+0000] {processor.py:208} INFO - Processing /home/airflow/.local/lib/python3.12/site-packages/airflow/example_dags/example_latest_only_with_trigger.py took 0.066 seconds
[2024-11-11T19:10:02.326+0000] {processor.py:186} INFO - Started process (PID=1599) to work on /home/airflow/.local/lib/python3.12/site-packages/airflow/example_dags/example_latest_only_with_trigger.py
[2024-11-11T19:10:02.327+0000] {processor.py:914} INFO - Processing file /home/airflow/.local/lib/python3.12/site-packages/airflow/example_dags/example_latest_only_with_trigger.py for tasks to queue
[2024-11-11T19:10:02.329+0000] {logging_mixin.py:190} INFO - [2024-11-11T19:10:02.329+0000] {dagbag.py:588} INFO - Filling up the DagBag from /home/airflow/.local/lib/python3.12/site-packages/airflow/example_dags/example_latest_only_with_trigger.py
[2024-11-11T19:10:02.336+0000] {processor.py:925} INFO - DAG(s) 'latest_only_with_trigger' retrieved from /home/airflow/.local/lib/python3.12/site-packages/airflow/example_dags/example_latest_only_with_trigger.py
[2024-11-11T19:10:02.355+0000] {logging_mixin.py:190} INFO - [2024-11-11T19:10:02.354+0000] {dag.py:3239} INFO - Sync 1 DAGs
[2024-11-11T19:10:02.375+0000] {logging_mixin.py:190} INFO - [2024-11-11T19:10:02.374+0000] {dag.py:4180} INFO - Setting next_dagrun for latest_only_with_trigger to 2024-11-11 12:00:00+00:00, run_after=2024-11-11 16:00:00+00:00
[2024-11-11T19:10:02.391+0000] {processor.py:208} INFO - Processing /home/airflow/.local/lib/python3.12/site-packages/airflow/example_dags/example_latest_only_with_trigger.py took 0.069 seconds
[2024-11-11T19:10:33.074+0000] {processor.py:186} INFO - Started process (PID=1664) to work on /home/airflow/.local/lib/python3.12/site-packages/airflow/example_dags/example_latest_only_with_trigger.py
[2024-11-11T19:10:33.075+0000] {processor.py:914} INFO - Processing file /home/airflow/.local/lib/python3.12/site-packages/airflow/example_dags/example_latest_only_with_trigger.py for tasks to queue
[2024-11-11T19:10:33.076+0000] {logging_mixin.py:190} INFO - [2024-11-11T19:10:33.076+0000] {dagbag.py:588} INFO - Filling up the DagBag from /home/airflow/.local/lib/python3.12/site-packages/airflow/example_dags/example_latest_only_with_trigger.py
[2024-11-11T19:10:33.082+0000] {processor.py:925} INFO - DAG(s) 'latest_only_with_trigger' retrieved from /home/airflow/.local/lib/python3.12/site-packages/airflow/example_dags/example_latest_only_with_trigger.py
[2024-11-11T19:10:33.100+0000] {logging_mixin.py:190} INFO - [2024-11-11T19:10:33.100+0000] {dag.py:3239} INFO - Sync 1 DAGs
[2024-11-11T19:10:33.125+0000] {logging_mixin.py:190} INFO - [2024-11-11T19:10:33.125+0000] {dag.py:4180} INFO - Setting next_dagrun for latest_only_with_trigger to 2024-11-11 12:00:00+00:00, run_after=2024-11-11 16:00:00+00:00
[2024-11-11T19:10:33.140+0000] {processor.py:208} INFO - Processing /home/airflow/.local/lib/python3.12/site-packages/airflow/example_dags/example_latest_only_with_trigger.py took 0.073 seconds
[2024-11-11T19:11:03.714+0000] {processor.py:186} INFO - Started process (PID=1729) to work on /home/airflow/.local/lib/python3.12/site-packages/airflow/example_dags/example_latest_only_with_trigger.py
[2024-11-11T19:11:03.715+0000] {processor.py:914} INFO - Processing file /home/airflow/.local/lib/python3.12/site-packages/airflow/example_dags/example_latest_only_with_trigger.py for tasks to queue
[2024-11-11T19:11:03.716+0000] {logging_mixin.py:190} INFO - [2024-11-11T19:11:03.716+0000] {dagbag.py:588} INFO - Filling up the DagBag from /home/airflow/.local/lib/python3.12/site-packages/airflow/example_dags/example_latest_only_with_trigger.py
[2024-11-11T19:11:03.724+0000] {processor.py:925} INFO - DAG(s) 'latest_only_with_trigger' retrieved from /home/airflow/.local/lib/python3.12/site-packages/airflow/example_dags/example_latest_only_with_trigger.py
[2024-11-11T19:11:03.741+0000] {logging_mixin.py:190} INFO - [2024-11-11T19:11:03.741+0000] {dag.py:3239} INFO - Sync 1 DAGs
[2024-11-11T19:11:03.761+0000] {logging_mixin.py:190} INFO - [2024-11-11T19:11:03.761+0000] {dag.py:4180} INFO - Setting next_dagrun for latest_only_with_trigger to 2024-11-11 12:00:00+00:00, run_after=2024-11-11 16:00:00+00:00
[2024-11-11T19:11:03.775+0000] {processor.py:208} INFO - Processing /home/airflow/.local/lib/python3.12/site-packages/airflow/example_dags/example_latest_only_with_trigger.py took 0.065 seconds
[2024-11-11T19:11:35.163+0000] {processor.py:186} INFO - Started process (PID=1794) to work on /home/airflow/.local/lib/python3.12/site-packages/airflow/example_dags/example_latest_only_with_trigger.py
[2024-11-11T19:11:35.164+0000] {processor.py:914} INFO - Processing file /home/airflow/.local/lib/python3.12/site-packages/airflow/example_dags/example_latest_only_with_trigger.py for tasks to queue
[2024-11-11T19:11:35.167+0000] {logging_mixin.py:190} INFO - [2024-11-11T19:11:35.166+0000] {dagbag.py:588} INFO - Filling up the DagBag from /home/airflow/.local/lib/python3.12/site-packages/airflow/example_dags/example_latest_only_with_trigger.py
[2024-11-11T19:11:35.196+0000] {processor.py:925} INFO - DAG(s) 'latest_only_with_trigger' retrieved from /home/airflow/.local/lib/python3.12/site-packages/airflow/example_dags/example_latest_only_with_trigger.py
[2024-11-11T19:11:35.249+0000] {logging_mixin.py:190} INFO - [2024-11-11T19:11:35.249+0000] {dag.py:3239} INFO - Sync 1 DAGs
[2024-11-11T19:11:35.277+0000] {logging_mixin.py:190} INFO - [2024-11-11T19:11:35.277+0000] {dag.py:4180} INFO - Setting next_dagrun for latest_only_with_trigger to 2024-11-11 12:00:00+00:00, run_after=2024-11-11 16:00:00+00:00
[2024-11-11T19:11:35.348+0000] {processor.py:208} INFO - Processing /home/airflow/.local/lib/python3.12/site-packages/airflow/example_dags/example_latest_only_with_trigger.py took 0.190 seconds
[2024-11-11T19:12:05.997+0000] {processor.py:186} INFO - Started process (PID=1859) to work on /home/airflow/.local/lib/python3.12/site-packages/airflow/example_dags/example_latest_only_with_trigger.py
[2024-11-11T19:12:05.998+0000] {processor.py:914} INFO - Processing file /home/airflow/.local/lib/python3.12/site-packages/airflow/example_dags/example_latest_only_with_trigger.py for tasks to queue
[2024-11-11T19:12:06.000+0000] {logging_mixin.py:190} INFO - [2024-11-11T19:12:06.000+0000] {dagbag.py:588} INFO - Filling up the DagBag from /home/airflow/.local/lib/python3.12/site-packages/airflow/example_dags/example_latest_only_with_trigger.py
[2024-11-11T19:12:06.006+0000] {processor.py:925} INFO - DAG(s) 'latest_only_with_trigger' retrieved from /home/airflow/.local/lib/python3.12/site-packages/airflow/example_dags/example_latest_only_with_trigger.py
[2024-11-11T19:12:06.022+0000] {logging_mixin.py:190} INFO - [2024-11-11T19:12:06.021+0000] {dag.py:3239} INFO - Sync 1 DAGs
[2024-11-11T19:12:06.040+0000] {logging_mixin.py:190} INFO - [2024-11-11T19:12:06.039+0000] {dag.py:4180} INFO - Setting next_dagrun for latest_only_with_trigger to 2024-11-11 12:00:00+00:00, run_after=2024-11-11 16:00:00+00:00
[2024-11-11T19:12:06.053+0000] {processor.py:208} INFO - Processing /home/airflow/.local/lib/python3.12/site-packages/airflow/example_dags/example_latest_only_with_trigger.py took 0.061 seconds
[2024-11-11T19:12:36.653+0000] {processor.py:186} INFO - Started process (PID=1924) to work on /home/airflow/.local/lib/python3.12/site-packages/airflow/example_dags/example_latest_only_with_trigger.py
[2024-11-11T19:12:36.654+0000] {processor.py:914} INFO - Processing file /home/airflow/.local/lib/python3.12/site-packages/airflow/example_dags/example_latest_only_with_trigger.py for tasks to queue
[2024-11-11T19:12:36.655+0000] {logging_mixin.py:190} INFO - [2024-11-11T19:12:36.655+0000] {dagbag.py:588} INFO - Filling up the DagBag from /home/airflow/.local/lib/python3.12/site-packages/airflow/example_dags/example_latest_only_with_trigger.py
[2024-11-11T19:12:36.665+0000] {processor.py:925} INFO - DAG(s) 'latest_only_with_trigger' retrieved from /home/airflow/.local/lib/python3.12/site-packages/airflow/example_dags/example_latest_only_with_trigger.py
[2024-11-11T19:12:36.689+0000] {logging_mixin.py:190} INFO - [2024-11-11T19:12:36.689+0000] {dag.py:3239} INFO - Sync 1 DAGs
[2024-11-11T19:12:36.707+0000] {logging_mixin.py:190} INFO - [2024-11-11T19:12:36.707+0000] {dag.py:4180} INFO - Setting next_dagrun for latest_only_with_trigger to 2024-11-11 12:00:00+00:00, run_after=2024-11-11 16:00:00+00:00
[2024-11-11T19:12:36.726+0000] {processor.py:208} INFO - Processing /home/airflow/.local/lib/python3.12/site-packages/airflow/example_dags/example_latest_only_with_trigger.py took 0.077 seconds
[2024-11-11T19:13:07.049+0000] {processor.py:186} INFO - Started process (PID=1989) to work on /home/airflow/.local/lib/python3.12/site-packages/airflow/example_dags/example_latest_only_with_trigger.py
[2024-11-11T19:13:07.050+0000] {processor.py:914} INFO - Processing file /home/airflow/.local/lib/python3.12/site-packages/airflow/example_dags/example_latest_only_with_trigger.py for tasks to queue
[2024-11-11T19:13:07.053+0000] {logging_mixin.py:190} INFO - [2024-11-11T19:13:07.053+0000] {dagbag.py:588} INFO - Filling up the DagBag from /home/airflow/.local/lib/python3.12/site-packages/airflow/example_dags/example_latest_only_with_trigger.py
[2024-11-11T19:13:07.060+0000] {processor.py:925} INFO - DAG(s) 'latest_only_with_trigger' retrieved from /home/airflow/.local/lib/python3.12/site-packages/airflow/example_dags/example_latest_only_with_trigger.py
[2024-11-11T19:13:07.077+0000] {logging_mixin.py:190} INFO - [2024-11-11T19:13:07.077+0000] {dag.py:3239} INFO - Sync 1 DAGs
[2024-11-11T19:13:07.096+0000] {logging_mixin.py:190} INFO - [2024-11-11T19:13:07.096+0000] {dag.py:4180} INFO - Setting next_dagrun for latest_only_with_trigger to 2024-11-11 12:00:00+00:00, run_after=2024-11-11 16:00:00+00:00
[2024-11-11T19:13:07.112+0000] {processor.py:208} INFO - Processing /home/airflow/.local/lib/python3.12/site-packages/airflow/example_dags/example_latest_only_with_trigger.py took 0.068 seconds
[2024-11-11T19:13:38.609+0000] {processor.py:186} INFO - Started process (PID=2055) to work on /home/airflow/.local/lib/python3.12/site-packages/airflow/example_dags/example_latest_only_with_trigger.py
[2024-11-11T19:13:38.610+0000] {processor.py:914} INFO - Processing file /home/airflow/.local/lib/python3.12/site-packages/airflow/example_dags/example_latest_only_with_trigger.py for tasks to queue
[2024-11-11T19:13:38.612+0000] {logging_mixin.py:190} INFO - [2024-11-11T19:13:38.612+0000] {dagbag.py:588} INFO - Filling up the DagBag from /home/airflow/.local/lib/python3.12/site-packages/airflow/example_dags/example_latest_only_with_trigger.py
[2024-11-11T19:13:38.620+0000] {processor.py:925} INFO - DAG(s) 'latest_only_with_trigger' retrieved from /home/airflow/.local/lib/python3.12/site-packages/airflow/example_dags/example_latest_only_with_trigger.py
[2024-11-11T19:13:38.637+0000] {logging_mixin.py:190} INFO - [2024-11-11T19:13:38.637+0000] {dag.py:3239} INFO - Sync 1 DAGs
[2024-11-11T19:13:38.656+0000] {logging_mixin.py:190} INFO - [2024-11-11T19:13:38.656+0000] {dag.py:4180} INFO - Setting next_dagrun for latest_only_with_trigger to 2024-11-11 12:00:00+00:00, run_after=2024-11-11 16:00:00+00:00
[2024-11-11T19:13:38.678+0000] {processor.py:208} INFO - Processing /home/airflow/.local/lib/python3.12/site-packages/airflow/example_dags/example_latest_only_with_trigger.py took 0.074 seconds
[2024-11-11T19:14:09.605+0000] {processor.py:186} INFO - Started process (PID=2122) to work on /home/airflow/.local/lib/python3.12/site-packages/airflow/example_dags/example_latest_only_with_trigger.py
[2024-11-11T19:14:09.605+0000] {processor.py:914} INFO - Processing file /home/airflow/.local/lib/python3.12/site-packages/airflow/example_dags/example_latest_only_with_trigger.py for tasks to queue
[2024-11-11T19:14:09.607+0000] {logging_mixin.py:190} INFO - [2024-11-11T19:14:09.607+0000] {dagbag.py:588} INFO - Filling up the DagBag from /home/airflow/.local/lib/python3.12/site-packages/airflow/example_dags/example_latest_only_with_trigger.py
[2024-11-11T19:14:09.613+0000] {processor.py:925} INFO - DAG(s) 'latest_only_with_trigger' retrieved from /home/airflow/.local/lib/python3.12/site-packages/airflow/example_dags/example_latest_only_with_trigger.py
[2024-11-11T19:14:09.638+0000] {logging_mixin.py:190} INFO - [2024-11-11T19:14:09.638+0000] {dag.py:3239} INFO - Sync 1 DAGs
[2024-11-11T19:14:09.656+0000] {logging_mixin.py:190} INFO - [2024-11-11T19:14:09.656+0000] {dag.py:4180} INFO - Setting next_dagrun for latest_only_with_trigger to 2024-11-11 12:00:00+00:00, run_after=2024-11-11 16:00:00+00:00
[2024-11-11T19:14:09.670+0000] {processor.py:208} INFO - Processing /home/airflow/.local/lib/python3.12/site-packages/airflow/example_dags/example_latest_only_with_trigger.py took 0.071 seconds
[2024-11-11T19:14:40.953+0000] {processor.py:186} INFO - Started process (PID=2189) to work on /home/airflow/.local/lib/python3.12/site-packages/airflow/example_dags/example_latest_only_with_trigger.py
[2024-11-11T19:14:40.954+0000] {processor.py:914} INFO - Processing file /home/airflow/.local/lib/python3.12/site-packages/airflow/example_dags/example_latest_only_with_trigger.py for tasks to queue
[2024-11-11T19:14:40.956+0000] {logging_mixin.py:190} INFO - [2024-11-11T19:14:40.955+0000] {dagbag.py:588} INFO - Filling up the DagBag from /home/airflow/.local/lib/python3.12/site-packages/airflow/example_dags/example_latest_only_with_trigger.py
[2024-11-11T19:14:40.962+0000] {processor.py:925} INFO - DAG(s) 'latest_only_with_trigger' retrieved from /home/airflow/.local/lib/python3.12/site-packages/airflow/example_dags/example_latest_only_with_trigger.py
[2024-11-11T19:14:40.995+0000] {logging_mixin.py:190} INFO - [2024-11-11T19:14:40.995+0000] {dag.py:3239} INFO - Sync 1 DAGs
[2024-11-11T19:14:41.013+0000] {logging_mixin.py:190} INFO - [2024-11-11T19:14:41.013+0000] {dag.py:4180} INFO - Setting next_dagrun for latest_only_with_trigger to 2024-11-11 12:00:00+00:00, run_after=2024-11-11 16:00:00+00:00
[2024-11-11T19:14:41.029+0000] {processor.py:208} INFO - Processing /home/airflow/.local/lib/python3.12/site-packages/airflow/example_dags/example_latest_only_with_trigger.py took 0.081 seconds
[2024-11-11T19:15:11.655+0000] {processor.py:186} INFO - Started process (PID=2254) to work on /home/airflow/.local/lib/python3.12/site-packages/airflow/example_dags/example_latest_only_with_trigger.py
[2024-11-11T19:15:11.656+0000] {processor.py:914} INFO - Processing file /home/airflow/.local/lib/python3.12/site-packages/airflow/example_dags/example_latest_only_with_trigger.py for tasks to queue
[2024-11-11T19:15:11.658+0000] {logging_mixin.py:190} INFO - [2024-11-11T19:15:11.657+0000] {dagbag.py:588} INFO - Filling up the DagBag from /home/airflow/.local/lib/python3.12/site-packages/airflow/example_dags/example_latest_only_with_trigger.py
[2024-11-11T19:15:11.663+0000] {processor.py:925} INFO - DAG(s) 'latest_only_with_trigger' retrieved from /home/airflow/.local/lib/python3.12/site-packages/airflow/example_dags/example_latest_only_with_trigger.py
[2024-11-11T19:15:11.679+0000] {logging_mixin.py:190} INFO - [2024-11-11T19:15:11.679+0000] {dag.py:3239} INFO - Sync 1 DAGs
[2024-11-11T19:15:11.698+0000] {logging_mixin.py:190} INFO - [2024-11-11T19:15:11.698+0000] {dag.py:4180} INFO - Setting next_dagrun for latest_only_with_trigger to 2024-11-11 12:00:00+00:00, run_after=2024-11-11 16:00:00+00:00
[2024-11-11T19:15:11.711+0000] {processor.py:208} INFO - Processing /home/airflow/.local/lib/python3.12/site-packages/airflow/example_dags/example_latest_only_with_trigger.py took 0.061 seconds
[2024-11-11T19:15:43.854+0000] {processor.py:186} INFO - Started process (PID=2319) to work on /home/airflow/.local/lib/python3.12/site-packages/airflow/example_dags/example_latest_only_with_trigger.py
[2024-11-11T19:15:43.855+0000] {processor.py:914} INFO - Processing file /home/airflow/.local/lib/python3.12/site-packages/airflow/example_dags/example_latest_only_with_trigger.py for tasks to queue
[2024-11-11T19:15:43.863+0000] {logging_mixin.py:190} INFO - [2024-11-11T19:15:43.861+0000] {dagbag.py:588} INFO - Filling up the DagBag from /home/airflow/.local/lib/python3.12/site-packages/airflow/example_dags/example_latest_only_with_trigger.py
[2024-11-11T19:15:43.875+0000] {processor.py:925} INFO - DAG(s) 'latest_only_with_trigger' retrieved from /home/airflow/.local/lib/python3.12/site-packages/airflow/example_dags/example_latest_only_with_trigger.py
[2024-11-11T19:15:43.894+0000] {logging_mixin.py:190} INFO - [2024-11-11T19:15:43.894+0000] {dag.py:3239} INFO - Sync 1 DAGs
[2024-11-11T19:15:43.916+0000] {logging_mixin.py:190} INFO - [2024-11-11T19:15:43.916+0000] {dag.py:4180} INFO - Setting next_dagrun for latest_only_with_trigger to 2024-11-11 12:00:00+00:00, run_after=2024-11-11 16:00:00+00:00
[2024-11-11T19:15:43.935+0000] {processor.py:208} INFO - Processing /home/airflow/.local/lib/python3.12/site-packages/airflow/example_dags/example_latest_only_with_trigger.py took 0.086 seconds
[2024-11-11T19:17:30.371+0000] {processor.py:186} INFO - Started process (PID=104) to work on /home/airflow/.local/lib/python3.12/site-packages/airflow/example_dags/example_latest_only_with_trigger.py
[2024-11-11T19:17:30.382+0000] {processor.py:914} INFO - Processing file /home/airflow/.local/lib/python3.12/site-packages/airflow/example_dags/example_latest_only_with_trigger.py for tasks to queue
[2024-11-11T19:17:30.400+0000] {logging_mixin.py:190} INFO - [2024-11-11T19:17:30.400+0000] {dagbag.py:588} INFO - Filling up the DagBag from /home/airflow/.local/lib/python3.12/site-packages/airflow/example_dags/example_latest_only_with_trigger.py
[2024-11-11T19:17:30.407+0000] {processor.py:925} INFO - DAG(s) 'latest_only_with_trigger' retrieved from /home/airflow/.local/lib/python3.12/site-packages/airflow/example_dags/example_latest_only_with_trigger.py
[2024-11-11T19:17:30.466+0000] {logging_mixin.py:190} INFO - [2024-11-11T19:17:30.466+0000] {dag.py:3239} INFO - Sync 1 DAGs
[2024-11-11T19:17:30.616+0000] {logging_mixin.py:190} INFO - [2024-11-11T19:17:30.616+0000] {dag.py:4180} INFO - Setting next_dagrun for latest_only_with_trigger to 2024-11-11 12:00:00+00:00, run_after=2024-11-11 16:00:00+00:00
[2024-11-11T19:17:30.649+0000] {processor.py:208} INFO - Processing /home/airflow/.local/lib/python3.12/site-packages/airflow/example_dags/example_latest_only_with_trigger.py took 0.283 seconds
[2024-11-11T19:18:18.701+0000] {processor.py:186} INFO - Started process (PID=176) to work on /home/airflow/.local/lib/python3.12/site-packages/airflow/example_dags/example_latest_only_with_trigger.py
[2024-11-11T19:18:18.702+0000] {processor.py:914} INFO - Processing file /home/airflow/.local/lib/python3.12/site-packages/airflow/example_dags/example_latest_only_with_trigger.py for tasks to queue
[2024-11-11T19:18:18.704+0000] {logging_mixin.py:190} INFO - [2024-11-11T19:18:18.704+0000] {dagbag.py:588} INFO - Filling up the DagBag from /home/airflow/.local/lib/python3.12/site-packages/airflow/example_dags/example_latest_only_with_trigger.py
[2024-11-11T19:18:18.710+0000] {processor.py:925} INFO - DAG(s) 'latest_only_with_trigger' retrieved from /home/airflow/.local/lib/python3.12/site-packages/airflow/example_dags/example_latest_only_with_trigger.py
[2024-11-11T19:18:18.726+0000] {logging_mixin.py:190} INFO - [2024-11-11T19:18:18.726+0000] {dag.py:3239} INFO - Sync 1 DAGs
[2024-11-11T19:18:18.747+0000] {logging_mixin.py:190} INFO - [2024-11-11T19:18:18.746+0000] {dag.py:4180} INFO - Setting next_dagrun for latest_only_with_trigger to 2024-11-11 12:00:00+00:00, run_after=2024-11-11 16:00:00+00:00
[2024-11-11T19:18:18.762+0000] {processor.py:208} INFO - Processing /home/airflow/.local/lib/python3.12/site-packages/airflow/example_dags/example_latest_only_with_trigger.py took 0.065 seconds
[2024-11-11T19:18:50.699+0000] {processor.py:186} INFO - Started process (PID=242) to work on /home/airflow/.local/lib/python3.12/site-packages/airflow/example_dags/example_latest_only_with_trigger.py
[2024-11-11T19:18:50.705+0000] {processor.py:914} INFO - Processing file /home/airflow/.local/lib/python3.12/site-packages/airflow/example_dags/example_latest_only_with_trigger.py for tasks to queue
[2024-11-11T19:18:50.709+0000] {logging_mixin.py:190} INFO - [2024-11-11T19:18:50.708+0000] {dagbag.py:588} INFO - Filling up the DagBag from /home/airflow/.local/lib/python3.12/site-packages/airflow/example_dags/example_latest_only_with_trigger.py
[2024-11-11T19:18:50.727+0000] {processor.py:925} INFO - DAG(s) 'latest_only_with_trigger' retrieved from /home/airflow/.local/lib/python3.12/site-packages/airflow/example_dags/example_latest_only_with_trigger.py
[2024-11-11T19:18:50.765+0000] {logging_mixin.py:190} INFO - [2024-11-11T19:18:50.764+0000] {dag.py:3239} INFO - Sync 1 DAGs
[2024-11-11T19:18:50.802+0000] {logging_mixin.py:190} INFO - [2024-11-11T19:18:50.802+0000] {dag.py:4180} INFO - Setting next_dagrun for latest_only_with_trigger to 2024-11-11 12:00:00+00:00, run_after=2024-11-11 16:00:00+00:00
[2024-11-11T19:18:50.829+0000] {processor.py:208} INFO - Processing /home/airflow/.local/lib/python3.12/site-packages/airflow/example_dags/example_latest_only_with_trigger.py took 0.143 seconds
[2024-11-11T19:19:21.950+0000] {processor.py:186} INFO - Started process (PID=307) to work on /home/airflow/.local/lib/python3.12/site-packages/airflow/example_dags/example_latest_only_with_trigger.py
[2024-11-11T19:19:21.952+0000] {processor.py:914} INFO - Processing file /home/airflow/.local/lib/python3.12/site-packages/airflow/example_dags/example_latest_only_with_trigger.py for tasks to queue
[2024-11-11T19:19:22.003+0000] {logging_mixin.py:190} INFO - [2024-11-11T19:19:21.979+0000] {dagbag.py:588} INFO - Filling up the DagBag from /home/airflow/.local/lib/python3.12/site-packages/airflow/example_dags/example_latest_only_with_trigger.py
[2024-11-11T19:19:22.039+0000] {processor.py:925} INFO - DAG(s) 'latest_only_with_trigger' retrieved from /home/airflow/.local/lib/python3.12/site-packages/airflow/example_dags/example_latest_only_with_trigger.py
[2024-11-11T19:19:22.150+0000] {logging_mixin.py:190} INFO - [2024-11-11T19:19:22.149+0000] {dag.py:3239} INFO - Sync 1 DAGs
[2024-11-11T19:19:22.207+0000] {logging_mixin.py:190} INFO - [2024-11-11T19:19:22.207+0000] {dag.py:4180} INFO - Setting next_dagrun for latest_only_with_trigger to 2024-11-11 12:00:00+00:00, run_after=2024-11-11 16:00:00+00:00
[2024-11-11T19:19:22.282+0000] {processor.py:208} INFO - Processing /home/airflow/.local/lib/python3.12/site-packages/airflow/example_dags/example_latest_only_with_trigger.py took 0.366 seconds
[2024-11-11T19:28:34.997+0000] {processor.py:186} INFO - Started process (PID=97) to work on /home/airflow/.local/lib/python3.12/site-packages/airflow/example_dags/example_latest_only_with_trigger.py
[2024-11-11T19:28:34.998+0000] {processor.py:914} INFO - Processing file /home/airflow/.local/lib/python3.12/site-packages/airflow/example_dags/example_latest_only_with_trigger.py for tasks to queue
[2024-11-11T19:28:35.000+0000] {logging_mixin.py:190} INFO - [2024-11-11T19:28:35.000+0000] {dagbag.py:588} INFO - Filling up the DagBag from /home/airflow/.local/lib/python3.12/site-packages/airflow/example_dags/example_latest_only_with_trigger.py
[2024-11-11T19:28:35.008+0000] {processor.py:925} INFO - DAG(s) 'latest_only_with_trigger' retrieved from /home/airflow/.local/lib/python3.12/site-packages/airflow/example_dags/example_latest_only_with_trigger.py
[2024-11-11T19:28:35.032+0000] {logging_mixin.py:190} INFO - [2024-11-11T19:28:35.032+0000] {dag.py:3239} INFO - Sync 1 DAGs
[2024-11-11T19:28:35.065+0000] {logging_mixin.py:190} INFO - [2024-11-11T19:28:35.065+0000] {dag.py:4180} INFO - Setting next_dagrun for latest_only_with_trigger to 2024-11-11 12:00:00+00:00, run_after=2024-11-11 16:00:00+00:00
[2024-11-11T19:28:35.085+0000] {processor.py:208} INFO - Processing /home/airflow/.local/lib/python3.12/site-packages/airflow/example_dags/example_latest_only_with_trigger.py took 0.092 seconds
[2024-11-11T19:29:05.124+0000] {processor.py:186} INFO - Started process (PID=162) to work on /home/airflow/.local/lib/python3.12/site-packages/airflow/example_dags/example_latest_only_with_trigger.py
[2024-11-11T19:29:05.125+0000] {processor.py:914} INFO - Processing file /home/airflow/.local/lib/python3.12/site-packages/airflow/example_dags/example_latest_only_with_trigger.py for tasks to queue
[2024-11-11T19:29:05.127+0000] {logging_mixin.py:190} INFO - [2024-11-11T19:29:05.126+0000] {dagbag.py:588} INFO - Filling up the DagBag from /home/airflow/.local/lib/python3.12/site-packages/airflow/example_dags/example_latest_only_with_trigger.py
[2024-11-11T19:29:05.132+0000] {processor.py:925} INFO - DAG(s) 'latest_only_with_trigger' retrieved from /home/airflow/.local/lib/python3.12/site-packages/airflow/example_dags/example_latest_only_with_trigger.py
[2024-11-11T19:29:05.150+0000] {logging_mixin.py:190} INFO - [2024-11-11T19:29:05.150+0000] {dag.py:3239} INFO - Sync 1 DAGs
[2024-11-11T19:29:05.167+0000] {logging_mixin.py:190} INFO - [2024-11-11T19:29:05.167+0000] {dag.py:4180} INFO - Setting next_dagrun for latest_only_with_trigger to 2024-11-11 12:00:00+00:00, run_after=2024-11-11 16:00:00+00:00
[2024-11-11T19:29:05.182+0000] {processor.py:208} INFO - Processing /home/airflow/.local/lib/python3.12/site-packages/airflow/example_dags/example_latest_only_with_trigger.py took 0.062 seconds
[2024-11-11T19:29:36.041+0000] {processor.py:186} INFO - Started process (PID=228) to work on /home/airflow/.local/lib/python3.12/site-packages/airflow/example_dags/example_latest_only_with_trigger.py
[2024-11-11T19:29:36.042+0000] {processor.py:914} INFO - Processing file /home/airflow/.local/lib/python3.12/site-packages/airflow/example_dags/example_latest_only_with_trigger.py for tasks to queue
[2024-11-11T19:29:36.044+0000] {logging_mixin.py:190} INFO - [2024-11-11T19:29:36.044+0000] {dagbag.py:588} INFO - Filling up the DagBag from /home/airflow/.local/lib/python3.12/site-packages/airflow/example_dags/example_latest_only_with_trigger.py
[2024-11-11T19:29:36.050+0000] {processor.py:925} INFO - DAG(s) 'latest_only_with_trigger' retrieved from /home/airflow/.local/lib/python3.12/site-packages/airflow/example_dags/example_latest_only_with_trigger.py
[2024-11-11T19:29:36.068+0000] {logging_mixin.py:190} INFO - [2024-11-11T19:29:36.067+0000] {dag.py:3239} INFO - Sync 1 DAGs
[2024-11-11T19:29:36.087+0000] {logging_mixin.py:190} INFO - [2024-11-11T19:29:36.086+0000] {dag.py:4180} INFO - Setting next_dagrun for latest_only_with_trigger to 2024-11-11 12:00:00+00:00, run_after=2024-11-11 16:00:00+00:00
[2024-11-11T19:29:36.102+0000] {processor.py:208} INFO - Processing /home/airflow/.local/lib/python3.12/site-packages/airflow/example_dags/example_latest_only_with_trigger.py took 0.065 seconds
[2024-11-11T19:30:06.733+0000] {processor.py:186} INFO - Started process (PID=294) to work on /home/airflow/.local/lib/python3.12/site-packages/airflow/example_dags/example_latest_only_with_trigger.py
[2024-11-11T19:30:06.734+0000] {processor.py:914} INFO - Processing file /home/airflow/.local/lib/python3.12/site-packages/airflow/example_dags/example_latest_only_with_trigger.py for tasks to queue
[2024-11-11T19:30:06.736+0000] {logging_mixin.py:190} INFO - [2024-11-11T19:30:06.736+0000] {dagbag.py:588} INFO - Filling up the DagBag from /home/airflow/.local/lib/python3.12/site-packages/airflow/example_dags/example_latest_only_with_trigger.py
[2024-11-11T19:30:06.742+0000] {processor.py:925} INFO - DAG(s) 'latest_only_with_trigger' retrieved from /home/airflow/.local/lib/python3.12/site-packages/airflow/example_dags/example_latest_only_with_trigger.py
[2024-11-11T19:30:06.758+0000] {logging_mixin.py:190} INFO - [2024-11-11T19:30:06.758+0000] {dag.py:3239} INFO - Sync 1 DAGs
[2024-11-11T19:30:06.776+0000] {logging_mixin.py:190} INFO - [2024-11-11T19:30:06.775+0000] {dag.py:4180} INFO - Setting next_dagrun for latest_only_with_trigger to 2024-11-11 12:00:00+00:00, run_after=2024-11-11 16:00:00+00:00
[2024-11-11T19:30:06.794+0000] {processor.py:208} INFO - Processing /home/airflow/.local/lib/python3.12/site-packages/airflow/example_dags/example_latest_only_with_trigger.py took 0.066 seconds
[2024-11-11T19:30:37.457+0000] {processor.py:186} INFO - Started process (PID=360) to work on /home/airflow/.local/lib/python3.12/site-packages/airflow/example_dags/example_latest_only_with_trigger.py
[2024-11-11T19:30:37.458+0000] {processor.py:914} INFO - Processing file /home/airflow/.local/lib/python3.12/site-packages/airflow/example_dags/example_latest_only_with_trigger.py for tasks to queue
[2024-11-11T19:30:37.460+0000] {logging_mixin.py:190} INFO - [2024-11-11T19:30:37.460+0000] {dagbag.py:588} INFO - Filling up the DagBag from /home/airflow/.local/lib/python3.12/site-packages/airflow/example_dags/example_latest_only_with_trigger.py
[2024-11-11T19:30:37.468+0000] {processor.py:925} INFO - DAG(s) 'latest_only_with_trigger' retrieved from /home/airflow/.local/lib/python3.12/site-packages/airflow/example_dags/example_latest_only_with_trigger.py
[2024-11-11T19:30:37.488+0000] {logging_mixin.py:190} INFO - [2024-11-11T19:30:37.488+0000] {dag.py:3239} INFO - Sync 1 DAGs
[2024-11-11T19:30:37.524+0000] {logging_mixin.py:190} INFO - [2024-11-11T19:30:37.524+0000] {dag.py:4180} INFO - Setting next_dagrun for latest_only_with_trigger to 2024-11-11 12:00:00+00:00, run_after=2024-11-11 16:00:00+00:00
[2024-11-11T19:30:37.554+0000] {processor.py:208} INFO - Processing /home/airflow/.local/lib/python3.12/site-packages/airflow/example_dags/example_latest_only_with_trigger.py took 0.102 seconds
[2024-11-11T19:31:07.898+0000] {processor.py:186} INFO - Started process (PID=427) to work on /home/airflow/.local/lib/python3.12/site-packages/airflow/example_dags/example_latest_only_with_trigger.py
[2024-11-11T19:31:07.898+0000] {processor.py:914} INFO - Processing file /home/airflow/.local/lib/python3.12/site-packages/airflow/example_dags/example_latest_only_with_trigger.py for tasks to queue
[2024-11-11T19:31:07.900+0000] {logging_mixin.py:190} INFO - [2024-11-11T19:31:07.900+0000] {dagbag.py:588} INFO - Filling up the DagBag from /home/airflow/.local/lib/python3.12/site-packages/airflow/example_dags/example_latest_only_with_trigger.py
[2024-11-11T19:31:07.905+0000] {processor.py:925} INFO - DAG(s) 'latest_only_with_trigger' retrieved from /home/airflow/.local/lib/python3.12/site-packages/airflow/example_dags/example_latest_only_with_trigger.py
[2024-11-11T19:31:07.922+0000] {logging_mixin.py:190} INFO - [2024-11-11T19:31:07.922+0000] {dag.py:3239} INFO - Sync 1 DAGs
[2024-11-11T19:31:07.940+0000] {logging_mixin.py:190} INFO - [2024-11-11T19:31:07.940+0000] {dag.py:4180} INFO - Setting next_dagrun for latest_only_with_trigger to 2024-11-11 12:00:00+00:00, run_after=2024-11-11 16:00:00+00:00
[2024-11-11T19:31:07.954+0000] {processor.py:208} INFO - Processing /home/airflow/.local/lib/python3.12/site-packages/airflow/example_dags/example_latest_only_with_trigger.py took 0.061 seconds
[2024-11-11T19:31:38.588+0000] {processor.py:186} INFO - Started process (PID=493) to work on /home/airflow/.local/lib/python3.12/site-packages/airflow/example_dags/example_latest_only_with_trigger.py
[2024-11-11T19:31:38.589+0000] {processor.py:914} INFO - Processing file /home/airflow/.local/lib/python3.12/site-packages/airflow/example_dags/example_latest_only_with_trigger.py for tasks to queue
[2024-11-11T19:31:38.591+0000] {logging_mixin.py:190} INFO - [2024-11-11T19:31:38.591+0000] {dagbag.py:588} INFO - Filling up the DagBag from /home/airflow/.local/lib/python3.12/site-packages/airflow/example_dags/example_latest_only_with_trigger.py
[2024-11-11T19:31:38.596+0000] {processor.py:925} INFO - DAG(s) 'latest_only_with_trigger' retrieved from /home/airflow/.local/lib/python3.12/site-packages/airflow/example_dags/example_latest_only_with_trigger.py
[2024-11-11T19:31:38.613+0000] {logging_mixin.py:190} INFO - [2024-11-11T19:31:38.613+0000] {dag.py:3239} INFO - Sync 1 DAGs
[2024-11-11T19:31:38.630+0000] {logging_mixin.py:190} INFO - [2024-11-11T19:31:38.629+0000] {dag.py:4180} INFO - Setting next_dagrun for latest_only_with_trigger to 2024-11-11 12:00:00+00:00, run_after=2024-11-11 16:00:00+00:00
[2024-11-11T19:31:38.644+0000] {processor.py:208} INFO - Processing /home/airflow/.local/lib/python3.12/site-packages/airflow/example_dags/example_latest_only_with_trigger.py took 0.061 seconds
[2024-11-11T19:33:17.576+0000] {processor.py:186} INFO - Started process (PID=94) to work on /home/airflow/.local/lib/python3.12/site-packages/airflow/example_dags/example_latest_only_with_trigger.py
[2024-11-11T19:33:17.578+0000] {processor.py:914} INFO - Processing file /home/airflow/.local/lib/python3.12/site-packages/airflow/example_dags/example_latest_only_with_trigger.py for tasks to queue
[2024-11-11T19:33:17.583+0000] {logging_mixin.py:190} INFO - [2024-11-11T19:33:17.582+0000] {dagbag.py:588} INFO - Filling up the DagBag from /home/airflow/.local/lib/python3.12/site-packages/airflow/example_dags/example_latest_only_with_trigger.py
[2024-11-11T19:33:17.604+0000] {processor.py:925} INFO - DAG(s) 'latest_only_with_trigger' retrieved from /home/airflow/.local/lib/python3.12/site-packages/airflow/example_dags/example_latest_only_with_trigger.py
[2024-11-11T19:33:17.647+0000] {logging_mixin.py:190} INFO - [2024-11-11T19:33:17.647+0000] {dag.py:3239} INFO - Sync 1 DAGs
[2024-11-11T19:33:17.673+0000] {logging_mixin.py:190} INFO - [2024-11-11T19:33:17.673+0000] {dag.py:4180} INFO - Setting next_dagrun for latest_only_with_trigger to 2024-11-11 12:00:00+00:00, run_after=2024-11-11 16:00:00+00:00
[2024-11-11T19:33:17.694+0000] {processor.py:208} INFO - Processing /home/airflow/.local/lib/python3.12/site-packages/airflow/example_dags/example_latest_only_with_trigger.py took 0.125 seconds
[2024-11-11T19:34:21.125+0000] {processor.py:186} INFO - Started process (PID=100) to work on /home/airflow/.local/lib/python3.12/site-packages/airflow/example_dags/example_latest_only_with_trigger.py
[2024-11-11T19:34:21.126+0000] {processor.py:914} INFO - Processing file /home/airflow/.local/lib/python3.12/site-packages/airflow/example_dags/example_latest_only_with_trigger.py for tasks to queue
[2024-11-11T19:34:21.129+0000] {logging_mixin.py:190} INFO - [2024-11-11T19:34:21.128+0000] {dagbag.py:588} INFO - Filling up the DagBag from /home/airflow/.local/lib/python3.12/site-packages/airflow/example_dags/example_latest_only_with_trigger.py
[2024-11-11T19:34:21.140+0000] {processor.py:925} INFO - DAG(s) 'latest_only_with_trigger' retrieved from /home/airflow/.local/lib/python3.12/site-packages/airflow/example_dags/example_latest_only_with_trigger.py
[2024-11-11T19:34:21.161+0000] {logging_mixin.py:190} INFO - [2024-11-11T19:34:21.161+0000] {dag.py:3239} INFO - Sync 1 DAGs
[2024-11-11T19:34:21.184+0000] {logging_mixin.py:190} INFO - [2024-11-11T19:34:21.184+0000] {dag.py:4180} INFO - Setting next_dagrun for latest_only_with_trigger to 2024-11-11 12:00:00+00:00, run_after=2024-11-11 16:00:00+00:00
[2024-11-11T19:34:21.207+0000] {processor.py:208} INFO - Processing /home/airflow/.local/lib/python3.12/site-packages/airflow/example_dags/example_latest_only_with_trigger.py took 0.089 seconds
[2024-11-11T19:34:52.113+0000] {processor.py:186} INFO - Started process (PID=166) to work on /home/airflow/.local/lib/python3.12/site-packages/airflow/example_dags/example_latest_only_with_trigger.py
[2024-11-11T19:34:52.114+0000] {processor.py:914} INFO - Processing file /home/airflow/.local/lib/python3.12/site-packages/airflow/example_dags/example_latest_only_with_trigger.py for tasks to queue
[2024-11-11T19:34:52.115+0000] {logging_mixin.py:190} INFO - [2024-11-11T19:34:52.115+0000] {dagbag.py:588} INFO - Filling up the DagBag from /home/airflow/.local/lib/python3.12/site-packages/airflow/example_dags/example_latest_only_with_trigger.py
[2024-11-11T19:34:52.125+0000] {processor.py:925} INFO - DAG(s) 'latest_only_with_trigger' retrieved from /home/airflow/.local/lib/python3.12/site-packages/airflow/example_dags/example_latest_only_with_trigger.py
[2024-11-11T19:34:52.150+0000] {logging_mixin.py:190} INFO - [2024-11-11T19:34:52.150+0000] {dag.py:3239} INFO - Sync 1 DAGs
[2024-11-11T19:34:52.170+0000] {logging_mixin.py:190} INFO - [2024-11-11T19:34:52.170+0000] {dag.py:4180} INFO - Setting next_dagrun for latest_only_with_trigger to 2024-11-11 12:00:00+00:00, run_after=2024-11-11 16:00:00+00:00
[2024-11-11T19:34:52.186+0000] {processor.py:208} INFO - Processing /home/airflow/.local/lib/python3.12/site-packages/airflow/example_dags/example_latest_only_with_trigger.py took 0.077 seconds
[2024-11-11T19:35:22.651+0000] {processor.py:186} INFO - Started process (PID=232) to work on /home/airflow/.local/lib/python3.12/site-packages/airflow/example_dags/example_latest_only_with_trigger.py
[2024-11-11T19:35:22.651+0000] {processor.py:914} INFO - Processing file /home/airflow/.local/lib/python3.12/site-packages/airflow/example_dags/example_latest_only_with_trigger.py for tasks to queue
[2024-11-11T19:35:22.653+0000] {logging_mixin.py:190} INFO - [2024-11-11T19:35:22.653+0000] {dagbag.py:588} INFO - Filling up the DagBag from /home/airflow/.local/lib/python3.12/site-packages/airflow/example_dags/example_latest_only_with_trigger.py
[2024-11-11T19:35:22.659+0000] {processor.py:925} INFO - DAG(s) 'latest_only_with_trigger' retrieved from /home/airflow/.local/lib/python3.12/site-packages/airflow/example_dags/example_latest_only_with_trigger.py
[2024-11-11T19:35:22.676+0000] {logging_mixin.py:190} INFO - [2024-11-11T19:35:22.676+0000] {dag.py:3239} INFO - Sync 1 DAGs
[2024-11-11T19:35:22.693+0000] {logging_mixin.py:190} INFO - [2024-11-11T19:35:22.693+0000] {dag.py:4180} INFO - Setting next_dagrun for latest_only_with_trigger to 2024-11-11 12:00:00+00:00, run_after=2024-11-11 16:00:00+00:00
[2024-11-11T19:35:22.707+0000] {processor.py:208} INFO - Processing /home/airflow/.local/lib/python3.12/site-packages/airflow/example_dags/example_latest_only_with_trigger.py took 0.061 seconds
[2024-11-11T19:35:53.145+0000] {processor.py:186} INFO - Started process (PID=297) to work on /home/airflow/.local/lib/python3.12/site-packages/airflow/example_dags/example_latest_only_with_trigger.py
[2024-11-11T19:35:53.146+0000] {processor.py:914} INFO - Processing file /home/airflow/.local/lib/python3.12/site-packages/airflow/example_dags/example_latest_only_with_trigger.py for tasks to queue
[2024-11-11T19:35:53.148+0000] {logging_mixin.py:190} INFO - [2024-11-11T19:35:53.147+0000] {dagbag.py:588} INFO - Filling up the DagBag from /home/airflow/.local/lib/python3.12/site-packages/airflow/example_dags/example_latest_only_with_trigger.py
[2024-11-11T19:35:53.153+0000] {processor.py:925} INFO - DAG(s) 'latest_only_with_trigger' retrieved from /home/airflow/.local/lib/python3.12/site-packages/airflow/example_dags/example_latest_only_with_trigger.py
[2024-11-11T19:35:53.169+0000] {logging_mixin.py:190} INFO - [2024-11-11T19:35:53.169+0000] {dag.py:3239} INFO - Sync 1 DAGs
[2024-11-11T19:35:53.187+0000] {logging_mixin.py:190} INFO - [2024-11-11T19:35:53.187+0000] {dag.py:4180} INFO - Setting next_dagrun for latest_only_with_trigger to 2024-11-11 12:00:00+00:00, run_after=2024-11-11 16:00:00+00:00
[2024-11-11T19:35:53.202+0000] {processor.py:208} INFO - Processing /home/airflow/.local/lib/python3.12/site-packages/airflow/example_dags/example_latest_only_with_trigger.py took 0.062 seconds
