[2024-11-11T18:58:17.686+0000] {processor.py:186} INFO - Started process (PID=94) to work on /home/airflow/.local/lib/python3.12/site-packages/airflow/example_dags/example_xcom.py
[2024-11-11T18:58:17.692+0000] {processor.py:914} INFO - Processing file /home/airflow/.local/lib/python3.12/site-packages/airflow/example_dags/example_xcom.py for tasks to queue
[2024-11-11T18:58:17.696+0000] {logging_mixin.py:190} INFO - [2024-11-11T18:58:17.694+0000] {dagbag.py:588} INFO - Filling up the DagBag from /home/airflow/.local/lib/python3.12/site-packages/airflow/example_dags/example_xcom.py
[2024-11-11T18:58:17.722+0000] {processor.py:925} INFO - DAG(s) 'example_xcom' retrieved from /home/airflow/.local/lib/python3.12/site-packages/airflow/example_dags/example_xcom.py
[2024-11-11T18:58:17.767+0000] {logging_mixin.py:190} INFO - [2024-11-11T18:58:17.767+0000] {dag.py:3239} INFO - Sync 1 DAGs
[2024-11-11T18:58:17.814+0000] {logging_mixin.py:190} INFO - [2024-11-11T18:58:17.814+0000] {dag.py:4180} INFO - Setting next_dagrun for example_xcom to 2021-01-01 00:00:00+00:00, run_after=2021-01-01 00:00:00+00:00
[2024-11-11T18:58:17.846+0000] {processor.py:208} INFO - Processing /home/airflow/.local/lib/python3.12/site-packages/airflow/example_dags/example_xcom.py took 0.165 seconds
[2024-11-11T18:58:48.687+0000] {processor.py:186} INFO - Started process (PID=159) to work on /home/airflow/.local/lib/python3.12/site-packages/airflow/example_dags/example_xcom.py
[2024-11-11T18:58:48.688+0000] {processor.py:914} INFO - Processing file /home/airflow/.local/lib/python3.12/site-packages/airflow/example_dags/example_xcom.py for tasks to queue
[2024-11-11T18:58:48.689+0000] {logging_mixin.py:190} INFO - [2024-11-11T18:58:48.689+0000] {dagbag.py:588} INFO - Filling up the DagBag from /home/airflow/.local/lib/python3.12/site-packages/airflow/example_dags/example_xcom.py
[2024-11-11T18:58:48.708+0000] {processor.py:925} INFO - DAG(s) 'example_xcom' retrieved from /home/airflow/.local/lib/python3.12/site-packages/airflow/example_dags/example_xcom.py
[2024-11-11T18:58:48.741+0000] {logging_mixin.py:190} INFO - [2024-11-11T18:58:48.741+0000] {dag.py:3239} INFO - Sync 1 DAGs
[2024-11-11T18:58:48.777+0000] {logging_mixin.py:190} INFO - [2024-11-11T18:58:48.776+0000] {dag.py:4180} INFO - Setting next_dagrun for example_xcom to 2021-01-01 00:00:00+00:00, run_after=2021-01-01 00:00:00+00:00
[2024-11-11T18:58:48.795+0000] {processor.py:208} INFO - Processing /home/airflow/.local/lib/python3.12/site-packages/airflow/example_dags/example_xcom.py took 0.122 seconds
[2024-11-11T18:59:19.149+0000] {processor.py:186} INFO - Started process (PID=224) to work on /home/airflow/.local/lib/python3.12/site-packages/airflow/example_dags/example_xcom.py
[2024-11-11T18:59:19.150+0000] {processor.py:914} INFO - Processing file /home/airflow/.local/lib/python3.12/site-packages/airflow/example_dags/example_xcom.py for tasks to queue
[2024-11-11T18:59:19.155+0000] {logging_mixin.py:190} INFO - [2024-11-11T18:59:19.154+0000] {dagbag.py:588} INFO - Filling up the DagBag from /home/airflow/.local/lib/python3.12/site-packages/airflow/example_dags/example_xcom.py
[2024-11-11T18:59:19.173+0000] {processor.py:925} INFO - DAG(s) 'example_xcom' retrieved from /home/airflow/.local/lib/python3.12/site-packages/airflow/example_dags/example_xcom.py
[2024-11-11T18:59:19.193+0000] {logging_mixin.py:190} INFO - [2024-11-11T18:59:19.193+0000] {dag.py:3239} INFO - Sync 1 DAGs
[2024-11-11T18:59:19.212+0000] {logging_mixin.py:190} INFO - [2024-11-11T18:59:19.212+0000] {dag.py:4180} INFO - Setting next_dagrun for example_xcom to 2021-01-01 00:00:00+00:00, run_after=2021-01-01 00:00:00+00:00
[2024-11-11T18:59:19.228+0000] {processor.py:208} INFO - Processing /home/airflow/.local/lib/python3.12/site-packages/airflow/example_dags/example_xcom.py took 0.084 seconds
[2024-11-11T18:59:49.304+0000] {processor.py:186} INFO - Started process (PID=289) to work on /home/airflow/.local/lib/python3.12/site-packages/airflow/example_dags/example_xcom.py
[2024-11-11T18:59:49.304+0000] {processor.py:914} INFO - Processing file /home/airflow/.local/lib/python3.12/site-packages/airflow/example_dags/example_xcom.py for tasks to queue
[2024-11-11T18:59:49.310+0000] {logging_mixin.py:190} INFO - [2024-11-11T18:59:49.309+0000] {dagbag.py:588} INFO - Filling up the DagBag from /home/airflow/.local/lib/python3.12/site-packages/airflow/example_dags/example_xcom.py
[2024-11-11T18:59:49.332+0000] {processor.py:925} INFO - DAG(s) 'example_xcom' retrieved from /home/airflow/.local/lib/python3.12/site-packages/airflow/example_dags/example_xcom.py
[2024-11-11T18:59:49.388+0000] {logging_mixin.py:190} INFO - [2024-11-11T18:59:49.388+0000] {dag.py:3239} INFO - Sync 1 DAGs
[2024-11-11T18:59:49.438+0000] {logging_mixin.py:190} INFO - [2024-11-11T18:59:49.437+0000] {dag.py:4180} INFO - Setting next_dagrun for example_xcom to 2021-01-01 00:00:00+00:00, run_after=2021-01-01 00:00:00+00:00
[2024-11-11T18:59:49.468+0000] {processor.py:208} INFO - Processing /home/airflow/.local/lib/python3.12/site-packages/airflow/example_dags/example_xcom.py took 0.169 seconds
[2024-11-11T19:00:19.928+0000] {processor.py:186} INFO - Started process (PID=354) to work on /home/airflow/.local/lib/python3.12/site-packages/airflow/example_dags/example_xcom.py
[2024-11-11T19:00:19.928+0000] {processor.py:914} INFO - Processing file /home/airflow/.local/lib/python3.12/site-packages/airflow/example_dags/example_xcom.py for tasks to queue
[2024-11-11T19:00:19.930+0000] {logging_mixin.py:190} INFO - [2024-11-11T19:00:19.930+0000] {dagbag.py:588} INFO - Filling up the DagBag from /home/airflow/.local/lib/python3.12/site-packages/airflow/example_dags/example_xcom.py
[2024-11-11T19:00:19.938+0000] {processor.py:925} INFO - DAG(s) 'example_xcom' retrieved from /home/airflow/.local/lib/python3.12/site-packages/airflow/example_dags/example_xcom.py
[2024-11-11T19:00:19.955+0000] {logging_mixin.py:190} INFO - [2024-11-11T19:00:19.955+0000] {dag.py:3239} INFO - Sync 1 DAGs
[2024-11-11T19:00:19.976+0000] {logging_mixin.py:190} INFO - [2024-11-11T19:00:19.975+0000] {dag.py:4180} INFO - Setting next_dagrun for example_xcom to 2021-01-01 00:00:00+00:00, run_after=2021-01-01 00:00:00+00:00
[2024-11-11T19:00:19.993+0000] {processor.py:208} INFO - Processing /home/airflow/.local/lib/python3.12/site-packages/airflow/example_dags/example_xcom.py took 0.072 seconds
[2024-11-11T19:00:50.711+0000] {processor.py:186} INFO - Started process (PID=419) to work on /home/airflow/.local/lib/python3.12/site-packages/airflow/example_dags/example_xcom.py
[2024-11-11T19:00:50.712+0000] {processor.py:914} INFO - Processing file /home/airflow/.local/lib/python3.12/site-packages/airflow/example_dags/example_xcom.py for tasks to queue
[2024-11-11T19:00:50.714+0000] {logging_mixin.py:190} INFO - [2024-11-11T19:00:50.714+0000] {dagbag.py:588} INFO - Filling up the DagBag from /home/airflow/.local/lib/python3.12/site-packages/airflow/example_dags/example_xcom.py
[2024-11-11T19:00:50.721+0000] {processor.py:925} INFO - DAG(s) 'example_xcom' retrieved from /home/airflow/.local/lib/python3.12/site-packages/airflow/example_dags/example_xcom.py
[2024-11-11T19:00:50.739+0000] {logging_mixin.py:190} INFO - [2024-11-11T19:00:50.739+0000] {dag.py:3239} INFO - Sync 1 DAGs
[2024-11-11T19:00:50.756+0000] {logging_mixin.py:190} INFO - [2024-11-11T19:00:50.756+0000] {dag.py:4180} INFO - Setting next_dagrun for example_xcom to 2021-01-01 00:00:00+00:00, run_after=2021-01-01 00:00:00+00:00
[2024-11-11T19:00:50.772+0000] {processor.py:208} INFO - Processing /home/airflow/.local/lib/python3.12/site-packages/airflow/example_dags/example_xcom.py took 0.068 seconds
[2024-11-11T19:01:21.111+0000] {processor.py:186} INFO - Started process (PID=484) to work on /home/airflow/.local/lib/python3.12/site-packages/airflow/example_dags/example_xcom.py
[2024-11-11T19:01:21.111+0000] {processor.py:914} INFO - Processing file /home/airflow/.local/lib/python3.12/site-packages/airflow/example_dags/example_xcom.py for tasks to queue
[2024-11-11T19:01:21.113+0000] {logging_mixin.py:190} INFO - [2024-11-11T19:01:21.113+0000] {dagbag.py:588} INFO - Filling up the DagBag from /home/airflow/.local/lib/python3.12/site-packages/airflow/example_dags/example_xcom.py
[2024-11-11T19:01:21.121+0000] {processor.py:925} INFO - DAG(s) 'example_xcom' retrieved from /home/airflow/.local/lib/python3.12/site-packages/airflow/example_dags/example_xcom.py
[2024-11-11T19:01:21.137+0000] {logging_mixin.py:190} INFO - [2024-11-11T19:01:21.137+0000] {dag.py:3239} INFO - Sync 1 DAGs
[2024-11-11T19:01:21.166+0000] {logging_mixin.py:190} INFO - [2024-11-11T19:01:21.166+0000] {dag.py:4180} INFO - Setting next_dagrun for example_xcom to 2021-01-01 00:00:00+00:00, run_after=2021-01-01 00:00:00+00:00
[2024-11-11T19:01:21.182+0000] {processor.py:208} INFO - Processing /home/airflow/.local/lib/python3.12/site-packages/airflow/example_dags/example_xcom.py took 0.075 seconds
[2024-11-11T19:01:51.660+0000] {processor.py:186} INFO - Started process (PID=549) to work on /home/airflow/.local/lib/python3.12/site-packages/airflow/example_dags/example_xcom.py
[2024-11-11T19:01:51.660+0000] {processor.py:914} INFO - Processing file /home/airflow/.local/lib/python3.12/site-packages/airflow/example_dags/example_xcom.py for tasks to queue
[2024-11-11T19:01:51.664+0000] {logging_mixin.py:190} INFO - [2024-11-11T19:01:51.664+0000] {dagbag.py:588} INFO - Filling up the DagBag from /home/airflow/.local/lib/python3.12/site-packages/airflow/example_dags/example_xcom.py
[2024-11-11T19:01:51.671+0000] {processor.py:925} INFO - DAG(s) 'example_xcom' retrieved from /home/airflow/.local/lib/python3.12/site-packages/airflow/example_dags/example_xcom.py
[2024-11-11T19:01:51.689+0000] {logging_mixin.py:190} INFO - [2024-11-11T19:01:51.689+0000] {dag.py:3239} INFO - Sync 1 DAGs
[2024-11-11T19:01:51.714+0000] {logging_mixin.py:190} INFO - [2024-11-11T19:01:51.713+0000] {dag.py:4180} INFO - Setting next_dagrun for example_xcom to 2021-01-01 00:00:00+00:00, run_after=2021-01-01 00:00:00+00:00
[2024-11-11T19:01:51.727+0000] {processor.py:208} INFO - Processing /home/airflow/.local/lib/python3.12/site-packages/airflow/example_dags/example_xcom.py took 0.072 seconds
[2024-11-11T19:02:22.042+0000] {processor.py:186} INFO - Started process (PID=614) to work on /home/airflow/.local/lib/python3.12/site-packages/airflow/example_dags/example_xcom.py
[2024-11-11T19:02:22.043+0000] {processor.py:914} INFO - Processing file /home/airflow/.local/lib/python3.12/site-packages/airflow/example_dags/example_xcom.py for tasks to queue
[2024-11-11T19:02:22.045+0000] {logging_mixin.py:190} INFO - [2024-11-11T19:02:22.045+0000] {dagbag.py:588} INFO - Filling up the DagBag from /home/airflow/.local/lib/python3.12/site-packages/airflow/example_dags/example_xcom.py
[2024-11-11T19:02:22.053+0000] {processor.py:925} INFO - DAG(s) 'example_xcom' retrieved from /home/airflow/.local/lib/python3.12/site-packages/airflow/example_dags/example_xcom.py
[2024-11-11T19:02:22.070+0000] {logging_mixin.py:190} INFO - [2024-11-11T19:02:22.070+0000] {dag.py:3239} INFO - Sync 1 DAGs
[2024-11-11T19:02:22.087+0000] {logging_mixin.py:190} INFO - [2024-11-11T19:02:22.087+0000] {dag.py:4180} INFO - Setting next_dagrun for example_xcom to 2021-01-01 00:00:00+00:00, run_after=2021-01-01 00:00:00+00:00
[2024-11-11T19:02:22.105+0000] {processor.py:208} INFO - Processing /home/airflow/.local/lib/python3.12/site-packages/airflow/example_dags/example_xcom.py took 0.067 seconds
[2024-11-11T19:02:52.316+0000] {processor.py:186} INFO - Started process (PID=679) to work on /home/airflow/.local/lib/python3.12/site-packages/airflow/example_dags/example_xcom.py
[2024-11-11T19:02:52.318+0000] {processor.py:914} INFO - Processing file /home/airflow/.local/lib/python3.12/site-packages/airflow/example_dags/example_xcom.py for tasks to queue
[2024-11-11T19:02:52.320+0000] {logging_mixin.py:190} INFO - [2024-11-11T19:02:52.320+0000] {dagbag.py:588} INFO - Filling up the DagBag from /home/airflow/.local/lib/python3.12/site-packages/airflow/example_dags/example_xcom.py
[2024-11-11T19:02:52.329+0000] {processor.py:925} INFO - DAG(s) 'example_xcom' retrieved from /home/airflow/.local/lib/python3.12/site-packages/airflow/example_dags/example_xcom.py
[2024-11-11T19:02:52.347+0000] {logging_mixin.py:190} INFO - [2024-11-11T19:02:52.346+0000] {dag.py:3239} INFO - Sync 1 DAGs
[2024-11-11T19:02:52.368+0000] {logging_mixin.py:190} INFO - [2024-11-11T19:02:52.368+0000] {dag.py:4180} INFO - Setting next_dagrun for example_xcom to 2021-01-01 00:00:00+00:00, run_after=2021-01-01 00:00:00+00:00
[2024-11-11T19:02:52.392+0000] {processor.py:208} INFO - Processing /home/airflow/.local/lib/python3.12/site-packages/airflow/example_dags/example_xcom.py took 0.084 seconds
[2024-11-11T19:03:22.717+0000] {processor.py:186} INFO - Started process (PID=744) to work on /home/airflow/.local/lib/python3.12/site-packages/airflow/example_dags/example_xcom.py
[2024-11-11T19:03:22.718+0000] {processor.py:914} INFO - Processing file /home/airflow/.local/lib/python3.12/site-packages/airflow/example_dags/example_xcom.py for tasks to queue
[2024-11-11T19:03:22.720+0000] {logging_mixin.py:190} INFO - [2024-11-11T19:03:22.719+0000] {dagbag.py:588} INFO - Filling up the DagBag from /home/airflow/.local/lib/python3.12/site-packages/airflow/example_dags/example_xcom.py
[2024-11-11T19:03:22.727+0000] {processor.py:925} INFO - DAG(s) 'example_xcom' retrieved from /home/airflow/.local/lib/python3.12/site-packages/airflow/example_dags/example_xcom.py
[2024-11-11T19:03:22.741+0000] {logging_mixin.py:190} INFO - [2024-11-11T19:03:22.741+0000] {dag.py:3239} INFO - Sync 1 DAGs
[2024-11-11T19:03:22.757+0000] {logging_mixin.py:190} INFO - [2024-11-11T19:03:22.757+0000] {dag.py:4180} INFO - Setting next_dagrun for example_xcom to 2021-01-01 00:00:00+00:00, run_after=2021-01-01 00:00:00+00:00
[2024-11-11T19:03:22.771+0000] {processor.py:208} INFO - Processing /home/airflow/.local/lib/python3.12/site-packages/airflow/example_dags/example_xcom.py took 0.058 seconds
[2024-11-11T19:03:53.184+0000] {processor.py:186} INFO - Started process (PID=809) to work on /home/airflow/.local/lib/python3.12/site-packages/airflow/example_dags/example_xcom.py
[2024-11-11T19:03:53.185+0000] {processor.py:914} INFO - Processing file /home/airflow/.local/lib/python3.12/site-packages/airflow/example_dags/example_xcom.py for tasks to queue
[2024-11-11T19:03:53.186+0000] {logging_mixin.py:190} INFO - [2024-11-11T19:03:53.186+0000] {dagbag.py:588} INFO - Filling up the DagBag from /home/airflow/.local/lib/python3.12/site-packages/airflow/example_dags/example_xcom.py
[2024-11-11T19:03:53.194+0000] {processor.py:925} INFO - DAG(s) 'example_xcom' retrieved from /home/airflow/.local/lib/python3.12/site-packages/airflow/example_dags/example_xcom.py
[2024-11-11T19:03:53.214+0000] {logging_mixin.py:190} INFO - [2024-11-11T19:03:53.213+0000] {dag.py:3239} INFO - Sync 1 DAGs
[2024-11-11T19:03:53.233+0000] {logging_mixin.py:190} INFO - [2024-11-11T19:03:53.233+0000] {dag.py:4180} INFO - Setting next_dagrun for example_xcom to 2021-01-01 00:00:00+00:00, run_after=2021-01-01 00:00:00+00:00
[2024-11-11T19:03:53.252+0000] {processor.py:208} INFO - Processing /home/airflow/.local/lib/python3.12/site-packages/airflow/example_dags/example_xcom.py took 0.077 seconds
[2024-11-11T19:04:23.592+0000] {processor.py:186} INFO - Started process (PID=874) to work on /home/airflow/.local/lib/python3.12/site-packages/airflow/example_dags/example_xcom.py
[2024-11-11T19:04:23.593+0000] {processor.py:914} INFO - Processing file /home/airflow/.local/lib/python3.12/site-packages/airflow/example_dags/example_xcom.py for tasks to queue
[2024-11-11T19:04:23.596+0000] {logging_mixin.py:190} INFO - [2024-11-11T19:04:23.596+0000] {dagbag.py:588} INFO - Filling up the DagBag from /home/airflow/.local/lib/python3.12/site-packages/airflow/example_dags/example_xcom.py
[2024-11-11T19:04:23.605+0000] {processor.py:925} INFO - DAG(s) 'example_xcom' retrieved from /home/airflow/.local/lib/python3.12/site-packages/airflow/example_dags/example_xcom.py
[2024-11-11T19:04:23.633+0000] {logging_mixin.py:190} INFO - [2024-11-11T19:04:23.633+0000] {dag.py:3239} INFO - Sync 1 DAGs
[2024-11-11T19:04:23.661+0000] {logging_mixin.py:190} INFO - [2024-11-11T19:04:23.661+0000] {dag.py:4180} INFO - Setting next_dagrun for example_xcom to 2021-01-01 00:00:00+00:00, run_after=2021-01-01 00:00:00+00:00
[2024-11-11T19:04:23.680+0000] {processor.py:208} INFO - Processing /home/airflow/.local/lib/python3.12/site-packages/airflow/example_dags/example_xcom.py took 0.098 seconds
[2024-11-11T19:04:54.412+0000] {processor.py:186} INFO - Started process (PID=939) to work on /home/airflow/.local/lib/python3.12/site-packages/airflow/example_dags/example_xcom.py
[2024-11-11T19:04:54.413+0000] {processor.py:914} INFO - Processing file /home/airflow/.local/lib/python3.12/site-packages/airflow/example_dags/example_xcom.py for tasks to queue
[2024-11-11T19:04:54.415+0000] {logging_mixin.py:190} INFO - [2024-11-11T19:04:54.415+0000] {dagbag.py:588} INFO - Filling up the DagBag from /home/airflow/.local/lib/python3.12/site-packages/airflow/example_dags/example_xcom.py
[2024-11-11T19:04:54.422+0000] {processor.py:925} INFO - DAG(s) 'example_xcom' retrieved from /home/airflow/.local/lib/python3.12/site-packages/airflow/example_dags/example_xcom.py
[2024-11-11T19:04:54.438+0000] {logging_mixin.py:190} INFO - [2024-11-11T19:04:54.438+0000] {dag.py:3239} INFO - Sync 1 DAGs
[2024-11-11T19:04:54.455+0000] {logging_mixin.py:190} INFO - [2024-11-11T19:04:54.455+0000] {dag.py:4180} INFO - Setting next_dagrun for example_xcom to 2021-01-01 00:00:00+00:00, run_after=2021-01-01 00:00:00+00:00
[2024-11-11T19:04:54.469+0000] {processor.py:208} INFO - Processing /home/airflow/.local/lib/python3.12/site-packages/airflow/example_dags/example_xcom.py took 0.060 seconds
[2024-11-11T19:05:25.025+0000] {processor.py:186} INFO - Started process (PID=1004) to work on /home/airflow/.local/lib/python3.12/site-packages/airflow/example_dags/example_xcom.py
[2024-11-11T19:05:25.026+0000] {processor.py:914} INFO - Processing file /home/airflow/.local/lib/python3.12/site-packages/airflow/example_dags/example_xcom.py for tasks to queue
[2024-11-11T19:05:25.027+0000] {logging_mixin.py:190} INFO - [2024-11-11T19:05:25.027+0000] {dagbag.py:588} INFO - Filling up the DagBag from /home/airflow/.local/lib/python3.12/site-packages/airflow/example_dags/example_xcom.py
[2024-11-11T19:05:25.036+0000] {processor.py:925} INFO - DAG(s) 'example_xcom' retrieved from /home/airflow/.local/lib/python3.12/site-packages/airflow/example_dags/example_xcom.py
[2024-11-11T19:05:25.052+0000] {logging_mixin.py:190} INFO - [2024-11-11T19:05:25.052+0000] {dag.py:3239} INFO - Sync 1 DAGs
[2024-11-11T19:05:25.071+0000] {logging_mixin.py:190} INFO - [2024-11-11T19:05:25.070+0000] {dag.py:4180} INFO - Setting next_dagrun for example_xcom to 2021-01-01 00:00:00+00:00, run_after=2021-01-01 00:00:00+00:00
[2024-11-11T19:05:25.084+0000] {processor.py:208} INFO - Processing /home/airflow/.local/lib/python3.12/site-packages/airflow/example_dags/example_xcom.py took 0.065 seconds
[2024-11-11T19:05:56.187+0000] {processor.py:186} INFO - Started process (PID=1069) to work on /home/airflow/.local/lib/python3.12/site-packages/airflow/example_dags/example_xcom.py
[2024-11-11T19:05:56.188+0000] {processor.py:914} INFO - Processing file /home/airflow/.local/lib/python3.12/site-packages/airflow/example_dags/example_xcom.py for tasks to queue
[2024-11-11T19:05:56.191+0000] {logging_mixin.py:190} INFO - [2024-11-11T19:05:56.191+0000] {dagbag.py:588} INFO - Filling up the DagBag from /home/airflow/.local/lib/python3.12/site-packages/airflow/example_dags/example_xcom.py
[2024-11-11T19:05:56.210+0000] {processor.py:925} INFO - DAG(s) 'example_xcom' retrieved from /home/airflow/.local/lib/python3.12/site-packages/airflow/example_dags/example_xcom.py
[2024-11-11T19:05:56.252+0000] {logging_mixin.py:190} INFO - [2024-11-11T19:05:56.247+0000] {dag.py:3239} INFO - Sync 1 DAGs
[2024-11-11T19:05:56.290+0000] {logging_mixin.py:190} INFO - [2024-11-11T19:05:56.289+0000] {dag.py:4180} INFO - Setting next_dagrun for example_xcom to 2021-01-01 00:00:00+00:00, run_after=2021-01-01 00:00:00+00:00
[2024-11-11T19:05:56.323+0000] {processor.py:208} INFO - Processing /home/airflow/.local/lib/python3.12/site-packages/airflow/example_dags/example_xcom.py took 0.140 seconds
[2024-11-11T19:06:26.430+0000] {processor.py:186} INFO - Started process (PID=1135) to work on /home/airflow/.local/lib/python3.12/site-packages/airflow/example_dags/example_xcom.py
[2024-11-11T19:06:26.430+0000] {processor.py:914} INFO - Processing file /home/airflow/.local/lib/python3.12/site-packages/airflow/example_dags/example_xcom.py for tasks to queue
[2024-11-11T19:06:26.432+0000] {logging_mixin.py:190} INFO - [2024-11-11T19:06:26.432+0000] {dagbag.py:588} INFO - Filling up the DagBag from /home/airflow/.local/lib/python3.12/site-packages/airflow/example_dags/example_xcom.py
[2024-11-11T19:06:26.440+0000] {processor.py:925} INFO - DAG(s) 'example_xcom' retrieved from /home/airflow/.local/lib/python3.12/site-packages/airflow/example_dags/example_xcom.py
[2024-11-11T19:06:26.461+0000] {logging_mixin.py:190} INFO - [2024-11-11T19:06:26.461+0000] {dag.py:3239} INFO - Sync 1 DAGs
[2024-11-11T19:06:26.482+0000] {logging_mixin.py:190} INFO - [2024-11-11T19:06:26.482+0000] {dag.py:4180} INFO - Setting next_dagrun for example_xcom to 2021-01-01 00:00:00+00:00, run_after=2021-01-01 00:00:00+00:00
[2024-11-11T19:06:26.499+0000] {processor.py:208} INFO - Processing /home/airflow/.local/lib/python3.12/site-packages/airflow/example_dags/example_xcom.py took 0.074 seconds
[2024-11-11T19:06:56.879+0000] {processor.py:186} INFO - Started process (PID=1201) to work on /home/airflow/.local/lib/python3.12/site-packages/airflow/example_dags/example_xcom.py
[2024-11-11T19:06:56.880+0000] {processor.py:914} INFO - Processing file /home/airflow/.local/lib/python3.12/site-packages/airflow/example_dags/example_xcom.py for tasks to queue
[2024-11-11T19:06:56.882+0000] {logging_mixin.py:190} INFO - [2024-11-11T19:06:56.881+0000] {dagbag.py:588} INFO - Filling up the DagBag from /home/airflow/.local/lib/python3.12/site-packages/airflow/example_dags/example_xcom.py
[2024-11-11T19:06:56.889+0000] {processor.py:925} INFO - DAG(s) 'example_xcom' retrieved from /home/airflow/.local/lib/python3.12/site-packages/airflow/example_dags/example_xcom.py
[2024-11-11T19:06:56.908+0000] {logging_mixin.py:190} INFO - [2024-11-11T19:06:56.908+0000] {dag.py:3239} INFO - Sync 1 DAGs
[2024-11-11T19:06:56.927+0000] {logging_mixin.py:190} INFO - [2024-11-11T19:06:56.927+0000] {dag.py:4180} INFO - Setting next_dagrun for example_xcom to 2021-01-01 00:00:00+00:00, run_after=2021-01-01 00:00:00+00:00
[2024-11-11T19:06:56.950+0000] {processor.py:208} INFO - Processing /home/airflow/.local/lib/python3.12/site-packages/airflow/example_dags/example_xcom.py took 0.075 seconds
[2024-11-11T19:07:27.593+0000] {processor.py:186} INFO - Started process (PID=1266) to work on /home/airflow/.local/lib/python3.12/site-packages/airflow/example_dags/example_xcom.py
[2024-11-11T19:07:27.593+0000] {processor.py:914} INFO - Processing file /home/airflow/.local/lib/python3.12/site-packages/airflow/example_dags/example_xcom.py for tasks to queue
[2024-11-11T19:07:27.595+0000] {logging_mixin.py:190} INFO - [2024-11-11T19:07:27.595+0000] {dagbag.py:588} INFO - Filling up the DagBag from /home/airflow/.local/lib/python3.12/site-packages/airflow/example_dags/example_xcom.py
[2024-11-11T19:07:27.603+0000] {processor.py:925} INFO - DAG(s) 'example_xcom' retrieved from /home/airflow/.local/lib/python3.12/site-packages/airflow/example_dags/example_xcom.py
[2024-11-11T19:07:27.620+0000] {logging_mixin.py:190} INFO - [2024-11-11T19:07:27.620+0000] {dag.py:3239} INFO - Sync 1 DAGs
[2024-11-11T19:07:27.639+0000] {logging_mixin.py:190} INFO - [2024-11-11T19:07:27.639+0000] {dag.py:4180} INFO - Setting next_dagrun for example_xcom to 2021-01-01 00:00:00+00:00, run_after=2021-01-01 00:00:00+00:00
[2024-11-11T19:07:27.653+0000] {processor.py:208} INFO - Processing /home/airflow/.local/lib/python3.12/site-packages/airflow/example_dags/example_xcom.py took 0.065 seconds
[2024-11-11T19:07:58.012+0000] {processor.py:186} INFO - Started process (PID=1331) to work on /home/airflow/.local/lib/python3.12/site-packages/airflow/example_dags/example_xcom.py
[2024-11-11T19:07:58.013+0000] {processor.py:914} INFO - Processing file /home/airflow/.local/lib/python3.12/site-packages/airflow/example_dags/example_xcom.py for tasks to queue
[2024-11-11T19:07:58.014+0000] {logging_mixin.py:190} INFO - [2024-11-11T19:07:58.014+0000] {dagbag.py:588} INFO - Filling up the DagBag from /home/airflow/.local/lib/python3.12/site-packages/airflow/example_dags/example_xcom.py
[2024-11-11T19:07:58.022+0000] {processor.py:925} INFO - DAG(s) 'example_xcom' retrieved from /home/airflow/.local/lib/python3.12/site-packages/airflow/example_dags/example_xcom.py
[2024-11-11T19:07:58.038+0000] {logging_mixin.py:190} INFO - [2024-11-11T19:07:58.038+0000] {dag.py:3239} INFO - Sync 1 DAGs
[2024-11-11T19:07:58.057+0000] {logging_mixin.py:190} INFO - [2024-11-11T19:07:58.057+0000] {dag.py:4180} INFO - Setting next_dagrun for example_xcom to 2021-01-01 00:00:00+00:00, run_after=2021-01-01 00:00:00+00:00
[2024-11-11T19:07:58.073+0000] {processor.py:208} INFO - Processing /home/airflow/.local/lib/python3.12/site-packages/airflow/example_dags/example_xcom.py took 0.065 seconds
[2024-11-11T19:08:28.612+0000] {processor.py:186} INFO - Started process (PID=1396) to work on /home/airflow/.local/lib/python3.12/site-packages/airflow/example_dags/example_xcom.py
[2024-11-11T19:08:28.613+0000] {processor.py:914} INFO - Processing file /home/airflow/.local/lib/python3.12/site-packages/airflow/example_dags/example_xcom.py for tasks to queue
[2024-11-11T19:08:28.614+0000] {logging_mixin.py:190} INFO - [2024-11-11T19:08:28.614+0000] {dagbag.py:588} INFO - Filling up the DagBag from /home/airflow/.local/lib/python3.12/site-packages/airflow/example_dags/example_xcom.py
[2024-11-11T19:08:28.624+0000] {processor.py:925} INFO - DAG(s) 'example_xcom' retrieved from /home/airflow/.local/lib/python3.12/site-packages/airflow/example_dags/example_xcom.py
[2024-11-11T19:08:28.643+0000] {logging_mixin.py:190} INFO - [2024-11-11T19:08:28.643+0000] {dag.py:3239} INFO - Sync 1 DAGs
[2024-11-11T19:08:28.672+0000] {logging_mixin.py:190} INFO - [2024-11-11T19:08:28.672+0000] {dag.py:4180} INFO - Setting next_dagrun for example_xcom to 2021-01-01 00:00:00+00:00, run_after=2021-01-01 00:00:00+00:00
[2024-11-11T19:08:28.686+0000] {processor.py:208} INFO - Processing /home/airflow/.local/lib/python3.12/site-packages/airflow/example_dags/example_xcom.py took 0.079 seconds
[2024-11-11T19:08:59.345+0000] {processor.py:186} INFO - Started process (PID=1460) to work on /home/airflow/.local/lib/python3.12/site-packages/airflow/example_dags/example_xcom.py
[2024-11-11T19:08:59.346+0000] {processor.py:914} INFO - Processing file /home/airflow/.local/lib/python3.12/site-packages/airflow/example_dags/example_xcom.py for tasks to queue
[2024-11-11T19:08:59.348+0000] {logging_mixin.py:190} INFO - [2024-11-11T19:08:59.348+0000] {dagbag.py:588} INFO - Filling up the DagBag from /home/airflow/.local/lib/python3.12/site-packages/airflow/example_dags/example_xcom.py
[2024-11-11T19:08:59.358+0000] {processor.py:925} INFO - DAG(s) 'example_xcom' retrieved from /home/airflow/.local/lib/python3.12/site-packages/airflow/example_dags/example_xcom.py
[2024-11-11T19:08:59.379+0000] {logging_mixin.py:190} INFO - [2024-11-11T19:08:59.378+0000] {dag.py:3239} INFO - Sync 1 DAGs
[2024-11-11T19:08:59.398+0000] {logging_mixin.py:190} INFO - [2024-11-11T19:08:59.398+0000] {dag.py:4180} INFO - Setting next_dagrun for example_xcom to 2021-01-01 00:00:00+00:00, run_after=2021-01-01 00:00:00+00:00
[2024-11-11T19:08:59.416+0000] {processor.py:208} INFO - Processing /home/airflow/.local/lib/python3.12/site-packages/airflow/example_dags/example_xcom.py took 0.079 seconds
[2024-11-11T19:09:30.050+0000] {processor.py:186} INFO - Started process (PID=1525) to work on /home/airflow/.local/lib/python3.12/site-packages/airflow/example_dags/example_xcom.py
[2024-11-11T19:09:30.051+0000] {processor.py:914} INFO - Processing file /home/airflow/.local/lib/python3.12/site-packages/airflow/example_dags/example_xcom.py for tasks to queue
[2024-11-11T19:09:30.054+0000] {logging_mixin.py:190} INFO - [2024-11-11T19:09:30.053+0000] {dagbag.py:588} INFO - Filling up the DagBag from /home/airflow/.local/lib/python3.12/site-packages/airflow/example_dags/example_xcom.py
[2024-11-11T19:09:30.061+0000] {processor.py:925} INFO - DAG(s) 'example_xcom' retrieved from /home/airflow/.local/lib/python3.12/site-packages/airflow/example_dags/example_xcom.py
[2024-11-11T19:09:30.082+0000] {logging_mixin.py:190} INFO - [2024-11-11T19:09:30.082+0000] {dag.py:3239} INFO - Sync 1 DAGs
[2024-11-11T19:09:30.106+0000] {logging_mixin.py:190} INFO - [2024-11-11T19:09:30.106+0000] {dag.py:4180} INFO - Setting next_dagrun for example_xcom to 2021-01-01 00:00:00+00:00, run_after=2021-01-01 00:00:00+00:00
[2024-11-11T19:09:30.123+0000] {processor.py:208} INFO - Processing /home/airflow/.local/lib/python3.12/site-packages/airflow/example_dags/example_xcom.py took 0.078 seconds
[2024-11-11T19:10:00.753+0000] {processor.py:186} INFO - Started process (PID=1590) to work on /home/airflow/.local/lib/python3.12/site-packages/airflow/example_dags/example_xcom.py
[2024-11-11T19:10:00.753+0000] {processor.py:914} INFO - Processing file /home/airflow/.local/lib/python3.12/site-packages/airflow/example_dags/example_xcom.py for tasks to queue
[2024-11-11T19:10:00.755+0000] {logging_mixin.py:190} INFO - [2024-11-11T19:10:00.755+0000] {dagbag.py:588} INFO - Filling up the DagBag from /home/airflow/.local/lib/python3.12/site-packages/airflow/example_dags/example_xcom.py
[2024-11-11T19:10:00.763+0000] {processor.py:925} INFO - DAG(s) 'example_xcom' retrieved from /home/airflow/.local/lib/python3.12/site-packages/airflow/example_dags/example_xcom.py
[2024-11-11T19:10:00.783+0000] {logging_mixin.py:190} INFO - [2024-11-11T19:10:00.783+0000] {dag.py:3239} INFO - Sync 1 DAGs
[2024-11-11T19:10:00.807+0000] {logging_mixin.py:190} INFO - [2024-11-11T19:10:00.807+0000] {dag.py:4180} INFO - Setting next_dagrun for example_xcom to 2021-01-01 00:00:00+00:00, run_after=2021-01-01 00:00:00+00:00
[2024-11-11T19:10:00.821+0000] {processor.py:208} INFO - Processing /home/airflow/.local/lib/python3.12/site-packages/airflow/example_dags/example_xcom.py took 0.074 seconds
[2024-11-11T19:10:31.641+0000] {processor.py:186} INFO - Started process (PID=1655) to work on /home/airflow/.local/lib/python3.12/site-packages/airflow/example_dags/example_xcom.py
[2024-11-11T19:10:31.642+0000] {processor.py:914} INFO - Processing file /home/airflow/.local/lib/python3.12/site-packages/airflow/example_dags/example_xcom.py for tasks to queue
[2024-11-11T19:10:31.644+0000] {logging_mixin.py:190} INFO - [2024-11-11T19:10:31.643+0000] {dagbag.py:588} INFO - Filling up the DagBag from /home/airflow/.local/lib/python3.12/site-packages/airflow/example_dags/example_xcom.py
[2024-11-11T19:10:31.652+0000] {processor.py:925} INFO - DAG(s) 'example_xcom' retrieved from /home/airflow/.local/lib/python3.12/site-packages/airflow/example_dags/example_xcom.py
[2024-11-11T19:10:31.668+0000] {logging_mixin.py:190} INFO - [2024-11-11T19:10:31.668+0000] {dag.py:3239} INFO - Sync 1 DAGs
[2024-11-11T19:10:31.688+0000] {logging_mixin.py:190} INFO - [2024-11-11T19:10:31.687+0000] {dag.py:4180} INFO - Setting next_dagrun for example_xcom to 2021-01-01 00:00:00+00:00, run_after=2021-01-01 00:00:00+00:00
[2024-11-11T19:10:31.707+0000] {processor.py:208} INFO - Processing /home/airflow/.local/lib/python3.12/site-packages/airflow/example_dags/example_xcom.py took 0.070 seconds
[2024-11-11T19:11:02.263+0000] {processor.py:186} INFO - Started process (PID=1720) to work on /home/airflow/.local/lib/python3.12/site-packages/airflow/example_dags/example_xcom.py
[2024-11-11T19:11:02.264+0000] {processor.py:914} INFO - Processing file /home/airflow/.local/lib/python3.12/site-packages/airflow/example_dags/example_xcom.py for tasks to queue
[2024-11-11T19:11:02.266+0000] {logging_mixin.py:190} INFO - [2024-11-11T19:11:02.266+0000] {dagbag.py:588} INFO - Filling up the DagBag from /home/airflow/.local/lib/python3.12/site-packages/airflow/example_dags/example_xcom.py
[2024-11-11T19:11:02.275+0000] {processor.py:925} INFO - DAG(s) 'example_xcom' retrieved from /home/airflow/.local/lib/python3.12/site-packages/airflow/example_dags/example_xcom.py
[2024-11-11T19:11:02.300+0000] {logging_mixin.py:190} INFO - [2024-11-11T19:11:02.300+0000] {dag.py:3239} INFO - Sync 1 DAGs
[2024-11-11T19:11:02.325+0000] {logging_mixin.py:190} INFO - [2024-11-11T19:11:02.325+0000] {dag.py:4180} INFO - Setting next_dagrun for example_xcom to 2021-01-01 00:00:00+00:00, run_after=2021-01-01 00:00:00+00:00
[2024-11-11T19:11:02.345+0000] {processor.py:208} INFO - Processing /home/airflow/.local/lib/python3.12/site-packages/airflow/example_dags/example_xcom.py took 0.087 seconds
[2024-11-11T19:11:34.058+0000] {processor.py:186} INFO - Started process (PID=1785) to work on /home/airflow/.local/lib/python3.12/site-packages/airflow/example_dags/example_xcom.py
[2024-11-11T19:11:34.059+0000] {processor.py:914} INFO - Processing file /home/airflow/.local/lib/python3.12/site-packages/airflow/example_dags/example_xcom.py for tasks to queue
[2024-11-11T19:11:34.062+0000] {logging_mixin.py:190} INFO - [2024-11-11T19:11:34.062+0000] {dagbag.py:588} INFO - Filling up the DagBag from /home/airflow/.local/lib/python3.12/site-packages/airflow/example_dags/example_xcom.py
[2024-11-11T19:11:34.076+0000] {processor.py:925} INFO - DAG(s) 'example_xcom' retrieved from /home/airflow/.local/lib/python3.12/site-packages/airflow/example_dags/example_xcom.py
[2024-11-11T19:11:34.110+0000] {logging_mixin.py:190} INFO - [2024-11-11T19:11:34.109+0000] {dag.py:3239} INFO - Sync 1 DAGs
[2024-11-11T19:11:34.141+0000] {logging_mixin.py:190} INFO - [2024-11-11T19:11:34.141+0000] {dag.py:4180} INFO - Setting next_dagrun for example_xcom to 2021-01-01 00:00:00+00:00, run_after=2021-01-01 00:00:00+00:00
[2024-11-11T19:11:34.176+0000] {processor.py:208} INFO - Processing /home/airflow/.local/lib/python3.12/site-packages/airflow/example_dags/example_xcom.py took 0.127 seconds
[2024-11-11T19:12:04.467+0000] {processor.py:186} INFO - Started process (PID=1850) to work on /home/airflow/.local/lib/python3.12/site-packages/airflow/example_dags/example_xcom.py
[2024-11-11T19:12:04.468+0000] {processor.py:914} INFO - Processing file /home/airflow/.local/lib/python3.12/site-packages/airflow/example_dags/example_xcom.py for tasks to queue
[2024-11-11T19:12:04.470+0000] {logging_mixin.py:190} INFO - [2024-11-11T19:12:04.469+0000] {dagbag.py:588} INFO - Filling up the DagBag from /home/airflow/.local/lib/python3.12/site-packages/airflow/example_dags/example_xcom.py
[2024-11-11T19:12:04.477+0000] {processor.py:925} INFO - DAG(s) 'example_xcom' retrieved from /home/airflow/.local/lib/python3.12/site-packages/airflow/example_dags/example_xcom.py
[2024-11-11T19:12:04.493+0000] {logging_mixin.py:190} INFO - [2024-11-11T19:12:04.493+0000] {dag.py:3239} INFO - Sync 1 DAGs
[2024-11-11T19:12:04.511+0000] {logging_mixin.py:190} INFO - [2024-11-11T19:12:04.511+0000] {dag.py:4180} INFO - Setting next_dagrun for example_xcom to 2021-01-01 00:00:00+00:00, run_after=2021-01-01 00:00:00+00:00
[2024-11-11T19:12:04.525+0000] {processor.py:208} INFO - Processing /home/airflow/.local/lib/python3.12/site-packages/airflow/example_dags/example_xcom.py took 0.063 seconds
[2024-11-11T19:12:35.160+0000] {processor.py:186} INFO - Started process (PID=1915) to work on /home/airflow/.local/lib/python3.12/site-packages/airflow/example_dags/example_xcom.py
[2024-11-11T19:12:35.161+0000] {processor.py:914} INFO - Processing file /home/airflow/.local/lib/python3.12/site-packages/airflow/example_dags/example_xcom.py for tasks to queue
[2024-11-11T19:12:35.163+0000] {logging_mixin.py:190} INFO - [2024-11-11T19:12:35.163+0000] {dagbag.py:588} INFO - Filling up the DagBag from /home/airflow/.local/lib/python3.12/site-packages/airflow/example_dags/example_xcom.py
[2024-11-11T19:12:35.171+0000] {processor.py:925} INFO - DAG(s) 'example_xcom' retrieved from /home/airflow/.local/lib/python3.12/site-packages/airflow/example_dags/example_xcom.py
[2024-11-11T19:12:35.187+0000] {logging_mixin.py:190} INFO - [2024-11-11T19:12:35.187+0000] {dag.py:3239} INFO - Sync 1 DAGs
[2024-11-11T19:12:35.206+0000] {logging_mixin.py:190} INFO - [2024-11-11T19:12:35.206+0000] {dag.py:4180} INFO - Setting next_dagrun for example_xcom to 2021-01-01 00:00:00+00:00, run_after=2021-01-01 00:00:00+00:00
[2024-11-11T19:12:35.223+0000] {processor.py:208} INFO - Processing /home/airflow/.local/lib/python3.12/site-packages/airflow/example_dags/example_xcom.py took 0.067 seconds
[2024-11-11T19:13:06.538+0000] {processor.py:186} INFO - Started process (PID=1980) to work on /home/airflow/.local/lib/python3.12/site-packages/airflow/example_dags/example_xcom.py
[2024-11-11T19:13:06.539+0000] {processor.py:914} INFO - Processing file /home/airflow/.local/lib/python3.12/site-packages/airflow/example_dags/example_xcom.py for tasks to queue
[2024-11-11T19:13:06.541+0000] {logging_mixin.py:190} INFO - [2024-11-11T19:13:06.541+0000] {dagbag.py:588} INFO - Filling up the DagBag from /home/airflow/.local/lib/python3.12/site-packages/airflow/example_dags/example_xcom.py
[2024-11-11T19:13:06.549+0000] {processor.py:925} INFO - DAG(s) 'example_xcom' retrieved from /home/airflow/.local/lib/python3.12/site-packages/airflow/example_dags/example_xcom.py
[2024-11-11T19:13:06.568+0000] {logging_mixin.py:190} INFO - [2024-11-11T19:13:06.568+0000] {dag.py:3239} INFO - Sync 1 DAGs
[2024-11-11T19:13:06.588+0000] {logging_mixin.py:190} INFO - [2024-11-11T19:13:06.588+0000] {dag.py:4180} INFO - Setting next_dagrun for example_xcom to 2021-01-01 00:00:00+00:00, run_after=2021-01-01 00:00:00+00:00
[2024-11-11T19:13:06.603+0000] {processor.py:208} INFO - Processing /home/airflow/.local/lib/python3.12/site-packages/airflow/example_dags/example_xcom.py took 0.070 seconds
[2024-11-11T19:13:38.107+0000] {processor.py:186} INFO - Started process (PID=2046) to work on /home/airflow/.local/lib/python3.12/site-packages/airflow/example_dags/example_xcom.py
[2024-11-11T19:13:38.107+0000] {processor.py:914} INFO - Processing file /home/airflow/.local/lib/python3.12/site-packages/airflow/example_dags/example_xcom.py for tasks to queue
[2024-11-11T19:13:38.109+0000] {logging_mixin.py:190} INFO - [2024-11-11T19:13:38.109+0000] {dagbag.py:588} INFO - Filling up the DagBag from /home/airflow/.local/lib/python3.12/site-packages/airflow/example_dags/example_xcom.py
[2024-11-11T19:13:38.117+0000] {processor.py:925} INFO - DAG(s) 'example_xcom' retrieved from /home/airflow/.local/lib/python3.12/site-packages/airflow/example_dags/example_xcom.py
[2024-11-11T19:13:38.134+0000] {logging_mixin.py:190} INFO - [2024-11-11T19:13:38.134+0000] {dag.py:3239} INFO - Sync 1 DAGs
[2024-11-11T19:13:38.152+0000] {logging_mixin.py:190} INFO - [2024-11-11T19:13:38.152+0000] {dag.py:4180} INFO - Setting next_dagrun for example_xcom to 2021-01-01 00:00:00+00:00, run_after=2021-01-01 00:00:00+00:00
[2024-11-11T19:13:38.170+0000] {processor.py:208} INFO - Processing /home/airflow/.local/lib/python3.12/site-packages/airflow/example_dags/example_xcom.py took 0.068 seconds
[2024-11-11T19:14:09.171+0000] {processor.py:186} INFO - Started process (PID=2113) to work on /home/airflow/.local/lib/python3.12/site-packages/airflow/example_dags/example_xcom.py
[2024-11-11T19:14:09.171+0000] {processor.py:914} INFO - Processing file /home/airflow/.local/lib/python3.12/site-packages/airflow/example_dags/example_xcom.py for tasks to queue
[2024-11-11T19:14:09.173+0000] {logging_mixin.py:190} INFO - [2024-11-11T19:14:09.173+0000] {dagbag.py:588} INFO - Filling up the DagBag from /home/airflow/.local/lib/python3.12/site-packages/airflow/example_dags/example_xcom.py
[2024-11-11T19:14:09.182+0000] {processor.py:925} INFO - DAG(s) 'example_xcom' retrieved from /home/airflow/.local/lib/python3.12/site-packages/airflow/example_dags/example_xcom.py
[2024-11-11T19:14:09.200+0000] {logging_mixin.py:190} INFO - [2024-11-11T19:14:09.199+0000] {dag.py:3239} INFO - Sync 1 DAGs
[2024-11-11T19:14:09.218+0000] {logging_mixin.py:190} INFO - [2024-11-11T19:14:09.218+0000] {dag.py:4180} INFO - Setting next_dagrun for example_xcom to 2021-01-01 00:00:00+00:00, run_after=2021-01-01 00:00:00+00:00
[2024-11-11T19:14:09.231+0000] {processor.py:208} INFO - Processing /home/airflow/.local/lib/python3.12/site-packages/airflow/example_dags/example_xcom.py took 0.064 seconds
[2024-11-11T19:14:40.499+0000] {processor.py:186} INFO - Started process (PID=2180) to work on /home/airflow/.local/lib/python3.12/site-packages/airflow/example_dags/example_xcom.py
[2024-11-11T19:14:40.500+0000] {processor.py:914} INFO - Processing file /home/airflow/.local/lib/python3.12/site-packages/airflow/example_dags/example_xcom.py for tasks to queue
[2024-11-11T19:14:40.501+0000] {logging_mixin.py:190} INFO - [2024-11-11T19:14:40.501+0000] {dagbag.py:588} INFO - Filling up the DagBag from /home/airflow/.local/lib/python3.12/site-packages/airflow/example_dags/example_xcom.py
[2024-11-11T19:14:40.509+0000] {processor.py:925} INFO - DAG(s) 'example_xcom' retrieved from /home/airflow/.local/lib/python3.12/site-packages/airflow/example_dags/example_xcom.py
[2024-11-11T19:14:40.539+0000] {logging_mixin.py:190} INFO - [2024-11-11T19:14:40.539+0000] {dag.py:3239} INFO - Sync 1 DAGs
[2024-11-11T19:14:40.559+0000] {logging_mixin.py:190} INFO - [2024-11-11T19:14:40.559+0000] {dag.py:4180} INFO - Setting next_dagrun for example_xcom to 2021-01-01 00:00:00+00:00, run_after=2021-01-01 00:00:00+00:00
[2024-11-11T19:14:40.580+0000] {processor.py:208} INFO - Processing /home/airflow/.local/lib/python3.12/site-packages/airflow/example_dags/example_xcom.py took 0.085 seconds
[2024-11-11T19:15:11.198+0000] {processor.py:186} INFO - Started process (PID=2245) to work on /home/airflow/.local/lib/python3.12/site-packages/airflow/example_dags/example_xcom.py
[2024-11-11T19:15:11.199+0000] {processor.py:914} INFO - Processing file /home/airflow/.local/lib/python3.12/site-packages/airflow/example_dags/example_xcom.py for tasks to queue
[2024-11-11T19:15:11.201+0000] {logging_mixin.py:190} INFO - [2024-11-11T19:15:11.200+0000] {dagbag.py:588} INFO - Filling up the DagBag from /home/airflow/.local/lib/python3.12/site-packages/airflow/example_dags/example_xcom.py
[2024-11-11T19:15:11.211+0000] {processor.py:925} INFO - DAG(s) 'example_xcom' retrieved from /home/airflow/.local/lib/python3.12/site-packages/airflow/example_dags/example_xcom.py
[2024-11-11T19:15:11.233+0000] {logging_mixin.py:190} INFO - [2024-11-11T19:15:11.233+0000] {dag.py:3239} INFO - Sync 1 DAGs
[2024-11-11T19:15:11.254+0000] {logging_mixin.py:190} INFO - [2024-11-11T19:15:11.254+0000] {dag.py:4180} INFO - Setting next_dagrun for example_xcom to 2021-01-01 00:00:00+00:00, run_after=2021-01-01 00:00:00+00:00
[2024-11-11T19:15:11.271+0000] {processor.py:208} INFO - Processing /home/airflow/.local/lib/python3.12/site-packages/airflow/example_dags/example_xcom.py took 0.077 seconds
[2024-11-11T19:15:43.341+0000] {processor.py:186} INFO - Started process (PID=2310) to work on /home/airflow/.local/lib/python3.12/site-packages/airflow/example_dags/example_xcom.py
[2024-11-11T19:15:43.342+0000] {processor.py:914} INFO - Processing file /home/airflow/.local/lib/python3.12/site-packages/airflow/example_dags/example_xcom.py for tasks to queue
[2024-11-11T19:15:43.344+0000] {logging_mixin.py:190} INFO - [2024-11-11T19:15:43.344+0000] {dagbag.py:588} INFO - Filling up the DagBag from /home/airflow/.local/lib/python3.12/site-packages/airflow/example_dags/example_xcom.py
[2024-11-11T19:15:43.352+0000] {processor.py:925} INFO - DAG(s) 'example_xcom' retrieved from /home/airflow/.local/lib/python3.12/site-packages/airflow/example_dags/example_xcom.py
[2024-11-11T19:15:43.367+0000] {logging_mixin.py:190} INFO - [2024-11-11T19:15:43.367+0000] {dag.py:3239} INFO - Sync 1 DAGs
[2024-11-11T19:15:43.384+0000] {logging_mixin.py:190} INFO - [2024-11-11T19:15:43.384+0000] {dag.py:4180} INFO - Setting next_dagrun for example_xcom to 2021-01-01 00:00:00+00:00, run_after=2021-01-01 00:00:00+00:00
[2024-11-11T19:15:43.401+0000] {processor.py:208} INFO - Processing /home/airflow/.local/lib/python3.12/site-packages/airflow/example_dags/example_xcom.py took 0.064 seconds
[2024-11-11T19:17:29.204+0000] {processor.py:186} INFO - Started process (PID=95) to work on /home/airflow/.local/lib/python3.12/site-packages/airflow/example_dags/example_xcom.py
[2024-11-11T19:17:29.206+0000] {processor.py:914} INFO - Processing file /home/airflow/.local/lib/python3.12/site-packages/airflow/example_dags/example_xcom.py for tasks to queue
[2024-11-11T19:17:29.208+0000] {logging_mixin.py:190} INFO - [2024-11-11T19:17:29.207+0000] {dagbag.py:588} INFO - Filling up the DagBag from /home/airflow/.local/lib/python3.12/site-packages/airflow/example_dags/example_xcom.py
[2024-11-11T19:17:29.225+0000] {processor.py:925} INFO - DAG(s) 'example_xcom' retrieved from /home/airflow/.local/lib/python3.12/site-packages/airflow/example_dags/example_xcom.py
[2024-11-11T19:17:29.264+0000] {logging_mixin.py:190} INFO - [2024-11-11T19:17:29.264+0000] {dag.py:3239} INFO - Sync 1 DAGs
[2024-11-11T19:17:29.288+0000] {logging_mixin.py:190} INFO - [2024-11-11T19:17:29.288+0000] {dag.py:4180} INFO - Setting next_dagrun for example_xcom to 2021-01-01 00:00:00+00:00, run_after=2021-01-01 00:00:00+00:00
[2024-11-11T19:17:29.307+0000] {processor.py:208} INFO - Processing /home/airflow/.local/lib/python3.12/site-packages/airflow/example_dags/example_xcom.py took 0.116 seconds
[2024-11-11T19:18:18.195+0000] {processor.py:186} INFO - Started process (PID=167) to work on /home/airflow/.local/lib/python3.12/site-packages/airflow/example_dags/example_xcom.py
[2024-11-11T19:18:18.197+0000] {processor.py:914} INFO - Processing file /home/airflow/.local/lib/python3.12/site-packages/airflow/example_dags/example_xcom.py for tasks to queue
[2024-11-11T19:18:18.199+0000] {logging_mixin.py:190} INFO - [2024-11-11T19:18:18.198+0000] {dagbag.py:588} INFO - Filling up the DagBag from /home/airflow/.local/lib/python3.12/site-packages/airflow/example_dags/example_xcom.py
[2024-11-11T19:18:18.208+0000] {processor.py:925} INFO - DAG(s) 'example_xcom' retrieved from /home/airflow/.local/lib/python3.12/site-packages/airflow/example_dags/example_xcom.py
[2024-11-11T19:18:18.233+0000] {logging_mixin.py:190} INFO - [2024-11-11T19:18:18.232+0000] {dag.py:3239} INFO - Sync 1 DAGs
[2024-11-11T19:18:18.251+0000] {logging_mixin.py:190} INFO - [2024-11-11T19:18:18.251+0000] {dag.py:4180} INFO - Setting next_dagrun for example_xcom to 2021-01-01 00:00:00+00:00, run_after=2021-01-01 00:00:00+00:00
[2024-11-11T19:18:18.266+0000] {processor.py:208} INFO - Processing /home/airflow/.local/lib/python3.12/site-packages/airflow/example_dags/example_xcom.py took 0.078 seconds
[2024-11-11T19:18:49.679+0000] {processor.py:186} INFO - Started process (PID=233) to work on /home/airflow/.local/lib/python3.12/site-packages/airflow/example_dags/example_xcom.py
[2024-11-11T19:18:49.693+0000] {processor.py:914} INFO - Processing file /home/airflow/.local/lib/python3.12/site-packages/airflow/example_dags/example_xcom.py for tasks to queue
[2024-11-11T19:18:49.701+0000] {logging_mixin.py:190} INFO - [2024-11-11T19:18:49.700+0000] {dagbag.py:588} INFO - Filling up the DagBag from /home/airflow/.local/lib/python3.12/site-packages/airflow/example_dags/example_xcom.py
[2024-11-11T19:18:49.708+0000] {processor.py:925} INFO - DAG(s) 'example_xcom' retrieved from /home/airflow/.local/lib/python3.12/site-packages/airflow/example_dags/example_xcom.py
[2024-11-11T19:18:49.746+0000] {logging_mixin.py:190} INFO - [2024-11-11T19:18:49.746+0000] {dag.py:3239} INFO - Sync 1 DAGs
[2024-11-11T19:18:49.785+0000] {logging_mixin.py:190} INFO - [2024-11-11T19:18:49.785+0000] {dag.py:4180} INFO - Setting next_dagrun for example_xcom to 2021-01-01 00:00:00+00:00, run_after=2021-01-01 00:00:00+00:00
[2024-11-11T19:18:49.814+0000] {processor.py:208} INFO - Processing /home/airflow/.local/lib/python3.12/site-packages/airflow/example_dags/example_xcom.py took 0.140 seconds
[2024-11-11T19:19:20.187+0000] {processor.py:186} INFO - Started process (PID=298) to work on /home/airflow/.local/lib/python3.12/site-packages/airflow/example_dags/example_xcom.py
[2024-11-11T19:19:20.188+0000] {processor.py:914} INFO - Processing file /home/airflow/.local/lib/python3.12/site-packages/airflow/example_dags/example_xcom.py for tasks to queue
[2024-11-11T19:19:20.190+0000] {logging_mixin.py:190} INFO - [2024-11-11T19:19:20.189+0000] {dagbag.py:588} INFO - Filling up the DagBag from /home/airflow/.local/lib/python3.12/site-packages/airflow/example_dags/example_xcom.py
[2024-11-11T19:19:20.197+0000] {processor.py:925} INFO - DAG(s) 'example_xcom' retrieved from /home/airflow/.local/lib/python3.12/site-packages/airflow/example_dags/example_xcom.py
[2024-11-11T19:19:20.215+0000] {logging_mixin.py:190} INFO - [2024-11-11T19:19:20.214+0000] {dag.py:3239} INFO - Sync 1 DAGs
[2024-11-11T19:19:20.232+0000] {logging_mixin.py:190} INFO - [2024-11-11T19:19:20.232+0000] {dag.py:4180} INFO - Setting next_dagrun for example_xcom to 2021-01-01 00:00:00+00:00, run_after=2021-01-01 00:00:00+00:00
[2024-11-11T19:19:20.246+0000] {processor.py:208} INFO - Processing /home/airflow/.local/lib/python3.12/site-packages/airflow/example_dags/example_xcom.py took 0.064 seconds
[2024-11-11T19:22:01.467+0000] {processor.py:186} INFO - Started process (PID=356) to work on /home/airflow/.local/lib/python3.12/site-packages/airflow/example_dags/example_xcom.py
[2024-11-11T19:22:01.469+0000] {processor.py:914} INFO - Processing file /home/airflow/.local/lib/python3.12/site-packages/airflow/example_dags/example_xcom.py for tasks to queue
[2024-11-11T19:22:01.471+0000] {logging_mixin.py:190} INFO - [2024-11-11T19:22:01.471+0000] {dagbag.py:588} INFO - Filling up the DagBag from /home/airflow/.local/lib/python3.12/site-packages/airflow/example_dags/example_xcom.py
[2024-11-11T19:22:01.493+0000] {processor.py:925} INFO - DAG(s) 'example_xcom' retrieved from /home/airflow/.local/lib/python3.12/site-packages/airflow/example_dags/example_xcom.py
[2024-11-11T19:22:01.549+0000] {logging_mixin.py:190} INFO - [2024-11-11T19:22:01.549+0000] {dag.py:3239} INFO - Sync 1 DAGs
[2024-11-11T19:22:01.648+0000] {logging_mixin.py:190} INFO - [2024-11-11T19:22:01.648+0000] {dag.py:4180} INFO - Setting next_dagrun for example_xcom to 2021-01-01 00:00:00+00:00, run_after=2021-01-01 00:00:00+00:00
[2024-11-11T19:22:01.698+0000] {processor.py:208} INFO - Processing /home/airflow/.local/lib/python3.12/site-packages/airflow/example_dags/example_xcom.py took 0.242 seconds
[2024-11-11T19:28:34.378+0000] {processor.py:186} INFO - Started process (PID=82) to work on /home/airflow/.local/lib/python3.12/site-packages/airflow/example_dags/example_xcom.py
[2024-11-11T19:28:34.379+0000] {processor.py:914} INFO - Processing file /home/airflow/.local/lib/python3.12/site-packages/airflow/example_dags/example_xcom.py for tasks to queue
[2024-11-11T19:28:34.388+0000] {logging_mixin.py:190} INFO - [2024-11-11T19:28:34.382+0000] {dagbag.py:588} INFO - Filling up the DagBag from /home/airflow/.local/lib/python3.12/site-packages/airflow/example_dags/example_xcom.py
[2024-11-11T19:28:34.400+0000] {processor.py:925} INFO - DAG(s) 'example_xcom' retrieved from /home/airflow/.local/lib/python3.12/site-packages/airflow/example_dags/example_xcom.py
[2024-11-11T19:28:34.433+0000] {logging_mixin.py:190} INFO - [2024-11-11T19:28:34.432+0000] {dag.py:3239} INFO - Sync 1 DAGs
[2024-11-11T19:28:34.475+0000] {logging_mixin.py:190} INFO - [2024-11-11T19:28:34.475+0000] {dag.py:4180} INFO - Setting next_dagrun for example_xcom to 2021-01-01 00:00:00+00:00, run_after=2021-01-01 00:00:00+00:00
[2024-11-11T19:28:34.498+0000] {processor.py:208} INFO - Processing /home/airflow/.local/lib/python3.12/site-packages/airflow/example_dags/example_xcom.py took 0.138 seconds
[2024-11-11T19:29:04.597+0000] {processor.py:186} INFO - Started process (PID=153) to work on /home/airflow/.local/lib/python3.12/site-packages/airflow/example_dags/example_xcom.py
[2024-11-11T19:29:04.598+0000] {processor.py:914} INFO - Processing file /home/airflow/.local/lib/python3.12/site-packages/airflow/example_dags/example_xcom.py for tasks to queue
[2024-11-11T19:29:04.599+0000] {logging_mixin.py:190} INFO - [2024-11-11T19:29:04.599+0000] {dagbag.py:588} INFO - Filling up the DagBag from /home/airflow/.local/lib/python3.12/site-packages/airflow/example_dags/example_xcom.py
[2024-11-11T19:29:04.607+0000] {processor.py:925} INFO - DAG(s) 'example_xcom' retrieved from /home/airflow/.local/lib/python3.12/site-packages/airflow/example_dags/example_xcom.py
[2024-11-11T19:29:04.623+0000] {logging_mixin.py:190} INFO - [2024-11-11T19:29:04.623+0000] {dag.py:3239} INFO - Sync 1 DAGs
[2024-11-11T19:29:04.641+0000] {logging_mixin.py:190} INFO - [2024-11-11T19:29:04.641+0000] {dag.py:4180} INFO - Setting next_dagrun for example_xcom to 2021-01-01 00:00:00+00:00, run_after=2021-01-01 00:00:00+00:00
[2024-11-11T19:29:04.654+0000] {processor.py:208} INFO - Processing /home/airflow/.local/lib/python3.12/site-packages/airflow/example_dags/example_xcom.py took 0.061 seconds
[2024-11-11T19:29:35.542+0000] {processor.py:186} INFO - Started process (PID=219) to work on /home/airflow/.local/lib/python3.12/site-packages/airflow/example_dags/example_xcom.py
[2024-11-11T19:29:35.543+0000] {processor.py:914} INFO - Processing file /home/airflow/.local/lib/python3.12/site-packages/airflow/example_dags/example_xcom.py for tasks to queue
[2024-11-11T19:29:35.544+0000] {logging_mixin.py:190} INFO - [2024-11-11T19:29:35.544+0000] {dagbag.py:588} INFO - Filling up the DagBag from /home/airflow/.local/lib/python3.12/site-packages/airflow/example_dags/example_xcom.py
[2024-11-11T19:29:35.552+0000] {processor.py:925} INFO - DAG(s) 'example_xcom' retrieved from /home/airflow/.local/lib/python3.12/site-packages/airflow/example_dags/example_xcom.py
[2024-11-11T19:29:35.571+0000] {logging_mixin.py:190} INFO - [2024-11-11T19:29:35.571+0000] {dag.py:3239} INFO - Sync 1 DAGs
[2024-11-11T19:29:35.589+0000] {logging_mixin.py:190} INFO - [2024-11-11T19:29:35.589+0000] {dag.py:4180} INFO - Setting next_dagrun for example_xcom to 2021-01-01 00:00:00+00:00, run_after=2021-01-01 00:00:00+00:00
[2024-11-11T19:29:35.607+0000] {processor.py:208} INFO - Processing /home/airflow/.local/lib/python3.12/site-packages/airflow/example_dags/example_xcom.py took 0.070 seconds
[2024-11-11T19:30:06.263+0000] {processor.py:186} INFO - Started process (PID=285) to work on /home/airflow/.local/lib/python3.12/site-packages/airflow/example_dags/example_xcom.py
[2024-11-11T19:30:06.264+0000] {processor.py:914} INFO - Processing file /home/airflow/.local/lib/python3.12/site-packages/airflow/example_dags/example_xcom.py for tasks to queue
[2024-11-11T19:30:06.266+0000] {logging_mixin.py:190} INFO - [2024-11-11T19:30:06.266+0000] {dagbag.py:588} INFO - Filling up the DagBag from /home/airflow/.local/lib/python3.12/site-packages/airflow/example_dags/example_xcom.py
[2024-11-11T19:30:06.273+0000] {processor.py:925} INFO - DAG(s) 'example_xcom' retrieved from /home/airflow/.local/lib/python3.12/site-packages/airflow/example_dags/example_xcom.py
[2024-11-11T19:30:06.290+0000] {logging_mixin.py:190} INFO - [2024-11-11T19:30:06.290+0000] {dag.py:3239} INFO - Sync 1 DAGs
[2024-11-11T19:30:06.308+0000] {logging_mixin.py:190} INFO - [2024-11-11T19:30:06.307+0000] {dag.py:4180} INFO - Setting next_dagrun for example_xcom to 2021-01-01 00:00:00+00:00, run_after=2021-01-01 00:00:00+00:00
[2024-11-11T19:30:06.321+0000] {processor.py:208} INFO - Processing /home/airflow/.local/lib/python3.12/site-packages/airflow/example_dags/example_xcom.py took 0.062 seconds
[2024-11-11T19:30:36.974+0000] {processor.py:186} INFO - Started process (PID=351) to work on /home/airflow/.local/lib/python3.12/site-packages/airflow/example_dags/example_xcom.py
[2024-11-11T19:30:36.974+0000] {processor.py:914} INFO - Processing file /home/airflow/.local/lib/python3.12/site-packages/airflow/example_dags/example_xcom.py for tasks to queue
[2024-11-11T19:30:36.977+0000] {logging_mixin.py:190} INFO - [2024-11-11T19:30:36.977+0000] {dagbag.py:588} INFO - Filling up the DagBag from /home/airflow/.local/lib/python3.12/site-packages/airflow/example_dags/example_xcom.py
[2024-11-11T19:30:36.985+0000] {processor.py:925} INFO - DAG(s) 'example_xcom' retrieved from /home/airflow/.local/lib/python3.12/site-packages/airflow/example_dags/example_xcom.py
[2024-11-11T19:30:37.004+0000] {logging_mixin.py:190} INFO - [2024-11-11T19:30:37.004+0000] {dag.py:3239} INFO - Sync 1 DAGs
[2024-11-11T19:30:37.024+0000] {logging_mixin.py:190} INFO - [2024-11-11T19:30:37.024+0000] {dag.py:4180} INFO - Setting next_dagrun for example_xcom to 2021-01-01 00:00:00+00:00, run_after=2021-01-01 00:00:00+00:00
[2024-11-11T19:30:37.046+0000] {processor.py:208} INFO - Processing /home/airflow/.local/lib/python3.12/site-packages/airflow/example_dags/example_xcom.py took 0.079 seconds
[2024-11-11T19:31:07.496+0000] {processor.py:186} INFO - Started process (PID=418) to work on /home/airflow/.local/lib/python3.12/site-packages/airflow/example_dags/example_xcom.py
[2024-11-11T19:31:07.497+0000] {processor.py:914} INFO - Processing file /home/airflow/.local/lib/python3.12/site-packages/airflow/example_dags/example_xcom.py for tasks to queue
[2024-11-11T19:31:07.499+0000] {logging_mixin.py:190} INFO - [2024-11-11T19:31:07.499+0000] {dagbag.py:588} INFO - Filling up the DagBag from /home/airflow/.local/lib/python3.12/site-packages/airflow/example_dags/example_xcom.py
[2024-11-11T19:31:07.506+0000] {processor.py:925} INFO - DAG(s) 'example_xcom' retrieved from /home/airflow/.local/lib/python3.12/site-packages/airflow/example_dags/example_xcom.py
[2024-11-11T19:31:07.523+0000] {logging_mixin.py:190} INFO - [2024-11-11T19:31:07.523+0000] {dag.py:3239} INFO - Sync 1 DAGs
[2024-11-11T19:31:07.540+0000] {logging_mixin.py:190} INFO - [2024-11-11T19:31:07.540+0000] {dag.py:4180} INFO - Setting next_dagrun for example_xcom to 2021-01-01 00:00:00+00:00, run_after=2021-01-01 00:00:00+00:00
[2024-11-11T19:31:07.554+0000] {processor.py:208} INFO - Processing /home/airflow/.local/lib/python3.12/site-packages/airflow/example_dags/example_xcom.py took 0.063 seconds
[2024-11-11T19:31:38.121+0000] {processor.py:186} INFO - Started process (PID=484) to work on /home/airflow/.local/lib/python3.12/site-packages/airflow/example_dags/example_xcom.py
[2024-11-11T19:31:38.122+0000] {processor.py:914} INFO - Processing file /home/airflow/.local/lib/python3.12/site-packages/airflow/example_dags/example_xcom.py for tasks to queue
[2024-11-11T19:31:38.124+0000] {logging_mixin.py:190} INFO - [2024-11-11T19:31:38.123+0000] {dagbag.py:588} INFO - Filling up the DagBag from /home/airflow/.local/lib/python3.12/site-packages/airflow/example_dags/example_xcom.py
[2024-11-11T19:31:38.132+0000] {processor.py:925} INFO - DAG(s) 'example_xcom' retrieved from /home/airflow/.local/lib/python3.12/site-packages/airflow/example_dags/example_xcom.py
[2024-11-11T19:31:38.150+0000] {logging_mixin.py:190} INFO - [2024-11-11T19:31:38.150+0000] {dag.py:3239} INFO - Sync 1 DAGs
[2024-11-11T19:31:38.167+0000] {logging_mixin.py:190} INFO - [2024-11-11T19:31:38.167+0000] {dag.py:4180} INFO - Setting next_dagrun for example_xcom to 2021-01-01 00:00:00+00:00, run_after=2021-01-01 00:00:00+00:00
[2024-11-11T19:31:38.181+0000] {processor.py:208} INFO - Processing /home/airflow/.local/lib/python3.12/site-packages/airflow/example_dags/example_xcom.py took 0.065 seconds
[2024-11-11T19:33:16.715+0000] {processor.py:186} INFO - Started process (PID=85) to work on /home/airflow/.local/lib/python3.12/site-packages/airflow/example_dags/example_xcom.py
[2024-11-11T19:33:16.716+0000] {processor.py:914} INFO - Processing file /home/airflow/.local/lib/python3.12/site-packages/airflow/example_dags/example_xcom.py for tasks to queue
[2024-11-11T19:33:16.718+0000] {logging_mixin.py:190} INFO - [2024-11-11T19:33:16.718+0000] {dagbag.py:588} INFO - Filling up the DagBag from /home/airflow/.local/lib/python3.12/site-packages/airflow/example_dags/example_xcom.py
[2024-11-11T19:33:16.740+0000] {processor.py:925} INFO - DAG(s) 'example_xcom' retrieved from /home/airflow/.local/lib/python3.12/site-packages/airflow/example_dags/example_xcom.py
[2024-11-11T19:33:16.796+0000] {logging_mixin.py:190} INFO - [2024-11-11T19:33:16.795+0000] {dag.py:3239} INFO - Sync 1 DAGs
[2024-11-11T19:33:16.827+0000] {logging_mixin.py:190} INFO - [2024-11-11T19:33:16.826+0000] {dag.py:4180} INFO - Setting next_dagrun for example_xcom to 2021-01-01 00:00:00+00:00, run_after=2021-01-01 00:00:00+00:00
[2024-11-11T19:33:16.862+0000] {processor.py:208} INFO - Processing /home/airflow/.local/lib/python3.12/site-packages/airflow/example_dags/example_xcom.py took 0.152 seconds
[2024-11-11T19:34:20.355+0000] {processor.py:186} INFO - Started process (PID=85) to work on /home/airflow/.local/lib/python3.12/site-packages/airflow/example_dags/example_xcom.py
[2024-11-11T19:34:20.356+0000] {processor.py:914} INFO - Processing file /home/airflow/.local/lib/python3.12/site-packages/airflow/example_dags/example_xcom.py for tasks to queue
[2024-11-11T19:34:20.359+0000] {logging_mixin.py:190} INFO - [2024-11-11T19:34:20.359+0000] {dagbag.py:588} INFO - Filling up the DagBag from /home/airflow/.local/lib/python3.12/site-packages/airflow/example_dags/example_xcom.py
[2024-11-11T19:34:20.379+0000] {processor.py:925} INFO - DAG(s) 'example_xcom' retrieved from /home/airflow/.local/lib/python3.12/site-packages/airflow/example_dags/example_xcom.py
[2024-11-11T19:34:20.414+0000] {logging_mixin.py:190} INFO - [2024-11-11T19:34:20.414+0000] {dag.py:3239} INFO - Sync 1 DAGs
[2024-11-11T19:34:20.452+0000] {logging_mixin.py:190} INFO - [2024-11-11T19:34:20.452+0000] {dag.py:4180} INFO - Setting next_dagrun for example_xcom to 2021-01-01 00:00:00+00:00, run_after=2021-01-01 00:00:00+00:00
[2024-11-11T19:34:20.482+0000] {processor.py:208} INFO - Processing /home/airflow/.local/lib/python3.12/site-packages/airflow/example_dags/example_xcom.py took 0.133 seconds
[2024-11-11T19:34:51.468+0000] {processor.py:186} INFO - Started process (PID=157) to work on /home/airflow/.local/lib/python3.12/site-packages/airflow/example_dags/example_xcom.py
[2024-11-11T19:34:51.469+0000] {processor.py:914} INFO - Processing file /home/airflow/.local/lib/python3.12/site-packages/airflow/example_dags/example_xcom.py for tasks to queue
[2024-11-11T19:34:51.471+0000] {logging_mixin.py:190} INFO - [2024-11-11T19:34:51.470+0000] {dagbag.py:588} INFO - Filling up the DagBag from /home/airflow/.local/lib/python3.12/site-packages/airflow/example_dags/example_xcom.py
[2024-11-11T19:34:51.479+0000] {processor.py:925} INFO - DAG(s) 'example_xcom' retrieved from /home/airflow/.local/lib/python3.12/site-packages/airflow/example_dags/example_xcom.py
[2024-11-11T19:34:51.497+0000] {logging_mixin.py:190} INFO - [2024-11-11T19:34:51.497+0000] {dag.py:3239} INFO - Sync 1 DAGs
[2024-11-11T19:34:51.523+0000] {logging_mixin.py:190} INFO - [2024-11-11T19:34:51.522+0000] {dag.py:4180} INFO - Setting next_dagrun for example_xcom to 2021-01-01 00:00:00+00:00, run_after=2021-01-01 00:00:00+00:00
[2024-11-11T19:34:51.547+0000] {processor.py:208} INFO - Processing /home/airflow/.local/lib/python3.12/site-packages/airflow/example_dags/example_xcom.py took 0.084 seconds
[2024-11-11T19:35:22.102+0000] {processor.py:186} INFO - Started process (PID=223) to work on /home/airflow/.local/lib/python3.12/site-packages/airflow/example_dags/example_xcom.py
[2024-11-11T19:35:22.103+0000] {processor.py:914} INFO - Processing file /home/airflow/.local/lib/python3.12/site-packages/airflow/example_dags/example_xcom.py for tasks to queue
[2024-11-11T19:35:22.105+0000] {logging_mixin.py:190} INFO - [2024-11-11T19:35:22.104+0000] {dagbag.py:588} INFO - Filling up the DagBag from /home/airflow/.local/lib/python3.12/site-packages/airflow/example_dags/example_xcom.py
[2024-11-11T19:35:22.113+0000] {processor.py:925} INFO - DAG(s) 'example_xcom' retrieved from /home/airflow/.local/lib/python3.12/site-packages/airflow/example_dags/example_xcom.py
[2024-11-11T19:35:22.130+0000] {logging_mixin.py:190} INFO - [2024-11-11T19:35:22.130+0000] {dag.py:3239} INFO - Sync 1 DAGs
[2024-11-11T19:35:22.149+0000] {logging_mixin.py:190} INFO - [2024-11-11T19:35:22.149+0000] {dag.py:4180} INFO - Setting next_dagrun for example_xcom to 2021-01-01 00:00:00+00:00, run_after=2021-01-01 00:00:00+00:00
[2024-11-11T19:35:22.163+0000] {processor.py:208} INFO - Processing /home/airflow/.local/lib/python3.12/site-packages/airflow/example_dags/example_xcom.py took 0.066 seconds
[2024-11-11T19:35:52.582+0000] {processor.py:186} INFO - Started process (PID=288) to work on /home/airflow/.local/lib/python3.12/site-packages/airflow/example_dags/example_xcom.py
[2024-11-11T19:35:52.583+0000] {processor.py:914} INFO - Processing file /home/airflow/.local/lib/python3.12/site-packages/airflow/example_dags/example_xcom.py for tasks to queue
[2024-11-11T19:35:52.585+0000] {logging_mixin.py:190} INFO - [2024-11-11T19:35:52.585+0000] {dagbag.py:588} INFO - Filling up the DagBag from /home/airflow/.local/lib/python3.12/site-packages/airflow/example_dags/example_xcom.py
[2024-11-11T19:35:52.592+0000] {processor.py:925} INFO - DAG(s) 'example_xcom' retrieved from /home/airflow/.local/lib/python3.12/site-packages/airflow/example_dags/example_xcom.py
[2024-11-11T19:35:52.608+0000] {logging_mixin.py:190} INFO - [2024-11-11T19:35:52.607+0000] {dag.py:3239} INFO - Sync 1 DAGs
[2024-11-11T19:35:52.625+0000] {logging_mixin.py:190} INFO - [2024-11-11T19:35:52.625+0000] {dag.py:4180} INFO - Setting next_dagrun for example_xcom to 2021-01-01 00:00:00+00:00, run_after=2021-01-01 00:00:00+00:00
[2024-11-11T19:35:52.639+0000] {processor.py:208} INFO - Processing /home/airflow/.local/lib/python3.12/site-packages/airflow/example_dags/example_xcom.py took 0.064 seconds
