[2024-11-11T18:58:13.184+0000] {processor.py:186} INFO - Started process (PID=63) to work on /home/airflow/.local/lib/python3.12/site-packages/airflow/example_dags/example_nested_branch_dag.py
[2024-11-11T18:58:13.185+0000] {processor.py:914} INFO - Processing file /home/airflow/.local/lib/python3.12/site-packages/airflow/example_dags/example_nested_branch_dag.py for tasks to queue
[2024-11-11T18:58:13.197+0000] {logging_mixin.py:190} INFO - [2024-11-11T18:58:13.196+0000] {dagbag.py:588} INFO - Filling up the DagBag from /home/airflow/.local/lib/python3.12/site-packages/airflow/example_dags/example_nested_branch_dag.py
[2024-11-11T18:58:13.228+0000] {processor.py:925} INFO - DAG(s) 'example_nested_branch_dag' retrieved from /home/airflow/.local/lib/python3.12/site-packages/airflow/example_dags/example_nested_branch_dag.py
[2024-11-11T18:58:13.330+0000] {logging_mixin.py:190} INFO - [2024-11-11T18:58:13.330+0000] {dag.py:3239} INFO - Sync 1 DAGs
[2024-11-11T18:58:13.410+0000] {logging_mixin.py:190} INFO - [2024-11-11T18:58:13.410+0000] {dag.py:4180} INFO - Setting next_dagrun for example_nested_branch_dag to 2024-11-10 00:00:00+00:00, run_after=2024-11-11 00:00:00+00:00
[2024-11-11T18:58:13.519+0000] {processor.py:208} INFO - Processing /home/airflow/.local/lib/python3.12/site-packages/airflow/example_dags/example_nested_branch_dag.py took 0.356 seconds
[2024-11-11T18:58:43.906+0000] {processor.py:186} INFO - Started process (PID=135) to work on /home/airflow/.local/lib/python3.12/site-packages/airflow/example_dags/example_nested_branch_dag.py
[2024-11-11T18:58:43.908+0000] {processor.py:914} INFO - Processing file /home/airflow/.local/lib/python3.12/site-packages/airflow/example_dags/example_nested_branch_dag.py for tasks to queue
[2024-11-11T18:58:43.918+0000] {logging_mixin.py:190} INFO - [2024-11-11T18:58:43.917+0000] {dagbag.py:588} INFO - Filling up the DagBag from /home/airflow/.local/lib/python3.12/site-packages/airflow/example_dags/example_nested_branch_dag.py
[2024-11-11T18:58:43.968+0000] {processor.py:925} INFO - DAG(s) 'example_nested_branch_dag' retrieved from /home/airflow/.local/lib/python3.12/site-packages/airflow/example_dags/example_nested_branch_dag.py
[2024-11-11T18:58:44.021+0000] {logging_mixin.py:190} INFO - [2024-11-11T18:58:44.020+0000] {dag.py:3239} INFO - Sync 1 DAGs
[2024-11-11T18:58:44.113+0000] {logging_mixin.py:190} INFO - [2024-11-11T18:58:44.113+0000] {dag.py:4180} INFO - Setting next_dagrun for example_nested_branch_dag to 2024-11-10 00:00:00+00:00, run_after=2024-11-11 00:00:00+00:00
[2024-11-11T18:58:44.176+0000] {processor.py:208} INFO - Processing /home/airflow/.local/lib/python3.12/site-packages/airflow/example_dags/example_nested_branch_dag.py took 0.293 seconds
[2024-11-11T18:59:15.018+0000] {processor.py:186} INFO - Started process (PID=200) to work on /home/airflow/.local/lib/python3.12/site-packages/airflow/example_dags/example_nested_branch_dag.py
[2024-11-11T18:59:15.019+0000] {processor.py:914} INFO - Processing file /home/airflow/.local/lib/python3.12/site-packages/airflow/example_dags/example_nested_branch_dag.py for tasks to queue
[2024-11-11T18:59:15.021+0000] {logging_mixin.py:190} INFO - [2024-11-11T18:59:15.020+0000] {dagbag.py:588} INFO - Filling up the DagBag from /home/airflow/.local/lib/python3.12/site-packages/airflow/example_dags/example_nested_branch_dag.py
[2024-11-11T18:59:15.030+0000] {processor.py:925} INFO - DAG(s) 'example_nested_branch_dag' retrieved from /home/airflow/.local/lib/python3.12/site-packages/airflow/example_dags/example_nested_branch_dag.py
[2024-11-11T18:59:15.048+0000] {logging_mixin.py:190} INFO - [2024-11-11T18:59:15.048+0000] {dag.py:3239} INFO - Sync 1 DAGs
[2024-11-11T18:59:15.067+0000] {logging_mixin.py:190} INFO - [2024-11-11T18:59:15.067+0000] {dag.py:4180} INFO - Setting next_dagrun for example_nested_branch_dag to 2024-11-10 00:00:00+00:00, run_after=2024-11-11 00:00:00+00:00
[2024-11-11T18:59:15.101+0000] {processor.py:208} INFO - Processing /home/airflow/.local/lib/python3.12/site-packages/airflow/example_dags/example_nested_branch_dag.py took 0.089 seconds
[2024-11-11T18:59:45.676+0000] {processor.py:186} INFO - Started process (PID=265) to work on /home/airflow/.local/lib/python3.12/site-packages/airflow/example_dags/example_nested_branch_dag.py
[2024-11-11T18:59:45.677+0000] {processor.py:914} INFO - Processing file /home/airflow/.local/lib/python3.12/site-packages/airflow/example_dags/example_nested_branch_dag.py for tasks to queue
[2024-11-11T18:59:45.678+0000] {logging_mixin.py:190} INFO - [2024-11-11T18:59:45.678+0000] {dagbag.py:588} INFO - Filling up the DagBag from /home/airflow/.local/lib/python3.12/site-packages/airflow/example_dags/example_nested_branch_dag.py
[2024-11-11T18:59:45.688+0000] {processor.py:925} INFO - DAG(s) 'example_nested_branch_dag' retrieved from /home/airflow/.local/lib/python3.12/site-packages/airflow/example_dags/example_nested_branch_dag.py
[2024-11-11T18:59:45.706+0000] {logging_mixin.py:190} INFO - [2024-11-11T18:59:45.705+0000] {dag.py:3239} INFO - Sync 1 DAGs
[2024-11-11T18:59:45.725+0000] {logging_mixin.py:190} INFO - [2024-11-11T18:59:45.724+0000] {dag.py:4180} INFO - Setting next_dagrun for example_nested_branch_dag to 2024-11-10 00:00:00+00:00, run_after=2024-11-11 00:00:00+00:00
[2024-11-11T18:59:45.740+0000] {processor.py:208} INFO - Processing /home/airflow/.local/lib/python3.12/site-packages/airflow/example_dags/example_nested_branch_dag.py took 0.070 seconds
[2024-11-11T19:00:16.466+0000] {processor.py:186} INFO - Started process (PID=330) to work on /home/airflow/.local/lib/python3.12/site-packages/airflow/example_dags/example_nested_branch_dag.py
[2024-11-11T19:00:16.467+0000] {processor.py:914} INFO - Processing file /home/airflow/.local/lib/python3.12/site-packages/airflow/example_dags/example_nested_branch_dag.py for tasks to queue
[2024-11-11T19:00:16.469+0000] {logging_mixin.py:190} INFO - [2024-11-11T19:00:16.468+0000] {dagbag.py:588} INFO - Filling up the DagBag from /home/airflow/.local/lib/python3.12/site-packages/airflow/example_dags/example_nested_branch_dag.py
[2024-11-11T19:00:16.477+0000] {processor.py:925} INFO - DAG(s) 'example_nested_branch_dag' retrieved from /home/airflow/.local/lib/python3.12/site-packages/airflow/example_dags/example_nested_branch_dag.py
[2024-11-11T19:00:16.494+0000] {logging_mixin.py:190} INFO - [2024-11-11T19:00:16.494+0000] {dag.py:3239} INFO - Sync 1 DAGs
[2024-11-11T19:00:16.512+0000] {logging_mixin.py:190} INFO - [2024-11-11T19:00:16.512+0000] {dag.py:4180} INFO - Setting next_dagrun for example_nested_branch_dag to 2024-11-10 00:00:00+00:00, run_after=2024-11-11 00:00:00+00:00
[2024-11-11T19:00:16.525+0000] {processor.py:208} INFO - Processing /home/airflow/.local/lib/python3.12/site-packages/airflow/example_dags/example_nested_branch_dag.py took 0.065 seconds
[2024-11-11T19:00:47.315+0000] {processor.py:186} INFO - Started process (PID=395) to work on /home/airflow/.local/lib/python3.12/site-packages/airflow/example_dags/example_nested_branch_dag.py
[2024-11-11T19:00:47.315+0000] {processor.py:914} INFO - Processing file /home/airflow/.local/lib/python3.12/site-packages/airflow/example_dags/example_nested_branch_dag.py for tasks to queue
[2024-11-11T19:00:47.317+0000] {logging_mixin.py:190} INFO - [2024-11-11T19:00:47.317+0000] {dagbag.py:588} INFO - Filling up the DagBag from /home/airflow/.local/lib/python3.12/site-packages/airflow/example_dags/example_nested_branch_dag.py
[2024-11-11T19:00:47.327+0000] {processor.py:925} INFO - DAG(s) 'example_nested_branch_dag' retrieved from /home/airflow/.local/lib/python3.12/site-packages/airflow/example_dags/example_nested_branch_dag.py
[2024-11-11T19:00:47.348+0000] {logging_mixin.py:190} INFO - [2024-11-11T19:00:47.348+0000] {dag.py:3239} INFO - Sync 1 DAGs
[2024-11-11T19:00:47.369+0000] {logging_mixin.py:190} INFO - [2024-11-11T19:00:47.369+0000] {dag.py:4180} INFO - Setting next_dagrun for example_nested_branch_dag to 2024-11-10 00:00:00+00:00, run_after=2024-11-11 00:00:00+00:00
[2024-11-11T19:00:47.388+0000] {processor.py:208} INFO - Processing /home/airflow/.local/lib/python3.12/site-packages/airflow/example_dags/example_nested_branch_dag.py took 0.078 seconds
[2024-11-11T19:01:17.751+0000] {processor.py:186} INFO - Started process (PID=460) to work on /home/airflow/.local/lib/python3.12/site-packages/airflow/example_dags/example_nested_branch_dag.py
[2024-11-11T19:01:17.752+0000] {processor.py:914} INFO - Processing file /home/airflow/.local/lib/python3.12/site-packages/airflow/example_dags/example_nested_branch_dag.py for tasks to queue
[2024-11-11T19:01:17.753+0000] {logging_mixin.py:190} INFO - [2024-11-11T19:01:17.753+0000] {dagbag.py:588} INFO - Filling up the DagBag from /home/airflow/.local/lib/python3.12/site-packages/airflow/example_dags/example_nested_branch_dag.py
[2024-11-11T19:01:17.762+0000] {processor.py:925} INFO - DAG(s) 'example_nested_branch_dag' retrieved from /home/airflow/.local/lib/python3.12/site-packages/airflow/example_dags/example_nested_branch_dag.py
[2024-11-11T19:01:17.786+0000] {logging_mixin.py:190} INFO - [2024-11-11T19:01:17.786+0000] {dag.py:3239} INFO - Sync 1 DAGs
[2024-11-11T19:01:17.803+0000] {logging_mixin.py:190} INFO - [2024-11-11T19:01:17.803+0000] {dag.py:4180} INFO - Setting next_dagrun for example_nested_branch_dag to 2024-11-10 00:00:00+00:00, run_after=2024-11-11 00:00:00+00:00
[2024-11-11T19:01:17.817+0000] {processor.py:208} INFO - Processing /home/airflow/.local/lib/python3.12/site-packages/airflow/example_dags/example_nested_branch_dag.py took 0.070 seconds
[2024-11-11T19:01:48.135+0000] {processor.py:186} INFO - Started process (PID=525) to work on /home/airflow/.local/lib/python3.12/site-packages/airflow/example_dags/example_nested_branch_dag.py
[2024-11-11T19:01:48.136+0000] {processor.py:914} INFO - Processing file /home/airflow/.local/lib/python3.12/site-packages/airflow/example_dags/example_nested_branch_dag.py for tasks to queue
[2024-11-11T19:01:48.138+0000] {logging_mixin.py:190} INFO - [2024-11-11T19:01:48.138+0000] {dagbag.py:588} INFO - Filling up the DagBag from /home/airflow/.local/lib/python3.12/site-packages/airflow/example_dags/example_nested_branch_dag.py
[2024-11-11T19:01:48.149+0000] {processor.py:925} INFO - DAG(s) 'example_nested_branch_dag' retrieved from /home/airflow/.local/lib/python3.12/site-packages/airflow/example_dags/example_nested_branch_dag.py
[2024-11-11T19:01:48.172+0000] {logging_mixin.py:190} INFO - [2024-11-11T19:01:48.172+0000] {dag.py:3239} INFO - Sync 1 DAGs
[2024-11-11T19:01:48.192+0000] {logging_mixin.py:190} INFO - [2024-11-11T19:01:48.192+0000] {dag.py:4180} INFO - Setting next_dagrun for example_nested_branch_dag to 2024-11-10 00:00:00+00:00, run_after=2024-11-11 00:00:00+00:00
[2024-11-11T19:01:48.214+0000] {processor.py:208} INFO - Processing /home/airflow/.local/lib/python3.12/site-packages/airflow/example_dags/example_nested_branch_dag.py took 0.083 seconds
[2024-11-11T19:02:18.608+0000] {processor.py:186} INFO - Started process (PID=590) to work on /home/airflow/.local/lib/python3.12/site-packages/airflow/example_dags/example_nested_branch_dag.py
[2024-11-11T19:02:18.609+0000] {processor.py:914} INFO - Processing file /home/airflow/.local/lib/python3.12/site-packages/airflow/example_dags/example_nested_branch_dag.py for tasks to queue
[2024-11-11T19:02:18.611+0000] {logging_mixin.py:190} INFO - [2024-11-11T19:02:18.611+0000] {dagbag.py:588} INFO - Filling up the DagBag from /home/airflow/.local/lib/python3.12/site-packages/airflow/example_dags/example_nested_branch_dag.py
[2024-11-11T19:02:18.620+0000] {processor.py:925} INFO - DAG(s) 'example_nested_branch_dag' retrieved from /home/airflow/.local/lib/python3.12/site-packages/airflow/example_dags/example_nested_branch_dag.py
[2024-11-11T19:02:18.646+0000] {logging_mixin.py:190} INFO - [2024-11-11T19:02:18.646+0000] {dag.py:3239} INFO - Sync 1 DAGs
[2024-11-11T19:02:18.668+0000] {logging_mixin.py:190} INFO - [2024-11-11T19:02:18.668+0000] {dag.py:4180} INFO - Setting next_dagrun for example_nested_branch_dag to 2024-11-10 00:00:00+00:00, run_after=2024-11-11 00:00:00+00:00
[2024-11-11T19:02:18.688+0000] {processor.py:208} INFO - Processing /home/airflow/.local/lib/python3.12/site-packages/airflow/example_dags/example_nested_branch_dag.py took 0.086 seconds
[2024-11-11T19:02:48.978+0000] {processor.py:186} INFO - Started process (PID=655) to work on /home/airflow/.local/lib/python3.12/site-packages/airflow/example_dags/example_nested_branch_dag.py
[2024-11-11T19:02:48.979+0000] {processor.py:914} INFO - Processing file /home/airflow/.local/lib/python3.12/site-packages/airflow/example_dags/example_nested_branch_dag.py for tasks to queue
[2024-11-11T19:02:48.981+0000] {logging_mixin.py:190} INFO - [2024-11-11T19:02:48.980+0000] {dagbag.py:588} INFO - Filling up the DagBag from /home/airflow/.local/lib/python3.12/site-packages/airflow/example_dags/example_nested_branch_dag.py
[2024-11-11T19:02:48.990+0000] {processor.py:925} INFO - DAG(s) 'example_nested_branch_dag' retrieved from /home/airflow/.local/lib/python3.12/site-packages/airflow/example_dags/example_nested_branch_dag.py
[2024-11-11T19:02:49.009+0000] {logging_mixin.py:190} INFO - [2024-11-11T19:02:49.009+0000] {dag.py:3239} INFO - Sync 1 DAGs
[2024-11-11T19:02:49.030+0000] {logging_mixin.py:190} INFO - [2024-11-11T19:02:49.030+0000] {dag.py:4180} INFO - Setting next_dagrun for example_nested_branch_dag to 2024-11-10 00:00:00+00:00, run_after=2024-11-11 00:00:00+00:00
[2024-11-11T19:02:49.056+0000] {processor.py:208} INFO - Processing /home/airflow/.local/lib/python3.12/site-packages/airflow/example_dags/example_nested_branch_dag.py took 0.083 seconds
[2024-11-11T19:03:19.386+0000] {processor.py:186} INFO - Started process (PID=720) to work on /home/airflow/.local/lib/python3.12/site-packages/airflow/example_dags/example_nested_branch_dag.py
[2024-11-11T19:03:19.387+0000] {processor.py:914} INFO - Processing file /home/airflow/.local/lib/python3.12/site-packages/airflow/example_dags/example_nested_branch_dag.py for tasks to queue
[2024-11-11T19:03:19.388+0000] {logging_mixin.py:190} INFO - [2024-11-11T19:03:19.388+0000] {dagbag.py:588} INFO - Filling up the DagBag from /home/airflow/.local/lib/python3.12/site-packages/airflow/example_dags/example_nested_branch_dag.py
[2024-11-11T19:03:19.401+0000] {processor.py:925} INFO - DAG(s) 'example_nested_branch_dag' retrieved from /home/airflow/.local/lib/python3.12/site-packages/airflow/example_dags/example_nested_branch_dag.py
[2024-11-11T19:03:19.419+0000] {logging_mixin.py:190} INFO - [2024-11-11T19:03:19.419+0000] {dag.py:3239} INFO - Sync 1 DAGs
[2024-11-11T19:03:19.437+0000] {logging_mixin.py:190} INFO - [2024-11-11T19:03:19.437+0000] {dag.py:4180} INFO - Setting next_dagrun for example_nested_branch_dag to 2024-11-10 00:00:00+00:00, run_after=2024-11-11 00:00:00+00:00
[2024-11-11T19:03:19.454+0000] {processor.py:208} INFO - Processing /home/airflow/.local/lib/python3.12/site-packages/airflow/example_dags/example_nested_branch_dag.py took 0.075 seconds
[2024-11-11T19:03:49.662+0000] {processor.py:186} INFO - Started process (PID=785) to work on /home/airflow/.local/lib/python3.12/site-packages/airflow/example_dags/example_nested_branch_dag.py
[2024-11-11T19:03:49.663+0000] {processor.py:914} INFO - Processing file /home/airflow/.local/lib/python3.12/site-packages/airflow/example_dags/example_nested_branch_dag.py for tasks to queue
[2024-11-11T19:03:49.666+0000] {logging_mixin.py:190} INFO - [2024-11-11T19:03:49.665+0000] {dagbag.py:588} INFO - Filling up the DagBag from /home/airflow/.local/lib/python3.12/site-packages/airflow/example_dags/example_nested_branch_dag.py
[2024-11-11T19:03:49.675+0000] {processor.py:925} INFO - DAG(s) 'example_nested_branch_dag' retrieved from /home/airflow/.local/lib/python3.12/site-packages/airflow/example_dags/example_nested_branch_dag.py
[2024-11-11T19:03:49.694+0000] {logging_mixin.py:190} INFO - [2024-11-11T19:03:49.693+0000] {dag.py:3239} INFO - Sync 1 DAGs
[2024-11-11T19:03:49.712+0000] {logging_mixin.py:190} INFO - [2024-11-11T19:03:49.711+0000] {dag.py:4180} INFO - Setting next_dagrun for example_nested_branch_dag to 2024-11-10 00:00:00+00:00, run_after=2024-11-11 00:00:00+00:00
[2024-11-11T19:03:49.726+0000] {processor.py:208} INFO - Processing /home/airflow/.local/lib/python3.12/site-packages/airflow/example_dags/example_nested_branch_dag.py took 0.069 seconds
[2024-11-11T19:04:20.155+0000] {processor.py:186} INFO - Started process (PID=850) to work on /home/airflow/.local/lib/python3.12/site-packages/airflow/example_dags/example_nested_branch_dag.py
[2024-11-11T19:04:20.156+0000] {processor.py:914} INFO - Processing file /home/airflow/.local/lib/python3.12/site-packages/airflow/example_dags/example_nested_branch_dag.py for tasks to queue
[2024-11-11T19:04:20.157+0000] {logging_mixin.py:190} INFO - [2024-11-11T19:04:20.157+0000] {dagbag.py:588} INFO - Filling up the DagBag from /home/airflow/.local/lib/python3.12/site-packages/airflow/example_dags/example_nested_branch_dag.py
[2024-11-11T19:04:20.167+0000] {processor.py:925} INFO - DAG(s) 'example_nested_branch_dag' retrieved from /home/airflow/.local/lib/python3.12/site-packages/airflow/example_dags/example_nested_branch_dag.py
[2024-11-11T19:04:20.186+0000] {logging_mixin.py:190} INFO - [2024-11-11T19:04:20.186+0000] {dag.py:3239} INFO - Sync 1 DAGs
[2024-11-11T19:04:20.204+0000] {logging_mixin.py:190} INFO - [2024-11-11T19:04:20.204+0000] {dag.py:4180} INFO - Setting next_dagrun for example_nested_branch_dag to 2024-11-10 00:00:00+00:00, run_after=2024-11-11 00:00:00+00:00
[2024-11-11T19:04:20.220+0000] {processor.py:208} INFO - Processing /home/airflow/.local/lib/python3.12/site-packages/airflow/example_dags/example_nested_branch_dag.py took 0.069 seconds
[2024-11-11T19:04:50.970+0000] {processor.py:186} INFO - Started process (PID=915) to work on /home/airflow/.local/lib/python3.12/site-packages/airflow/example_dags/example_nested_branch_dag.py
[2024-11-11T19:04:50.971+0000] {processor.py:914} INFO - Processing file /home/airflow/.local/lib/python3.12/site-packages/airflow/example_dags/example_nested_branch_dag.py for tasks to queue
[2024-11-11T19:04:50.978+0000] {logging_mixin.py:190} INFO - [2024-11-11T19:04:50.978+0000] {dagbag.py:588} INFO - Filling up the DagBag from /home/airflow/.local/lib/python3.12/site-packages/airflow/example_dags/example_nested_branch_dag.py
[2024-11-11T19:04:50.992+0000] {processor.py:925} INFO - DAG(s) 'example_nested_branch_dag' retrieved from /home/airflow/.local/lib/python3.12/site-packages/airflow/example_dags/example_nested_branch_dag.py
[2024-11-11T19:04:51.013+0000] {logging_mixin.py:190} INFO - [2024-11-11T19:04:51.013+0000] {dag.py:3239} INFO - Sync 1 DAGs
[2024-11-11T19:04:51.039+0000] {logging_mixin.py:190} INFO - [2024-11-11T19:04:51.038+0000] {dag.py:4180} INFO - Setting next_dagrun for example_nested_branch_dag to 2024-11-10 00:00:00+00:00, run_after=2024-11-11 00:00:00+00:00
[2024-11-11T19:04:51.057+0000] {processor.py:208} INFO - Processing /home/airflow/.local/lib/python3.12/site-packages/airflow/example_dags/example_nested_branch_dag.py took 0.091 seconds
[2024-11-11T19:05:21.728+0000] {processor.py:186} INFO - Started process (PID=980) to work on /home/airflow/.local/lib/python3.12/site-packages/airflow/example_dags/example_nested_branch_dag.py
[2024-11-11T19:05:21.731+0000] {processor.py:914} INFO - Processing file /home/airflow/.local/lib/python3.12/site-packages/airflow/example_dags/example_nested_branch_dag.py for tasks to queue
[2024-11-11T19:05:21.734+0000] {logging_mixin.py:190} INFO - [2024-11-11T19:05:21.734+0000] {dagbag.py:588} INFO - Filling up the DagBag from /home/airflow/.local/lib/python3.12/site-packages/airflow/example_dags/example_nested_branch_dag.py
[2024-11-11T19:05:21.761+0000] {processor.py:925} INFO - DAG(s) 'example_nested_branch_dag' retrieved from /home/airflow/.local/lib/python3.12/site-packages/airflow/example_dags/example_nested_branch_dag.py
[2024-11-11T19:05:21.798+0000] {logging_mixin.py:190} INFO - [2024-11-11T19:05:21.797+0000] {dag.py:3239} INFO - Sync 1 DAGs
[2024-11-11T19:05:21.818+0000] {logging_mixin.py:190} INFO - [2024-11-11T19:05:21.818+0000] {dag.py:4180} INFO - Setting next_dagrun for example_nested_branch_dag to 2024-11-10 00:00:00+00:00, run_after=2024-11-11 00:00:00+00:00
[2024-11-11T19:05:21.832+0000] {processor.py:208} INFO - Processing /home/airflow/.local/lib/python3.12/site-packages/airflow/example_dags/example_nested_branch_dag.py took 0.109 seconds
[2024-11-11T19:05:52.219+0000] {processor.py:186} INFO - Started process (PID=1045) to work on /home/airflow/.local/lib/python3.12/site-packages/airflow/example_dags/example_nested_branch_dag.py
[2024-11-11T19:05:52.219+0000] {processor.py:914} INFO - Processing file /home/airflow/.local/lib/python3.12/site-packages/airflow/example_dags/example_nested_branch_dag.py for tasks to queue
[2024-11-11T19:05:52.221+0000] {logging_mixin.py:190} INFO - [2024-11-11T19:05:52.221+0000] {dagbag.py:588} INFO - Filling up the DagBag from /home/airflow/.local/lib/python3.12/site-packages/airflow/example_dags/example_nested_branch_dag.py
[2024-11-11T19:05:52.230+0000] {processor.py:925} INFO - DAG(s) 'example_nested_branch_dag' retrieved from /home/airflow/.local/lib/python3.12/site-packages/airflow/example_dags/example_nested_branch_dag.py
[2024-11-11T19:05:52.248+0000] {logging_mixin.py:190} INFO - [2024-11-11T19:05:52.247+0000] {dag.py:3239} INFO - Sync 1 DAGs
[2024-11-11T19:05:52.274+0000] {logging_mixin.py:190} INFO - [2024-11-11T19:05:52.274+0000] {dag.py:4180} INFO - Setting next_dagrun for example_nested_branch_dag to 2024-11-10 00:00:00+00:00, run_after=2024-11-11 00:00:00+00:00
[2024-11-11T19:05:52.291+0000] {processor.py:208} INFO - Processing /home/airflow/.local/lib/python3.12/site-packages/airflow/example_dags/example_nested_branch_dag.py took 0.077 seconds
[2024-11-11T19:06:22.558+0000] {processor.py:186} INFO - Started process (PID=1111) to work on /home/airflow/.local/lib/python3.12/site-packages/airflow/example_dags/example_nested_branch_dag.py
[2024-11-11T19:06:22.560+0000] {processor.py:914} INFO - Processing file /home/airflow/.local/lib/python3.12/site-packages/airflow/example_dags/example_nested_branch_dag.py for tasks to queue
[2024-11-11T19:06:22.561+0000] {logging_mixin.py:190} INFO - [2024-11-11T19:06:22.561+0000] {dagbag.py:588} INFO - Filling up the DagBag from /home/airflow/.local/lib/python3.12/site-packages/airflow/example_dags/example_nested_branch_dag.py
[2024-11-11T19:06:22.570+0000] {processor.py:925} INFO - DAG(s) 'example_nested_branch_dag' retrieved from /home/airflow/.local/lib/python3.12/site-packages/airflow/example_dags/example_nested_branch_dag.py
[2024-11-11T19:06:22.594+0000] {logging_mixin.py:190} INFO - [2024-11-11T19:06:22.594+0000] {dag.py:3239} INFO - Sync 1 DAGs
[2024-11-11T19:06:22.614+0000] {logging_mixin.py:190} INFO - [2024-11-11T19:06:22.614+0000] {dag.py:4180} INFO - Setting next_dagrun for example_nested_branch_dag to 2024-11-10 00:00:00+00:00, run_after=2024-11-11 00:00:00+00:00
[2024-11-11T19:06:22.631+0000] {processor.py:208} INFO - Processing /home/airflow/.local/lib/python3.12/site-packages/airflow/example_dags/example_nested_branch_dag.py took 0.079 seconds
[2024-11-11T19:06:53.416+0000] {processor.py:186} INFO - Started process (PID=1177) to work on /home/airflow/.local/lib/python3.12/site-packages/airflow/example_dags/example_nested_branch_dag.py
[2024-11-11T19:06:53.417+0000] {processor.py:914} INFO - Processing file /home/airflow/.local/lib/python3.12/site-packages/airflow/example_dags/example_nested_branch_dag.py for tasks to queue
[2024-11-11T19:06:53.419+0000] {logging_mixin.py:190} INFO - [2024-11-11T19:06:53.418+0000] {dagbag.py:588} INFO - Filling up the DagBag from /home/airflow/.local/lib/python3.12/site-packages/airflow/example_dags/example_nested_branch_dag.py
[2024-11-11T19:06:53.430+0000] {processor.py:925} INFO - DAG(s) 'example_nested_branch_dag' retrieved from /home/airflow/.local/lib/python3.12/site-packages/airflow/example_dags/example_nested_branch_dag.py
[2024-11-11T19:06:53.451+0000] {logging_mixin.py:190} INFO - [2024-11-11T19:06:53.451+0000] {dag.py:3239} INFO - Sync 1 DAGs
[2024-11-11T19:06:53.472+0000] {logging_mixin.py:190} INFO - [2024-11-11T19:06:53.472+0000] {dag.py:4180} INFO - Setting next_dagrun for example_nested_branch_dag to 2024-11-10 00:00:00+00:00, run_after=2024-11-11 00:00:00+00:00
[2024-11-11T19:06:53.487+0000] {processor.py:208} INFO - Processing /home/airflow/.local/lib/python3.12/site-packages/airflow/example_dags/example_nested_branch_dag.py took 0.076 seconds
[2024-11-11T19:07:24.205+0000] {processor.py:186} INFO - Started process (PID=1242) to work on /home/airflow/.local/lib/python3.12/site-packages/airflow/example_dags/example_nested_branch_dag.py
[2024-11-11T19:07:24.205+0000] {processor.py:914} INFO - Processing file /home/airflow/.local/lib/python3.12/site-packages/airflow/example_dags/example_nested_branch_dag.py for tasks to queue
[2024-11-11T19:07:24.207+0000] {logging_mixin.py:190} INFO - [2024-11-11T19:07:24.207+0000] {dagbag.py:588} INFO - Filling up the DagBag from /home/airflow/.local/lib/python3.12/site-packages/airflow/example_dags/example_nested_branch_dag.py
[2024-11-11T19:07:24.216+0000] {processor.py:925} INFO - DAG(s) 'example_nested_branch_dag' retrieved from /home/airflow/.local/lib/python3.12/site-packages/airflow/example_dags/example_nested_branch_dag.py
[2024-11-11T19:07:24.241+0000] {logging_mixin.py:190} INFO - [2024-11-11T19:07:24.241+0000] {dag.py:3239} INFO - Sync 1 DAGs
[2024-11-11T19:07:24.263+0000] {logging_mixin.py:190} INFO - [2024-11-11T19:07:24.263+0000] {dag.py:4180} INFO - Setting next_dagrun for example_nested_branch_dag to 2024-11-10 00:00:00+00:00, run_after=2024-11-11 00:00:00+00:00
[2024-11-11T19:07:24.284+0000] {processor.py:208} INFO - Processing /home/airflow/.local/lib/python3.12/site-packages/airflow/example_dags/example_nested_branch_dag.py took 0.084 seconds
[2024-11-11T19:07:54.613+0000] {processor.py:186} INFO - Started process (PID=1307) to work on /home/airflow/.local/lib/python3.12/site-packages/airflow/example_dags/example_nested_branch_dag.py
[2024-11-11T19:07:54.618+0000] {processor.py:914} INFO - Processing file /home/airflow/.local/lib/python3.12/site-packages/airflow/example_dags/example_nested_branch_dag.py for tasks to queue
[2024-11-11T19:07:54.621+0000] {logging_mixin.py:190} INFO - [2024-11-11T19:07:54.620+0000] {dagbag.py:588} INFO - Filling up the DagBag from /home/airflow/.local/lib/python3.12/site-packages/airflow/example_dags/example_nested_branch_dag.py
[2024-11-11T19:07:54.630+0000] {processor.py:925} INFO - DAG(s) 'example_nested_branch_dag' retrieved from /home/airflow/.local/lib/python3.12/site-packages/airflow/example_dags/example_nested_branch_dag.py
[2024-11-11T19:07:54.649+0000] {logging_mixin.py:190} INFO - [2024-11-11T19:07:54.649+0000] {dag.py:3239} INFO - Sync 1 DAGs
[2024-11-11T19:07:54.670+0000] {logging_mixin.py:190} INFO - [2024-11-11T19:07:54.669+0000] {dag.py:4180} INFO - Setting next_dagrun for example_nested_branch_dag to 2024-11-10 00:00:00+00:00, run_after=2024-11-11 00:00:00+00:00
[2024-11-11T19:07:54.683+0000] {processor.py:208} INFO - Processing /home/airflow/.local/lib/python3.12/site-packages/airflow/example_dags/example_nested_branch_dag.py took 0.075 seconds
[2024-11-11T19:08:25.212+0000] {processor.py:186} INFO - Started process (PID=1372) to work on /home/airflow/.local/lib/python3.12/site-packages/airflow/example_dags/example_nested_branch_dag.py
[2024-11-11T19:08:25.212+0000] {processor.py:914} INFO - Processing file /home/airflow/.local/lib/python3.12/site-packages/airflow/example_dags/example_nested_branch_dag.py for tasks to queue
[2024-11-11T19:08:25.214+0000] {logging_mixin.py:190} INFO - [2024-11-11T19:08:25.214+0000] {dagbag.py:588} INFO - Filling up the DagBag from /home/airflow/.local/lib/python3.12/site-packages/airflow/example_dags/example_nested_branch_dag.py
[2024-11-11T19:08:25.222+0000] {processor.py:925} INFO - DAG(s) 'example_nested_branch_dag' retrieved from /home/airflow/.local/lib/python3.12/site-packages/airflow/example_dags/example_nested_branch_dag.py
[2024-11-11T19:08:25.245+0000] {logging_mixin.py:190} INFO - [2024-11-11T19:08:25.245+0000] {dag.py:3239} INFO - Sync 1 DAGs
[2024-11-11T19:08:25.266+0000] {logging_mixin.py:190} INFO - [2024-11-11T19:08:25.266+0000] {dag.py:4180} INFO - Setting next_dagrun for example_nested_branch_dag to 2024-11-10 00:00:00+00:00, run_after=2024-11-11 00:00:00+00:00
[2024-11-11T19:08:25.284+0000] {processor.py:208} INFO - Processing /home/airflow/.local/lib/python3.12/site-packages/airflow/example_dags/example_nested_branch_dag.py took 0.077 seconds
[2024-11-11T19:08:55.670+0000] {processor.py:186} INFO - Started process (PID=1436) to work on /home/airflow/.local/lib/python3.12/site-packages/airflow/example_dags/example_nested_branch_dag.py
[2024-11-11T19:08:55.671+0000] {processor.py:914} INFO - Processing file /home/airflow/.local/lib/python3.12/site-packages/airflow/example_dags/example_nested_branch_dag.py for tasks to queue
[2024-11-11T19:08:55.673+0000] {logging_mixin.py:190} INFO - [2024-11-11T19:08:55.673+0000] {dagbag.py:588} INFO - Filling up the DagBag from /home/airflow/.local/lib/python3.12/site-packages/airflow/example_dags/example_nested_branch_dag.py
[2024-11-11T19:08:55.681+0000] {processor.py:925} INFO - DAG(s) 'example_nested_branch_dag' retrieved from /home/airflow/.local/lib/python3.12/site-packages/airflow/example_dags/example_nested_branch_dag.py
[2024-11-11T19:08:55.701+0000] {logging_mixin.py:190} INFO - [2024-11-11T19:08:55.701+0000] {dag.py:3239} INFO - Sync 1 DAGs
[2024-11-11T19:08:55.720+0000] {logging_mixin.py:190} INFO - [2024-11-11T19:08:55.719+0000] {dag.py:4180} INFO - Setting next_dagrun for example_nested_branch_dag to 2024-11-10 00:00:00+00:00, run_after=2024-11-11 00:00:00+00:00
[2024-11-11T19:08:55.739+0000] {processor.py:208} INFO - Processing /home/airflow/.local/lib/python3.12/site-packages/airflow/example_dags/example_nested_branch_dag.py took 0.073 seconds
[2024-11-11T19:09:26.568+0000] {processor.py:186} INFO - Started process (PID=1501) to work on /home/airflow/.local/lib/python3.12/site-packages/airflow/example_dags/example_nested_branch_dag.py
[2024-11-11T19:09:26.569+0000] {processor.py:914} INFO - Processing file /home/airflow/.local/lib/python3.12/site-packages/airflow/example_dags/example_nested_branch_dag.py for tasks to queue
[2024-11-11T19:09:26.571+0000] {logging_mixin.py:190} INFO - [2024-11-11T19:09:26.571+0000] {dagbag.py:588} INFO - Filling up the DagBag from /home/airflow/.local/lib/python3.12/site-packages/airflow/example_dags/example_nested_branch_dag.py
[2024-11-11T19:09:26.581+0000] {processor.py:925} INFO - DAG(s) 'example_nested_branch_dag' retrieved from /home/airflow/.local/lib/python3.12/site-packages/airflow/example_dags/example_nested_branch_dag.py
[2024-11-11T19:09:26.601+0000] {logging_mixin.py:190} INFO - [2024-11-11T19:09:26.600+0000] {dag.py:3239} INFO - Sync 1 DAGs
[2024-11-11T19:09:26.622+0000] {logging_mixin.py:190} INFO - [2024-11-11T19:09:26.622+0000] {dag.py:4180} INFO - Setting next_dagrun for example_nested_branch_dag to 2024-11-10 00:00:00+00:00, run_after=2024-11-11 00:00:00+00:00
[2024-11-11T19:09:26.637+0000] {processor.py:208} INFO - Processing /home/airflow/.local/lib/python3.12/site-packages/airflow/example_dags/example_nested_branch_dag.py took 0.073 seconds
[2024-11-11T19:09:57.203+0000] {processor.py:186} INFO - Started process (PID=1566) to work on /home/airflow/.local/lib/python3.12/site-packages/airflow/example_dags/example_nested_branch_dag.py
[2024-11-11T19:09:57.204+0000] {processor.py:914} INFO - Processing file /home/airflow/.local/lib/python3.12/site-packages/airflow/example_dags/example_nested_branch_dag.py for tasks to queue
[2024-11-11T19:09:57.206+0000] {logging_mixin.py:190} INFO - [2024-11-11T19:09:57.205+0000] {dagbag.py:588} INFO - Filling up the DagBag from /home/airflow/.local/lib/python3.12/site-packages/airflow/example_dags/example_nested_branch_dag.py
[2024-11-11T19:09:57.214+0000] {processor.py:925} INFO - DAG(s) 'example_nested_branch_dag' retrieved from /home/airflow/.local/lib/python3.12/site-packages/airflow/example_dags/example_nested_branch_dag.py
[2024-11-11T19:09:57.236+0000] {logging_mixin.py:190} INFO - [2024-11-11T19:09:57.236+0000] {dag.py:3239} INFO - Sync 1 DAGs
[2024-11-11T19:09:57.255+0000] {logging_mixin.py:190} INFO - [2024-11-11T19:09:57.255+0000] {dag.py:4180} INFO - Setting next_dagrun for example_nested_branch_dag to 2024-11-10 00:00:00+00:00, run_after=2024-11-11 00:00:00+00:00
[2024-11-11T19:09:57.271+0000] {processor.py:208} INFO - Processing /home/airflow/.local/lib/python3.12/site-packages/airflow/example_dags/example_nested_branch_dag.py took 0.073 seconds
[2024-11-11T19:10:28.146+0000] {processor.py:186} INFO - Started process (PID=1631) to work on /home/airflow/.local/lib/python3.12/site-packages/airflow/example_dags/example_nested_branch_dag.py
[2024-11-11T19:10:28.146+0000] {processor.py:914} INFO - Processing file /home/airflow/.local/lib/python3.12/site-packages/airflow/example_dags/example_nested_branch_dag.py for tasks to queue
[2024-11-11T19:10:28.148+0000] {logging_mixin.py:190} INFO - [2024-11-11T19:10:28.148+0000] {dagbag.py:588} INFO - Filling up the DagBag from /home/airflow/.local/lib/python3.12/site-packages/airflow/example_dags/example_nested_branch_dag.py
[2024-11-11T19:10:28.159+0000] {processor.py:925} INFO - DAG(s) 'example_nested_branch_dag' retrieved from /home/airflow/.local/lib/python3.12/site-packages/airflow/example_dags/example_nested_branch_dag.py
[2024-11-11T19:10:28.179+0000] {logging_mixin.py:190} INFO - [2024-11-11T19:10:28.178+0000] {dag.py:3239} INFO - Sync 1 DAGs
[2024-11-11T19:10:28.197+0000] {logging_mixin.py:190} INFO - [2024-11-11T19:10:28.197+0000] {dag.py:4180} INFO - Setting next_dagrun for example_nested_branch_dag to 2024-11-10 00:00:00+00:00, run_after=2024-11-11 00:00:00+00:00
[2024-11-11T19:10:28.212+0000] {processor.py:208} INFO - Processing /home/airflow/.local/lib/python3.12/site-packages/airflow/example_dags/example_nested_branch_dag.py took 0.072 seconds
[2024-11-11T19:10:58.422+0000] {processor.py:186} INFO - Started process (PID=1696) to work on /home/airflow/.local/lib/python3.12/site-packages/airflow/example_dags/example_nested_branch_dag.py
[2024-11-11T19:10:58.423+0000] {processor.py:914} INFO - Processing file /home/airflow/.local/lib/python3.12/site-packages/airflow/example_dags/example_nested_branch_dag.py for tasks to queue
[2024-11-11T19:10:58.429+0000] {logging_mixin.py:190} INFO - [2024-11-11T19:10:58.429+0000] {dagbag.py:588} INFO - Filling up the DagBag from /home/airflow/.local/lib/python3.12/site-packages/airflow/example_dags/example_nested_branch_dag.py
[2024-11-11T19:10:58.445+0000] {processor.py:925} INFO - DAG(s) 'example_nested_branch_dag' retrieved from /home/airflow/.local/lib/python3.12/site-packages/airflow/example_dags/example_nested_branch_dag.py
[2024-11-11T19:10:58.464+0000] {logging_mixin.py:190} INFO - [2024-11-11T19:10:58.464+0000] {dag.py:3239} INFO - Sync 1 DAGs
[2024-11-11T19:10:58.484+0000] {logging_mixin.py:190} INFO - [2024-11-11T19:10:58.484+0000] {dag.py:4180} INFO - Setting next_dagrun for example_nested_branch_dag to 2024-11-10 00:00:00+00:00, run_after=2024-11-11 00:00:00+00:00
[2024-11-11T19:10:58.502+0000] {processor.py:208} INFO - Processing /home/airflow/.local/lib/python3.12/site-packages/airflow/example_dags/example_nested_branch_dag.py took 0.085 seconds
[2024-11-11T19:11:28.586+0000] {processor.py:186} INFO - Started process (PID=1760) to work on /home/airflow/.local/lib/python3.12/site-packages/airflow/example_dags/example_nested_branch_dag.py
[2024-11-11T19:11:28.587+0000] {processor.py:914} INFO - Processing file /home/airflow/.local/lib/python3.12/site-packages/airflow/example_dags/example_nested_branch_dag.py for tasks to queue
[2024-11-11T19:11:28.588+0000] {logging_mixin.py:190} INFO - [2024-11-11T19:11:28.588+0000] {dagbag.py:588} INFO - Filling up the DagBag from /home/airflow/.local/lib/python3.12/site-packages/airflow/example_dags/example_nested_branch_dag.py
[2024-11-11T19:11:28.598+0000] {processor.py:925} INFO - DAG(s) 'example_nested_branch_dag' retrieved from /home/airflow/.local/lib/python3.12/site-packages/airflow/example_dags/example_nested_branch_dag.py
[2024-11-11T19:11:28.615+0000] {logging_mixin.py:190} INFO - [2024-11-11T19:11:28.615+0000] {dag.py:3239} INFO - Sync 1 DAGs
[2024-11-11T19:11:28.635+0000] {logging_mixin.py:190} INFO - [2024-11-11T19:11:28.635+0000] {dag.py:4180} INFO - Setting next_dagrun for example_nested_branch_dag to 2024-11-10 00:00:00+00:00, run_after=2024-11-11 00:00:00+00:00
[2024-11-11T19:11:28.651+0000] {processor.py:208} INFO - Processing /home/airflow/.local/lib/python3.12/site-packages/airflow/example_dags/example_nested_branch_dag.py took 0.070 seconds
[2024-11-11T19:11:59.398+0000] {processor.py:186} INFO - Started process (PID=1825) to work on /home/airflow/.local/lib/python3.12/site-packages/airflow/example_dags/example_nested_branch_dag.py
[2024-11-11T19:11:59.399+0000] {processor.py:914} INFO - Processing file /home/airflow/.local/lib/python3.12/site-packages/airflow/example_dags/example_nested_branch_dag.py for tasks to queue
[2024-11-11T19:11:59.401+0000] {logging_mixin.py:190} INFO - [2024-11-11T19:11:59.401+0000] {dagbag.py:588} INFO - Filling up the DagBag from /home/airflow/.local/lib/python3.12/site-packages/airflow/example_dags/example_nested_branch_dag.py
[2024-11-11T19:11:59.409+0000] {processor.py:925} INFO - DAG(s) 'example_nested_branch_dag' retrieved from /home/airflow/.local/lib/python3.12/site-packages/airflow/example_dags/example_nested_branch_dag.py
[2024-11-11T19:11:59.425+0000] {logging_mixin.py:190} INFO - [2024-11-11T19:11:59.425+0000] {dag.py:3239} INFO - Sync 1 DAGs
[2024-11-11T19:11:59.443+0000] {logging_mixin.py:190} INFO - [2024-11-11T19:11:59.442+0000] {dag.py:4180} INFO - Setting next_dagrun for example_nested_branch_dag to 2024-11-10 00:00:00+00:00, run_after=2024-11-11 00:00:00+00:00
[2024-11-11T19:11:59.459+0000] {processor.py:208} INFO - Processing /home/airflow/.local/lib/python3.12/site-packages/airflow/example_dags/example_nested_branch_dag.py took 0.065 seconds
[2024-11-11T19:12:30.049+0000] {processor.py:186} INFO - Started process (PID=1890) to work on /home/airflow/.local/lib/python3.12/site-packages/airflow/example_dags/example_nested_branch_dag.py
[2024-11-11T19:12:30.049+0000] {processor.py:914} INFO - Processing file /home/airflow/.local/lib/python3.12/site-packages/airflow/example_dags/example_nested_branch_dag.py for tasks to queue
[2024-11-11T19:12:30.051+0000] {logging_mixin.py:190} INFO - [2024-11-11T19:12:30.051+0000] {dagbag.py:588} INFO - Filling up the DagBag from /home/airflow/.local/lib/python3.12/site-packages/airflow/example_dags/example_nested_branch_dag.py
[2024-11-11T19:12:30.061+0000] {processor.py:925} INFO - DAG(s) 'example_nested_branch_dag' retrieved from /home/airflow/.local/lib/python3.12/site-packages/airflow/example_dags/example_nested_branch_dag.py
[2024-11-11T19:12:30.082+0000] {logging_mixin.py:190} INFO - [2024-11-11T19:12:30.081+0000] {dag.py:3239} INFO - Sync 1 DAGs
[2024-11-11T19:12:30.099+0000] {logging_mixin.py:190} INFO - [2024-11-11T19:12:30.099+0000] {dag.py:4180} INFO - Setting next_dagrun for example_nested_branch_dag to 2024-11-10 00:00:00+00:00, run_after=2024-11-11 00:00:00+00:00
[2024-11-11T19:12:30.114+0000] {processor.py:208} INFO - Processing /home/airflow/.local/lib/python3.12/site-packages/airflow/example_dags/example_nested_branch_dag.py took 0.069 seconds
[2024-11-11T19:13:00.500+0000] {processor.py:186} INFO - Started process (PID=1955) to work on /home/airflow/.local/lib/python3.12/site-packages/airflow/example_dags/example_nested_branch_dag.py
[2024-11-11T19:13:00.501+0000] {processor.py:914} INFO - Processing file /home/airflow/.local/lib/python3.12/site-packages/airflow/example_dags/example_nested_branch_dag.py for tasks to queue
[2024-11-11T19:13:00.502+0000] {logging_mixin.py:190} INFO - [2024-11-11T19:13:00.502+0000] {dagbag.py:588} INFO - Filling up the DagBag from /home/airflow/.local/lib/python3.12/site-packages/airflow/example_dags/example_nested_branch_dag.py
[2024-11-11T19:13:00.514+0000] {processor.py:925} INFO - DAG(s) 'example_nested_branch_dag' retrieved from /home/airflow/.local/lib/python3.12/site-packages/airflow/example_dags/example_nested_branch_dag.py
[2024-11-11T19:13:00.538+0000] {logging_mixin.py:190} INFO - [2024-11-11T19:13:00.537+0000] {dag.py:3239} INFO - Sync 1 DAGs
[2024-11-11T19:13:00.556+0000] {logging_mixin.py:190} INFO - [2024-11-11T19:13:00.556+0000] {dag.py:4180} INFO - Setting next_dagrun for example_nested_branch_dag to 2024-11-10 00:00:00+00:00, run_after=2024-11-11 00:00:00+00:00
[2024-11-11T19:13:00.571+0000] {processor.py:208} INFO - Processing /home/airflow/.local/lib/python3.12/site-packages/airflow/example_dags/example_nested_branch_dag.py took 0.076 seconds
[2024-11-11T19:13:31.041+0000] {processor.py:186} INFO - Started process (PID=2021) to work on /home/airflow/.local/lib/python3.12/site-packages/airflow/example_dags/example_nested_branch_dag.py
[2024-11-11T19:13:31.042+0000] {processor.py:914} INFO - Processing file /home/airflow/.local/lib/python3.12/site-packages/airflow/example_dags/example_nested_branch_dag.py for tasks to queue
[2024-11-11T19:13:31.045+0000] {logging_mixin.py:190} INFO - [2024-11-11T19:13:31.044+0000] {dagbag.py:588} INFO - Filling up the DagBag from /home/airflow/.local/lib/python3.12/site-packages/airflow/example_dags/example_nested_branch_dag.py
[2024-11-11T19:13:31.058+0000] {processor.py:925} INFO - DAG(s) 'example_nested_branch_dag' retrieved from /home/airflow/.local/lib/python3.12/site-packages/airflow/example_dags/example_nested_branch_dag.py
[2024-11-11T19:13:31.079+0000] {logging_mixin.py:190} INFO - [2024-11-11T19:13:31.079+0000] {dag.py:3239} INFO - Sync 1 DAGs
[2024-11-11T19:13:31.101+0000] {logging_mixin.py:190} INFO - [2024-11-11T19:13:31.101+0000] {dag.py:4180} INFO - Setting next_dagrun for example_nested_branch_dag to 2024-11-10 00:00:00+00:00, run_after=2024-11-11 00:00:00+00:00
[2024-11-11T19:13:31.122+0000] {processor.py:208} INFO - Processing /home/airflow/.local/lib/python3.12/site-packages/airflow/example_dags/example_nested_branch_dag.py took 0.086 seconds
[2024-11-11T19:14:01.478+0000] {processor.py:186} INFO - Started process (PID=2088) to work on /home/airflow/.local/lib/python3.12/site-packages/airflow/example_dags/example_nested_branch_dag.py
[2024-11-11T19:14:01.478+0000] {processor.py:914} INFO - Processing file /home/airflow/.local/lib/python3.12/site-packages/airflow/example_dags/example_nested_branch_dag.py for tasks to queue
[2024-11-11T19:14:01.480+0000] {logging_mixin.py:190} INFO - [2024-11-11T19:14:01.480+0000] {dagbag.py:588} INFO - Filling up the DagBag from /home/airflow/.local/lib/python3.12/site-packages/airflow/example_dags/example_nested_branch_dag.py
[2024-11-11T19:14:01.490+0000] {processor.py:925} INFO - DAG(s) 'example_nested_branch_dag' retrieved from /home/airflow/.local/lib/python3.12/site-packages/airflow/example_dags/example_nested_branch_dag.py
[2024-11-11T19:14:01.509+0000] {logging_mixin.py:190} INFO - [2024-11-11T19:14:01.509+0000] {dag.py:3239} INFO - Sync 1 DAGs
[2024-11-11T19:14:01.529+0000] {logging_mixin.py:190} INFO - [2024-11-11T19:14:01.528+0000] {dag.py:4180} INFO - Setting next_dagrun for example_nested_branch_dag to 2024-11-10 00:00:00+00:00, run_after=2024-11-11 00:00:00+00:00
[2024-11-11T19:14:01.543+0000] {processor.py:208} INFO - Processing /home/airflow/.local/lib/python3.12/site-packages/airflow/example_dags/example_nested_branch_dag.py took 0.069 seconds
[2024-11-11T19:14:32.287+0000] {processor.py:186} INFO - Started process (PID=2155) to work on /home/airflow/.local/lib/python3.12/site-packages/airflow/example_dags/example_nested_branch_dag.py
[2024-11-11T19:14:32.288+0000] {processor.py:914} INFO - Processing file /home/airflow/.local/lib/python3.12/site-packages/airflow/example_dags/example_nested_branch_dag.py for tasks to queue
[2024-11-11T19:14:32.290+0000] {logging_mixin.py:190} INFO - [2024-11-11T19:14:32.290+0000] {dagbag.py:588} INFO - Filling up the DagBag from /home/airflow/.local/lib/python3.12/site-packages/airflow/example_dags/example_nested_branch_dag.py
[2024-11-11T19:14:32.316+0000] {processor.py:925} INFO - DAG(s) 'example_nested_branch_dag' retrieved from /home/airflow/.local/lib/python3.12/site-packages/airflow/example_dags/example_nested_branch_dag.py
[2024-11-11T19:14:32.359+0000] {logging_mixin.py:190} INFO - [2024-11-11T19:14:32.358+0000] {dag.py:3239} INFO - Sync 1 DAGs
[2024-11-11T19:14:32.398+0000] {logging_mixin.py:190} INFO - [2024-11-11T19:14:32.398+0000] {dag.py:4180} INFO - Setting next_dagrun for example_nested_branch_dag to 2024-11-10 00:00:00+00:00, run_after=2024-11-11 00:00:00+00:00
[2024-11-11T19:14:32.433+0000] {processor.py:208} INFO - Processing /home/airflow/.local/lib/python3.12/site-packages/airflow/example_dags/example_nested_branch_dag.py took 0.151 seconds
[2024-11-11T19:15:03.203+0000] {processor.py:186} INFO - Started process (PID=2220) to work on /home/airflow/.local/lib/python3.12/site-packages/airflow/example_dags/example_nested_branch_dag.py
[2024-11-11T19:15:03.204+0000] {processor.py:914} INFO - Processing file /home/airflow/.local/lib/python3.12/site-packages/airflow/example_dags/example_nested_branch_dag.py for tasks to queue
[2024-11-11T19:15:03.205+0000] {logging_mixin.py:190} INFO - [2024-11-11T19:15:03.205+0000] {dagbag.py:588} INFO - Filling up the DagBag from /home/airflow/.local/lib/python3.12/site-packages/airflow/example_dags/example_nested_branch_dag.py
[2024-11-11T19:15:03.220+0000] {processor.py:925} INFO - DAG(s) 'example_nested_branch_dag' retrieved from /home/airflow/.local/lib/python3.12/site-packages/airflow/example_dags/example_nested_branch_dag.py
[2024-11-11T19:15:03.254+0000] {logging_mixin.py:190} INFO - [2024-11-11T19:15:03.254+0000] {dag.py:3239} INFO - Sync 1 DAGs
[2024-11-11T19:15:03.290+0000] {logging_mixin.py:190} INFO - [2024-11-11T19:15:03.290+0000] {dag.py:4180} INFO - Setting next_dagrun for example_nested_branch_dag to 2024-11-10 00:00:00+00:00, run_after=2024-11-11 00:00:00+00:00
[2024-11-11T19:15:03.321+0000] {processor.py:208} INFO - Processing /home/airflow/.local/lib/python3.12/site-packages/airflow/example_dags/example_nested_branch_dag.py took 0.123 seconds
[2024-11-11T19:15:33.584+0000] {processor.py:186} INFO - Started process (PID=2285) to work on /home/airflow/.local/lib/python3.12/site-packages/airflow/example_dags/example_nested_branch_dag.py
[2024-11-11T19:15:33.585+0000] {processor.py:914} INFO - Processing file /home/airflow/.local/lib/python3.12/site-packages/airflow/example_dags/example_nested_branch_dag.py for tasks to queue
[2024-11-11T19:15:33.587+0000] {logging_mixin.py:190} INFO - [2024-11-11T19:15:33.586+0000] {dagbag.py:588} INFO - Filling up the DagBag from /home/airflow/.local/lib/python3.12/site-packages/airflow/example_dags/example_nested_branch_dag.py
[2024-11-11T19:15:33.597+0000] {processor.py:925} INFO - DAG(s) 'example_nested_branch_dag' retrieved from /home/airflow/.local/lib/python3.12/site-packages/airflow/example_dags/example_nested_branch_dag.py
[2024-11-11T19:15:33.622+0000] {logging_mixin.py:190} INFO - [2024-11-11T19:15:33.622+0000] {dag.py:3239} INFO - Sync 1 DAGs
[2024-11-11T19:15:33.641+0000] {logging_mixin.py:190} INFO - [2024-11-11T19:15:33.641+0000] {dag.py:4180} INFO - Setting next_dagrun for example_nested_branch_dag to 2024-11-10 00:00:00+00:00, run_after=2024-11-11 00:00:00+00:00
[2024-11-11T19:15:33.666+0000] {processor.py:208} INFO - Processing /home/airflow/.local/lib/python3.12/site-packages/airflow/example_dags/example_nested_branch_dag.py took 0.087 seconds
[2024-11-11T19:17:24.072+0000] {processor.py:186} INFO - Started process (PID=70) to work on /home/airflow/.local/lib/python3.12/site-packages/airflow/example_dags/example_nested_branch_dag.py
[2024-11-11T19:17:24.073+0000] {processor.py:914} INFO - Processing file /home/airflow/.local/lib/python3.12/site-packages/airflow/example_dags/example_nested_branch_dag.py for tasks to queue
[2024-11-11T19:17:24.081+0000] {logging_mixin.py:190} INFO - [2024-11-11T19:17:24.080+0000] {dagbag.py:588} INFO - Filling up the DagBag from /home/airflow/.local/lib/python3.12/site-packages/airflow/example_dags/example_nested_branch_dag.py
[2024-11-11T19:17:24.102+0000] {processor.py:925} INFO - DAG(s) 'example_nested_branch_dag' retrieved from /home/airflow/.local/lib/python3.12/site-packages/airflow/example_dags/example_nested_branch_dag.py
[2024-11-11T19:17:24.138+0000] {logging_mixin.py:190} INFO - [2024-11-11T19:17:24.138+0000] {dag.py:3239} INFO - Sync 1 DAGs
[2024-11-11T19:17:24.184+0000] {logging_mixin.py:190} INFO - [2024-11-11T19:17:24.184+0000] {dag.py:4180} INFO - Setting next_dagrun for example_nested_branch_dag to 2024-11-10 00:00:00+00:00, run_after=2024-11-11 00:00:00+00:00
[2024-11-11T19:17:24.229+0000] {processor.py:208} INFO - Processing /home/airflow/.local/lib/python3.12/site-packages/airflow/example_dags/example_nested_branch_dag.py took 0.161 seconds
[2024-11-11T19:18:16.331+0000] {processor.py:186} INFO - Started process (PID=142) to work on /home/airflow/.local/lib/python3.12/site-packages/airflow/example_dags/example_nested_branch_dag.py
[2024-11-11T19:18:16.344+0000] {processor.py:914} INFO - Processing file /home/airflow/.local/lib/python3.12/site-packages/airflow/example_dags/example_nested_branch_dag.py for tasks to queue
[2024-11-11T19:18:16.346+0000] {logging_mixin.py:190} INFO - [2024-11-11T19:18:16.346+0000] {dagbag.py:588} INFO - Filling up the DagBag from /home/airflow/.local/lib/python3.12/site-packages/airflow/example_dags/example_nested_branch_dag.py
[2024-11-11T19:18:16.391+0000] {processor.py:925} INFO - DAG(s) 'example_nested_branch_dag' retrieved from /home/airflow/.local/lib/python3.12/site-packages/airflow/example_dags/example_nested_branch_dag.py
[2024-11-11T19:18:16.430+0000] {logging_mixin.py:190} INFO - [2024-11-11T19:18:16.430+0000] {dag.py:3239} INFO - Sync 1 DAGs
[2024-11-11T19:18:16.482+0000] {logging_mixin.py:190} INFO - [2024-11-11T19:18:16.482+0000] {dag.py:4180} INFO - Setting next_dagrun for example_nested_branch_dag to 2024-11-10 00:00:00+00:00, run_after=2024-11-11 00:00:00+00:00
[2024-11-11T19:18:16.521+0000] {processor.py:208} INFO - Processing /home/airflow/.local/lib/python3.12/site-packages/airflow/example_dags/example_nested_branch_dag.py took 0.194 seconds
[2024-11-11T19:18:46.996+0000] {processor.py:186} INFO - Started process (PID=208) to work on /home/airflow/.local/lib/python3.12/site-packages/airflow/example_dags/example_nested_branch_dag.py
[2024-11-11T19:18:46.998+0000] {processor.py:914} INFO - Processing file /home/airflow/.local/lib/python3.12/site-packages/airflow/example_dags/example_nested_branch_dag.py for tasks to queue
[2024-11-11T19:18:47.006+0000] {logging_mixin.py:190} INFO - [2024-11-11T19:18:47.005+0000] {dagbag.py:588} INFO - Filling up the DagBag from /home/airflow/.local/lib/python3.12/site-packages/airflow/example_dags/example_nested_branch_dag.py
[2024-11-11T19:18:47.047+0000] {processor.py:925} INFO - DAG(s) 'example_nested_branch_dag' retrieved from /home/airflow/.local/lib/python3.12/site-packages/airflow/example_dags/example_nested_branch_dag.py
[2024-11-11T19:18:47.103+0000] {logging_mixin.py:190} INFO - [2024-11-11T19:18:47.102+0000] {dag.py:3239} INFO - Sync 1 DAGs
[2024-11-11T19:18:47.133+0000] {logging_mixin.py:190} INFO - [2024-11-11T19:18:47.133+0000] {dag.py:4180} INFO - Setting next_dagrun for example_nested_branch_dag to 2024-11-10 00:00:00+00:00, run_after=2024-11-11 00:00:00+00:00
[2024-11-11T19:18:47.167+0000] {processor.py:208} INFO - Processing /home/airflow/.local/lib/python3.12/site-packages/airflow/example_dags/example_nested_branch_dag.py took 0.178 seconds
[2024-11-11T19:19:17.835+0000] {processor.py:186} INFO - Started process (PID=273) to work on /home/airflow/.local/lib/python3.12/site-packages/airflow/example_dags/example_nested_branch_dag.py
[2024-11-11T19:19:17.836+0000] {processor.py:914} INFO - Processing file /home/airflow/.local/lib/python3.12/site-packages/airflow/example_dags/example_nested_branch_dag.py for tasks to queue
[2024-11-11T19:19:17.844+0000] {logging_mixin.py:190} INFO - [2024-11-11T19:19:17.843+0000] {dagbag.py:588} INFO - Filling up the DagBag from /home/airflow/.local/lib/python3.12/site-packages/airflow/example_dags/example_nested_branch_dag.py
[2024-11-11T19:19:17.858+0000] {processor.py:925} INFO - DAG(s) 'example_nested_branch_dag' retrieved from /home/airflow/.local/lib/python3.12/site-packages/airflow/example_dags/example_nested_branch_dag.py
[2024-11-11T19:19:17.881+0000] {logging_mixin.py:190} INFO - [2024-11-11T19:19:17.881+0000] {dag.py:3239} INFO - Sync 1 DAGs
[2024-11-11T19:19:17.906+0000] {logging_mixin.py:190} INFO - [2024-11-11T19:19:17.906+0000] {dag.py:4180} INFO - Setting next_dagrun for example_nested_branch_dag to 2024-11-10 00:00:00+00:00, run_after=2024-11-11 00:00:00+00:00
[2024-11-11T19:19:17.928+0000] {processor.py:208} INFO - Processing /home/airflow/.local/lib/python3.12/site-packages/airflow/example_dags/example_nested_branch_dag.py took 0.100 seconds
[2024-11-11T19:21:58.684+0000] {processor.py:186} INFO - Started process (PID=331) to work on /home/airflow/.local/lib/python3.12/site-packages/airflow/example_dags/example_nested_branch_dag.py
[2024-11-11T19:21:58.687+0000] {processor.py:914} INFO - Processing file /home/airflow/.local/lib/python3.12/site-packages/airflow/example_dags/example_nested_branch_dag.py for tasks to queue
[2024-11-11T19:21:58.690+0000] {logging_mixin.py:190} INFO - [2024-11-11T19:21:58.690+0000] {dagbag.py:588} INFO - Filling up the DagBag from /home/airflow/.local/lib/python3.12/site-packages/airflow/example_dags/example_nested_branch_dag.py
[2024-11-11T19:21:58.729+0000] {processor.py:925} INFO - DAG(s) 'example_nested_branch_dag' retrieved from /home/airflow/.local/lib/python3.12/site-packages/airflow/example_dags/example_nested_branch_dag.py
[2024-11-11T19:21:58.783+0000] {logging_mixin.py:190} INFO - [2024-11-11T19:21:58.783+0000] {dag.py:3239} INFO - Sync 1 DAGs
[2024-11-11T19:21:58.831+0000] {logging_mixin.py:190} INFO - [2024-11-11T19:21:58.831+0000] {dag.py:4180} INFO - Setting next_dagrun for example_nested_branch_dag to 2024-11-10 00:00:00+00:00, run_after=2024-11-11 00:00:00+00:00
[2024-11-11T19:21:58.884+0000] {processor.py:208} INFO - Processing /home/airflow/.local/lib/python3.12/site-packages/airflow/example_dags/example_nested_branch_dag.py took 0.210 seconds
[2024-11-11T19:28:31.542+0000] {processor.py:186} INFO - Started process (PID=57) to work on /home/airflow/.local/lib/python3.12/site-packages/airflow/example_dags/example_nested_branch_dag.py
[2024-11-11T19:28:31.544+0000] {processor.py:914} INFO - Processing file /home/airflow/.local/lib/python3.12/site-packages/airflow/example_dags/example_nested_branch_dag.py for tasks to queue
[2024-11-11T19:28:31.560+0000] {logging_mixin.py:190} INFO - [2024-11-11T19:28:31.560+0000] {dagbag.py:588} INFO - Filling up the DagBag from /home/airflow/.local/lib/python3.12/site-packages/airflow/example_dags/example_nested_branch_dag.py
[2024-11-11T19:28:31.572+0000] {processor.py:925} INFO - DAG(s) 'example_nested_branch_dag' retrieved from /home/airflow/.local/lib/python3.12/site-packages/airflow/example_dags/example_nested_branch_dag.py
[2024-11-11T19:28:31.623+0000] {logging_mixin.py:190} INFO - [2024-11-11T19:28:31.622+0000] {dag.py:3239} INFO - Sync 1 DAGs
[2024-11-11T19:28:31.656+0000] {logging_mixin.py:190} INFO - [2024-11-11T19:28:31.656+0000] {dag.py:4180} INFO - Setting next_dagrun for example_nested_branch_dag to 2024-11-10 00:00:00+00:00, run_after=2024-11-11 00:00:00+00:00
[2024-11-11T19:28:31.680+0000] {processor.py:208} INFO - Processing /home/airflow/.local/lib/python3.12/site-packages/airflow/example_dags/example_nested_branch_dag.py took 0.156 seconds
[2024-11-11T19:29:02.055+0000] {processor.py:186} INFO - Started process (PID=123) to work on /home/airflow/.local/lib/python3.12/site-packages/airflow/example_dags/example_nested_branch_dag.py
[2024-11-11T19:29:02.056+0000] {processor.py:914} INFO - Processing file /home/airflow/.local/lib/python3.12/site-packages/airflow/example_dags/example_nested_branch_dag.py for tasks to queue
[2024-11-11T19:29:02.058+0000] {logging_mixin.py:190} INFO - [2024-11-11T19:29:02.058+0000] {dagbag.py:588} INFO - Filling up the DagBag from /home/airflow/.local/lib/python3.12/site-packages/airflow/example_dags/example_nested_branch_dag.py
[2024-11-11T19:29:02.068+0000] {processor.py:925} INFO - DAG(s) 'example_nested_branch_dag' retrieved from /home/airflow/.local/lib/python3.12/site-packages/airflow/example_dags/example_nested_branch_dag.py
[2024-11-11T19:29:02.085+0000] {logging_mixin.py:190} INFO - [2024-11-11T19:29:02.085+0000] {dag.py:3239} INFO - Sync 1 DAGs
[2024-11-11T19:29:02.104+0000] {logging_mixin.py:190} INFO - [2024-11-11T19:29:02.104+0000] {dag.py:4180} INFO - Setting next_dagrun for example_nested_branch_dag to 2024-11-10 00:00:00+00:00, run_after=2024-11-11 00:00:00+00:00
[2024-11-11T19:29:02.122+0000] {processor.py:208} INFO - Processing /home/airflow/.local/lib/python3.12/site-packages/airflow/example_dags/example_nested_branch_dag.py took 0.073 seconds
[2024-11-11T19:29:32.939+0000] {processor.py:186} INFO - Started process (PID=188) to work on /home/airflow/.local/lib/python3.12/site-packages/airflow/example_dags/example_nested_branch_dag.py
[2024-11-11T19:29:32.940+0000] {processor.py:914} INFO - Processing file /home/airflow/.local/lib/python3.12/site-packages/airflow/example_dags/example_nested_branch_dag.py for tasks to queue
[2024-11-11T19:29:32.942+0000] {logging_mixin.py:190} INFO - [2024-11-11T19:29:32.942+0000] {dagbag.py:588} INFO - Filling up the DagBag from /home/airflow/.local/lib/python3.12/site-packages/airflow/example_dags/example_nested_branch_dag.py
[2024-11-11T19:29:32.952+0000] {processor.py:925} INFO - DAG(s) 'example_nested_branch_dag' retrieved from /home/airflow/.local/lib/python3.12/site-packages/airflow/example_dags/example_nested_branch_dag.py
[2024-11-11T19:29:32.974+0000] {logging_mixin.py:190} INFO - [2024-11-11T19:29:32.973+0000] {dag.py:3239} INFO - Sync 1 DAGs
[2024-11-11T19:29:32.995+0000] {logging_mixin.py:190} INFO - [2024-11-11T19:29:32.995+0000] {dag.py:4180} INFO - Setting next_dagrun for example_nested_branch_dag to 2024-11-10 00:00:00+00:00, run_after=2024-11-11 00:00:00+00:00
[2024-11-11T19:29:33.011+0000] {processor.py:208} INFO - Processing /home/airflow/.local/lib/python3.12/site-packages/airflow/example_dags/example_nested_branch_dag.py took 0.077 seconds
[2024-11-11T19:30:03.649+0000] {processor.py:186} INFO - Started process (PID=254) to work on /home/airflow/.local/lib/python3.12/site-packages/airflow/example_dags/example_nested_branch_dag.py
[2024-11-11T19:30:03.649+0000] {processor.py:914} INFO - Processing file /home/airflow/.local/lib/python3.12/site-packages/airflow/example_dags/example_nested_branch_dag.py for tasks to queue
[2024-11-11T19:30:03.651+0000] {logging_mixin.py:190} INFO - [2024-11-11T19:30:03.651+0000] {dagbag.py:588} INFO - Filling up the DagBag from /home/airflow/.local/lib/python3.12/site-packages/airflow/example_dags/example_nested_branch_dag.py
[2024-11-11T19:30:03.661+0000] {processor.py:925} INFO - DAG(s) 'example_nested_branch_dag' retrieved from /home/airflow/.local/lib/python3.12/site-packages/airflow/example_dags/example_nested_branch_dag.py
[2024-11-11T19:30:03.686+0000] {logging_mixin.py:190} INFO - [2024-11-11T19:30:03.685+0000] {dag.py:3239} INFO - Sync 1 DAGs
[2024-11-11T19:30:03.707+0000] {logging_mixin.py:190} INFO - [2024-11-11T19:30:03.707+0000] {dag.py:4180} INFO - Setting next_dagrun for example_nested_branch_dag to 2024-11-10 00:00:00+00:00, run_after=2024-11-11 00:00:00+00:00
[2024-11-11T19:30:03.725+0000] {processor.py:208} INFO - Processing /home/airflow/.local/lib/python3.12/site-packages/airflow/example_dags/example_nested_branch_dag.py took 0.081 seconds
[2024-11-11T19:30:34.284+0000] {processor.py:186} INFO - Started process (PID=320) to work on /home/airflow/.local/lib/python3.12/site-packages/airflow/example_dags/example_nested_branch_dag.py
[2024-11-11T19:30:34.285+0000] {processor.py:914} INFO - Processing file /home/airflow/.local/lib/python3.12/site-packages/airflow/example_dags/example_nested_branch_dag.py for tasks to queue
[2024-11-11T19:30:34.287+0000] {logging_mixin.py:190} INFO - [2024-11-11T19:30:34.287+0000] {dagbag.py:588} INFO - Filling up the DagBag from /home/airflow/.local/lib/python3.12/site-packages/airflow/example_dags/example_nested_branch_dag.py
[2024-11-11T19:30:34.296+0000] {processor.py:925} INFO - DAG(s) 'example_nested_branch_dag' retrieved from /home/airflow/.local/lib/python3.12/site-packages/airflow/example_dags/example_nested_branch_dag.py
[2024-11-11T19:30:34.313+0000] {logging_mixin.py:190} INFO - [2024-11-11T19:30:34.313+0000] {dag.py:3239} INFO - Sync 1 DAGs
[2024-11-11T19:30:34.332+0000] {logging_mixin.py:190} INFO - [2024-11-11T19:30:34.332+0000] {dag.py:4180} INFO - Setting next_dagrun for example_nested_branch_dag to 2024-11-10 00:00:00+00:00, run_after=2024-11-11 00:00:00+00:00
[2024-11-11T19:30:34.347+0000] {processor.py:208} INFO - Processing /home/airflow/.local/lib/python3.12/site-packages/airflow/example_dags/example_nested_branch_dag.py took 0.068 seconds
[2024-11-11T19:31:05.070+0000] {processor.py:186} INFO - Started process (PID=393) to work on /home/airflow/.local/lib/python3.12/site-packages/airflow/example_dags/example_nested_branch_dag.py
[2024-11-11T19:31:05.070+0000] {processor.py:914} INFO - Processing file /home/airflow/.local/lib/python3.12/site-packages/airflow/example_dags/example_nested_branch_dag.py for tasks to queue
[2024-11-11T19:31:05.072+0000] {logging_mixin.py:190} INFO - [2024-11-11T19:31:05.072+0000] {dagbag.py:588} INFO - Filling up the DagBag from /home/airflow/.local/lib/python3.12/site-packages/airflow/example_dags/example_nested_branch_dag.py
[2024-11-11T19:31:05.081+0000] {processor.py:925} INFO - DAG(s) 'example_nested_branch_dag' retrieved from /home/airflow/.local/lib/python3.12/site-packages/airflow/example_dags/example_nested_branch_dag.py
[2024-11-11T19:31:05.099+0000] {logging_mixin.py:190} INFO - [2024-11-11T19:31:05.099+0000] {dag.py:3239} INFO - Sync 1 DAGs
[2024-11-11T19:31:05.117+0000] {logging_mixin.py:190} INFO - [2024-11-11T19:31:05.117+0000] {dag.py:4180} INFO - Setting next_dagrun for example_nested_branch_dag to 2024-11-10 00:00:00+00:00, run_after=2024-11-11 00:00:00+00:00
[2024-11-11T19:31:05.131+0000] {processor.py:208} INFO - Processing /home/airflow/.local/lib/python3.12/site-packages/airflow/example_dags/example_nested_branch_dag.py took 0.066 seconds
[2024-11-11T19:31:35.515+0000] {processor.py:186} INFO - Started process (PID=459) to work on /home/airflow/.local/lib/python3.12/site-packages/airflow/example_dags/example_nested_branch_dag.py
[2024-11-11T19:31:35.516+0000] {processor.py:914} INFO - Processing file /home/airflow/.local/lib/python3.12/site-packages/airflow/example_dags/example_nested_branch_dag.py for tasks to queue
[2024-11-11T19:31:35.518+0000] {logging_mixin.py:190} INFO - [2024-11-11T19:31:35.517+0000] {dagbag.py:588} INFO - Filling up the DagBag from /home/airflow/.local/lib/python3.12/site-packages/airflow/example_dags/example_nested_branch_dag.py
[2024-11-11T19:31:35.527+0000] {processor.py:925} INFO - DAG(s) 'example_nested_branch_dag' retrieved from /home/airflow/.local/lib/python3.12/site-packages/airflow/example_dags/example_nested_branch_dag.py
[2024-11-11T19:31:35.543+0000] {logging_mixin.py:190} INFO - [2024-11-11T19:31:35.542+0000] {dag.py:3239} INFO - Sync 1 DAGs
[2024-11-11T19:31:35.561+0000] {logging_mixin.py:190} INFO - [2024-11-11T19:31:35.560+0000] {dag.py:4180} INFO - Setting next_dagrun for example_nested_branch_dag to 2024-11-10 00:00:00+00:00, run_after=2024-11-11 00:00:00+00:00
[2024-11-11T19:31:35.574+0000] {processor.py:208} INFO - Processing /home/airflow/.local/lib/python3.12/site-packages/airflow/example_dags/example_nested_branch_dag.py took 0.063 seconds
[2024-11-11T19:33:10.861+0000] {processor.py:186} INFO - Started process (PID=54) to work on /home/airflow/.local/lib/python3.12/site-packages/airflow/example_dags/example_nested_branch_dag.py
[2024-11-11T19:33:10.862+0000] {processor.py:914} INFO - Processing file /home/airflow/.local/lib/python3.12/site-packages/airflow/example_dags/example_nested_branch_dag.py for tasks to queue
[2024-11-11T19:33:10.864+0000] {logging_mixin.py:190} INFO - [2024-11-11T19:33:10.864+0000] {dagbag.py:588} INFO - Filling up the DagBag from /home/airflow/.local/lib/python3.12/site-packages/airflow/example_dags/example_nested_branch_dag.py
[2024-11-11T19:33:10.873+0000] {processor.py:925} INFO - DAG(s) 'example_nested_branch_dag' retrieved from /home/airflow/.local/lib/python3.12/site-packages/airflow/example_dags/example_nested_branch_dag.py
[2024-11-11T19:33:10.946+0000] {logging_mixin.py:190} INFO - [2024-11-11T19:33:10.945+0000] {dag.py:3239} INFO - Sync 1 DAGs
[2024-11-11T19:33:10.992+0000] {logging_mixin.py:190} INFO - [2024-11-11T19:33:10.992+0000] {dag.py:4180} INFO - Setting next_dagrun for example_nested_branch_dag to 2024-11-10 00:00:00+00:00, run_after=2024-11-11 00:00:00+00:00
[2024-11-11T19:33:11.034+0000] {processor.py:208} INFO - Processing /home/airflow/.local/lib/python3.12/site-packages/airflow/example_dags/example_nested_branch_dag.py took 0.177 seconds
[2024-11-11T19:34:17.479+0000] {processor.py:186} INFO - Started process (PID=60) to work on /home/airflow/.local/lib/python3.12/site-packages/airflow/example_dags/example_nested_branch_dag.py
[2024-11-11T19:34:17.479+0000] {processor.py:914} INFO - Processing file /home/airflow/.local/lib/python3.12/site-packages/airflow/example_dags/example_nested_branch_dag.py for tasks to queue
[2024-11-11T19:34:17.481+0000] {logging_mixin.py:190} INFO - [2024-11-11T19:34:17.481+0000] {dagbag.py:588} INFO - Filling up the DagBag from /home/airflow/.local/lib/python3.12/site-packages/airflow/example_dags/example_nested_branch_dag.py
[2024-11-11T19:34:17.503+0000] {processor.py:925} INFO - DAG(s) 'example_nested_branch_dag' retrieved from /home/airflow/.local/lib/python3.12/site-packages/airflow/example_dags/example_nested_branch_dag.py
[2024-11-11T19:34:17.542+0000] {logging_mixin.py:190} INFO - [2024-11-11T19:34:17.542+0000] {dag.py:3239} INFO - Sync 1 DAGs
[2024-11-11T19:34:17.595+0000] {logging_mixin.py:190} INFO - [2024-11-11T19:34:17.594+0000] {dag.py:4180} INFO - Setting next_dagrun for example_nested_branch_dag to 2024-11-10 00:00:00+00:00, run_after=2024-11-11 00:00:00+00:00
[2024-11-11T19:34:17.613+0000] {processor.py:208} INFO - Processing /home/airflow/.local/lib/python3.12/site-packages/airflow/example_dags/example_nested_branch_dag.py took 0.139 seconds
[2024-11-11T19:34:48.140+0000] {processor.py:186} INFO - Started process (PID=126) to work on /home/airflow/.local/lib/python3.12/site-packages/airflow/example_dags/example_nested_branch_dag.py
[2024-11-11T19:34:48.141+0000] {processor.py:914} INFO - Processing file /home/airflow/.local/lib/python3.12/site-packages/airflow/example_dags/example_nested_branch_dag.py for tasks to queue
[2024-11-11T19:34:48.143+0000] {logging_mixin.py:190} INFO - [2024-11-11T19:34:48.143+0000] {dagbag.py:588} INFO - Filling up the DagBag from /home/airflow/.local/lib/python3.12/site-packages/airflow/example_dags/example_nested_branch_dag.py
[2024-11-11T19:34:48.153+0000] {processor.py:925} INFO - DAG(s) 'example_nested_branch_dag' retrieved from /home/airflow/.local/lib/python3.12/site-packages/airflow/example_dags/example_nested_branch_dag.py
[2024-11-11T19:34:48.180+0000] {logging_mixin.py:190} INFO - [2024-11-11T19:34:48.180+0000] {dag.py:3239} INFO - Sync 1 DAGs
[2024-11-11T19:34:48.202+0000] {logging_mixin.py:190} INFO - [2024-11-11T19:34:48.201+0000] {dag.py:4180} INFO - Setting next_dagrun for example_nested_branch_dag to 2024-11-10 00:00:00+00:00, run_after=2024-11-11 00:00:00+00:00
[2024-11-11T19:34:48.219+0000] {processor.py:208} INFO - Processing /home/airflow/.local/lib/python3.12/site-packages/airflow/example_dags/example_nested_branch_dag.py took 0.083 seconds
[2024-11-11T19:35:18.760+0000] {processor.py:186} INFO - Started process (PID=192) to work on /home/airflow/.local/lib/python3.12/site-packages/airflow/example_dags/example_nested_branch_dag.py
[2024-11-11T19:35:18.760+0000] {processor.py:914} INFO - Processing file /home/airflow/.local/lib/python3.12/site-packages/airflow/example_dags/example_nested_branch_dag.py for tasks to queue
[2024-11-11T19:35:18.762+0000] {logging_mixin.py:190} INFO - [2024-11-11T19:35:18.762+0000] {dagbag.py:588} INFO - Filling up the DagBag from /home/airflow/.local/lib/python3.12/site-packages/airflow/example_dags/example_nested_branch_dag.py
[2024-11-11T19:35:18.771+0000] {processor.py:925} INFO - DAG(s) 'example_nested_branch_dag' retrieved from /home/airflow/.local/lib/python3.12/site-packages/airflow/example_dags/example_nested_branch_dag.py
[2024-11-11T19:35:18.791+0000] {logging_mixin.py:190} INFO - [2024-11-11T19:35:18.791+0000] {dag.py:3239} INFO - Sync 1 DAGs
[2024-11-11T19:35:18.812+0000] {logging_mixin.py:190} INFO - [2024-11-11T19:35:18.812+0000] {dag.py:4180} INFO - Setting next_dagrun for example_nested_branch_dag to 2024-11-10 00:00:00+00:00, run_after=2024-11-11 00:00:00+00:00
[2024-11-11T19:35:18.828+0000] {processor.py:208} INFO - Processing /home/airflow/.local/lib/python3.12/site-packages/airflow/example_dags/example_nested_branch_dag.py took 0.074 seconds
[2024-11-11T19:35:49.151+0000] {processor.py:186} INFO - Started process (PID=258) to work on /home/airflow/.local/lib/python3.12/site-packages/airflow/example_dags/example_nested_branch_dag.py
[2024-11-11T19:35:49.152+0000] {processor.py:914} INFO - Processing file /home/airflow/.local/lib/python3.12/site-packages/airflow/example_dags/example_nested_branch_dag.py for tasks to queue
[2024-11-11T19:35:49.154+0000] {logging_mixin.py:190} INFO - [2024-11-11T19:35:49.154+0000] {dagbag.py:588} INFO - Filling up the DagBag from /home/airflow/.local/lib/python3.12/site-packages/airflow/example_dags/example_nested_branch_dag.py
[2024-11-11T19:35:49.164+0000] {processor.py:925} INFO - DAG(s) 'example_nested_branch_dag' retrieved from /home/airflow/.local/lib/python3.12/site-packages/airflow/example_dags/example_nested_branch_dag.py
[2024-11-11T19:35:49.183+0000] {logging_mixin.py:190} INFO - [2024-11-11T19:35:49.182+0000] {dag.py:3239} INFO - Sync 1 DAGs
[2024-11-11T19:35:49.202+0000] {logging_mixin.py:190} INFO - [2024-11-11T19:35:49.201+0000] {dag.py:4180} INFO - Setting next_dagrun for example_nested_branch_dag to 2024-11-10 00:00:00+00:00, run_after=2024-11-11 00:00:00+00:00
[2024-11-11T19:35:49.216+0000] {processor.py:208} INFO - Processing /home/airflow/.local/lib/python3.12/site-packages/airflow/example_dags/example_nested_branch_dag.py took 0.069 seconds
