[2024-11-11T18:58:19.867+0000] {processor.py:186} INFO - Started process (PID=107) to work on /home/airflow/.local/lib/python3.12/site-packages/airflow/example_dags/example_task_group.py
[2024-11-11T18:58:19.873+0000] {processor.py:914} INFO - Processing file /home/airflow/.local/lib/python3.12/site-packages/airflow/example_dags/example_task_group.py for tasks to queue
[2024-11-11T18:58:19.879+0000] {logging_mixin.py:190} INFO - [2024-11-11T18:58:19.878+0000] {dagbag.py:588} INFO - Filling up the DagBag from /home/airflow/.local/lib/python3.12/site-packages/airflow/example_dags/example_task_group.py
[2024-11-11T18:58:19.894+0000] {processor.py:925} INFO - DAG(s) 'example_task_group' retrieved from /home/airflow/.local/lib/python3.12/site-packages/airflow/example_dags/example_task_group.py
[2024-11-11T18:58:19.913+0000] {logging_mixin.py:190} INFO - [2024-11-11T18:58:19.912+0000] {dag.py:3239} INFO - Sync 1 DAGs
[2024-11-11T18:58:19.925+0000] {logging_mixin.py:190} INFO - [2024-11-11T18:58:19.925+0000] {dag.py:4180} INFO - Setting next_dagrun for example_task_group to None, run_after=None
[2024-11-11T18:58:19.943+0000] {processor.py:208} INFO - Processing /home/airflow/.local/lib/python3.12/site-packages/airflow/example_dags/example_task_group.py took 0.081 seconds
[2024-11-11T18:58:50.508+0000] {processor.py:186} INFO - Started process (PID=172) to work on /home/airflow/.local/lib/python3.12/site-packages/airflow/example_dags/example_task_group.py
[2024-11-11T18:58:50.509+0000] {processor.py:914} INFO - Processing file /home/airflow/.local/lib/python3.12/site-packages/airflow/example_dags/example_task_group.py for tasks to queue
[2024-11-11T18:58:50.513+0000] {logging_mixin.py:190} INFO - [2024-11-11T18:58:50.512+0000] {dagbag.py:588} INFO - Filling up the DagBag from /home/airflow/.local/lib/python3.12/site-packages/airflow/example_dags/example_task_group.py
[2024-11-11T18:58:50.521+0000] {processor.py:925} INFO - DAG(s) 'example_task_group' retrieved from /home/airflow/.local/lib/python3.12/site-packages/airflow/example_dags/example_task_group.py
[2024-11-11T18:58:50.542+0000] {logging_mixin.py:190} INFO - [2024-11-11T18:58:50.542+0000] {dag.py:3239} INFO - Sync 1 DAGs
[2024-11-11T18:58:50.554+0000] {logging_mixin.py:190} INFO - [2024-11-11T18:58:50.554+0000] {dag.py:4180} INFO - Setting next_dagrun for example_task_group to None, run_after=None
[2024-11-11T18:58:50.568+0000] {processor.py:208} INFO - Processing /home/airflow/.local/lib/python3.12/site-packages/airflow/example_dags/example_task_group.py took 0.064 seconds
[2024-11-11T18:59:21.339+0000] {processor.py:186} INFO - Started process (PID=237) to work on /home/airflow/.local/lib/python3.12/site-packages/airflow/example_dags/example_task_group.py
[2024-11-11T18:59:21.340+0000] {processor.py:914} INFO - Processing file /home/airflow/.local/lib/python3.12/site-packages/airflow/example_dags/example_task_group.py for tasks to queue
[2024-11-11T18:59:21.341+0000] {logging_mixin.py:190} INFO - [2024-11-11T18:59:21.341+0000] {dagbag.py:588} INFO - Filling up the DagBag from /home/airflow/.local/lib/python3.12/site-packages/airflow/example_dags/example_task_group.py
[2024-11-11T18:59:21.349+0000] {processor.py:925} INFO - DAG(s) 'example_task_group' retrieved from /home/airflow/.local/lib/python3.12/site-packages/airflow/example_dags/example_task_group.py
[2024-11-11T18:59:21.368+0000] {logging_mixin.py:190} INFO - [2024-11-11T18:59:21.368+0000] {dag.py:3239} INFO - Sync 1 DAGs
[2024-11-11T18:59:21.394+0000] {logging_mixin.py:190} INFO - [2024-11-11T18:59:21.394+0000] {dag.py:4180} INFO - Setting next_dagrun for example_task_group to None, run_after=None
[2024-11-11T18:59:21.414+0000] {processor.py:208} INFO - Processing /home/airflow/.local/lib/python3.12/site-packages/airflow/example_dags/example_task_group.py took 0.081 seconds
[2024-11-11T18:59:51.645+0000] {processor.py:186} INFO - Started process (PID=302) to work on /home/airflow/.local/lib/python3.12/site-packages/airflow/example_dags/example_task_group.py
[2024-11-11T18:59:51.667+0000] {processor.py:914} INFO - Processing file /home/airflow/.local/lib/python3.12/site-packages/airflow/example_dags/example_task_group.py for tasks to queue
[2024-11-11T18:59:51.669+0000] {logging_mixin.py:190} INFO - [2024-11-11T18:59:51.669+0000] {dagbag.py:588} INFO - Filling up the DagBag from /home/airflow/.local/lib/python3.12/site-packages/airflow/example_dags/example_task_group.py
[2024-11-11T18:59:51.690+0000] {processor.py:925} INFO - DAG(s) 'example_task_group' retrieved from /home/airflow/.local/lib/python3.12/site-packages/airflow/example_dags/example_task_group.py
[2024-11-11T18:59:51.722+0000] {logging_mixin.py:190} INFO - [2024-11-11T18:59:51.722+0000] {dag.py:3239} INFO - Sync 1 DAGs
[2024-11-11T18:59:51.777+0000] {logging_mixin.py:190} INFO - [2024-11-11T18:59:51.776+0000] {dag.py:4180} INFO - Setting next_dagrun for example_task_group to None, run_after=None
[2024-11-11T18:59:51.807+0000] {processor.py:208} INFO - Processing /home/airflow/.local/lib/python3.12/site-packages/airflow/example_dags/example_task_group.py took 0.167 seconds
[2024-11-11T19:00:22.684+0000] {processor.py:186} INFO - Started process (PID=367) to work on /home/airflow/.local/lib/python3.12/site-packages/airflow/example_dags/example_task_group.py
[2024-11-11T19:00:22.685+0000] {processor.py:914} INFO - Processing file /home/airflow/.local/lib/python3.12/site-packages/airflow/example_dags/example_task_group.py for tasks to queue
[2024-11-11T19:00:22.687+0000] {logging_mixin.py:190} INFO - [2024-11-11T19:00:22.686+0000] {dagbag.py:588} INFO - Filling up the DagBag from /home/airflow/.local/lib/python3.12/site-packages/airflow/example_dags/example_task_group.py
[2024-11-11T19:00:22.696+0000] {processor.py:925} INFO - DAG(s) 'example_task_group' retrieved from /home/airflow/.local/lib/python3.12/site-packages/airflow/example_dags/example_task_group.py
[2024-11-11T19:00:22.714+0000] {logging_mixin.py:190} INFO - [2024-11-11T19:00:22.714+0000] {dag.py:3239} INFO - Sync 1 DAGs
[2024-11-11T19:00:22.727+0000] {logging_mixin.py:190} INFO - [2024-11-11T19:00:22.726+0000] {dag.py:4180} INFO - Setting next_dagrun for example_task_group to None, run_after=None
[2024-11-11T19:00:22.740+0000] {processor.py:208} INFO - Processing /home/airflow/.local/lib/python3.12/site-packages/airflow/example_dags/example_task_group.py took 0.062 seconds
[2024-11-11T19:00:53.354+0000] {processor.py:186} INFO - Started process (PID=432) to work on /home/airflow/.local/lib/python3.12/site-packages/airflow/example_dags/example_task_group.py
[2024-11-11T19:00:53.355+0000] {processor.py:914} INFO - Processing file /home/airflow/.local/lib/python3.12/site-packages/airflow/example_dags/example_task_group.py for tasks to queue
[2024-11-11T19:00:53.356+0000] {logging_mixin.py:190} INFO - [2024-11-11T19:00:53.356+0000] {dagbag.py:588} INFO - Filling up the DagBag from /home/airflow/.local/lib/python3.12/site-packages/airflow/example_dags/example_task_group.py
[2024-11-11T19:00:53.363+0000] {processor.py:925} INFO - DAG(s) 'example_task_group' retrieved from /home/airflow/.local/lib/python3.12/site-packages/airflow/example_dags/example_task_group.py
[2024-11-11T19:00:53.383+0000] {logging_mixin.py:190} INFO - [2024-11-11T19:00:53.383+0000] {dag.py:3239} INFO - Sync 1 DAGs
[2024-11-11T19:00:53.396+0000] {logging_mixin.py:190} INFO - [2024-11-11T19:00:53.396+0000] {dag.py:4180} INFO - Setting next_dagrun for example_task_group to None, run_after=None
[2024-11-11T19:00:53.412+0000] {processor.py:208} INFO - Processing /home/airflow/.local/lib/python3.12/site-packages/airflow/example_dags/example_task_group.py took 0.062 seconds
[2024-11-11T19:01:23.827+0000] {processor.py:186} INFO - Started process (PID=497) to work on /home/airflow/.local/lib/python3.12/site-packages/airflow/example_dags/example_task_group.py
[2024-11-11T19:01:23.828+0000] {processor.py:914} INFO - Processing file /home/airflow/.local/lib/python3.12/site-packages/airflow/example_dags/example_task_group.py for tasks to queue
[2024-11-11T19:01:23.831+0000] {logging_mixin.py:190} INFO - [2024-11-11T19:01:23.831+0000] {dagbag.py:588} INFO - Filling up the DagBag from /home/airflow/.local/lib/python3.12/site-packages/airflow/example_dags/example_task_group.py
[2024-11-11T19:01:23.838+0000] {processor.py:925} INFO - DAG(s) 'example_task_group' retrieved from /home/airflow/.local/lib/python3.12/site-packages/airflow/example_dags/example_task_group.py
[2024-11-11T19:01:23.859+0000] {logging_mixin.py:190} INFO - [2024-11-11T19:01:23.858+0000] {dag.py:3239} INFO - Sync 1 DAGs
[2024-11-11T19:01:23.872+0000] {logging_mixin.py:190} INFO - [2024-11-11T19:01:23.871+0000] {dag.py:4180} INFO - Setting next_dagrun for example_task_group to None, run_after=None
[2024-11-11T19:01:23.886+0000] {processor.py:208} INFO - Processing /home/airflow/.local/lib/python3.12/site-packages/airflow/example_dags/example_task_group.py took 0.064 seconds
[2024-11-11T19:01:54.306+0000] {processor.py:186} INFO - Started process (PID=562) to work on /home/airflow/.local/lib/python3.12/site-packages/airflow/example_dags/example_task_group.py
[2024-11-11T19:01:54.307+0000] {processor.py:914} INFO - Processing file /home/airflow/.local/lib/python3.12/site-packages/airflow/example_dags/example_task_group.py for tasks to queue
[2024-11-11T19:01:54.309+0000] {logging_mixin.py:190} INFO - [2024-11-11T19:01:54.309+0000] {dagbag.py:588} INFO - Filling up the DagBag from /home/airflow/.local/lib/python3.12/site-packages/airflow/example_dags/example_task_group.py
[2024-11-11T19:01:54.316+0000] {processor.py:925} INFO - DAG(s) 'example_task_group' retrieved from /home/airflow/.local/lib/python3.12/site-packages/airflow/example_dags/example_task_group.py
[2024-11-11T19:01:54.333+0000] {logging_mixin.py:190} INFO - [2024-11-11T19:01:54.333+0000] {dag.py:3239} INFO - Sync 1 DAGs
[2024-11-11T19:01:54.348+0000] {logging_mixin.py:190} INFO - [2024-11-11T19:01:54.348+0000] {dag.py:4180} INFO - Setting next_dagrun for example_task_group to None, run_after=None
[2024-11-11T19:01:54.366+0000] {processor.py:208} INFO - Processing /home/airflow/.local/lib/python3.12/site-packages/airflow/example_dags/example_task_group.py took 0.064 seconds
[2024-11-11T19:02:24.688+0000] {processor.py:186} INFO - Started process (PID=627) to work on /home/airflow/.local/lib/python3.12/site-packages/airflow/example_dags/example_task_group.py
[2024-11-11T19:02:24.689+0000] {processor.py:914} INFO - Processing file /home/airflow/.local/lib/python3.12/site-packages/airflow/example_dags/example_task_group.py for tasks to queue
[2024-11-11T19:02:24.690+0000] {logging_mixin.py:190} INFO - [2024-11-11T19:02:24.690+0000] {dagbag.py:588} INFO - Filling up the DagBag from /home/airflow/.local/lib/python3.12/site-packages/airflow/example_dags/example_task_group.py
[2024-11-11T19:02:24.697+0000] {processor.py:925} INFO - DAG(s) 'example_task_group' retrieved from /home/airflow/.local/lib/python3.12/site-packages/airflow/example_dags/example_task_group.py
[2024-11-11T19:02:24.726+0000] {logging_mixin.py:190} INFO - [2024-11-11T19:02:24.726+0000] {dag.py:3239} INFO - Sync 1 DAGs
[2024-11-11T19:02:24.740+0000] {logging_mixin.py:190} INFO - [2024-11-11T19:02:24.740+0000] {dag.py:4180} INFO - Setting next_dagrun for example_task_group to None, run_after=None
[2024-11-11T19:02:24.757+0000] {processor.py:208} INFO - Processing /home/airflow/.local/lib/python3.12/site-packages/airflow/example_dags/example_task_group.py took 0.073 seconds
[2024-11-11T19:02:55.034+0000] {processor.py:186} INFO - Started process (PID=692) to work on /home/airflow/.local/lib/python3.12/site-packages/airflow/example_dags/example_task_group.py
[2024-11-11T19:02:55.034+0000] {processor.py:914} INFO - Processing file /home/airflow/.local/lib/python3.12/site-packages/airflow/example_dags/example_task_group.py for tasks to queue
[2024-11-11T19:02:55.037+0000] {logging_mixin.py:190} INFO - [2024-11-11T19:02:55.037+0000] {dagbag.py:588} INFO - Filling up the DagBag from /home/airflow/.local/lib/python3.12/site-packages/airflow/example_dags/example_task_group.py
[2024-11-11T19:02:55.044+0000] {processor.py:925} INFO - DAG(s) 'example_task_group' retrieved from /home/airflow/.local/lib/python3.12/site-packages/airflow/example_dags/example_task_group.py
[2024-11-11T19:02:55.067+0000] {logging_mixin.py:190} INFO - [2024-11-11T19:02:55.067+0000] {dag.py:3239} INFO - Sync 1 DAGs
[2024-11-11T19:02:55.080+0000] {logging_mixin.py:190} INFO - [2024-11-11T19:02:55.080+0000] {dag.py:4180} INFO - Setting next_dagrun for example_task_group to None, run_after=None
[2024-11-11T19:02:55.095+0000] {processor.py:208} INFO - Processing /home/airflow/.local/lib/python3.12/site-packages/airflow/example_dags/example_task_group.py took 0.066 seconds
[2024-11-11T19:03:25.342+0000] {processor.py:186} INFO - Started process (PID=757) to work on /home/airflow/.local/lib/python3.12/site-packages/airflow/example_dags/example_task_group.py
[2024-11-11T19:03:25.343+0000] {processor.py:914} INFO - Processing file /home/airflow/.local/lib/python3.12/site-packages/airflow/example_dags/example_task_group.py for tasks to queue
[2024-11-11T19:03:25.344+0000] {logging_mixin.py:190} INFO - [2024-11-11T19:03:25.344+0000] {dagbag.py:588} INFO - Filling up the DagBag from /home/airflow/.local/lib/python3.12/site-packages/airflow/example_dags/example_task_group.py
[2024-11-11T19:03:25.351+0000] {processor.py:925} INFO - DAG(s) 'example_task_group' retrieved from /home/airflow/.local/lib/python3.12/site-packages/airflow/example_dags/example_task_group.py
[2024-11-11T19:03:25.377+0000] {logging_mixin.py:190} INFO - [2024-11-11T19:03:25.377+0000] {dag.py:3239} INFO - Sync 1 DAGs
[2024-11-11T19:03:25.388+0000] {logging_mixin.py:190} INFO - [2024-11-11T19:03:25.388+0000] {dag.py:4180} INFO - Setting next_dagrun for example_task_group to None, run_after=None
[2024-11-11T19:03:25.410+0000] {processor.py:208} INFO - Processing /home/airflow/.local/lib/python3.12/site-packages/airflow/example_dags/example_task_group.py took 0.073 seconds
[2024-11-11T19:03:55.878+0000] {processor.py:186} INFO - Started process (PID=822) to work on /home/airflow/.local/lib/python3.12/site-packages/airflow/example_dags/example_task_group.py
[2024-11-11T19:03:55.879+0000] {processor.py:914} INFO - Processing file /home/airflow/.local/lib/python3.12/site-packages/airflow/example_dags/example_task_group.py for tasks to queue
[2024-11-11T19:03:55.881+0000] {logging_mixin.py:190} INFO - [2024-11-11T19:03:55.881+0000] {dagbag.py:588} INFO - Filling up the DagBag from /home/airflow/.local/lib/python3.12/site-packages/airflow/example_dags/example_task_group.py
[2024-11-11T19:03:55.887+0000] {processor.py:925} INFO - DAG(s) 'example_task_group' retrieved from /home/airflow/.local/lib/python3.12/site-packages/airflow/example_dags/example_task_group.py
[2024-11-11T19:03:55.906+0000] {logging_mixin.py:190} INFO - [2024-11-11T19:03:55.906+0000] {dag.py:3239} INFO - Sync 1 DAGs
[2024-11-11T19:03:55.918+0000] {logging_mixin.py:190} INFO - [2024-11-11T19:03:55.918+0000] {dag.py:4180} INFO - Setting next_dagrun for example_task_group to None, run_after=None
[2024-11-11T19:03:55.933+0000] {processor.py:208} INFO - Processing /home/airflow/.local/lib/python3.12/site-packages/airflow/example_dags/example_task_group.py took 0.059 seconds
[2024-11-11T19:04:26.381+0000] {processor.py:186} INFO - Started process (PID=887) to work on /home/airflow/.local/lib/python3.12/site-packages/airflow/example_dags/example_task_group.py
[2024-11-11T19:04:26.381+0000] {processor.py:914} INFO - Processing file /home/airflow/.local/lib/python3.12/site-packages/airflow/example_dags/example_task_group.py for tasks to queue
[2024-11-11T19:04:26.385+0000] {logging_mixin.py:190} INFO - [2024-11-11T19:04:26.385+0000] {dagbag.py:588} INFO - Filling up the DagBag from /home/airflow/.local/lib/python3.12/site-packages/airflow/example_dags/example_task_group.py
[2024-11-11T19:04:26.392+0000] {processor.py:925} INFO - DAG(s) 'example_task_group' retrieved from /home/airflow/.local/lib/python3.12/site-packages/airflow/example_dags/example_task_group.py
[2024-11-11T19:04:26.412+0000] {logging_mixin.py:190} INFO - [2024-11-11T19:04:26.412+0000] {dag.py:3239} INFO - Sync 1 DAGs
[2024-11-11T19:04:26.424+0000] {logging_mixin.py:190} INFO - [2024-11-11T19:04:26.424+0000] {dag.py:4180} INFO - Setting next_dagrun for example_task_group to None, run_after=None
[2024-11-11T19:04:26.443+0000] {processor.py:208} INFO - Processing /home/airflow/.local/lib/python3.12/site-packages/airflow/example_dags/example_task_group.py took 0.067 seconds
[2024-11-11T19:04:57.078+0000] {processor.py:186} INFO - Started process (PID=952) to work on /home/airflow/.local/lib/python3.12/site-packages/airflow/example_dags/example_task_group.py
[2024-11-11T19:04:57.078+0000] {processor.py:914} INFO - Processing file /home/airflow/.local/lib/python3.12/site-packages/airflow/example_dags/example_task_group.py for tasks to queue
[2024-11-11T19:04:57.080+0000] {logging_mixin.py:190} INFO - [2024-11-11T19:04:57.080+0000] {dagbag.py:588} INFO - Filling up the DagBag from /home/airflow/.local/lib/python3.12/site-packages/airflow/example_dags/example_task_group.py
[2024-11-11T19:04:57.087+0000] {processor.py:925} INFO - DAG(s) 'example_task_group' retrieved from /home/airflow/.local/lib/python3.12/site-packages/airflow/example_dags/example_task_group.py
[2024-11-11T19:04:57.112+0000] {logging_mixin.py:190} INFO - [2024-11-11T19:04:57.112+0000] {dag.py:3239} INFO - Sync 1 DAGs
[2024-11-11T19:04:57.126+0000] {logging_mixin.py:190} INFO - [2024-11-11T19:04:57.126+0000] {dag.py:4180} INFO - Setting next_dagrun for example_task_group to None, run_after=None
[2024-11-11T19:04:57.218+0000] {processor.py:208} INFO - Processing /home/airflow/.local/lib/python3.12/site-packages/airflow/example_dags/example_task_group.py took 0.144 seconds
[2024-11-11T19:05:27.796+0000] {processor.py:186} INFO - Started process (PID=1017) to work on /home/airflow/.local/lib/python3.12/site-packages/airflow/example_dags/example_task_group.py
[2024-11-11T19:05:27.797+0000] {processor.py:914} INFO - Processing file /home/airflow/.local/lib/python3.12/site-packages/airflow/example_dags/example_task_group.py for tasks to queue
[2024-11-11T19:05:27.799+0000] {logging_mixin.py:190} INFO - [2024-11-11T19:05:27.798+0000] {dagbag.py:588} INFO - Filling up the DagBag from /home/airflow/.local/lib/python3.12/site-packages/airflow/example_dags/example_task_group.py
[2024-11-11T19:05:27.807+0000] {processor.py:925} INFO - DAG(s) 'example_task_group' retrieved from /home/airflow/.local/lib/python3.12/site-packages/airflow/example_dags/example_task_group.py
[2024-11-11T19:05:27.828+0000] {logging_mixin.py:190} INFO - [2024-11-11T19:05:27.827+0000] {dag.py:3239} INFO - Sync 1 DAGs
[2024-11-11T19:05:27.842+0000] {logging_mixin.py:190} INFO - [2024-11-11T19:05:27.841+0000] {dag.py:4180} INFO - Setting next_dagrun for example_task_group to None, run_after=None
[2024-11-11T19:05:27.856+0000] {processor.py:208} INFO - Processing /home/airflow/.local/lib/python3.12/site-packages/airflow/example_dags/example_task_group.py took 0.065 seconds
[2024-11-11T19:05:58.726+0000] {processor.py:186} INFO - Started process (PID=1082) to work on /home/airflow/.local/lib/python3.12/site-packages/airflow/example_dags/example_task_group.py
[2024-11-11T19:05:58.727+0000] {processor.py:914} INFO - Processing file /home/airflow/.local/lib/python3.12/site-packages/airflow/example_dags/example_task_group.py for tasks to queue
[2024-11-11T19:05:58.736+0000] {logging_mixin.py:190} INFO - [2024-11-11T19:05:58.735+0000] {dagbag.py:588} INFO - Filling up the DagBag from /home/airflow/.local/lib/python3.12/site-packages/airflow/example_dags/example_task_group.py
[2024-11-11T19:05:58.744+0000] {processor.py:925} INFO - DAG(s) 'example_task_group' retrieved from /home/airflow/.local/lib/python3.12/site-packages/airflow/example_dags/example_task_group.py
[2024-11-11T19:05:58.775+0000] {logging_mixin.py:190} INFO - [2024-11-11T19:05:58.774+0000] {dag.py:3239} INFO - Sync 1 DAGs
[2024-11-11T19:05:58.787+0000] {logging_mixin.py:190} INFO - [2024-11-11T19:05:58.786+0000] {dag.py:4180} INFO - Setting next_dagrun for example_task_group to None, run_after=None
[2024-11-11T19:05:58.811+0000] {processor.py:208} INFO - Processing /home/airflow/.local/lib/python3.12/site-packages/airflow/example_dags/example_task_group.py took 0.093 seconds
[2024-11-11T19:06:29.444+0000] {processor.py:186} INFO - Started process (PID=1148) to work on /home/airflow/.local/lib/python3.12/site-packages/airflow/example_dags/example_task_group.py
[2024-11-11T19:06:29.453+0000] {processor.py:914} INFO - Processing file /home/airflow/.local/lib/python3.12/site-packages/airflow/example_dags/example_task_group.py for tasks to queue
[2024-11-11T19:06:29.455+0000] {logging_mixin.py:190} INFO - [2024-11-11T19:06:29.455+0000] {dagbag.py:588} INFO - Filling up the DagBag from /home/airflow/.local/lib/python3.12/site-packages/airflow/example_dags/example_task_group.py
[2024-11-11T19:06:29.473+0000] {processor.py:925} INFO - DAG(s) 'example_task_group' retrieved from /home/airflow/.local/lib/python3.12/site-packages/airflow/example_dags/example_task_group.py
[2024-11-11T19:06:29.501+0000] {logging_mixin.py:190} INFO - [2024-11-11T19:06:29.500+0000] {dag.py:3239} INFO - Sync 1 DAGs
[2024-11-11T19:06:29.521+0000] {logging_mixin.py:190} INFO - [2024-11-11T19:06:29.516+0000] {dag.py:4180} INFO - Setting next_dagrun for example_task_group to None, run_after=None
[2024-11-11T19:06:29.541+0000] {processor.py:208} INFO - Processing /home/airflow/.local/lib/python3.12/site-packages/airflow/example_dags/example_task_group.py took 0.102 seconds
[2024-11-11T19:06:59.623+0000] {processor.py:186} INFO - Started process (PID=1213) to work on /home/airflow/.local/lib/python3.12/site-packages/airflow/example_dags/example_task_group.py
[2024-11-11T19:06:59.624+0000] {processor.py:914} INFO - Processing file /home/airflow/.local/lib/python3.12/site-packages/airflow/example_dags/example_task_group.py for tasks to queue
[2024-11-11T19:06:59.626+0000] {logging_mixin.py:190} INFO - [2024-11-11T19:06:59.625+0000] {dagbag.py:588} INFO - Filling up the DagBag from /home/airflow/.local/lib/python3.12/site-packages/airflow/example_dags/example_task_group.py
[2024-11-11T19:06:59.633+0000] {processor.py:925} INFO - DAG(s) 'example_task_group' retrieved from /home/airflow/.local/lib/python3.12/site-packages/airflow/example_dags/example_task_group.py
[2024-11-11T19:06:59.650+0000] {logging_mixin.py:190} INFO - [2024-11-11T19:06:59.649+0000] {dag.py:3239} INFO - Sync 1 DAGs
[2024-11-11T19:06:59.661+0000] {logging_mixin.py:190} INFO - [2024-11-11T19:06:59.661+0000] {dag.py:4180} INFO - Setting next_dagrun for example_task_group to None, run_after=None
[2024-11-11T19:06:59.675+0000] {processor.py:208} INFO - Processing /home/airflow/.local/lib/python3.12/site-packages/airflow/example_dags/example_task_group.py took 0.056 seconds
[2024-11-11T19:07:30.252+0000] {processor.py:186} INFO - Started process (PID=1279) to work on /home/airflow/.local/lib/python3.12/site-packages/airflow/example_dags/example_task_group.py
[2024-11-11T19:07:30.253+0000] {processor.py:914} INFO - Processing file /home/airflow/.local/lib/python3.12/site-packages/airflow/example_dags/example_task_group.py for tasks to queue
[2024-11-11T19:07:30.255+0000] {logging_mixin.py:190} INFO - [2024-11-11T19:07:30.255+0000] {dagbag.py:588} INFO - Filling up the DagBag from /home/airflow/.local/lib/python3.12/site-packages/airflow/example_dags/example_task_group.py
[2024-11-11T19:07:30.264+0000] {processor.py:925} INFO - DAG(s) 'example_task_group' retrieved from /home/airflow/.local/lib/python3.12/site-packages/airflow/example_dags/example_task_group.py
[2024-11-11T19:07:30.285+0000] {logging_mixin.py:190} INFO - [2024-11-11T19:07:30.285+0000] {dag.py:3239} INFO - Sync 1 DAGs
[2024-11-11T19:07:30.297+0000] {logging_mixin.py:190} INFO - [2024-11-11T19:07:30.297+0000] {dag.py:4180} INFO - Setting next_dagrun for example_task_group to None, run_after=None
[2024-11-11T19:07:30.315+0000] {processor.py:208} INFO - Processing /home/airflow/.local/lib/python3.12/site-packages/airflow/example_dags/example_task_group.py took 0.068 seconds
[2024-11-11T19:08:00.678+0000] {processor.py:186} INFO - Started process (PID=1344) to work on /home/airflow/.local/lib/python3.12/site-packages/airflow/example_dags/example_task_group.py
[2024-11-11T19:08:00.678+0000] {processor.py:914} INFO - Processing file /home/airflow/.local/lib/python3.12/site-packages/airflow/example_dags/example_task_group.py for tasks to queue
[2024-11-11T19:08:00.681+0000] {logging_mixin.py:190} INFO - [2024-11-11T19:08:00.681+0000] {dagbag.py:588} INFO - Filling up the DagBag from /home/airflow/.local/lib/python3.12/site-packages/airflow/example_dags/example_task_group.py
[2024-11-11T19:08:00.690+0000] {processor.py:925} INFO - DAG(s) 'example_task_group' retrieved from /home/airflow/.local/lib/python3.12/site-packages/airflow/example_dags/example_task_group.py
[2024-11-11T19:08:00.711+0000] {logging_mixin.py:190} INFO - [2024-11-11T19:08:00.711+0000] {dag.py:3239} INFO - Sync 1 DAGs
[2024-11-11T19:08:00.724+0000] {logging_mixin.py:190} INFO - [2024-11-11T19:08:00.724+0000] {dag.py:4180} INFO - Setting next_dagrun for example_task_group to None, run_after=None
[2024-11-11T19:08:00.740+0000] {processor.py:208} INFO - Processing /home/airflow/.local/lib/python3.12/site-packages/airflow/example_dags/example_task_group.py took 0.067 seconds
[2024-11-11T19:08:31.250+0000] {processor.py:186} INFO - Started process (PID=1409) to work on /home/airflow/.local/lib/python3.12/site-packages/airflow/example_dags/example_task_group.py
[2024-11-11T19:08:31.251+0000] {processor.py:914} INFO - Processing file /home/airflow/.local/lib/python3.12/site-packages/airflow/example_dags/example_task_group.py for tasks to queue
[2024-11-11T19:08:31.252+0000] {logging_mixin.py:190} INFO - [2024-11-11T19:08:31.252+0000] {dagbag.py:588} INFO - Filling up the DagBag from /home/airflow/.local/lib/python3.12/site-packages/airflow/example_dags/example_task_group.py
[2024-11-11T19:08:31.260+0000] {processor.py:925} INFO - DAG(s) 'example_task_group' retrieved from /home/airflow/.local/lib/python3.12/site-packages/airflow/example_dags/example_task_group.py
[2024-11-11T19:08:31.279+0000] {logging_mixin.py:190} INFO - [2024-11-11T19:08:31.278+0000] {dag.py:3239} INFO - Sync 1 DAGs
[2024-11-11T19:08:31.293+0000] {logging_mixin.py:190} INFO - [2024-11-11T19:08:31.293+0000] {dag.py:4180} INFO - Setting next_dagrun for example_task_group to None, run_after=None
[2024-11-11T19:08:31.310+0000] {processor.py:208} INFO - Processing /home/airflow/.local/lib/python3.12/site-packages/airflow/example_dags/example_task_group.py took 0.064 seconds
[2024-11-11T19:09:02.083+0000] {processor.py:186} INFO - Started process (PID=1473) to work on /home/airflow/.local/lib/python3.12/site-packages/airflow/example_dags/example_task_group.py
[2024-11-11T19:09:02.083+0000] {processor.py:914} INFO - Processing file /home/airflow/.local/lib/python3.12/site-packages/airflow/example_dags/example_task_group.py for tasks to queue
[2024-11-11T19:09:02.086+0000] {logging_mixin.py:190} INFO - [2024-11-11T19:09:02.085+0000] {dagbag.py:588} INFO - Filling up the DagBag from /home/airflow/.local/lib/python3.12/site-packages/airflow/example_dags/example_task_group.py
[2024-11-11T19:09:02.094+0000] {processor.py:925} INFO - DAG(s) 'example_task_group' retrieved from /home/airflow/.local/lib/python3.12/site-packages/airflow/example_dags/example_task_group.py
[2024-11-11T19:09:02.112+0000] {logging_mixin.py:190} INFO - [2024-11-11T19:09:02.112+0000] {dag.py:3239} INFO - Sync 1 DAGs
[2024-11-11T19:09:02.125+0000] {logging_mixin.py:190} INFO - [2024-11-11T19:09:02.124+0000] {dag.py:4180} INFO - Setting next_dagrun for example_task_group to None, run_after=None
[2024-11-11T19:09:02.138+0000] {processor.py:208} INFO - Processing /home/airflow/.local/lib/python3.12/site-packages/airflow/example_dags/example_task_group.py took 0.060 seconds
[2024-11-11T19:09:32.752+0000] {processor.py:186} INFO - Started process (PID=1538) to work on /home/airflow/.local/lib/python3.12/site-packages/airflow/example_dags/example_task_group.py
[2024-11-11T19:09:32.753+0000] {processor.py:914} INFO - Processing file /home/airflow/.local/lib/python3.12/site-packages/airflow/example_dags/example_task_group.py for tasks to queue
[2024-11-11T19:09:32.755+0000] {logging_mixin.py:190} INFO - [2024-11-11T19:09:32.755+0000] {dagbag.py:588} INFO - Filling up the DagBag from /home/airflow/.local/lib/python3.12/site-packages/airflow/example_dags/example_task_group.py
[2024-11-11T19:09:32.764+0000] {processor.py:925} INFO - DAG(s) 'example_task_group' retrieved from /home/airflow/.local/lib/python3.12/site-packages/airflow/example_dags/example_task_group.py
[2024-11-11T19:09:32.782+0000] {logging_mixin.py:190} INFO - [2024-11-11T19:09:32.781+0000] {dag.py:3239} INFO - Sync 1 DAGs
[2024-11-11T19:09:32.795+0000] {logging_mixin.py:190} INFO - [2024-11-11T19:09:32.795+0000] {dag.py:4180} INFO - Setting next_dagrun for example_task_group to None, run_after=None
[2024-11-11T19:09:32.810+0000] {processor.py:208} INFO - Processing /home/airflow/.local/lib/python3.12/site-packages/airflow/example_dags/example_task_group.py took 0.062 seconds
[2024-11-11T19:10:03.570+0000] {processor.py:186} INFO - Started process (PID=1603) to work on /home/airflow/.local/lib/python3.12/site-packages/airflow/example_dags/example_task_group.py
[2024-11-11T19:10:03.571+0000] {processor.py:914} INFO - Processing file /home/airflow/.local/lib/python3.12/site-packages/airflow/example_dags/example_task_group.py for tasks to queue
[2024-11-11T19:10:03.576+0000] {logging_mixin.py:190} INFO - [2024-11-11T19:10:03.576+0000] {dagbag.py:588} INFO - Filling up the DagBag from /home/airflow/.local/lib/python3.12/site-packages/airflow/example_dags/example_task_group.py
[2024-11-11T19:10:03.586+0000] {processor.py:925} INFO - DAG(s) 'example_task_group' retrieved from /home/airflow/.local/lib/python3.12/site-packages/airflow/example_dags/example_task_group.py
[2024-11-11T19:10:03.614+0000] {logging_mixin.py:190} INFO - [2024-11-11T19:10:03.614+0000] {dag.py:3239} INFO - Sync 1 DAGs
[2024-11-11T19:10:03.626+0000] {logging_mixin.py:190} INFO - [2024-11-11T19:10:03.626+0000] {dag.py:4180} INFO - Setting next_dagrun for example_task_group to None, run_after=None
[2024-11-11T19:10:03.641+0000] {processor.py:208} INFO - Processing /home/airflow/.local/lib/python3.12/site-packages/airflow/example_dags/example_task_group.py took 0.076 seconds
[2024-11-11T19:10:34.310+0000] {processor.py:186} INFO - Started process (PID=1668) to work on /home/airflow/.local/lib/python3.12/site-packages/airflow/example_dags/example_task_group.py
[2024-11-11T19:10:34.311+0000] {processor.py:914} INFO - Processing file /home/airflow/.local/lib/python3.12/site-packages/airflow/example_dags/example_task_group.py for tasks to queue
[2024-11-11T19:10:34.313+0000] {logging_mixin.py:190} INFO - [2024-11-11T19:10:34.312+0000] {dagbag.py:588} INFO - Filling up the DagBag from /home/airflow/.local/lib/python3.12/site-packages/airflow/example_dags/example_task_group.py
[2024-11-11T19:10:34.319+0000] {processor.py:925} INFO - DAG(s) 'example_task_group' retrieved from /home/airflow/.local/lib/python3.12/site-packages/airflow/example_dags/example_task_group.py
[2024-11-11T19:10:34.343+0000] {logging_mixin.py:190} INFO - [2024-11-11T19:10:34.343+0000] {dag.py:3239} INFO - Sync 1 DAGs
[2024-11-11T19:10:34.358+0000] {logging_mixin.py:190} INFO - [2024-11-11T19:10:34.358+0000] {dag.py:4180} INFO - Setting next_dagrun for example_task_group to None, run_after=None
[2024-11-11T19:10:34.374+0000] {processor.py:208} INFO - Processing /home/airflow/.local/lib/python3.12/site-packages/airflow/example_dags/example_task_group.py took 0.068 seconds
[2024-11-11T19:11:04.940+0000] {processor.py:186} INFO - Started process (PID=1733) to work on /home/airflow/.local/lib/python3.12/site-packages/airflow/example_dags/example_task_group.py
[2024-11-11T19:11:04.940+0000] {processor.py:914} INFO - Processing file /home/airflow/.local/lib/python3.12/site-packages/airflow/example_dags/example_task_group.py for tasks to queue
[2024-11-11T19:11:04.942+0000] {logging_mixin.py:190} INFO - [2024-11-11T19:11:04.942+0000] {dagbag.py:588} INFO - Filling up the DagBag from /home/airflow/.local/lib/python3.12/site-packages/airflow/example_dags/example_task_group.py
[2024-11-11T19:11:04.950+0000] {processor.py:925} INFO - DAG(s) 'example_task_group' retrieved from /home/airflow/.local/lib/python3.12/site-packages/airflow/example_dags/example_task_group.py
[2024-11-11T19:11:04.967+0000] {logging_mixin.py:190} INFO - [2024-11-11T19:11:04.967+0000] {dag.py:3239} INFO - Sync 1 DAGs
[2024-11-11T19:11:04.982+0000] {logging_mixin.py:190} INFO - [2024-11-11T19:11:04.982+0000] {dag.py:4180} INFO - Setting next_dagrun for example_task_group to None, run_after=None
[2024-11-11T19:11:04.996+0000] {processor.py:208} INFO - Processing /home/airflow/.local/lib/python3.12/site-packages/airflow/example_dags/example_task_group.py took 0.061 seconds
[2024-11-11T19:11:35.618+0000] {processor.py:186} INFO - Started process (PID=1798) to work on /home/airflow/.local/lib/python3.12/site-packages/airflow/example_dags/example_task_group.py
[2024-11-11T19:11:35.626+0000] {processor.py:914} INFO - Processing file /home/airflow/.local/lib/python3.12/site-packages/airflow/example_dags/example_task_group.py for tasks to queue
[2024-11-11T19:11:35.637+0000] {logging_mixin.py:190} INFO - [2024-11-11T19:11:35.636+0000] {dagbag.py:588} INFO - Filling up the DagBag from /home/airflow/.local/lib/python3.12/site-packages/airflow/example_dags/example_task_group.py
[2024-11-11T19:11:35.653+0000] {processor.py:925} INFO - DAG(s) 'example_task_group' retrieved from /home/airflow/.local/lib/python3.12/site-packages/airflow/example_dags/example_task_group.py
[2024-11-11T19:11:35.678+0000] {logging_mixin.py:190} INFO - [2024-11-11T19:11:35.678+0000] {dag.py:3239} INFO - Sync 1 DAGs
[2024-11-11T19:11:35.692+0000] {logging_mixin.py:190} INFO - [2024-11-11T19:11:35.691+0000] {dag.py:4180} INFO - Setting next_dagrun for example_task_group to None, run_after=None
[2024-11-11T19:11:35.710+0000] {processor.py:208} INFO - Processing /home/airflow/.local/lib/python3.12/site-packages/airflow/example_dags/example_task_group.py took 0.109 seconds
[2024-11-11T19:12:06.213+0000] {processor.py:186} INFO - Started process (PID=1863) to work on /home/airflow/.local/lib/python3.12/site-packages/airflow/example_dags/example_task_group.py
[2024-11-11T19:12:06.214+0000] {processor.py:914} INFO - Processing file /home/airflow/.local/lib/python3.12/site-packages/airflow/example_dags/example_task_group.py for tasks to queue
[2024-11-11T19:12:06.216+0000] {logging_mixin.py:190} INFO - [2024-11-11T19:12:06.215+0000] {dagbag.py:588} INFO - Filling up the DagBag from /home/airflow/.local/lib/python3.12/site-packages/airflow/example_dags/example_task_group.py
[2024-11-11T19:12:06.223+0000] {processor.py:925} INFO - DAG(s) 'example_task_group' retrieved from /home/airflow/.local/lib/python3.12/site-packages/airflow/example_dags/example_task_group.py
[2024-11-11T19:12:06.250+0000] {logging_mixin.py:190} INFO - [2024-11-11T19:12:06.249+0000] {dag.py:3239} INFO - Sync 1 DAGs
[2024-11-11T19:12:06.261+0000] {logging_mixin.py:190} INFO - [2024-11-11T19:12:06.261+0000] {dag.py:4180} INFO - Setting next_dagrun for example_task_group to None, run_after=None
[2024-11-11T19:12:06.277+0000] {processor.py:208} INFO - Processing /home/airflow/.local/lib/python3.12/site-packages/airflow/example_dags/example_task_group.py took 0.068 seconds
[2024-11-11T19:12:36.858+0000] {processor.py:186} INFO - Started process (PID=1927) to work on /home/airflow/.local/lib/python3.12/site-packages/airflow/example_dags/example_task_group.py
[2024-11-11T19:12:36.859+0000] {processor.py:914} INFO - Processing file /home/airflow/.local/lib/python3.12/site-packages/airflow/example_dags/example_task_group.py for tasks to queue
[2024-11-11T19:12:36.862+0000] {logging_mixin.py:190} INFO - [2024-11-11T19:12:36.861+0000] {dagbag.py:588} INFO - Filling up the DagBag from /home/airflow/.local/lib/python3.12/site-packages/airflow/example_dags/example_task_group.py
[2024-11-11T19:12:36.869+0000] {processor.py:925} INFO - DAG(s) 'example_task_group' retrieved from /home/airflow/.local/lib/python3.12/site-packages/airflow/example_dags/example_task_group.py
[2024-11-11T19:12:36.889+0000] {logging_mixin.py:190} INFO - [2024-11-11T19:12:36.889+0000] {dag.py:3239} INFO - Sync 1 DAGs
[2024-11-11T19:12:36.904+0000] {logging_mixin.py:190} INFO - [2024-11-11T19:12:36.904+0000] {dag.py:4180} INFO - Setting next_dagrun for example_task_group to None, run_after=None
[2024-11-11T19:12:36.924+0000] {processor.py:208} INFO - Processing /home/airflow/.local/lib/python3.12/site-packages/airflow/example_dags/example_task_group.py took 0.071 seconds
[2024-11-11T19:13:07.215+0000] {processor.py:186} INFO - Started process (PID=1992) to work on /home/airflow/.local/lib/python3.12/site-packages/airflow/example_dags/example_task_group.py
[2024-11-11T19:13:07.216+0000] {processor.py:914} INFO - Processing file /home/airflow/.local/lib/python3.12/site-packages/airflow/example_dags/example_task_group.py for tasks to queue
[2024-11-11T19:13:07.218+0000] {logging_mixin.py:190} INFO - [2024-11-11T19:13:07.218+0000] {dagbag.py:588} INFO - Filling up the DagBag from /home/airflow/.local/lib/python3.12/site-packages/airflow/example_dags/example_task_group.py
[2024-11-11T19:13:07.226+0000] {processor.py:925} INFO - DAG(s) 'example_task_group' retrieved from /home/airflow/.local/lib/python3.12/site-packages/airflow/example_dags/example_task_group.py
[2024-11-11T19:13:07.257+0000] {logging_mixin.py:190} INFO - [2024-11-11T19:13:07.256+0000] {dag.py:3239} INFO - Sync 1 DAGs
[2024-11-11T19:13:07.289+0000] {logging_mixin.py:190} INFO - [2024-11-11T19:13:07.289+0000] {dag.py:4180} INFO - Setting next_dagrun for example_task_group to None, run_after=None
[2024-11-11T19:13:07.305+0000] {processor.py:208} INFO - Processing /home/airflow/.local/lib/python3.12/site-packages/airflow/example_dags/example_task_group.py took 0.095 seconds
[2024-11-11T19:13:38.889+0000] {processor.py:186} INFO - Started process (PID=2059) to work on /home/airflow/.local/lib/python3.12/site-packages/airflow/example_dags/example_task_group.py
[2024-11-11T19:13:38.890+0000] {processor.py:914} INFO - Processing file /home/airflow/.local/lib/python3.12/site-packages/airflow/example_dags/example_task_group.py for tasks to queue
[2024-11-11T19:13:38.891+0000] {logging_mixin.py:190} INFO - [2024-11-11T19:13:38.891+0000] {dagbag.py:588} INFO - Filling up the DagBag from /home/airflow/.local/lib/python3.12/site-packages/airflow/example_dags/example_task_group.py
[2024-11-11T19:13:38.899+0000] {processor.py:925} INFO - DAG(s) 'example_task_group' retrieved from /home/airflow/.local/lib/python3.12/site-packages/airflow/example_dags/example_task_group.py
[2024-11-11T19:13:38.918+0000] {logging_mixin.py:190} INFO - [2024-11-11T19:13:38.917+0000] {dag.py:3239} INFO - Sync 1 DAGs
[2024-11-11T19:13:38.930+0000] {logging_mixin.py:190} INFO - [2024-11-11T19:13:38.930+0000] {dag.py:4180} INFO - Setting next_dagrun for example_task_group to None, run_after=None
[2024-11-11T19:13:38.951+0000] {processor.py:208} INFO - Processing /home/airflow/.local/lib/python3.12/site-packages/airflow/example_dags/example_task_group.py took 0.067 seconds
[2024-11-11T19:14:09.769+0000] {processor.py:186} INFO - Started process (PID=2125) to work on /home/airflow/.local/lib/python3.12/site-packages/airflow/example_dags/example_task_group.py
[2024-11-11T19:14:09.770+0000] {processor.py:914} INFO - Processing file /home/airflow/.local/lib/python3.12/site-packages/airflow/example_dags/example_task_group.py for tasks to queue
[2024-11-11T19:14:09.772+0000] {logging_mixin.py:190} INFO - [2024-11-11T19:14:09.772+0000] {dagbag.py:588} INFO - Filling up the DagBag from /home/airflow/.local/lib/python3.12/site-packages/airflow/example_dags/example_task_group.py
[2024-11-11T19:14:09.780+0000] {processor.py:925} INFO - DAG(s) 'example_task_group' retrieved from /home/airflow/.local/lib/python3.12/site-packages/airflow/example_dags/example_task_group.py
[2024-11-11T19:14:09.797+0000] {logging_mixin.py:190} INFO - [2024-11-11T19:14:09.796+0000] {dag.py:3239} INFO - Sync 1 DAGs
[2024-11-11T19:14:09.809+0000] {logging_mixin.py:190} INFO - [2024-11-11T19:14:09.808+0000] {dag.py:4180} INFO - Setting next_dagrun for example_task_group to None, run_after=None
[2024-11-11T19:14:09.830+0000] {processor.py:208} INFO - Processing /home/airflow/.local/lib/python3.12/site-packages/airflow/example_dags/example_task_group.py took 0.067 seconds
[2024-11-11T19:14:41.263+0000] {processor.py:186} INFO - Started process (PID=2193) to work on /home/airflow/.local/lib/python3.12/site-packages/airflow/example_dags/example_task_group.py
[2024-11-11T19:14:41.264+0000] {processor.py:914} INFO - Processing file /home/airflow/.local/lib/python3.12/site-packages/airflow/example_dags/example_task_group.py for tasks to queue
[2024-11-11T19:14:41.266+0000] {logging_mixin.py:190} INFO - [2024-11-11T19:14:41.266+0000] {dagbag.py:588} INFO - Filling up the DagBag from /home/airflow/.local/lib/python3.12/site-packages/airflow/example_dags/example_task_group.py
[2024-11-11T19:14:41.274+0000] {processor.py:925} INFO - DAG(s) 'example_task_group' retrieved from /home/airflow/.local/lib/python3.12/site-packages/airflow/example_dags/example_task_group.py
[2024-11-11T19:14:41.294+0000] {logging_mixin.py:190} INFO - [2024-11-11T19:14:41.294+0000] {dag.py:3239} INFO - Sync 1 DAGs
[2024-11-11T19:14:41.308+0000] {logging_mixin.py:190} INFO - [2024-11-11T19:14:41.308+0000] {dag.py:4180} INFO - Setting next_dagrun for example_task_group to None, run_after=None
[2024-11-11T19:14:41.326+0000] {processor.py:208} INFO - Processing /home/airflow/.local/lib/python3.12/site-packages/airflow/example_dags/example_task_group.py took 0.068 seconds
[2024-11-11T19:15:11.961+0000] {processor.py:186} INFO - Started process (PID=2258) to work on /home/airflow/.local/lib/python3.12/site-packages/airflow/example_dags/example_task_group.py
[2024-11-11T19:15:11.961+0000] {processor.py:914} INFO - Processing file /home/airflow/.local/lib/python3.12/site-packages/airflow/example_dags/example_task_group.py for tasks to queue
[2024-11-11T19:15:11.964+0000] {logging_mixin.py:190} INFO - [2024-11-11T19:15:11.963+0000] {dagbag.py:588} INFO - Filling up the DagBag from /home/airflow/.local/lib/python3.12/site-packages/airflow/example_dags/example_task_group.py
[2024-11-11T19:15:11.972+0000] {processor.py:925} INFO - DAG(s) 'example_task_group' retrieved from /home/airflow/.local/lib/python3.12/site-packages/airflow/example_dags/example_task_group.py
[2024-11-11T19:15:11.991+0000] {logging_mixin.py:190} INFO - [2024-11-11T19:15:11.991+0000] {dag.py:3239} INFO - Sync 1 DAGs
[2024-11-11T19:15:12.007+0000] {logging_mixin.py:190} INFO - [2024-11-11T19:15:12.007+0000] {dag.py:4180} INFO - Setting next_dagrun for example_task_group to None, run_after=None
[2024-11-11T19:15:12.026+0000] {processor.py:208} INFO - Processing /home/airflow/.local/lib/python3.12/site-packages/airflow/example_dags/example_task_group.py took 0.072 seconds
[2024-11-11T19:15:44.107+0000] {processor.py:186} INFO - Started process (PID=2323) to work on /home/airflow/.local/lib/python3.12/site-packages/airflow/example_dags/example_task_group.py
[2024-11-11T19:15:44.108+0000] {processor.py:914} INFO - Processing file /home/airflow/.local/lib/python3.12/site-packages/airflow/example_dags/example_task_group.py for tasks to queue
[2024-11-11T19:15:44.110+0000] {logging_mixin.py:190} INFO - [2024-11-11T19:15:44.110+0000] {dagbag.py:588} INFO - Filling up the DagBag from /home/airflow/.local/lib/python3.12/site-packages/airflow/example_dags/example_task_group.py
[2024-11-11T19:15:44.116+0000] {processor.py:925} INFO - DAG(s) 'example_task_group' retrieved from /home/airflow/.local/lib/python3.12/site-packages/airflow/example_dags/example_task_group.py
[2024-11-11T19:15:44.135+0000] {logging_mixin.py:190} INFO - [2024-11-11T19:15:44.135+0000] {dag.py:3239} INFO - Sync 1 DAGs
[2024-11-11T19:15:44.148+0000] {logging_mixin.py:190} INFO - [2024-11-11T19:15:44.148+0000] {dag.py:4180} INFO - Setting next_dagrun for example_task_group to None, run_after=None
[2024-11-11T19:15:44.170+0000] {processor.py:208} INFO - Processing /home/airflow/.local/lib/python3.12/site-packages/airflow/example_dags/example_task_group.py took 0.067 seconds
[2024-11-11T19:17:31.281+0000] {processor.py:186} INFO - Started process (PID=108) to work on /home/airflow/.local/lib/python3.12/site-packages/airflow/example_dags/example_task_group.py
[2024-11-11T19:17:31.284+0000] {processor.py:914} INFO - Processing file /home/airflow/.local/lib/python3.12/site-packages/airflow/example_dags/example_task_group.py for tasks to queue
[2024-11-11T19:17:31.293+0000] {logging_mixin.py:190} INFO - [2024-11-11T19:17:31.293+0000] {dagbag.py:588} INFO - Filling up the DagBag from /home/airflow/.local/lib/python3.12/site-packages/airflow/example_dags/example_task_group.py
[2024-11-11T19:17:31.319+0000] {processor.py:925} INFO - DAG(s) 'example_task_group' retrieved from /home/airflow/.local/lib/python3.12/site-packages/airflow/example_dags/example_task_group.py
[2024-11-11T19:17:31.392+0000] {logging_mixin.py:190} INFO - [2024-11-11T19:17:31.391+0000] {dag.py:3239} INFO - Sync 1 DAGs
[2024-11-11T19:17:31.442+0000] {logging_mixin.py:190} INFO - [2024-11-11T19:17:31.441+0000] {dag.py:4180} INFO - Setting next_dagrun for example_task_group to None, run_after=None
[2024-11-11T19:17:31.471+0000] {processor.py:208} INFO - Processing /home/airflow/.local/lib/python3.12/site-packages/airflow/example_dags/example_task_group.py took 0.195 seconds
[2024-11-11T19:18:18.975+0000] {processor.py:186} INFO - Started process (PID=180) to work on /home/airflow/.local/lib/python3.12/site-packages/airflow/example_dags/example_task_group.py
[2024-11-11T19:18:18.976+0000] {processor.py:914} INFO - Processing file /home/airflow/.local/lib/python3.12/site-packages/airflow/example_dags/example_task_group.py for tasks to queue
[2024-11-11T19:18:18.978+0000] {logging_mixin.py:190} INFO - [2024-11-11T19:18:18.978+0000] {dagbag.py:588} INFO - Filling up the DagBag from /home/airflow/.local/lib/python3.12/site-packages/airflow/example_dags/example_task_group.py
[2024-11-11T19:18:18.987+0000] {processor.py:925} INFO - DAG(s) 'example_task_group' retrieved from /home/airflow/.local/lib/python3.12/site-packages/airflow/example_dags/example_task_group.py
[2024-11-11T19:18:19.015+0000] {logging_mixin.py:190} INFO - [2024-11-11T19:18:19.015+0000] {dag.py:3239} INFO - Sync 1 DAGs
[2024-11-11T19:18:19.027+0000] {logging_mixin.py:190} INFO - [2024-11-11T19:18:19.027+0000] {dag.py:4180} INFO - Setting next_dagrun for example_task_group to None, run_after=None
[2024-11-11T19:18:19.049+0000] {processor.py:208} INFO - Processing /home/airflow/.local/lib/python3.12/site-packages/airflow/example_dags/example_task_group.py took 0.079 seconds
[2024-11-11T19:18:51.076+0000] {processor.py:186} INFO - Started process (PID=246) to work on /home/airflow/.local/lib/python3.12/site-packages/airflow/example_dags/example_task_group.py
[2024-11-11T19:18:51.077+0000] {processor.py:914} INFO - Processing file /home/airflow/.local/lib/python3.12/site-packages/airflow/example_dags/example_task_group.py for tasks to queue
[2024-11-11T19:18:51.079+0000] {logging_mixin.py:190} INFO - [2024-11-11T19:18:51.078+0000] {dagbag.py:588} INFO - Filling up the DagBag from /home/airflow/.local/lib/python3.12/site-packages/airflow/example_dags/example_task_group.py
[2024-11-11T19:18:51.085+0000] {processor.py:925} INFO - DAG(s) 'example_task_group' retrieved from /home/airflow/.local/lib/python3.12/site-packages/airflow/example_dags/example_task_group.py
[2024-11-11T19:18:51.105+0000] {logging_mixin.py:190} INFO - [2024-11-11T19:18:51.104+0000] {dag.py:3239} INFO - Sync 1 DAGs
[2024-11-11T19:18:51.116+0000] {logging_mixin.py:190} INFO - [2024-11-11T19:18:51.116+0000] {dag.py:4180} INFO - Setting next_dagrun for example_task_group to None, run_after=None
[2024-11-11T19:18:51.130+0000] {processor.py:208} INFO - Processing /home/airflow/.local/lib/python3.12/site-packages/airflow/example_dags/example_task_group.py took 0.058 seconds
[2024-11-11T19:19:22.712+0000] {processor.py:186} INFO - Started process (PID=311) to work on /home/airflow/.local/lib/python3.12/site-packages/airflow/example_dags/example_task_group.py
[2024-11-11T19:19:22.714+0000] {processor.py:914} INFO - Processing file /home/airflow/.local/lib/python3.12/site-packages/airflow/example_dags/example_task_group.py for tasks to queue
[2024-11-11T19:19:22.716+0000] {logging_mixin.py:190} INFO - [2024-11-11T19:19:22.716+0000] {dagbag.py:588} INFO - Filling up the DagBag from /home/airflow/.local/lib/python3.12/site-packages/airflow/example_dags/example_task_group.py
[2024-11-11T19:19:22.739+0000] {processor.py:925} INFO - DAG(s) 'example_task_group' retrieved from /home/airflow/.local/lib/python3.12/site-packages/airflow/example_dags/example_task_group.py
[2024-11-11T19:19:23.040+0000] {logging_mixin.py:190} INFO - [2024-11-11T19:19:23.014+0000] {dag.py:3239} INFO - Sync 1 DAGs
[2024-11-11T19:19:23.104+0000] {logging_mixin.py:190} INFO - [2024-11-11T19:19:23.103+0000] {dag.py:4180} INFO - Setting next_dagrun for example_task_group to None, run_after=None
[2024-11-11T19:19:23.504+0000] {processor.py:208} INFO - Processing /home/airflow/.local/lib/python3.12/site-packages/airflow/example_dags/example_task_group.py took 0.803 seconds
[2024-11-11T19:28:35.388+0000] {processor.py:186} INFO - Started process (PID=101) to work on /home/airflow/.local/lib/python3.12/site-packages/airflow/example_dags/example_task_group.py
[2024-11-11T19:28:35.390+0000] {processor.py:914} INFO - Processing file /home/airflow/.local/lib/python3.12/site-packages/airflow/example_dags/example_task_group.py for tasks to queue
[2024-11-11T19:28:35.393+0000] {logging_mixin.py:190} INFO - [2024-11-11T19:28:35.392+0000] {dagbag.py:588} INFO - Filling up the DagBag from /home/airflow/.local/lib/python3.12/site-packages/airflow/example_dags/example_task_group.py
[2024-11-11T19:28:35.404+0000] {processor.py:925} INFO - DAG(s) 'example_task_group' retrieved from /home/airflow/.local/lib/python3.12/site-packages/airflow/example_dags/example_task_group.py
[2024-11-11T19:28:35.424+0000] {logging_mixin.py:190} INFO - [2024-11-11T19:28:35.423+0000] {dag.py:3239} INFO - Sync 1 DAGs
[2024-11-11T19:28:35.438+0000] {logging_mixin.py:190} INFO - [2024-11-11T19:28:35.438+0000] {dag.py:4180} INFO - Setting next_dagrun for example_task_group to None, run_after=None
[2024-11-11T19:28:35.462+0000] {processor.py:208} INFO - Processing /home/airflow/.local/lib/python3.12/site-packages/airflow/example_dags/example_task_group.py took 0.079 seconds
[2024-11-11T19:29:06.337+0000] {processor.py:186} INFO - Started process (PID=166) to work on /home/airflow/.local/lib/python3.12/site-packages/airflow/example_dags/example_task_group.py
[2024-11-11T19:29:06.338+0000] {processor.py:914} INFO - Processing file /home/airflow/.local/lib/python3.12/site-packages/airflow/example_dags/example_task_group.py for tasks to queue
[2024-11-11T19:29:06.340+0000] {logging_mixin.py:190} INFO - [2024-11-11T19:29:06.339+0000] {dagbag.py:588} INFO - Filling up the DagBag from /home/airflow/.local/lib/python3.12/site-packages/airflow/example_dags/example_task_group.py
[2024-11-11T19:29:06.346+0000] {processor.py:925} INFO - DAG(s) 'example_task_group' retrieved from /home/airflow/.local/lib/python3.12/site-packages/airflow/example_dags/example_task_group.py
[2024-11-11T19:29:06.363+0000] {logging_mixin.py:190} INFO - [2024-11-11T19:29:06.363+0000] {dag.py:3239} INFO - Sync 1 DAGs
[2024-11-11T19:29:06.375+0000] {logging_mixin.py:190} INFO - [2024-11-11T19:29:06.375+0000] {dag.py:4180} INFO - Setting next_dagrun for example_task_group to None, run_after=None
[2024-11-11T19:29:06.390+0000] {processor.py:208} INFO - Processing /home/airflow/.local/lib/python3.12/site-packages/airflow/example_dags/example_task_group.py took 0.057 seconds
[2024-11-11T19:29:37.257+0000] {processor.py:186} INFO - Started process (PID=232) to work on /home/airflow/.local/lib/python3.12/site-packages/airflow/example_dags/example_task_group.py
[2024-11-11T19:29:37.258+0000] {processor.py:914} INFO - Processing file /home/airflow/.local/lib/python3.12/site-packages/airflow/example_dags/example_task_group.py for tasks to queue
[2024-11-11T19:29:37.260+0000] {logging_mixin.py:190} INFO - [2024-11-11T19:29:37.259+0000] {dagbag.py:588} INFO - Filling up the DagBag from /home/airflow/.local/lib/python3.12/site-packages/airflow/example_dags/example_task_group.py
[2024-11-11T19:29:37.268+0000] {processor.py:925} INFO - DAG(s) 'example_task_group' retrieved from /home/airflow/.local/lib/python3.12/site-packages/airflow/example_dags/example_task_group.py
[2024-11-11T19:29:37.284+0000] {logging_mixin.py:190} INFO - [2024-11-11T19:29:37.284+0000] {dag.py:3239} INFO - Sync 1 DAGs
[2024-11-11T19:29:37.296+0000] {logging_mixin.py:190} INFO - [2024-11-11T19:29:37.295+0000] {dag.py:4180} INFO - Setting next_dagrun for example_task_group to None, run_after=None
[2024-11-11T19:29:37.312+0000] {processor.py:208} INFO - Processing /home/airflow/.local/lib/python3.12/site-packages/airflow/example_dags/example_task_group.py took 0.059 seconds
[2024-11-11T19:30:07.946+0000] {processor.py:186} INFO - Started process (PID=298) to work on /home/airflow/.local/lib/python3.12/site-packages/airflow/example_dags/example_task_group.py
[2024-11-11T19:30:07.947+0000] {processor.py:914} INFO - Processing file /home/airflow/.local/lib/python3.12/site-packages/airflow/example_dags/example_task_group.py for tasks to queue
[2024-11-11T19:30:07.949+0000] {logging_mixin.py:190} INFO - [2024-11-11T19:30:07.949+0000] {dagbag.py:588} INFO - Filling up the DagBag from /home/airflow/.local/lib/python3.12/site-packages/airflow/example_dags/example_task_group.py
[2024-11-11T19:30:07.955+0000] {processor.py:925} INFO - DAG(s) 'example_task_group' retrieved from /home/airflow/.local/lib/python3.12/site-packages/airflow/example_dags/example_task_group.py
[2024-11-11T19:30:07.971+0000] {logging_mixin.py:190} INFO - [2024-11-11T19:30:07.971+0000] {dag.py:3239} INFO - Sync 1 DAGs
[2024-11-11T19:30:07.983+0000] {logging_mixin.py:190} INFO - [2024-11-11T19:30:07.983+0000] {dag.py:4180} INFO - Setting next_dagrun for example_task_group to None, run_after=None
[2024-11-11T19:30:07.998+0000] {processor.py:208} INFO - Processing /home/airflow/.local/lib/python3.12/site-packages/airflow/example_dags/example_task_group.py took 0.056 seconds
[2024-11-11T19:30:38.717+0000] {processor.py:186} INFO - Started process (PID=364) to work on /home/airflow/.local/lib/python3.12/site-packages/airflow/example_dags/example_task_group.py
[2024-11-11T19:30:38.718+0000] {processor.py:914} INFO - Processing file /home/airflow/.local/lib/python3.12/site-packages/airflow/example_dags/example_task_group.py for tasks to queue
[2024-11-11T19:30:38.719+0000] {logging_mixin.py:190} INFO - [2024-11-11T19:30:38.719+0000] {dagbag.py:588} INFO - Filling up the DagBag from /home/airflow/.local/lib/python3.12/site-packages/airflow/example_dags/example_task_group.py
[2024-11-11T19:30:38.726+0000] {processor.py:925} INFO - DAG(s) 'example_task_group' retrieved from /home/airflow/.local/lib/python3.12/site-packages/airflow/example_dags/example_task_group.py
[2024-11-11T19:30:38.744+0000] {logging_mixin.py:190} INFO - [2024-11-11T19:30:38.744+0000] {dag.py:3239} INFO - Sync 1 DAGs
[2024-11-11T19:30:38.755+0000] {logging_mixin.py:190} INFO - [2024-11-11T19:30:38.755+0000] {dag.py:4180} INFO - Setting next_dagrun for example_task_group to None, run_after=None
[2024-11-11T19:30:38.771+0000] {processor.py:208} INFO - Processing /home/airflow/.local/lib/python3.12/site-packages/airflow/example_dags/example_task_group.py took 0.059 seconds
[2024-11-11T19:31:09.111+0000] {processor.py:186} INFO - Started process (PID=431) to work on /home/airflow/.local/lib/python3.12/site-packages/airflow/example_dags/example_task_group.py
[2024-11-11T19:31:09.112+0000] {processor.py:914} INFO - Processing file /home/airflow/.local/lib/python3.12/site-packages/airflow/example_dags/example_task_group.py for tasks to queue
[2024-11-11T19:31:09.114+0000] {logging_mixin.py:190} INFO - [2024-11-11T19:31:09.114+0000] {dagbag.py:588} INFO - Filling up the DagBag from /home/airflow/.local/lib/python3.12/site-packages/airflow/example_dags/example_task_group.py
[2024-11-11T19:31:09.121+0000] {processor.py:925} INFO - DAG(s) 'example_task_group' retrieved from /home/airflow/.local/lib/python3.12/site-packages/airflow/example_dags/example_task_group.py
[2024-11-11T19:31:09.140+0000] {logging_mixin.py:190} INFO - [2024-11-11T19:31:09.139+0000] {dag.py:3239} INFO - Sync 1 DAGs
[2024-11-11T19:31:09.152+0000] {logging_mixin.py:190} INFO - [2024-11-11T19:31:09.151+0000] {dag.py:4180} INFO - Setting next_dagrun for example_task_group to None, run_after=None
[2024-11-11T19:31:09.169+0000] {processor.py:208} INFO - Processing /home/airflow/.local/lib/python3.12/site-packages/airflow/example_dags/example_task_group.py took 0.062 seconds
[2024-11-11T19:31:39.733+0000] {processor.py:186} INFO - Started process (PID=497) to work on /home/airflow/.local/lib/python3.12/site-packages/airflow/example_dags/example_task_group.py
[2024-11-11T19:31:39.734+0000] {processor.py:914} INFO - Processing file /home/airflow/.local/lib/python3.12/site-packages/airflow/example_dags/example_task_group.py for tasks to queue
[2024-11-11T19:31:39.735+0000] {logging_mixin.py:190} INFO - [2024-11-11T19:31:39.735+0000] {dagbag.py:588} INFO - Filling up the DagBag from /home/airflow/.local/lib/python3.12/site-packages/airflow/example_dags/example_task_group.py
[2024-11-11T19:31:39.742+0000] {processor.py:925} INFO - DAG(s) 'example_task_group' retrieved from /home/airflow/.local/lib/python3.12/site-packages/airflow/example_dags/example_task_group.py
[2024-11-11T19:31:39.760+0000] {logging_mixin.py:190} INFO - [2024-11-11T19:31:39.760+0000] {dag.py:3239} INFO - Sync 1 DAGs
[2024-11-11T19:31:39.772+0000] {logging_mixin.py:190} INFO - [2024-11-11T19:31:39.771+0000] {dag.py:4180} INFO - Setting next_dagrun for example_task_group to None, run_after=None
[2024-11-11T19:31:39.789+0000] {processor.py:208} INFO - Processing /home/airflow/.local/lib/python3.12/site-packages/airflow/example_dags/example_task_group.py took 0.062 seconds
[2024-11-11T19:33:18.231+0000] {processor.py:186} INFO - Started process (PID=98) to work on /home/airflow/.local/lib/python3.12/site-packages/airflow/example_dags/example_task_group.py
[2024-11-11T19:33:18.232+0000] {processor.py:914} INFO - Processing file /home/airflow/.local/lib/python3.12/site-packages/airflow/example_dags/example_task_group.py for tasks to queue
[2024-11-11T19:33:18.234+0000] {logging_mixin.py:190} INFO - [2024-11-11T19:33:18.234+0000] {dagbag.py:588} INFO - Filling up the DagBag from /home/airflow/.local/lib/python3.12/site-packages/airflow/example_dags/example_task_group.py
[2024-11-11T19:33:18.241+0000] {processor.py:925} INFO - DAG(s) 'example_task_group' retrieved from /home/airflow/.local/lib/python3.12/site-packages/airflow/example_dags/example_task_group.py
[2024-11-11T19:33:18.275+0000] {logging_mixin.py:190} INFO - [2024-11-11T19:33:18.275+0000] {dag.py:3239} INFO - Sync 1 DAGs
[2024-11-11T19:33:18.302+0000] {logging_mixin.py:190} INFO - [2024-11-11T19:33:18.301+0000] {dag.py:4180} INFO - Setting next_dagrun for example_task_group to None, run_after=None
[2024-11-11T19:33:18.327+0000] {processor.py:208} INFO - Processing /home/airflow/.local/lib/python3.12/site-packages/airflow/example_dags/example_task_group.py took 0.101 seconds
[2024-11-11T19:34:21.503+0000] {processor.py:186} INFO - Started process (PID=104) to work on /home/airflow/.local/lib/python3.12/site-packages/airflow/example_dags/example_task_group.py
[2024-11-11T19:34:21.504+0000] {processor.py:914} INFO - Processing file /home/airflow/.local/lib/python3.12/site-packages/airflow/example_dags/example_task_group.py for tasks to queue
[2024-11-11T19:34:21.506+0000] {logging_mixin.py:190} INFO - [2024-11-11T19:34:21.506+0000] {dagbag.py:588} INFO - Filling up the DagBag from /home/airflow/.local/lib/python3.12/site-packages/airflow/example_dags/example_task_group.py
[2024-11-11T19:34:21.523+0000] {processor.py:925} INFO - DAG(s) 'example_task_group' retrieved from /home/airflow/.local/lib/python3.12/site-packages/airflow/example_dags/example_task_group.py
[2024-11-11T19:34:21.550+0000] {logging_mixin.py:190} INFO - [2024-11-11T19:34:21.550+0000] {dag.py:3239} INFO - Sync 1 DAGs
[2024-11-11T19:34:21.561+0000] {logging_mixin.py:190} INFO - [2024-11-11T19:34:21.561+0000] {dag.py:4180} INFO - Setting next_dagrun for example_task_group to None, run_after=None
[2024-11-11T19:34:21.577+0000] {processor.py:208} INFO - Processing /home/airflow/.local/lib/python3.12/site-packages/airflow/example_dags/example_task_group.py took 0.080 seconds
[2024-11-11T19:34:52.335+0000] {processor.py:186} INFO - Started process (PID=170) to work on /home/airflow/.local/lib/python3.12/site-packages/airflow/example_dags/example_task_group.py
[2024-11-11T19:34:52.336+0000] {processor.py:914} INFO - Processing file /home/airflow/.local/lib/python3.12/site-packages/airflow/example_dags/example_task_group.py for tasks to queue
[2024-11-11T19:34:52.338+0000] {logging_mixin.py:190} INFO - [2024-11-11T19:34:52.338+0000] {dagbag.py:588} INFO - Filling up the DagBag from /home/airflow/.local/lib/python3.12/site-packages/airflow/example_dags/example_task_group.py
[2024-11-11T19:34:52.346+0000] {processor.py:925} INFO - DAG(s) 'example_task_group' retrieved from /home/airflow/.local/lib/python3.12/site-packages/airflow/example_dags/example_task_group.py
[2024-11-11T19:34:52.363+0000] {logging_mixin.py:190} INFO - [2024-11-11T19:34:52.363+0000] {dag.py:3239} INFO - Sync 1 DAGs
[2024-11-11T19:34:52.374+0000] {logging_mixin.py:190} INFO - [2024-11-11T19:34:52.374+0000] {dag.py:4180} INFO - Setting next_dagrun for example_task_group to None, run_after=None
[2024-11-11T19:34:52.394+0000] {processor.py:208} INFO - Processing /home/airflow/.local/lib/python3.12/site-packages/airflow/example_dags/example_task_group.py took 0.064 seconds
[2024-11-11T19:35:22.842+0000] {processor.py:186} INFO - Started process (PID=236) to work on /home/airflow/.local/lib/python3.12/site-packages/airflow/example_dags/example_task_group.py
[2024-11-11T19:35:22.843+0000] {processor.py:914} INFO - Processing file /home/airflow/.local/lib/python3.12/site-packages/airflow/example_dags/example_task_group.py for tasks to queue
[2024-11-11T19:35:22.845+0000] {logging_mixin.py:190} INFO - [2024-11-11T19:35:22.845+0000] {dagbag.py:588} INFO - Filling up the DagBag from /home/airflow/.local/lib/python3.12/site-packages/airflow/example_dags/example_task_group.py
[2024-11-11T19:35:22.852+0000] {processor.py:925} INFO - DAG(s) 'example_task_group' retrieved from /home/airflow/.local/lib/python3.12/site-packages/airflow/example_dags/example_task_group.py
[2024-11-11T19:35:22.870+0000] {logging_mixin.py:190} INFO - [2024-11-11T19:35:22.870+0000] {dag.py:3239} INFO - Sync 1 DAGs
[2024-11-11T19:35:22.881+0000] {logging_mixin.py:190} INFO - [2024-11-11T19:35:22.881+0000] {dag.py:4180} INFO - Setting next_dagrun for example_task_group to None, run_after=None
[2024-11-11T19:35:22.895+0000] {processor.py:208} INFO - Processing /home/airflow/.local/lib/python3.12/site-packages/airflow/example_dags/example_task_group.py took 0.057 seconds
[2024-11-11T19:35:53.430+0000] {processor.py:186} INFO - Started process (PID=301) to work on /home/airflow/.local/lib/python3.12/site-packages/airflow/example_dags/example_task_group.py
[2024-11-11T19:35:53.431+0000] {processor.py:914} INFO - Processing file /home/airflow/.local/lib/python3.12/site-packages/airflow/example_dags/example_task_group.py for tasks to queue
[2024-11-11T19:35:53.432+0000] {logging_mixin.py:190} INFO - [2024-11-11T19:35:53.432+0000] {dagbag.py:588} INFO - Filling up the DagBag from /home/airflow/.local/lib/python3.12/site-packages/airflow/example_dags/example_task_group.py
[2024-11-11T19:35:53.439+0000] {processor.py:925} INFO - DAG(s) 'example_task_group' retrieved from /home/airflow/.local/lib/python3.12/site-packages/airflow/example_dags/example_task_group.py
[2024-11-11T19:35:53.457+0000] {logging_mixin.py:190} INFO - [2024-11-11T19:35:53.457+0000] {dag.py:3239} INFO - Sync 1 DAGs
[2024-11-11T19:35:53.468+0000] {logging_mixin.py:190} INFO - [2024-11-11T19:35:53.468+0000] {dag.py:4180} INFO - Setting next_dagrun for example_task_group to None, run_after=None
[2024-11-11T19:35:53.483+0000] {processor.py:208} INFO - Processing /home/airflow/.local/lib/python3.12/site-packages/airflow/example_dags/example_task_group.py took 0.057 seconds
