[2024-11-11T18:58:20.492+0000] {processor.py:186} INFO - Started process (PID=111) to work on /home/airflow/.local/lib/python3.12/site-packages/airflow/example_dags/example_skip_dag.py
[2024-11-11T18:58:20.503+0000] {processor.py:914} INFO - Processing file /home/airflow/.local/lib/python3.12/site-packages/airflow/example_dags/example_skip_dag.py for tasks to queue
[2024-11-11T18:58:20.505+0000] {logging_mixin.py:190} INFO - [2024-11-11T18:58:20.505+0000] {dagbag.py:588} INFO - Filling up the DagBag from /home/airflow/.local/lib/python3.12/site-packages/airflow/example_dags/example_skip_dag.py
[2024-11-11T18:58:20.519+0000] {processor.py:925} INFO - DAG(s) 'example_skip_dag' retrieved from /home/airflow/.local/lib/python3.12/site-packages/airflow/example_dags/example_skip_dag.py
[2024-11-11T18:58:20.543+0000] {logging_mixin.py:190} INFO - [2024-11-11T18:58:20.543+0000] {dag.py:3239} INFO - Sync 1 DAGs
[2024-11-11T18:58:20.595+0000] {logging_mixin.py:190} INFO - [2024-11-11T18:58:20.595+0000] {dag.py:4180} INFO - Setting next_dagrun for example_skip_dag to 2024-11-10 00:00:00+00:00, run_after=2024-11-11 00:00:00+00:00
[2024-11-11T18:58:20.644+0000] {processor.py:208} INFO - Processing /home/airflow/.local/lib/python3.12/site-packages/airflow/example_dags/example_skip_dag.py took 0.157 seconds
[2024-11-11T18:58:50.714+0000] {processor.py:186} INFO - Started process (PID=176) to work on /home/airflow/.local/lib/python3.12/site-packages/airflow/example_dags/example_skip_dag.py
[2024-11-11T18:58:50.715+0000] {processor.py:914} INFO - Processing file /home/airflow/.local/lib/python3.12/site-packages/airflow/example_dags/example_skip_dag.py for tasks to queue
[2024-11-11T18:58:50.716+0000] {logging_mixin.py:190} INFO - [2024-11-11T18:58:50.716+0000] {dagbag.py:588} INFO - Filling up the DagBag from /home/airflow/.local/lib/python3.12/site-packages/airflow/example_dags/example_skip_dag.py
[2024-11-11T18:58:50.723+0000] {processor.py:925} INFO - DAG(s) 'example_skip_dag' retrieved from /home/airflow/.local/lib/python3.12/site-packages/airflow/example_dags/example_skip_dag.py
[2024-11-11T18:58:50.740+0000] {logging_mixin.py:190} INFO - [2024-11-11T18:58:50.740+0000] {dag.py:3239} INFO - Sync 1 DAGs
[2024-11-11T18:58:50.764+0000] {logging_mixin.py:190} INFO - [2024-11-11T18:58:50.763+0000] {dag.py:4180} INFO - Setting next_dagrun for example_skip_dag to 2024-11-10 00:00:00+00:00, run_after=2024-11-11 00:00:00+00:00
[2024-11-11T18:58:50.780+0000] {processor.py:208} INFO - Processing /home/airflow/.local/lib/python3.12/site-packages/airflow/example_dags/example_skip_dag.py took 0.071 seconds
[2024-11-11T18:59:21.538+0000] {processor.py:186} INFO - Started process (PID=240) to work on /home/airflow/.local/lib/python3.12/site-packages/airflow/example_dags/example_skip_dag.py
[2024-11-11T18:59:21.539+0000] {processor.py:914} INFO - Processing file /home/airflow/.local/lib/python3.12/site-packages/airflow/example_dags/example_skip_dag.py for tasks to queue
[2024-11-11T18:59:21.541+0000] {logging_mixin.py:190} INFO - [2024-11-11T18:59:21.541+0000] {dagbag.py:588} INFO - Filling up the DagBag from /home/airflow/.local/lib/python3.12/site-packages/airflow/example_dags/example_skip_dag.py
[2024-11-11T18:59:21.551+0000] {processor.py:925} INFO - DAG(s) 'example_skip_dag' retrieved from /home/airflow/.local/lib/python3.12/site-packages/airflow/example_dags/example_skip_dag.py
[2024-11-11T18:59:21.583+0000] {logging_mixin.py:190} INFO - [2024-11-11T18:59:21.583+0000] {dag.py:3239} INFO - Sync 1 DAGs
[2024-11-11T18:59:21.621+0000] {logging_mixin.py:190} INFO - [2024-11-11T18:59:21.620+0000] {dag.py:4180} INFO - Setting next_dagrun for example_skip_dag to 2024-11-10 00:00:00+00:00, run_after=2024-11-11 00:00:00+00:00
[2024-11-11T18:59:21.645+0000] {processor.py:208} INFO - Processing /home/airflow/.local/lib/python3.12/site-packages/airflow/example_dags/example_skip_dag.py took 0.111 seconds
[2024-11-11T18:59:52.106+0000] {processor.py:186} INFO - Started process (PID=306) to work on /home/airflow/.local/lib/python3.12/site-packages/airflow/example_dags/example_skip_dag.py
[2024-11-11T18:59:52.107+0000] {processor.py:914} INFO - Processing file /home/airflow/.local/lib/python3.12/site-packages/airflow/example_dags/example_skip_dag.py for tasks to queue
[2024-11-11T18:59:52.109+0000] {logging_mixin.py:190} INFO - [2024-11-11T18:59:52.108+0000] {dagbag.py:588} INFO - Filling up the DagBag from /home/airflow/.local/lib/python3.12/site-packages/airflow/example_dags/example_skip_dag.py
[2024-11-11T18:59:52.132+0000] {processor.py:925} INFO - DAG(s) 'example_skip_dag' retrieved from /home/airflow/.local/lib/python3.12/site-packages/airflow/example_dags/example_skip_dag.py
[2024-11-11T18:59:52.187+0000] {logging_mixin.py:190} INFO - [2024-11-11T18:59:52.186+0000] {dag.py:3239} INFO - Sync 1 DAGs
[2024-11-11T18:59:52.227+0000] {logging_mixin.py:190} INFO - [2024-11-11T18:59:52.227+0000] {dag.py:4180} INFO - Setting next_dagrun for example_skip_dag to 2024-11-10 00:00:00+00:00, run_after=2024-11-11 00:00:00+00:00
[2024-11-11T18:59:52.240+0000] {processor.py:208} INFO - Processing /home/airflow/.local/lib/python3.12/site-packages/airflow/example_dags/example_skip_dag.py took 0.160 seconds
[2024-11-11T19:00:22.998+0000] {processor.py:186} INFO - Started process (PID=371) to work on /home/airflow/.local/lib/python3.12/site-packages/airflow/example_dags/example_skip_dag.py
[2024-11-11T19:00:22.999+0000] {processor.py:914} INFO - Processing file /home/airflow/.local/lib/python3.12/site-packages/airflow/example_dags/example_skip_dag.py for tasks to queue
[2024-11-11T19:00:23.002+0000] {logging_mixin.py:190} INFO - [2024-11-11T19:00:23.002+0000] {dagbag.py:588} INFO - Filling up the DagBag from /home/airflow/.local/lib/python3.12/site-packages/airflow/example_dags/example_skip_dag.py
[2024-11-11T19:00:23.009+0000] {processor.py:925} INFO - DAG(s) 'example_skip_dag' retrieved from /home/airflow/.local/lib/python3.12/site-packages/airflow/example_dags/example_skip_dag.py
[2024-11-11T19:00:23.031+0000] {logging_mixin.py:190} INFO - [2024-11-11T19:00:23.030+0000] {dag.py:3239} INFO - Sync 1 DAGs
[2024-11-11T19:00:23.064+0000] {logging_mixin.py:190} INFO - [2024-11-11T19:00:23.063+0000] {dag.py:4180} INFO - Setting next_dagrun for example_skip_dag to 2024-11-10 00:00:00+00:00, run_after=2024-11-11 00:00:00+00:00
[2024-11-11T19:00:23.079+0000] {processor.py:208} INFO - Processing /home/airflow/.local/lib/python3.12/site-packages/airflow/example_dags/example_skip_dag.py took 0.086 seconds
[2024-11-11T19:00:53.616+0000] {processor.py:186} INFO - Started process (PID=436) to work on /home/airflow/.local/lib/python3.12/site-packages/airflow/example_dags/example_skip_dag.py
[2024-11-11T19:00:53.616+0000] {processor.py:914} INFO - Processing file /home/airflow/.local/lib/python3.12/site-packages/airflow/example_dags/example_skip_dag.py for tasks to queue
[2024-11-11T19:00:53.624+0000] {logging_mixin.py:190} INFO - [2024-11-11T19:00:53.623+0000] {dagbag.py:588} INFO - Filling up the DagBag from /home/airflow/.local/lib/python3.12/site-packages/airflow/example_dags/example_skip_dag.py
[2024-11-11T19:00:53.632+0000] {processor.py:925} INFO - DAG(s) 'example_skip_dag' retrieved from /home/airflow/.local/lib/python3.12/site-packages/airflow/example_dags/example_skip_dag.py
[2024-11-11T19:00:53.663+0000] {logging_mixin.py:190} INFO - [2024-11-11T19:00:53.662+0000] {dag.py:3239} INFO - Sync 1 DAGs
[2024-11-11T19:00:53.704+0000] {logging_mixin.py:190} INFO - [2024-11-11T19:00:53.704+0000] {dag.py:4180} INFO - Setting next_dagrun for example_skip_dag to 2024-11-10 00:00:00+00:00, run_after=2024-11-11 00:00:00+00:00
[2024-11-11T19:00:53.718+0000] {processor.py:208} INFO - Processing /home/airflow/.local/lib/python3.12/site-packages/airflow/example_dags/example_skip_dag.py took 0.108 seconds
[2024-11-11T19:01:24.049+0000] {processor.py:186} INFO - Started process (PID=501) to work on /home/airflow/.local/lib/python3.12/site-packages/airflow/example_dags/example_skip_dag.py
[2024-11-11T19:01:24.050+0000] {processor.py:914} INFO - Processing file /home/airflow/.local/lib/python3.12/site-packages/airflow/example_dags/example_skip_dag.py for tasks to queue
[2024-11-11T19:01:24.052+0000] {logging_mixin.py:190} INFO - [2024-11-11T19:01:24.052+0000] {dagbag.py:588} INFO - Filling up the DagBag from /home/airflow/.local/lib/python3.12/site-packages/airflow/example_dags/example_skip_dag.py
[2024-11-11T19:01:24.058+0000] {processor.py:925} INFO - DAG(s) 'example_skip_dag' retrieved from /home/airflow/.local/lib/python3.12/site-packages/airflow/example_dags/example_skip_dag.py
[2024-11-11T19:01:24.076+0000] {logging_mixin.py:190} INFO - [2024-11-11T19:01:24.075+0000] {dag.py:3239} INFO - Sync 1 DAGs
[2024-11-11T19:01:24.093+0000] {logging_mixin.py:190} INFO - [2024-11-11T19:01:24.093+0000] {dag.py:4180} INFO - Setting next_dagrun for example_skip_dag to 2024-11-10 00:00:00+00:00, run_after=2024-11-11 00:00:00+00:00
[2024-11-11T19:01:24.107+0000] {processor.py:208} INFO - Processing /home/airflow/.local/lib/python3.12/site-packages/airflow/example_dags/example_skip_dag.py took 0.062 seconds
[2024-11-11T19:01:54.498+0000] {processor.py:186} INFO - Started process (PID=565) to work on /home/airflow/.local/lib/python3.12/site-packages/airflow/example_dags/example_skip_dag.py
[2024-11-11T19:01:54.499+0000] {processor.py:914} INFO - Processing file /home/airflow/.local/lib/python3.12/site-packages/airflow/example_dags/example_skip_dag.py for tasks to queue
[2024-11-11T19:01:54.500+0000] {logging_mixin.py:190} INFO - [2024-11-11T19:01:54.500+0000] {dagbag.py:588} INFO - Filling up the DagBag from /home/airflow/.local/lib/python3.12/site-packages/airflow/example_dags/example_skip_dag.py
[2024-11-11T19:01:54.506+0000] {processor.py:925} INFO - DAG(s) 'example_skip_dag' retrieved from /home/airflow/.local/lib/python3.12/site-packages/airflow/example_dags/example_skip_dag.py
[2024-11-11T19:01:54.522+0000] {logging_mixin.py:190} INFO - [2024-11-11T19:01:54.522+0000] {dag.py:3239} INFO - Sync 1 DAGs
[2024-11-11T19:01:54.541+0000] {logging_mixin.py:190} INFO - [2024-11-11T19:01:54.541+0000] {dag.py:4180} INFO - Setting next_dagrun for example_skip_dag to 2024-11-10 00:00:00+00:00, run_after=2024-11-11 00:00:00+00:00
[2024-11-11T19:01:54.554+0000] {processor.py:208} INFO - Processing /home/airflow/.local/lib/python3.12/site-packages/airflow/example_dags/example_skip_dag.py took 0.060 seconds
[2024-11-11T19:02:24.899+0000] {processor.py:186} INFO - Started process (PID=631) to work on /home/airflow/.local/lib/python3.12/site-packages/airflow/example_dags/example_skip_dag.py
[2024-11-11T19:02:24.900+0000] {processor.py:914} INFO - Processing file /home/airflow/.local/lib/python3.12/site-packages/airflow/example_dags/example_skip_dag.py for tasks to queue
[2024-11-11T19:02:24.902+0000] {logging_mixin.py:190} INFO - [2024-11-11T19:02:24.901+0000] {dagbag.py:588} INFO - Filling up the DagBag from /home/airflow/.local/lib/python3.12/site-packages/airflow/example_dags/example_skip_dag.py
[2024-11-11T19:02:24.912+0000] {processor.py:925} INFO - DAG(s) 'example_skip_dag' retrieved from /home/airflow/.local/lib/python3.12/site-packages/airflow/example_dags/example_skip_dag.py
[2024-11-11T19:02:24.929+0000] {logging_mixin.py:190} INFO - [2024-11-11T19:02:24.929+0000] {dag.py:3239} INFO - Sync 1 DAGs
[2024-11-11T19:02:24.948+0000] {logging_mixin.py:190} INFO - [2024-11-11T19:02:24.948+0000] {dag.py:4180} INFO - Setting next_dagrun for example_skip_dag to 2024-11-10 00:00:00+00:00, run_after=2024-11-11 00:00:00+00:00
[2024-11-11T19:02:24.961+0000] {processor.py:208} INFO - Processing /home/airflow/.local/lib/python3.12/site-packages/airflow/example_dags/example_skip_dag.py took 0.066 seconds
[2024-11-11T19:02:55.242+0000] {processor.py:186} INFO - Started process (PID=696) to work on /home/airflow/.local/lib/python3.12/site-packages/airflow/example_dags/example_skip_dag.py
[2024-11-11T19:02:55.243+0000] {processor.py:914} INFO - Processing file /home/airflow/.local/lib/python3.12/site-packages/airflow/example_dags/example_skip_dag.py for tasks to queue
[2024-11-11T19:02:55.244+0000] {logging_mixin.py:190} INFO - [2024-11-11T19:02:55.244+0000] {dagbag.py:588} INFO - Filling up the DagBag from /home/airflow/.local/lib/python3.12/site-packages/airflow/example_dags/example_skip_dag.py
[2024-11-11T19:02:55.251+0000] {processor.py:925} INFO - DAG(s) 'example_skip_dag' retrieved from /home/airflow/.local/lib/python3.12/site-packages/airflow/example_dags/example_skip_dag.py
[2024-11-11T19:02:55.269+0000] {logging_mixin.py:190} INFO - [2024-11-11T19:02:55.269+0000] {dag.py:3239} INFO - Sync 1 DAGs
[2024-11-11T19:02:55.291+0000] {logging_mixin.py:190} INFO - [2024-11-11T19:02:55.290+0000] {dag.py:4180} INFO - Setting next_dagrun for example_skip_dag to 2024-11-10 00:00:00+00:00, run_after=2024-11-11 00:00:00+00:00
[2024-11-11T19:02:55.306+0000] {processor.py:208} INFO - Processing /home/airflow/.local/lib/python3.12/site-packages/airflow/example_dags/example_skip_dag.py took 0.069 seconds
[2024-11-11T19:03:25.530+0000] {processor.py:186} INFO - Started process (PID=760) to work on /home/airflow/.local/lib/python3.12/site-packages/airflow/example_dags/example_skip_dag.py
[2024-11-11T19:03:25.531+0000] {processor.py:914} INFO - Processing file /home/airflow/.local/lib/python3.12/site-packages/airflow/example_dags/example_skip_dag.py for tasks to queue
[2024-11-11T19:03:25.532+0000] {logging_mixin.py:190} INFO - [2024-11-11T19:03:25.532+0000] {dagbag.py:588} INFO - Filling up the DagBag from /home/airflow/.local/lib/python3.12/site-packages/airflow/example_dags/example_skip_dag.py
[2024-11-11T19:03:25.539+0000] {processor.py:925} INFO - DAG(s) 'example_skip_dag' retrieved from /home/airflow/.local/lib/python3.12/site-packages/airflow/example_dags/example_skip_dag.py
[2024-11-11T19:03:25.555+0000] {logging_mixin.py:190} INFO - [2024-11-11T19:03:25.555+0000] {dag.py:3239} INFO - Sync 1 DAGs
[2024-11-11T19:03:25.574+0000] {logging_mixin.py:190} INFO - [2024-11-11T19:03:25.573+0000] {dag.py:4180} INFO - Setting next_dagrun for example_skip_dag to 2024-11-10 00:00:00+00:00, run_after=2024-11-11 00:00:00+00:00
[2024-11-11T19:03:25.587+0000] {processor.py:208} INFO - Processing /home/airflow/.local/lib/python3.12/site-packages/airflow/example_dags/example_skip_dag.py took 0.062 seconds
[2024-11-11T19:03:56.063+0000] {processor.py:186} INFO - Started process (PID=825) to work on /home/airflow/.local/lib/python3.12/site-packages/airflow/example_dags/example_skip_dag.py
[2024-11-11T19:03:56.064+0000] {processor.py:914} INFO - Processing file /home/airflow/.local/lib/python3.12/site-packages/airflow/example_dags/example_skip_dag.py for tasks to queue
[2024-11-11T19:03:56.066+0000] {logging_mixin.py:190} INFO - [2024-11-11T19:03:56.065+0000] {dagbag.py:588} INFO - Filling up the DagBag from /home/airflow/.local/lib/python3.12/site-packages/airflow/example_dags/example_skip_dag.py
[2024-11-11T19:03:56.072+0000] {processor.py:925} INFO - DAG(s) 'example_skip_dag' retrieved from /home/airflow/.local/lib/python3.12/site-packages/airflow/example_dags/example_skip_dag.py
[2024-11-11T19:03:56.090+0000] {logging_mixin.py:190} INFO - [2024-11-11T19:03:56.089+0000] {dag.py:3239} INFO - Sync 1 DAGs
[2024-11-11T19:03:56.108+0000] {logging_mixin.py:190} INFO - [2024-11-11T19:03:56.108+0000] {dag.py:4180} INFO - Setting next_dagrun for example_skip_dag to 2024-11-10 00:00:00+00:00, run_after=2024-11-11 00:00:00+00:00
[2024-11-11T19:03:56.122+0000] {processor.py:208} INFO - Processing /home/airflow/.local/lib/python3.12/site-packages/airflow/example_dags/example_skip_dag.py took 0.065 seconds
[2024-11-11T19:04:26.561+0000] {processor.py:186} INFO - Started process (PID=890) to work on /home/airflow/.local/lib/python3.12/site-packages/airflow/example_dags/example_skip_dag.py
[2024-11-11T19:04:26.562+0000] {processor.py:914} INFO - Processing file /home/airflow/.local/lib/python3.12/site-packages/airflow/example_dags/example_skip_dag.py for tasks to queue
[2024-11-11T19:04:26.563+0000] {logging_mixin.py:190} INFO - [2024-11-11T19:04:26.563+0000] {dagbag.py:588} INFO - Filling up the DagBag from /home/airflow/.local/lib/python3.12/site-packages/airflow/example_dags/example_skip_dag.py
[2024-11-11T19:04:26.570+0000] {processor.py:925} INFO - DAG(s) 'example_skip_dag' retrieved from /home/airflow/.local/lib/python3.12/site-packages/airflow/example_dags/example_skip_dag.py
[2024-11-11T19:04:26.589+0000] {logging_mixin.py:190} INFO - [2024-11-11T19:04:26.589+0000] {dag.py:3239} INFO - Sync 1 DAGs
[2024-11-11T19:04:26.608+0000] {logging_mixin.py:190} INFO - [2024-11-11T19:04:26.608+0000] {dag.py:4180} INFO - Setting next_dagrun for example_skip_dag to 2024-11-10 00:00:00+00:00, run_after=2024-11-11 00:00:00+00:00
[2024-11-11T19:04:26.622+0000] {processor.py:208} INFO - Processing /home/airflow/.local/lib/python3.12/site-packages/airflow/example_dags/example_skip_dag.py took 0.066 seconds
[2024-11-11T19:04:57.399+0000] {processor.py:186} INFO - Started process (PID=956) to work on /home/airflow/.local/lib/python3.12/site-packages/airflow/example_dags/example_skip_dag.py
[2024-11-11T19:04:57.399+0000] {processor.py:914} INFO - Processing file /home/airflow/.local/lib/python3.12/site-packages/airflow/example_dags/example_skip_dag.py for tasks to queue
[2024-11-11T19:04:57.401+0000] {logging_mixin.py:190} INFO - [2024-11-11T19:04:57.401+0000] {dagbag.py:588} INFO - Filling up the DagBag from /home/airflow/.local/lib/python3.12/site-packages/airflow/example_dags/example_skip_dag.py
[2024-11-11T19:04:57.408+0000] {processor.py:925} INFO - DAG(s) 'example_skip_dag' retrieved from /home/airflow/.local/lib/python3.12/site-packages/airflow/example_dags/example_skip_dag.py
[2024-11-11T19:04:57.424+0000] {logging_mixin.py:190} INFO - [2024-11-11T19:04:57.423+0000] {dag.py:3239} INFO - Sync 1 DAGs
[2024-11-11T19:04:57.442+0000] {logging_mixin.py:190} INFO - [2024-11-11T19:04:57.442+0000] {dag.py:4180} INFO - Setting next_dagrun for example_skip_dag to 2024-11-10 00:00:00+00:00, run_after=2024-11-11 00:00:00+00:00
[2024-11-11T19:04:57.456+0000] {processor.py:208} INFO - Processing /home/airflow/.local/lib/python3.12/site-packages/airflow/example_dags/example_skip_dag.py took 0.062 seconds
[2024-11-11T19:05:28.063+0000] {processor.py:186} INFO - Started process (PID=1021) to work on /home/airflow/.local/lib/python3.12/site-packages/airflow/example_dags/example_skip_dag.py
[2024-11-11T19:05:28.063+0000] {processor.py:914} INFO - Processing file /home/airflow/.local/lib/python3.12/site-packages/airflow/example_dags/example_skip_dag.py for tasks to queue
[2024-11-11T19:05:28.065+0000] {logging_mixin.py:190} INFO - [2024-11-11T19:05:28.065+0000] {dagbag.py:588} INFO - Filling up the DagBag from /home/airflow/.local/lib/python3.12/site-packages/airflow/example_dags/example_skip_dag.py
[2024-11-11T19:05:28.072+0000] {processor.py:925} INFO - DAG(s) 'example_skip_dag' retrieved from /home/airflow/.local/lib/python3.12/site-packages/airflow/example_dags/example_skip_dag.py
[2024-11-11T19:05:28.089+0000] {logging_mixin.py:190} INFO - [2024-11-11T19:05:28.089+0000] {dag.py:3239} INFO - Sync 1 DAGs
[2024-11-11T19:05:28.111+0000] {logging_mixin.py:190} INFO - [2024-11-11T19:05:28.111+0000] {dag.py:4180} INFO - Setting next_dagrun for example_skip_dag to 2024-11-10 00:00:00+00:00, run_after=2024-11-11 00:00:00+00:00
[2024-11-11T19:05:28.134+0000] {processor.py:208} INFO - Processing /home/airflow/.local/lib/python3.12/site-packages/airflow/example_dags/example_skip_dag.py took 0.076 seconds
[2024-11-11T19:05:59.203+0000] {processor.py:186} INFO - Started process (PID=1086) to work on /home/airflow/.local/lib/python3.12/site-packages/airflow/example_dags/example_skip_dag.py
[2024-11-11T19:05:59.212+0000] {processor.py:914} INFO - Processing file /home/airflow/.local/lib/python3.12/site-packages/airflow/example_dags/example_skip_dag.py for tasks to queue
[2024-11-11T19:05:59.215+0000] {logging_mixin.py:190} INFO - [2024-11-11T19:05:59.215+0000] {dagbag.py:588} INFO - Filling up the DagBag from /home/airflow/.local/lib/python3.12/site-packages/airflow/example_dags/example_skip_dag.py
[2024-11-11T19:05:59.223+0000] {processor.py:925} INFO - DAG(s) 'example_skip_dag' retrieved from /home/airflow/.local/lib/python3.12/site-packages/airflow/example_dags/example_skip_dag.py
[2024-11-11T19:05:59.245+0000] {logging_mixin.py:190} INFO - [2024-11-11T19:05:59.245+0000] {dag.py:3239} INFO - Sync 1 DAGs
[2024-11-11T19:05:59.285+0000] {logging_mixin.py:190} INFO - [2024-11-11T19:05:59.285+0000] {dag.py:4180} INFO - Setting next_dagrun for example_skip_dag to 2024-11-10 00:00:00+00:00, run_after=2024-11-11 00:00:00+00:00
[2024-11-11T19:05:59.320+0000] {processor.py:208} INFO - Processing /home/airflow/.local/lib/python3.12/site-packages/airflow/example_dags/example_skip_dag.py took 0.121 seconds
[2024-11-11T19:06:29.757+0000] {processor.py:186} INFO - Started process (PID=1152) to work on /home/airflow/.local/lib/python3.12/site-packages/airflow/example_dags/example_skip_dag.py
[2024-11-11T19:06:29.767+0000] {processor.py:914} INFO - Processing file /home/airflow/.local/lib/python3.12/site-packages/airflow/example_dags/example_skip_dag.py for tasks to queue
[2024-11-11T19:06:29.769+0000] {logging_mixin.py:190} INFO - [2024-11-11T19:06:29.768+0000] {dagbag.py:588} INFO - Filling up the DagBag from /home/airflow/.local/lib/python3.12/site-packages/airflow/example_dags/example_skip_dag.py
[2024-11-11T19:06:29.775+0000] {processor.py:925} INFO - DAG(s) 'example_skip_dag' retrieved from /home/airflow/.local/lib/python3.12/site-packages/airflow/example_dags/example_skip_dag.py
[2024-11-11T19:06:29.803+0000] {logging_mixin.py:190} INFO - [2024-11-11T19:06:29.803+0000] {dag.py:3239} INFO - Sync 1 DAGs
[2024-11-11T19:06:29.833+0000] {logging_mixin.py:190} INFO - [2024-11-11T19:06:29.833+0000] {dag.py:4180} INFO - Setting next_dagrun for example_skip_dag to 2024-11-10 00:00:00+00:00, run_after=2024-11-11 00:00:00+00:00
[2024-11-11T19:06:29.853+0000] {processor.py:208} INFO - Processing /home/airflow/.local/lib/python3.12/site-packages/airflow/example_dags/example_skip_dag.py took 0.101 seconds
[2024-11-11T19:06:59.984+0000] {processor.py:186} INFO - Started process (PID=1217) to work on /home/airflow/.local/lib/python3.12/site-packages/airflow/example_dags/example_skip_dag.py
[2024-11-11T19:06:59.985+0000] {processor.py:914} INFO - Processing file /home/airflow/.local/lib/python3.12/site-packages/airflow/example_dags/example_skip_dag.py for tasks to queue
[2024-11-11T19:06:59.987+0000] {logging_mixin.py:190} INFO - [2024-11-11T19:06:59.986+0000] {dagbag.py:588} INFO - Filling up the DagBag from /home/airflow/.local/lib/python3.12/site-packages/airflow/example_dags/example_skip_dag.py
[2024-11-11T19:06:59.993+0000] {processor.py:925} INFO - DAG(s) 'example_skip_dag' retrieved from /home/airflow/.local/lib/python3.12/site-packages/airflow/example_dags/example_skip_dag.py
[2024-11-11T19:07:00.013+0000] {logging_mixin.py:190} INFO - [2024-11-11T19:07:00.013+0000] {dag.py:3239} INFO - Sync 1 DAGs
[2024-11-11T19:07:00.031+0000] {logging_mixin.py:190} INFO - [2024-11-11T19:07:00.031+0000] {dag.py:4180} INFO - Setting next_dagrun for example_skip_dag to 2024-11-10 00:00:00+00:00, run_after=2024-11-11 00:00:00+00:00
[2024-11-11T19:07:00.046+0000] {processor.py:208} INFO - Processing /home/airflow/.local/lib/python3.12/site-packages/airflow/example_dags/example_skip_dag.py took 0.065 seconds
[2024-11-11T19:07:30.429+0000] {processor.py:186} INFO - Started process (PID=1282) to work on /home/airflow/.local/lib/python3.12/site-packages/airflow/example_dags/example_skip_dag.py
[2024-11-11T19:07:30.430+0000] {processor.py:914} INFO - Processing file /home/airflow/.local/lib/python3.12/site-packages/airflow/example_dags/example_skip_dag.py for tasks to queue
[2024-11-11T19:07:30.432+0000] {logging_mixin.py:190} INFO - [2024-11-11T19:07:30.431+0000] {dagbag.py:588} INFO - Filling up the DagBag from /home/airflow/.local/lib/python3.12/site-packages/airflow/example_dags/example_skip_dag.py
[2024-11-11T19:07:30.444+0000] {processor.py:925} INFO - DAG(s) 'example_skip_dag' retrieved from /home/airflow/.local/lib/python3.12/site-packages/airflow/example_dags/example_skip_dag.py
[2024-11-11T19:07:30.465+0000] {logging_mixin.py:190} INFO - [2024-11-11T19:07:30.465+0000] {dag.py:3239} INFO - Sync 1 DAGs
[2024-11-11T19:07:30.482+0000] {logging_mixin.py:190} INFO - [2024-11-11T19:07:30.482+0000] {dag.py:4180} INFO - Setting next_dagrun for example_skip_dag to 2024-11-10 00:00:00+00:00, run_after=2024-11-11 00:00:00+00:00
[2024-11-11T19:07:30.499+0000] {processor.py:208} INFO - Processing /home/airflow/.local/lib/python3.12/site-packages/airflow/example_dags/example_skip_dag.py took 0.074 seconds
[2024-11-11T19:08:00.861+0000] {processor.py:186} INFO - Started process (PID=1347) to work on /home/airflow/.local/lib/python3.12/site-packages/airflow/example_dags/example_skip_dag.py
[2024-11-11T19:08:00.862+0000] {processor.py:914} INFO - Processing file /home/airflow/.local/lib/python3.12/site-packages/airflow/example_dags/example_skip_dag.py for tasks to queue
[2024-11-11T19:08:00.863+0000] {logging_mixin.py:190} INFO - [2024-11-11T19:08:00.863+0000] {dagbag.py:588} INFO - Filling up the DagBag from /home/airflow/.local/lib/python3.12/site-packages/airflow/example_dags/example_skip_dag.py
[2024-11-11T19:08:00.870+0000] {processor.py:925} INFO - DAG(s) 'example_skip_dag' retrieved from /home/airflow/.local/lib/python3.12/site-packages/airflow/example_dags/example_skip_dag.py
[2024-11-11T19:08:00.887+0000] {logging_mixin.py:190} INFO - [2024-11-11T19:08:00.887+0000] {dag.py:3239} INFO - Sync 1 DAGs
[2024-11-11T19:08:00.904+0000] {logging_mixin.py:190} INFO - [2024-11-11T19:08:00.904+0000] {dag.py:4180} INFO - Setting next_dagrun for example_skip_dag to 2024-11-10 00:00:00+00:00, run_after=2024-11-11 00:00:00+00:00
[2024-11-11T19:08:00.928+0000] {processor.py:208} INFO - Processing /home/airflow/.local/lib/python3.12/site-packages/airflow/example_dags/example_skip_dag.py took 0.071 seconds
[2024-11-11T19:08:31.431+0000] {processor.py:186} INFO - Started process (PID=1412) to work on /home/airflow/.local/lib/python3.12/site-packages/airflow/example_dags/example_skip_dag.py
[2024-11-11T19:08:31.431+0000] {processor.py:914} INFO - Processing file /home/airflow/.local/lib/python3.12/site-packages/airflow/example_dags/example_skip_dag.py for tasks to queue
[2024-11-11T19:08:31.433+0000] {logging_mixin.py:190} INFO - [2024-11-11T19:08:31.433+0000] {dagbag.py:588} INFO - Filling up the DagBag from /home/airflow/.local/lib/python3.12/site-packages/airflow/example_dags/example_skip_dag.py
[2024-11-11T19:08:31.439+0000] {processor.py:925} INFO - DAG(s) 'example_skip_dag' retrieved from /home/airflow/.local/lib/python3.12/site-packages/airflow/example_dags/example_skip_dag.py
[2024-11-11T19:08:31.455+0000] {logging_mixin.py:190} INFO - [2024-11-11T19:08:31.454+0000] {dag.py:3239} INFO - Sync 1 DAGs
[2024-11-11T19:08:31.473+0000] {logging_mixin.py:190} INFO - [2024-11-11T19:08:31.473+0000] {dag.py:4180} INFO - Setting next_dagrun for example_skip_dag to 2024-11-10 00:00:00+00:00, run_after=2024-11-11 00:00:00+00:00
[2024-11-11T19:08:31.486+0000] {processor.py:208} INFO - Processing /home/airflow/.local/lib/python3.12/site-packages/airflow/example_dags/example_skip_dag.py took 0.061 seconds
[2024-11-11T19:09:02.279+0000] {processor.py:186} INFO - Started process (PID=1476) to work on /home/airflow/.local/lib/python3.12/site-packages/airflow/example_dags/example_skip_dag.py
[2024-11-11T19:09:02.280+0000] {processor.py:914} INFO - Processing file /home/airflow/.local/lib/python3.12/site-packages/airflow/example_dags/example_skip_dag.py for tasks to queue
[2024-11-11T19:09:02.282+0000] {logging_mixin.py:190} INFO - [2024-11-11T19:09:02.281+0000] {dagbag.py:588} INFO - Filling up the DagBag from /home/airflow/.local/lib/python3.12/site-packages/airflow/example_dags/example_skip_dag.py
[2024-11-11T19:09:02.288+0000] {processor.py:925} INFO - DAG(s) 'example_skip_dag' retrieved from /home/airflow/.local/lib/python3.12/site-packages/airflow/example_dags/example_skip_dag.py
[2024-11-11T19:09:02.304+0000] {logging_mixin.py:190} INFO - [2024-11-11T19:09:02.304+0000] {dag.py:3239} INFO - Sync 1 DAGs
[2024-11-11T19:09:02.323+0000] {logging_mixin.py:190} INFO - [2024-11-11T19:09:02.323+0000] {dag.py:4180} INFO - Setting next_dagrun for example_skip_dag to 2024-11-10 00:00:00+00:00, run_after=2024-11-11 00:00:00+00:00
[2024-11-11T19:09:02.339+0000] {processor.py:208} INFO - Processing /home/airflow/.local/lib/python3.12/site-packages/airflow/example_dags/example_skip_dag.py took 0.065 seconds
[2024-11-11T19:09:33.037+0000] {processor.py:186} INFO - Started process (PID=1541) to work on /home/airflow/.local/lib/python3.12/site-packages/airflow/example_dags/example_skip_dag.py
[2024-11-11T19:09:33.038+0000] {processor.py:914} INFO - Processing file /home/airflow/.local/lib/python3.12/site-packages/airflow/example_dags/example_skip_dag.py for tasks to queue
[2024-11-11T19:09:33.039+0000] {logging_mixin.py:190} INFO - [2024-11-11T19:09:33.039+0000] {dagbag.py:588} INFO - Filling up the DagBag from /home/airflow/.local/lib/python3.12/site-packages/airflow/example_dags/example_skip_dag.py
[2024-11-11T19:09:33.045+0000] {processor.py:925} INFO - DAG(s) 'example_skip_dag' retrieved from /home/airflow/.local/lib/python3.12/site-packages/airflow/example_dags/example_skip_dag.py
[2024-11-11T19:09:33.063+0000] {logging_mixin.py:190} INFO - [2024-11-11T19:09:33.063+0000] {dag.py:3239} INFO - Sync 1 DAGs
[2024-11-11T19:09:33.080+0000] {logging_mixin.py:190} INFO - [2024-11-11T19:09:33.080+0000] {dag.py:4180} INFO - Setting next_dagrun for example_skip_dag to 2024-11-10 00:00:00+00:00, run_after=2024-11-11 00:00:00+00:00
[2024-11-11T19:09:33.094+0000] {processor.py:208} INFO - Processing /home/airflow/.local/lib/python3.12/site-packages/airflow/example_dags/example_skip_dag.py took 0.062 seconds
[2024-11-11T19:10:03.837+0000] {processor.py:186} INFO - Started process (PID=1606) to work on /home/airflow/.local/lib/python3.12/site-packages/airflow/example_dags/example_skip_dag.py
[2024-11-11T19:10:03.838+0000] {processor.py:914} INFO - Processing file /home/airflow/.local/lib/python3.12/site-packages/airflow/example_dags/example_skip_dag.py for tasks to queue
[2024-11-11T19:10:03.841+0000] {logging_mixin.py:190} INFO - [2024-11-11T19:10:03.840+0000] {dagbag.py:588} INFO - Filling up the DagBag from /home/airflow/.local/lib/python3.12/site-packages/airflow/example_dags/example_skip_dag.py
[2024-11-11T19:10:03.848+0000] {processor.py:925} INFO - DAG(s) 'example_skip_dag' retrieved from /home/airflow/.local/lib/python3.12/site-packages/airflow/example_dags/example_skip_dag.py
[2024-11-11T19:10:03.870+0000] {logging_mixin.py:190} INFO - [2024-11-11T19:10:03.870+0000] {dag.py:3239} INFO - Sync 1 DAGs
[2024-11-11T19:10:03.888+0000] {logging_mixin.py:190} INFO - [2024-11-11T19:10:03.888+0000] {dag.py:4180} INFO - Setting next_dagrun for example_skip_dag to 2024-11-10 00:00:00+00:00, run_after=2024-11-11 00:00:00+00:00
[2024-11-11T19:10:03.902+0000] {processor.py:208} INFO - Processing /home/airflow/.local/lib/python3.12/site-packages/airflow/example_dags/example_skip_dag.py took 0.070 seconds
[2024-11-11T19:10:34.576+0000] {processor.py:186} INFO - Started process (PID=1671) to work on /home/airflow/.local/lib/python3.12/site-packages/airflow/example_dags/example_skip_dag.py
[2024-11-11T19:10:34.577+0000] {processor.py:914} INFO - Processing file /home/airflow/.local/lib/python3.12/site-packages/airflow/example_dags/example_skip_dag.py for tasks to queue
[2024-11-11T19:10:34.579+0000] {logging_mixin.py:190} INFO - [2024-11-11T19:10:34.578+0000] {dagbag.py:588} INFO - Filling up the DagBag from /home/airflow/.local/lib/python3.12/site-packages/airflow/example_dags/example_skip_dag.py
[2024-11-11T19:10:34.585+0000] {processor.py:925} INFO - DAG(s) 'example_skip_dag' retrieved from /home/airflow/.local/lib/python3.12/site-packages/airflow/example_dags/example_skip_dag.py
[2024-11-11T19:10:34.601+0000] {logging_mixin.py:190} INFO - [2024-11-11T19:10:34.601+0000] {dag.py:3239} INFO - Sync 1 DAGs
[2024-11-11T19:10:34.619+0000] {logging_mixin.py:190} INFO - [2024-11-11T19:10:34.619+0000] {dag.py:4180} INFO - Setting next_dagrun for example_skip_dag to 2024-11-10 00:00:00+00:00, run_after=2024-11-11 00:00:00+00:00
[2024-11-11T19:10:34.632+0000] {processor.py:208} INFO - Processing /home/airflow/.local/lib/python3.12/site-packages/airflow/example_dags/example_skip_dag.py took 0.060 seconds
[2024-11-11T19:11:05.114+0000] {processor.py:186} INFO - Started process (PID=1736) to work on /home/airflow/.local/lib/python3.12/site-packages/airflow/example_dags/example_skip_dag.py
[2024-11-11T19:11:05.115+0000] {processor.py:914} INFO - Processing file /home/airflow/.local/lib/python3.12/site-packages/airflow/example_dags/example_skip_dag.py for tasks to queue
[2024-11-11T19:11:05.117+0000] {logging_mixin.py:190} INFO - [2024-11-11T19:11:05.117+0000] {dagbag.py:588} INFO - Filling up the DagBag from /home/airflow/.local/lib/python3.12/site-packages/airflow/example_dags/example_skip_dag.py
[2024-11-11T19:11:05.123+0000] {processor.py:925} INFO - DAG(s) 'example_skip_dag' retrieved from /home/airflow/.local/lib/python3.12/site-packages/airflow/example_dags/example_skip_dag.py
[2024-11-11T19:11:05.144+0000] {logging_mixin.py:190} INFO - [2024-11-11T19:11:05.144+0000] {dag.py:3239} INFO - Sync 1 DAGs
[2024-11-11T19:11:05.161+0000] {logging_mixin.py:190} INFO - [2024-11-11T19:11:05.161+0000] {dag.py:4180} INFO - Setting next_dagrun for example_skip_dag to 2024-11-10 00:00:00+00:00, run_after=2024-11-11 00:00:00+00:00
[2024-11-11T19:11:05.174+0000] {processor.py:208} INFO - Processing /home/airflow/.local/lib/python3.12/site-packages/airflow/example_dags/example_skip_dag.py took 0.064 seconds
[2024-11-11T19:11:36.111+0000] {processor.py:186} INFO - Started process (PID=1801) to work on /home/airflow/.local/lib/python3.12/site-packages/airflow/example_dags/example_skip_dag.py
[2024-11-11T19:11:36.112+0000] {processor.py:914} INFO - Processing file /home/airflow/.local/lib/python3.12/site-packages/airflow/example_dags/example_skip_dag.py for tasks to queue
[2024-11-11T19:11:36.114+0000] {logging_mixin.py:190} INFO - [2024-11-11T19:11:36.114+0000] {dagbag.py:588} INFO - Filling up the DagBag from /home/airflow/.local/lib/python3.12/site-packages/airflow/example_dags/example_skip_dag.py
[2024-11-11T19:11:36.121+0000] {processor.py:925} INFO - DAG(s) 'example_skip_dag' retrieved from /home/airflow/.local/lib/python3.12/site-packages/airflow/example_dags/example_skip_dag.py
[2024-11-11T19:11:36.157+0000] {logging_mixin.py:190} INFO - [2024-11-11T19:11:36.156+0000] {dag.py:3239} INFO - Sync 1 DAGs
[2024-11-11T19:11:36.186+0000] {logging_mixin.py:190} INFO - [2024-11-11T19:11:36.186+0000] {dag.py:4180} INFO - Setting next_dagrun for example_skip_dag to 2024-11-10 00:00:00+00:00, run_after=2024-11-11 00:00:00+00:00
[2024-11-11T19:11:36.218+0000] {processor.py:208} INFO - Processing /home/airflow/.local/lib/python3.12/site-packages/airflow/example_dags/example_skip_dag.py took 0.116 seconds
[2024-11-11T19:12:06.474+0000] {processor.py:186} INFO - Started process (PID=1866) to work on /home/airflow/.local/lib/python3.12/site-packages/airflow/example_dags/example_skip_dag.py
[2024-11-11T19:12:06.475+0000] {processor.py:914} INFO - Processing file /home/airflow/.local/lib/python3.12/site-packages/airflow/example_dags/example_skip_dag.py for tasks to queue
[2024-11-11T19:12:06.476+0000] {logging_mixin.py:190} INFO - [2024-11-11T19:12:06.476+0000] {dagbag.py:588} INFO - Filling up the DagBag from /home/airflow/.local/lib/python3.12/site-packages/airflow/example_dags/example_skip_dag.py
[2024-11-11T19:12:06.482+0000] {processor.py:925} INFO - DAG(s) 'example_skip_dag' retrieved from /home/airflow/.local/lib/python3.12/site-packages/airflow/example_dags/example_skip_dag.py
[2024-11-11T19:12:06.499+0000] {logging_mixin.py:190} INFO - [2024-11-11T19:12:06.499+0000] {dag.py:3239} INFO - Sync 1 DAGs
[2024-11-11T19:12:06.516+0000] {logging_mixin.py:190} INFO - [2024-11-11T19:12:06.516+0000] {dag.py:4180} INFO - Setting next_dagrun for example_skip_dag to 2024-11-10 00:00:00+00:00, run_after=2024-11-11 00:00:00+00:00
[2024-11-11T19:12:06.529+0000] {processor.py:208} INFO - Processing /home/airflow/.local/lib/python3.12/site-packages/airflow/example_dags/example_skip_dag.py took 0.059 seconds
[2024-11-11T19:12:37.272+0000] {processor.py:186} INFO - Started process (PID=1931) to work on /home/airflow/.local/lib/python3.12/site-packages/airflow/example_dags/example_skip_dag.py
[2024-11-11T19:12:37.274+0000] {processor.py:914} INFO - Processing file /home/airflow/.local/lib/python3.12/site-packages/airflow/example_dags/example_skip_dag.py for tasks to queue
[2024-11-11T19:12:37.277+0000] {logging_mixin.py:190} INFO - [2024-11-11T19:12:37.277+0000] {dagbag.py:588} INFO - Filling up the DagBag from /home/airflow/.local/lib/python3.12/site-packages/airflow/example_dags/example_skip_dag.py
[2024-11-11T19:12:37.283+0000] {processor.py:925} INFO - DAG(s) 'example_skip_dag' retrieved from /home/airflow/.local/lib/python3.12/site-packages/airflow/example_dags/example_skip_dag.py
[2024-11-11T19:12:37.300+0000] {logging_mixin.py:190} INFO - [2024-11-11T19:12:37.299+0000] {dag.py:3239} INFO - Sync 1 DAGs
[2024-11-11T19:12:37.317+0000] {logging_mixin.py:190} INFO - [2024-11-11T19:12:37.317+0000] {dag.py:4180} INFO - Setting next_dagrun for example_skip_dag to 2024-11-10 00:00:00+00:00, run_after=2024-11-11 00:00:00+00:00
[2024-11-11T19:12:37.330+0000] {processor.py:208} INFO - Processing /home/airflow/.local/lib/python3.12/site-packages/airflow/example_dags/example_skip_dag.py took 0.065 seconds
[2024-11-11T19:13:07.550+0000] {processor.py:186} INFO - Started process (PID=1996) to work on /home/airflow/.local/lib/python3.12/site-packages/airflow/example_dags/example_skip_dag.py
[2024-11-11T19:13:07.551+0000] {processor.py:914} INFO - Processing file /home/airflow/.local/lib/python3.12/site-packages/airflow/example_dags/example_skip_dag.py for tasks to queue
[2024-11-11T19:13:07.553+0000] {logging_mixin.py:190} INFO - [2024-11-11T19:13:07.553+0000] {dagbag.py:588} INFO - Filling up the DagBag from /home/airflow/.local/lib/python3.12/site-packages/airflow/example_dags/example_skip_dag.py
[2024-11-11T19:13:07.560+0000] {processor.py:925} INFO - DAG(s) 'example_skip_dag' retrieved from /home/airflow/.local/lib/python3.12/site-packages/airflow/example_dags/example_skip_dag.py
[2024-11-11T19:13:07.579+0000] {logging_mixin.py:190} INFO - [2024-11-11T19:13:07.579+0000] {dag.py:3239} INFO - Sync 1 DAGs
[2024-11-11T19:13:07.601+0000] {logging_mixin.py:190} INFO - [2024-11-11T19:13:07.601+0000] {dag.py:4180} INFO - Setting next_dagrun for example_skip_dag to 2024-11-10 00:00:00+00:00, run_after=2024-11-11 00:00:00+00:00
[2024-11-11T19:13:07.619+0000] {processor.py:208} INFO - Processing /home/airflow/.local/lib/python3.12/site-packages/airflow/example_dags/example_skip_dag.py took 0.075 seconds
[2024-11-11T19:13:39.121+0000] {processor.py:186} INFO - Started process (PID=2062) to work on /home/airflow/.local/lib/python3.12/site-packages/airflow/example_dags/example_skip_dag.py
[2024-11-11T19:13:39.122+0000] {processor.py:914} INFO - Processing file /home/airflow/.local/lib/python3.12/site-packages/airflow/example_dags/example_skip_dag.py for tasks to queue
[2024-11-11T19:13:39.124+0000] {logging_mixin.py:190} INFO - [2024-11-11T19:13:39.123+0000] {dagbag.py:588} INFO - Filling up the DagBag from /home/airflow/.local/lib/python3.12/site-packages/airflow/example_dags/example_skip_dag.py
[2024-11-11T19:13:39.131+0000] {processor.py:925} INFO - DAG(s) 'example_skip_dag' retrieved from /home/airflow/.local/lib/python3.12/site-packages/airflow/example_dags/example_skip_dag.py
[2024-11-11T19:13:39.158+0000] {logging_mixin.py:190} INFO - [2024-11-11T19:13:39.158+0000] {dag.py:3239} INFO - Sync 1 DAGs
[2024-11-11T19:13:39.183+0000] {logging_mixin.py:190} INFO - [2024-11-11T19:13:39.183+0000] {dag.py:4180} INFO - Setting next_dagrun for example_skip_dag to 2024-11-10 00:00:00+00:00, run_after=2024-11-11 00:00:00+00:00
[2024-11-11T19:13:39.198+0000] {processor.py:208} INFO - Processing /home/airflow/.local/lib/python3.12/site-packages/airflow/example_dags/example_skip_dag.py took 0.083 seconds
[2024-11-11T19:14:10.022+0000] {processor.py:186} INFO - Started process (PID=2129) to work on /home/airflow/.local/lib/python3.12/site-packages/airflow/example_dags/example_skip_dag.py
[2024-11-11T19:14:10.023+0000] {processor.py:914} INFO - Processing file /home/airflow/.local/lib/python3.12/site-packages/airflow/example_dags/example_skip_dag.py for tasks to queue
[2024-11-11T19:14:10.025+0000] {logging_mixin.py:190} INFO - [2024-11-11T19:14:10.025+0000] {dagbag.py:588} INFO - Filling up the DagBag from /home/airflow/.local/lib/python3.12/site-packages/airflow/example_dags/example_skip_dag.py
[2024-11-11T19:14:10.032+0000] {processor.py:925} INFO - DAG(s) 'example_skip_dag' retrieved from /home/airflow/.local/lib/python3.12/site-packages/airflow/example_dags/example_skip_dag.py
[2024-11-11T19:14:10.054+0000] {logging_mixin.py:190} INFO - [2024-11-11T19:14:10.054+0000] {dag.py:3239} INFO - Sync 1 DAGs
[2024-11-11T19:14:10.073+0000] {logging_mixin.py:190} INFO - [2024-11-11T19:14:10.073+0000] {dag.py:4180} INFO - Setting next_dagrun for example_skip_dag to 2024-11-10 00:00:00+00:00, run_after=2024-11-11 00:00:00+00:00
[2024-11-11T19:14:10.088+0000] {processor.py:208} INFO - Processing /home/airflow/.local/lib/python3.12/site-packages/airflow/example_dags/example_skip_dag.py took 0.071 seconds
[2024-11-11T19:14:41.538+0000] {processor.py:186} INFO - Started process (PID=2196) to work on /home/airflow/.local/lib/python3.12/site-packages/airflow/example_dags/example_skip_dag.py
[2024-11-11T19:14:41.539+0000] {processor.py:914} INFO - Processing file /home/airflow/.local/lib/python3.12/site-packages/airflow/example_dags/example_skip_dag.py for tasks to queue
[2024-11-11T19:14:41.541+0000] {logging_mixin.py:190} INFO - [2024-11-11T19:14:41.541+0000] {dagbag.py:588} INFO - Filling up the DagBag from /home/airflow/.local/lib/python3.12/site-packages/airflow/example_dags/example_skip_dag.py
[2024-11-11T19:14:41.547+0000] {processor.py:925} INFO - DAG(s) 'example_skip_dag' retrieved from /home/airflow/.local/lib/python3.12/site-packages/airflow/example_dags/example_skip_dag.py
[2024-11-11T19:14:41.564+0000] {logging_mixin.py:190} INFO - [2024-11-11T19:14:41.564+0000] {dag.py:3239} INFO - Sync 1 DAGs
[2024-11-11T19:14:41.586+0000] {logging_mixin.py:190} INFO - [2024-11-11T19:14:41.586+0000] {dag.py:4180} INFO - Setting next_dagrun for example_skip_dag to 2024-11-10 00:00:00+00:00, run_after=2024-11-11 00:00:00+00:00
[2024-11-11T19:14:41.599+0000] {processor.py:208} INFO - Processing /home/airflow/.local/lib/python3.12/site-packages/airflow/example_dags/example_skip_dag.py took 0.065 seconds
[2024-11-11T19:15:12.272+0000] {processor.py:186} INFO - Started process (PID=2261) to work on /home/airflow/.local/lib/python3.12/site-packages/airflow/example_dags/example_skip_dag.py
[2024-11-11T19:15:12.273+0000] {processor.py:914} INFO - Processing file /home/airflow/.local/lib/python3.12/site-packages/airflow/example_dags/example_skip_dag.py for tasks to queue
[2024-11-11T19:15:12.275+0000] {logging_mixin.py:190} INFO - [2024-11-11T19:15:12.275+0000] {dagbag.py:588} INFO - Filling up the DagBag from /home/airflow/.local/lib/python3.12/site-packages/airflow/example_dags/example_skip_dag.py
[2024-11-11T19:15:12.284+0000] {processor.py:925} INFO - DAG(s) 'example_skip_dag' retrieved from /home/airflow/.local/lib/python3.12/site-packages/airflow/example_dags/example_skip_dag.py
[2024-11-11T19:15:12.311+0000] {logging_mixin.py:190} INFO - [2024-11-11T19:15:12.311+0000] {dag.py:3239} INFO - Sync 1 DAGs
[2024-11-11T19:15:12.341+0000] {logging_mixin.py:190} INFO - [2024-11-11T19:15:12.340+0000] {dag.py:4180} INFO - Setting next_dagrun for example_skip_dag to 2024-11-10 00:00:00+00:00, run_after=2024-11-11 00:00:00+00:00
[2024-11-11T19:15:12.360+0000] {processor.py:208} INFO - Processing /home/airflow/.local/lib/python3.12/site-packages/airflow/example_dags/example_skip_dag.py took 0.095 seconds
[2024-11-11T19:15:44.409+0000] {processor.py:186} INFO - Started process (PID=2326) to work on /home/airflow/.local/lib/python3.12/site-packages/airflow/example_dags/example_skip_dag.py
[2024-11-11T19:15:44.411+0000] {processor.py:914} INFO - Processing file /home/airflow/.local/lib/python3.12/site-packages/airflow/example_dags/example_skip_dag.py for tasks to queue
[2024-11-11T19:15:44.414+0000] {logging_mixin.py:190} INFO - [2024-11-11T19:15:44.413+0000] {dagbag.py:588} INFO - Filling up the DagBag from /home/airflow/.local/lib/python3.12/site-packages/airflow/example_dags/example_skip_dag.py
[2024-11-11T19:15:44.442+0000] {processor.py:925} INFO - DAG(s) 'example_skip_dag' retrieved from /home/airflow/.local/lib/python3.12/site-packages/airflow/example_dags/example_skip_dag.py
[2024-11-11T19:15:44.487+0000] {logging_mixin.py:190} INFO - [2024-11-11T19:15:44.487+0000] {dag.py:3239} INFO - Sync 1 DAGs
[2024-11-11T19:15:44.515+0000] {logging_mixin.py:190} INFO - [2024-11-11T19:15:44.514+0000] {dag.py:4180} INFO - Setting next_dagrun for example_skip_dag to 2024-11-10 00:00:00+00:00, run_after=2024-11-11 00:00:00+00:00
[2024-11-11T19:15:44.542+0000] {processor.py:208} INFO - Processing /home/airflow/.local/lib/python3.12/site-packages/airflow/example_dags/example_skip_dag.py took 0.140 seconds
[2024-11-11T19:17:32.070+0000] {processor.py:186} INFO - Started process (PID=112) to work on /home/airflow/.local/lib/python3.12/site-packages/airflow/example_dags/example_skip_dag.py
[2024-11-11T19:17:32.078+0000] {processor.py:914} INFO - Processing file /home/airflow/.local/lib/python3.12/site-packages/airflow/example_dags/example_skip_dag.py for tasks to queue
[2024-11-11T19:17:32.083+0000] {logging_mixin.py:190} INFO - [2024-11-11T19:17:32.082+0000] {dagbag.py:588} INFO - Filling up the DagBag from /home/airflow/.local/lib/python3.12/site-packages/airflow/example_dags/example_skip_dag.py
[2024-11-11T19:17:32.121+0000] {processor.py:925} INFO - DAG(s) 'example_skip_dag' retrieved from /home/airflow/.local/lib/python3.12/site-packages/airflow/example_dags/example_skip_dag.py
[2024-11-11T19:17:32.188+0000] {logging_mixin.py:190} INFO - [2024-11-11T19:17:32.185+0000] {dag.py:3239} INFO - Sync 1 DAGs
[2024-11-11T19:17:32.233+0000] {logging_mixin.py:190} INFO - [2024-11-11T19:17:32.232+0000] {dag.py:4180} INFO - Setting next_dagrun for example_skip_dag to 2024-11-10 00:00:00+00:00, run_after=2024-11-11 00:00:00+00:00
[2024-11-11T19:17:32.276+0000] {processor.py:208} INFO - Processing /home/airflow/.local/lib/python3.12/site-packages/airflow/example_dags/example_skip_dag.py took 0.210 seconds
[2024-11-11T19:18:19.200+0000] {processor.py:186} INFO - Started process (PID=184) to work on /home/airflow/.local/lib/python3.12/site-packages/airflow/example_dags/example_skip_dag.py
[2024-11-11T19:18:19.201+0000] {processor.py:914} INFO - Processing file /home/airflow/.local/lib/python3.12/site-packages/airflow/example_dags/example_skip_dag.py for tasks to queue
[2024-11-11T19:18:19.204+0000] {logging_mixin.py:190} INFO - [2024-11-11T19:18:19.203+0000] {dagbag.py:588} INFO - Filling up the DagBag from /home/airflow/.local/lib/python3.12/site-packages/airflow/example_dags/example_skip_dag.py
[2024-11-11T19:18:19.210+0000] {processor.py:925} INFO - DAG(s) 'example_skip_dag' retrieved from /home/airflow/.local/lib/python3.12/site-packages/airflow/example_dags/example_skip_dag.py
[2024-11-11T19:18:19.227+0000] {logging_mixin.py:190} INFO - [2024-11-11T19:18:19.226+0000] {dag.py:3239} INFO - Sync 1 DAGs
[2024-11-11T19:18:19.250+0000] {logging_mixin.py:190} INFO - [2024-11-11T19:18:19.250+0000] {dag.py:4180} INFO - Setting next_dagrun for example_skip_dag to 2024-11-10 00:00:00+00:00, run_after=2024-11-11 00:00:00+00:00
[2024-11-11T19:18:19.265+0000] {processor.py:208} INFO - Processing /home/airflow/.local/lib/python3.12/site-packages/airflow/example_dags/example_skip_dag.py took 0.069 seconds
[2024-11-11T19:18:51.412+0000] {processor.py:186} INFO - Started process (PID=250) to work on /home/airflow/.local/lib/python3.12/site-packages/airflow/example_dags/example_skip_dag.py
[2024-11-11T19:18:51.413+0000] {processor.py:914} INFO - Processing file /home/airflow/.local/lib/python3.12/site-packages/airflow/example_dags/example_skip_dag.py for tasks to queue
[2024-11-11T19:18:51.415+0000] {logging_mixin.py:190} INFO - [2024-11-11T19:18:51.415+0000] {dagbag.py:588} INFO - Filling up the DagBag from /home/airflow/.local/lib/python3.12/site-packages/airflow/example_dags/example_skip_dag.py
[2024-11-11T19:18:51.421+0000] {processor.py:925} INFO - DAG(s) 'example_skip_dag' retrieved from /home/airflow/.local/lib/python3.12/site-packages/airflow/example_dags/example_skip_dag.py
[2024-11-11T19:18:51.437+0000] {logging_mixin.py:190} INFO - [2024-11-11T19:18:51.437+0000] {dag.py:3239} INFO - Sync 1 DAGs
[2024-11-11T19:18:51.454+0000] {logging_mixin.py:190} INFO - [2024-11-11T19:18:51.453+0000] {dag.py:4180} INFO - Setting next_dagrun for example_skip_dag to 2024-11-10 00:00:00+00:00, run_after=2024-11-11 00:00:00+00:00
[2024-11-11T19:18:51.470+0000] {processor.py:208} INFO - Processing /home/airflow/.local/lib/python3.12/site-packages/airflow/example_dags/example_skip_dag.py took 0.062 seconds
[2024-11-11T19:20:09.752+0000] {processor.py:186} INFO - Started process (PID=315) to work on /home/airflow/.local/lib/python3.12/site-packages/airflow/example_dags/example_skip_dag.py
[2024-11-11T19:20:09.762+0000] {processor.py:914} INFO - Processing file /home/airflow/.local/lib/python3.12/site-packages/airflow/example_dags/example_skip_dag.py for tasks to queue
[2024-11-11T19:20:09.768+0000] {logging_mixin.py:190} INFO - [2024-11-11T19:20:09.767+0000] {dagbag.py:588} INFO - Filling up the DagBag from /home/airflow/.local/lib/python3.12/site-packages/airflow/example_dags/example_skip_dag.py
[2024-11-11T19:20:09.863+0000] {processor.py:925} INFO - DAG(s) 'example_skip_dag' retrieved from /home/airflow/.local/lib/python3.12/site-packages/airflow/example_dags/example_skip_dag.py
[2024-11-11T19:20:42.501+0000] {processor.py:211} ERROR - Got an exception! Propagating...
Traceback (most recent call last):
  File "/home/airflow/.local/lib/python3.12/site-packages/sqlalchemy/engine/base.py", line 3371, in _wrap_pool_connect
    return fn()
           ^^^^
  File "/home/airflow/.local/lib/python3.12/site-packages/sqlalchemy/pool/base.py", line 327, in connect
    return _ConnectionFairy._checkout(self)
           ^^^^^^^^^^^^^^^^^^^^^^^^^^^^^^^^
  File "/home/airflow/.local/lib/python3.12/site-packages/sqlalchemy/pool/base.py", line 894, in _checkout
    fairy = _ConnectionRecord.checkout(pool)
            ^^^^^^^^^^^^^^^^^^^^^^^^^^^^^^^^
  File "/home/airflow/.local/lib/python3.12/site-packages/sqlalchemy/pool/base.py", line 493, in checkout
    rec = pool._do_get()
          ^^^^^^^^^^^^^^
  File "/home/airflow/.local/lib/python3.12/site-packages/sqlalchemy/pool/impl.py", line 145, in _do_get
    with util.safe_reraise():
         ^^^^^^^^^^^^^^^^^^^
  File "/home/airflow/.local/lib/python3.12/site-packages/sqlalchemy/util/langhelpers.py", line 70, in __exit__
    compat.raise_(
  File "/home/airflow/.local/lib/python3.12/site-packages/sqlalchemy/util/compat.py", line 211, in raise_
    raise exception
  File "/home/airflow/.local/lib/python3.12/site-packages/sqlalchemy/pool/impl.py", line 143, in _do_get
    return self._create_connection()
           ^^^^^^^^^^^^^^^^^^^^^^^^^
  File "/home/airflow/.local/lib/python3.12/site-packages/sqlalchemy/pool/base.py", line 273, in _create_connection
    return _ConnectionRecord(self)
           ^^^^^^^^^^^^^^^^^^^^^^^
  File "/home/airflow/.local/lib/python3.12/site-packages/sqlalchemy/pool/base.py", line 388, in __init__
    self.__connect()
  File "/home/airflow/.local/lib/python3.12/site-packages/sqlalchemy/pool/base.py", line 690, in __connect
    with util.safe_reraise():
         ^^^^^^^^^^^^^^^^^^^
  File "/home/airflow/.local/lib/python3.12/site-packages/sqlalchemy/util/langhelpers.py", line 70, in __exit__
    compat.raise_(
  File "/home/airflow/.local/lib/python3.12/site-packages/sqlalchemy/util/compat.py", line 211, in raise_
    raise exception
  File "/home/airflow/.local/lib/python3.12/site-packages/sqlalchemy/pool/base.py", line 686, in __connect
    self.dbapi_connection = connection = pool._invoke_creator(self)
                                         ^^^^^^^^^^^^^^^^^^^^^^^^^^
  File "/home/airflow/.local/lib/python3.12/site-packages/sqlalchemy/engine/create.py", line 574, in connect
    return dialect.connect(*cargs, **cparams)
           ^^^^^^^^^^^^^^^^^^^^^^^^^^^^^^^^^^
  File "/home/airflow/.local/lib/python3.12/site-packages/sqlalchemy/engine/default.py", line 598, in connect
    return self.dbapi.connect(*cargs, **cparams)
           ^^^^^^^^^^^^^^^^^^^^^^^^^^^^^^^^^^^^^
  File "/home/airflow/.local/lib/python3.12/site-packages/psycopg2/__init__.py", line 122, in connect
    conn = _connect(dsn, connection_factory=connection_factory, **kwasync)
           ^^^^^^^^^^^^^^^^^^^^^^^^^^^^^^^^^^^^^^^^^^^^^^^^^^^^^^^^^^^^^^^
psycopg2.OperationalError: could not translate host name "postgres" to address: Temporary failure in name resolution


The above exception was the direct cause of the following exception:

Traceback (most recent call last):
  File "/home/airflow/.local/lib/python3.12/site-packages/airflow/dag_processing/processor.py", line 207, in _run_file_processor
    _handle_dag_file_processing()
  File "/home/airflow/.local/lib/python3.12/site-packages/airflow/dag_processing/processor.py", line 188, in _handle_dag_file_processing
    result: tuple[int, int, int] = dag_file_processor.process_file(
                                   ^^^^^^^^^^^^^^^^^^^^^^^^^^^^^^^^
  File "/home/airflow/.local/lib/python3.12/site-packages/airflow/utils/session.py", line 97, in wrapper
    return func(*args, session=session, **kwargs)
           ^^^^^^^^^^^^^^^^^^^^^^^^^^^^^^^^^^^^^^
  File "/home/airflow/.local/lib/python3.12/site-packages/airflow/dag_processing/processor.py", line 942, in process_file
    serialize_errors = DagFileProcessor.save_dag_to_db(
                       ^^^^^^^^^^^^^^^^^^^^^^^^^^^^^^^^
  File "/home/airflow/.local/lib/python3.12/site-packages/airflow/api_internal/internal_api_call.py", line 139, in wrapper
    return func(*args, **kwargs)
           ^^^^^^^^^^^^^^^^^^^^^
  File "/home/airflow/.local/lib/python3.12/site-packages/airflow/utils/session.py", line 97, in wrapper
    return func(*args, session=session, **kwargs)
           ^^^^^^^^^^^^^^^^^^^^^^^^^^^^^^^^^^^^^^
  File "/home/airflow/.local/lib/python3.12/site-packages/airflow/dag_processing/processor.py", line 982, in save_dag_to_db
    import_errors = DagBag._sync_to_db(dags=dags, processor_subdir=dag_directory, session=session)
                    ^^^^^^^^^^^^^^^^^^^^^^^^^^^^^^^^^^^^^^^^^^^^^^^^^^^^^^^^^^^^^^^^^^^^^^^^^^^^^^
  File "/home/airflow/.local/lib/python3.12/site-packages/airflow/utils/session.py", line 94, in wrapper
    return func(*args, **kwargs)
           ^^^^^^^^^^^^^^^^^^^^^
  File "/home/airflow/.local/lib/python3.12/site-packages/airflow/models/dagbag.py", line 708, in _sync_to_db
    for attempt in run_with_db_retries(logger=log):
                   ^^^^^^^^^^^^^^^^^^^^^^^^^^^^^^^
  File "/home/airflow/.local/lib/python3.12/site-packages/tenacity/__init__.py", line 443, in __iter__
    do = self.iter(retry_state=retry_state)
         ^^^^^^^^^^^^^^^^^^^^^^^^^^^^^^^^^^
  File "/home/airflow/.local/lib/python3.12/site-packages/tenacity/__init__.py", line 376, in iter
    result = action(retry_state)
             ^^^^^^^^^^^^^^^^^^^
  File "/home/airflow/.local/lib/python3.12/site-packages/tenacity/__init__.py", line 418, in exc_check
    raise retry_exc.reraise()
          ^^^^^^^^^^^^^^^^^^^
  File "/home/airflow/.local/lib/python3.12/site-packages/tenacity/__init__.py", line 185, in reraise
    raise self.last_attempt.result()
          ^^^^^^^^^^^^^^^^^^^^^^^^^^
  File "/usr/local/lib/python3.12/concurrent/futures/_base.py", line 449, in result
    return self.__get_result()
           ^^^^^^^^^^^^^^^^^^^
  File "/usr/local/lib/python3.12/concurrent/futures/_base.py", line 401, in __get_result
    raise self._exception
  File "/home/airflow/.local/lib/python3.12/site-packages/airflow/models/dagbag.py", line 721, in _sync_to_db
    _serialize_dag_capturing_errors(dag, session, processor_subdir)
  File "/home/airflow/.local/lib/python3.12/site-packages/airflow/models/dagbag.py", line 686, in _serialize_dag_capturing_errors
    dag_was_updated = SerializedDagModel.write_dag(
                      ^^^^^^^^^^^^^^^^^^^^^^^^^^^^^
  File "/home/airflow/.local/lib/python3.12/site-packages/airflow/utils/session.py", line 94, in wrapper
    return func(*args, **kwargs)
           ^^^^^^^^^^^^^^^^^^^^^
  File "/home/airflow/.local/lib/python3.12/site-packages/airflow/models/serialized_dag.py", line 160, in write_dag
    if session.scalar(
       ^^^^^^^^^^^^^^^
  File "/home/airflow/.local/lib/python3.12/site-packages/sqlalchemy/orm/session.py", line 1747, in scalar
    return self.execute(
           ^^^^^^^^^^^^^
  File "/home/airflow/.local/lib/python3.12/site-packages/sqlalchemy/orm/session.py", line 1716, in execute
    conn = self._connection_for_bind(bind)
           ^^^^^^^^^^^^^^^^^^^^^^^^^^^^^^^
  File "/home/airflow/.local/lib/python3.12/site-packages/sqlalchemy/orm/session.py", line 1555, in _connection_for_bind
    return self._transaction._connection_for_bind(
           ^^^^^^^^^^^^^^^^^^^^^^^^^^^^^^^^^^^^^^^
  File "/home/airflow/.local/lib/python3.12/site-packages/sqlalchemy/orm/session.py", line 750, in _connection_for_bind
    conn = bind.connect()
           ^^^^^^^^^^^^^^
  File "/home/airflow/.local/lib/python3.12/site-packages/sqlalchemy/future/engine.py", line 412, in connect
    return super(Engine, self).connect()
           ^^^^^^^^^^^^^^^^^^^^^^^^^^^^^
  File "/home/airflow/.local/lib/python3.12/site-packages/sqlalchemy/engine/base.py", line 3325, in connect
    return self._connection_cls(self, close_with_result=close_with_result)
           ^^^^^^^^^^^^^^^^^^^^^^^^^^^^^^^^^^^^^^^^^^^^^^^^^^^^^^^^^^^^^^^
  File "/home/airflow/.local/lib/python3.12/site-packages/sqlalchemy/engine/base.py", line 96, in __init__
    else engine.raw_connection()
         ^^^^^^^^^^^^^^^^^^^^^^^
  File "/home/airflow/.local/lib/python3.12/site-packages/sqlalchemy/engine/base.py", line 3404, in raw_connection
    return self._wrap_pool_connect(self.pool.connect, _connection)
           ^^^^^^^^^^^^^^^^^^^^^^^^^^^^^^^^^^^^^^^^^^^^^^^^^^^^^^^
  File "/home/airflow/.local/lib/python3.12/site-packages/sqlalchemy/engine/base.py", line 3374, in _wrap_pool_connect
    Connection._handle_dbapi_exception_noconnection(
  File "/home/airflow/.local/lib/python3.12/site-packages/sqlalchemy/engine/base.py", line 2208, in _handle_dbapi_exception_noconnection
    util.raise_(
  File "/home/airflow/.local/lib/python3.12/site-packages/sqlalchemy/util/compat.py", line 211, in raise_
    raise exception
  File "/home/airflow/.local/lib/python3.12/site-packages/sqlalchemy/engine/base.py", line 3371, in _wrap_pool_connect
    return fn()
           ^^^^
  File "/home/airflow/.local/lib/python3.12/site-packages/sqlalchemy/pool/base.py", line 327, in connect
    return _ConnectionFairy._checkout(self)
           ^^^^^^^^^^^^^^^^^^^^^^^^^^^^^^^^
  File "/home/airflow/.local/lib/python3.12/site-packages/sqlalchemy/pool/base.py", line 894, in _checkout
    fairy = _ConnectionRecord.checkout(pool)
            ^^^^^^^^^^^^^^^^^^^^^^^^^^^^^^^^
  File "/home/airflow/.local/lib/python3.12/site-packages/sqlalchemy/pool/base.py", line 493, in checkout
    rec = pool._do_get()
          ^^^^^^^^^^^^^^
  File "/home/airflow/.local/lib/python3.12/site-packages/sqlalchemy/pool/impl.py", line 145, in _do_get
    with util.safe_reraise():
         ^^^^^^^^^^^^^^^^^^^
  File "/home/airflow/.local/lib/python3.12/site-packages/sqlalchemy/util/langhelpers.py", line 70, in __exit__
    compat.raise_(
  File "/home/airflow/.local/lib/python3.12/site-packages/sqlalchemy/util/compat.py", line 211, in raise_
    raise exception
  File "/home/airflow/.local/lib/python3.12/site-packages/sqlalchemy/pool/impl.py", line 143, in _do_get
    return self._create_connection()
           ^^^^^^^^^^^^^^^^^^^^^^^^^
  File "/home/airflow/.local/lib/python3.12/site-packages/sqlalchemy/pool/base.py", line 273, in _create_connection
    return _ConnectionRecord(self)
           ^^^^^^^^^^^^^^^^^^^^^^^
  File "/home/airflow/.local/lib/python3.12/site-packages/sqlalchemy/pool/base.py", line 388, in __init__
    self.__connect()
  File "/home/airflow/.local/lib/python3.12/site-packages/sqlalchemy/pool/base.py", line 690, in __connect
    with util.safe_reraise():
         ^^^^^^^^^^^^^^^^^^^
  File "/home/airflow/.local/lib/python3.12/site-packages/sqlalchemy/util/langhelpers.py", line 70, in __exit__
    compat.raise_(
  File "/home/airflow/.local/lib/python3.12/site-packages/sqlalchemy/util/compat.py", line 211, in raise_
    raise exception
  File "/home/airflow/.local/lib/python3.12/site-packages/sqlalchemy/pool/base.py", line 686, in __connect
    self.dbapi_connection = connection = pool._invoke_creator(self)
                                         ^^^^^^^^^^^^^^^^^^^^^^^^^^
  File "/home/airflow/.local/lib/python3.12/site-packages/sqlalchemy/engine/create.py", line 574, in connect
    return dialect.connect(*cargs, **cparams)
           ^^^^^^^^^^^^^^^^^^^^^^^^^^^^^^^^^^
  File "/home/airflow/.local/lib/python3.12/site-packages/sqlalchemy/engine/default.py", line 598, in connect
    return self.dbapi.connect(*cargs, **cparams)
           ^^^^^^^^^^^^^^^^^^^^^^^^^^^^^^^^^^^^^
  File "/home/airflow/.local/lib/python3.12/site-packages/psycopg2/__init__.py", line 122, in connect
    conn = _connect(dsn, connection_factory=connection_factory, **kwasync)
           ^^^^^^^^^^^^^^^^^^^^^^^^^^^^^^^^^^^^^^^^^^^^^^^^^^^^^^^^^^^^^^^
sqlalchemy.exc.OperationalError: (psycopg2.OperationalError) could not translate host name "postgres" to address: Temporary failure in name resolution

(Background on this error at: https://sqlalche.me/e/14/e3q8)
[2024-11-11T19:28:35.792+0000] {processor.py:186} INFO - Started process (PID=105) to work on /home/airflow/.local/lib/python3.12/site-packages/airflow/example_dags/example_skip_dag.py
[2024-11-11T19:28:35.794+0000] {processor.py:914} INFO - Processing file /home/airflow/.local/lib/python3.12/site-packages/airflow/example_dags/example_skip_dag.py for tasks to queue
[2024-11-11T19:28:35.796+0000] {logging_mixin.py:190} INFO - [2024-11-11T19:28:35.795+0000] {dagbag.py:588} INFO - Filling up the DagBag from /home/airflow/.local/lib/python3.12/site-packages/airflow/example_dags/example_skip_dag.py
[2024-11-11T19:28:35.805+0000] {processor.py:925} INFO - DAG(s) 'example_skip_dag' retrieved from /home/airflow/.local/lib/python3.12/site-packages/airflow/example_dags/example_skip_dag.py
[2024-11-11T19:28:35.917+0000] {logging_mixin.py:190} INFO - [2024-11-11T19:28:35.917+0000] {dag.py:3239} INFO - Sync 1 DAGs
[2024-11-11T19:28:35.937+0000] {logging_mixin.py:190} INFO - [2024-11-11T19:28:35.937+0000] {dag.py:4180} INFO - Setting next_dagrun for example_skip_dag to 2024-11-10 00:00:00+00:00, run_after=2024-11-11 00:00:00+00:00
[2024-11-11T19:28:35.956+0000] {processor.py:208} INFO - Processing /home/airflow/.local/lib/python3.12/site-packages/airflow/example_dags/example_skip_dag.py took 0.169 seconds
[2024-11-11T19:29:06.581+0000] {processor.py:186} INFO - Started process (PID=170) to work on /home/airflow/.local/lib/python3.12/site-packages/airflow/example_dags/example_skip_dag.py
[2024-11-11T19:29:06.582+0000] {processor.py:914} INFO - Processing file /home/airflow/.local/lib/python3.12/site-packages/airflow/example_dags/example_skip_dag.py for tasks to queue
[2024-11-11T19:29:06.584+0000] {logging_mixin.py:190} INFO - [2024-11-11T19:29:06.583+0000] {dagbag.py:588} INFO - Filling up the DagBag from /home/airflow/.local/lib/python3.12/site-packages/airflow/example_dags/example_skip_dag.py
[2024-11-11T19:29:06.590+0000] {processor.py:925} INFO - DAG(s) 'example_skip_dag' retrieved from /home/airflow/.local/lib/python3.12/site-packages/airflow/example_dags/example_skip_dag.py
[2024-11-11T19:29:06.608+0000] {logging_mixin.py:190} INFO - [2024-11-11T19:29:06.608+0000] {dag.py:3239} INFO - Sync 1 DAGs
[2024-11-11T19:29:06.627+0000] {logging_mixin.py:190} INFO - [2024-11-11T19:29:06.627+0000] {dag.py:4180} INFO - Setting next_dagrun for example_skip_dag to 2024-11-10 00:00:00+00:00, run_after=2024-11-11 00:00:00+00:00
[2024-11-11T19:29:06.642+0000] {processor.py:208} INFO - Processing /home/airflow/.local/lib/python3.12/site-packages/airflow/example_dags/example_skip_dag.py took 0.066 seconds
[2024-11-11T19:29:37.502+0000] {processor.py:186} INFO - Started process (PID=236) to work on /home/airflow/.local/lib/python3.12/site-packages/airflow/example_dags/example_skip_dag.py
[2024-11-11T19:29:37.503+0000] {processor.py:914} INFO - Processing file /home/airflow/.local/lib/python3.12/site-packages/airflow/example_dags/example_skip_dag.py for tasks to queue
[2024-11-11T19:29:37.505+0000] {logging_mixin.py:190} INFO - [2024-11-11T19:29:37.504+0000] {dagbag.py:588} INFO - Filling up the DagBag from /home/airflow/.local/lib/python3.12/site-packages/airflow/example_dags/example_skip_dag.py
[2024-11-11T19:29:37.511+0000] {processor.py:925} INFO - DAG(s) 'example_skip_dag' retrieved from /home/airflow/.local/lib/python3.12/site-packages/airflow/example_dags/example_skip_dag.py
[2024-11-11T19:29:37.529+0000] {logging_mixin.py:190} INFO - [2024-11-11T19:29:37.529+0000] {dag.py:3239} INFO - Sync 1 DAGs
[2024-11-11T19:29:37.547+0000] {logging_mixin.py:190} INFO - [2024-11-11T19:29:37.547+0000] {dag.py:4180} INFO - Setting next_dagrun for example_skip_dag to 2024-11-10 00:00:00+00:00, run_after=2024-11-11 00:00:00+00:00
[2024-11-11T19:29:37.561+0000] {processor.py:208} INFO - Processing /home/airflow/.local/lib/python3.12/site-packages/airflow/example_dags/example_skip_dag.py took 0.064 seconds
[2024-11-11T19:30:08.184+0000] {processor.py:186} INFO - Started process (PID=302) to work on /home/airflow/.local/lib/python3.12/site-packages/airflow/example_dags/example_skip_dag.py
[2024-11-11T19:30:08.184+0000] {processor.py:914} INFO - Processing file /home/airflow/.local/lib/python3.12/site-packages/airflow/example_dags/example_skip_dag.py for tasks to queue
[2024-11-11T19:30:08.186+0000] {logging_mixin.py:190} INFO - [2024-11-11T19:30:08.186+0000] {dagbag.py:588} INFO - Filling up the DagBag from /home/airflow/.local/lib/python3.12/site-packages/airflow/example_dags/example_skip_dag.py
[2024-11-11T19:30:08.193+0000] {processor.py:925} INFO - DAG(s) 'example_skip_dag' retrieved from /home/airflow/.local/lib/python3.12/site-packages/airflow/example_dags/example_skip_dag.py
[2024-11-11T19:30:08.211+0000] {logging_mixin.py:190} INFO - [2024-11-11T19:30:08.211+0000] {dag.py:3239} INFO - Sync 1 DAGs
[2024-11-11T19:30:08.229+0000] {logging_mixin.py:190} INFO - [2024-11-11T19:30:08.228+0000] {dag.py:4180} INFO - Setting next_dagrun for example_skip_dag to 2024-11-10 00:00:00+00:00, run_after=2024-11-11 00:00:00+00:00
[2024-11-11T19:30:08.244+0000] {processor.py:208} INFO - Processing /home/airflow/.local/lib/python3.12/site-packages/airflow/example_dags/example_skip_dag.py took 0.065 seconds
[2024-11-11T19:30:38.973+0000] {processor.py:186} INFO - Started process (PID=368) to work on /home/airflow/.local/lib/python3.12/site-packages/airflow/example_dags/example_skip_dag.py
[2024-11-11T19:30:38.974+0000] {processor.py:914} INFO - Processing file /home/airflow/.local/lib/python3.12/site-packages/airflow/example_dags/example_skip_dag.py for tasks to queue
[2024-11-11T19:30:38.976+0000] {logging_mixin.py:190} INFO - [2024-11-11T19:30:38.975+0000] {dagbag.py:588} INFO - Filling up the DagBag from /home/airflow/.local/lib/python3.12/site-packages/airflow/example_dags/example_skip_dag.py
[2024-11-11T19:30:38.982+0000] {processor.py:925} INFO - DAG(s) 'example_skip_dag' retrieved from /home/airflow/.local/lib/python3.12/site-packages/airflow/example_dags/example_skip_dag.py
[2024-11-11T19:30:39.002+0000] {logging_mixin.py:190} INFO - [2024-11-11T19:30:39.001+0000] {dag.py:3239} INFO - Sync 1 DAGs
[2024-11-11T19:30:39.021+0000] {logging_mixin.py:190} INFO - [2024-11-11T19:30:39.021+0000] {dag.py:4180} INFO - Setting next_dagrun for example_skip_dag to 2024-11-10 00:00:00+00:00, run_after=2024-11-11 00:00:00+00:00
[2024-11-11T19:30:39.041+0000] {processor.py:208} INFO - Processing /home/airflow/.local/lib/python3.12/site-packages/airflow/example_dags/example_skip_dag.py took 0.072 seconds
[2024-11-11T19:31:09.307+0000] {processor.py:186} INFO - Started process (PID=435) to work on /home/airflow/.local/lib/python3.12/site-packages/airflow/example_dags/example_skip_dag.py
[2024-11-11T19:31:09.308+0000] {processor.py:914} INFO - Processing file /home/airflow/.local/lib/python3.12/site-packages/airflow/example_dags/example_skip_dag.py for tasks to queue
[2024-11-11T19:31:09.310+0000] {logging_mixin.py:190} INFO - [2024-11-11T19:31:09.310+0000] {dagbag.py:588} INFO - Filling up the DagBag from /home/airflow/.local/lib/python3.12/site-packages/airflow/example_dags/example_skip_dag.py
[2024-11-11T19:31:09.316+0000] {processor.py:925} INFO - DAG(s) 'example_skip_dag' retrieved from /home/airflow/.local/lib/python3.12/site-packages/airflow/example_dags/example_skip_dag.py
[2024-11-11T19:31:09.335+0000] {logging_mixin.py:190} INFO - [2024-11-11T19:31:09.334+0000] {dag.py:3239} INFO - Sync 1 DAGs
[2024-11-11T19:31:09.356+0000] {logging_mixin.py:190} INFO - [2024-11-11T19:31:09.356+0000] {dag.py:4180} INFO - Setting next_dagrun for example_skip_dag to 2024-11-10 00:00:00+00:00, run_after=2024-11-11 00:00:00+00:00
[2024-11-11T19:31:09.372+0000] {processor.py:208} INFO - Processing /home/airflow/.local/lib/python3.12/site-packages/airflow/example_dags/example_skip_dag.py took 0.069 seconds
[2024-11-11T19:31:39.988+0000] {processor.py:186} INFO - Started process (PID=501) to work on /home/airflow/.local/lib/python3.12/site-packages/airflow/example_dags/example_skip_dag.py
[2024-11-11T19:31:39.989+0000] {processor.py:914} INFO - Processing file /home/airflow/.local/lib/python3.12/site-packages/airflow/example_dags/example_skip_dag.py for tasks to queue
[2024-11-11T19:31:39.990+0000] {logging_mixin.py:190} INFO - [2024-11-11T19:31:39.990+0000] {dagbag.py:588} INFO - Filling up the DagBag from /home/airflow/.local/lib/python3.12/site-packages/airflow/example_dags/example_skip_dag.py
[2024-11-11T19:31:39.997+0000] {processor.py:925} INFO - DAG(s) 'example_skip_dag' retrieved from /home/airflow/.local/lib/python3.12/site-packages/airflow/example_dags/example_skip_dag.py
[2024-11-11T19:31:40.016+0000] {logging_mixin.py:190} INFO - [2024-11-11T19:31:40.016+0000] {dag.py:3239} INFO - Sync 1 DAGs
[2024-11-11T19:31:40.035+0000] {logging_mixin.py:190} INFO - [2024-11-11T19:31:40.035+0000] {dag.py:4180} INFO - Setting next_dagrun for example_skip_dag to 2024-11-10 00:00:00+00:00, run_after=2024-11-11 00:00:00+00:00
[2024-11-11T19:31:40.050+0000] {processor.py:208} INFO - Processing /home/airflow/.local/lib/python3.12/site-packages/airflow/example_dags/example_skip_dag.py took 0.067 seconds
[2024-11-11T19:33:18.550+0000] {processor.py:186} INFO - Started process (PID=102) to work on /home/airflow/.local/lib/python3.12/site-packages/airflow/example_dags/example_skip_dag.py
[2024-11-11T19:33:18.556+0000] {processor.py:914} INFO - Processing file /home/airflow/.local/lib/python3.12/site-packages/airflow/example_dags/example_skip_dag.py for tasks to queue
[2024-11-11T19:33:18.559+0000] {logging_mixin.py:190} INFO - [2024-11-11T19:33:18.559+0000] {dagbag.py:588} INFO - Filling up the DagBag from /home/airflow/.local/lib/python3.12/site-packages/airflow/example_dags/example_skip_dag.py
[2024-11-11T19:33:18.572+0000] {processor.py:925} INFO - DAG(s) 'example_skip_dag' retrieved from /home/airflow/.local/lib/python3.12/site-packages/airflow/example_dags/example_skip_dag.py
[2024-11-11T19:33:18.607+0000] {logging_mixin.py:190} INFO - [2024-11-11T19:33:18.607+0000] {dag.py:3239} INFO - Sync 1 DAGs
[2024-11-11T19:33:18.675+0000] {logging_mixin.py:190} INFO - [2024-11-11T19:33:18.674+0000] {dag.py:4180} INFO - Setting next_dagrun for example_skip_dag to 2024-11-10 00:00:00+00:00, run_after=2024-11-11 00:00:00+00:00
[2024-11-11T19:33:18.732+0000] {processor.py:208} INFO - Processing /home/airflow/.local/lib/python3.12/site-packages/airflow/example_dags/example_skip_dag.py took 0.188 seconds
[2024-11-11T19:34:21.907+0000] {processor.py:186} INFO - Started process (PID=108) to work on /home/airflow/.local/lib/python3.12/site-packages/airflow/example_dags/example_skip_dag.py
[2024-11-11T19:34:21.908+0000] {processor.py:914} INFO - Processing file /home/airflow/.local/lib/python3.12/site-packages/airflow/example_dags/example_skip_dag.py for tasks to queue
[2024-11-11T19:34:21.910+0000] {logging_mixin.py:190} INFO - [2024-11-11T19:34:21.910+0000] {dagbag.py:588} INFO - Filling up the DagBag from /home/airflow/.local/lib/python3.12/site-packages/airflow/example_dags/example_skip_dag.py
[2024-11-11T19:34:21.917+0000] {processor.py:925} INFO - DAG(s) 'example_skip_dag' retrieved from /home/airflow/.local/lib/python3.12/site-packages/airflow/example_dags/example_skip_dag.py
[2024-11-11T19:34:21.941+0000] {logging_mixin.py:190} INFO - [2024-11-11T19:34:21.940+0000] {dag.py:3239} INFO - Sync 1 DAGs
[2024-11-11T19:34:21.966+0000] {logging_mixin.py:190} INFO - [2024-11-11T19:34:21.966+0000] {dag.py:4180} INFO - Setting next_dagrun for example_skip_dag to 2024-11-10 00:00:00+00:00, run_after=2024-11-11 00:00:00+00:00
[2024-11-11T19:34:22.000+0000] {processor.py:208} INFO - Processing /home/airflow/.local/lib/python3.12/site-packages/airflow/example_dags/example_skip_dag.py took 0.097 seconds
[2024-11-11T19:34:52.601+0000] {processor.py:186} INFO - Started process (PID=174) to work on /home/airflow/.local/lib/python3.12/site-packages/airflow/example_dags/example_skip_dag.py
[2024-11-11T19:34:52.602+0000] {processor.py:914} INFO - Processing file /home/airflow/.local/lib/python3.12/site-packages/airflow/example_dags/example_skip_dag.py for tasks to queue
[2024-11-11T19:34:52.604+0000] {logging_mixin.py:190} INFO - [2024-11-11T19:34:52.604+0000] {dagbag.py:588} INFO - Filling up the DagBag from /home/airflow/.local/lib/python3.12/site-packages/airflow/example_dags/example_skip_dag.py
[2024-11-11T19:34:52.610+0000] {processor.py:925} INFO - DAG(s) 'example_skip_dag' retrieved from /home/airflow/.local/lib/python3.12/site-packages/airflow/example_dags/example_skip_dag.py
[2024-11-11T19:34:52.629+0000] {logging_mixin.py:190} INFO - [2024-11-11T19:34:52.628+0000] {dag.py:3239} INFO - Sync 1 DAGs
[2024-11-11T19:34:52.647+0000] {logging_mixin.py:190} INFO - [2024-11-11T19:34:52.647+0000] {dag.py:4180} INFO - Setting next_dagrun for example_skip_dag to 2024-11-10 00:00:00+00:00, run_after=2024-11-11 00:00:00+00:00
[2024-11-11T19:34:52.662+0000] {processor.py:208} INFO - Processing /home/airflow/.local/lib/python3.12/site-packages/airflow/example_dags/example_skip_dag.py took 0.066 seconds
[2024-11-11T19:35:23.080+0000] {processor.py:186} INFO - Started process (PID=240) to work on /home/airflow/.local/lib/python3.12/site-packages/airflow/example_dags/example_skip_dag.py
[2024-11-11T19:35:23.081+0000] {processor.py:914} INFO - Processing file /home/airflow/.local/lib/python3.12/site-packages/airflow/example_dags/example_skip_dag.py for tasks to queue
[2024-11-11T19:35:23.083+0000] {logging_mixin.py:190} INFO - [2024-11-11T19:35:23.083+0000] {dagbag.py:588} INFO - Filling up the DagBag from /home/airflow/.local/lib/python3.12/site-packages/airflow/example_dags/example_skip_dag.py
[2024-11-11T19:35:23.089+0000] {processor.py:925} INFO - DAG(s) 'example_skip_dag' retrieved from /home/airflow/.local/lib/python3.12/site-packages/airflow/example_dags/example_skip_dag.py
[2024-11-11T19:35:23.107+0000] {logging_mixin.py:190} INFO - [2024-11-11T19:35:23.107+0000] {dag.py:3239} INFO - Sync 1 DAGs
[2024-11-11T19:35:23.124+0000] {logging_mixin.py:190} INFO - [2024-11-11T19:35:23.124+0000] {dag.py:4180} INFO - Setting next_dagrun for example_skip_dag to 2024-11-10 00:00:00+00:00, run_after=2024-11-11 00:00:00+00:00
[2024-11-11T19:35:23.137+0000] {processor.py:208} INFO - Processing /home/airflow/.local/lib/python3.12/site-packages/airflow/example_dags/example_skip_dag.py took 0.062 seconds
[2024-11-11T19:35:53.675+0000] {processor.py:186} INFO - Started process (PID=305) to work on /home/airflow/.local/lib/python3.12/site-packages/airflow/example_dags/example_skip_dag.py
[2024-11-11T19:35:53.676+0000] {processor.py:914} INFO - Processing file /home/airflow/.local/lib/python3.12/site-packages/airflow/example_dags/example_skip_dag.py for tasks to queue
[2024-11-11T19:35:53.678+0000] {logging_mixin.py:190} INFO - [2024-11-11T19:35:53.678+0000] {dagbag.py:588} INFO - Filling up the DagBag from /home/airflow/.local/lib/python3.12/site-packages/airflow/example_dags/example_skip_dag.py
[2024-11-11T19:35:53.684+0000] {processor.py:925} INFO - DAG(s) 'example_skip_dag' retrieved from /home/airflow/.local/lib/python3.12/site-packages/airflow/example_dags/example_skip_dag.py
[2024-11-11T19:35:53.702+0000] {logging_mixin.py:190} INFO - [2024-11-11T19:35:53.702+0000] {dag.py:3239} INFO - Sync 1 DAGs
[2024-11-11T19:35:53.720+0000] {logging_mixin.py:190} INFO - [2024-11-11T19:35:53.720+0000] {dag.py:4180} INFO - Setting next_dagrun for example_skip_dag to 2024-11-10 00:00:00+00:00, run_after=2024-11-11 00:00:00+00:00
[2024-11-11T19:35:53.738+0000] {processor.py:208} INFO - Processing /home/airflow/.local/lib/python3.12/site-packages/airflow/example_dags/example_skip_dag.py took 0.067 seconds
