[2024-11-11T18:58:16.507+0000] {processor.py:186} INFO - Started process (PID=85) to work on /home/airflow/.local/lib/python3.12/site-packages/airflow/example_dags/example_branch_python_dop_operator_3.py
[2024-11-11T18:58:16.509+0000] {processor.py:914} INFO - Processing file /home/airflow/.local/lib/python3.12/site-packages/airflow/example_dags/example_branch_python_dop_operator_3.py for tasks to queue
[2024-11-11T18:58:16.515+0000] {logging_mixin.py:190} INFO - [2024-11-11T18:58:16.512+0000] {dagbag.py:588} INFO - Filling up the DagBag from /home/airflow/.local/lib/python3.12/site-packages/airflow/example_dags/example_branch_python_dop_operator_3.py
[2024-11-11T18:58:16.529+0000] {processor.py:925} INFO - DAG(s) 'example_branch_dop_operator_v3' retrieved from /home/airflow/.local/lib/python3.12/site-packages/airflow/example_dags/example_branch_python_dop_operator_3.py
[2024-11-11T18:58:16.553+0000] {logging_mixin.py:190} INFO - [2024-11-11T18:58:16.552+0000] {dag.py:3239} INFO - Sync 1 DAGs
[2024-11-11T18:58:16.615+0000] {logging_mixin.py:190} INFO - [2024-11-11T18:58:16.615+0000] {dag.py:4180} INFO - Setting next_dagrun for example_branch_dop_operator_v3 to 2024-11-11 18:57:00+00:00, run_after=2024-11-11 18:58:00+00:00
[2024-11-11T18:58:16.672+0000] {processor.py:208} INFO - Processing /home/airflow/.local/lib/python3.12/site-packages/airflow/example_dags/example_branch_python_dop_operator_3.py took 0.169 seconds
[2024-11-11T18:58:47.008+0000] {processor.py:186} INFO - Started process (PID=150) to work on /home/airflow/.local/lib/python3.12/site-packages/airflow/example_dags/example_branch_python_dop_operator_3.py
[2024-11-11T18:58:47.017+0000] {processor.py:914} INFO - Processing file /home/airflow/.local/lib/python3.12/site-packages/airflow/example_dags/example_branch_python_dop_operator_3.py for tasks to queue
[2024-11-11T18:58:47.023+0000] {logging_mixin.py:190} INFO - [2024-11-11T18:58:47.023+0000] {dagbag.py:588} INFO - Filling up the DagBag from /home/airflow/.local/lib/python3.12/site-packages/airflow/example_dags/example_branch_python_dop_operator_3.py
[2024-11-11T18:58:47.036+0000] {processor.py:925} INFO - DAG(s) 'example_branch_dop_operator_v3' retrieved from /home/airflow/.local/lib/python3.12/site-packages/airflow/example_dags/example_branch_python_dop_operator_3.py
[2024-11-11T18:58:47.057+0000] {logging_mixin.py:190} INFO - [2024-11-11T18:58:47.057+0000] {dag.py:3239} INFO - Sync 1 DAGs
[2024-11-11T18:58:47.106+0000] {logging_mixin.py:190} INFO - [2024-11-11T18:58:47.106+0000] {dag.py:4180} INFO - Setting next_dagrun for example_branch_dop_operator_v3 to 2024-11-11 18:57:00+00:00, run_after=2024-11-11 18:58:00+00:00
[2024-11-11T18:58:47.127+0000] {processor.py:208} INFO - Processing /home/airflow/.local/lib/python3.12/site-packages/airflow/example_dags/example_branch_python_dop_operator_3.py took 0.125 seconds
[2024-11-11T18:59:17.372+0000] {processor.py:186} INFO - Started process (PID=215) to work on /home/airflow/.local/lib/python3.12/site-packages/airflow/example_dags/example_branch_python_dop_operator_3.py
[2024-11-11T18:59:17.373+0000] {processor.py:914} INFO - Processing file /home/airflow/.local/lib/python3.12/site-packages/airflow/example_dags/example_branch_python_dop_operator_3.py for tasks to queue
[2024-11-11T18:59:17.395+0000] {logging_mixin.py:190} INFO - [2024-11-11T18:59:17.394+0000] {dagbag.py:588} INFO - Filling up the DagBag from /home/airflow/.local/lib/python3.12/site-packages/airflow/example_dags/example_branch_python_dop_operator_3.py
[2024-11-11T18:59:17.428+0000] {processor.py:925} INFO - DAG(s) 'example_branch_dop_operator_v3' retrieved from /home/airflow/.local/lib/python3.12/site-packages/airflow/example_dags/example_branch_python_dop_operator_3.py
[2024-11-11T18:59:17.446+0000] {logging_mixin.py:190} INFO - [2024-11-11T18:59:17.446+0000] {dag.py:3239} INFO - Sync 1 DAGs
[2024-11-11T18:59:17.469+0000] {logging_mixin.py:190} INFO - [2024-11-11T18:59:17.469+0000] {dag.py:4180} INFO - Setting next_dagrun for example_branch_dop_operator_v3 to 2024-11-11 18:58:00+00:00, run_after=2024-11-11 18:59:00+00:00
[2024-11-11T18:59:17.484+0000] {processor.py:208} INFO - Processing /home/airflow/.local/lib/python3.12/site-packages/airflow/example_dags/example_branch_python_dop_operator_3.py took 0.117 seconds
[2024-11-11T18:59:47.645+0000] {processor.py:186} INFO - Started process (PID=280) to work on /home/airflow/.local/lib/python3.12/site-packages/airflow/example_dags/example_branch_python_dop_operator_3.py
[2024-11-11T18:59:47.646+0000] {processor.py:914} INFO - Processing file /home/airflow/.local/lib/python3.12/site-packages/airflow/example_dags/example_branch_python_dop_operator_3.py for tasks to queue
[2024-11-11T18:59:47.648+0000] {logging_mixin.py:190} INFO - [2024-11-11T18:59:47.647+0000] {dagbag.py:588} INFO - Filling up the DagBag from /home/airflow/.local/lib/python3.12/site-packages/airflow/example_dags/example_branch_python_dop_operator_3.py
[2024-11-11T18:59:47.656+0000] {processor.py:925} INFO - DAG(s) 'example_branch_dop_operator_v3' retrieved from /home/airflow/.local/lib/python3.12/site-packages/airflow/example_dags/example_branch_python_dop_operator_3.py
[2024-11-11T18:59:47.671+0000] {logging_mixin.py:190} INFO - [2024-11-11T18:59:47.671+0000] {dag.py:3239} INFO - Sync 1 DAGs
[2024-11-11T18:59:47.692+0000] {logging_mixin.py:190} INFO - [2024-11-11T18:59:47.692+0000] {dag.py:4180} INFO - Setting next_dagrun for example_branch_dop_operator_v3 to 2024-11-11 18:58:00+00:00, run_after=2024-11-11 18:59:00+00:00
[2024-11-11T18:59:47.709+0000] {processor.py:208} INFO - Processing /home/airflow/.local/lib/python3.12/site-packages/airflow/example_dags/example_branch_python_dop_operator_3.py took 0.069 seconds
[2024-11-11T19:00:18.468+0000] {processor.py:186} INFO - Started process (PID=345) to work on /home/airflow/.local/lib/python3.12/site-packages/airflow/example_dags/example_branch_python_dop_operator_3.py
[2024-11-11T19:00:18.469+0000] {processor.py:914} INFO - Processing file /home/airflow/.local/lib/python3.12/site-packages/airflow/example_dags/example_branch_python_dop_operator_3.py for tasks to queue
[2024-11-11T19:00:18.471+0000] {logging_mixin.py:190} INFO - [2024-11-11T19:00:18.471+0000] {dagbag.py:588} INFO - Filling up the DagBag from /home/airflow/.local/lib/python3.12/site-packages/airflow/example_dags/example_branch_python_dop_operator_3.py
[2024-11-11T19:00:18.479+0000] {processor.py:925} INFO - DAG(s) 'example_branch_dop_operator_v3' retrieved from /home/airflow/.local/lib/python3.12/site-packages/airflow/example_dags/example_branch_python_dop_operator_3.py
[2024-11-11T19:00:18.495+0000] {logging_mixin.py:190} INFO - [2024-11-11T19:00:18.495+0000] {dag.py:3239} INFO - Sync 1 DAGs
[2024-11-11T19:00:18.517+0000] {logging_mixin.py:190} INFO - [2024-11-11T19:00:18.517+0000] {dag.py:4180} INFO - Setting next_dagrun for example_branch_dop_operator_v3 to 2024-11-11 18:59:00+00:00, run_after=2024-11-11 19:00:00+00:00
[2024-11-11T19:00:18.542+0000] {processor.py:208} INFO - Processing /home/airflow/.local/lib/python3.12/site-packages/airflow/example_dags/example_branch_python_dop_operator_3.py took 0.079 seconds
[2024-11-11T19:00:49.283+0000] {processor.py:186} INFO - Started process (PID=410) to work on /home/airflow/.local/lib/python3.12/site-packages/airflow/example_dags/example_branch_python_dop_operator_3.py
[2024-11-11T19:00:49.284+0000] {processor.py:914} INFO - Processing file /home/airflow/.local/lib/python3.12/site-packages/airflow/example_dags/example_branch_python_dop_operator_3.py for tasks to queue
[2024-11-11T19:00:49.286+0000] {logging_mixin.py:190} INFO - [2024-11-11T19:00:49.286+0000] {dagbag.py:588} INFO - Filling up the DagBag from /home/airflow/.local/lib/python3.12/site-packages/airflow/example_dags/example_branch_python_dop_operator_3.py
[2024-11-11T19:00:49.294+0000] {processor.py:925} INFO - DAG(s) 'example_branch_dop_operator_v3' retrieved from /home/airflow/.local/lib/python3.12/site-packages/airflow/example_dags/example_branch_python_dop_operator_3.py
[2024-11-11T19:00:49.312+0000] {logging_mixin.py:190} INFO - [2024-11-11T19:00:49.312+0000] {dag.py:3239} INFO - Sync 1 DAGs
[2024-11-11T19:00:49.333+0000] {logging_mixin.py:190} INFO - [2024-11-11T19:00:49.333+0000] {dag.py:4180} INFO - Setting next_dagrun for example_branch_dop_operator_v3 to 2024-11-11 18:59:00+00:00, run_after=2024-11-11 19:00:00+00:00
[2024-11-11T19:00:49.348+0000] {processor.py:208} INFO - Processing /home/airflow/.local/lib/python3.12/site-packages/airflow/example_dags/example_branch_python_dop_operator_3.py took 0.069 seconds
[2024-11-11T19:01:19.718+0000] {processor.py:186} INFO - Started process (PID=475) to work on /home/airflow/.local/lib/python3.12/site-packages/airflow/example_dags/example_branch_python_dop_operator_3.py
[2024-11-11T19:01:19.719+0000] {processor.py:914} INFO - Processing file /home/airflow/.local/lib/python3.12/site-packages/airflow/example_dags/example_branch_python_dop_operator_3.py for tasks to queue
[2024-11-11T19:01:19.721+0000] {logging_mixin.py:190} INFO - [2024-11-11T19:01:19.720+0000] {dagbag.py:588} INFO - Filling up the DagBag from /home/airflow/.local/lib/python3.12/site-packages/airflow/example_dags/example_branch_python_dop_operator_3.py
[2024-11-11T19:01:19.729+0000] {processor.py:925} INFO - DAG(s) 'example_branch_dop_operator_v3' retrieved from /home/airflow/.local/lib/python3.12/site-packages/airflow/example_dags/example_branch_python_dop_operator_3.py
[2024-11-11T19:01:19.747+0000] {logging_mixin.py:190} INFO - [2024-11-11T19:01:19.747+0000] {dag.py:3239} INFO - Sync 1 DAGs
[2024-11-11T19:01:19.768+0000] {logging_mixin.py:190} INFO - [2024-11-11T19:01:19.768+0000] {dag.py:4180} INFO - Setting next_dagrun for example_branch_dop_operator_v3 to 2024-11-11 19:00:00+00:00, run_after=2024-11-11 19:01:00+00:00
[2024-11-11T19:01:19.782+0000] {processor.py:208} INFO - Processing /home/airflow/.local/lib/python3.12/site-packages/airflow/example_dags/example_branch_python_dop_operator_3.py took 0.069 seconds
[2024-11-11T19:01:50.175+0000] {processor.py:186} INFO - Started process (PID=540) to work on /home/airflow/.local/lib/python3.12/site-packages/airflow/example_dags/example_branch_python_dop_operator_3.py
[2024-11-11T19:01:50.176+0000] {processor.py:914} INFO - Processing file /home/airflow/.local/lib/python3.12/site-packages/airflow/example_dags/example_branch_python_dop_operator_3.py for tasks to queue
[2024-11-11T19:01:50.178+0000] {logging_mixin.py:190} INFO - [2024-11-11T19:01:50.178+0000] {dagbag.py:588} INFO - Filling up the DagBag from /home/airflow/.local/lib/python3.12/site-packages/airflow/example_dags/example_branch_python_dop_operator_3.py
[2024-11-11T19:01:50.186+0000] {processor.py:925} INFO - DAG(s) 'example_branch_dop_operator_v3' retrieved from /home/airflow/.local/lib/python3.12/site-packages/airflow/example_dags/example_branch_python_dop_operator_3.py
[2024-11-11T19:01:50.201+0000] {logging_mixin.py:190} INFO - [2024-11-11T19:01:50.200+0000] {dag.py:3239} INFO - Sync 1 DAGs
[2024-11-11T19:01:50.220+0000] {logging_mixin.py:190} INFO - [2024-11-11T19:01:50.220+0000] {dag.py:4180} INFO - Setting next_dagrun for example_branch_dop_operator_v3 to 2024-11-11 19:00:00+00:00, run_after=2024-11-11 19:01:00+00:00
[2024-11-11T19:01:50.235+0000] {processor.py:208} INFO - Processing /home/airflow/.local/lib/python3.12/site-packages/airflow/example_dags/example_branch_python_dop_operator_3.py took 0.064 seconds
[2024-11-11T19:02:20.653+0000] {processor.py:186} INFO - Started process (PID=605) to work on /home/airflow/.local/lib/python3.12/site-packages/airflow/example_dags/example_branch_python_dop_operator_3.py
[2024-11-11T19:02:20.654+0000] {processor.py:914} INFO - Processing file /home/airflow/.local/lib/python3.12/site-packages/airflow/example_dags/example_branch_python_dop_operator_3.py for tasks to queue
[2024-11-11T19:02:20.656+0000] {logging_mixin.py:190} INFO - [2024-11-11T19:02:20.656+0000] {dagbag.py:588} INFO - Filling up the DagBag from /home/airflow/.local/lib/python3.12/site-packages/airflow/example_dags/example_branch_python_dop_operator_3.py
[2024-11-11T19:02:20.665+0000] {processor.py:925} INFO - DAG(s) 'example_branch_dop_operator_v3' retrieved from /home/airflow/.local/lib/python3.12/site-packages/airflow/example_dags/example_branch_python_dop_operator_3.py
[2024-11-11T19:02:20.682+0000] {logging_mixin.py:190} INFO - [2024-11-11T19:02:20.682+0000] {dag.py:3239} INFO - Sync 1 DAGs
[2024-11-11T19:02:20.703+0000] {logging_mixin.py:190} INFO - [2024-11-11T19:02:20.703+0000] {dag.py:4180} INFO - Setting next_dagrun for example_branch_dop_operator_v3 to 2024-11-11 19:01:00+00:00, run_after=2024-11-11 19:02:00+00:00
[2024-11-11T19:02:20.722+0000] {processor.py:208} INFO - Processing /home/airflow/.local/lib/python3.12/site-packages/airflow/example_dags/example_branch_python_dop_operator_3.py took 0.074 seconds
[2024-11-11T19:02:50.890+0000] {processor.py:186} INFO - Started process (PID=670) to work on /home/airflow/.local/lib/python3.12/site-packages/airflow/example_dags/example_branch_python_dop_operator_3.py
[2024-11-11T19:02:50.890+0000] {processor.py:914} INFO - Processing file /home/airflow/.local/lib/python3.12/site-packages/airflow/example_dags/example_branch_python_dop_operator_3.py for tasks to queue
[2024-11-11T19:02:50.892+0000] {logging_mixin.py:190} INFO - [2024-11-11T19:02:50.892+0000] {dagbag.py:588} INFO - Filling up the DagBag from /home/airflow/.local/lib/python3.12/site-packages/airflow/example_dags/example_branch_python_dop_operator_3.py
[2024-11-11T19:02:50.900+0000] {processor.py:925} INFO - DAG(s) 'example_branch_dop_operator_v3' retrieved from /home/airflow/.local/lib/python3.12/site-packages/airflow/example_dags/example_branch_python_dop_operator_3.py
[2024-11-11T19:02:50.916+0000] {logging_mixin.py:190} INFO - [2024-11-11T19:02:50.916+0000] {dag.py:3239} INFO - Sync 1 DAGs
[2024-11-11T19:02:50.938+0000] {logging_mixin.py:190} INFO - [2024-11-11T19:02:50.937+0000] {dag.py:4180} INFO - Setting next_dagrun for example_branch_dop_operator_v3 to 2024-11-11 19:01:00+00:00, run_after=2024-11-11 19:02:00+00:00
[2024-11-11T19:02:50.952+0000] {processor.py:208} INFO - Processing /home/airflow/.local/lib/python3.12/site-packages/airflow/example_dags/example_branch_python_dop_operator_3.py took 0.066 seconds
[2024-11-11T19:03:21.282+0000] {processor.py:186} INFO - Started process (PID=735) to work on /home/airflow/.local/lib/python3.12/site-packages/airflow/example_dags/example_branch_python_dop_operator_3.py
[2024-11-11T19:03:21.283+0000] {processor.py:914} INFO - Processing file /home/airflow/.local/lib/python3.12/site-packages/airflow/example_dags/example_branch_python_dop_operator_3.py for tasks to queue
[2024-11-11T19:03:21.291+0000] {logging_mixin.py:190} INFO - [2024-11-11T19:03:21.291+0000] {dagbag.py:588} INFO - Filling up the DagBag from /home/airflow/.local/lib/python3.12/site-packages/airflow/example_dags/example_branch_python_dop_operator_3.py
[2024-11-11T19:03:21.299+0000] {processor.py:925} INFO - DAG(s) 'example_branch_dop_operator_v3' retrieved from /home/airflow/.local/lib/python3.12/site-packages/airflow/example_dags/example_branch_python_dop_operator_3.py
[2024-11-11T19:03:21.320+0000] {logging_mixin.py:190} INFO - [2024-11-11T19:03:21.320+0000] {dag.py:3239} INFO - Sync 1 DAGs
[2024-11-11T19:03:21.343+0000] {logging_mixin.py:190} INFO - [2024-11-11T19:03:21.343+0000] {dag.py:4180} INFO - Setting next_dagrun for example_branch_dop_operator_v3 to 2024-11-11 19:02:00+00:00, run_after=2024-11-11 19:03:00+00:00
[2024-11-11T19:03:21.360+0000] {processor.py:208} INFO - Processing /home/airflow/.local/lib/python3.12/site-packages/airflow/example_dags/example_branch_python_dop_operator_3.py took 0.086 seconds
[2024-11-11T19:03:51.698+0000] {processor.py:186} INFO - Started process (PID=800) to work on /home/airflow/.local/lib/python3.12/site-packages/airflow/example_dags/example_branch_python_dop_operator_3.py
[2024-11-11T19:03:51.698+0000] {processor.py:914} INFO - Processing file /home/airflow/.local/lib/python3.12/site-packages/airflow/example_dags/example_branch_python_dop_operator_3.py for tasks to queue
[2024-11-11T19:03:51.701+0000] {logging_mixin.py:190} INFO - [2024-11-11T19:03:51.701+0000] {dagbag.py:588} INFO - Filling up the DagBag from /home/airflow/.local/lib/python3.12/site-packages/airflow/example_dags/example_branch_python_dop_operator_3.py
[2024-11-11T19:03:51.708+0000] {processor.py:925} INFO - DAG(s) 'example_branch_dop_operator_v3' retrieved from /home/airflow/.local/lib/python3.12/site-packages/airflow/example_dags/example_branch_python_dop_operator_3.py
[2024-11-11T19:03:51.724+0000] {logging_mixin.py:190} INFO - [2024-11-11T19:03:51.724+0000] {dag.py:3239} INFO - Sync 1 DAGs
[2024-11-11T19:03:51.746+0000] {logging_mixin.py:190} INFO - [2024-11-11T19:03:51.746+0000] {dag.py:4180} INFO - Setting next_dagrun for example_branch_dop_operator_v3 to 2024-11-11 19:02:00+00:00, run_after=2024-11-11 19:03:00+00:00
[2024-11-11T19:03:51.760+0000] {processor.py:208} INFO - Processing /home/airflow/.local/lib/python3.12/site-packages/airflow/example_dags/example_branch_python_dop_operator_3.py took 0.067 seconds
[2024-11-11T19:04:22.117+0000] {processor.py:186} INFO - Started process (PID=865) to work on /home/airflow/.local/lib/python3.12/site-packages/airflow/example_dags/example_branch_python_dop_operator_3.py
[2024-11-11T19:04:22.118+0000] {processor.py:914} INFO - Processing file /home/airflow/.local/lib/python3.12/site-packages/airflow/example_dags/example_branch_python_dop_operator_3.py for tasks to queue
[2024-11-11T19:04:22.120+0000] {logging_mixin.py:190} INFO - [2024-11-11T19:04:22.120+0000] {dagbag.py:588} INFO - Filling up the DagBag from /home/airflow/.local/lib/python3.12/site-packages/airflow/example_dags/example_branch_python_dop_operator_3.py
[2024-11-11T19:04:22.129+0000] {processor.py:925} INFO - DAG(s) 'example_branch_dop_operator_v3' retrieved from /home/airflow/.local/lib/python3.12/site-packages/airflow/example_dags/example_branch_python_dop_operator_3.py
[2024-11-11T19:04:22.147+0000] {logging_mixin.py:190} INFO - [2024-11-11T19:04:22.147+0000] {dag.py:3239} INFO - Sync 1 DAGs
[2024-11-11T19:04:22.168+0000] {logging_mixin.py:190} INFO - [2024-11-11T19:04:22.168+0000] {dag.py:4180} INFO - Setting next_dagrun for example_branch_dop_operator_v3 to 2024-11-11 19:03:00+00:00, run_after=2024-11-11 19:04:00+00:00
[2024-11-11T19:04:22.185+0000] {processor.py:208} INFO - Processing /home/airflow/.local/lib/python3.12/site-packages/airflow/example_dags/example_branch_python_dop_operator_3.py took 0.073 seconds
[2024-11-11T19:04:53.030+0000] {processor.py:186} INFO - Started process (PID=930) to work on /home/airflow/.local/lib/python3.12/site-packages/airflow/example_dags/example_branch_python_dop_operator_3.py
[2024-11-11T19:04:53.031+0000] {processor.py:914} INFO - Processing file /home/airflow/.local/lib/python3.12/site-packages/airflow/example_dags/example_branch_python_dop_operator_3.py for tasks to queue
[2024-11-11T19:04:53.033+0000] {logging_mixin.py:190} INFO - [2024-11-11T19:04:53.033+0000] {dagbag.py:588} INFO - Filling up the DagBag from /home/airflow/.local/lib/python3.12/site-packages/airflow/example_dags/example_branch_python_dop_operator_3.py
[2024-11-11T19:04:53.041+0000] {processor.py:925} INFO - DAG(s) 'example_branch_dop_operator_v3' retrieved from /home/airflow/.local/lib/python3.12/site-packages/airflow/example_dags/example_branch_python_dop_operator_3.py
[2024-11-11T19:04:53.062+0000] {logging_mixin.py:190} INFO - [2024-11-11T19:04:53.062+0000] {dag.py:3239} INFO - Sync 1 DAGs
[2024-11-11T19:04:53.087+0000] {logging_mixin.py:190} INFO - [2024-11-11T19:04:53.087+0000] {dag.py:4180} INFO - Setting next_dagrun for example_branch_dop_operator_v3 to 2024-11-11 19:03:00+00:00, run_after=2024-11-11 19:04:00+00:00
[2024-11-11T19:04:53.101+0000] {processor.py:208} INFO - Processing /home/airflow/.local/lib/python3.12/site-packages/airflow/example_dags/example_branch_python_dop_operator_3.py took 0.075 seconds
[2024-11-11T19:05:24.343+0000] {processor.py:186} INFO - Started process (PID=995) to work on /home/airflow/.local/lib/python3.12/site-packages/airflow/example_dags/example_branch_python_dop_operator_3.py
[2024-11-11T19:05:24.344+0000] {processor.py:914} INFO - Processing file /home/airflow/.local/lib/python3.12/site-packages/airflow/example_dags/example_branch_python_dop_operator_3.py for tasks to queue
[2024-11-11T19:05:24.347+0000] {logging_mixin.py:190} INFO - [2024-11-11T19:05:24.346+0000] {dagbag.py:588} INFO - Filling up the DagBag from /home/airflow/.local/lib/python3.12/site-packages/airflow/example_dags/example_branch_python_dop_operator_3.py
[2024-11-11T19:05:24.359+0000] {processor.py:925} INFO - DAG(s) 'example_branch_dop_operator_v3' retrieved from /home/airflow/.local/lib/python3.12/site-packages/airflow/example_dags/example_branch_python_dop_operator_3.py
[2024-11-11T19:05:24.391+0000] {logging_mixin.py:190} INFO - [2024-11-11T19:05:24.391+0000] {dag.py:3239} INFO - Sync 1 DAGs
[2024-11-11T19:05:24.441+0000] {logging_mixin.py:190} INFO - [2024-11-11T19:05:24.441+0000] {dag.py:4180} INFO - Setting next_dagrun for example_branch_dop_operator_v3 to 2024-11-11 19:04:00+00:00, run_after=2024-11-11 19:05:00+00:00
[2024-11-11T19:05:24.456+0000] {processor.py:208} INFO - Processing /home/airflow/.local/lib/python3.12/site-packages/airflow/example_dags/example_branch_python_dop_operator_3.py took 0.121 seconds
[2024-11-11T19:05:55.461+0000] {processor.py:186} INFO - Started process (PID=1060) to work on /home/airflow/.local/lib/python3.12/site-packages/airflow/example_dags/example_branch_python_dop_operator_3.py
[2024-11-11T19:05:55.463+0000] {processor.py:914} INFO - Processing file /home/airflow/.local/lib/python3.12/site-packages/airflow/example_dags/example_branch_python_dop_operator_3.py for tasks to queue
[2024-11-11T19:05:55.465+0000] {logging_mixin.py:190} INFO - [2024-11-11T19:05:55.465+0000] {dagbag.py:588} INFO - Filling up the DagBag from /home/airflow/.local/lib/python3.12/site-packages/airflow/example_dags/example_branch_python_dop_operator_3.py
[2024-11-11T19:05:55.473+0000] {processor.py:925} INFO - DAG(s) 'example_branch_dop_operator_v3' retrieved from /home/airflow/.local/lib/python3.12/site-packages/airflow/example_dags/example_branch_python_dop_operator_3.py
[2024-11-11T19:05:55.491+0000] {logging_mixin.py:190} INFO - [2024-11-11T19:05:55.491+0000] {dag.py:3239} INFO - Sync 1 DAGs
[2024-11-11T19:05:55.523+0000] {logging_mixin.py:190} INFO - [2024-11-11T19:05:55.523+0000] {dag.py:4180} INFO - Setting next_dagrun for example_branch_dop_operator_v3 to 2024-11-11 19:04:00+00:00, run_after=2024-11-11 19:05:00+00:00
[2024-11-11T19:05:55.536+0000] {processor.py:208} INFO - Processing /home/airflow/.local/lib/python3.12/site-packages/airflow/example_dags/example_branch_python_dop_operator_3.py took 0.080 seconds
[2024-11-11T19:06:25.717+0000] {processor.py:186} INFO - Started process (PID=1126) to work on /home/airflow/.local/lib/python3.12/site-packages/airflow/example_dags/example_branch_python_dop_operator_3.py
[2024-11-11T19:06:25.718+0000] {processor.py:914} INFO - Processing file /home/airflow/.local/lib/python3.12/site-packages/airflow/example_dags/example_branch_python_dop_operator_3.py for tasks to queue
[2024-11-11T19:06:25.720+0000] {logging_mixin.py:190} INFO - [2024-11-11T19:06:25.720+0000] {dagbag.py:588} INFO - Filling up the DagBag from /home/airflow/.local/lib/python3.12/site-packages/airflow/example_dags/example_branch_python_dop_operator_3.py
[2024-11-11T19:06:25.729+0000] {processor.py:925} INFO - DAG(s) 'example_branch_dop_operator_v3' retrieved from /home/airflow/.local/lib/python3.12/site-packages/airflow/example_dags/example_branch_python_dop_operator_3.py
[2024-11-11T19:06:25.749+0000] {logging_mixin.py:190} INFO - [2024-11-11T19:06:25.749+0000] {dag.py:3239} INFO - Sync 1 DAGs
[2024-11-11T19:06:25.773+0000] {logging_mixin.py:190} INFO - [2024-11-11T19:06:25.773+0000] {dag.py:4180} INFO - Setting next_dagrun for example_branch_dop_operator_v3 to 2024-11-11 19:05:00+00:00, run_after=2024-11-11 19:06:00+00:00
[2024-11-11T19:06:25.794+0000] {processor.py:208} INFO - Processing /home/airflow/.local/lib/python3.12/site-packages/airflow/example_dags/example_branch_python_dop_operator_3.py took 0.080 seconds
[2024-11-11T19:06:56.379+0000] {processor.py:186} INFO - Started process (PID=1192) to work on /home/airflow/.local/lib/python3.12/site-packages/airflow/example_dags/example_branch_python_dop_operator_3.py
[2024-11-11T19:06:56.380+0000] {processor.py:914} INFO - Processing file /home/airflow/.local/lib/python3.12/site-packages/airflow/example_dags/example_branch_python_dop_operator_3.py for tasks to queue
[2024-11-11T19:06:56.382+0000] {logging_mixin.py:190} INFO - [2024-11-11T19:06:56.382+0000] {dagbag.py:588} INFO - Filling up the DagBag from /home/airflow/.local/lib/python3.12/site-packages/airflow/example_dags/example_branch_python_dop_operator_3.py
[2024-11-11T19:06:56.394+0000] {processor.py:925} INFO - DAG(s) 'example_branch_dop_operator_v3' retrieved from /home/airflow/.local/lib/python3.12/site-packages/airflow/example_dags/example_branch_python_dop_operator_3.py
[2024-11-11T19:06:56.412+0000] {logging_mixin.py:190} INFO - [2024-11-11T19:06:56.412+0000] {dag.py:3239} INFO - Sync 1 DAGs
[2024-11-11T19:06:56.435+0000] {logging_mixin.py:190} INFO - [2024-11-11T19:06:56.434+0000] {dag.py:4180} INFO - Setting next_dagrun for example_branch_dop_operator_v3 to 2024-11-11 19:05:00+00:00, run_after=2024-11-11 19:06:00+00:00
[2024-11-11T19:06:56.448+0000] {processor.py:208} INFO - Processing /home/airflow/.local/lib/python3.12/site-packages/airflow/example_dags/example_branch_python_dop_operator_3.py took 0.074 seconds
[2024-11-11T19:07:27.157+0000] {processor.py:186} INFO - Started process (PID=1257) to work on /home/airflow/.local/lib/python3.12/site-packages/airflow/example_dags/example_branch_python_dop_operator_3.py
[2024-11-11T19:07:27.158+0000] {processor.py:914} INFO - Processing file /home/airflow/.local/lib/python3.12/site-packages/airflow/example_dags/example_branch_python_dop_operator_3.py for tasks to queue
[2024-11-11T19:07:27.160+0000] {logging_mixin.py:190} INFO - [2024-11-11T19:07:27.160+0000] {dagbag.py:588} INFO - Filling up the DagBag from /home/airflow/.local/lib/python3.12/site-packages/airflow/example_dags/example_branch_python_dop_operator_3.py
[2024-11-11T19:07:27.169+0000] {processor.py:925} INFO - DAG(s) 'example_branch_dop_operator_v3' retrieved from /home/airflow/.local/lib/python3.12/site-packages/airflow/example_dags/example_branch_python_dop_operator_3.py
[2024-11-11T19:07:27.184+0000] {logging_mixin.py:190} INFO - [2024-11-11T19:07:27.184+0000] {dag.py:3239} INFO - Sync 1 DAGs
[2024-11-11T19:07:27.205+0000] {logging_mixin.py:190} INFO - [2024-11-11T19:07:27.205+0000] {dag.py:4180} INFO - Setting next_dagrun for example_branch_dop_operator_v3 to 2024-11-11 19:06:00+00:00, run_after=2024-11-11 19:07:00+00:00
[2024-11-11T19:07:27.220+0000] {processor.py:208} INFO - Processing /home/airflow/.local/lib/python3.12/site-packages/airflow/example_dags/example_branch_python_dop_operator_3.py took 0.068 seconds
[2024-11-11T19:07:57.535+0000] {processor.py:186} INFO - Started process (PID=1322) to work on /home/airflow/.local/lib/python3.12/site-packages/airflow/example_dags/example_branch_python_dop_operator_3.py
[2024-11-11T19:07:57.536+0000] {processor.py:914} INFO - Processing file /home/airflow/.local/lib/python3.12/site-packages/airflow/example_dags/example_branch_python_dop_operator_3.py for tasks to queue
[2024-11-11T19:07:57.538+0000] {logging_mixin.py:190} INFO - [2024-11-11T19:07:57.537+0000] {dagbag.py:588} INFO - Filling up the DagBag from /home/airflow/.local/lib/python3.12/site-packages/airflow/example_dags/example_branch_python_dop_operator_3.py
[2024-11-11T19:07:57.545+0000] {processor.py:925} INFO - DAG(s) 'example_branch_dop_operator_v3' retrieved from /home/airflow/.local/lib/python3.12/site-packages/airflow/example_dags/example_branch_python_dop_operator_3.py
[2024-11-11T19:07:57.564+0000] {logging_mixin.py:190} INFO - [2024-11-11T19:07:57.564+0000] {dag.py:3239} INFO - Sync 1 DAGs
[2024-11-11T19:07:57.588+0000] {logging_mixin.py:190} INFO - [2024-11-11T19:07:57.588+0000] {dag.py:4180} INFO - Setting next_dagrun for example_branch_dop_operator_v3 to 2024-11-11 19:06:00+00:00, run_after=2024-11-11 19:07:00+00:00
[2024-11-11T19:07:57.603+0000] {processor.py:208} INFO - Processing /home/airflow/.local/lib/python3.12/site-packages/airflow/example_dags/example_branch_python_dop_operator_3.py took 0.071 seconds
[2024-11-11T19:08:28.175+0000] {processor.py:186} INFO - Started process (PID=1387) to work on /home/airflow/.local/lib/python3.12/site-packages/airflow/example_dags/example_branch_python_dop_operator_3.py
[2024-11-11T19:08:28.176+0000] {processor.py:914} INFO - Processing file /home/airflow/.local/lib/python3.12/site-packages/airflow/example_dags/example_branch_python_dop_operator_3.py for tasks to queue
[2024-11-11T19:08:28.178+0000] {logging_mixin.py:190} INFO - [2024-11-11T19:08:28.178+0000] {dagbag.py:588} INFO - Filling up the DagBag from /home/airflow/.local/lib/python3.12/site-packages/airflow/example_dags/example_branch_python_dop_operator_3.py
[2024-11-11T19:08:28.186+0000] {processor.py:925} INFO - DAG(s) 'example_branch_dop_operator_v3' retrieved from /home/airflow/.local/lib/python3.12/site-packages/airflow/example_dags/example_branch_python_dop_operator_3.py
[2024-11-11T19:08:28.204+0000] {logging_mixin.py:190} INFO - [2024-11-11T19:08:28.204+0000] {dag.py:3239} INFO - Sync 1 DAGs
[2024-11-11T19:08:28.233+0000] {logging_mixin.py:190} INFO - [2024-11-11T19:08:28.233+0000] {dag.py:4180} INFO - Setting next_dagrun for example_branch_dop_operator_v3 to 2024-11-11 19:07:00+00:00, run_after=2024-11-11 19:08:00+00:00
[2024-11-11T19:08:28.250+0000] {processor.py:208} INFO - Processing /home/airflow/.local/lib/python3.12/site-packages/airflow/example_dags/example_branch_python_dop_operator_3.py took 0.083 seconds
[2024-11-11T19:08:58.895+0000] {processor.py:186} INFO - Started process (PID=1451) to work on /home/airflow/.local/lib/python3.12/site-packages/airflow/example_dags/example_branch_python_dop_operator_3.py
[2024-11-11T19:08:58.896+0000] {processor.py:914} INFO - Processing file /home/airflow/.local/lib/python3.12/site-packages/airflow/example_dags/example_branch_python_dop_operator_3.py for tasks to queue
[2024-11-11T19:08:58.898+0000] {logging_mixin.py:190} INFO - [2024-11-11T19:08:58.898+0000] {dagbag.py:588} INFO - Filling up the DagBag from /home/airflow/.local/lib/python3.12/site-packages/airflow/example_dags/example_branch_python_dop_operator_3.py
[2024-11-11T19:08:58.906+0000] {processor.py:925} INFO - DAG(s) 'example_branch_dop_operator_v3' retrieved from /home/airflow/.local/lib/python3.12/site-packages/airflow/example_dags/example_branch_python_dop_operator_3.py
[2024-11-11T19:08:58.922+0000] {logging_mixin.py:190} INFO - [2024-11-11T19:08:58.922+0000] {dag.py:3239} INFO - Sync 1 DAGs
[2024-11-11T19:08:58.945+0000] {logging_mixin.py:190} INFO - [2024-11-11T19:08:58.945+0000] {dag.py:4180} INFO - Setting next_dagrun for example_branch_dop_operator_v3 to 2024-11-11 19:07:00+00:00, run_after=2024-11-11 19:08:00+00:00
[2024-11-11T19:08:58.961+0000] {processor.py:208} INFO - Processing /home/airflow/.local/lib/python3.12/site-packages/airflow/example_dags/example_branch_python_dop_operator_3.py took 0.070 seconds
[2024-11-11T19:09:29.575+0000] {processor.py:186} INFO - Started process (PID=1516) to work on /home/airflow/.local/lib/python3.12/site-packages/airflow/example_dags/example_branch_python_dop_operator_3.py
[2024-11-11T19:09:29.576+0000] {processor.py:914} INFO - Processing file /home/airflow/.local/lib/python3.12/site-packages/airflow/example_dags/example_branch_python_dop_operator_3.py for tasks to queue
[2024-11-11T19:09:29.579+0000] {logging_mixin.py:190} INFO - [2024-11-11T19:09:29.578+0000] {dagbag.py:588} INFO - Filling up the DagBag from /home/airflow/.local/lib/python3.12/site-packages/airflow/example_dags/example_branch_python_dop_operator_3.py
[2024-11-11T19:09:29.591+0000] {processor.py:925} INFO - DAG(s) 'example_branch_dop_operator_v3' retrieved from /home/airflow/.local/lib/python3.12/site-packages/airflow/example_dags/example_branch_python_dop_operator_3.py
[2024-11-11T19:09:29.607+0000] {logging_mixin.py:190} INFO - [2024-11-11T19:09:29.607+0000] {dag.py:3239} INFO - Sync 1 DAGs
[2024-11-11T19:09:29.631+0000] {logging_mixin.py:190} INFO - [2024-11-11T19:09:29.631+0000] {dag.py:4180} INFO - Setting next_dagrun for example_branch_dop_operator_v3 to 2024-11-11 19:08:00+00:00, run_after=2024-11-11 19:09:00+00:00
[2024-11-11T19:09:29.652+0000] {processor.py:208} INFO - Processing /home/airflow/.local/lib/python3.12/site-packages/airflow/example_dags/example_branch_python_dop_operator_3.py took 0.082 seconds
[2024-11-11T19:10:00.303+0000] {processor.py:186} INFO - Started process (PID=1581) to work on /home/airflow/.local/lib/python3.12/site-packages/airflow/example_dags/example_branch_python_dop_operator_3.py
[2024-11-11T19:10:00.304+0000] {processor.py:914} INFO - Processing file /home/airflow/.local/lib/python3.12/site-packages/airflow/example_dags/example_branch_python_dop_operator_3.py for tasks to queue
[2024-11-11T19:10:00.306+0000] {logging_mixin.py:190} INFO - [2024-11-11T19:10:00.306+0000] {dagbag.py:588} INFO - Filling up the DagBag from /home/airflow/.local/lib/python3.12/site-packages/airflow/example_dags/example_branch_python_dop_operator_3.py
[2024-11-11T19:10:00.316+0000] {processor.py:925} INFO - DAG(s) 'example_branch_dop_operator_v3' retrieved from /home/airflow/.local/lib/python3.12/site-packages/airflow/example_dags/example_branch_python_dop_operator_3.py
[2024-11-11T19:10:00.332+0000] {logging_mixin.py:190} INFO - [2024-11-11T19:10:00.332+0000] {dag.py:3239} INFO - Sync 1 DAGs
[2024-11-11T19:10:00.358+0000] {logging_mixin.py:190} INFO - [2024-11-11T19:10:00.357+0000] {dag.py:4180} INFO - Setting next_dagrun for example_branch_dop_operator_v3 to 2024-11-11 19:09:00+00:00, run_after=2024-11-11 19:10:00+00:00
[2024-11-11T19:10:00.377+0000] {processor.py:208} INFO - Processing /home/airflow/.local/lib/python3.12/site-packages/airflow/example_dags/example_branch_python_dop_operator_3.py took 0.078 seconds
[2024-11-11T19:10:31.165+0000] {processor.py:186} INFO - Started process (PID=1646) to work on /home/airflow/.local/lib/python3.12/site-packages/airflow/example_dags/example_branch_python_dop_operator_3.py
[2024-11-11T19:10:31.166+0000] {processor.py:914} INFO - Processing file /home/airflow/.local/lib/python3.12/site-packages/airflow/example_dags/example_branch_python_dop_operator_3.py for tasks to queue
[2024-11-11T19:10:31.168+0000] {logging_mixin.py:190} INFO - [2024-11-11T19:10:31.168+0000] {dagbag.py:588} INFO - Filling up the DagBag from /home/airflow/.local/lib/python3.12/site-packages/airflow/example_dags/example_branch_python_dop_operator_3.py
[2024-11-11T19:10:31.177+0000] {processor.py:925} INFO - DAG(s) 'example_branch_dop_operator_v3' retrieved from /home/airflow/.local/lib/python3.12/site-packages/airflow/example_dags/example_branch_python_dop_operator_3.py
[2024-11-11T19:10:31.195+0000] {logging_mixin.py:190} INFO - [2024-11-11T19:10:31.195+0000] {dag.py:3239} INFO - Sync 1 DAGs
[2024-11-11T19:10:31.224+0000] {logging_mixin.py:190} INFO - [2024-11-11T19:10:31.224+0000] {dag.py:4180} INFO - Setting next_dagrun for example_branch_dop_operator_v3 to 2024-11-11 19:09:00+00:00, run_after=2024-11-11 19:10:00+00:00
[2024-11-11T19:10:31.239+0000] {processor.py:208} INFO - Processing /home/airflow/.local/lib/python3.12/site-packages/airflow/example_dags/example_branch_python_dop_operator_3.py took 0.079 seconds
[2024-11-11T19:11:01.786+0000] {processor.py:186} INFO - Started process (PID=1711) to work on /home/airflow/.local/lib/python3.12/site-packages/airflow/example_dags/example_branch_python_dop_operator_3.py
[2024-11-11T19:11:01.787+0000] {processor.py:914} INFO - Processing file /home/airflow/.local/lib/python3.12/site-packages/airflow/example_dags/example_branch_python_dop_operator_3.py for tasks to queue
[2024-11-11T19:11:01.789+0000] {logging_mixin.py:190} INFO - [2024-11-11T19:11:01.789+0000] {dagbag.py:588} INFO - Filling up the DagBag from /home/airflow/.local/lib/python3.12/site-packages/airflow/example_dags/example_branch_python_dop_operator_3.py
[2024-11-11T19:11:01.797+0000] {processor.py:925} INFO - DAG(s) 'example_branch_dop_operator_v3' retrieved from /home/airflow/.local/lib/python3.12/site-packages/airflow/example_dags/example_branch_python_dop_operator_3.py
[2024-11-11T19:11:01.813+0000] {logging_mixin.py:190} INFO - [2024-11-11T19:11:01.813+0000] {dag.py:3239} INFO - Sync 1 DAGs
[2024-11-11T19:11:01.833+0000] {logging_mixin.py:190} INFO - [2024-11-11T19:11:01.833+0000] {dag.py:4180} INFO - Setting next_dagrun for example_branch_dop_operator_v3 to 2024-11-11 19:10:00+00:00, run_after=2024-11-11 19:11:00+00:00
[2024-11-11T19:11:01.848+0000] {processor.py:208} INFO - Processing /home/airflow/.local/lib/python3.12/site-packages/airflow/example_dags/example_branch_python_dop_operator_3.py took 0.068 seconds
[2024-11-11T19:11:33.270+0000] {processor.py:186} INFO - Started process (PID=1776) to work on /home/airflow/.local/lib/python3.12/site-packages/airflow/example_dags/example_branch_python_dop_operator_3.py
[2024-11-11T19:11:33.271+0000] {processor.py:914} INFO - Processing file /home/airflow/.local/lib/python3.12/site-packages/airflow/example_dags/example_branch_python_dop_operator_3.py for tasks to queue
[2024-11-11T19:11:33.273+0000] {logging_mixin.py:190} INFO - [2024-11-11T19:11:33.273+0000] {dagbag.py:588} INFO - Filling up the DagBag from /home/airflow/.local/lib/python3.12/site-packages/airflow/example_dags/example_branch_python_dop_operator_3.py
[2024-11-11T19:11:33.281+0000] {processor.py:925} INFO - DAG(s) 'example_branch_dop_operator_v3' retrieved from /home/airflow/.local/lib/python3.12/site-packages/airflow/example_dags/example_branch_python_dop_operator_3.py
[2024-11-11T19:11:33.297+0000] {logging_mixin.py:190} INFO - [2024-11-11T19:11:33.297+0000] {dag.py:3239} INFO - Sync 1 DAGs
[2024-11-11T19:11:33.318+0000] {logging_mixin.py:190} INFO - [2024-11-11T19:11:33.318+0000] {dag.py:4180} INFO - Setting next_dagrun for example_branch_dop_operator_v3 to 2024-11-11 19:10:00+00:00, run_after=2024-11-11 19:11:00+00:00
[2024-11-11T19:11:33.332+0000] {processor.py:208} INFO - Processing /home/airflow/.local/lib/python3.12/site-packages/airflow/example_dags/example_branch_python_dop_operator_3.py took 0.067 seconds
[2024-11-11T19:12:03.826+0000] {processor.py:186} INFO - Started process (PID=1841) to work on /home/airflow/.local/lib/python3.12/site-packages/airflow/example_dags/example_branch_python_dop_operator_3.py
[2024-11-11T19:12:03.827+0000] {processor.py:914} INFO - Processing file /home/airflow/.local/lib/python3.12/site-packages/airflow/example_dags/example_branch_python_dop_operator_3.py for tasks to queue
[2024-11-11T19:12:03.829+0000] {logging_mixin.py:190} INFO - [2024-11-11T19:12:03.829+0000] {dagbag.py:588} INFO - Filling up the DagBag from /home/airflow/.local/lib/python3.12/site-packages/airflow/example_dags/example_branch_python_dop_operator_3.py
[2024-11-11T19:12:03.837+0000] {processor.py:925} INFO - DAG(s) 'example_branch_dop_operator_v3' retrieved from /home/airflow/.local/lib/python3.12/site-packages/airflow/example_dags/example_branch_python_dop_operator_3.py
[2024-11-11T19:12:03.853+0000] {logging_mixin.py:190} INFO - [2024-11-11T19:12:03.852+0000] {dag.py:3239} INFO - Sync 1 DAGs
[2024-11-11T19:12:03.873+0000] {logging_mixin.py:190} INFO - [2024-11-11T19:12:03.872+0000] {dag.py:4180} INFO - Setting next_dagrun for example_branch_dop_operator_v3 to 2024-11-11 19:11:00+00:00, run_after=2024-11-11 19:12:00+00:00
[2024-11-11T19:12:03.886+0000] {processor.py:208} INFO - Processing /home/airflow/.local/lib/python3.12/site-packages/airflow/example_dags/example_branch_python_dop_operator_3.py took 0.064 seconds
[2024-11-11T19:12:34.669+0000] {processor.py:186} INFO - Started process (PID=1906) to work on /home/airflow/.local/lib/python3.12/site-packages/airflow/example_dags/example_branch_python_dop_operator_3.py
[2024-11-11T19:12:34.670+0000] {processor.py:914} INFO - Processing file /home/airflow/.local/lib/python3.12/site-packages/airflow/example_dags/example_branch_python_dop_operator_3.py for tasks to queue
[2024-11-11T19:12:34.672+0000] {logging_mixin.py:190} INFO - [2024-11-11T19:12:34.672+0000] {dagbag.py:588} INFO - Filling up the DagBag from /home/airflow/.local/lib/python3.12/site-packages/airflow/example_dags/example_branch_python_dop_operator_3.py
[2024-11-11T19:12:34.680+0000] {processor.py:925} INFO - DAG(s) 'example_branch_dop_operator_v3' retrieved from /home/airflow/.local/lib/python3.12/site-packages/airflow/example_dags/example_branch_python_dop_operator_3.py
[2024-11-11T19:12:34.696+0000] {logging_mixin.py:190} INFO - [2024-11-11T19:12:34.696+0000] {dag.py:3239} INFO - Sync 1 DAGs
[2024-11-11T19:12:34.728+0000] {logging_mixin.py:190} INFO - [2024-11-11T19:12:34.728+0000] {dag.py:4180} INFO - Setting next_dagrun for example_branch_dop_operator_v3 to 2024-11-11 19:11:00+00:00, run_after=2024-11-11 19:12:00+00:00
[2024-11-11T19:12:34.747+0000] {processor.py:208} INFO - Processing /home/airflow/.local/lib/python3.12/site-packages/airflow/example_dags/example_branch_python_dop_operator_3.py took 0.083 seconds
[2024-11-11T19:13:06.048+0000] {processor.py:186} INFO - Started process (PID=1971) to work on /home/airflow/.local/lib/python3.12/site-packages/airflow/example_dags/example_branch_python_dop_operator_3.py
[2024-11-11T19:13:06.049+0000] {processor.py:914} INFO - Processing file /home/airflow/.local/lib/python3.12/site-packages/airflow/example_dags/example_branch_python_dop_operator_3.py for tasks to queue
[2024-11-11T19:13:06.053+0000] {logging_mixin.py:190} INFO - [2024-11-11T19:13:06.053+0000] {dagbag.py:588} INFO - Filling up the DagBag from /home/airflow/.local/lib/python3.12/site-packages/airflow/example_dags/example_branch_python_dop_operator_3.py
[2024-11-11T19:13:06.062+0000] {processor.py:925} INFO - DAG(s) 'example_branch_dop_operator_v3' retrieved from /home/airflow/.local/lib/python3.12/site-packages/airflow/example_dags/example_branch_python_dop_operator_3.py
[2024-11-11T19:13:06.078+0000] {logging_mixin.py:190} INFO - [2024-11-11T19:13:06.078+0000] {dag.py:3239} INFO - Sync 1 DAGs
[2024-11-11T19:13:06.103+0000] {logging_mixin.py:190} INFO - [2024-11-11T19:13:06.103+0000] {dag.py:4180} INFO - Setting next_dagrun for example_branch_dop_operator_v3 to 2024-11-11 19:12:00+00:00, run_after=2024-11-11 19:13:00+00:00
[2024-11-11T19:13:06.117+0000] {processor.py:208} INFO - Processing /home/airflow/.local/lib/python3.12/site-packages/airflow/example_dags/example_branch_python_dop_operator_3.py took 0.074 seconds
[2024-11-11T19:13:37.512+0000] {processor.py:186} INFO - Started process (PID=2037) to work on /home/airflow/.local/lib/python3.12/site-packages/airflow/example_dags/example_branch_python_dop_operator_3.py
[2024-11-11T19:13:37.513+0000] {processor.py:914} INFO - Processing file /home/airflow/.local/lib/python3.12/site-packages/airflow/example_dags/example_branch_python_dop_operator_3.py for tasks to queue
[2024-11-11T19:13:37.515+0000] {logging_mixin.py:190} INFO - [2024-11-11T19:13:37.514+0000] {dagbag.py:588} INFO - Filling up the DagBag from /home/airflow/.local/lib/python3.12/site-packages/airflow/example_dags/example_branch_python_dop_operator_3.py
[2024-11-11T19:13:37.524+0000] {processor.py:925} INFO - DAG(s) 'example_branch_dop_operator_v3' retrieved from /home/airflow/.local/lib/python3.12/site-packages/airflow/example_dags/example_branch_python_dop_operator_3.py
[2024-11-11T19:13:37.544+0000] {logging_mixin.py:190} INFO - [2024-11-11T19:13:37.544+0000] {dag.py:3239} INFO - Sync 1 DAGs
[2024-11-11T19:13:37.577+0000] {logging_mixin.py:190} INFO - [2024-11-11T19:13:37.577+0000] {dag.py:4180} INFO - Setting next_dagrun for example_branch_dop_operator_v3 to 2024-11-11 19:12:00+00:00, run_after=2024-11-11 19:13:00+00:00
[2024-11-11T19:13:37.592+0000] {processor.py:208} INFO - Processing /home/airflow/.local/lib/python3.12/site-packages/airflow/example_dags/example_branch_python_dop_operator_3.py took 0.087 seconds
[2024-11-11T19:14:08.730+0000] {processor.py:186} INFO - Started process (PID=2104) to work on /home/airflow/.local/lib/python3.12/site-packages/airflow/example_dags/example_branch_python_dop_operator_3.py
[2024-11-11T19:14:08.730+0000] {processor.py:914} INFO - Processing file /home/airflow/.local/lib/python3.12/site-packages/airflow/example_dags/example_branch_python_dop_operator_3.py for tasks to queue
[2024-11-11T19:14:08.732+0000] {logging_mixin.py:190} INFO - [2024-11-11T19:14:08.732+0000] {dagbag.py:588} INFO - Filling up the DagBag from /home/airflow/.local/lib/python3.12/site-packages/airflow/example_dags/example_branch_python_dop_operator_3.py
[2024-11-11T19:14:08.740+0000] {processor.py:925} INFO - DAG(s) 'example_branch_dop_operator_v3' retrieved from /home/airflow/.local/lib/python3.12/site-packages/airflow/example_dags/example_branch_python_dop_operator_3.py
[2024-11-11T19:14:08.755+0000] {logging_mixin.py:190} INFO - [2024-11-11T19:14:08.755+0000] {dag.py:3239} INFO - Sync 1 DAGs
[2024-11-11T19:14:08.780+0000] {logging_mixin.py:190} INFO - [2024-11-11T19:14:08.779+0000] {dag.py:4180} INFO - Setting next_dagrun for example_branch_dop_operator_v3 to 2024-11-11 19:13:00+00:00, run_after=2024-11-11 19:14:00+00:00
[2024-11-11T19:14:08.794+0000] {processor.py:208} INFO - Processing /home/airflow/.local/lib/python3.12/site-packages/airflow/example_dags/example_branch_python_dop_operator_3.py took 0.068 seconds
[2024-11-11T19:14:40.043+0000] {processor.py:186} INFO - Started process (PID=2171) to work on /home/airflow/.local/lib/python3.12/site-packages/airflow/example_dags/example_branch_python_dop_operator_3.py
[2024-11-11T19:14:40.044+0000] {processor.py:914} INFO - Processing file /home/airflow/.local/lib/python3.12/site-packages/airflow/example_dags/example_branch_python_dop_operator_3.py for tasks to queue
[2024-11-11T19:14:40.045+0000] {logging_mixin.py:190} INFO - [2024-11-11T19:14:40.045+0000] {dagbag.py:588} INFO - Filling up the DagBag from /home/airflow/.local/lib/python3.12/site-packages/airflow/example_dags/example_branch_python_dop_operator_3.py
[2024-11-11T19:14:40.054+0000] {processor.py:925} INFO - DAG(s) 'example_branch_dop_operator_v3' retrieved from /home/airflow/.local/lib/python3.12/site-packages/airflow/example_dags/example_branch_python_dop_operator_3.py
[2024-11-11T19:14:40.069+0000] {logging_mixin.py:190} INFO - [2024-11-11T19:14:40.068+0000] {dag.py:3239} INFO - Sync 1 DAGs
[2024-11-11T19:14:40.090+0000] {logging_mixin.py:190} INFO - [2024-11-11T19:14:40.090+0000] {dag.py:4180} INFO - Setting next_dagrun for example_branch_dop_operator_v3 to 2024-11-11 19:13:00+00:00, run_after=2024-11-11 19:14:00+00:00
[2024-11-11T19:14:40.104+0000] {processor.py:208} INFO - Processing /home/airflow/.local/lib/python3.12/site-packages/airflow/example_dags/example_branch_python_dop_operator_3.py took 0.065 seconds
[2024-11-11T19:15:10.738+0000] {processor.py:186} INFO - Started process (PID=2236) to work on /home/airflow/.local/lib/python3.12/site-packages/airflow/example_dags/example_branch_python_dop_operator_3.py
[2024-11-11T19:15:10.739+0000] {processor.py:914} INFO - Processing file /home/airflow/.local/lib/python3.12/site-packages/airflow/example_dags/example_branch_python_dop_operator_3.py for tasks to queue
[2024-11-11T19:15:10.741+0000] {logging_mixin.py:190} INFO - [2024-11-11T19:15:10.741+0000] {dagbag.py:588} INFO - Filling up the DagBag from /home/airflow/.local/lib/python3.12/site-packages/airflow/example_dags/example_branch_python_dop_operator_3.py
[2024-11-11T19:15:10.749+0000] {processor.py:925} INFO - DAG(s) 'example_branch_dop_operator_v3' retrieved from /home/airflow/.local/lib/python3.12/site-packages/airflow/example_dags/example_branch_python_dop_operator_3.py
[2024-11-11T19:15:10.767+0000] {logging_mixin.py:190} INFO - [2024-11-11T19:15:10.767+0000] {dag.py:3239} INFO - Sync 1 DAGs
[2024-11-11T19:15:10.798+0000] {logging_mixin.py:190} INFO - [2024-11-11T19:15:10.797+0000] {dag.py:4180} INFO - Setting next_dagrun for example_branch_dop_operator_v3 to 2024-11-11 19:14:00+00:00, run_after=2024-11-11 19:15:00+00:00
[2024-11-11T19:15:10.813+0000] {processor.py:208} INFO - Processing /home/airflow/.local/lib/python3.12/site-packages/airflow/example_dags/example_branch_python_dop_operator_3.py took 0.081 seconds
[2024-11-11T19:15:42.748+0000] {processor.py:186} INFO - Started process (PID=2301) to work on /home/airflow/.local/lib/python3.12/site-packages/airflow/example_dags/example_branch_python_dop_operator_3.py
[2024-11-11T19:15:42.749+0000] {processor.py:914} INFO - Processing file /home/airflow/.local/lib/python3.12/site-packages/airflow/example_dags/example_branch_python_dop_operator_3.py for tasks to queue
[2024-11-11T19:15:42.751+0000] {logging_mixin.py:190} INFO - [2024-11-11T19:15:42.751+0000] {dagbag.py:588} INFO - Filling up the DagBag from /home/airflow/.local/lib/python3.12/site-packages/airflow/example_dags/example_branch_python_dop_operator_3.py
[2024-11-11T19:15:42.761+0000] {processor.py:925} INFO - DAG(s) 'example_branch_dop_operator_v3' retrieved from /home/airflow/.local/lib/python3.12/site-packages/airflow/example_dags/example_branch_python_dop_operator_3.py
[2024-11-11T19:15:42.780+0000] {logging_mixin.py:190} INFO - [2024-11-11T19:15:42.780+0000] {dag.py:3239} INFO - Sync 1 DAGs
[2024-11-11T19:15:42.801+0000] {logging_mixin.py:190} INFO - [2024-11-11T19:15:42.801+0000] {dag.py:4180} INFO - Setting next_dagrun for example_branch_dop_operator_v3 to 2024-11-11 19:14:00+00:00, run_after=2024-11-11 19:15:00+00:00
[2024-11-11T19:15:42.815+0000] {processor.py:208} INFO - Processing /home/airflow/.local/lib/python3.12/site-packages/airflow/example_dags/example_branch_python_dop_operator_3.py took 0.072 seconds
[2024-11-11T19:17:27.488+0000] {processor.py:186} INFO - Started process (PID=86) to work on /home/airflow/.local/lib/python3.12/site-packages/airflow/example_dags/example_branch_python_dop_operator_3.py
[2024-11-11T19:17:27.490+0000] {processor.py:914} INFO - Processing file /home/airflow/.local/lib/python3.12/site-packages/airflow/example_dags/example_branch_python_dop_operator_3.py for tasks to queue
[2024-11-11T19:17:27.496+0000] {logging_mixin.py:190} INFO - [2024-11-11T19:17:27.496+0000] {dagbag.py:588} INFO - Filling up the DagBag from /home/airflow/.local/lib/python3.12/site-packages/airflow/example_dags/example_branch_python_dop_operator_3.py
[2024-11-11T19:17:27.519+0000] {processor.py:925} INFO - DAG(s) 'example_branch_dop_operator_v3' retrieved from /home/airflow/.local/lib/python3.12/site-packages/airflow/example_dags/example_branch_python_dop_operator_3.py
[2024-11-11T19:17:27.550+0000] {logging_mixin.py:190} INFO - [2024-11-11T19:17:27.549+0000] {dag.py:3239} INFO - Sync 1 DAGs
[2024-11-11T19:17:27.599+0000] {logging_mixin.py:190} INFO - [2024-11-11T19:17:27.599+0000] {dag.py:4180} INFO - Setting next_dagrun for example_branch_dop_operator_v3 to 2024-11-11 19:16:00+00:00, run_after=2024-11-11 19:17:00+00:00
[2024-11-11T19:17:27.643+0000] {processor.py:208} INFO - Processing /home/airflow/.local/lib/python3.12/site-packages/airflow/example_dags/example_branch_python_dop_operator_3.py took 0.159 seconds
[2024-11-11T19:18:17.728+0000] {processor.py:186} INFO - Started process (PID=158) to work on /home/airflow/.local/lib/python3.12/site-packages/airflow/example_dags/example_branch_python_dop_operator_3.py
[2024-11-11T19:18:17.729+0000] {processor.py:914} INFO - Processing file /home/airflow/.local/lib/python3.12/site-packages/airflow/example_dags/example_branch_python_dop_operator_3.py for tasks to queue
[2024-11-11T19:18:17.731+0000] {logging_mixin.py:190} INFO - [2024-11-11T19:18:17.731+0000] {dagbag.py:588} INFO - Filling up the DagBag from /home/airflow/.local/lib/python3.12/site-packages/airflow/example_dags/example_branch_python_dop_operator_3.py
[2024-11-11T19:18:17.744+0000] {processor.py:925} INFO - DAG(s) 'example_branch_dop_operator_v3' retrieved from /home/airflow/.local/lib/python3.12/site-packages/airflow/example_dags/example_branch_python_dop_operator_3.py
[2024-11-11T19:18:17.760+0000] {logging_mixin.py:190} INFO - [2024-11-11T19:18:17.760+0000] {dag.py:3239} INFO - Sync 1 DAGs
[2024-11-11T19:18:17.786+0000] {logging_mixin.py:190} INFO - [2024-11-11T19:18:17.786+0000] {dag.py:4180} INFO - Setting next_dagrun for example_branch_dop_operator_v3 to 2024-11-11 19:17:00+00:00, run_after=2024-11-11 19:18:00+00:00
[2024-11-11T19:18:17.806+0000] {processor.py:208} INFO - Processing /home/airflow/.local/lib/python3.12/site-packages/airflow/example_dags/example_branch_python_dop_operator_3.py took 0.083 seconds
[2024-11-11T19:18:48.835+0000] {processor.py:186} INFO - Started process (PID=224) to work on /home/airflow/.local/lib/python3.12/site-packages/airflow/example_dags/example_branch_python_dop_operator_3.py
[2024-11-11T19:18:48.843+0000] {processor.py:914} INFO - Processing file /home/airflow/.local/lib/python3.12/site-packages/airflow/example_dags/example_branch_python_dop_operator_3.py for tasks to queue
[2024-11-11T19:18:48.846+0000] {logging_mixin.py:190} INFO - [2024-11-11T19:18:48.845+0000] {dagbag.py:588} INFO - Filling up the DagBag from /home/airflow/.local/lib/python3.12/site-packages/airflow/example_dags/example_branch_python_dop_operator_3.py
[2024-11-11T19:18:48.860+0000] {processor.py:925} INFO - DAG(s) 'example_branch_dop_operator_v3' retrieved from /home/airflow/.local/lib/python3.12/site-packages/airflow/example_dags/example_branch_python_dop_operator_3.py
[2024-11-11T19:18:48.921+0000] {logging_mixin.py:190} INFO - [2024-11-11T19:18:48.921+0000] {dag.py:3239} INFO - Sync 1 DAGs
[2024-11-11T19:18:48.960+0000] {logging_mixin.py:190} INFO - [2024-11-11T19:18:48.960+0000] {dag.py:4180} INFO - Setting next_dagrun for example_branch_dop_operator_v3 to 2024-11-11 19:17:00+00:00, run_after=2024-11-11 19:18:00+00:00
[2024-11-11T19:18:49.010+0000] {processor.py:208} INFO - Processing /home/airflow/.local/lib/python3.12/site-packages/airflow/example_dags/example_branch_python_dop_operator_3.py took 0.184 seconds
[2024-11-11T19:19:19.519+0000] {processor.py:186} INFO - Started process (PID=289) to work on /home/airflow/.local/lib/python3.12/site-packages/airflow/example_dags/example_branch_python_dop_operator_3.py
[2024-11-11T19:19:19.524+0000] {processor.py:914} INFO - Processing file /home/airflow/.local/lib/python3.12/site-packages/airflow/example_dags/example_branch_python_dop_operator_3.py for tasks to queue
[2024-11-11T19:19:19.527+0000] {logging_mixin.py:190} INFO - [2024-11-11T19:19:19.526+0000] {dagbag.py:588} INFO - Filling up the DagBag from /home/airflow/.local/lib/python3.12/site-packages/airflow/example_dags/example_branch_python_dop_operator_3.py
[2024-11-11T19:19:19.537+0000] {processor.py:925} INFO - DAG(s) 'example_branch_dop_operator_v3' retrieved from /home/airflow/.local/lib/python3.12/site-packages/airflow/example_dags/example_branch_python_dop_operator_3.py
[2024-11-11T19:19:19.563+0000] {logging_mixin.py:190} INFO - [2024-11-11T19:19:19.563+0000] {dag.py:3239} INFO - Sync 1 DAGs
[2024-11-11T19:19:19.594+0000] {logging_mixin.py:190} INFO - [2024-11-11T19:19:19.594+0000] {dag.py:4180} INFO - Setting next_dagrun for example_branch_dop_operator_v3 to 2024-11-11 19:18:00+00:00, run_after=2024-11-11 19:19:00+00:00
[2024-11-11T19:19:19.644+0000] {processor.py:208} INFO - Processing /home/airflow/.local/lib/python3.12/site-packages/airflow/example_dags/example_branch_python_dop_operator_3.py took 0.129 seconds
[2024-11-11T19:22:00.684+0000] {processor.py:186} INFO - Started process (PID=347) to work on /home/airflow/.local/lib/python3.12/site-packages/airflow/example_dags/example_branch_python_dop_operator_3.py
[2024-11-11T19:22:00.685+0000] {processor.py:914} INFO - Processing file /home/airflow/.local/lib/python3.12/site-packages/airflow/example_dags/example_branch_python_dop_operator_3.py for tasks to queue
[2024-11-11T19:22:00.686+0000] {logging_mixin.py:190} INFO - [2024-11-11T19:22:00.686+0000] {dagbag.py:588} INFO - Filling up the DagBag from /home/airflow/.local/lib/python3.12/site-packages/airflow/example_dags/example_branch_python_dop_operator_3.py
[2024-11-11T19:22:00.694+0000] {processor.py:925} INFO - DAG(s) 'example_branch_dop_operator_v3' retrieved from /home/airflow/.local/lib/python3.12/site-packages/airflow/example_dags/example_branch_python_dop_operator_3.py
[2024-11-11T19:22:00.714+0000] {logging_mixin.py:190} INFO - [2024-11-11T19:22:00.714+0000] {dag.py:3239} INFO - Sync 1 DAGs
[2024-11-11T19:22:00.739+0000] {logging_mixin.py:190} INFO - [2024-11-11T19:22:00.738+0000] {dag.py:4180} INFO - Setting next_dagrun for example_branch_dop_operator_v3 to 2024-11-11 19:21:00+00:00, run_after=2024-11-11 19:22:00+00:00
[2024-11-11T19:22:00.758+0000] {processor.py:208} INFO - Processing /home/airflow/.local/lib/python3.12/site-packages/airflow/example_dags/example_branch_python_dop_operator_3.py took 0.079 seconds
[2024-11-11T19:28:33.646+0000] {processor.py:186} INFO - Started process (PID=73) to work on /home/airflow/.local/lib/python3.12/site-packages/airflow/example_dags/example_branch_python_dop_operator_3.py
[2024-11-11T19:28:33.647+0000] {processor.py:914} INFO - Processing file /home/airflow/.local/lib/python3.12/site-packages/airflow/example_dags/example_branch_python_dop_operator_3.py for tasks to queue
[2024-11-11T19:28:33.650+0000] {logging_mixin.py:190} INFO - [2024-11-11T19:28:33.650+0000] {dagbag.py:588} INFO - Filling up the DagBag from /home/airflow/.local/lib/python3.12/site-packages/airflow/example_dags/example_branch_python_dop_operator_3.py
[2024-11-11T19:28:33.660+0000] {processor.py:925} INFO - DAG(s) 'example_branch_dop_operator_v3' retrieved from /home/airflow/.local/lib/python3.12/site-packages/airflow/example_dags/example_branch_python_dop_operator_3.py
[2024-11-11T19:28:33.681+0000] {logging_mixin.py:190} INFO - [2024-11-11T19:28:33.681+0000] {dag.py:3239} INFO - Sync 1 DAGs
[2024-11-11T19:28:33.716+0000] {logging_mixin.py:190} INFO - [2024-11-11T19:28:33.716+0000] {dag.py:4180} INFO - Setting next_dagrun for example_branch_dop_operator_v3 to 2024-11-11 19:27:00+00:00, run_after=2024-11-11 19:28:00+00:00
[2024-11-11T19:28:33.736+0000] {processor.py:208} INFO - Processing /home/airflow/.local/lib/python3.12/site-packages/airflow/example_dags/example_branch_python_dop_operator_3.py took 0.096 seconds
[2024-11-11T19:29:04.052+0000] {processor.py:186} INFO - Started process (PID=139) to work on /home/airflow/.local/lib/python3.12/site-packages/airflow/example_dags/example_branch_python_dop_operator_3.py
[2024-11-11T19:29:04.053+0000] {processor.py:914} INFO - Processing file /home/airflow/.local/lib/python3.12/site-packages/airflow/example_dags/example_branch_python_dop_operator_3.py for tasks to queue
[2024-11-11T19:29:04.054+0000] {logging_mixin.py:190} INFO - [2024-11-11T19:29:04.054+0000] {dagbag.py:588} INFO - Filling up the DagBag from /home/airflow/.local/lib/python3.12/site-packages/airflow/example_dags/example_branch_python_dop_operator_3.py
[2024-11-11T19:29:04.062+0000] {processor.py:925} INFO - DAG(s) 'example_branch_dop_operator_v3' retrieved from /home/airflow/.local/lib/python3.12/site-packages/airflow/example_dags/example_branch_python_dop_operator_3.py
[2024-11-11T19:29:04.077+0000] {logging_mixin.py:190} INFO - [2024-11-11T19:29:04.077+0000] {dag.py:3239} INFO - Sync 1 DAGs
[2024-11-11T19:29:04.097+0000] {logging_mixin.py:190} INFO - [2024-11-11T19:29:04.097+0000] {dag.py:4180} INFO - Setting next_dagrun for example_branch_dop_operator_v3 to 2024-11-11 19:28:00+00:00, run_after=2024-11-11 19:29:00+00:00
[2024-11-11T19:29:04.110+0000] {processor.py:208} INFO - Processing /home/airflow/.local/lib/python3.12/site-packages/airflow/example_dags/example_branch_python_dop_operator_3.py took 0.062 seconds
[2024-11-11T19:29:35.136+0000] {processor.py:186} INFO - Started process (PID=210) to work on /home/airflow/.local/lib/python3.12/site-packages/airflow/example_dags/example_branch_python_dop_operator_3.py
[2024-11-11T19:29:35.137+0000] {processor.py:914} INFO - Processing file /home/airflow/.local/lib/python3.12/site-packages/airflow/example_dags/example_branch_python_dop_operator_3.py for tasks to queue
[2024-11-11T19:29:35.139+0000] {logging_mixin.py:190} INFO - [2024-11-11T19:29:35.139+0000] {dagbag.py:588} INFO - Filling up the DagBag from /home/airflow/.local/lib/python3.12/site-packages/airflow/example_dags/example_branch_python_dop_operator_3.py
[2024-11-11T19:29:35.147+0000] {processor.py:925} INFO - DAG(s) 'example_branch_dop_operator_v3' retrieved from /home/airflow/.local/lib/python3.12/site-packages/airflow/example_dags/example_branch_python_dop_operator_3.py
[2024-11-11T19:29:35.164+0000] {logging_mixin.py:190} INFO - [2024-11-11T19:29:35.164+0000] {dag.py:3239} INFO - Sync 1 DAGs
[2024-11-11T19:29:35.184+0000] {logging_mixin.py:190} INFO - [2024-11-11T19:29:35.184+0000] {dag.py:4180} INFO - Setting next_dagrun for example_branch_dop_operator_v3 to 2024-11-11 19:28:00+00:00, run_after=2024-11-11 19:29:00+00:00
[2024-11-11T19:29:35.201+0000] {processor.py:208} INFO - Processing /home/airflow/.local/lib/python3.12/site-packages/airflow/example_dags/example_branch_python_dop_operator_3.py took 0.070 seconds
[2024-11-11T19:30:05.675+0000] {processor.py:186} INFO - Started process (PID=276) to work on /home/airflow/.local/lib/python3.12/site-packages/airflow/example_dags/example_branch_python_dop_operator_3.py
[2024-11-11T19:30:05.676+0000] {processor.py:914} INFO - Processing file /home/airflow/.local/lib/python3.12/site-packages/airflow/example_dags/example_branch_python_dop_operator_3.py for tasks to queue
[2024-11-11T19:30:05.678+0000] {logging_mixin.py:190} INFO - [2024-11-11T19:30:05.678+0000] {dagbag.py:588} INFO - Filling up the DagBag from /home/airflow/.local/lib/python3.12/site-packages/airflow/example_dags/example_branch_python_dop_operator_3.py
[2024-11-11T19:30:05.686+0000] {processor.py:925} INFO - DAG(s) 'example_branch_dop_operator_v3' retrieved from /home/airflow/.local/lib/python3.12/site-packages/airflow/example_dags/example_branch_python_dop_operator_3.py
[2024-11-11T19:30:05.702+0000] {logging_mixin.py:190} INFO - [2024-11-11T19:30:05.701+0000] {dag.py:3239} INFO - Sync 1 DAGs
[2024-11-11T19:30:05.721+0000] {logging_mixin.py:190} INFO - [2024-11-11T19:30:05.721+0000] {dag.py:4180} INFO - Setting next_dagrun for example_branch_dop_operator_v3 to 2024-11-11 19:29:00+00:00, run_after=2024-11-11 19:30:00+00:00
[2024-11-11T19:30:05.737+0000] {processor.py:208} INFO - Processing /home/airflow/.local/lib/python3.12/site-packages/airflow/example_dags/example_branch_python_dop_operator_3.py took 0.066 seconds
[2024-11-11T19:30:36.461+0000] {processor.py:186} INFO - Started process (PID=342) to work on /home/airflow/.local/lib/python3.12/site-packages/airflow/example_dags/example_branch_python_dop_operator_3.py
[2024-11-11T19:30:36.462+0000] {processor.py:914} INFO - Processing file /home/airflow/.local/lib/python3.12/site-packages/airflow/example_dags/example_branch_python_dop_operator_3.py for tasks to queue
[2024-11-11T19:30:36.465+0000] {logging_mixin.py:190} INFO - [2024-11-11T19:30:36.464+0000] {dagbag.py:588} INFO - Filling up the DagBag from /home/airflow/.local/lib/python3.12/site-packages/airflow/example_dags/example_branch_python_dop_operator_3.py
[2024-11-11T19:30:36.477+0000] {processor.py:925} INFO - DAG(s) 'example_branch_dop_operator_v3' retrieved from /home/airflow/.local/lib/python3.12/site-packages/airflow/example_dags/example_branch_python_dop_operator_3.py
[2024-11-11T19:30:36.501+0000] {logging_mixin.py:190} INFO - [2024-11-11T19:30:36.501+0000] {dag.py:3239} INFO - Sync 1 DAGs
[2024-11-11T19:30:36.534+0000] {logging_mixin.py:190} INFO - [2024-11-11T19:30:36.534+0000] {dag.py:4180} INFO - Setting next_dagrun for example_branch_dop_operator_v3 to 2024-11-11 19:29:00+00:00, run_after=2024-11-11 19:30:00+00:00
[2024-11-11T19:30:36.557+0000] {processor.py:208} INFO - Processing /home/airflow/.local/lib/python3.12/site-packages/airflow/example_dags/example_branch_python_dop_operator_3.py took 0.102 seconds
[2024-11-11T19:31:07.059+0000] {processor.py:186} INFO - Started process (PID=409) to work on /home/airflow/.local/lib/python3.12/site-packages/airflow/example_dags/example_branch_python_dop_operator_3.py
[2024-11-11T19:31:07.060+0000] {processor.py:914} INFO - Processing file /home/airflow/.local/lib/python3.12/site-packages/airflow/example_dags/example_branch_python_dop_operator_3.py for tasks to queue
[2024-11-11T19:31:07.062+0000] {logging_mixin.py:190} INFO - [2024-11-11T19:31:07.062+0000] {dagbag.py:588} INFO - Filling up the DagBag from /home/airflow/.local/lib/python3.12/site-packages/airflow/example_dags/example_branch_python_dop_operator_3.py
[2024-11-11T19:31:07.070+0000] {processor.py:925} INFO - DAG(s) 'example_branch_dop_operator_v3' retrieved from /home/airflow/.local/lib/python3.12/site-packages/airflow/example_dags/example_branch_python_dop_operator_3.py
[2024-11-11T19:31:07.087+0000] {logging_mixin.py:190} INFO - [2024-11-11T19:31:07.087+0000] {dag.py:3239} INFO - Sync 1 DAGs
[2024-11-11T19:31:07.107+0000] {logging_mixin.py:190} INFO - [2024-11-11T19:31:07.107+0000] {dag.py:4180} INFO - Setting next_dagrun for example_branch_dop_operator_v3 to 2024-11-11 19:30:00+00:00, run_after=2024-11-11 19:31:00+00:00
[2024-11-11T19:31:07.122+0000] {processor.py:208} INFO - Processing /home/airflow/.local/lib/python3.12/site-packages/airflow/example_dags/example_branch_python_dop_operator_3.py took 0.067 seconds
[2024-11-11T19:31:37.633+0000] {processor.py:186} INFO - Started process (PID=475) to work on /home/airflow/.local/lib/python3.12/site-packages/airflow/example_dags/example_branch_python_dop_operator_3.py
[2024-11-11T19:31:37.634+0000] {processor.py:914} INFO - Processing file /home/airflow/.local/lib/python3.12/site-packages/airflow/example_dags/example_branch_python_dop_operator_3.py for tasks to queue
[2024-11-11T19:31:37.635+0000] {logging_mixin.py:190} INFO - [2024-11-11T19:31:37.635+0000] {dagbag.py:588} INFO - Filling up the DagBag from /home/airflow/.local/lib/python3.12/site-packages/airflow/example_dags/example_branch_python_dop_operator_3.py
[2024-11-11T19:31:37.643+0000] {processor.py:925} INFO - DAG(s) 'example_branch_dop_operator_v3' retrieved from /home/airflow/.local/lib/python3.12/site-packages/airflow/example_dags/example_branch_python_dop_operator_3.py
[2024-11-11T19:31:37.657+0000] {logging_mixin.py:190} INFO - [2024-11-11T19:31:37.657+0000] {dag.py:3239} INFO - Sync 1 DAGs
[2024-11-11T19:31:37.677+0000] {logging_mixin.py:190} INFO - [2024-11-11T19:31:37.677+0000] {dag.py:4180} INFO - Setting next_dagrun for example_branch_dop_operator_v3 to 2024-11-11 19:30:00+00:00, run_after=2024-11-11 19:31:00+00:00
[2024-11-11T19:31:37.692+0000] {processor.py:208} INFO - Processing /home/airflow/.local/lib/python3.12/site-packages/airflow/example_dags/example_branch_python_dop_operator_3.py took 0.063 seconds
[2024-11-11T19:33:15.005+0000] {processor.py:186} INFO - Started process (PID=76) to work on /home/airflow/.local/lib/python3.12/site-packages/airflow/example_dags/example_branch_python_dop_operator_3.py
[2024-11-11T19:33:15.010+0000] {processor.py:914} INFO - Processing file /home/airflow/.local/lib/python3.12/site-packages/airflow/example_dags/example_branch_python_dop_operator_3.py for tasks to queue
[2024-11-11T19:33:15.038+0000] {logging_mixin.py:190} INFO - [2024-11-11T19:33:15.037+0000] {dagbag.py:588} INFO - Filling up the DagBag from /home/airflow/.local/lib/python3.12/site-packages/airflow/example_dags/example_branch_python_dop_operator_3.py
[2024-11-11T19:33:15.145+0000] {processor.py:925} INFO - DAG(s) 'example_branch_dop_operator_v3' retrieved from /home/airflow/.local/lib/python3.12/site-packages/airflow/example_dags/example_branch_python_dop_operator_3.py
[2024-11-11T19:33:15.310+0000] {logging_mixin.py:190} INFO - [2024-11-11T19:33:15.310+0000] {dag.py:3239} INFO - Sync 1 DAGs
[2024-11-11T19:33:15.423+0000] {logging_mixin.py:190} INFO - [2024-11-11T19:33:15.423+0000] {dag.py:4180} INFO - Setting next_dagrun for example_branch_dop_operator_v3 to 2024-11-11 19:32:00+00:00, run_after=2024-11-11 19:33:00+00:00
[2024-11-11T19:33:15.457+0000] {processor.py:208} INFO - Processing /home/airflow/.local/lib/python3.12/site-packages/airflow/example_dags/example_branch_python_dop_operator_3.py took 0.463 seconds
[2024-11-11T19:34:19.427+0000] {processor.py:186} INFO - Started process (PID=76) to work on /home/airflow/.local/lib/python3.12/site-packages/airflow/example_dags/example_branch_python_dop_operator_3.py
[2024-11-11T19:34:19.428+0000] {processor.py:914} INFO - Processing file /home/airflow/.local/lib/python3.12/site-packages/airflow/example_dags/example_branch_python_dop_operator_3.py for tasks to queue
[2024-11-11T19:34:19.430+0000] {logging_mixin.py:190} INFO - [2024-11-11T19:34:19.430+0000] {dagbag.py:588} INFO - Filling up the DagBag from /home/airflow/.local/lib/python3.12/site-packages/airflow/example_dags/example_branch_python_dop_operator_3.py
[2024-11-11T19:34:19.442+0000] {processor.py:925} INFO - DAG(s) 'example_branch_dop_operator_v3' retrieved from /home/airflow/.local/lib/python3.12/site-packages/airflow/example_dags/example_branch_python_dop_operator_3.py
[2024-11-11T19:34:19.466+0000] {logging_mixin.py:190} INFO - [2024-11-11T19:34:19.466+0000] {dag.py:3239} INFO - Sync 1 DAGs
[2024-11-11T19:34:19.492+0000] {logging_mixin.py:190} INFO - [2024-11-11T19:34:19.492+0000] {dag.py:4180} INFO - Setting next_dagrun for example_branch_dop_operator_v3 to 2024-11-11 19:33:00+00:00, run_after=2024-11-11 19:34:00+00:00
[2024-11-11T19:34:19.515+0000] {processor.py:208} INFO - Processing /home/airflow/.local/lib/python3.12/site-packages/airflow/example_dags/example_branch_python_dop_operator_3.py took 0.095 seconds
[2024-11-11T19:34:50.037+0000] {processor.py:186} INFO - Started process (PID=142) to work on /home/airflow/.local/lib/python3.12/site-packages/airflow/example_dags/example_branch_python_dop_operator_3.py
[2024-11-11T19:34:50.038+0000] {processor.py:914} INFO - Processing file /home/airflow/.local/lib/python3.12/site-packages/airflow/example_dags/example_branch_python_dop_operator_3.py for tasks to queue
[2024-11-11T19:34:50.039+0000] {logging_mixin.py:190} INFO - [2024-11-11T19:34:50.039+0000] {dagbag.py:588} INFO - Filling up the DagBag from /home/airflow/.local/lib/python3.12/site-packages/airflow/example_dags/example_branch_python_dop_operator_3.py
[2024-11-11T19:34:50.048+0000] {processor.py:925} INFO - DAG(s) 'example_branch_dop_operator_v3' retrieved from /home/airflow/.local/lib/python3.12/site-packages/airflow/example_dags/example_branch_python_dop_operator_3.py
[2024-11-11T19:34:50.064+0000] {logging_mixin.py:190} INFO - [2024-11-11T19:34:50.064+0000] {dag.py:3239} INFO - Sync 1 DAGs
[2024-11-11T19:34:50.085+0000] {logging_mixin.py:190} INFO - [2024-11-11T19:34:50.085+0000] {dag.py:4180} INFO - Setting next_dagrun for example_branch_dop_operator_v3 to 2024-11-11 19:33:00+00:00, run_after=2024-11-11 19:34:00+00:00
[2024-11-11T19:34:50.099+0000] {processor.py:208} INFO - Processing /home/airflow/.local/lib/python3.12/site-packages/airflow/example_dags/example_branch_python_dop_operator_3.py took 0.067 seconds
[2024-11-11T19:35:20.643+0000] {processor.py:186} INFO - Started process (PID=208) to work on /home/airflow/.local/lib/python3.12/site-packages/airflow/example_dags/example_branch_python_dop_operator_3.py
[2024-11-11T19:35:20.644+0000] {processor.py:914} INFO - Processing file /home/airflow/.local/lib/python3.12/site-packages/airflow/example_dags/example_branch_python_dop_operator_3.py for tasks to queue
[2024-11-11T19:35:20.646+0000] {logging_mixin.py:190} INFO - [2024-11-11T19:35:20.645+0000] {dagbag.py:588} INFO - Filling up the DagBag from /home/airflow/.local/lib/python3.12/site-packages/airflow/example_dags/example_branch_python_dop_operator_3.py
[2024-11-11T19:35:20.654+0000] {processor.py:925} INFO - DAG(s) 'example_branch_dop_operator_v3' retrieved from /home/airflow/.local/lib/python3.12/site-packages/airflow/example_dags/example_branch_python_dop_operator_3.py
[2024-11-11T19:35:20.669+0000] {logging_mixin.py:190} INFO - [2024-11-11T19:35:20.669+0000] {dag.py:3239} INFO - Sync 1 DAGs
[2024-11-11T19:35:20.689+0000] {logging_mixin.py:190} INFO - [2024-11-11T19:35:20.689+0000] {dag.py:4180} INFO - Setting next_dagrun for example_branch_dop_operator_v3 to 2024-11-11 19:34:00+00:00, run_after=2024-11-11 19:35:00+00:00
[2024-11-11T19:35:20.705+0000] {processor.py:208} INFO - Processing /home/airflow/.local/lib/python3.12/site-packages/airflow/example_dags/example_branch_python_dop_operator_3.py took 0.065 seconds
[2024-11-11T19:35:51.111+0000] {processor.py:186} INFO - Started process (PID=279) to work on /home/airflow/.local/lib/python3.12/site-packages/airflow/example_dags/example_branch_python_dop_operator_3.py
[2024-11-11T19:35:51.111+0000] {processor.py:914} INFO - Processing file /home/airflow/.local/lib/python3.12/site-packages/airflow/example_dags/example_branch_python_dop_operator_3.py for tasks to queue
[2024-11-11T19:35:51.113+0000] {logging_mixin.py:190} INFO - [2024-11-11T19:35:51.113+0000] {dagbag.py:588} INFO - Filling up the DagBag from /home/airflow/.local/lib/python3.12/site-packages/airflow/example_dags/example_branch_python_dop_operator_3.py
[2024-11-11T19:35:51.121+0000] {processor.py:925} INFO - DAG(s) 'example_branch_dop_operator_v3' retrieved from /home/airflow/.local/lib/python3.12/site-packages/airflow/example_dags/example_branch_python_dop_operator_3.py
[2024-11-11T19:35:51.143+0000] {logging_mixin.py:190} INFO - [2024-11-11T19:35:51.143+0000] {dag.py:3239} INFO - Sync 1 DAGs
[2024-11-11T19:35:51.164+0000] {logging_mixin.py:190} INFO - [2024-11-11T19:35:51.164+0000] {dag.py:4180} INFO - Setting next_dagrun for example_branch_dop_operator_v3 to 2024-11-11 19:34:00+00:00, run_after=2024-11-11 19:35:00+00:00
[2024-11-11T19:35:51.182+0000] {processor.py:208} INFO - Processing /home/airflow/.local/lib/python3.12/site-packages/airflow/example_dags/example_branch_python_dop_operator_3.py took 0.076 seconds
