[2024-11-11T18:58:18.071+0000] {processor.py:186} INFO - Started process (PID=97) to work on /home/airflow/.local/lib/python3.12/site-packages/airflow/example_dags/example_bash_operator.py
[2024-11-11T18:58:18.073+0000] {processor.py:914} INFO - Processing file /home/airflow/.local/lib/python3.12/site-packages/airflow/example_dags/example_bash_operator.py for tasks to queue
[2024-11-11T18:58:18.075+0000] {logging_mixin.py:190} INFO - [2024-11-11T18:58:18.075+0000] {dagbag.py:588} INFO - Filling up the DagBag from /home/airflow/.local/lib/python3.12/site-packages/airflow/example_dags/example_bash_operator.py
[2024-11-11T18:58:18.105+0000] {processor.py:925} INFO - DAG(s) 'example_bash_operator' retrieved from /home/airflow/.local/lib/python3.12/site-packages/airflow/example_dags/example_bash_operator.py
[2024-11-11T18:58:18.156+0000] {logging_mixin.py:190} INFO - [2024-11-11T18:58:18.156+0000] {dag.py:3239} INFO - Sync 1 DAGs
[2024-11-11T18:58:18.194+0000] {logging_mixin.py:190} INFO - [2024-11-11T18:58:18.193+0000] {dag.py:4180} INFO - Setting next_dagrun for example_bash_operator to 2024-11-10 00:00:00+00:00, run_after=2024-11-11 00:00:00+00:00
[2024-11-11T18:58:18.224+0000] {processor.py:208} INFO - Processing /home/airflow/.local/lib/python3.12/site-packages/airflow/example_dags/example_bash_operator.py took 0.159 seconds
[2024-11-11T18:58:48.839+0000] {processor.py:186} INFO - Started process (PID=161) to work on /home/airflow/.local/lib/python3.12/site-packages/airflow/example_dags/example_bash_operator.py
[2024-11-11T18:58:48.839+0000] {processor.py:914} INFO - Processing file /home/airflow/.local/lib/python3.12/site-packages/airflow/example_dags/example_bash_operator.py for tasks to queue
[2024-11-11T18:58:48.841+0000] {logging_mixin.py:190} INFO - [2024-11-11T18:58:48.841+0000] {dagbag.py:588} INFO - Filling up the DagBag from /home/airflow/.local/lib/python3.12/site-packages/airflow/example_dags/example_bash_operator.py
[2024-11-11T18:58:48.854+0000] {processor.py:925} INFO - DAG(s) 'example_bash_operator' retrieved from /home/airflow/.local/lib/python3.12/site-packages/airflow/example_dags/example_bash_operator.py
[2024-11-11T18:58:48.882+0000] {logging_mixin.py:190} INFO - [2024-11-11T18:58:48.882+0000] {dag.py:3239} INFO - Sync 1 DAGs
[2024-11-11T18:58:48.904+0000] {logging_mixin.py:190} INFO - [2024-11-11T18:58:48.903+0000] {dag.py:4180} INFO - Setting next_dagrun for example_bash_operator to 2024-11-10 00:00:00+00:00, run_after=2024-11-11 00:00:00+00:00
[2024-11-11T18:58:48.922+0000] {processor.py:208} INFO - Processing /home/airflow/.local/lib/python3.12/site-packages/airflow/example_dags/example_bash_operator.py took 0.087 seconds
[2024-11-11T18:59:19.415+0000] {processor.py:186} INFO - Started process (PID=227) to work on /home/airflow/.local/lib/python3.12/site-packages/airflow/example_dags/example_bash_operator.py
[2024-11-11T18:59:19.416+0000] {processor.py:914} INFO - Processing file /home/airflow/.local/lib/python3.12/site-packages/airflow/example_dags/example_bash_operator.py for tasks to queue
[2024-11-11T18:59:19.419+0000] {logging_mixin.py:190} INFO - [2024-11-11T18:59:19.418+0000] {dagbag.py:588} INFO - Filling up the DagBag from /home/airflow/.local/lib/python3.12/site-packages/airflow/example_dags/example_bash_operator.py
[2024-11-11T18:59:19.461+0000] {processor.py:925} INFO - DAG(s) 'example_bash_operator' retrieved from /home/airflow/.local/lib/python3.12/site-packages/airflow/example_dags/example_bash_operator.py
[2024-11-11T18:59:19.534+0000] {logging_mixin.py:190} INFO - [2024-11-11T18:59:19.534+0000] {dag.py:3239} INFO - Sync 1 DAGs
[2024-11-11T18:59:19.574+0000] {logging_mixin.py:190} INFO - [2024-11-11T18:59:19.574+0000] {dag.py:4180} INFO - Setting next_dagrun for example_bash_operator to 2024-11-10 00:00:00+00:00, run_after=2024-11-11 00:00:00+00:00
[2024-11-11T18:59:19.594+0000] {processor.py:208} INFO - Processing /home/airflow/.local/lib/python3.12/site-packages/airflow/example_dags/example_bash_operator.py took 0.186 seconds
[2024-11-11T18:59:50.521+0000] {processor.py:186} INFO - Started process (PID=292) to work on /home/airflow/.local/lib/python3.12/site-packages/airflow/example_dags/example_bash_operator.py
[2024-11-11T18:59:50.522+0000] {processor.py:914} INFO - Processing file /home/airflow/.local/lib/python3.12/site-packages/airflow/example_dags/example_bash_operator.py for tasks to queue
[2024-11-11T18:59:50.533+0000] {logging_mixin.py:190} INFO - [2024-11-11T18:59:50.533+0000] {dagbag.py:588} INFO - Filling up the DagBag from /home/airflow/.local/lib/python3.12/site-packages/airflow/example_dags/example_bash_operator.py
[2024-11-11T18:59:50.555+0000] {processor.py:925} INFO - DAG(s) 'example_bash_operator' retrieved from /home/airflow/.local/lib/python3.12/site-packages/airflow/example_dags/example_bash_operator.py
[2024-11-11T18:59:50.611+0000] {logging_mixin.py:190} INFO - [2024-11-11T18:59:50.610+0000] {dag.py:3239} INFO - Sync 1 DAGs
[2024-11-11T18:59:50.655+0000] {logging_mixin.py:190} INFO - [2024-11-11T18:59:50.655+0000] {dag.py:4180} INFO - Setting next_dagrun for example_bash_operator to 2024-11-10 00:00:00+00:00, run_after=2024-11-11 00:00:00+00:00
[2024-11-11T18:59:50.702+0000] {processor.py:208} INFO - Processing /home/airflow/.local/lib/python3.12/site-packages/airflow/example_dags/example_bash_operator.py took 0.186 seconds
[2024-11-11T19:00:21.060+0000] {processor.py:186} INFO - Started process (PID=357) to work on /home/airflow/.local/lib/python3.12/site-packages/airflow/example_dags/example_bash_operator.py
[2024-11-11T19:00:21.061+0000] {processor.py:914} INFO - Processing file /home/airflow/.local/lib/python3.12/site-packages/airflow/example_dags/example_bash_operator.py for tasks to queue
[2024-11-11T19:00:21.063+0000] {logging_mixin.py:190} INFO - [2024-11-11T19:00:21.063+0000] {dagbag.py:588} INFO - Filling up the DagBag from /home/airflow/.local/lib/python3.12/site-packages/airflow/example_dags/example_bash_operator.py
[2024-11-11T19:00:21.073+0000] {processor.py:925} INFO - DAG(s) 'example_bash_operator' retrieved from /home/airflow/.local/lib/python3.12/site-packages/airflow/example_dags/example_bash_operator.py
[2024-11-11T19:00:21.097+0000] {logging_mixin.py:190} INFO - [2024-11-11T19:00:21.097+0000] {dag.py:3239} INFO - Sync 1 DAGs
[2024-11-11T19:00:21.118+0000] {logging_mixin.py:190} INFO - [2024-11-11T19:00:21.118+0000] {dag.py:4180} INFO - Setting next_dagrun for example_bash_operator to 2024-11-10 00:00:00+00:00, run_after=2024-11-11 00:00:00+00:00
[2024-11-11T19:00:21.132+0000] {processor.py:208} INFO - Processing /home/airflow/.local/lib/python3.12/site-packages/airflow/example_dags/example_bash_operator.py took 0.075 seconds
[2024-11-11T19:00:51.833+0000] {processor.py:186} INFO - Started process (PID=422) to work on /home/airflow/.local/lib/python3.12/site-packages/airflow/example_dags/example_bash_operator.py
[2024-11-11T19:00:51.834+0000] {processor.py:914} INFO - Processing file /home/airflow/.local/lib/python3.12/site-packages/airflow/example_dags/example_bash_operator.py for tasks to queue
[2024-11-11T19:00:51.836+0000] {logging_mixin.py:190} INFO - [2024-11-11T19:00:51.836+0000] {dagbag.py:588} INFO - Filling up the DagBag from /home/airflow/.local/lib/python3.12/site-packages/airflow/example_dags/example_bash_operator.py
[2024-11-11T19:00:51.846+0000] {processor.py:925} INFO - DAG(s) 'example_bash_operator' retrieved from /home/airflow/.local/lib/python3.12/site-packages/airflow/example_dags/example_bash_operator.py
[2024-11-11T19:00:51.868+0000] {logging_mixin.py:190} INFO - [2024-11-11T19:00:51.868+0000] {dag.py:3239} INFO - Sync 1 DAGs
[2024-11-11T19:00:51.888+0000] {logging_mixin.py:190} INFO - [2024-11-11T19:00:51.888+0000] {dag.py:4180} INFO - Setting next_dagrun for example_bash_operator to 2024-11-10 00:00:00+00:00, run_after=2024-11-11 00:00:00+00:00
[2024-11-11T19:00:51.903+0000] {processor.py:208} INFO - Processing /home/airflow/.local/lib/python3.12/site-packages/airflow/example_dags/example_bash_operator.py took 0.075 seconds
[2024-11-11T19:01:22.273+0000] {processor.py:186} INFO - Started process (PID=487) to work on /home/airflow/.local/lib/python3.12/site-packages/airflow/example_dags/example_bash_operator.py
[2024-11-11T19:01:22.274+0000] {processor.py:914} INFO - Processing file /home/airflow/.local/lib/python3.12/site-packages/airflow/example_dags/example_bash_operator.py for tasks to queue
[2024-11-11T19:01:22.276+0000] {logging_mixin.py:190} INFO - [2024-11-11T19:01:22.276+0000] {dagbag.py:588} INFO - Filling up the DagBag from /home/airflow/.local/lib/python3.12/site-packages/airflow/example_dags/example_bash_operator.py
[2024-11-11T19:01:22.287+0000] {processor.py:925} INFO - DAG(s) 'example_bash_operator' retrieved from /home/airflow/.local/lib/python3.12/site-packages/airflow/example_dags/example_bash_operator.py
[2024-11-11T19:01:22.313+0000] {logging_mixin.py:190} INFO - [2024-11-11T19:01:22.313+0000] {dag.py:3239} INFO - Sync 1 DAGs
[2024-11-11T19:01:22.333+0000] {logging_mixin.py:190} INFO - [2024-11-11T19:01:22.333+0000] {dag.py:4180} INFO - Setting next_dagrun for example_bash_operator to 2024-11-10 00:00:00+00:00, run_after=2024-11-11 00:00:00+00:00
[2024-11-11T19:01:22.347+0000] {processor.py:208} INFO - Processing /home/airflow/.local/lib/python3.12/site-packages/airflow/example_dags/example_bash_operator.py took 0.079 seconds
[2024-11-11T19:01:52.796+0000] {processor.py:186} INFO - Started process (PID=552) to work on /home/airflow/.local/lib/python3.12/site-packages/airflow/example_dags/example_bash_operator.py
[2024-11-11T19:01:52.797+0000] {processor.py:914} INFO - Processing file /home/airflow/.local/lib/python3.12/site-packages/airflow/example_dags/example_bash_operator.py for tasks to queue
[2024-11-11T19:01:52.799+0000] {logging_mixin.py:190} INFO - [2024-11-11T19:01:52.799+0000] {dagbag.py:588} INFO - Filling up the DagBag from /home/airflow/.local/lib/python3.12/site-packages/airflow/example_dags/example_bash_operator.py
[2024-11-11T19:01:52.809+0000] {processor.py:925} INFO - DAG(s) 'example_bash_operator' retrieved from /home/airflow/.local/lib/python3.12/site-packages/airflow/example_dags/example_bash_operator.py
[2024-11-11T19:01:52.835+0000] {logging_mixin.py:190} INFO - [2024-11-11T19:01:52.835+0000] {dag.py:3239} INFO - Sync 1 DAGs
[2024-11-11T19:01:52.855+0000] {logging_mixin.py:190} INFO - [2024-11-11T19:01:52.855+0000] {dag.py:4180} INFO - Setting next_dagrun for example_bash_operator to 2024-11-10 00:00:00+00:00, run_after=2024-11-11 00:00:00+00:00
[2024-11-11T19:01:52.877+0000] {processor.py:208} INFO - Processing /home/airflow/.local/lib/python3.12/site-packages/airflow/example_dags/example_bash_operator.py took 0.086 seconds
[2024-11-11T19:02:23.194+0000] {processor.py:186} INFO - Started process (PID=617) to work on /home/airflow/.local/lib/python3.12/site-packages/airflow/example_dags/example_bash_operator.py
[2024-11-11T19:02:23.195+0000] {processor.py:914} INFO - Processing file /home/airflow/.local/lib/python3.12/site-packages/airflow/example_dags/example_bash_operator.py for tasks to queue
[2024-11-11T19:02:23.197+0000] {logging_mixin.py:190} INFO - [2024-11-11T19:02:23.196+0000] {dagbag.py:588} INFO - Filling up the DagBag from /home/airflow/.local/lib/python3.12/site-packages/airflow/example_dags/example_bash_operator.py
[2024-11-11T19:02:23.206+0000] {processor.py:925} INFO - DAG(s) 'example_bash_operator' retrieved from /home/airflow/.local/lib/python3.12/site-packages/airflow/example_dags/example_bash_operator.py
[2024-11-11T19:02:23.231+0000] {logging_mixin.py:190} INFO - [2024-11-11T19:02:23.231+0000] {dag.py:3239} INFO - Sync 1 DAGs
[2024-11-11T19:02:23.249+0000] {logging_mixin.py:190} INFO - [2024-11-11T19:02:23.249+0000] {dag.py:4180} INFO - Setting next_dagrun for example_bash_operator to 2024-11-10 00:00:00+00:00, run_after=2024-11-11 00:00:00+00:00
[2024-11-11T19:02:23.270+0000] {processor.py:208} INFO - Processing /home/airflow/.local/lib/python3.12/site-packages/airflow/example_dags/example_bash_operator.py took 0.082 seconds
[2024-11-11T19:02:53.459+0000] {processor.py:186} INFO - Started process (PID=682) to work on /home/airflow/.local/lib/python3.12/site-packages/airflow/example_dags/example_bash_operator.py
[2024-11-11T19:02:53.460+0000] {processor.py:914} INFO - Processing file /home/airflow/.local/lib/python3.12/site-packages/airflow/example_dags/example_bash_operator.py for tasks to queue
[2024-11-11T19:02:53.462+0000] {logging_mixin.py:190} INFO - [2024-11-11T19:02:53.462+0000] {dagbag.py:588} INFO - Filling up the DagBag from /home/airflow/.local/lib/python3.12/site-packages/airflow/example_dags/example_bash_operator.py
[2024-11-11T19:02:53.472+0000] {processor.py:925} INFO - DAG(s) 'example_bash_operator' retrieved from /home/airflow/.local/lib/python3.12/site-packages/airflow/example_dags/example_bash_operator.py
[2024-11-11T19:02:53.501+0000] {logging_mixin.py:190} INFO - [2024-11-11T19:02:53.501+0000] {dag.py:3239} INFO - Sync 1 DAGs
[2024-11-11T19:02:53.521+0000] {logging_mixin.py:190} INFO - [2024-11-11T19:02:53.520+0000] {dag.py:4180} INFO - Setting next_dagrun for example_bash_operator to 2024-11-10 00:00:00+00:00, run_after=2024-11-11 00:00:00+00:00
[2024-11-11T19:02:53.542+0000] {processor.py:208} INFO - Processing /home/airflow/.local/lib/python3.12/site-packages/airflow/example_dags/example_bash_operator.py took 0.088 seconds
[2024-11-11T19:03:23.836+0000] {processor.py:186} INFO - Started process (PID=747) to work on /home/airflow/.local/lib/python3.12/site-packages/airflow/example_dags/example_bash_operator.py
[2024-11-11T19:03:23.837+0000] {processor.py:914} INFO - Processing file /home/airflow/.local/lib/python3.12/site-packages/airflow/example_dags/example_bash_operator.py for tasks to queue
[2024-11-11T19:03:23.839+0000] {logging_mixin.py:190} INFO - [2024-11-11T19:03:23.838+0000] {dagbag.py:588} INFO - Filling up the DagBag from /home/airflow/.local/lib/python3.12/site-packages/airflow/example_dags/example_bash_operator.py
[2024-11-11T19:03:23.850+0000] {processor.py:925} INFO - DAG(s) 'example_bash_operator' retrieved from /home/airflow/.local/lib/python3.12/site-packages/airflow/example_dags/example_bash_operator.py
[2024-11-11T19:03:23.878+0000] {logging_mixin.py:190} INFO - [2024-11-11T19:03:23.877+0000] {dag.py:3239} INFO - Sync 1 DAGs
[2024-11-11T19:03:23.900+0000] {logging_mixin.py:190} INFO - [2024-11-11T19:03:23.900+0000] {dag.py:4180} INFO - Setting next_dagrun for example_bash_operator to 2024-11-10 00:00:00+00:00, run_after=2024-11-11 00:00:00+00:00
[2024-11-11T19:03:23.923+0000] {processor.py:208} INFO - Processing /home/airflow/.local/lib/python3.12/site-packages/airflow/example_dags/example_bash_operator.py took 0.092 seconds
[2024-11-11T19:03:54.340+0000] {processor.py:186} INFO - Started process (PID=812) to work on /home/airflow/.local/lib/python3.12/site-packages/airflow/example_dags/example_bash_operator.py
[2024-11-11T19:03:54.341+0000] {processor.py:914} INFO - Processing file /home/airflow/.local/lib/python3.12/site-packages/airflow/example_dags/example_bash_operator.py for tasks to queue
[2024-11-11T19:03:54.343+0000] {logging_mixin.py:190} INFO - [2024-11-11T19:03:54.343+0000] {dagbag.py:588} INFO - Filling up the DagBag from /home/airflow/.local/lib/python3.12/site-packages/airflow/example_dags/example_bash_operator.py
[2024-11-11T19:03:54.353+0000] {processor.py:925} INFO - DAG(s) 'example_bash_operator' retrieved from /home/airflow/.local/lib/python3.12/site-packages/airflow/example_dags/example_bash_operator.py
[2024-11-11T19:03:54.379+0000] {logging_mixin.py:190} INFO - [2024-11-11T19:03:54.378+0000] {dag.py:3239} INFO - Sync 1 DAGs
[2024-11-11T19:03:54.397+0000] {logging_mixin.py:190} INFO - [2024-11-11T19:03:54.397+0000] {dag.py:4180} INFO - Setting next_dagrun for example_bash_operator to 2024-11-10 00:00:00+00:00, run_after=2024-11-11 00:00:00+00:00
[2024-11-11T19:03:54.413+0000] {processor.py:208} INFO - Processing /home/airflow/.local/lib/python3.12/site-packages/airflow/example_dags/example_bash_operator.py took 0.078 seconds
[2024-11-11T19:04:24.780+0000] {processor.py:186} INFO - Started process (PID=877) to work on /home/airflow/.local/lib/python3.12/site-packages/airflow/example_dags/example_bash_operator.py
[2024-11-11T19:04:24.781+0000] {processor.py:914} INFO - Processing file /home/airflow/.local/lib/python3.12/site-packages/airflow/example_dags/example_bash_operator.py for tasks to queue
[2024-11-11T19:04:24.782+0000] {logging_mixin.py:190} INFO - [2024-11-11T19:04:24.782+0000] {dagbag.py:588} INFO - Filling up the DagBag from /home/airflow/.local/lib/python3.12/site-packages/airflow/example_dags/example_bash_operator.py
[2024-11-11T19:04:24.792+0000] {processor.py:925} INFO - DAG(s) 'example_bash_operator' retrieved from /home/airflow/.local/lib/python3.12/site-packages/airflow/example_dags/example_bash_operator.py
[2024-11-11T19:04:24.824+0000] {logging_mixin.py:190} INFO - [2024-11-11T19:04:24.824+0000] {dag.py:3239} INFO - Sync 1 DAGs
[2024-11-11T19:04:24.842+0000] {logging_mixin.py:190} INFO - [2024-11-11T19:04:24.842+0000] {dag.py:4180} INFO - Setting next_dagrun for example_bash_operator to 2024-11-10 00:00:00+00:00, run_after=2024-11-11 00:00:00+00:00
[2024-11-11T19:04:24.855+0000] {processor.py:208} INFO - Processing /home/airflow/.local/lib/python3.12/site-packages/airflow/example_dags/example_bash_operator.py took 0.081 seconds
[2024-11-11T19:04:55.567+0000] {processor.py:186} INFO - Started process (PID=942) to work on /home/airflow/.local/lib/python3.12/site-packages/airflow/example_dags/example_bash_operator.py
[2024-11-11T19:04:55.567+0000] {processor.py:914} INFO - Processing file /home/airflow/.local/lib/python3.12/site-packages/airflow/example_dags/example_bash_operator.py for tasks to queue
[2024-11-11T19:04:55.569+0000] {logging_mixin.py:190} INFO - [2024-11-11T19:04:55.569+0000] {dagbag.py:588} INFO - Filling up the DagBag from /home/airflow/.local/lib/python3.12/site-packages/airflow/example_dags/example_bash_operator.py
[2024-11-11T19:04:55.581+0000] {processor.py:925} INFO - DAG(s) 'example_bash_operator' retrieved from /home/airflow/.local/lib/python3.12/site-packages/airflow/example_dags/example_bash_operator.py
[2024-11-11T19:04:55.604+0000] {logging_mixin.py:190} INFO - [2024-11-11T19:04:55.604+0000] {dag.py:3239} INFO - Sync 1 DAGs
[2024-11-11T19:04:55.622+0000] {logging_mixin.py:190} INFO - [2024-11-11T19:04:55.621+0000] {dag.py:4180} INFO - Setting next_dagrun for example_bash_operator to 2024-11-10 00:00:00+00:00, run_after=2024-11-11 00:00:00+00:00
[2024-11-11T19:04:55.635+0000] {processor.py:208} INFO - Processing /home/airflow/.local/lib/python3.12/site-packages/airflow/example_dags/example_bash_operator.py took 0.072 seconds
[2024-11-11T19:05:26.238+0000] {processor.py:186} INFO - Started process (PID=1007) to work on /home/airflow/.local/lib/python3.12/site-packages/airflow/example_dags/example_bash_operator.py
[2024-11-11T19:05:26.239+0000] {processor.py:914} INFO - Processing file /home/airflow/.local/lib/python3.12/site-packages/airflow/example_dags/example_bash_operator.py for tasks to queue
[2024-11-11T19:05:26.241+0000] {logging_mixin.py:190} INFO - [2024-11-11T19:05:26.241+0000] {dagbag.py:588} INFO - Filling up the DagBag from /home/airflow/.local/lib/python3.12/site-packages/airflow/example_dags/example_bash_operator.py
[2024-11-11T19:05:26.255+0000] {processor.py:925} INFO - DAG(s) 'example_bash_operator' retrieved from /home/airflow/.local/lib/python3.12/site-packages/airflow/example_dags/example_bash_operator.py
[2024-11-11T19:05:26.277+0000] {logging_mixin.py:190} INFO - [2024-11-11T19:05:26.277+0000] {dag.py:3239} INFO - Sync 1 DAGs
[2024-11-11T19:05:26.296+0000] {logging_mixin.py:190} INFO - [2024-11-11T19:05:26.296+0000] {dag.py:4180} INFO - Setting next_dagrun for example_bash_operator to 2024-11-10 00:00:00+00:00, run_after=2024-11-11 00:00:00+00:00
[2024-11-11T19:05:26.309+0000] {processor.py:208} INFO - Processing /home/airflow/.local/lib/python3.12/site-packages/airflow/example_dags/example_bash_operator.py took 0.076 seconds
[2024-11-11T19:05:56.459+0000] {processor.py:186} INFO - Started process (PID=1072) to work on /home/airflow/.local/lib/python3.12/site-packages/airflow/example_dags/example_bash_operator.py
[2024-11-11T19:05:56.472+0000] {processor.py:914} INFO - Processing file /home/airflow/.local/lib/python3.12/site-packages/airflow/example_dags/example_bash_operator.py for tasks to queue
[2024-11-11T19:05:56.474+0000] {logging_mixin.py:190} INFO - [2024-11-11T19:05:56.474+0000] {dagbag.py:588} INFO - Filling up the DagBag from /home/airflow/.local/lib/python3.12/site-packages/airflow/example_dags/example_bash_operator.py
[2024-11-11T19:05:56.490+0000] {processor.py:925} INFO - DAG(s) 'example_bash_operator' retrieved from /home/airflow/.local/lib/python3.12/site-packages/airflow/example_dags/example_bash_operator.py
[2024-11-11T19:05:56.558+0000] {logging_mixin.py:190} INFO - [2024-11-11T19:05:56.558+0000] {dag.py:3239} INFO - Sync 1 DAGs
[2024-11-11T19:05:56.612+0000] {logging_mixin.py:190} INFO - [2024-11-11T19:05:56.612+0000] {dag.py:4180} INFO - Setting next_dagrun for example_bash_operator to 2024-11-10 00:00:00+00:00, run_after=2024-11-11 00:00:00+00:00
[2024-11-11T19:05:56.646+0000] {processor.py:208} INFO - Processing /home/airflow/.local/lib/python3.12/site-packages/airflow/example_dags/example_bash_operator.py took 0.192 seconds
[2024-11-11T19:06:26.734+0000] {processor.py:186} INFO - Started process (PID=1138) to work on /home/airflow/.local/lib/python3.12/site-packages/airflow/example_dags/example_bash_operator.py
[2024-11-11T19:06:26.735+0000] {processor.py:914} INFO - Processing file /home/airflow/.local/lib/python3.12/site-packages/airflow/example_dags/example_bash_operator.py for tasks to queue
[2024-11-11T19:06:26.737+0000] {logging_mixin.py:190} INFO - [2024-11-11T19:06:26.736+0000] {dagbag.py:588} INFO - Filling up the DagBag from /home/airflow/.local/lib/python3.12/site-packages/airflow/example_dags/example_bash_operator.py
[2024-11-11T19:06:26.747+0000] {processor.py:925} INFO - DAG(s) 'example_bash_operator' retrieved from /home/airflow/.local/lib/python3.12/site-packages/airflow/example_dags/example_bash_operator.py
[2024-11-11T19:06:26.769+0000] {logging_mixin.py:190} INFO - [2024-11-11T19:06:26.769+0000] {dag.py:3239} INFO - Sync 1 DAGs
[2024-11-11T19:06:26.787+0000] {logging_mixin.py:190} INFO - [2024-11-11T19:06:26.787+0000] {dag.py:4180} INFO - Setting next_dagrun for example_bash_operator to 2024-11-10 00:00:00+00:00, run_after=2024-11-11 00:00:00+00:00
[2024-11-11T19:06:26.801+0000] {processor.py:208} INFO - Processing /home/airflow/.local/lib/python3.12/site-packages/airflow/example_dags/example_bash_operator.py took 0.071 seconds
[2024-11-11T19:06:57.007+0000] {processor.py:186} INFO - Started process (PID=1204) to work on /home/airflow/.local/lib/python3.12/site-packages/airflow/example_dags/example_bash_operator.py
[2024-11-11T19:06:57.007+0000] {processor.py:914} INFO - Processing file /home/airflow/.local/lib/python3.12/site-packages/airflow/example_dags/example_bash_operator.py for tasks to queue
[2024-11-11T19:06:57.009+0000] {logging_mixin.py:190} INFO - [2024-11-11T19:06:57.009+0000] {dagbag.py:588} INFO - Filling up the DagBag from /home/airflow/.local/lib/python3.12/site-packages/airflow/example_dags/example_bash_operator.py
[2024-11-11T19:06:57.021+0000] {processor.py:925} INFO - DAG(s) 'example_bash_operator' retrieved from /home/airflow/.local/lib/python3.12/site-packages/airflow/example_dags/example_bash_operator.py
[2024-11-11T19:06:57.043+0000] {logging_mixin.py:190} INFO - [2024-11-11T19:06:57.043+0000] {dag.py:3239} INFO - Sync 1 DAGs
[2024-11-11T19:06:57.062+0000] {logging_mixin.py:190} INFO - [2024-11-11T19:06:57.061+0000] {dag.py:4180} INFO - Setting next_dagrun for example_bash_operator to 2024-11-10 00:00:00+00:00, run_after=2024-11-11 00:00:00+00:00
[2024-11-11T19:06:57.076+0000] {processor.py:208} INFO - Processing /home/airflow/.local/lib/python3.12/site-packages/airflow/example_dags/example_bash_operator.py took 0.074 seconds
[2024-11-11T19:07:27.745+0000] {processor.py:186} INFO - Started process (PID=1269) to work on /home/airflow/.local/lib/python3.12/site-packages/airflow/example_dags/example_bash_operator.py
[2024-11-11T19:07:27.745+0000] {processor.py:914} INFO - Processing file /home/airflow/.local/lib/python3.12/site-packages/airflow/example_dags/example_bash_operator.py for tasks to queue
[2024-11-11T19:07:27.748+0000] {logging_mixin.py:190} INFO - [2024-11-11T19:07:27.747+0000] {dagbag.py:588} INFO - Filling up the DagBag from /home/airflow/.local/lib/python3.12/site-packages/airflow/example_dags/example_bash_operator.py
[2024-11-11T19:07:27.775+0000] {processor.py:925} INFO - DAG(s) 'example_bash_operator' retrieved from /home/airflow/.local/lib/python3.12/site-packages/airflow/example_dags/example_bash_operator.py
[2024-11-11T19:07:27.796+0000] {logging_mixin.py:190} INFO - [2024-11-11T19:07:27.796+0000] {dag.py:3239} INFO - Sync 1 DAGs
[2024-11-11T19:07:27.816+0000] {logging_mixin.py:190} INFO - [2024-11-11T19:07:27.816+0000] {dag.py:4180} INFO - Setting next_dagrun for example_bash_operator to 2024-11-10 00:00:00+00:00, run_after=2024-11-11 00:00:00+00:00
[2024-11-11T19:07:27.829+0000] {processor.py:208} INFO - Processing /home/airflow/.local/lib/python3.12/site-packages/airflow/example_dags/example_bash_operator.py took 0.090 seconds
[2024-11-11T19:07:58.157+0000] {processor.py:186} INFO - Started process (PID=1334) to work on /home/airflow/.local/lib/python3.12/site-packages/airflow/example_dags/example_bash_operator.py
[2024-11-11T19:07:58.158+0000] {processor.py:914} INFO - Processing file /home/airflow/.local/lib/python3.12/site-packages/airflow/example_dags/example_bash_operator.py for tasks to queue
[2024-11-11T19:07:58.160+0000] {logging_mixin.py:190} INFO - [2024-11-11T19:07:58.160+0000] {dagbag.py:588} INFO - Filling up the DagBag from /home/airflow/.local/lib/python3.12/site-packages/airflow/example_dags/example_bash_operator.py
[2024-11-11T19:07:58.170+0000] {processor.py:925} INFO - DAG(s) 'example_bash_operator' retrieved from /home/airflow/.local/lib/python3.12/site-packages/airflow/example_dags/example_bash_operator.py
[2024-11-11T19:07:58.192+0000] {logging_mixin.py:190} INFO - [2024-11-11T19:07:58.192+0000] {dag.py:3239} INFO - Sync 1 DAGs
[2024-11-11T19:07:58.211+0000] {logging_mixin.py:190} INFO - [2024-11-11T19:07:58.210+0000] {dag.py:4180} INFO - Setting next_dagrun for example_bash_operator to 2024-11-10 00:00:00+00:00, run_after=2024-11-11 00:00:00+00:00
[2024-11-11T19:07:58.224+0000] {processor.py:208} INFO - Processing /home/airflow/.local/lib/python3.12/site-packages/airflow/example_dags/example_bash_operator.py took 0.072 seconds
[2024-11-11T19:08:28.764+0000] {processor.py:186} INFO - Started process (PID=1399) to work on /home/airflow/.local/lib/python3.12/site-packages/airflow/example_dags/example_bash_operator.py
[2024-11-11T19:08:28.765+0000] {processor.py:914} INFO - Processing file /home/airflow/.local/lib/python3.12/site-packages/airflow/example_dags/example_bash_operator.py for tasks to queue
[2024-11-11T19:08:28.767+0000] {logging_mixin.py:190} INFO - [2024-11-11T19:08:28.766+0000] {dagbag.py:588} INFO - Filling up the DagBag from /home/airflow/.local/lib/python3.12/site-packages/airflow/example_dags/example_bash_operator.py
[2024-11-11T19:08:28.778+0000] {processor.py:925} INFO - DAG(s) 'example_bash_operator' retrieved from /home/airflow/.local/lib/python3.12/site-packages/airflow/example_dags/example_bash_operator.py
[2024-11-11T19:08:28.806+0000] {logging_mixin.py:190} INFO - [2024-11-11T19:08:28.806+0000] {dag.py:3239} INFO - Sync 1 DAGs
[2024-11-11T19:08:28.825+0000] {logging_mixin.py:190} INFO - [2024-11-11T19:08:28.825+0000] {dag.py:4180} INFO - Setting next_dagrun for example_bash_operator to 2024-11-10 00:00:00+00:00, run_after=2024-11-11 00:00:00+00:00
[2024-11-11T19:08:28.839+0000] {processor.py:208} INFO - Processing /home/airflow/.local/lib/python3.12/site-packages/airflow/example_dags/example_bash_operator.py took 0.079 seconds
[2024-11-11T19:08:59.495+0000] {processor.py:186} INFO - Started process (PID=1463) to work on /home/airflow/.local/lib/python3.12/site-packages/airflow/example_dags/example_bash_operator.py
[2024-11-11T19:08:59.496+0000] {processor.py:914} INFO - Processing file /home/airflow/.local/lib/python3.12/site-packages/airflow/example_dags/example_bash_operator.py for tasks to queue
[2024-11-11T19:08:59.498+0000] {logging_mixin.py:190} INFO - [2024-11-11T19:08:59.498+0000] {dagbag.py:588} INFO - Filling up the DagBag from /home/airflow/.local/lib/python3.12/site-packages/airflow/example_dags/example_bash_operator.py
[2024-11-11T19:08:59.509+0000] {processor.py:925} INFO - DAG(s) 'example_bash_operator' retrieved from /home/airflow/.local/lib/python3.12/site-packages/airflow/example_dags/example_bash_operator.py
[2024-11-11T19:08:59.534+0000] {logging_mixin.py:190} INFO - [2024-11-11T19:08:59.534+0000] {dag.py:3239} INFO - Sync 1 DAGs
[2024-11-11T19:08:59.552+0000] {logging_mixin.py:190} INFO - [2024-11-11T19:08:59.552+0000] {dag.py:4180} INFO - Setting next_dagrun for example_bash_operator to 2024-11-10 00:00:00+00:00, run_after=2024-11-11 00:00:00+00:00
[2024-11-11T19:08:59.566+0000] {processor.py:208} INFO - Processing /home/airflow/.local/lib/python3.12/site-packages/airflow/example_dags/example_bash_operator.py took 0.075 seconds
[2024-11-11T19:09:30.241+0000] {processor.py:186} INFO - Started process (PID=1528) to work on /home/airflow/.local/lib/python3.12/site-packages/airflow/example_dags/example_bash_operator.py
[2024-11-11T19:09:30.242+0000] {processor.py:914} INFO - Processing file /home/airflow/.local/lib/python3.12/site-packages/airflow/example_dags/example_bash_operator.py for tasks to queue
[2024-11-11T19:09:30.244+0000] {logging_mixin.py:190} INFO - [2024-11-11T19:09:30.244+0000] {dagbag.py:588} INFO - Filling up the DagBag from /home/airflow/.local/lib/python3.12/site-packages/airflow/example_dags/example_bash_operator.py
[2024-11-11T19:09:30.255+0000] {processor.py:925} INFO - DAG(s) 'example_bash_operator' retrieved from /home/airflow/.local/lib/python3.12/site-packages/airflow/example_dags/example_bash_operator.py
[2024-11-11T19:09:30.277+0000] {logging_mixin.py:190} INFO - [2024-11-11T19:09:30.276+0000] {dag.py:3239} INFO - Sync 1 DAGs
[2024-11-11T19:09:30.295+0000] {logging_mixin.py:190} INFO - [2024-11-11T19:09:30.295+0000] {dag.py:4180} INFO - Setting next_dagrun for example_bash_operator to 2024-11-10 00:00:00+00:00, run_after=2024-11-11 00:00:00+00:00
[2024-11-11T19:09:30.308+0000] {processor.py:208} INFO - Processing /home/airflow/.local/lib/python3.12/site-packages/airflow/example_dags/example_bash_operator.py took 0.072 seconds
[2024-11-11T19:10:00.917+0000] {processor.py:186} INFO - Started process (PID=1593) to work on /home/airflow/.local/lib/python3.12/site-packages/airflow/example_dags/example_bash_operator.py
[2024-11-11T19:10:00.917+0000] {processor.py:914} INFO - Processing file /home/airflow/.local/lib/python3.12/site-packages/airflow/example_dags/example_bash_operator.py for tasks to queue
[2024-11-11T19:10:00.919+0000] {logging_mixin.py:190} INFO - [2024-11-11T19:10:00.919+0000] {dagbag.py:588} INFO - Filling up the DagBag from /home/airflow/.local/lib/python3.12/site-packages/airflow/example_dags/example_bash_operator.py
[2024-11-11T19:10:00.930+0000] {processor.py:925} INFO - DAG(s) 'example_bash_operator' retrieved from /home/airflow/.local/lib/python3.12/site-packages/airflow/example_dags/example_bash_operator.py
[2024-11-11T19:10:00.954+0000] {logging_mixin.py:190} INFO - [2024-11-11T19:10:00.954+0000] {dag.py:3239} INFO - Sync 1 DAGs
[2024-11-11T19:10:00.974+0000] {logging_mixin.py:190} INFO - [2024-11-11T19:10:00.974+0000] {dag.py:4180} INFO - Setting next_dagrun for example_bash_operator to 2024-11-10 00:00:00+00:00, run_after=2024-11-11 00:00:00+00:00
[2024-11-11T19:10:00.987+0000] {processor.py:208} INFO - Processing /home/airflow/.local/lib/python3.12/site-packages/airflow/example_dags/example_bash_operator.py took 0.075 seconds
[2024-11-11T19:10:31.793+0000] {processor.py:186} INFO - Started process (PID=1658) to work on /home/airflow/.local/lib/python3.12/site-packages/airflow/example_dags/example_bash_operator.py
[2024-11-11T19:10:31.793+0000] {processor.py:914} INFO - Processing file /home/airflow/.local/lib/python3.12/site-packages/airflow/example_dags/example_bash_operator.py for tasks to queue
[2024-11-11T19:10:31.795+0000] {logging_mixin.py:190} INFO - [2024-11-11T19:10:31.795+0000] {dagbag.py:588} INFO - Filling up the DagBag from /home/airflow/.local/lib/python3.12/site-packages/airflow/example_dags/example_bash_operator.py
[2024-11-11T19:10:31.808+0000] {processor.py:925} INFO - DAG(s) 'example_bash_operator' retrieved from /home/airflow/.local/lib/python3.12/site-packages/airflow/example_dags/example_bash_operator.py
[2024-11-11T19:10:31.832+0000] {logging_mixin.py:190} INFO - [2024-11-11T19:10:31.832+0000] {dag.py:3239} INFO - Sync 1 DAGs
[2024-11-11T19:10:31.850+0000] {logging_mixin.py:190} INFO - [2024-11-11T19:10:31.850+0000] {dag.py:4180} INFO - Setting next_dagrun for example_bash_operator to 2024-11-10 00:00:00+00:00, run_after=2024-11-11 00:00:00+00:00
[2024-11-11T19:10:31.863+0000] {processor.py:208} INFO - Processing /home/airflow/.local/lib/python3.12/site-packages/airflow/example_dags/example_bash_operator.py took 0.075 seconds
[2024-11-11T19:11:02.415+0000] {processor.py:186} INFO - Started process (PID=1723) to work on /home/airflow/.local/lib/python3.12/site-packages/airflow/example_dags/example_bash_operator.py
[2024-11-11T19:11:02.416+0000] {processor.py:914} INFO - Processing file /home/airflow/.local/lib/python3.12/site-packages/airflow/example_dags/example_bash_operator.py for tasks to queue
[2024-11-11T19:11:02.418+0000] {logging_mixin.py:190} INFO - [2024-11-11T19:11:02.418+0000] {dagbag.py:588} INFO - Filling up the DagBag from /home/airflow/.local/lib/python3.12/site-packages/airflow/example_dags/example_bash_operator.py
[2024-11-11T19:11:02.430+0000] {processor.py:925} INFO - DAG(s) 'example_bash_operator' retrieved from /home/airflow/.local/lib/python3.12/site-packages/airflow/example_dags/example_bash_operator.py
[2024-11-11T19:11:02.459+0000] {logging_mixin.py:190} INFO - [2024-11-11T19:11:02.459+0000] {dag.py:3239} INFO - Sync 1 DAGs
[2024-11-11T19:11:02.479+0000] {logging_mixin.py:190} INFO - [2024-11-11T19:11:02.478+0000] {dag.py:4180} INFO - Setting next_dagrun for example_bash_operator to 2024-11-10 00:00:00+00:00, run_after=2024-11-11 00:00:00+00:00
[2024-11-11T19:11:02.492+0000] {processor.py:208} INFO - Processing /home/airflow/.local/lib/python3.12/site-packages/airflow/example_dags/example_bash_operator.py took 0.081 seconds
[2024-11-11T19:11:34.454+0000] {processor.py:186} INFO - Started process (PID=1788) to work on /home/airflow/.local/lib/python3.12/site-packages/airflow/example_dags/example_bash_operator.py
[2024-11-11T19:11:34.456+0000] {processor.py:914} INFO - Processing file /home/airflow/.local/lib/python3.12/site-packages/airflow/example_dags/example_bash_operator.py for tasks to queue
[2024-11-11T19:11:34.458+0000] {logging_mixin.py:190} INFO - [2024-11-11T19:11:34.458+0000] {dagbag.py:588} INFO - Filling up the DagBag from /home/airflow/.local/lib/python3.12/site-packages/airflow/example_dags/example_bash_operator.py
[2024-11-11T19:11:34.476+0000] {processor.py:925} INFO - DAG(s) 'example_bash_operator' retrieved from /home/airflow/.local/lib/python3.12/site-packages/airflow/example_dags/example_bash_operator.py
[2024-11-11T19:11:34.501+0000] {logging_mixin.py:190} INFO - [2024-11-11T19:11:34.500+0000] {dag.py:3239} INFO - Sync 1 DAGs
[2024-11-11T19:11:34.528+0000] {logging_mixin.py:190} INFO - [2024-11-11T19:11:34.528+0000] {dag.py:4180} INFO - Setting next_dagrun for example_bash_operator to 2024-11-10 00:00:00+00:00, run_after=2024-11-11 00:00:00+00:00
[2024-11-11T19:11:34.544+0000] {processor.py:208} INFO - Processing /home/airflow/.local/lib/python3.12/site-packages/airflow/example_dags/example_bash_operator.py took 0.095 seconds
[2024-11-11T19:12:04.656+0000] {processor.py:186} INFO - Started process (PID=1853) to work on /home/airflow/.local/lib/python3.12/site-packages/airflow/example_dags/example_bash_operator.py
[2024-11-11T19:12:04.657+0000] {processor.py:914} INFO - Processing file /home/airflow/.local/lib/python3.12/site-packages/airflow/example_dags/example_bash_operator.py for tasks to queue
[2024-11-11T19:12:04.659+0000] {logging_mixin.py:190} INFO - [2024-11-11T19:12:04.659+0000] {dagbag.py:588} INFO - Filling up the DagBag from /home/airflow/.local/lib/python3.12/site-packages/airflow/example_dags/example_bash_operator.py
[2024-11-11T19:12:04.669+0000] {processor.py:925} INFO - DAG(s) 'example_bash_operator' retrieved from /home/airflow/.local/lib/python3.12/site-packages/airflow/example_dags/example_bash_operator.py
[2024-11-11T19:12:04.691+0000] {logging_mixin.py:190} INFO - [2024-11-11T19:12:04.691+0000] {dag.py:3239} INFO - Sync 1 DAGs
[2024-11-11T19:12:04.710+0000] {logging_mixin.py:190} INFO - [2024-11-11T19:12:04.710+0000] {dag.py:4180} INFO - Setting next_dagrun for example_bash_operator to 2024-11-10 00:00:00+00:00, run_after=2024-11-11 00:00:00+00:00
[2024-11-11T19:12:04.724+0000] {processor.py:208} INFO - Processing /home/airflow/.local/lib/python3.12/site-packages/airflow/example_dags/example_bash_operator.py took 0.072 seconds
[2024-11-11T19:12:35.315+0000] {processor.py:186} INFO - Started process (PID=1918) to work on /home/airflow/.local/lib/python3.12/site-packages/airflow/example_dags/example_bash_operator.py
[2024-11-11T19:12:35.316+0000] {processor.py:914} INFO - Processing file /home/airflow/.local/lib/python3.12/site-packages/airflow/example_dags/example_bash_operator.py for tasks to queue
[2024-11-11T19:12:35.318+0000] {logging_mixin.py:190} INFO - [2024-11-11T19:12:35.318+0000] {dagbag.py:588} INFO - Filling up the DagBag from /home/airflow/.local/lib/python3.12/site-packages/airflow/example_dags/example_bash_operator.py
[2024-11-11T19:12:35.339+0000] {processor.py:925} INFO - DAG(s) 'example_bash_operator' retrieved from /home/airflow/.local/lib/python3.12/site-packages/airflow/example_dags/example_bash_operator.py
[2024-11-11T19:12:35.368+0000] {logging_mixin.py:190} INFO - [2024-11-11T19:12:35.368+0000] {dag.py:3239} INFO - Sync 1 DAGs
[2024-11-11T19:12:35.388+0000] {logging_mixin.py:190} INFO - [2024-11-11T19:12:35.388+0000] {dag.py:4180} INFO - Setting next_dagrun for example_bash_operator to 2024-11-10 00:00:00+00:00, run_after=2024-11-11 00:00:00+00:00
[2024-11-11T19:12:35.433+0000] {processor.py:208} INFO - Processing /home/airflow/.local/lib/python3.12/site-packages/airflow/example_dags/example_bash_operator.py took 0.122 seconds
[2024-11-11T19:13:06.706+0000] {processor.py:186} INFO - Started process (PID=1983) to work on /home/airflow/.local/lib/python3.12/site-packages/airflow/example_dags/example_bash_operator.py
[2024-11-11T19:13:06.707+0000] {processor.py:914} INFO - Processing file /home/airflow/.local/lib/python3.12/site-packages/airflow/example_dags/example_bash_operator.py for tasks to queue
[2024-11-11T19:13:06.709+0000] {logging_mixin.py:190} INFO - [2024-11-11T19:13:06.709+0000] {dagbag.py:588} INFO - Filling up the DagBag from /home/airflow/.local/lib/python3.12/site-packages/airflow/example_dags/example_bash_operator.py
[2024-11-11T19:13:06.725+0000] {processor.py:925} INFO - DAG(s) 'example_bash_operator' retrieved from /home/airflow/.local/lib/python3.12/site-packages/airflow/example_dags/example_bash_operator.py
[2024-11-11T19:13:06.747+0000] {logging_mixin.py:190} INFO - [2024-11-11T19:13:06.746+0000] {dag.py:3239} INFO - Sync 1 DAGs
[2024-11-11T19:13:06.767+0000] {logging_mixin.py:190} INFO - [2024-11-11T19:13:06.767+0000] {dag.py:4180} INFO - Setting next_dagrun for example_bash_operator to 2024-11-10 00:00:00+00:00, run_after=2024-11-11 00:00:00+00:00
[2024-11-11T19:13:06.796+0000] {processor.py:208} INFO - Processing /home/airflow/.local/lib/python3.12/site-packages/airflow/example_dags/example_bash_operator.py took 0.096 seconds
[2024-11-11T19:13:38.291+0000] {processor.py:186} INFO - Started process (PID=2049) to work on /home/airflow/.local/lib/python3.12/site-packages/airflow/example_dags/example_bash_operator.py
[2024-11-11T19:13:38.291+0000] {processor.py:914} INFO - Processing file /home/airflow/.local/lib/python3.12/site-packages/airflow/example_dags/example_bash_operator.py for tasks to queue
[2024-11-11T19:13:38.293+0000] {logging_mixin.py:190} INFO - [2024-11-11T19:13:38.293+0000] {dagbag.py:588} INFO - Filling up the DagBag from /home/airflow/.local/lib/python3.12/site-packages/airflow/example_dags/example_bash_operator.py
[2024-11-11T19:13:38.304+0000] {processor.py:925} INFO - DAG(s) 'example_bash_operator' retrieved from /home/airflow/.local/lib/python3.12/site-packages/airflow/example_dags/example_bash_operator.py
[2024-11-11T19:13:38.327+0000] {logging_mixin.py:190} INFO - [2024-11-11T19:13:38.327+0000] {dag.py:3239} INFO - Sync 1 DAGs
[2024-11-11T19:13:38.350+0000] {logging_mixin.py:190} INFO - [2024-11-11T19:13:38.350+0000] {dag.py:4180} INFO - Setting next_dagrun for example_bash_operator to 2024-11-10 00:00:00+00:00, run_after=2024-11-11 00:00:00+00:00
[2024-11-11T19:13:38.364+0000] {processor.py:208} INFO - Processing /home/airflow/.local/lib/python3.12/site-packages/airflow/example_dags/example_bash_operator.py took 0.077 seconds
[2024-11-11T19:14:09.305+0000] {processor.py:186} INFO - Started process (PID=2116) to work on /home/airflow/.local/lib/python3.12/site-packages/airflow/example_dags/example_bash_operator.py
[2024-11-11T19:14:09.306+0000] {processor.py:914} INFO - Processing file /home/airflow/.local/lib/python3.12/site-packages/airflow/example_dags/example_bash_operator.py for tasks to queue
[2024-11-11T19:14:09.308+0000] {logging_mixin.py:190} INFO - [2024-11-11T19:14:09.307+0000] {dagbag.py:588} INFO - Filling up the DagBag from /home/airflow/.local/lib/python3.12/site-packages/airflow/example_dags/example_bash_operator.py
[2024-11-11T19:14:09.321+0000] {processor.py:925} INFO - DAG(s) 'example_bash_operator' retrieved from /home/airflow/.local/lib/python3.12/site-packages/airflow/example_dags/example_bash_operator.py
[2024-11-11T19:14:09.344+0000] {logging_mixin.py:190} INFO - [2024-11-11T19:14:09.344+0000] {dag.py:3239} INFO - Sync 1 DAGs
[2024-11-11T19:14:09.364+0000] {logging_mixin.py:190} INFO - [2024-11-11T19:14:09.364+0000] {dag.py:4180} INFO - Setting next_dagrun for example_bash_operator to 2024-11-10 00:00:00+00:00, run_after=2024-11-11 00:00:00+00:00
[2024-11-11T19:14:09.377+0000] {processor.py:208} INFO - Processing /home/airflow/.local/lib/python3.12/site-packages/airflow/example_dags/example_bash_operator.py took 0.077 seconds
[2024-11-11T19:14:40.651+0000] {processor.py:186} INFO - Started process (PID=2183) to work on /home/airflow/.local/lib/python3.12/site-packages/airflow/example_dags/example_bash_operator.py
[2024-11-11T19:14:40.652+0000] {processor.py:914} INFO - Processing file /home/airflow/.local/lib/python3.12/site-packages/airflow/example_dags/example_bash_operator.py for tasks to queue
[2024-11-11T19:14:40.653+0000] {logging_mixin.py:190} INFO - [2024-11-11T19:14:40.653+0000] {dagbag.py:588} INFO - Filling up the DagBag from /home/airflow/.local/lib/python3.12/site-packages/airflow/example_dags/example_bash_operator.py
[2024-11-11T19:14:40.668+0000] {processor.py:925} INFO - DAG(s) 'example_bash_operator' retrieved from /home/airflow/.local/lib/python3.12/site-packages/airflow/example_dags/example_bash_operator.py
[2024-11-11T19:14:40.700+0000] {logging_mixin.py:190} INFO - [2024-11-11T19:14:40.700+0000] {dag.py:3239} INFO - Sync 1 DAGs
[2024-11-11T19:14:40.722+0000] {logging_mixin.py:190} INFO - [2024-11-11T19:14:40.722+0000] {dag.py:4180} INFO - Setting next_dagrun for example_bash_operator to 2024-11-10 00:00:00+00:00, run_after=2024-11-11 00:00:00+00:00
[2024-11-11T19:14:40.738+0000] {processor.py:208} INFO - Processing /home/airflow/.local/lib/python3.12/site-packages/airflow/example_dags/example_bash_operator.py took 0.092 seconds
[2024-11-11T19:15:11.352+0000] {processor.py:186} INFO - Started process (PID=2248) to work on /home/airflow/.local/lib/python3.12/site-packages/airflow/example_dags/example_bash_operator.py
[2024-11-11T19:15:11.353+0000] {processor.py:914} INFO - Processing file /home/airflow/.local/lib/python3.12/site-packages/airflow/example_dags/example_bash_operator.py for tasks to queue
[2024-11-11T19:15:11.354+0000] {logging_mixin.py:190} INFO - [2024-11-11T19:15:11.354+0000] {dagbag.py:588} INFO - Filling up the DagBag from /home/airflow/.local/lib/python3.12/site-packages/airflow/example_dags/example_bash_operator.py
[2024-11-11T19:15:11.372+0000] {processor.py:925} INFO - DAG(s) 'example_bash_operator' retrieved from /home/airflow/.local/lib/python3.12/site-packages/airflow/example_dags/example_bash_operator.py
[2024-11-11T19:15:11.395+0000] {logging_mixin.py:190} INFO - [2024-11-11T19:15:11.395+0000] {dag.py:3239} INFO - Sync 1 DAGs
[2024-11-11T19:15:11.416+0000] {logging_mixin.py:190} INFO - [2024-11-11T19:15:11.416+0000] {dag.py:4180} INFO - Setting next_dagrun for example_bash_operator to 2024-11-10 00:00:00+00:00, run_after=2024-11-11 00:00:00+00:00
[2024-11-11T19:15:11.436+0000] {processor.py:208} INFO - Processing /home/airflow/.local/lib/python3.12/site-packages/airflow/example_dags/example_bash_operator.py took 0.089 seconds
[2024-11-11T19:15:43.525+0000] {processor.py:186} INFO - Started process (PID=2313) to work on /home/airflow/.local/lib/python3.12/site-packages/airflow/example_dags/example_bash_operator.py
[2024-11-11T19:15:43.526+0000] {processor.py:914} INFO - Processing file /home/airflow/.local/lib/python3.12/site-packages/airflow/example_dags/example_bash_operator.py for tasks to queue
[2024-11-11T19:15:43.528+0000] {logging_mixin.py:190} INFO - [2024-11-11T19:15:43.528+0000] {dagbag.py:588} INFO - Filling up the DagBag from /home/airflow/.local/lib/python3.12/site-packages/airflow/example_dags/example_bash_operator.py
[2024-11-11T19:15:43.538+0000] {processor.py:925} INFO - DAG(s) 'example_bash_operator' retrieved from /home/airflow/.local/lib/python3.12/site-packages/airflow/example_dags/example_bash_operator.py
[2024-11-11T19:15:43.561+0000] {logging_mixin.py:190} INFO - [2024-11-11T19:15:43.561+0000] {dag.py:3239} INFO - Sync 1 DAGs
[2024-11-11T19:15:43.579+0000] {logging_mixin.py:190} INFO - [2024-11-11T19:15:43.579+0000] {dag.py:4180} INFO - Setting next_dagrun for example_bash_operator to 2024-11-10 00:00:00+00:00, run_after=2024-11-11 00:00:00+00:00
[2024-11-11T19:15:43.595+0000] {processor.py:208} INFO - Processing /home/airflow/.local/lib/python3.12/site-packages/airflow/example_dags/example_bash_operator.py took 0.075 seconds
[2024-11-11T19:17:29.629+0000] {processor.py:186} INFO - Started process (PID=98) to work on /home/airflow/.local/lib/python3.12/site-packages/airflow/example_dags/example_bash_operator.py
[2024-11-11T19:17:29.631+0000] {processor.py:914} INFO - Processing file /home/airflow/.local/lib/python3.12/site-packages/airflow/example_dags/example_bash_operator.py for tasks to queue
[2024-11-11T19:17:29.634+0000] {logging_mixin.py:190} INFO - [2024-11-11T19:17:29.633+0000] {dagbag.py:588} INFO - Filling up the DagBag from /home/airflow/.local/lib/python3.12/site-packages/airflow/example_dags/example_bash_operator.py
[2024-11-11T19:17:29.645+0000] {processor.py:925} INFO - DAG(s) 'example_bash_operator' retrieved from /home/airflow/.local/lib/python3.12/site-packages/airflow/example_dags/example_bash_operator.py
[2024-11-11T19:17:29.681+0000] {logging_mixin.py:190} INFO - [2024-11-11T19:17:29.681+0000] {dag.py:3239} INFO - Sync 1 DAGs
[2024-11-11T19:17:29.701+0000] {logging_mixin.py:190} INFO - [2024-11-11T19:17:29.700+0000] {dag.py:4180} INFO - Setting next_dagrun for example_bash_operator to 2024-11-10 00:00:00+00:00, run_after=2024-11-11 00:00:00+00:00
[2024-11-11T19:17:29.725+0000] {processor.py:208} INFO - Processing /home/airflow/.local/lib/python3.12/site-packages/airflow/example_dags/example_bash_operator.py took 0.106 seconds
[2024-11-11T19:18:18.368+0000] {processor.py:186} INFO - Started process (PID=170) to work on /home/airflow/.local/lib/python3.12/site-packages/airflow/example_dags/example_bash_operator.py
[2024-11-11T19:18:18.369+0000] {processor.py:914} INFO - Processing file /home/airflow/.local/lib/python3.12/site-packages/airflow/example_dags/example_bash_operator.py for tasks to queue
[2024-11-11T19:18:18.371+0000] {logging_mixin.py:190} INFO - [2024-11-11T19:18:18.371+0000] {dagbag.py:588} INFO - Filling up the DagBag from /home/airflow/.local/lib/python3.12/site-packages/airflow/example_dags/example_bash_operator.py
[2024-11-11T19:18:18.389+0000] {processor.py:925} INFO - DAG(s) 'example_bash_operator' retrieved from /home/airflow/.local/lib/python3.12/site-packages/airflow/example_dags/example_bash_operator.py
[2024-11-11T19:18:18.412+0000] {logging_mixin.py:190} INFO - [2024-11-11T19:18:18.412+0000] {dag.py:3239} INFO - Sync 1 DAGs
[2024-11-11T19:18:18.434+0000] {logging_mixin.py:190} INFO - [2024-11-11T19:18:18.434+0000] {dag.py:4180} INFO - Setting next_dagrun for example_bash_operator to 2024-11-10 00:00:00+00:00, run_after=2024-11-11 00:00:00+00:00
[2024-11-11T19:18:18.455+0000] {processor.py:208} INFO - Processing /home/airflow/.local/lib/python3.12/site-packages/airflow/example_dags/example_bash_operator.py took 0.095 seconds
[2024-11-11T19:18:50.029+0000] {processor.py:186} INFO - Started process (PID=236) to work on /home/airflow/.local/lib/python3.12/site-packages/airflow/example_dags/example_bash_operator.py
[2024-11-11T19:18:50.040+0000] {processor.py:914} INFO - Processing file /home/airflow/.local/lib/python3.12/site-packages/airflow/example_dags/example_bash_operator.py for tasks to queue
[2024-11-11T19:18:50.042+0000] {logging_mixin.py:190} INFO - [2024-11-11T19:18:50.042+0000] {dagbag.py:588} INFO - Filling up the DagBag from /home/airflow/.local/lib/python3.12/site-packages/airflow/example_dags/example_bash_operator.py
[2024-11-11T19:18:50.053+0000] {processor.py:925} INFO - DAG(s) 'example_bash_operator' retrieved from /home/airflow/.local/lib/python3.12/site-packages/airflow/example_dags/example_bash_operator.py
[2024-11-11T19:18:50.075+0000] {logging_mixin.py:190} INFO - [2024-11-11T19:18:50.075+0000] {dag.py:3239} INFO - Sync 1 DAGs
[2024-11-11T19:18:50.095+0000] {logging_mixin.py:190} INFO - [2024-11-11T19:18:50.095+0000] {dag.py:4180} INFO - Setting next_dagrun for example_bash_operator to 2024-11-10 00:00:00+00:00, run_after=2024-11-11 00:00:00+00:00
[2024-11-11T19:18:50.110+0000] {processor.py:208} INFO - Processing /home/airflow/.local/lib/python3.12/site-packages/airflow/example_dags/example_bash_operator.py took 0.086 seconds
[2024-11-11T19:19:20.391+0000] {processor.py:186} INFO - Started process (PID=301) to work on /home/airflow/.local/lib/python3.12/site-packages/airflow/example_dags/example_bash_operator.py
[2024-11-11T19:19:20.392+0000] {processor.py:914} INFO - Processing file /home/airflow/.local/lib/python3.12/site-packages/airflow/example_dags/example_bash_operator.py for tasks to queue
[2024-11-11T19:19:20.394+0000] {logging_mixin.py:190} INFO - [2024-11-11T19:19:20.393+0000] {dagbag.py:588} INFO - Filling up the DagBag from /home/airflow/.local/lib/python3.12/site-packages/airflow/example_dags/example_bash_operator.py
[2024-11-11T19:19:20.406+0000] {processor.py:925} INFO - DAG(s) 'example_bash_operator' retrieved from /home/airflow/.local/lib/python3.12/site-packages/airflow/example_dags/example_bash_operator.py
[2024-11-11T19:19:20.435+0000] {logging_mixin.py:190} INFO - [2024-11-11T19:19:20.435+0000] {dag.py:3239} INFO - Sync 1 DAGs
[2024-11-11T19:19:20.463+0000] {logging_mixin.py:190} INFO - [2024-11-11T19:19:20.463+0000] {dag.py:4180} INFO - Setting next_dagrun for example_bash_operator to 2024-11-10 00:00:00+00:00, run_after=2024-11-11 00:00:00+00:00
[2024-11-11T19:19:20.478+0000] {processor.py:208} INFO - Processing /home/airflow/.local/lib/python3.12/site-packages/airflow/example_dags/example_bash_operator.py took 0.091 seconds
[2024-11-11T19:22:01.949+0000] {processor.py:186} INFO - Started process (PID=359) to work on /home/airflow/.local/lib/python3.12/site-packages/airflow/example_dags/example_bash_operator.py
[2024-11-11T19:22:01.950+0000] {processor.py:914} INFO - Processing file /home/airflow/.local/lib/python3.12/site-packages/airflow/example_dags/example_bash_operator.py for tasks to queue
[2024-11-11T19:22:01.951+0000] {logging_mixin.py:190} INFO - [2024-11-11T19:22:01.951+0000] {dagbag.py:588} INFO - Filling up the DagBag from /home/airflow/.local/lib/python3.12/site-packages/airflow/example_dags/example_bash_operator.py
[2024-11-11T19:22:01.998+0000] {processor.py:925} INFO - DAG(s) 'example_bash_operator' retrieved from /home/airflow/.local/lib/python3.12/site-packages/airflow/example_dags/example_bash_operator.py
[2024-11-11T19:22:02.123+0000] {logging_mixin.py:190} INFO - [2024-11-11T19:22:02.123+0000] {dag.py:3239} INFO - Sync 1 DAGs
[2024-11-11T19:22:02.175+0000] {logging_mixin.py:190} INFO - [2024-11-11T19:22:02.175+0000] {dag.py:4180} INFO - Setting next_dagrun for example_bash_operator to 2024-11-10 00:00:00+00:00, run_after=2024-11-11 00:00:00+00:00
[2024-11-11T19:22:02.243+0000] {processor.py:208} INFO - Processing /home/airflow/.local/lib/python3.12/site-packages/airflow/example_dags/example_bash_operator.py took 0.310 seconds
[2024-11-11T19:28:34.588+0000] {processor.py:186} INFO - Started process (PID=91) to work on /home/airflow/.local/lib/python3.12/site-packages/airflow/example_dags/example_bash_operator.py
[2024-11-11T19:28:34.589+0000] {processor.py:914} INFO - Processing file /home/airflow/.local/lib/python3.12/site-packages/airflow/example_dags/example_bash_operator.py for tasks to queue
[2024-11-11T19:28:34.591+0000] {logging_mixin.py:190} INFO - [2024-11-11T19:28:34.591+0000] {dagbag.py:588} INFO - Filling up the DagBag from /home/airflow/.local/lib/python3.12/site-packages/airflow/example_dags/example_bash_operator.py
[2024-11-11T19:28:34.603+0000] {processor.py:925} INFO - DAG(s) 'example_bash_operator' retrieved from /home/airflow/.local/lib/python3.12/site-packages/airflow/example_dags/example_bash_operator.py
[2024-11-11T19:28:34.633+0000] {logging_mixin.py:190} INFO - [2024-11-11T19:28:34.632+0000] {dag.py:3239} INFO - Sync 1 DAGs
[2024-11-11T19:28:34.655+0000] {logging_mixin.py:190} INFO - [2024-11-11T19:28:34.654+0000] {dag.py:4180} INFO - Setting next_dagrun for example_bash_operator to 2024-11-10 00:00:00+00:00, run_after=2024-11-11 00:00:00+00:00
[2024-11-11T19:28:34.674+0000] {processor.py:208} INFO - Processing /home/airflow/.local/lib/python3.12/site-packages/airflow/example_dags/example_bash_operator.py took 0.090 seconds
[2024-11-11T19:29:04.770+0000] {processor.py:186} INFO - Started process (PID=156) to work on /home/airflow/.local/lib/python3.12/site-packages/airflow/example_dags/example_bash_operator.py
[2024-11-11T19:29:04.771+0000] {processor.py:914} INFO - Processing file /home/airflow/.local/lib/python3.12/site-packages/airflow/example_dags/example_bash_operator.py for tasks to queue
[2024-11-11T19:29:04.773+0000] {logging_mixin.py:190} INFO - [2024-11-11T19:29:04.772+0000] {dagbag.py:588} INFO - Filling up the DagBag from /home/airflow/.local/lib/python3.12/site-packages/airflow/example_dags/example_bash_operator.py
[2024-11-11T19:29:04.782+0000] {processor.py:925} INFO - DAG(s) 'example_bash_operator' retrieved from /home/airflow/.local/lib/python3.12/site-packages/airflow/example_dags/example_bash_operator.py
[2024-11-11T19:29:04.809+0000] {logging_mixin.py:190} INFO - [2024-11-11T19:29:04.809+0000] {dag.py:3239} INFO - Sync 1 DAGs
[2024-11-11T19:29:04.827+0000] {logging_mixin.py:190} INFO - [2024-11-11T19:29:04.827+0000] {dag.py:4180} INFO - Setting next_dagrun for example_bash_operator to 2024-11-10 00:00:00+00:00, run_after=2024-11-11 00:00:00+00:00
[2024-11-11T19:29:04.841+0000] {processor.py:208} INFO - Processing /home/airflow/.local/lib/python3.12/site-packages/airflow/example_dags/example_bash_operator.py took 0.075 seconds
[2024-11-11T19:29:35.711+0000] {processor.py:186} INFO - Started process (PID=222) to work on /home/airflow/.local/lib/python3.12/site-packages/airflow/example_dags/example_bash_operator.py
[2024-11-11T19:29:35.712+0000] {processor.py:914} INFO - Processing file /home/airflow/.local/lib/python3.12/site-packages/airflow/example_dags/example_bash_operator.py for tasks to queue
[2024-11-11T19:29:35.714+0000] {logging_mixin.py:190} INFO - [2024-11-11T19:29:35.714+0000] {dagbag.py:588} INFO - Filling up the DagBag from /home/airflow/.local/lib/python3.12/site-packages/airflow/example_dags/example_bash_operator.py
[2024-11-11T19:29:35.726+0000] {processor.py:925} INFO - DAG(s) 'example_bash_operator' retrieved from /home/airflow/.local/lib/python3.12/site-packages/airflow/example_dags/example_bash_operator.py
[2024-11-11T19:29:35.756+0000] {logging_mixin.py:190} INFO - [2024-11-11T19:29:35.755+0000] {dag.py:3239} INFO - Sync 1 DAGs
[2024-11-11T19:29:35.783+0000] {logging_mixin.py:190} INFO - [2024-11-11T19:29:35.783+0000] {dag.py:4180} INFO - Setting next_dagrun for example_bash_operator to 2024-11-10 00:00:00+00:00, run_after=2024-11-11 00:00:00+00:00
[2024-11-11T19:29:35.807+0000] {processor.py:208} INFO - Processing /home/airflow/.local/lib/python3.12/site-packages/airflow/example_dags/example_bash_operator.py took 0.102 seconds
[2024-11-11T19:30:06.445+0000] {processor.py:186} INFO - Started process (PID=288) to work on /home/airflow/.local/lib/python3.12/site-packages/airflow/example_dags/example_bash_operator.py
[2024-11-11T19:30:06.446+0000] {processor.py:914} INFO - Processing file /home/airflow/.local/lib/python3.12/site-packages/airflow/example_dags/example_bash_operator.py for tasks to queue
[2024-11-11T19:30:06.448+0000] {logging_mixin.py:190} INFO - [2024-11-11T19:30:06.447+0000] {dagbag.py:588} INFO - Filling up the DagBag from /home/airflow/.local/lib/python3.12/site-packages/airflow/example_dags/example_bash_operator.py
[2024-11-11T19:30:06.458+0000] {processor.py:925} INFO - DAG(s) 'example_bash_operator' retrieved from /home/airflow/.local/lib/python3.12/site-packages/airflow/example_dags/example_bash_operator.py
[2024-11-11T19:30:06.480+0000] {logging_mixin.py:190} INFO - [2024-11-11T19:30:06.480+0000] {dag.py:3239} INFO - Sync 1 DAGs
[2024-11-11T19:30:06.499+0000] {logging_mixin.py:190} INFO - [2024-11-11T19:30:06.499+0000] {dag.py:4180} INFO - Setting next_dagrun for example_bash_operator to 2024-11-10 00:00:00+00:00, run_after=2024-11-11 00:00:00+00:00
[2024-11-11T19:30:06.513+0000] {processor.py:208} INFO - Processing /home/airflow/.local/lib/python3.12/site-packages/airflow/example_dags/example_bash_operator.py took 0.072 seconds
[2024-11-11T19:30:37.156+0000] {processor.py:186} INFO - Started process (PID=354) to work on /home/airflow/.local/lib/python3.12/site-packages/airflow/example_dags/example_bash_operator.py
[2024-11-11T19:30:37.157+0000] {processor.py:914} INFO - Processing file /home/airflow/.local/lib/python3.12/site-packages/airflow/example_dags/example_bash_operator.py for tasks to queue
[2024-11-11T19:30:37.159+0000] {logging_mixin.py:190} INFO - [2024-11-11T19:30:37.159+0000] {dagbag.py:588} INFO - Filling up the DagBag from /home/airflow/.local/lib/python3.12/site-packages/airflow/example_dags/example_bash_operator.py
[2024-11-11T19:30:37.171+0000] {processor.py:925} INFO - DAG(s) 'example_bash_operator' retrieved from /home/airflow/.local/lib/python3.12/site-packages/airflow/example_dags/example_bash_operator.py
[2024-11-11T19:30:37.198+0000] {logging_mixin.py:190} INFO - [2024-11-11T19:30:37.198+0000] {dag.py:3239} INFO - Sync 1 DAGs
[2024-11-11T19:30:37.222+0000] {logging_mixin.py:190} INFO - [2024-11-11T19:30:37.222+0000] {dag.py:4180} INFO - Setting next_dagrun for example_bash_operator to 2024-11-10 00:00:00+00:00, run_after=2024-11-11 00:00:00+00:00
[2024-11-11T19:30:37.239+0000] {processor.py:208} INFO - Processing /home/airflow/.local/lib/python3.12/site-packages/airflow/example_dags/example_bash_operator.py took 0.090 seconds
[2024-11-11T19:31:07.644+0000] {processor.py:186} INFO - Started process (PID=421) to work on /home/airflow/.local/lib/python3.12/site-packages/airflow/example_dags/example_bash_operator.py
[2024-11-11T19:31:07.644+0000] {processor.py:914} INFO - Processing file /home/airflow/.local/lib/python3.12/site-packages/airflow/example_dags/example_bash_operator.py for tasks to queue
[2024-11-11T19:31:07.646+0000] {logging_mixin.py:190} INFO - [2024-11-11T19:31:07.646+0000] {dagbag.py:588} INFO - Filling up the DagBag from /home/airflow/.local/lib/python3.12/site-packages/airflow/example_dags/example_bash_operator.py
[2024-11-11T19:31:07.656+0000] {processor.py:925} INFO - DAG(s) 'example_bash_operator' retrieved from /home/airflow/.local/lib/python3.12/site-packages/airflow/example_dags/example_bash_operator.py
[2024-11-11T19:31:07.678+0000] {logging_mixin.py:190} INFO - [2024-11-11T19:31:07.678+0000] {dag.py:3239} INFO - Sync 1 DAGs
[2024-11-11T19:31:07.697+0000] {logging_mixin.py:190} INFO - [2024-11-11T19:31:07.697+0000] {dag.py:4180} INFO - Setting next_dagrun for example_bash_operator to 2024-11-10 00:00:00+00:00, run_after=2024-11-11 00:00:00+00:00
[2024-11-11T19:31:07.711+0000] {processor.py:208} INFO - Processing /home/airflow/.local/lib/python3.12/site-packages/airflow/example_dags/example_bash_operator.py took 0.072 seconds
[2024-11-11T19:31:38.231+0000] {processor.py:186} INFO - Started process (PID=487) to work on /home/airflow/.local/lib/python3.12/site-packages/airflow/example_dags/example_bash_operator.py
[2024-11-11T19:31:38.232+0000] {processor.py:914} INFO - Processing file /home/airflow/.local/lib/python3.12/site-packages/airflow/example_dags/example_bash_operator.py for tasks to queue
[2024-11-11T19:31:38.234+0000] {logging_mixin.py:190} INFO - [2024-11-11T19:31:38.234+0000] {dagbag.py:588} INFO - Filling up the DagBag from /home/airflow/.local/lib/python3.12/site-packages/airflow/example_dags/example_bash_operator.py
[2024-11-11T19:31:38.244+0000] {processor.py:925} INFO - DAG(s) 'example_bash_operator' retrieved from /home/airflow/.local/lib/python3.12/site-packages/airflow/example_dags/example_bash_operator.py
[2024-11-11T19:31:38.268+0000] {logging_mixin.py:190} INFO - [2024-11-11T19:31:38.267+0000] {dag.py:3239} INFO - Sync 1 DAGs
[2024-11-11T19:31:38.287+0000] {logging_mixin.py:190} INFO - [2024-11-11T19:31:38.287+0000] {dag.py:4180} INFO - Setting next_dagrun for example_bash_operator to 2024-11-10 00:00:00+00:00, run_after=2024-11-11 00:00:00+00:00
[2024-11-11T19:31:38.302+0000] {processor.py:208} INFO - Processing /home/airflow/.local/lib/python3.12/site-packages/airflow/example_dags/example_bash_operator.py took 0.075 seconds
[2024-11-11T19:33:17.039+0000] {processor.py:186} INFO - Started process (PID=88) to work on /home/airflow/.local/lib/python3.12/site-packages/airflow/example_dags/example_bash_operator.py
[2024-11-11T19:33:17.042+0000] {processor.py:914} INFO - Processing file /home/airflow/.local/lib/python3.12/site-packages/airflow/example_dags/example_bash_operator.py for tasks to queue
[2024-11-11T19:33:17.046+0000] {logging_mixin.py:190} INFO - [2024-11-11T19:33:17.045+0000] {dagbag.py:588} INFO - Filling up the DagBag from /home/airflow/.local/lib/python3.12/site-packages/airflow/example_dags/example_bash_operator.py
[2024-11-11T19:33:17.064+0000] {processor.py:925} INFO - DAG(s) 'example_bash_operator' retrieved from /home/airflow/.local/lib/python3.12/site-packages/airflow/example_dags/example_bash_operator.py
[2024-11-11T19:33:17.096+0000] {logging_mixin.py:190} INFO - [2024-11-11T19:33:17.095+0000] {dag.py:3239} INFO - Sync 1 DAGs
[2024-11-11T19:33:17.120+0000] {logging_mixin.py:190} INFO - [2024-11-11T19:33:17.120+0000] {dag.py:4180} INFO - Setting next_dagrun for example_bash_operator to 2024-11-10 00:00:00+00:00, run_after=2024-11-11 00:00:00+00:00
[2024-11-11T19:33:17.152+0000] {processor.py:208} INFO - Processing /home/airflow/.local/lib/python3.12/site-packages/airflow/example_dags/example_bash_operator.py took 0.123 seconds
[2024-11-11T19:34:20.687+0000] {processor.py:186} INFO - Started process (PID=88) to work on /home/airflow/.local/lib/python3.12/site-packages/airflow/example_dags/example_bash_operator.py
[2024-11-11T19:34:20.687+0000] {processor.py:914} INFO - Processing file /home/airflow/.local/lib/python3.12/site-packages/airflow/example_dags/example_bash_operator.py for tasks to queue
[2024-11-11T19:34:20.689+0000] {logging_mixin.py:190} INFO - [2024-11-11T19:34:20.689+0000] {dagbag.py:588} INFO - Filling up the DagBag from /home/airflow/.local/lib/python3.12/site-packages/airflow/example_dags/example_bash_operator.py
[2024-11-11T19:34:20.702+0000] {processor.py:925} INFO - DAG(s) 'example_bash_operator' retrieved from /home/airflow/.local/lib/python3.12/site-packages/airflow/example_dags/example_bash_operator.py
[2024-11-11T19:34:20.732+0000] {logging_mixin.py:190} INFO - [2024-11-11T19:34:20.732+0000] {dag.py:3239} INFO - Sync 1 DAGs
[2024-11-11T19:34:20.758+0000] {logging_mixin.py:190} INFO - [2024-11-11T19:34:20.758+0000] {dag.py:4180} INFO - Setting next_dagrun for example_bash_operator to 2024-11-10 00:00:00+00:00, run_after=2024-11-11 00:00:00+00:00
[2024-11-11T19:34:20.779+0000] {processor.py:208} INFO - Processing /home/airflow/.local/lib/python3.12/site-packages/airflow/example_dags/example_bash_operator.py took 0.097 seconds
[2024-11-11T19:34:51.674+0000] {processor.py:186} INFO - Started process (PID=160) to work on /home/airflow/.local/lib/python3.12/site-packages/airflow/example_dags/example_bash_operator.py
[2024-11-11T19:34:51.686+0000] {processor.py:914} INFO - Processing file /home/airflow/.local/lib/python3.12/site-packages/airflow/example_dags/example_bash_operator.py for tasks to queue
[2024-11-11T19:34:51.689+0000] {logging_mixin.py:190} INFO - [2024-11-11T19:34:51.688+0000] {dagbag.py:588} INFO - Filling up the DagBag from /home/airflow/.local/lib/python3.12/site-packages/airflow/example_dags/example_bash_operator.py
[2024-11-11T19:34:51.700+0000] {processor.py:925} INFO - DAG(s) 'example_bash_operator' retrieved from /home/airflow/.local/lib/python3.12/site-packages/airflow/example_dags/example_bash_operator.py
[2024-11-11T19:34:51.725+0000] {logging_mixin.py:190} INFO - [2024-11-11T19:34:51.724+0000] {dag.py:3239} INFO - Sync 1 DAGs
[2024-11-11T19:34:51.745+0000] {logging_mixin.py:190} INFO - [2024-11-11T19:34:51.744+0000] {dag.py:4180} INFO - Setting next_dagrun for example_bash_operator to 2024-11-10 00:00:00+00:00, run_after=2024-11-11 00:00:00+00:00
[2024-11-11T19:34:51.760+0000] {processor.py:208} INFO - Processing /home/airflow/.local/lib/python3.12/site-packages/airflow/example_dags/example_bash_operator.py took 0.092 seconds
[2024-11-11T19:35:22.284+0000] {processor.py:186} INFO - Started process (PID=226) to work on /home/airflow/.local/lib/python3.12/site-packages/airflow/example_dags/example_bash_operator.py
[2024-11-11T19:35:22.285+0000] {processor.py:914} INFO - Processing file /home/airflow/.local/lib/python3.12/site-packages/airflow/example_dags/example_bash_operator.py for tasks to queue
[2024-11-11T19:35:22.287+0000] {logging_mixin.py:190} INFO - [2024-11-11T19:35:22.286+0000] {dagbag.py:588} INFO - Filling up the DagBag from /home/airflow/.local/lib/python3.12/site-packages/airflow/example_dags/example_bash_operator.py
[2024-11-11T19:35:22.296+0000] {processor.py:925} INFO - DAG(s) 'example_bash_operator' retrieved from /home/airflow/.local/lib/python3.12/site-packages/airflow/example_dags/example_bash_operator.py
[2024-11-11T19:35:22.318+0000] {logging_mixin.py:190} INFO - [2024-11-11T19:35:22.318+0000] {dag.py:3239} INFO - Sync 1 DAGs
[2024-11-11T19:35:22.337+0000] {logging_mixin.py:190} INFO - [2024-11-11T19:35:22.337+0000] {dag.py:4180} INFO - Setting next_dagrun for example_bash_operator to 2024-11-10 00:00:00+00:00, run_after=2024-11-11 00:00:00+00:00
[2024-11-11T19:35:22.350+0000] {processor.py:208} INFO - Processing /home/airflow/.local/lib/python3.12/site-packages/airflow/example_dags/example_bash_operator.py took 0.071 seconds
[2024-11-11T19:35:52.772+0000] {processor.py:186} INFO - Started process (PID=291) to work on /home/airflow/.local/lib/python3.12/site-packages/airflow/example_dags/example_bash_operator.py
[2024-11-11T19:35:52.772+0000] {processor.py:914} INFO - Processing file /home/airflow/.local/lib/python3.12/site-packages/airflow/example_dags/example_bash_operator.py for tasks to queue
[2024-11-11T19:35:52.775+0000] {logging_mixin.py:190} INFO - [2024-11-11T19:35:52.774+0000] {dagbag.py:588} INFO - Filling up the DagBag from /home/airflow/.local/lib/python3.12/site-packages/airflow/example_dags/example_bash_operator.py
[2024-11-11T19:35:52.786+0000] {processor.py:925} INFO - DAG(s) 'example_bash_operator' retrieved from /home/airflow/.local/lib/python3.12/site-packages/airflow/example_dags/example_bash_operator.py
[2024-11-11T19:35:52.812+0000] {logging_mixin.py:190} INFO - [2024-11-11T19:35:52.812+0000] {dag.py:3239} INFO - Sync 1 DAGs
[2024-11-11T19:35:52.831+0000] {logging_mixin.py:190} INFO - [2024-11-11T19:35:52.831+0000] {dag.py:4180} INFO - Setting next_dagrun for example_bash_operator to 2024-11-10 00:00:00+00:00, run_after=2024-11-11 00:00:00+00:00
[2024-11-11T19:35:52.845+0000] {processor.py:208} INFO - Processing /home/airflow/.local/lib/python3.12/site-packages/airflow/example_dags/example_bash_operator.py took 0.079 seconds
