[2024-11-11T18:58:17.681+0000] {processor.py:186} INFO - Started process (PID=93) to work on /home/airflow/.local/lib/python3.12/site-packages/airflow/example_dags/example_xcomargs.py
[2024-11-11T18:58:17.686+0000] {processor.py:914} INFO - Processing file /home/airflow/.local/lib/python3.12/site-packages/airflow/example_dags/example_xcomargs.py for tasks to queue
[2024-11-11T18:58:17.688+0000] {logging_mixin.py:190} INFO - [2024-11-11T18:58:17.688+0000] {dagbag.py:588} INFO - Filling up the DagBag from /home/airflow/.local/lib/python3.12/site-packages/airflow/example_dags/example_xcomargs.py
[2024-11-11T18:58:17.699+0000] {processor.py:925} INFO - DAG(s) 'example_xcom_args_with_operators', 'example_xcom_args' retrieved from /home/airflow/.local/lib/python3.12/site-packages/airflow/example_dags/example_xcomargs.py
[2024-11-11T18:58:17.773+0000] {logging_mixin.py:190} INFO - [2024-11-11T18:58:17.773+0000] {dag.py:3239} INFO - Sync 2 DAGs
[2024-11-11T18:58:17.799+0000] {logging_mixin.py:190} INFO - [2024-11-11T18:58:17.799+0000] {dag.py:4180} INFO - Setting next_dagrun for example_xcom_args to None, run_after=None
[2024-11-11T18:58:17.806+0000] {logging_mixin.py:190} INFO - [2024-11-11T18:58:17.806+0000] {dag.py:4180} INFO - Setting next_dagrun for example_xcom_args_with_operators to None, run_after=None
[2024-11-11T18:58:17.845+0000] {processor.py:208} INFO - Processing /home/airflow/.local/lib/python3.12/site-packages/airflow/example_dags/example_xcomargs.py took 0.175 seconds
[2024-11-11T18:58:48.536+0000] {processor.py:186} INFO - Started process (PID=158) to work on /home/airflow/.local/lib/python3.12/site-packages/airflow/example_dags/example_xcomargs.py
[2024-11-11T18:58:48.537+0000] {processor.py:914} INFO - Processing file /home/airflow/.local/lib/python3.12/site-packages/airflow/example_dags/example_xcomargs.py for tasks to queue
[2024-11-11T18:58:48.539+0000] {logging_mixin.py:190} INFO - [2024-11-11T18:58:48.539+0000] {dagbag.py:588} INFO - Filling up the DagBag from /home/airflow/.local/lib/python3.12/site-packages/airflow/example_dags/example_xcomargs.py
[2024-11-11T18:58:48.548+0000] {processor.py:925} INFO - DAG(s) 'example_xcom_args_with_operators', 'example_xcom_args' retrieved from /home/airflow/.local/lib/python3.12/site-packages/airflow/example_dags/example_xcomargs.py
[2024-11-11T18:58:48.568+0000] {logging_mixin.py:190} INFO - [2024-11-11T18:58:48.568+0000] {dag.py:3239} INFO - Sync 2 DAGs
[2024-11-11T18:58:48.583+0000] {logging_mixin.py:190} INFO - [2024-11-11T18:58:48.583+0000] {dag.py:4180} INFO - Setting next_dagrun for example_xcom_args to None, run_after=None
[2024-11-11T18:58:48.587+0000] {logging_mixin.py:190} INFO - [2024-11-11T18:58:48.586+0000] {dag.py:4180} INFO - Setting next_dagrun for example_xcom_args_with_operators to None, run_after=None
[2024-11-11T18:58:48.600+0000] {processor.py:208} INFO - Processing /home/airflow/.local/lib/python3.12/site-packages/airflow/example_dags/example_xcomargs.py took 0.069 seconds
[2024-11-11T18:59:19.039+0000] {processor.py:186} INFO - Started process (PID=223) to work on /home/airflow/.local/lib/python3.12/site-packages/airflow/example_dags/example_xcomargs.py
[2024-11-11T18:59:19.040+0000] {processor.py:914} INFO - Processing file /home/airflow/.local/lib/python3.12/site-packages/airflow/example_dags/example_xcomargs.py for tasks to queue
[2024-11-11T18:59:19.042+0000] {logging_mixin.py:190} INFO - [2024-11-11T18:59:19.042+0000] {dagbag.py:588} INFO - Filling up the DagBag from /home/airflow/.local/lib/python3.12/site-packages/airflow/example_dags/example_xcomargs.py
[2024-11-11T18:59:19.050+0000] {processor.py:925} INFO - DAG(s) 'example_xcom_args', 'example_xcom_args_with_operators' retrieved from /home/airflow/.local/lib/python3.12/site-packages/airflow/example_dags/example_xcomargs.py
[2024-11-11T18:59:19.069+0000] {logging_mixin.py:190} INFO - [2024-11-11T18:59:19.068+0000] {dag.py:3239} INFO - Sync 2 DAGs
[2024-11-11T18:59:19.081+0000] {logging_mixin.py:190} INFO - [2024-11-11T18:59:19.081+0000] {dag.py:4180} INFO - Setting next_dagrun for example_xcom_args to None, run_after=None
[2024-11-11T18:59:19.084+0000] {logging_mixin.py:190} INFO - [2024-11-11T18:59:19.084+0000] {dag.py:4180} INFO - Setting next_dagrun for example_xcom_args_with_operators to None, run_after=None
[2024-11-11T18:59:19.104+0000] {processor.py:208} INFO - Processing /home/airflow/.local/lib/python3.12/site-packages/airflow/example_dags/example_xcomargs.py took 0.069 seconds
[2024-11-11T18:59:49.173+0000] {processor.py:186} INFO - Started process (PID=288) to work on /home/airflow/.local/lib/python3.12/site-packages/airflow/example_dags/example_xcomargs.py
[2024-11-11T18:59:49.182+0000] {processor.py:914} INFO - Processing file /home/airflow/.local/lib/python3.12/site-packages/airflow/example_dags/example_xcomargs.py for tasks to queue
[2024-11-11T18:59:49.188+0000] {logging_mixin.py:190} INFO - [2024-11-11T18:59:49.188+0000] {dagbag.py:588} INFO - Filling up the DagBag from /home/airflow/.local/lib/python3.12/site-packages/airflow/example_dags/example_xcomargs.py
[2024-11-11T18:59:49.203+0000] {processor.py:925} INFO - DAG(s) 'example_xcom_args', 'example_xcom_args_with_operators' retrieved from /home/airflow/.local/lib/python3.12/site-packages/airflow/example_dags/example_xcomargs.py
[2024-11-11T18:59:49.237+0000] {logging_mixin.py:190} INFO - [2024-11-11T18:59:49.236+0000] {dag.py:3239} INFO - Sync 2 DAGs
[2024-11-11T18:59:49.249+0000] {logging_mixin.py:190} INFO - [2024-11-11T18:59:49.249+0000] {dag.py:4180} INFO - Setting next_dagrun for example_xcom_args to None, run_after=None
[2024-11-11T18:59:49.253+0000] {logging_mixin.py:190} INFO - [2024-11-11T18:59:49.252+0000] {dag.py:4180} INFO - Setting next_dagrun for example_xcom_args_with_operators to None, run_after=None
[2024-11-11T18:59:49.266+0000] {processor.py:208} INFO - Processing /home/airflow/.local/lib/python3.12/site-packages/airflow/example_dags/example_xcomargs.py took 0.110 seconds
[2024-11-11T19:00:19.842+0000] {processor.py:186} INFO - Started process (PID=353) to work on /home/airflow/.local/lib/python3.12/site-packages/airflow/example_dags/example_xcomargs.py
[2024-11-11T19:00:19.842+0000] {processor.py:914} INFO - Processing file /home/airflow/.local/lib/python3.12/site-packages/airflow/example_dags/example_xcomargs.py for tasks to queue
[2024-11-11T19:00:19.844+0000] {logging_mixin.py:190} INFO - [2024-11-11T19:00:19.844+0000] {dagbag.py:588} INFO - Filling up the DagBag from /home/airflow/.local/lib/python3.12/site-packages/airflow/example_dags/example_xcomargs.py
[2024-11-11T19:00:19.853+0000] {processor.py:925} INFO - DAG(s) 'example_xcom_args_with_operators', 'example_xcom_args' retrieved from /home/airflow/.local/lib/python3.12/site-packages/airflow/example_dags/example_xcomargs.py
[2024-11-11T19:00:19.871+0000] {logging_mixin.py:190} INFO - [2024-11-11T19:00:19.870+0000] {dag.py:3239} INFO - Sync 2 DAGs
[2024-11-11T19:00:19.882+0000] {logging_mixin.py:190} INFO - [2024-11-11T19:00:19.882+0000] {dag.py:4180} INFO - Setting next_dagrun for example_xcom_args to None, run_after=None
[2024-11-11T19:00:19.886+0000] {logging_mixin.py:190} INFO - [2024-11-11T19:00:19.885+0000] {dag.py:4180} INFO - Setting next_dagrun for example_xcom_args_with_operators to None, run_after=None
[2024-11-11T19:00:19.921+0000] {processor.py:208} INFO - Processing /home/airflow/.local/lib/python3.12/site-packages/airflow/example_dags/example_xcomargs.py took 0.083 seconds
[2024-11-11T19:00:50.627+0000] {processor.py:186} INFO - Started process (PID=418) to work on /home/airflow/.local/lib/python3.12/site-packages/airflow/example_dags/example_xcomargs.py
[2024-11-11T19:00:50.628+0000] {processor.py:914} INFO - Processing file /home/airflow/.local/lib/python3.12/site-packages/airflow/example_dags/example_xcomargs.py for tasks to queue
[2024-11-11T19:00:50.630+0000] {logging_mixin.py:190} INFO - [2024-11-11T19:00:50.630+0000] {dagbag.py:588} INFO - Filling up the DagBag from /home/airflow/.local/lib/python3.12/site-packages/airflow/example_dags/example_xcomargs.py
[2024-11-11T19:00:50.638+0000] {processor.py:925} INFO - DAG(s) 'example_xcom_args_with_operators', 'example_xcom_args' retrieved from /home/airflow/.local/lib/python3.12/site-packages/airflow/example_dags/example_xcomargs.py
[2024-11-11T19:00:50.659+0000] {logging_mixin.py:190} INFO - [2024-11-11T19:00:50.659+0000] {dag.py:3239} INFO - Sync 2 DAGs
[2024-11-11T19:00:50.672+0000] {logging_mixin.py:190} INFO - [2024-11-11T19:00:50.672+0000] {dag.py:4180} INFO - Setting next_dagrun for example_xcom_args to None, run_after=None
[2024-11-11T19:00:50.675+0000] {logging_mixin.py:190} INFO - [2024-11-11T19:00:50.675+0000] {dag.py:4180} INFO - Setting next_dagrun for example_xcom_args_with_operators to None, run_after=None
[2024-11-11T19:00:50.688+0000] {processor.py:208} INFO - Processing /home/airflow/.local/lib/python3.12/site-packages/airflow/example_dags/example_xcomargs.py took 0.065 seconds
[2024-11-11T19:01:21.061+0000] {processor.py:186} INFO - Started process (PID=483) to work on /home/airflow/.local/lib/python3.12/site-packages/airflow/example_dags/example_xcomargs.py
[2024-11-11T19:01:21.061+0000] {processor.py:914} INFO - Processing file /home/airflow/.local/lib/python3.12/site-packages/airflow/example_dags/example_xcomargs.py for tasks to queue
[2024-11-11T19:01:21.063+0000] {logging_mixin.py:190} INFO - [2024-11-11T19:01:21.063+0000] {dagbag.py:588} INFO - Filling up the DagBag from /home/airflow/.local/lib/python3.12/site-packages/airflow/example_dags/example_xcomargs.py
[2024-11-11T19:01:21.073+0000] {processor.py:925} INFO - DAG(s) 'example_xcom_args_with_operators', 'example_xcom_args' retrieved from /home/airflow/.local/lib/python3.12/site-packages/airflow/example_dags/example_xcomargs.py
[2024-11-11T19:01:21.099+0000] {logging_mixin.py:190} INFO - [2024-11-11T19:01:21.099+0000] {dag.py:3239} INFO - Sync 2 DAGs
[2024-11-11T19:01:21.112+0000] {logging_mixin.py:190} INFO - [2024-11-11T19:01:21.112+0000] {dag.py:4180} INFO - Setting next_dagrun for example_xcom_args to None, run_after=None
[2024-11-11T19:01:21.115+0000] {logging_mixin.py:190} INFO - [2024-11-11T19:01:21.115+0000] {dag.py:4180} INFO - Setting next_dagrun for example_xcom_args_with_operators to None, run_after=None
[2024-11-11T19:01:21.128+0000] {processor.py:208} INFO - Processing /home/airflow/.local/lib/python3.12/site-packages/airflow/example_dags/example_xcomargs.py took 0.073 seconds
[2024-11-11T19:01:51.580+0000] {processor.py:186} INFO - Started process (PID=548) to work on /home/airflow/.local/lib/python3.12/site-packages/airflow/example_dags/example_xcomargs.py
[2024-11-11T19:01:51.581+0000] {processor.py:914} INFO - Processing file /home/airflow/.local/lib/python3.12/site-packages/airflow/example_dags/example_xcomargs.py for tasks to queue
[2024-11-11T19:01:51.583+0000] {logging_mixin.py:190} INFO - [2024-11-11T19:01:51.583+0000] {dagbag.py:588} INFO - Filling up the DagBag from /home/airflow/.local/lib/python3.12/site-packages/airflow/example_dags/example_xcomargs.py
[2024-11-11T19:01:51.592+0000] {processor.py:925} INFO - DAG(s) 'example_xcom_args', 'example_xcom_args_with_operators' retrieved from /home/airflow/.local/lib/python3.12/site-packages/airflow/example_dags/example_xcomargs.py
[2024-11-11T19:01:51.617+0000] {logging_mixin.py:190} INFO - [2024-11-11T19:01:51.617+0000] {dag.py:3239} INFO - Sync 2 DAGs
[2024-11-11T19:01:51.629+0000] {logging_mixin.py:190} INFO - [2024-11-11T19:01:51.629+0000] {dag.py:4180} INFO - Setting next_dagrun for example_xcom_args to None, run_after=None
[2024-11-11T19:01:51.633+0000] {logging_mixin.py:190} INFO - [2024-11-11T19:01:51.633+0000] {dag.py:4180} INFO - Setting next_dagrun for example_xcom_args_with_operators to None, run_after=None
[2024-11-11T19:01:51.649+0000] {processor.py:208} INFO - Processing /home/airflow/.local/lib/python3.12/site-packages/airflow/example_dags/example_xcomargs.py took 0.073 seconds
[2024-11-11T19:02:21.988+0000] {processor.py:186} INFO - Started process (PID=613) to work on /home/airflow/.local/lib/python3.12/site-packages/airflow/example_dags/example_xcomargs.py
[2024-11-11T19:02:21.989+0000] {processor.py:914} INFO - Processing file /home/airflow/.local/lib/python3.12/site-packages/airflow/example_dags/example_xcomargs.py for tasks to queue
[2024-11-11T19:02:21.991+0000] {logging_mixin.py:190} INFO - [2024-11-11T19:02:21.991+0000] {dagbag.py:588} INFO - Filling up the DagBag from /home/airflow/.local/lib/python3.12/site-packages/airflow/example_dags/example_xcomargs.py
[2024-11-11T19:02:21.999+0000] {processor.py:925} INFO - DAG(s) 'example_xcom_args', 'example_xcom_args_with_operators' retrieved from /home/airflow/.local/lib/python3.12/site-packages/airflow/example_dags/example_xcomargs.py
[2024-11-11T19:02:22.023+0000] {logging_mixin.py:190} INFO - [2024-11-11T19:02:22.022+0000] {dag.py:3239} INFO - Sync 2 DAGs
[2024-11-11T19:02:22.035+0000] {logging_mixin.py:190} INFO - [2024-11-11T19:02:22.035+0000] {dag.py:4180} INFO - Setting next_dagrun for example_xcom_args to None, run_after=None
[2024-11-11T19:02:22.038+0000] {logging_mixin.py:190} INFO - [2024-11-11T19:02:22.038+0000] {dag.py:4180} INFO - Setting next_dagrun for example_xcom_args_with_operators to None, run_after=None
[2024-11-11T19:02:22.049+0000] {processor.py:208} INFO - Processing /home/airflow/.local/lib/python3.12/site-packages/airflow/example_dags/example_xcomargs.py took 0.065 seconds
[2024-11-11T19:02:52.237+0000] {processor.py:186} INFO - Started process (PID=678) to work on /home/airflow/.local/lib/python3.12/site-packages/airflow/example_dags/example_xcomargs.py
[2024-11-11T19:02:52.238+0000] {processor.py:914} INFO - Processing file /home/airflow/.local/lib/python3.12/site-packages/airflow/example_dags/example_xcomargs.py for tasks to queue
[2024-11-11T19:02:52.240+0000] {logging_mixin.py:190} INFO - [2024-11-11T19:02:52.240+0000] {dagbag.py:588} INFO - Filling up the DagBag from /home/airflow/.local/lib/python3.12/site-packages/airflow/example_dags/example_xcomargs.py
[2024-11-11T19:02:52.249+0000] {processor.py:925} INFO - DAG(s) 'example_xcom_args', 'example_xcom_args_with_operators' retrieved from /home/airflow/.local/lib/python3.12/site-packages/airflow/example_dags/example_xcomargs.py
[2024-11-11T19:02:52.273+0000] {logging_mixin.py:190} INFO - [2024-11-11T19:02:52.273+0000] {dag.py:3239} INFO - Sync 2 DAGs
[2024-11-11T19:02:52.287+0000] {logging_mixin.py:190} INFO - [2024-11-11T19:02:52.287+0000] {dag.py:4180} INFO - Setting next_dagrun for example_xcom_args to None, run_after=None
[2024-11-11T19:02:52.293+0000] {logging_mixin.py:190} INFO - [2024-11-11T19:02:52.293+0000] {dag.py:4180} INFO - Setting next_dagrun for example_xcom_args_with_operators to None, run_after=None
[2024-11-11T19:02:52.316+0000] {processor.py:208} INFO - Processing /home/airflow/.local/lib/python3.12/site-packages/airflow/example_dags/example_xcomargs.py took 0.083 seconds
[2024-11-11T19:03:22.631+0000] {processor.py:186} INFO - Started process (PID=743) to work on /home/airflow/.local/lib/python3.12/site-packages/airflow/example_dags/example_xcomargs.py
[2024-11-11T19:03:22.632+0000] {processor.py:914} INFO - Processing file /home/airflow/.local/lib/python3.12/site-packages/airflow/example_dags/example_xcomargs.py for tasks to queue
[2024-11-11T19:03:22.634+0000] {logging_mixin.py:190} INFO - [2024-11-11T19:03:22.634+0000] {dagbag.py:588} INFO - Filling up the DagBag from /home/airflow/.local/lib/python3.12/site-packages/airflow/example_dags/example_xcomargs.py
[2024-11-11T19:03:22.647+0000] {processor.py:925} INFO - DAG(s) 'example_xcom_args', 'example_xcom_args_with_operators' retrieved from /home/airflow/.local/lib/python3.12/site-packages/airflow/example_dags/example_xcomargs.py
[2024-11-11T19:03:22.670+0000] {logging_mixin.py:190} INFO - [2024-11-11T19:03:22.670+0000] {dag.py:3239} INFO - Sync 2 DAGs
[2024-11-11T19:03:22.684+0000] {logging_mixin.py:190} INFO - [2024-11-11T19:03:22.684+0000] {dag.py:4180} INFO - Setting next_dagrun for example_xcom_args to None, run_after=None
[2024-11-11T19:03:22.687+0000] {logging_mixin.py:190} INFO - [2024-11-11T19:03:22.687+0000] {dag.py:4180} INFO - Setting next_dagrun for example_xcom_args_with_operators to None, run_after=None
[2024-11-11T19:03:22.699+0000] {processor.py:208} INFO - Processing /home/airflow/.local/lib/python3.12/site-packages/airflow/example_dags/example_xcomargs.py took 0.073 seconds
[2024-11-11T19:03:53.116+0000] {processor.py:186} INFO - Started process (PID=808) to work on /home/airflow/.local/lib/python3.12/site-packages/airflow/example_dags/example_xcomargs.py
[2024-11-11T19:03:53.117+0000] {processor.py:914} INFO - Processing file /home/airflow/.local/lib/python3.12/site-packages/airflow/example_dags/example_xcomargs.py for tasks to queue
[2024-11-11T19:03:53.120+0000] {logging_mixin.py:190} INFO - [2024-11-11T19:03:53.120+0000] {dagbag.py:588} INFO - Filling up the DagBag from /home/airflow/.local/lib/python3.12/site-packages/airflow/example_dags/example_xcomargs.py
[2024-11-11T19:03:53.129+0000] {processor.py:925} INFO - DAG(s) 'example_xcom_args', 'example_xcom_args_with_operators' retrieved from /home/airflow/.local/lib/python3.12/site-packages/airflow/example_dags/example_xcomargs.py
[2024-11-11T19:03:53.149+0000] {logging_mixin.py:190} INFO - [2024-11-11T19:03:53.148+0000] {dag.py:3239} INFO - Sync 2 DAGs
[2024-11-11T19:03:53.162+0000] {logging_mixin.py:190} INFO - [2024-11-11T19:03:53.162+0000] {dag.py:4180} INFO - Setting next_dagrun for example_xcom_args to None, run_after=None
[2024-11-11T19:03:53.165+0000] {logging_mixin.py:190} INFO - [2024-11-11T19:03:53.165+0000] {dag.py:4180} INFO - Setting next_dagrun for example_xcom_args_with_operators to None, run_after=None
[2024-11-11T19:03:53.180+0000] {processor.py:208} INFO - Processing /home/airflow/.local/lib/python3.12/site-packages/airflow/example_dags/example_xcomargs.py took 0.073 seconds
[2024-11-11T19:04:23.487+0000] {processor.py:186} INFO - Started process (PID=873) to work on /home/airflow/.local/lib/python3.12/site-packages/airflow/example_dags/example_xcomargs.py
[2024-11-11T19:04:23.489+0000] {processor.py:914} INFO - Processing file /home/airflow/.local/lib/python3.12/site-packages/airflow/example_dags/example_xcomargs.py for tasks to queue
[2024-11-11T19:04:23.493+0000] {logging_mixin.py:190} INFO - [2024-11-11T19:04:23.493+0000] {dagbag.py:588} INFO - Filling up the DagBag from /home/airflow/.local/lib/python3.12/site-packages/airflow/example_dags/example_xcomargs.py
[2024-11-11T19:04:23.506+0000] {processor.py:925} INFO - DAG(s) 'example_xcom_args_with_operators', 'example_xcom_args' retrieved from /home/airflow/.local/lib/python3.12/site-packages/airflow/example_dags/example_xcomargs.py
[2024-11-11T19:04:23.534+0000] {logging_mixin.py:190} INFO - [2024-11-11T19:04:23.534+0000] {dag.py:3239} INFO - Sync 2 DAGs
[2024-11-11T19:04:23.553+0000] {logging_mixin.py:190} INFO - [2024-11-11T19:04:23.553+0000] {dag.py:4180} INFO - Setting next_dagrun for example_xcom_args to None, run_after=None
[2024-11-11T19:04:23.559+0000] {logging_mixin.py:190} INFO - [2024-11-11T19:04:23.558+0000] {dag.py:4180} INFO - Setting next_dagrun for example_xcom_args_with_operators to None, run_after=None
[2024-11-11T19:04:23.586+0000] {processor.py:208} INFO - Processing /home/airflow/.local/lib/python3.12/site-packages/airflow/example_dags/example_xcomargs.py took 0.105 seconds
[2024-11-11T19:04:54.365+0000] {processor.py:186} INFO - Started process (PID=938) to work on /home/airflow/.local/lib/python3.12/site-packages/airflow/example_dags/example_xcomargs.py
[2024-11-11T19:04:54.366+0000] {processor.py:914} INFO - Processing file /home/airflow/.local/lib/python3.12/site-packages/airflow/example_dags/example_xcomargs.py for tasks to queue
[2024-11-11T19:04:54.367+0000] {logging_mixin.py:190} INFO - [2024-11-11T19:04:54.367+0000] {dagbag.py:588} INFO - Filling up the DagBag from /home/airflow/.local/lib/python3.12/site-packages/airflow/example_dags/example_xcomargs.py
[2024-11-11T19:04:54.376+0000] {processor.py:925} INFO - DAG(s) 'example_xcom_args', 'example_xcom_args_with_operators' retrieved from /home/airflow/.local/lib/python3.12/site-packages/airflow/example_dags/example_xcomargs.py
[2024-11-11T19:04:54.395+0000] {logging_mixin.py:190} INFO - [2024-11-11T19:04:54.395+0000] {dag.py:3239} INFO - Sync 2 DAGs
[2024-11-11T19:04:54.410+0000] {logging_mixin.py:190} INFO - [2024-11-11T19:04:54.410+0000] {dag.py:4180} INFO - Setting next_dagrun for example_xcom_args to None, run_after=None
[2024-11-11T19:04:54.413+0000] {logging_mixin.py:190} INFO - [2024-11-11T19:04:54.412+0000] {dag.py:4180} INFO - Setting next_dagrun for example_xcom_args_with_operators to None, run_after=None
[2024-11-11T19:04:54.426+0000] {processor.py:208} INFO - Processing /home/airflow/.local/lib/python3.12/site-packages/airflow/example_dags/example_xcomargs.py took 0.065 seconds
[2024-11-11T19:05:24.918+0000] {processor.py:186} INFO - Started process (PID=1003) to work on /home/airflow/.local/lib/python3.12/site-packages/airflow/example_dags/example_xcomargs.py
[2024-11-11T19:05:24.919+0000] {processor.py:914} INFO - Processing file /home/airflow/.local/lib/python3.12/site-packages/airflow/example_dags/example_xcomargs.py for tasks to queue
[2024-11-11T19:05:24.921+0000] {logging_mixin.py:190} INFO - [2024-11-11T19:05:24.920+0000] {dagbag.py:588} INFO - Filling up the DagBag from /home/airflow/.local/lib/python3.12/site-packages/airflow/example_dags/example_xcomargs.py
[2024-11-11T19:05:24.931+0000] {processor.py:925} INFO - DAG(s) 'example_xcom_args_with_operators', 'example_xcom_args' retrieved from /home/airflow/.local/lib/python3.12/site-packages/airflow/example_dags/example_xcomargs.py
[2024-11-11T19:05:24.957+0000] {logging_mixin.py:190} INFO - [2024-11-11T19:05:24.957+0000] {dag.py:3239} INFO - Sync 2 DAGs
[2024-11-11T19:05:24.968+0000] {logging_mixin.py:190} INFO - [2024-11-11T19:05:24.968+0000] {dag.py:4180} INFO - Setting next_dagrun for example_xcom_args to None, run_after=None
[2024-11-11T19:05:24.971+0000] {logging_mixin.py:190} INFO - [2024-11-11T19:05:24.971+0000] {dag.py:4180} INFO - Setting next_dagrun for example_xcom_args_with_operators to None, run_after=None
[2024-11-11T19:05:24.990+0000] {processor.py:208} INFO - Processing /home/airflow/.local/lib/python3.12/site-packages/airflow/example_dags/example_xcomargs.py took 0.076 seconds
[2024-11-11T19:05:56.092+0000] {processor.py:186} INFO - Started process (PID=1068) to work on /home/airflow/.local/lib/python3.12/site-packages/airflow/example_dags/example_xcomargs.py
[2024-11-11T19:05:56.093+0000] {processor.py:914} INFO - Processing file /home/airflow/.local/lib/python3.12/site-packages/airflow/example_dags/example_xcomargs.py for tasks to queue
[2024-11-11T19:05:56.098+0000] {logging_mixin.py:190} INFO - [2024-11-11T19:05:56.098+0000] {dagbag.py:588} INFO - Filling up the DagBag from /home/airflow/.local/lib/python3.12/site-packages/airflow/example_dags/example_xcomargs.py
[2024-11-11T19:05:56.117+0000] {processor.py:925} INFO - DAG(s) 'example_xcom_args', 'example_xcom_args_with_operators' retrieved from /home/airflow/.local/lib/python3.12/site-packages/airflow/example_dags/example_xcomargs.py
[2024-11-11T19:05:56.169+0000] {logging_mixin.py:190} INFO - [2024-11-11T19:05:56.168+0000] {dag.py:3239} INFO - Sync 2 DAGs
[2024-11-11T19:05:56.190+0000] {logging_mixin.py:190} INFO - [2024-11-11T19:05:56.190+0000] {dag.py:4180} INFO - Setting next_dagrun for example_xcom_args to None, run_after=None
[2024-11-11T19:05:56.197+0000] {logging_mixin.py:190} INFO - [2024-11-11T19:05:56.197+0000] {dag.py:4180} INFO - Setting next_dagrun for example_xcom_args_with_operators to None, run_after=None
[2024-11-11T19:05:56.224+0000] {processor.py:208} INFO - Processing /home/airflow/.local/lib/python3.12/site-packages/airflow/example_dags/example_xcomargs.py took 0.136 seconds
[2024-11-11T19:06:26.335+0000] {processor.py:186} INFO - Started process (PID=1134) to work on /home/airflow/.local/lib/python3.12/site-packages/airflow/example_dags/example_xcomargs.py
[2024-11-11T19:06:26.336+0000] {processor.py:914} INFO - Processing file /home/airflow/.local/lib/python3.12/site-packages/airflow/example_dags/example_xcomargs.py for tasks to queue
[2024-11-11T19:06:26.337+0000] {logging_mixin.py:190} INFO - [2024-11-11T19:06:26.337+0000] {dagbag.py:588} INFO - Filling up the DagBag from /home/airflow/.local/lib/python3.12/site-packages/airflow/example_dags/example_xcomargs.py
[2024-11-11T19:06:26.345+0000] {processor.py:925} INFO - DAG(s) 'example_xcom_args', 'example_xcom_args_with_operators' retrieved from /home/airflow/.local/lib/python3.12/site-packages/airflow/example_dags/example_xcomargs.py
[2024-11-11T19:06:26.364+0000] {logging_mixin.py:190} INFO - [2024-11-11T19:06:26.364+0000] {dag.py:3239} INFO - Sync 2 DAGs
[2024-11-11T19:06:26.377+0000] {logging_mixin.py:190} INFO - [2024-11-11T19:06:26.377+0000] {dag.py:4180} INFO - Setting next_dagrun for example_xcom_args to None, run_after=None
[2024-11-11T19:06:26.380+0000] {logging_mixin.py:190} INFO - [2024-11-11T19:06:26.380+0000] {dag.py:4180} INFO - Setting next_dagrun for example_xcom_args_with_operators to None, run_after=None
[2024-11-11T19:06:26.394+0000] {processor.py:208} INFO - Processing /home/airflow/.local/lib/python3.12/site-packages/airflow/example_dags/example_xcomargs.py took 0.063 seconds
[2024-11-11T19:06:56.820+0000] {processor.py:186} INFO - Started process (PID=1200) to work on /home/airflow/.local/lib/python3.12/site-packages/airflow/example_dags/example_xcomargs.py
[2024-11-11T19:06:56.821+0000] {processor.py:914} INFO - Processing file /home/airflow/.local/lib/python3.12/site-packages/airflow/example_dags/example_xcomargs.py for tasks to queue
[2024-11-11T19:06:56.823+0000] {logging_mixin.py:190} INFO - [2024-11-11T19:06:56.823+0000] {dagbag.py:588} INFO - Filling up the DagBag from /home/airflow/.local/lib/python3.12/site-packages/airflow/example_dags/example_xcomargs.py
[2024-11-11T19:06:56.831+0000] {processor.py:925} INFO - DAG(s) 'example_xcom_args', 'example_xcom_args_with_operators' retrieved from /home/airflow/.local/lib/python3.12/site-packages/airflow/example_dags/example_xcomargs.py
[2024-11-11T19:06:56.850+0000] {logging_mixin.py:190} INFO - [2024-11-11T19:06:56.850+0000] {dag.py:3239} INFO - Sync 2 DAGs
[2024-11-11T19:06:56.863+0000] {logging_mixin.py:190} INFO - [2024-11-11T19:06:56.863+0000] {dag.py:4180} INFO - Setting next_dagrun for example_xcom_args to None, run_after=None
[2024-11-11T19:06:56.867+0000] {logging_mixin.py:190} INFO - [2024-11-11T19:06:56.866+0000] {dag.py:4180} INFO - Setting next_dagrun for example_xcom_args_with_operators to None, run_after=None
[2024-11-11T19:06:56.880+0000] {processor.py:208} INFO - Processing /home/airflow/.local/lib/python3.12/site-packages/airflow/example_dags/example_xcomargs.py took 0.064 seconds
[2024-11-11T19:07:27.553+0000] {processor.py:186} INFO - Started process (PID=1265) to work on /home/airflow/.local/lib/python3.12/site-packages/airflow/example_dags/example_xcomargs.py
[2024-11-11T19:07:27.554+0000] {processor.py:914} INFO - Processing file /home/airflow/.local/lib/python3.12/site-packages/airflow/example_dags/example_xcomargs.py for tasks to queue
[2024-11-11T19:07:27.556+0000] {logging_mixin.py:190} INFO - [2024-11-11T19:07:27.556+0000] {dagbag.py:588} INFO - Filling up the DagBag from /home/airflow/.local/lib/python3.12/site-packages/airflow/example_dags/example_xcomargs.py
[2024-11-11T19:07:27.564+0000] {processor.py:925} INFO - DAG(s) 'example_xcom_args', 'example_xcom_args_with_operators' retrieved from /home/airflow/.local/lib/python3.12/site-packages/airflow/example_dags/example_xcomargs.py
[2024-11-11T19:07:27.583+0000] {logging_mixin.py:190} INFO - [2024-11-11T19:07:27.583+0000] {dag.py:3239} INFO - Sync 2 DAGs
[2024-11-11T19:07:27.596+0000] {logging_mixin.py:190} INFO - [2024-11-11T19:07:27.596+0000] {dag.py:4180} INFO - Setting next_dagrun for example_xcom_args to None, run_after=None
[2024-11-11T19:07:27.599+0000] {logging_mixin.py:190} INFO - [2024-11-11T19:07:27.599+0000] {dag.py:4180} INFO - Setting next_dagrun for example_xcom_args_with_operators to None, run_after=None
[2024-11-11T19:07:27.612+0000] {processor.py:208} INFO - Processing /home/airflow/.local/lib/python3.12/site-packages/airflow/example_dags/example_xcomargs.py took 0.064 seconds
[2024-11-11T19:07:57.973+0000] {processor.py:186} INFO - Started process (PID=1330) to work on /home/airflow/.local/lib/python3.12/site-packages/airflow/example_dags/example_xcomargs.py
[2024-11-11T19:07:57.974+0000] {processor.py:914} INFO - Processing file /home/airflow/.local/lib/python3.12/site-packages/airflow/example_dags/example_xcomargs.py for tasks to queue
[2024-11-11T19:07:57.975+0000] {logging_mixin.py:190} INFO - [2024-11-11T19:07:57.975+0000] {dagbag.py:588} INFO - Filling up the DagBag from /home/airflow/.local/lib/python3.12/site-packages/airflow/example_dags/example_xcomargs.py
[2024-11-11T19:07:57.983+0000] {processor.py:925} INFO - DAG(s) 'example_xcom_args', 'example_xcom_args_with_operators' retrieved from /home/airflow/.local/lib/python3.12/site-packages/airflow/example_dags/example_xcomargs.py
[2024-11-11T19:07:58.005+0000] {logging_mixin.py:190} INFO - [2024-11-11T19:07:58.005+0000] {dag.py:3239} INFO - Sync 2 DAGs
[2024-11-11T19:07:58.017+0000] {logging_mixin.py:190} INFO - [2024-11-11T19:07:58.017+0000] {dag.py:4180} INFO - Setting next_dagrun for example_xcom_args to None, run_after=None
[2024-11-11T19:07:58.020+0000] {logging_mixin.py:190} INFO - [2024-11-11T19:07:58.020+0000] {dag.py:4180} INFO - Setting next_dagrun for example_xcom_args_with_operators to None, run_after=None
[2024-11-11T19:07:58.033+0000] {processor.py:208} INFO - Processing /home/airflow/.local/lib/python3.12/site-packages/airflow/example_dags/example_xcomargs.py took 0.064 seconds
[2024-11-11T19:08:28.578+0000] {processor.py:186} INFO - Started process (PID=1395) to work on /home/airflow/.local/lib/python3.12/site-packages/airflow/example_dags/example_xcomargs.py
[2024-11-11T19:08:28.579+0000] {processor.py:914} INFO - Processing file /home/airflow/.local/lib/python3.12/site-packages/airflow/example_dags/example_xcomargs.py for tasks to queue
[2024-11-11T19:08:28.581+0000] {logging_mixin.py:190} INFO - [2024-11-11T19:08:28.581+0000] {dagbag.py:588} INFO - Filling up the DagBag from /home/airflow/.local/lib/python3.12/site-packages/airflow/example_dags/example_xcomargs.py
[2024-11-11T19:08:28.591+0000] {processor.py:925} INFO - DAG(s) 'example_xcom_args', 'example_xcom_args_with_operators' retrieved from /home/airflow/.local/lib/python3.12/site-packages/airflow/example_dags/example_xcomargs.py
[2024-11-11T19:08:28.610+0000] {logging_mixin.py:190} INFO - [2024-11-11T19:08:28.610+0000] {dag.py:3239} INFO - Sync 2 DAGs
[2024-11-11T19:08:28.622+0000] {logging_mixin.py:190} INFO - [2024-11-11T19:08:28.622+0000] {dag.py:4180} INFO - Setting next_dagrun for example_xcom_args to None, run_after=None
[2024-11-11T19:08:28.625+0000] {logging_mixin.py:190} INFO - [2024-11-11T19:08:28.625+0000] {dag.py:4180} INFO - Setting next_dagrun for example_xcom_args_with_operators to None, run_after=None
[2024-11-11T19:08:28.640+0000] {processor.py:208} INFO - Processing /home/airflow/.local/lib/python3.12/site-packages/airflow/example_dags/example_xcomargs.py took 0.066 seconds
[2024-11-11T19:08:59.285+0000] {processor.py:186} INFO - Started process (PID=1459) to work on /home/airflow/.local/lib/python3.12/site-packages/airflow/example_dags/example_xcomargs.py
[2024-11-11T19:08:59.286+0000] {processor.py:914} INFO - Processing file /home/airflow/.local/lib/python3.12/site-packages/airflow/example_dags/example_xcomargs.py for tasks to queue
[2024-11-11T19:08:59.289+0000] {logging_mixin.py:190} INFO - [2024-11-11T19:08:59.288+0000] {dagbag.py:588} INFO - Filling up the DagBag from /home/airflow/.local/lib/python3.12/site-packages/airflow/example_dags/example_xcomargs.py
[2024-11-11T19:08:59.297+0000] {processor.py:925} INFO - DAG(s) 'example_xcom_args', 'example_xcom_args_with_operators' retrieved from /home/airflow/.local/lib/python3.12/site-packages/airflow/example_dags/example_xcomargs.py
[2024-11-11T19:08:59.328+0000] {logging_mixin.py:190} INFO - [2024-11-11T19:08:59.327+0000] {dag.py:3239} INFO - Sync 2 DAGs
[2024-11-11T19:08:59.342+0000] {logging_mixin.py:190} INFO - [2024-11-11T19:08:59.342+0000] {dag.py:4180} INFO - Setting next_dagrun for example_xcom_args to None, run_after=None
[2024-11-11T19:08:59.345+0000] {logging_mixin.py:190} INFO - [2024-11-11T19:08:59.345+0000] {dag.py:4180} INFO - Setting next_dagrun for example_xcom_args_with_operators to None, run_after=None
[2024-11-11T19:08:59.357+0000] {processor.py:208} INFO - Processing /home/airflow/.local/lib/python3.12/site-packages/airflow/example_dags/example_xcomargs.py took 0.078 seconds
[2024-11-11T19:09:30.005+0000] {processor.py:186} INFO - Started process (PID=1524) to work on /home/airflow/.local/lib/python3.12/site-packages/airflow/example_dags/example_xcomargs.py
[2024-11-11T19:09:30.006+0000] {processor.py:914} INFO - Processing file /home/airflow/.local/lib/python3.12/site-packages/airflow/example_dags/example_xcomargs.py for tasks to queue
[2024-11-11T19:09:30.009+0000] {logging_mixin.py:190} INFO - [2024-11-11T19:09:30.008+0000] {dagbag.py:588} INFO - Filling up the DagBag from /home/airflow/.local/lib/python3.12/site-packages/airflow/example_dags/example_xcomargs.py
[2024-11-11T19:09:30.021+0000] {processor.py:925} INFO - DAG(s) 'example_xcom_args', 'example_xcom_args_with_operators' retrieved from /home/airflow/.local/lib/python3.12/site-packages/airflow/example_dags/example_xcomargs.py
[2024-11-11T19:09:30.047+0000] {logging_mixin.py:190} INFO - [2024-11-11T19:09:30.047+0000] {dag.py:3239} INFO - Sync 2 DAGs
[2024-11-11T19:09:30.060+0000] {logging_mixin.py:190} INFO - [2024-11-11T19:09:30.060+0000] {dag.py:4180} INFO - Setting next_dagrun for example_xcom_args to None, run_after=None
[2024-11-11T19:09:30.063+0000] {logging_mixin.py:190} INFO - [2024-11-11T19:09:30.063+0000] {dag.py:4180} INFO - Setting next_dagrun for example_xcom_args_with_operators to None, run_after=None
[2024-11-11T19:09:30.078+0000] {processor.py:208} INFO - Processing /home/airflow/.local/lib/python3.12/site-packages/airflow/example_dags/example_xcomargs.py took 0.078 seconds
[2024-11-11T19:10:00.729+0000] {processor.py:186} INFO - Started process (PID=1589) to work on /home/airflow/.local/lib/python3.12/site-packages/airflow/example_dags/example_xcomargs.py
[2024-11-11T19:10:00.730+0000] {processor.py:914} INFO - Processing file /home/airflow/.local/lib/python3.12/site-packages/airflow/example_dags/example_xcomargs.py for tasks to queue
[2024-11-11T19:10:00.731+0000] {logging_mixin.py:190} INFO - [2024-11-11T19:10:00.731+0000] {dagbag.py:588} INFO - Filling up the DagBag from /home/airflow/.local/lib/python3.12/site-packages/airflow/example_dags/example_xcomargs.py
[2024-11-11T19:10:00.740+0000] {processor.py:925} INFO - DAG(s) 'example_xcom_args_with_operators', 'example_xcom_args' retrieved from /home/airflow/.local/lib/python3.12/site-packages/airflow/example_dags/example_xcomargs.py
[2024-11-11T19:10:00.758+0000] {logging_mixin.py:190} INFO - [2024-11-11T19:10:00.758+0000] {dag.py:3239} INFO - Sync 2 DAGs
[2024-11-11T19:10:00.771+0000] {logging_mixin.py:190} INFO - [2024-11-11T19:10:00.771+0000] {dag.py:4180} INFO - Setting next_dagrun for example_xcom_args to None, run_after=None
[2024-11-11T19:10:00.775+0000] {logging_mixin.py:190} INFO - [2024-11-11T19:10:00.775+0000] {dag.py:4180} INFO - Setting next_dagrun for example_xcom_args_with_operators to None, run_after=None
[2024-11-11T19:10:00.788+0000] {processor.py:208} INFO - Processing /home/airflow/.local/lib/python3.12/site-packages/airflow/example_dags/example_xcomargs.py took 0.064 seconds
[2024-11-11T19:10:31.605+0000] {processor.py:186} INFO - Started process (PID=1654) to work on /home/airflow/.local/lib/python3.12/site-packages/airflow/example_dags/example_xcomargs.py
[2024-11-11T19:10:31.606+0000] {processor.py:914} INFO - Processing file /home/airflow/.local/lib/python3.12/site-packages/airflow/example_dags/example_xcomargs.py for tasks to queue
[2024-11-11T19:10:31.610+0000] {logging_mixin.py:190} INFO - [2024-11-11T19:10:31.610+0000] {dagbag.py:588} INFO - Filling up the DagBag from /home/airflow/.local/lib/python3.12/site-packages/airflow/example_dags/example_xcomargs.py
[2024-11-11T19:10:31.621+0000] {processor.py:925} INFO - DAG(s) 'example_xcom_args', 'example_xcom_args_with_operators' retrieved from /home/airflow/.local/lib/python3.12/site-packages/airflow/example_dags/example_xcomargs.py
[2024-11-11T19:10:31.641+0000] {logging_mixin.py:190} INFO - [2024-11-11T19:10:31.641+0000] {dag.py:3239} INFO - Sync 2 DAGs
[2024-11-11T19:10:31.653+0000] {logging_mixin.py:190} INFO - [2024-11-11T19:10:31.653+0000] {dag.py:4180} INFO - Setting next_dagrun for example_xcom_args to None, run_after=None
[2024-11-11T19:10:31.657+0000] {logging_mixin.py:190} INFO - [2024-11-11T19:10:31.657+0000] {dag.py:4180} INFO - Setting next_dagrun for example_xcom_args_with_operators to None, run_after=None
[2024-11-11T19:10:31.670+0000] {processor.py:208} INFO - Processing /home/airflow/.local/lib/python3.12/site-packages/airflow/example_dags/example_xcomargs.py took 0.072 seconds
[2024-11-11T19:11:02.218+0000] {processor.py:186} INFO - Started process (PID=1719) to work on /home/airflow/.local/lib/python3.12/site-packages/airflow/example_dags/example_xcomargs.py
[2024-11-11T19:11:02.219+0000] {processor.py:914} INFO - Processing file /home/airflow/.local/lib/python3.12/site-packages/airflow/example_dags/example_xcomargs.py for tasks to queue
[2024-11-11T19:11:02.221+0000] {logging_mixin.py:190} INFO - [2024-11-11T19:11:02.221+0000] {dagbag.py:588} INFO - Filling up the DagBag from /home/airflow/.local/lib/python3.12/site-packages/airflow/example_dags/example_xcomargs.py
[2024-11-11T19:11:02.228+0000] {processor.py:925} INFO - DAG(s) 'example_xcom_args_with_operators', 'example_xcom_args' retrieved from /home/airflow/.local/lib/python3.12/site-packages/airflow/example_dags/example_xcomargs.py
[2024-11-11T19:11:02.248+0000] {logging_mixin.py:190} INFO - [2024-11-11T19:11:02.248+0000] {dag.py:3239} INFO - Sync 2 DAGs
[2024-11-11T19:11:02.266+0000] {logging_mixin.py:190} INFO - [2024-11-11T19:11:02.266+0000] {dag.py:4180} INFO - Setting next_dagrun for example_xcom_args to None, run_after=None
[2024-11-11T19:11:02.269+0000] {logging_mixin.py:190} INFO - [2024-11-11T19:11:02.269+0000] {dag.py:4180} INFO - Setting next_dagrun for example_xcom_args_with_operators to None, run_after=None
[2024-11-11T19:11:02.287+0000] {processor.py:208} INFO - Processing /home/airflow/.local/lib/python3.12/site-packages/airflow/example_dags/example_xcomargs.py took 0.074 seconds
[2024-11-11T19:11:33.927+0000] {processor.py:186} INFO - Started process (PID=1784) to work on /home/airflow/.local/lib/python3.12/site-packages/airflow/example_dags/example_xcomargs.py
[2024-11-11T19:11:33.928+0000] {processor.py:914} INFO - Processing file /home/airflow/.local/lib/python3.12/site-packages/airflow/example_dags/example_xcomargs.py for tasks to queue
[2024-11-11T19:11:33.930+0000] {logging_mixin.py:190} INFO - [2024-11-11T19:11:33.930+0000] {dagbag.py:588} INFO - Filling up the DagBag from /home/airflow/.local/lib/python3.12/site-packages/airflow/example_dags/example_xcomargs.py
[2024-11-11T19:11:33.940+0000] {processor.py:925} INFO - DAG(s) 'example_xcom_args_with_operators', 'example_xcom_args' retrieved from /home/airflow/.local/lib/python3.12/site-packages/airflow/example_dags/example_xcomargs.py
[2024-11-11T19:11:33.962+0000] {logging_mixin.py:190} INFO - [2024-11-11T19:11:33.962+0000] {dag.py:3239} INFO - Sync 2 DAGs
[2024-11-11T19:11:33.976+0000] {logging_mixin.py:190} INFO - [2024-11-11T19:11:33.975+0000] {dag.py:4180} INFO - Setting next_dagrun for example_xcom_args to None, run_after=None
[2024-11-11T19:11:33.979+0000] {logging_mixin.py:190} INFO - [2024-11-11T19:11:33.979+0000] {dag.py:4180} INFO - Setting next_dagrun for example_xcom_args_with_operators to None, run_after=None
[2024-11-11T19:11:33.998+0000] {processor.py:208} INFO - Processing /home/airflow/.local/lib/python3.12/site-packages/airflow/example_dags/example_xcomargs.py took 0.084 seconds
[2024-11-11T19:12:04.356+0000] {processor.py:186} INFO - Started process (PID=1849) to work on /home/airflow/.local/lib/python3.12/site-packages/airflow/example_dags/example_xcomargs.py
[2024-11-11T19:12:04.357+0000] {processor.py:914} INFO - Processing file /home/airflow/.local/lib/python3.12/site-packages/airflow/example_dags/example_xcomargs.py for tasks to queue
[2024-11-11T19:12:04.359+0000] {logging_mixin.py:190} INFO - [2024-11-11T19:12:04.359+0000] {dagbag.py:588} INFO - Filling up the DagBag from /home/airflow/.local/lib/python3.12/site-packages/airflow/example_dags/example_xcomargs.py
[2024-11-11T19:12:04.367+0000] {processor.py:925} INFO - DAG(s) 'example_xcom_args_with_operators', 'example_xcom_args' retrieved from /home/airflow/.local/lib/python3.12/site-packages/airflow/example_dags/example_xcomargs.py
[2024-11-11T19:12:04.407+0000] {logging_mixin.py:190} INFO - [2024-11-11T19:12:04.407+0000] {dag.py:3239} INFO - Sync 2 DAGs
[2024-11-11T19:12:04.419+0000] {logging_mixin.py:190} INFO - [2024-11-11T19:12:04.419+0000] {dag.py:4180} INFO - Setting next_dagrun for example_xcom_args to None, run_after=None
[2024-11-11T19:12:04.422+0000] {logging_mixin.py:190} INFO - [2024-11-11T19:12:04.422+0000] {dag.py:4180} INFO - Setting next_dagrun for example_xcom_args_with_operators to None, run_after=None
[2024-11-11T19:12:04.437+0000] {processor.py:208} INFO - Processing /home/airflow/.local/lib/python3.12/site-packages/airflow/example_dags/example_xcomargs.py took 0.085 seconds
[2024-11-11T19:12:35.113+0000] {processor.py:186} INFO - Started process (PID=1914) to work on /home/airflow/.local/lib/python3.12/site-packages/airflow/example_dags/example_xcomargs.py
[2024-11-11T19:12:35.113+0000] {processor.py:914} INFO - Processing file /home/airflow/.local/lib/python3.12/site-packages/airflow/example_dags/example_xcomargs.py for tasks to queue
[2024-11-11T19:12:35.115+0000] {logging_mixin.py:190} INFO - [2024-11-11T19:12:35.115+0000] {dagbag.py:588} INFO - Filling up the DagBag from /home/airflow/.local/lib/python3.12/site-packages/airflow/example_dags/example_xcomargs.py
[2024-11-11T19:12:35.129+0000] {processor.py:925} INFO - DAG(s) 'example_xcom_args_with_operators', 'example_xcom_args' retrieved from /home/airflow/.local/lib/python3.12/site-packages/airflow/example_dags/example_xcomargs.py
[2024-11-11T19:12:35.149+0000] {logging_mixin.py:190} INFO - [2024-11-11T19:12:35.149+0000] {dag.py:3239} INFO - Sync 2 DAGs
[2024-11-11T19:12:35.161+0000] {logging_mixin.py:190} INFO - [2024-11-11T19:12:35.161+0000] {dag.py:4180} INFO - Setting next_dagrun for example_xcom_args to None, run_after=None
[2024-11-11T19:12:35.164+0000] {logging_mixin.py:190} INFO - [2024-11-11T19:12:35.164+0000] {dag.py:4180} INFO - Setting next_dagrun for example_xcom_args_with_operators to None, run_after=None
[2024-11-11T19:12:35.176+0000] {processor.py:208} INFO - Processing /home/airflow/.local/lib/python3.12/site-packages/airflow/example_dags/example_xcomargs.py took 0.069 seconds
[2024-11-11T19:13:06.503+0000] {processor.py:186} INFO - Started process (PID=1979) to work on /home/airflow/.local/lib/python3.12/site-packages/airflow/example_dags/example_xcomargs.py
[2024-11-11T19:13:06.503+0000] {processor.py:914} INFO - Processing file /home/airflow/.local/lib/python3.12/site-packages/airflow/example_dags/example_xcomargs.py for tasks to queue
[2024-11-11T19:13:06.505+0000] {logging_mixin.py:190} INFO - [2024-11-11T19:13:06.505+0000] {dagbag.py:588} INFO - Filling up the DagBag from /home/airflow/.local/lib/python3.12/site-packages/airflow/example_dags/example_xcomargs.py
[2024-11-11T19:13:06.515+0000] {processor.py:925} INFO - DAG(s) 'example_xcom_args_with_operators', 'example_xcom_args' retrieved from /home/airflow/.local/lib/python3.12/site-packages/airflow/example_dags/example_xcomargs.py
[2024-11-11T19:13:06.542+0000] {logging_mixin.py:190} INFO - [2024-11-11T19:13:06.541+0000] {dag.py:3239} INFO - Sync 2 DAGs
[2024-11-11T19:13:06.553+0000] {logging_mixin.py:190} INFO - [2024-11-11T19:13:06.553+0000] {dag.py:4180} INFO - Setting next_dagrun for example_xcom_args to None, run_after=None
[2024-11-11T19:13:06.557+0000] {logging_mixin.py:190} INFO - [2024-11-11T19:13:06.557+0000] {dag.py:4180} INFO - Setting next_dagrun for example_xcom_args_with_operators to None, run_after=None
[2024-11-11T19:13:06.568+0000] {processor.py:208} INFO - Processing /home/airflow/.local/lib/python3.12/site-packages/airflow/example_dags/example_xcomargs.py took 0.071 seconds
[2024-11-11T19:13:38.003+0000] {processor.py:186} INFO - Started process (PID=2045) to work on /home/airflow/.local/lib/python3.12/site-packages/airflow/example_dags/example_xcomargs.py
[2024-11-11T19:13:38.003+0000] {processor.py:914} INFO - Processing file /home/airflow/.local/lib/python3.12/site-packages/airflow/example_dags/example_xcomargs.py for tasks to queue
[2024-11-11T19:13:38.005+0000] {logging_mixin.py:190} INFO - [2024-11-11T19:13:38.005+0000] {dagbag.py:588} INFO - Filling up the DagBag from /home/airflow/.local/lib/python3.12/site-packages/airflow/example_dags/example_xcomargs.py
[2024-11-11T19:13:38.020+0000] {processor.py:925} INFO - DAG(s) 'example_xcom_args_with_operators', 'example_xcom_args' retrieved from /home/airflow/.local/lib/python3.12/site-packages/airflow/example_dags/example_xcomargs.py
[2024-11-11T19:13:38.045+0000] {logging_mixin.py:190} INFO - [2024-11-11T19:13:38.045+0000] {dag.py:3239} INFO - Sync 2 DAGs
[2024-11-11T19:13:38.058+0000] {logging_mixin.py:190} INFO - [2024-11-11T19:13:38.058+0000] {dag.py:4180} INFO - Setting next_dagrun for example_xcom_args to None, run_after=None
[2024-11-11T19:13:38.061+0000] {logging_mixin.py:190} INFO - [2024-11-11T19:13:38.061+0000] {dag.py:4180} INFO - Setting next_dagrun for example_xcom_args_with_operators to None, run_after=None
[2024-11-11T19:13:38.075+0000] {processor.py:208} INFO - Processing /home/airflow/.local/lib/python3.12/site-packages/airflow/example_dags/example_xcomargs.py took 0.078 seconds
[2024-11-11T19:14:09.126+0000] {processor.py:186} INFO - Started process (PID=2112) to work on /home/airflow/.local/lib/python3.12/site-packages/airflow/example_dags/example_xcomargs.py
[2024-11-11T19:14:09.127+0000] {processor.py:914} INFO - Processing file /home/airflow/.local/lib/python3.12/site-packages/airflow/example_dags/example_xcomargs.py for tasks to queue
[2024-11-11T19:14:09.129+0000] {logging_mixin.py:190} INFO - [2024-11-11T19:14:09.128+0000] {dagbag.py:588} INFO - Filling up the DagBag from /home/airflow/.local/lib/python3.12/site-packages/airflow/example_dags/example_xcomargs.py
[2024-11-11T19:14:09.137+0000] {processor.py:925} INFO - DAG(s) 'example_xcom_args', 'example_xcom_args_with_operators' retrieved from /home/airflow/.local/lib/python3.12/site-packages/airflow/example_dags/example_xcomargs.py
[2024-11-11T19:14:09.156+0000] {logging_mixin.py:190} INFO - [2024-11-11T19:14:09.155+0000] {dag.py:3239} INFO - Sync 2 DAGs
[2024-11-11T19:14:09.168+0000] {logging_mixin.py:190} INFO - [2024-11-11T19:14:09.168+0000] {dag.py:4180} INFO - Setting next_dagrun for example_xcom_args to None, run_after=None
[2024-11-11T19:14:09.171+0000] {logging_mixin.py:190} INFO - [2024-11-11T19:14:09.171+0000] {dag.py:4180} INFO - Setting next_dagrun for example_xcom_args_with_operators to None, run_after=None
[2024-11-11T19:14:09.184+0000] {processor.py:208} INFO - Processing /home/airflow/.local/lib/python3.12/site-packages/airflow/example_dags/example_xcomargs.py took 0.062 seconds
[2024-11-11T19:14:40.455+0000] {processor.py:186} INFO - Started process (PID=2179) to work on /home/airflow/.local/lib/python3.12/site-packages/airflow/example_dags/example_xcomargs.py
[2024-11-11T19:14:40.456+0000] {processor.py:914} INFO - Processing file /home/airflow/.local/lib/python3.12/site-packages/airflow/example_dags/example_xcomargs.py for tasks to queue
[2024-11-11T19:14:40.458+0000] {logging_mixin.py:190} INFO - [2024-11-11T19:14:40.458+0000] {dagbag.py:588} INFO - Filling up the DagBag from /home/airflow/.local/lib/python3.12/site-packages/airflow/example_dags/example_xcomargs.py
[2024-11-11T19:14:40.467+0000] {processor.py:925} INFO - DAG(s) 'example_xcom_args_with_operators', 'example_xcom_args' retrieved from /home/airflow/.local/lib/python3.12/site-packages/airflow/example_dags/example_xcomargs.py
[2024-11-11T19:14:40.486+0000] {logging_mixin.py:190} INFO - [2024-11-11T19:14:40.486+0000] {dag.py:3239} INFO - Sync 2 DAGs
[2024-11-11T19:14:40.498+0000] {logging_mixin.py:190} INFO - [2024-11-11T19:14:40.497+0000] {dag.py:4180} INFO - Setting next_dagrun for example_xcom_args to None, run_after=None
[2024-11-11T19:14:40.501+0000] {logging_mixin.py:190} INFO - [2024-11-11T19:14:40.501+0000] {dag.py:4180} INFO - Setting next_dagrun for example_xcom_args_with_operators to None, run_after=None
[2024-11-11T19:14:40.517+0000] {processor.py:208} INFO - Processing /home/airflow/.local/lib/python3.12/site-packages/airflow/example_dags/example_xcomargs.py took 0.067 seconds
[2024-11-11T19:15:11.163+0000] {processor.py:186} INFO - Started process (PID=2244) to work on /home/airflow/.local/lib/python3.12/site-packages/airflow/example_dags/example_xcomargs.py
[2024-11-11T19:15:11.164+0000] {processor.py:914} INFO - Processing file /home/airflow/.local/lib/python3.12/site-packages/airflow/example_dags/example_xcomargs.py for tasks to queue
[2024-11-11T19:15:11.166+0000] {logging_mixin.py:190} INFO - [2024-11-11T19:15:11.166+0000] {dagbag.py:588} INFO - Filling up the DagBag from /home/airflow/.local/lib/python3.12/site-packages/airflow/example_dags/example_xcomargs.py
[2024-11-11T19:15:11.175+0000] {processor.py:925} INFO - DAG(s) 'example_xcom_args_with_operators', 'example_xcom_args' retrieved from /home/airflow/.local/lib/python3.12/site-packages/airflow/example_dags/example_xcomargs.py
[2024-11-11T19:15:11.196+0000] {logging_mixin.py:190} INFO - [2024-11-11T19:15:11.195+0000] {dag.py:3239} INFO - Sync 2 DAGs
[2024-11-11T19:15:11.207+0000] {logging_mixin.py:190} INFO - [2024-11-11T19:15:11.207+0000] {dag.py:4180} INFO - Setting next_dagrun for example_xcom_args to None, run_after=None
[2024-11-11T19:15:11.211+0000] {logging_mixin.py:190} INFO - [2024-11-11T19:15:11.210+0000] {dag.py:4180} INFO - Setting next_dagrun for example_xcom_args_with_operators to None, run_after=None
[2024-11-11T19:15:11.227+0000] {processor.py:208} INFO - Processing /home/airflow/.local/lib/python3.12/site-packages/airflow/example_dags/example_xcomargs.py took 0.068 seconds
[2024-11-11T19:15:43.245+0000] {processor.py:186} INFO - Started process (PID=2309) to work on /home/airflow/.local/lib/python3.12/site-packages/airflow/example_dags/example_xcomargs.py
[2024-11-11T19:15:43.246+0000] {processor.py:914} INFO - Processing file /home/airflow/.local/lib/python3.12/site-packages/airflow/example_dags/example_xcomargs.py for tasks to queue
[2024-11-11T19:15:43.247+0000] {logging_mixin.py:190} INFO - [2024-11-11T19:15:43.247+0000] {dagbag.py:588} INFO - Filling up the DagBag from /home/airflow/.local/lib/python3.12/site-packages/airflow/example_dags/example_xcomargs.py
[2024-11-11T19:15:43.255+0000] {processor.py:925} INFO - DAG(s) 'example_xcom_args', 'example_xcom_args_with_operators' retrieved from /home/airflow/.local/lib/python3.12/site-packages/airflow/example_dags/example_xcomargs.py
[2024-11-11T19:15:43.272+0000] {logging_mixin.py:190} INFO - [2024-11-11T19:15:43.272+0000] {dag.py:3239} INFO - Sync 2 DAGs
[2024-11-11T19:15:43.283+0000] {logging_mixin.py:190} INFO - [2024-11-11T19:15:43.283+0000] {dag.py:4180} INFO - Setting next_dagrun for example_xcom_args to None, run_after=None
[2024-11-11T19:15:43.286+0000] {logging_mixin.py:190} INFO - [2024-11-11T19:15:43.285+0000] {dag.py:4180} INFO - Setting next_dagrun for example_xcom_args_with_operators to None, run_after=None
[2024-11-11T19:15:43.300+0000] {processor.py:208} INFO - Processing /home/airflow/.local/lib/python3.12/site-packages/airflow/example_dags/example_xcomargs.py took 0.059 seconds
[2024-11-11T19:17:28.852+0000] {processor.py:186} INFO - Started process (PID=94) to work on /home/airflow/.local/lib/python3.12/site-packages/airflow/example_dags/example_xcomargs.py
[2024-11-11T19:17:28.853+0000] {processor.py:914} INFO - Processing file /home/airflow/.local/lib/python3.12/site-packages/airflow/example_dags/example_xcomargs.py for tasks to queue
[2024-11-11T19:17:28.854+0000] {logging_mixin.py:190} INFO - [2024-11-11T19:17:28.854+0000] {dagbag.py:588} INFO - Filling up the DagBag from /home/airflow/.local/lib/python3.12/site-packages/airflow/example_dags/example_xcomargs.py
[2024-11-11T19:17:28.864+0000] {processor.py:925} INFO - DAG(s) 'example_xcom_args', 'example_xcom_args_with_operators' retrieved from /home/airflow/.local/lib/python3.12/site-packages/airflow/example_dags/example_xcomargs.py
[2024-11-11T19:17:28.930+0000] {logging_mixin.py:190} INFO - [2024-11-11T19:17:28.929+0000] {dag.py:3239} INFO - Sync 2 DAGs
[2024-11-11T19:17:28.964+0000] {logging_mixin.py:190} INFO - [2024-11-11T19:17:28.964+0000] {dag.py:4180} INFO - Setting next_dagrun for example_xcom_args to None, run_after=None
[2024-11-11T19:17:28.971+0000] {logging_mixin.py:190} INFO - [2024-11-11T19:17:28.969+0000] {dag.py:4180} INFO - Setting next_dagrun for example_xcom_args_with_operators to None, run_after=None
[2024-11-11T19:17:29.114+0000] {processor.py:208} INFO - Processing /home/airflow/.local/lib/python3.12/site-packages/airflow/example_dags/example_xcomargs.py took 0.267 seconds
[2024-11-11T19:18:18.175+0000] {processor.py:186} INFO - Started process (PID=166) to work on /home/airflow/.local/lib/python3.12/site-packages/airflow/example_dags/example_xcomargs.py
[2024-11-11T19:18:18.175+0000] {processor.py:914} INFO - Processing file /home/airflow/.local/lib/python3.12/site-packages/airflow/example_dags/example_xcomargs.py for tasks to queue
[2024-11-11T19:18:18.177+0000] {logging_mixin.py:190} INFO - [2024-11-11T19:18:18.177+0000] {dagbag.py:588} INFO - Filling up the DagBag from /home/airflow/.local/lib/python3.12/site-packages/airflow/example_dags/example_xcomargs.py
[2024-11-11T19:18:18.188+0000] {processor.py:925} INFO - DAG(s) 'example_xcom_args', 'example_xcom_args_with_operators' retrieved from /home/airflow/.local/lib/python3.12/site-packages/airflow/example_dags/example_xcomargs.py
[2024-11-11T19:18:18.206+0000] {logging_mixin.py:190} INFO - [2024-11-11T19:18:18.205+0000] {dag.py:3239} INFO - Sync 2 DAGs
[2024-11-11T19:18:18.221+0000] {logging_mixin.py:190} INFO - [2024-11-11T19:18:18.220+0000] {dag.py:4180} INFO - Setting next_dagrun for example_xcom_args to None, run_after=None
[2024-11-11T19:18:18.224+0000] {logging_mixin.py:190} INFO - [2024-11-11T19:18:18.223+0000] {dag.py:4180} INFO - Setting next_dagrun for example_xcom_args_with_operators to None, run_after=None
[2024-11-11T19:18:18.235+0000] {processor.py:208} INFO - Processing /home/airflow/.local/lib/python3.12/site-packages/airflow/example_dags/example_xcomargs.py took 0.070 seconds
[2024-11-11T19:18:49.639+0000] {processor.py:186} INFO - Started process (PID=232) to work on /home/airflow/.local/lib/python3.12/site-packages/airflow/example_dags/example_xcomargs.py
[2024-11-11T19:18:49.641+0000] {processor.py:914} INFO - Processing file /home/airflow/.local/lib/python3.12/site-packages/airflow/example_dags/example_xcomargs.py for tasks to queue
[2024-11-11T19:18:49.649+0000] {logging_mixin.py:190} INFO - [2024-11-11T19:18:49.649+0000] {dagbag.py:588} INFO - Filling up the DagBag from /home/airflow/.local/lib/python3.12/site-packages/airflow/example_dags/example_xcomargs.py
[2024-11-11T19:18:49.669+0000] {processor.py:925} INFO - DAG(s) 'example_xcom_args_with_operators', 'example_xcom_args' retrieved from /home/airflow/.local/lib/python3.12/site-packages/airflow/example_dags/example_xcomargs.py
[2024-11-11T19:18:49.713+0000] {logging_mixin.py:190} INFO - [2024-11-11T19:18:49.713+0000] {dag.py:3239} INFO - Sync 2 DAGs
[2024-11-11T19:18:49.742+0000] {logging_mixin.py:190} INFO - [2024-11-11T19:18:49.741+0000] {dag.py:4180} INFO - Setting next_dagrun for example_xcom_args to None, run_after=None
[2024-11-11T19:18:49.746+0000] {logging_mixin.py:190} INFO - [2024-11-11T19:18:49.746+0000] {dag.py:4180} INFO - Setting next_dagrun for example_xcom_args_with_operators to None, run_after=None
[2024-11-11T19:18:49.774+0000] {processor.py:208} INFO - Processing /home/airflow/.local/lib/python3.12/site-packages/airflow/example_dags/example_xcomargs.py took 0.158 seconds
[2024-11-11T19:19:20.092+0000] {processor.py:186} INFO - Started process (PID=297) to work on /home/airflow/.local/lib/python3.12/site-packages/airflow/example_dags/example_xcomargs.py
[2024-11-11T19:19:20.092+0000] {processor.py:914} INFO - Processing file /home/airflow/.local/lib/python3.12/site-packages/airflow/example_dags/example_xcomargs.py for tasks to queue
[2024-11-11T19:19:20.094+0000] {logging_mixin.py:190} INFO - [2024-11-11T19:19:20.094+0000] {dagbag.py:588} INFO - Filling up the DagBag from /home/airflow/.local/lib/python3.12/site-packages/airflow/example_dags/example_xcomargs.py
[2024-11-11T19:19:20.102+0000] {processor.py:925} INFO - DAG(s) 'example_xcom_args', 'example_xcom_args_with_operators' retrieved from /home/airflow/.local/lib/python3.12/site-packages/airflow/example_dags/example_xcomargs.py
[2024-11-11T19:19:20.121+0000] {logging_mixin.py:190} INFO - [2024-11-11T19:19:20.121+0000] {dag.py:3239} INFO - Sync 2 DAGs
[2024-11-11T19:19:20.133+0000] {logging_mixin.py:190} INFO - [2024-11-11T19:19:20.133+0000] {dag.py:4180} INFO - Setting next_dagrun for example_xcom_args to None, run_after=None
[2024-11-11T19:19:20.136+0000] {logging_mixin.py:190} INFO - [2024-11-11T19:19:20.136+0000] {dag.py:4180} INFO - Setting next_dagrun for example_xcom_args_with_operators to None, run_after=None
[2024-11-11T19:19:20.148+0000] {processor.py:208} INFO - Processing /home/airflow/.local/lib/python3.12/site-packages/airflow/example_dags/example_xcomargs.py took 0.061 seconds
[2024-11-11T19:22:01.364+0000] {processor.py:186} INFO - Started process (PID=355) to work on /home/airflow/.local/lib/python3.12/site-packages/airflow/example_dags/example_xcomargs.py
[2024-11-11T19:22:01.367+0000] {processor.py:914} INFO - Processing file /home/airflow/.local/lib/python3.12/site-packages/airflow/example_dags/example_xcomargs.py for tasks to queue
[2024-11-11T19:22:01.369+0000] {logging_mixin.py:190} INFO - [2024-11-11T19:22:01.368+0000] {dagbag.py:588} INFO - Filling up the DagBag from /home/airflow/.local/lib/python3.12/site-packages/airflow/example_dags/example_xcomargs.py
[2024-11-11T19:22:01.396+0000] {processor.py:925} INFO - DAG(s) 'example_xcom_args_with_operators', 'example_xcom_args' retrieved from /home/airflow/.local/lib/python3.12/site-packages/airflow/example_dags/example_xcomargs.py
[2024-11-11T19:22:01.432+0000] {logging_mixin.py:190} INFO - [2024-11-11T19:22:01.431+0000] {dag.py:3239} INFO - Sync 2 DAGs
[2024-11-11T19:22:01.448+0000] {logging_mixin.py:190} INFO - [2024-11-11T19:22:01.447+0000] {dag.py:4180} INFO - Setting next_dagrun for example_xcom_args to None, run_after=None
[2024-11-11T19:22:01.455+0000] {logging_mixin.py:190} INFO - [2024-11-11T19:22:01.454+0000] {dag.py:4180} INFO - Setting next_dagrun for example_xcom_args_with_operators to None, run_after=None
[2024-11-11T19:22:01.477+0000] {processor.py:208} INFO - Processing /home/airflow/.local/lib/python3.12/site-packages/airflow/example_dags/example_xcomargs.py took 0.125 seconds
[2024-11-11T19:28:34.317+0000] {processor.py:186} INFO - Started process (PID=81) to work on /home/airflow/.local/lib/python3.12/site-packages/airflow/example_dags/example_xcomargs.py
[2024-11-11T19:28:34.318+0000] {processor.py:914} INFO - Processing file /home/airflow/.local/lib/python3.12/site-packages/airflow/example_dags/example_xcomargs.py for tasks to queue
[2024-11-11T19:28:34.320+0000] {logging_mixin.py:190} INFO - [2024-11-11T19:28:34.319+0000] {dagbag.py:588} INFO - Filling up the DagBag from /home/airflow/.local/lib/python3.12/site-packages/airflow/example_dags/example_xcomargs.py
[2024-11-11T19:28:34.329+0000] {processor.py:925} INFO - DAG(s) 'example_xcom_args_with_operators', 'example_xcom_args' retrieved from /home/airflow/.local/lib/python3.12/site-packages/airflow/example_dags/example_xcomargs.py
[2024-11-11T19:28:34.361+0000] {logging_mixin.py:190} INFO - [2024-11-11T19:28:34.361+0000] {dag.py:3239} INFO - Sync 2 DAGs
[2024-11-11T19:28:34.382+0000] {logging_mixin.py:190} INFO - [2024-11-11T19:28:34.382+0000] {dag.py:4180} INFO - Setting next_dagrun for example_xcom_args to None, run_after=None
[2024-11-11T19:28:34.388+0000] {logging_mixin.py:190} INFO - [2024-11-11T19:28:34.388+0000] {dag.py:4180} INFO - Setting next_dagrun for example_xcom_args_with_operators to None, run_after=None
[2024-11-11T19:28:34.414+0000] {processor.py:208} INFO - Processing /home/airflow/.local/lib/python3.12/site-packages/airflow/example_dags/example_xcomargs.py took 0.102 seconds
[2024-11-11T19:29:04.597+0000] {processor.py:186} INFO - Started process (PID=152) to work on /home/airflow/.local/lib/python3.12/site-packages/airflow/example_dags/example_xcomargs.py
[2024-11-11T19:29:04.597+0000] {processor.py:914} INFO - Processing file /home/airflow/.local/lib/python3.12/site-packages/airflow/example_dags/example_xcomargs.py for tasks to queue
[2024-11-11T19:29:04.599+0000] {logging_mixin.py:190} INFO - [2024-11-11T19:29:04.599+0000] {dagbag.py:588} INFO - Filling up the DagBag from /home/airflow/.local/lib/python3.12/site-packages/airflow/example_dags/example_xcomargs.py
[2024-11-11T19:29:04.607+0000] {processor.py:925} INFO - DAG(s) 'example_xcom_args_with_operators', 'example_xcom_args' retrieved from /home/airflow/.local/lib/python3.12/site-packages/airflow/example_dags/example_xcomargs.py
[2024-11-11T19:29:04.625+0000] {logging_mixin.py:190} INFO - [2024-11-11T19:29:04.625+0000] {dag.py:3239} INFO - Sync 2 DAGs
[2024-11-11T19:29:04.637+0000] {logging_mixin.py:190} INFO - [2024-11-11T19:29:04.637+0000] {dag.py:4180} INFO - Setting next_dagrun for example_xcom_args to None, run_after=None
[2024-11-11T19:29:04.640+0000] {logging_mixin.py:190} INFO - [2024-11-11T19:29:04.640+0000] {dag.py:4180} INFO - Setting next_dagrun for example_xcom_args_with_operators to None, run_after=None
[2024-11-11T19:29:04.652+0000] {processor.py:208} INFO - Processing /home/airflow/.local/lib/python3.12/site-packages/airflow/example_dags/example_xcomargs.py took 0.060 seconds
[2024-11-11T19:29:35.523+0000] {processor.py:186} INFO - Started process (PID=218) to work on /home/airflow/.local/lib/python3.12/site-packages/airflow/example_dags/example_xcomargs.py
[2024-11-11T19:29:35.524+0000] {processor.py:914} INFO - Processing file /home/airflow/.local/lib/python3.12/site-packages/airflow/example_dags/example_xcomargs.py for tasks to queue
[2024-11-11T19:29:35.526+0000] {logging_mixin.py:190} INFO - [2024-11-11T19:29:35.525+0000] {dagbag.py:588} INFO - Filling up the DagBag from /home/airflow/.local/lib/python3.12/site-packages/airflow/example_dags/example_xcomargs.py
[2024-11-11T19:29:35.536+0000] {processor.py:925} INFO - DAG(s) 'example_xcom_args_with_operators', 'example_xcom_args' retrieved from /home/airflow/.local/lib/python3.12/site-packages/airflow/example_dags/example_xcomargs.py
[2024-11-11T19:29:35.555+0000] {logging_mixin.py:190} INFO - [2024-11-11T19:29:35.555+0000] {dag.py:3239} INFO - Sync 2 DAGs
[2024-11-11T19:29:35.568+0000] {logging_mixin.py:190} INFO - [2024-11-11T19:29:35.568+0000] {dag.py:4180} INFO - Setting next_dagrun for example_xcom_args to None, run_after=None
[2024-11-11T19:29:35.572+0000] {logging_mixin.py:190} INFO - [2024-11-11T19:29:35.572+0000] {dag.py:4180} INFO - Setting next_dagrun for example_xcom_args_with_operators to None, run_after=None
[2024-11-11T19:29:35.586+0000] {processor.py:208} INFO - Processing /home/airflow/.local/lib/python3.12/site-packages/airflow/example_dags/example_xcomargs.py took 0.068 seconds
[2024-11-11T19:30:06.171+0000] {processor.py:186} INFO - Started process (PID=284) to work on /home/airflow/.local/lib/python3.12/site-packages/airflow/example_dags/example_xcomargs.py
[2024-11-11T19:30:06.172+0000] {processor.py:914} INFO - Processing file /home/airflow/.local/lib/python3.12/site-packages/airflow/example_dags/example_xcomargs.py for tasks to queue
[2024-11-11T19:30:06.173+0000] {logging_mixin.py:190} INFO - [2024-11-11T19:30:06.173+0000] {dagbag.py:588} INFO - Filling up the DagBag from /home/airflow/.local/lib/python3.12/site-packages/airflow/example_dags/example_xcomargs.py
[2024-11-11T19:30:06.181+0000] {processor.py:925} INFO - DAG(s) 'example_xcom_args', 'example_xcom_args_with_operators' retrieved from /home/airflow/.local/lib/python3.12/site-packages/airflow/example_dags/example_xcomargs.py
[2024-11-11T19:30:06.200+0000] {logging_mixin.py:190} INFO - [2024-11-11T19:30:06.199+0000] {dag.py:3239} INFO - Sync 2 DAGs
[2024-11-11T19:30:06.213+0000] {logging_mixin.py:190} INFO - [2024-11-11T19:30:06.212+0000] {dag.py:4180} INFO - Setting next_dagrun for example_xcom_args to None, run_after=None
[2024-11-11T19:30:06.216+0000] {logging_mixin.py:190} INFO - [2024-11-11T19:30:06.216+0000] {dag.py:4180} INFO - Setting next_dagrun for example_xcom_args_with_operators to None, run_after=None
[2024-11-11T19:30:06.229+0000] {processor.py:208} INFO - Processing /home/airflow/.local/lib/python3.12/site-packages/airflow/example_dags/example_xcomargs.py took 0.062 seconds
[2024-11-11T19:30:36.933+0000] {processor.py:186} INFO - Started process (PID=350) to work on /home/airflow/.local/lib/python3.12/site-packages/airflow/example_dags/example_xcomargs.py
[2024-11-11T19:30:36.934+0000] {processor.py:914} INFO - Processing file /home/airflow/.local/lib/python3.12/site-packages/airflow/example_dags/example_xcomargs.py for tasks to queue
[2024-11-11T19:30:36.936+0000] {logging_mixin.py:190} INFO - [2024-11-11T19:30:36.936+0000] {dagbag.py:588} INFO - Filling up the DagBag from /home/airflow/.local/lib/python3.12/site-packages/airflow/example_dags/example_xcomargs.py
[2024-11-11T19:30:36.945+0000] {processor.py:925} INFO - DAG(s) 'example_xcom_args_with_operators', 'example_xcom_args' retrieved from /home/airflow/.local/lib/python3.12/site-packages/airflow/example_dags/example_xcomargs.py
[2024-11-11T19:30:36.970+0000] {logging_mixin.py:190} INFO - [2024-11-11T19:30:36.970+0000] {dag.py:3239} INFO - Sync 2 DAGs
[2024-11-11T19:30:36.986+0000] {logging_mixin.py:190} INFO - [2024-11-11T19:30:36.986+0000] {dag.py:4180} INFO - Setting next_dagrun for example_xcom_args to None, run_after=None
[2024-11-11T19:30:36.990+0000] {logging_mixin.py:190} INFO - [2024-11-11T19:30:36.990+0000] {dag.py:4180} INFO - Setting next_dagrun for example_xcom_args_with_operators to None, run_after=None
[2024-11-11T19:30:37.006+0000] {processor.py:208} INFO - Processing /home/airflow/.local/lib/python3.12/site-packages/airflow/example_dags/example_xcomargs.py took 0.079 seconds
[2024-11-11T19:31:07.479+0000] {processor.py:186} INFO - Started process (PID=417) to work on /home/airflow/.local/lib/python3.12/site-packages/airflow/example_dags/example_xcomargs.py
[2024-11-11T19:31:07.480+0000] {processor.py:914} INFO - Processing file /home/airflow/.local/lib/python3.12/site-packages/airflow/example_dags/example_xcomargs.py for tasks to queue
[2024-11-11T19:31:07.482+0000] {logging_mixin.py:190} INFO - [2024-11-11T19:31:07.482+0000] {dagbag.py:588} INFO - Filling up the DagBag from /home/airflow/.local/lib/python3.12/site-packages/airflow/example_dags/example_xcomargs.py
[2024-11-11T19:31:07.490+0000] {processor.py:925} INFO - DAG(s) 'example_xcom_args_with_operators', 'example_xcom_args' retrieved from /home/airflow/.local/lib/python3.12/site-packages/airflow/example_dags/example_xcomargs.py
[2024-11-11T19:31:07.508+0000] {logging_mixin.py:190} INFO - [2024-11-11T19:31:07.508+0000] {dag.py:3239} INFO - Sync 2 DAGs
[2024-11-11T19:31:07.520+0000] {logging_mixin.py:190} INFO - [2024-11-11T19:31:07.519+0000] {dag.py:4180} INFO - Setting next_dagrun for example_xcom_args to None, run_after=None
[2024-11-11T19:31:07.523+0000] {logging_mixin.py:190} INFO - [2024-11-11T19:31:07.522+0000] {dag.py:4180} INFO - Setting next_dagrun for example_xcom_args_with_operators to None, run_after=None
[2024-11-11T19:31:07.535+0000] {processor.py:208} INFO - Processing /home/airflow/.local/lib/python3.12/site-packages/airflow/example_dags/example_xcomargs.py took 0.060 seconds
[2024-11-11T19:31:38.058+0000] {processor.py:186} INFO - Started process (PID=483) to work on /home/airflow/.local/lib/python3.12/site-packages/airflow/example_dags/example_xcomargs.py
[2024-11-11T19:31:38.059+0000] {processor.py:914} INFO - Processing file /home/airflow/.local/lib/python3.12/site-packages/airflow/example_dags/example_xcomargs.py for tasks to queue
[2024-11-11T19:31:38.061+0000] {logging_mixin.py:190} INFO - [2024-11-11T19:31:38.061+0000] {dagbag.py:588} INFO - Filling up the DagBag from /home/airflow/.local/lib/python3.12/site-packages/airflow/example_dags/example_xcomargs.py
[2024-11-11T19:31:38.069+0000] {processor.py:925} INFO - DAG(s) 'example_xcom_args', 'example_xcom_args_with_operators' retrieved from /home/airflow/.local/lib/python3.12/site-packages/airflow/example_dags/example_xcomargs.py
[2024-11-11T19:31:38.088+0000] {logging_mixin.py:190} INFO - [2024-11-11T19:31:38.088+0000] {dag.py:3239} INFO - Sync 2 DAGs
[2024-11-11T19:31:38.100+0000] {logging_mixin.py:190} INFO - [2024-11-11T19:31:38.099+0000] {dag.py:4180} INFO - Setting next_dagrun for example_xcom_args to None, run_after=None
[2024-11-11T19:31:38.103+0000] {logging_mixin.py:190} INFO - [2024-11-11T19:31:38.103+0000] {dag.py:4180} INFO - Setting next_dagrun for example_xcom_args_with_operators to None, run_after=None
[2024-11-11T19:31:38.116+0000] {processor.py:208} INFO - Processing /home/airflow/.local/lib/python3.12/site-packages/airflow/example_dags/example_xcomargs.py took 0.062 seconds
[2024-11-11T19:33:16.645+0000] {processor.py:186} INFO - Started process (PID=84) to work on /home/airflow/.local/lib/python3.12/site-packages/airflow/example_dags/example_xcomargs.py
[2024-11-11T19:33:16.663+0000] {processor.py:914} INFO - Processing file /home/airflow/.local/lib/python3.12/site-packages/airflow/example_dags/example_xcomargs.py for tasks to queue
[2024-11-11T19:33:16.666+0000] {logging_mixin.py:190} INFO - [2024-11-11T19:33:16.666+0000] {dagbag.py:588} INFO - Filling up the DagBag from /home/airflow/.local/lib/python3.12/site-packages/airflow/example_dags/example_xcomargs.py
[2024-11-11T19:33:16.679+0000] {processor.py:925} INFO - DAG(s) 'example_xcom_args', 'example_xcom_args_with_operators' retrieved from /home/airflow/.local/lib/python3.12/site-packages/airflow/example_dags/example_xcomargs.py
[2024-11-11T19:33:16.718+0000] {logging_mixin.py:190} INFO - [2024-11-11T19:33:16.718+0000] {dag.py:3239} INFO - Sync 2 DAGs
[2024-11-11T19:33:16.734+0000] {logging_mixin.py:190} INFO - [2024-11-11T19:33:16.734+0000] {dag.py:4180} INFO - Setting next_dagrun for example_xcom_args to None, run_after=None
[2024-11-11T19:33:16.741+0000] {logging_mixin.py:190} INFO - [2024-11-11T19:33:16.740+0000] {dag.py:4180} INFO - Setting next_dagrun for example_xcom_args_with_operators to None, run_after=None
[2024-11-11T19:33:16.780+0000] {processor.py:208} INFO - Processing /home/airflow/.local/lib/python3.12/site-packages/airflow/example_dags/example_xcomargs.py took 0.139 seconds
[2024-11-11T19:34:20.166+0000] {processor.py:186} INFO - Started process (PID=84) to work on /home/airflow/.local/lib/python3.12/site-packages/airflow/example_dags/example_xcomargs.py
[2024-11-11T19:34:20.177+0000] {processor.py:914} INFO - Processing file /home/airflow/.local/lib/python3.12/site-packages/airflow/example_dags/example_xcomargs.py for tasks to queue
[2024-11-11T19:34:20.179+0000] {logging_mixin.py:190} INFO - [2024-11-11T19:34:20.179+0000] {dagbag.py:588} INFO - Filling up the DagBag from /home/airflow/.local/lib/python3.12/site-packages/airflow/example_dags/example_xcomargs.py
[2024-11-11T19:34:20.196+0000] {processor.py:925} INFO - DAG(s) 'example_xcom_args', 'example_xcom_args_with_operators' retrieved from /home/airflow/.local/lib/python3.12/site-packages/airflow/example_dags/example_xcomargs.py
[2024-11-11T19:34:20.250+0000] {logging_mixin.py:190} INFO - [2024-11-11T19:34:20.250+0000] {dag.py:3239} INFO - Sync 2 DAGs
[2024-11-11T19:34:20.272+0000] {logging_mixin.py:190} INFO - [2024-11-11T19:34:20.272+0000] {dag.py:4180} INFO - Setting next_dagrun for example_xcom_args to None, run_after=None
[2024-11-11T19:34:20.281+0000] {logging_mixin.py:190} INFO - [2024-11-11T19:34:20.281+0000] {dag.py:4180} INFO - Setting next_dagrun for example_xcom_args_with_operators to None, run_after=None
[2024-11-11T19:34:20.317+0000] {processor.py:208} INFO - Processing /home/airflow/.local/lib/python3.12/site-packages/airflow/example_dags/example_xcomargs.py took 0.157 seconds
[2024-11-11T19:34:50.404+0000] {processor.py:186} INFO - Started process (PID=150) to work on /home/airflow/.local/lib/python3.12/site-packages/airflow/example_dags/example_xcomargs.py
[2024-11-11T19:34:50.405+0000] {processor.py:914} INFO - Processing file /home/airflow/.local/lib/python3.12/site-packages/airflow/example_dags/example_xcomargs.py for tasks to queue
[2024-11-11T19:34:50.406+0000] {logging_mixin.py:190} INFO - [2024-11-11T19:34:50.406+0000] {dagbag.py:588} INFO - Filling up the DagBag from /home/airflow/.local/lib/python3.12/site-packages/airflow/example_dags/example_xcomargs.py
[2024-11-11T19:34:50.417+0000] {processor.py:925} INFO - DAG(s) 'example_xcom_args_with_operators', 'example_xcom_args' retrieved from /home/airflow/.local/lib/python3.12/site-packages/airflow/example_dags/example_xcomargs.py
[2024-11-11T19:34:50.443+0000] {logging_mixin.py:190} INFO - [2024-11-11T19:34:50.442+0000] {dag.py:3239} INFO - Sync 2 DAGs
[2024-11-11T19:34:50.457+0000] {logging_mixin.py:190} INFO - [2024-11-11T19:34:50.457+0000] {dag.py:4180} INFO - Setting next_dagrun for example_xcom_args to None, run_after=None
[2024-11-11T19:34:50.461+0000] {logging_mixin.py:190} INFO - [2024-11-11T19:34:50.461+0000] {dag.py:4180} INFO - Setting next_dagrun for example_xcom_args_with_operators to None, run_after=None
[2024-11-11T19:34:50.476+0000] {processor.py:208} INFO - Processing /home/airflow/.local/lib/python3.12/site-packages/airflow/example_dags/example_xcomargs.py took 0.076 seconds
[2024-11-11T19:35:21.022+0000] {processor.py:186} INFO - Started process (PID=222) to work on /home/airflow/.local/lib/python3.12/site-packages/airflow/example_dags/example_xcomargs.py
[2024-11-11T19:35:21.023+0000] {processor.py:914} INFO - Processing file /home/airflow/.local/lib/python3.12/site-packages/airflow/example_dags/example_xcomargs.py for tasks to queue
[2024-11-11T19:35:21.025+0000] {logging_mixin.py:190} INFO - [2024-11-11T19:35:21.025+0000] {dagbag.py:588} INFO - Filling up the DagBag from /home/airflow/.local/lib/python3.12/site-packages/airflow/example_dags/example_xcomargs.py
[2024-11-11T19:35:21.033+0000] {processor.py:925} INFO - DAG(s) 'example_xcom_args', 'example_xcom_args_with_operators' retrieved from /home/airflow/.local/lib/python3.12/site-packages/airflow/example_dags/example_xcomargs.py
[2024-11-11T19:35:21.053+0000] {logging_mixin.py:190} INFO - [2024-11-11T19:35:21.053+0000] {dag.py:3239} INFO - Sync 2 DAGs
[2024-11-11T19:35:21.065+0000] {logging_mixin.py:190} INFO - [2024-11-11T19:35:21.065+0000] {dag.py:4180} INFO - Setting next_dagrun for example_xcom_args to None, run_after=None
[2024-11-11T19:35:21.068+0000] {logging_mixin.py:190} INFO - [2024-11-11T19:35:21.068+0000] {dag.py:4180} INFO - Setting next_dagrun for example_xcom_args_with_operators to None, run_after=None
[2024-11-11T19:35:21.080+0000] {processor.py:208} INFO - Processing /home/airflow/.local/lib/python3.12/site-packages/airflow/example_dags/example_xcomargs.py took 0.063 seconds
[2024-11-11T19:35:51.511+0000] {processor.py:186} INFO - Started process (PID=287) to work on /home/airflow/.local/lib/python3.12/site-packages/airflow/example_dags/example_xcomargs.py
[2024-11-11T19:35:51.512+0000] {processor.py:914} INFO - Processing file /home/airflow/.local/lib/python3.12/site-packages/airflow/example_dags/example_xcomargs.py for tasks to queue
[2024-11-11T19:35:51.514+0000] {logging_mixin.py:190} INFO - [2024-11-11T19:35:51.514+0000] {dagbag.py:588} INFO - Filling up the DagBag from /home/airflow/.local/lib/python3.12/site-packages/airflow/example_dags/example_xcomargs.py
[2024-11-11T19:35:51.523+0000] {processor.py:925} INFO - DAG(s) 'example_xcom_args', 'example_xcom_args_with_operators' retrieved from /home/airflow/.local/lib/python3.12/site-packages/airflow/example_dags/example_xcomargs.py
[2024-11-11T19:35:51.552+0000] {logging_mixin.py:190} INFO - [2024-11-11T19:35:51.552+0000] {dag.py:3239} INFO - Sync 2 DAGs
[2024-11-11T19:35:51.566+0000] {logging_mixin.py:190} INFO - [2024-11-11T19:35:51.565+0000] {dag.py:4180} INFO - Setting next_dagrun for example_xcom_args to None, run_after=None
[2024-11-11T19:35:51.570+0000] {logging_mixin.py:190} INFO - [2024-11-11T19:35:51.569+0000] {dag.py:4180} INFO - Setting next_dagrun for example_xcom_args_with_operators to None, run_after=None
[2024-11-11T19:35:51.583+0000] {processor.py:208} INFO - Processing /home/airflow/.local/lib/python3.12/site-packages/airflow/example_dags/example_xcomargs.py took 0.078 seconds
