[2024-11-11T18:58:14.696+0000] {processor.py:186} INFO - Started process (PID=77) to work on /home/airflow/.local/lib/python3.12/site-packages/airflow/example_dags/example_branch_labels.py
[2024-11-11T18:58:14.705+0000] {processor.py:914} INFO - Processing file /home/airflow/.local/lib/python3.12/site-packages/airflow/example_dags/example_branch_labels.py for tasks to queue
[2024-11-11T18:58:14.709+0000] {logging_mixin.py:190} INFO - [2024-11-11T18:58:14.708+0000] {dagbag.py:588} INFO - Filling up the DagBag from /home/airflow/.local/lib/python3.12/site-packages/airflow/example_dags/example_branch_labels.py
[2024-11-11T18:58:14.735+0000] {processor.py:925} INFO - DAG(s) 'example_branch_labels' retrieved from /home/airflow/.local/lib/python3.12/site-packages/airflow/example_dags/example_branch_labels.py
[2024-11-11T18:58:14.784+0000] {logging_mixin.py:190} INFO - [2024-11-11T18:58:14.784+0000] {dag.py:3239} INFO - Sync 1 DAGs
[2024-11-11T18:58:14.852+0000] {logging_mixin.py:190} INFO - [2024-11-11T18:58:14.851+0000] {dag.py:4180} INFO - Setting next_dagrun for example_branch_labels to 2024-11-10 00:00:00+00:00, run_after=2024-11-11 00:00:00+00:00
[2024-11-11T18:58:14.883+0000] {processor.py:208} INFO - Processing /home/airflow/.local/lib/python3.12/site-packages/airflow/example_dags/example_branch_labels.py took 0.195 seconds
[2024-11-11T18:58:44.948+0000] {processor.py:186} INFO - Started process (PID=141) to work on /home/airflow/.local/lib/python3.12/site-packages/airflow/example_dags/example_branch_labels.py
[2024-11-11T18:58:44.949+0000] {processor.py:914} INFO - Processing file /home/airflow/.local/lib/python3.12/site-packages/airflow/example_dags/example_branch_labels.py for tasks to queue
[2024-11-11T18:58:44.951+0000] {logging_mixin.py:190} INFO - [2024-11-11T18:58:44.951+0000] {dagbag.py:588} INFO - Filling up the DagBag from /home/airflow/.local/lib/python3.12/site-packages/airflow/example_dags/example_branch_labels.py
[2024-11-11T18:58:44.971+0000] {processor.py:925} INFO - DAG(s) 'example_branch_labels' retrieved from /home/airflow/.local/lib/python3.12/site-packages/airflow/example_dags/example_branch_labels.py
[2024-11-11T18:58:44.995+0000] {logging_mixin.py:190} INFO - [2024-11-11T18:58:44.995+0000] {dag.py:3239} INFO - Sync 1 DAGs
[2024-11-11T18:58:45.018+0000] {logging_mixin.py:190} INFO - [2024-11-11T18:58:45.018+0000] {dag.py:4180} INFO - Setting next_dagrun for example_branch_labels to 2024-11-10 00:00:00+00:00, run_after=2024-11-11 00:00:00+00:00
[2024-11-11T18:58:45.039+0000] {processor.py:208} INFO - Processing /home/airflow/.local/lib/python3.12/site-packages/airflow/example_dags/example_branch_labels.py took 0.096 seconds
[2024-11-11T18:59:15.526+0000] {processor.py:186} INFO - Started process (PID=206) to work on /home/airflow/.local/lib/python3.12/site-packages/airflow/example_dags/example_branch_labels.py
[2024-11-11T18:59:15.526+0000] {processor.py:914} INFO - Processing file /home/airflow/.local/lib/python3.12/site-packages/airflow/example_dags/example_branch_labels.py for tasks to queue
[2024-11-11T18:59:15.528+0000] {logging_mixin.py:190} INFO - [2024-11-11T18:59:15.528+0000] {dagbag.py:588} INFO - Filling up the DagBag from /home/airflow/.local/lib/python3.12/site-packages/airflow/example_dags/example_branch_labels.py
[2024-11-11T18:59:15.536+0000] {processor.py:925} INFO - DAG(s) 'example_branch_labels' retrieved from /home/airflow/.local/lib/python3.12/site-packages/airflow/example_dags/example_branch_labels.py
[2024-11-11T18:59:15.559+0000] {logging_mixin.py:190} INFO - [2024-11-11T18:59:15.559+0000] {dag.py:3239} INFO - Sync 1 DAGs
[2024-11-11T18:59:15.580+0000] {logging_mixin.py:190} INFO - [2024-11-11T18:59:15.580+0000] {dag.py:4180} INFO - Setting next_dagrun for example_branch_labels to 2024-11-10 00:00:00+00:00, run_after=2024-11-11 00:00:00+00:00
[2024-11-11T18:59:15.601+0000] {processor.py:208} INFO - Processing /home/airflow/.local/lib/python3.12/site-packages/airflow/example_dags/example_branch_labels.py took 0.081 seconds
[2024-11-11T18:59:46.003+0000] {processor.py:186} INFO - Started process (PID=271) to work on /home/airflow/.local/lib/python3.12/site-packages/airflow/example_dags/example_branch_labels.py
[2024-11-11T18:59:46.004+0000] {processor.py:914} INFO - Processing file /home/airflow/.local/lib/python3.12/site-packages/airflow/example_dags/example_branch_labels.py for tasks to queue
[2024-11-11T18:59:46.005+0000] {logging_mixin.py:190} INFO - [2024-11-11T18:59:46.005+0000] {dagbag.py:588} INFO - Filling up the DagBag from /home/airflow/.local/lib/python3.12/site-packages/airflow/example_dags/example_branch_labels.py
[2024-11-11T18:59:46.012+0000] {processor.py:925} INFO - DAG(s) 'example_branch_labels' retrieved from /home/airflow/.local/lib/python3.12/site-packages/airflow/example_dags/example_branch_labels.py
[2024-11-11T18:59:46.028+0000] {logging_mixin.py:190} INFO - [2024-11-11T18:59:46.028+0000] {dag.py:3239} INFO - Sync 1 DAGs
[2024-11-11T18:59:46.045+0000] {logging_mixin.py:190} INFO - [2024-11-11T18:59:46.045+0000] {dag.py:4180} INFO - Setting next_dagrun for example_branch_labels to 2024-11-10 00:00:00+00:00, run_after=2024-11-11 00:00:00+00:00
[2024-11-11T18:59:46.061+0000] {processor.py:208} INFO - Processing /home/airflow/.local/lib/python3.12/site-packages/airflow/example_dags/example_branch_labels.py took 0.062 seconds
[2024-11-11T19:00:16.757+0000] {processor.py:186} INFO - Started process (PID=336) to work on /home/airflow/.local/lib/python3.12/site-packages/airflow/example_dags/example_branch_labels.py
[2024-11-11T19:00:16.758+0000] {processor.py:914} INFO - Processing file /home/airflow/.local/lib/python3.12/site-packages/airflow/example_dags/example_branch_labels.py for tasks to queue
[2024-11-11T19:00:16.759+0000] {logging_mixin.py:190} INFO - [2024-11-11T19:00:16.759+0000] {dagbag.py:588} INFO - Filling up the DagBag from /home/airflow/.local/lib/python3.12/site-packages/airflow/example_dags/example_branch_labels.py
[2024-11-11T19:00:16.767+0000] {processor.py:925} INFO - DAG(s) 'example_branch_labels' retrieved from /home/airflow/.local/lib/python3.12/site-packages/airflow/example_dags/example_branch_labels.py
[2024-11-11T19:00:16.782+0000] {logging_mixin.py:190} INFO - [2024-11-11T19:00:16.782+0000] {dag.py:3239} INFO - Sync 1 DAGs
[2024-11-11T19:00:16.801+0000] {logging_mixin.py:190} INFO - [2024-11-11T19:00:16.801+0000] {dag.py:4180} INFO - Setting next_dagrun for example_branch_labels to 2024-11-10 00:00:00+00:00, run_after=2024-11-11 00:00:00+00:00
[2024-11-11T19:00:16.817+0000] {processor.py:208} INFO - Processing /home/airflow/.local/lib/python3.12/site-packages/airflow/example_dags/example_branch_labels.py took 0.065 seconds
[2024-11-11T19:00:47.623+0000] {processor.py:186} INFO - Started process (PID=401) to work on /home/airflow/.local/lib/python3.12/site-packages/airflow/example_dags/example_branch_labels.py
[2024-11-11T19:00:47.623+0000] {processor.py:914} INFO - Processing file /home/airflow/.local/lib/python3.12/site-packages/airflow/example_dags/example_branch_labels.py for tasks to queue
[2024-11-11T19:00:47.625+0000] {logging_mixin.py:190} INFO - [2024-11-11T19:00:47.625+0000] {dagbag.py:588} INFO - Filling up the DagBag from /home/airflow/.local/lib/python3.12/site-packages/airflow/example_dags/example_branch_labels.py
[2024-11-11T19:00:47.632+0000] {processor.py:925} INFO - DAG(s) 'example_branch_labels' retrieved from /home/airflow/.local/lib/python3.12/site-packages/airflow/example_dags/example_branch_labels.py
[2024-11-11T19:00:47.648+0000] {logging_mixin.py:190} INFO - [2024-11-11T19:00:47.648+0000] {dag.py:3239} INFO - Sync 1 DAGs
[2024-11-11T19:00:47.667+0000] {logging_mixin.py:190} INFO - [2024-11-11T19:00:47.666+0000] {dag.py:4180} INFO - Setting next_dagrun for example_branch_labels to 2024-11-10 00:00:00+00:00, run_after=2024-11-11 00:00:00+00:00
[2024-11-11T19:00:47.685+0000] {processor.py:208} INFO - Processing /home/airflow/.local/lib/python3.12/site-packages/airflow/example_dags/example_branch_labels.py took 0.067 seconds
[2024-11-11T19:01:18.050+0000] {processor.py:186} INFO - Started process (PID=466) to work on /home/airflow/.local/lib/python3.12/site-packages/airflow/example_dags/example_branch_labels.py
[2024-11-11T19:01:18.051+0000] {processor.py:914} INFO - Processing file /home/airflow/.local/lib/python3.12/site-packages/airflow/example_dags/example_branch_labels.py for tasks to queue
[2024-11-11T19:01:18.053+0000] {logging_mixin.py:190} INFO - [2024-11-11T19:01:18.053+0000] {dagbag.py:588} INFO - Filling up the DagBag from /home/airflow/.local/lib/python3.12/site-packages/airflow/example_dags/example_branch_labels.py
[2024-11-11T19:01:18.062+0000] {processor.py:925} INFO - DAG(s) 'example_branch_labels' retrieved from /home/airflow/.local/lib/python3.12/site-packages/airflow/example_dags/example_branch_labels.py
[2024-11-11T19:01:18.084+0000] {logging_mixin.py:190} INFO - [2024-11-11T19:01:18.083+0000] {dag.py:3239} INFO - Sync 1 DAGs
[2024-11-11T19:01:18.104+0000] {logging_mixin.py:190} INFO - [2024-11-11T19:01:18.104+0000] {dag.py:4180} INFO - Setting next_dagrun for example_branch_labels to 2024-11-10 00:00:00+00:00, run_after=2024-11-11 00:00:00+00:00
[2024-11-11T19:01:18.118+0000] {processor.py:208} INFO - Processing /home/airflow/.local/lib/python3.12/site-packages/airflow/example_dags/example_branch_labels.py took 0.073 seconds
[2024-11-11T19:01:48.505+0000] {processor.py:186} INFO - Started process (PID=531) to work on /home/airflow/.local/lib/python3.12/site-packages/airflow/example_dags/example_branch_labels.py
[2024-11-11T19:01:48.506+0000] {processor.py:914} INFO - Processing file /home/airflow/.local/lib/python3.12/site-packages/airflow/example_dags/example_branch_labels.py for tasks to queue
[2024-11-11T19:01:48.508+0000] {logging_mixin.py:190} INFO - [2024-11-11T19:01:48.508+0000] {dagbag.py:588} INFO - Filling up the DagBag from /home/airflow/.local/lib/python3.12/site-packages/airflow/example_dags/example_branch_labels.py
[2024-11-11T19:01:48.516+0000] {processor.py:925} INFO - DAG(s) 'example_branch_labels' retrieved from /home/airflow/.local/lib/python3.12/site-packages/airflow/example_dags/example_branch_labels.py
[2024-11-11T19:01:48.536+0000] {logging_mixin.py:190} INFO - [2024-11-11T19:01:48.535+0000] {dag.py:3239} INFO - Sync 1 DAGs
[2024-11-11T19:01:48.564+0000] {logging_mixin.py:190} INFO - [2024-11-11T19:01:48.563+0000] {dag.py:4180} INFO - Setting next_dagrun for example_branch_labels to 2024-11-10 00:00:00+00:00, run_after=2024-11-11 00:00:00+00:00
[2024-11-11T19:01:48.580+0000] {processor.py:208} INFO - Processing /home/airflow/.local/lib/python3.12/site-packages/airflow/example_dags/example_branch_labels.py took 0.079 seconds
[2024-11-11T19:02:18.929+0000] {processor.py:186} INFO - Started process (PID=596) to work on /home/airflow/.local/lib/python3.12/site-packages/airflow/example_dags/example_branch_labels.py
[2024-11-11T19:02:18.930+0000] {processor.py:914} INFO - Processing file /home/airflow/.local/lib/python3.12/site-packages/airflow/example_dags/example_branch_labels.py for tasks to queue
[2024-11-11T19:02:18.932+0000] {logging_mixin.py:190} INFO - [2024-11-11T19:02:18.931+0000] {dagbag.py:588} INFO - Filling up the DagBag from /home/airflow/.local/lib/python3.12/site-packages/airflow/example_dags/example_branch_labels.py
[2024-11-11T19:02:18.939+0000] {processor.py:925} INFO - DAG(s) 'example_branch_labels' retrieved from /home/airflow/.local/lib/python3.12/site-packages/airflow/example_dags/example_branch_labels.py
[2024-11-11T19:02:18.956+0000] {logging_mixin.py:190} INFO - [2024-11-11T19:02:18.955+0000] {dag.py:3239} INFO - Sync 1 DAGs
[2024-11-11T19:02:18.974+0000] {logging_mixin.py:190} INFO - [2024-11-11T19:02:18.974+0000] {dag.py:4180} INFO - Setting next_dagrun for example_branch_labels to 2024-11-10 00:00:00+00:00, run_after=2024-11-11 00:00:00+00:00
[2024-11-11T19:02:18.987+0000] {processor.py:208} INFO - Processing /home/airflow/.local/lib/python3.12/site-packages/airflow/example_dags/example_branch_labels.py took 0.062 seconds
[2024-11-11T19:02:49.298+0000] {processor.py:186} INFO - Started process (PID=661) to work on /home/airflow/.local/lib/python3.12/site-packages/airflow/example_dags/example_branch_labels.py
[2024-11-11T19:02:49.299+0000] {processor.py:914} INFO - Processing file /home/airflow/.local/lib/python3.12/site-packages/airflow/example_dags/example_branch_labels.py for tasks to queue
[2024-11-11T19:02:49.301+0000] {logging_mixin.py:190} INFO - [2024-11-11T19:02:49.300+0000] {dagbag.py:588} INFO - Filling up the DagBag from /home/airflow/.local/lib/python3.12/site-packages/airflow/example_dags/example_branch_labels.py
[2024-11-11T19:02:49.308+0000] {processor.py:925} INFO - DAG(s) 'example_branch_labels' retrieved from /home/airflow/.local/lib/python3.12/site-packages/airflow/example_dags/example_branch_labels.py
[2024-11-11T19:02:49.324+0000] {logging_mixin.py:190} INFO - [2024-11-11T19:02:49.324+0000] {dag.py:3239} INFO - Sync 1 DAGs
[2024-11-11T19:02:49.341+0000] {logging_mixin.py:190} INFO - [2024-11-11T19:02:49.341+0000] {dag.py:4180} INFO - Setting next_dagrun for example_branch_labels to 2024-11-10 00:00:00+00:00, run_after=2024-11-11 00:00:00+00:00
[2024-11-11T19:02:49.359+0000] {processor.py:208} INFO - Processing /home/airflow/.local/lib/python3.12/site-packages/airflow/example_dags/example_branch_labels.py took 0.065 seconds
[2024-11-11T19:03:19.697+0000] {processor.py:186} INFO - Started process (PID=726) to work on /home/airflow/.local/lib/python3.12/site-packages/airflow/example_dags/example_branch_labels.py
[2024-11-11T19:03:19.700+0000] {processor.py:914} INFO - Processing file /home/airflow/.local/lib/python3.12/site-packages/airflow/example_dags/example_branch_labels.py for tasks to queue
[2024-11-11T19:03:19.703+0000] {logging_mixin.py:190} INFO - [2024-11-11T19:03:19.702+0000] {dagbag.py:588} INFO - Filling up the DagBag from /home/airflow/.local/lib/python3.12/site-packages/airflow/example_dags/example_branch_labels.py
[2024-11-11T19:03:19.711+0000] {processor.py:925} INFO - DAG(s) 'example_branch_labels' retrieved from /home/airflow/.local/lib/python3.12/site-packages/airflow/example_dags/example_branch_labels.py
[2024-11-11T19:03:19.734+0000] {logging_mixin.py:190} INFO - [2024-11-11T19:03:19.734+0000] {dag.py:3239} INFO - Sync 1 DAGs
[2024-11-11T19:03:19.752+0000] {logging_mixin.py:190} INFO - [2024-11-11T19:03:19.752+0000] {dag.py:4180} INFO - Setting next_dagrun for example_branch_labels to 2024-11-10 00:00:00+00:00, run_after=2024-11-11 00:00:00+00:00
[2024-11-11T19:03:19.768+0000] {processor.py:208} INFO - Processing /home/airflow/.local/lib/python3.12/site-packages/airflow/example_dags/example_branch_labels.py took 0.075 seconds
[2024-11-11T19:03:50.055+0000] {processor.py:186} INFO - Started process (PID=791) to work on /home/airflow/.local/lib/python3.12/site-packages/airflow/example_dags/example_branch_labels.py
[2024-11-11T19:03:50.056+0000] {processor.py:914} INFO - Processing file /home/airflow/.local/lib/python3.12/site-packages/airflow/example_dags/example_branch_labels.py for tasks to queue
[2024-11-11T19:03:50.059+0000] {logging_mixin.py:190} INFO - [2024-11-11T19:03:50.058+0000] {dagbag.py:588} INFO - Filling up the DagBag from /home/airflow/.local/lib/python3.12/site-packages/airflow/example_dags/example_branch_labels.py
[2024-11-11T19:03:50.066+0000] {processor.py:925} INFO - DAG(s) 'example_branch_labels' retrieved from /home/airflow/.local/lib/python3.12/site-packages/airflow/example_dags/example_branch_labels.py
[2024-11-11T19:03:50.082+0000] {logging_mixin.py:190} INFO - [2024-11-11T19:03:50.082+0000] {dag.py:3239} INFO - Sync 1 DAGs
[2024-11-11T19:03:50.100+0000] {logging_mixin.py:190} INFO - [2024-11-11T19:03:50.100+0000] {dag.py:4180} INFO - Setting next_dagrun for example_branch_labels to 2024-11-10 00:00:00+00:00, run_after=2024-11-11 00:00:00+00:00
[2024-11-11T19:03:50.115+0000] {processor.py:208} INFO - Processing /home/airflow/.local/lib/python3.12/site-packages/airflow/example_dags/example_branch_labels.py took 0.069 seconds
[2024-11-11T19:04:20.441+0000] {processor.py:186} INFO - Started process (PID=856) to work on /home/airflow/.local/lib/python3.12/site-packages/airflow/example_dags/example_branch_labels.py
[2024-11-11T19:04:20.442+0000] {processor.py:914} INFO - Processing file /home/airflow/.local/lib/python3.12/site-packages/airflow/example_dags/example_branch_labels.py for tasks to queue
[2024-11-11T19:04:20.444+0000] {logging_mixin.py:190} INFO - [2024-11-11T19:04:20.443+0000] {dagbag.py:588} INFO - Filling up the DagBag from /home/airflow/.local/lib/python3.12/site-packages/airflow/example_dags/example_branch_labels.py
[2024-11-11T19:04:20.452+0000] {processor.py:925} INFO - DAG(s) 'example_branch_labels' retrieved from /home/airflow/.local/lib/python3.12/site-packages/airflow/example_dags/example_branch_labels.py
[2024-11-11T19:04:20.478+0000] {logging_mixin.py:190} INFO - [2024-11-11T19:04:20.478+0000] {dag.py:3239} INFO - Sync 1 DAGs
[2024-11-11T19:04:20.496+0000] {logging_mixin.py:190} INFO - [2024-11-11T19:04:20.496+0000] {dag.py:4180} INFO - Setting next_dagrun for example_branch_labels to 2024-11-10 00:00:00+00:00, run_after=2024-11-11 00:00:00+00:00
[2024-11-11T19:04:20.511+0000] {processor.py:208} INFO - Processing /home/airflow/.local/lib/python3.12/site-packages/airflow/example_dags/example_branch_labels.py took 0.074 seconds
[2024-11-11T19:04:51.395+0000] {processor.py:186} INFO - Started process (PID=921) to work on /home/airflow/.local/lib/python3.12/site-packages/airflow/example_dags/example_branch_labels.py
[2024-11-11T19:04:51.397+0000] {processor.py:914} INFO - Processing file /home/airflow/.local/lib/python3.12/site-packages/airflow/example_dags/example_branch_labels.py for tasks to queue
[2024-11-11T19:04:51.399+0000] {logging_mixin.py:190} INFO - [2024-11-11T19:04:51.398+0000] {dagbag.py:588} INFO - Filling up the DagBag from /home/airflow/.local/lib/python3.12/site-packages/airflow/example_dags/example_branch_labels.py
[2024-11-11T19:04:51.407+0000] {processor.py:925} INFO - DAG(s) 'example_branch_labels' retrieved from /home/airflow/.local/lib/python3.12/site-packages/airflow/example_dags/example_branch_labels.py
[2024-11-11T19:04:51.424+0000] {logging_mixin.py:190} INFO - [2024-11-11T19:04:51.423+0000] {dag.py:3239} INFO - Sync 1 DAGs
[2024-11-11T19:04:51.441+0000] {logging_mixin.py:190} INFO - [2024-11-11T19:04:51.441+0000] {dag.py:4180} INFO - Setting next_dagrun for example_branch_labels to 2024-11-10 00:00:00+00:00, run_after=2024-11-11 00:00:00+00:00
[2024-11-11T19:04:51.454+0000] {processor.py:208} INFO - Processing /home/airflow/.local/lib/python3.12/site-packages/airflow/example_dags/example_branch_labels.py took 0.065 seconds
[2024-11-11T19:05:22.338+0000] {processor.py:186} INFO - Started process (PID=986) to work on /home/airflow/.local/lib/python3.12/site-packages/airflow/example_dags/example_branch_labels.py
[2024-11-11T19:05:22.339+0000] {processor.py:914} INFO - Processing file /home/airflow/.local/lib/python3.12/site-packages/airflow/example_dags/example_branch_labels.py for tasks to queue
[2024-11-11T19:05:22.344+0000] {logging_mixin.py:190} INFO - [2024-11-11T19:05:22.342+0000] {dagbag.py:588} INFO - Filling up the DagBag from /home/airflow/.local/lib/python3.12/site-packages/airflow/example_dags/example_branch_labels.py
[2024-11-11T19:05:22.359+0000] {processor.py:925} INFO - DAG(s) 'example_branch_labels' retrieved from /home/airflow/.local/lib/python3.12/site-packages/airflow/example_dags/example_branch_labels.py
[2024-11-11T19:05:22.391+0000] {logging_mixin.py:190} INFO - [2024-11-11T19:05:22.391+0000] {dag.py:3239} INFO - Sync 1 DAGs
[2024-11-11T19:05:22.423+0000] {logging_mixin.py:190} INFO - [2024-11-11T19:05:22.422+0000] {dag.py:4180} INFO - Setting next_dagrun for example_branch_labels to 2024-11-10 00:00:00+00:00, run_after=2024-11-11 00:00:00+00:00
[2024-11-11T19:05:22.447+0000] {processor.py:208} INFO - Processing /home/airflow/.local/lib/python3.12/site-packages/airflow/example_dags/example_branch_labels.py took 0.114 seconds
[2024-11-11T19:05:52.523+0000] {processor.py:186} INFO - Started process (PID=1051) to work on /home/airflow/.local/lib/python3.12/site-packages/airflow/example_dags/example_branch_labels.py
[2024-11-11T19:05:52.523+0000] {processor.py:914} INFO - Processing file /home/airflow/.local/lib/python3.12/site-packages/airflow/example_dags/example_branch_labels.py for tasks to queue
[2024-11-11T19:05:52.525+0000] {logging_mixin.py:190} INFO - [2024-11-11T19:05:52.525+0000] {dagbag.py:588} INFO - Filling up the DagBag from /home/airflow/.local/lib/python3.12/site-packages/airflow/example_dags/example_branch_labels.py
[2024-11-11T19:05:52.532+0000] {processor.py:925} INFO - DAG(s) 'example_branch_labels' retrieved from /home/airflow/.local/lib/python3.12/site-packages/airflow/example_dags/example_branch_labels.py
[2024-11-11T19:05:52.549+0000] {logging_mixin.py:190} INFO - [2024-11-11T19:05:52.548+0000] {dag.py:3239} INFO - Sync 1 DAGs
[2024-11-11T19:05:52.566+0000] {logging_mixin.py:190} INFO - [2024-11-11T19:05:52.566+0000] {dag.py:4180} INFO - Setting next_dagrun for example_branch_labels to 2024-11-10 00:00:00+00:00, run_after=2024-11-11 00:00:00+00:00
[2024-11-11T19:05:52.579+0000] {processor.py:208} INFO - Processing /home/airflow/.local/lib/python3.12/site-packages/airflow/example_dags/example_branch_labels.py took 0.061 seconds
[2024-11-11T19:06:22.880+0000] {processor.py:186} INFO - Started process (PID=1117) to work on /home/airflow/.local/lib/python3.12/site-packages/airflow/example_dags/example_branch_labels.py
[2024-11-11T19:06:22.881+0000] {processor.py:914} INFO - Processing file /home/airflow/.local/lib/python3.12/site-packages/airflow/example_dags/example_branch_labels.py for tasks to queue
[2024-11-11T19:06:22.883+0000] {logging_mixin.py:190} INFO - [2024-11-11T19:06:22.883+0000] {dagbag.py:588} INFO - Filling up the DagBag from /home/airflow/.local/lib/python3.12/site-packages/airflow/example_dags/example_branch_labels.py
[2024-11-11T19:06:22.892+0000] {processor.py:925} INFO - DAG(s) 'example_branch_labels' retrieved from /home/airflow/.local/lib/python3.12/site-packages/airflow/example_dags/example_branch_labels.py
[2024-11-11T19:06:22.909+0000] {logging_mixin.py:190} INFO - [2024-11-11T19:06:22.909+0000] {dag.py:3239} INFO - Sync 1 DAGs
[2024-11-11T19:06:22.928+0000] {logging_mixin.py:190} INFO - [2024-11-11T19:06:22.928+0000] {dag.py:4180} INFO - Setting next_dagrun for example_branch_labels to 2024-11-10 00:00:00+00:00, run_after=2024-11-11 00:00:00+00:00
[2024-11-11T19:06:22.943+0000] {processor.py:208} INFO - Processing /home/airflow/.local/lib/python3.12/site-packages/airflow/example_dags/example_branch_labels.py took 0.068 seconds
[2024-11-11T19:06:53.736+0000] {processor.py:186} INFO - Started process (PID=1183) to work on /home/airflow/.local/lib/python3.12/site-packages/airflow/example_dags/example_branch_labels.py
[2024-11-11T19:06:53.737+0000] {processor.py:914} INFO - Processing file /home/airflow/.local/lib/python3.12/site-packages/airflow/example_dags/example_branch_labels.py for tasks to queue
[2024-11-11T19:06:53.739+0000] {logging_mixin.py:190} INFO - [2024-11-11T19:06:53.739+0000] {dagbag.py:588} INFO - Filling up the DagBag from /home/airflow/.local/lib/python3.12/site-packages/airflow/example_dags/example_branch_labels.py
[2024-11-11T19:06:53.747+0000] {processor.py:925} INFO - DAG(s) 'example_branch_labels' retrieved from /home/airflow/.local/lib/python3.12/site-packages/airflow/example_dags/example_branch_labels.py
[2024-11-11T19:06:53.770+0000] {logging_mixin.py:190} INFO - [2024-11-11T19:06:53.770+0000] {dag.py:3239} INFO - Sync 1 DAGs
[2024-11-11T19:06:53.795+0000] {logging_mixin.py:190} INFO - [2024-11-11T19:06:53.795+0000] {dag.py:4180} INFO - Setting next_dagrun for example_branch_labels to 2024-11-10 00:00:00+00:00, run_after=2024-11-11 00:00:00+00:00
[2024-11-11T19:06:53.813+0000] {processor.py:208} INFO - Processing /home/airflow/.local/lib/python3.12/site-packages/airflow/example_dags/example_branch_labels.py took 0.082 seconds
[2024-11-11T19:07:24.545+0000] {processor.py:186} INFO - Started process (PID=1248) to work on /home/airflow/.local/lib/python3.12/site-packages/airflow/example_dags/example_branch_labels.py
[2024-11-11T19:07:24.546+0000] {processor.py:914} INFO - Processing file /home/airflow/.local/lib/python3.12/site-packages/airflow/example_dags/example_branch_labels.py for tasks to queue
[2024-11-11T19:07:24.547+0000] {logging_mixin.py:190} INFO - [2024-11-11T19:07:24.547+0000] {dagbag.py:588} INFO - Filling up the DagBag from /home/airflow/.local/lib/python3.12/site-packages/airflow/example_dags/example_branch_labels.py
[2024-11-11T19:07:24.555+0000] {processor.py:925} INFO - DAG(s) 'example_branch_labels' retrieved from /home/airflow/.local/lib/python3.12/site-packages/airflow/example_dags/example_branch_labels.py
[2024-11-11T19:07:24.570+0000] {logging_mixin.py:190} INFO - [2024-11-11T19:07:24.570+0000] {dag.py:3239} INFO - Sync 1 DAGs
[2024-11-11T19:07:24.589+0000] {logging_mixin.py:190} INFO - [2024-11-11T19:07:24.589+0000] {dag.py:4180} INFO - Setting next_dagrun for example_branch_labels to 2024-11-10 00:00:00+00:00, run_after=2024-11-11 00:00:00+00:00
[2024-11-11T19:07:24.602+0000] {processor.py:208} INFO - Processing /home/airflow/.local/lib/python3.12/site-packages/airflow/example_dags/example_branch_labels.py took 0.061 seconds
[2024-11-11T19:07:54.905+0000] {processor.py:186} INFO - Started process (PID=1313) to work on /home/airflow/.local/lib/python3.12/site-packages/airflow/example_dags/example_branch_labels.py
[2024-11-11T19:07:54.906+0000] {processor.py:914} INFO - Processing file /home/airflow/.local/lib/python3.12/site-packages/airflow/example_dags/example_branch_labels.py for tasks to queue
[2024-11-11T19:07:54.908+0000] {logging_mixin.py:190} INFO - [2024-11-11T19:07:54.908+0000] {dagbag.py:588} INFO - Filling up the DagBag from /home/airflow/.local/lib/python3.12/site-packages/airflow/example_dags/example_branch_labels.py
[2024-11-11T19:07:54.919+0000] {processor.py:925} INFO - DAG(s) 'example_branch_labels' retrieved from /home/airflow/.local/lib/python3.12/site-packages/airflow/example_dags/example_branch_labels.py
[2024-11-11T19:07:54.936+0000] {logging_mixin.py:190} INFO - [2024-11-11T19:07:54.936+0000] {dag.py:3239} INFO - Sync 1 DAGs
[2024-11-11T19:07:54.955+0000] {logging_mixin.py:190} INFO - [2024-11-11T19:07:54.955+0000] {dag.py:4180} INFO - Setting next_dagrun for example_branch_labels to 2024-11-10 00:00:00+00:00, run_after=2024-11-11 00:00:00+00:00
[2024-11-11T19:07:54.979+0000] {processor.py:208} INFO - Processing /home/airflow/.local/lib/python3.12/site-packages/airflow/example_dags/example_branch_labels.py took 0.078 seconds
[2024-11-11T19:08:25.537+0000] {processor.py:186} INFO - Started process (PID=1378) to work on /home/airflow/.local/lib/python3.12/site-packages/airflow/example_dags/example_branch_labels.py
[2024-11-11T19:08:25.537+0000] {processor.py:914} INFO - Processing file /home/airflow/.local/lib/python3.12/site-packages/airflow/example_dags/example_branch_labels.py for tasks to queue
[2024-11-11T19:08:25.539+0000] {logging_mixin.py:190} INFO - [2024-11-11T19:08:25.539+0000] {dagbag.py:588} INFO - Filling up the DagBag from /home/airflow/.local/lib/python3.12/site-packages/airflow/example_dags/example_branch_labels.py
[2024-11-11T19:08:25.548+0000] {processor.py:925} INFO - DAG(s) 'example_branch_labels' retrieved from /home/airflow/.local/lib/python3.12/site-packages/airflow/example_dags/example_branch_labels.py
[2024-11-11T19:08:25.572+0000] {logging_mixin.py:190} INFO - [2024-11-11T19:08:25.571+0000] {dag.py:3239} INFO - Sync 1 DAGs
[2024-11-11T19:08:25.591+0000] {logging_mixin.py:190} INFO - [2024-11-11T19:08:25.590+0000] {dag.py:4180} INFO - Setting next_dagrun for example_branch_labels to 2024-11-10 00:00:00+00:00, run_after=2024-11-11 00:00:00+00:00
[2024-11-11T19:08:25.604+0000] {processor.py:208} INFO - Processing /home/airflow/.local/lib/python3.12/site-packages/airflow/example_dags/example_branch_labels.py took 0.074 seconds
[2024-11-11T19:08:55.953+0000] {processor.py:186} INFO - Started process (PID=1442) to work on /home/airflow/.local/lib/python3.12/site-packages/airflow/example_dags/example_branch_labels.py
[2024-11-11T19:08:55.954+0000] {processor.py:914} INFO - Processing file /home/airflow/.local/lib/python3.12/site-packages/airflow/example_dags/example_branch_labels.py for tasks to queue
[2024-11-11T19:08:55.956+0000] {logging_mixin.py:190} INFO - [2024-11-11T19:08:55.956+0000] {dagbag.py:588} INFO - Filling up the DagBag from /home/airflow/.local/lib/python3.12/site-packages/airflow/example_dags/example_branch_labels.py
[2024-11-11T19:08:55.967+0000] {processor.py:925} INFO - DAG(s) 'example_branch_labels' retrieved from /home/airflow/.local/lib/python3.12/site-packages/airflow/example_dags/example_branch_labels.py
[2024-11-11T19:08:55.983+0000] {logging_mixin.py:190} INFO - [2024-11-11T19:08:55.983+0000] {dag.py:3239} INFO - Sync 1 DAGs
[2024-11-11T19:08:56.003+0000] {logging_mixin.py:190} INFO - [2024-11-11T19:08:56.002+0000] {dag.py:4180} INFO - Setting next_dagrun for example_branch_labels to 2024-11-10 00:00:00+00:00, run_after=2024-11-11 00:00:00+00:00
[2024-11-11T19:08:56.016+0000] {processor.py:208} INFO - Processing /home/airflow/.local/lib/python3.12/site-packages/airflow/example_dags/example_branch_labels.py took 0.067 seconds
[2024-11-11T19:09:26.898+0000] {processor.py:186} INFO - Started process (PID=1507) to work on /home/airflow/.local/lib/python3.12/site-packages/airflow/example_dags/example_branch_labels.py
[2024-11-11T19:09:26.899+0000] {processor.py:914} INFO - Processing file /home/airflow/.local/lib/python3.12/site-packages/airflow/example_dags/example_branch_labels.py for tasks to queue
[2024-11-11T19:09:26.901+0000] {logging_mixin.py:190} INFO - [2024-11-11T19:09:26.901+0000] {dagbag.py:588} INFO - Filling up the DagBag from /home/airflow/.local/lib/python3.12/site-packages/airflow/example_dags/example_branch_labels.py
[2024-11-11T19:09:26.909+0000] {processor.py:925} INFO - DAG(s) 'example_branch_labels' retrieved from /home/airflow/.local/lib/python3.12/site-packages/airflow/example_dags/example_branch_labels.py
[2024-11-11T19:09:26.925+0000] {logging_mixin.py:190} INFO - [2024-11-11T19:09:26.925+0000] {dag.py:3239} INFO - Sync 1 DAGs
[2024-11-11T19:09:26.944+0000] {logging_mixin.py:190} INFO - [2024-11-11T19:09:26.944+0000] {dag.py:4180} INFO - Setting next_dagrun for example_branch_labels to 2024-11-10 00:00:00+00:00, run_after=2024-11-11 00:00:00+00:00
[2024-11-11T19:09:26.958+0000] {processor.py:208} INFO - Processing /home/airflow/.local/lib/python3.12/site-packages/airflow/example_dags/example_branch_labels.py took 0.065 seconds
[2024-11-11T19:09:57.530+0000] {processor.py:186} INFO - Started process (PID=1572) to work on /home/airflow/.local/lib/python3.12/site-packages/airflow/example_dags/example_branch_labels.py
[2024-11-11T19:09:57.531+0000] {processor.py:914} INFO - Processing file /home/airflow/.local/lib/python3.12/site-packages/airflow/example_dags/example_branch_labels.py for tasks to queue
[2024-11-11T19:09:57.532+0000] {logging_mixin.py:190} INFO - [2024-11-11T19:09:57.532+0000] {dagbag.py:588} INFO - Filling up the DagBag from /home/airflow/.local/lib/python3.12/site-packages/airflow/example_dags/example_branch_labels.py
[2024-11-11T19:09:57.540+0000] {processor.py:925} INFO - DAG(s) 'example_branch_labels' retrieved from /home/airflow/.local/lib/python3.12/site-packages/airflow/example_dags/example_branch_labels.py
[2024-11-11T19:09:57.555+0000] {logging_mixin.py:190} INFO - [2024-11-11T19:09:57.555+0000] {dag.py:3239} INFO - Sync 1 DAGs
[2024-11-11T19:09:57.578+0000] {logging_mixin.py:190} INFO - [2024-11-11T19:09:57.578+0000] {dag.py:4180} INFO - Setting next_dagrun for example_branch_labels to 2024-11-10 00:00:00+00:00, run_after=2024-11-11 00:00:00+00:00
[2024-11-11T19:09:57.598+0000] {processor.py:208} INFO - Processing /home/airflow/.local/lib/python3.12/site-packages/airflow/example_dags/example_branch_labels.py took 0.072 seconds
[2024-11-11T19:10:28.481+0000] {processor.py:186} INFO - Started process (PID=1637) to work on /home/airflow/.local/lib/python3.12/site-packages/airflow/example_dags/example_branch_labels.py
[2024-11-11T19:10:28.482+0000] {processor.py:914} INFO - Processing file /home/airflow/.local/lib/python3.12/site-packages/airflow/example_dags/example_branch_labels.py for tasks to queue
[2024-11-11T19:10:28.484+0000] {logging_mixin.py:190} INFO - [2024-11-11T19:10:28.483+0000] {dagbag.py:588} INFO - Filling up the DagBag from /home/airflow/.local/lib/python3.12/site-packages/airflow/example_dags/example_branch_labels.py
[2024-11-11T19:10:28.491+0000] {processor.py:925} INFO - DAG(s) 'example_branch_labels' retrieved from /home/airflow/.local/lib/python3.12/site-packages/airflow/example_dags/example_branch_labels.py
[2024-11-11T19:10:28.508+0000] {logging_mixin.py:190} INFO - [2024-11-11T19:10:28.508+0000] {dag.py:3239} INFO - Sync 1 DAGs
[2024-11-11T19:10:28.527+0000] {logging_mixin.py:190} INFO - [2024-11-11T19:10:28.527+0000] {dag.py:4180} INFO - Setting next_dagrun for example_branch_labels to 2024-11-10 00:00:00+00:00, run_after=2024-11-11 00:00:00+00:00
[2024-11-11T19:10:28.540+0000] {processor.py:208} INFO - Processing /home/airflow/.local/lib/python3.12/site-packages/airflow/example_dags/example_branch_labels.py took 0.063 seconds
[2024-11-11T19:10:58.873+0000] {processor.py:186} INFO - Started process (PID=1702) to work on /home/airflow/.local/lib/python3.12/site-packages/airflow/example_dags/example_branch_labels.py
[2024-11-11T19:10:58.877+0000] {processor.py:914} INFO - Processing file /home/airflow/.local/lib/python3.12/site-packages/airflow/example_dags/example_branch_labels.py for tasks to queue
[2024-11-11T19:10:58.879+0000] {logging_mixin.py:190} INFO - [2024-11-11T19:10:58.879+0000] {dagbag.py:588} INFO - Filling up the DagBag from /home/airflow/.local/lib/python3.12/site-packages/airflow/example_dags/example_branch_labels.py
[2024-11-11T19:10:58.889+0000] {processor.py:925} INFO - DAG(s) 'example_branch_labels' retrieved from /home/airflow/.local/lib/python3.12/site-packages/airflow/example_dags/example_branch_labels.py
[2024-11-11T19:10:58.919+0000] {logging_mixin.py:190} INFO - [2024-11-11T19:10:58.919+0000] {dag.py:3239} INFO - Sync 1 DAGs
[2024-11-11T19:10:58.954+0000] {logging_mixin.py:190} INFO - [2024-11-11T19:10:58.954+0000] {dag.py:4180} INFO - Setting next_dagrun for example_branch_labels to 2024-11-10 00:00:00+00:00, run_after=2024-11-11 00:00:00+00:00
[2024-11-11T19:10:58.976+0000] {processor.py:208} INFO - Processing /home/airflow/.local/lib/python3.12/site-packages/airflow/example_dags/example_branch_labels.py took 0.112 seconds
[2024-11-11T19:11:29.072+0000] {processor.py:186} INFO - Started process (PID=1767) to work on /home/airflow/.local/lib/python3.12/site-packages/airflow/example_dags/example_branch_labels.py
[2024-11-11T19:11:29.072+0000] {processor.py:914} INFO - Processing file /home/airflow/.local/lib/python3.12/site-packages/airflow/example_dags/example_branch_labels.py for tasks to queue
[2024-11-11T19:11:29.074+0000] {logging_mixin.py:190} INFO - [2024-11-11T19:11:29.074+0000] {dagbag.py:588} INFO - Filling up the DagBag from /home/airflow/.local/lib/python3.12/site-packages/airflow/example_dags/example_branch_labels.py
[2024-11-11T19:11:29.083+0000] {processor.py:925} INFO - DAG(s) 'example_branch_labels' retrieved from /home/airflow/.local/lib/python3.12/site-packages/airflow/example_dags/example_branch_labels.py
[2024-11-11T19:11:29.100+0000] {logging_mixin.py:190} INFO - [2024-11-11T19:11:29.100+0000] {dag.py:3239} INFO - Sync 1 DAGs
[2024-11-11T19:11:29.118+0000] {logging_mixin.py:190} INFO - [2024-11-11T19:11:29.118+0000] {dag.py:4180} INFO - Setting next_dagrun for example_branch_labels to 2024-11-10 00:00:00+00:00, run_after=2024-11-11 00:00:00+00:00
[2024-11-11T19:11:29.131+0000] {processor.py:208} INFO - Processing /home/airflow/.local/lib/python3.12/site-packages/airflow/example_dags/example_branch_labels.py took 0.063 seconds
[2024-11-11T19:11:59.830+0000] {processor.py:186} INFO - Started process (PID=1832) to work on /home/airflow/.local/lib/python3.12/site-packages/airflow/example_dags/example_branch_labels.py
[2024-11-11T19:11:59.831+0000] {processor.py:914} INFO - Processing file /home/airflow/.local/lib/python3.12/site-packages/airflow/example_dags/example_branch_labels.py for tasks to queue
[2024-11-11T19:11:59.832+0000] {logging_mixin.py:190} INFO - [2024-11-11T19:11:59.832+0000] {dagbag.py:588} INFO - Filling up the DagBag from /home/airflow/.local/lib/python3.12/site-packages/airflow/example_dags/example_branch_labels.py
[2024-11-11T19:11:59.841+0000] {processor.py:925} INFO - DAG(s) 'example_branch_labels' retrieved from /home/airflow/.local/lib/python3.12/site-packages/airflow/example_dags/example_branch_labels.py
[2024-11-11T19:11:59.857+0000] {logging_mixin.py:190} INFO - [2024-11-11T19:11:59.857+0000] {dag.py:3239} INFO - Sync 1 DAGs
[2024-11-11T19:11:59.876+0000] {logging_mixin.py:190} INFO - [2024-11-11T19:11:59.876+0000] {dag.py:4180} INFO - Setting next_dagrun for example_branch_labels to 2024-11-10 00:00:00+00:00, run_after=2024-11-11 00:00:00+00:00
[2024-11-11T19:11:59.895+0000] {processor.py:208} INFO - Processing /home/airflow/.local/lib/python3.12/site-packages/airflow/example_dags/example_branch_labels.py took 0.069 seconds
[2024-11-11T19:12:30.516+0000] {processor.py:186} INFO - Started process (PID=1897) to work on /home/airflow/.local/lib/python3.12/site-packages/airflow/example_dags/example_branch_labels.py
[2024-11-11T19:12:30.517+0000] {processor.py:914} INFO - Processing file /home/airflow/.local/lib/python3.12/site-packages/airflow/example_dags/example_branch_labels.py for tasks to queue
[2024-11-11T19:12:30.519+0000] {logging_mixin.py:190} INFO - [2024-11-11T19:12:30.518+0000] {dagbag.py:588} INFO - Filling up the DagBag from /home/airflow/.local/lib/python3.12/site-packages/airflow/example_dags/example_branch_labels.py
[2024-11-11T19:12:30.526+0000] {processor.py:925} INFO - DAG(s) 'example_branch_labels' retrieved from /home/airflow/.local/lib/python3.12/site-packages/airflow/example_dags/example_branch_labels.py
[2024-11-11T19:12:30.542+0000] {logging_mixin.py:190} INFO - [2024-11-11T19:12:30.542+0000] {dag.py:3239} INFO - Sync 1 DAGs
[2024-11-11T19:12:30.560+0000] {logging_mixin.py:190} INFO - [2024-11-11T19:12:30.560+0000] {dag.py:4180} INFO - Setting next_dagrun for example_branch_labels to 2024-11-10 00:00:00+00:00, run_after=2024-11-11 00:00:00+00:00
[2024-11-11T19:12:30.578+0000] {processor.py:208} INFO - Processing /home/airflow/.local/lib/python3.12/site-packages/airflow/example_dags/example_branch_labels.py took 0.066 seconds
[2024-11-11T19:13:01.001+0000] {processor.py:186} INFO - Started process (PID=1962) to work on /home/airflow/.local/lib/python3.12/site-packages/airflow/example_dags/example_branch_labels.py
[2024-11-11T19:13:01.002+0000] {processor.py:914} INFO - Processing file /home/airflow/.local/lib/python3.12/site-packages/airflow/example_dags/example_branch_labels.py for tasks to queue
[2024-11-11T19:13:01.004+0000] {logging_mixin.py:190} INFO - [2024-11-11T19:13:01.004+0000] {dagbag.py:588} INFO - Filling up the DagBag from /home/airflow/.local/lib/python3.12/site-packages/airflow/example_dags/example_branch_labels.py
[2024-11-11T19:13:01.013+0000] {processor.py:925} INFO - DAG(s) 'example_branch_labels' retrieved from /home/airflow/.local/lib/python3.12/site-packages/airflow/example_dags/example_branch_labels.py
[2024-11-11T19:13:01.033+0000] {logging_mixin.py:190} INFO - [2024-11-11T19:13:01.033+0000] {dag.py:3239} INFO - Sync 1 DAGs
[2024-11-11T19:13:01.051+0000] {logging_mixin.py:190} INFO - [2024-11-11T19:13:01.051+0000] {dag.py:4180} INFO - Setting next_dagrun for example_branch_labels to 2024-11-10 00:00:00+00:00, run_after=2024-11-11 00:00:00+00:00
[2024-11-11T19:13:01.064+0000] {processor.py:208} INFO - Processing /home/airflow/.local/lib/python3.12/site-packages/airflow/example_dags/example_branch_labels.py took 0.068 seconds
[2024-11-11T19:13:31.477+0000] {processor.py:186} INFO - Started process (PID=2028) to work on /home/airflow/.local/lib/python3.12/site-packages/airflow/example_dags/example_branch_labels.py
[2024-11-11T19:13:31.478+0000] {processor.py:914} INFO - Processing file /home/airflow/.local/lib/python3.12/site-packages/airflow/example_dags/example_branch_labels.py for tasks to queue
[2024-11-11T19:13:31.480+0000] {logging_mixin.py:190} INFO - [2024-11-11T19:13:31.480+0000] {dagbag.py:588} INFO - Filling up the DagBag from /home/airflow/.local/lib/python3.12/site-packages/airflow/example_dags/example_branch_labels.py
[2024-11-11T19:13:31.489+0000] {processor.py:925} INFO - DAG(s) 'example_branch_labels' retrieved from /home/airflow/.local/lib/python3.12/site-packages/airflow/example_dags/example_branch_labels.py
[2024-11-11T19:13:31.506+0000] {logging_mixin.py:190} INFO - [2024-11-11T19:13:31.506+0000] {dag.py:3239} INFO - Sync 1 DAGs
[2024-11-11T19:13:31.525+0000] {logging_mixin.py:190} INFO - [2024-11-11T19:13:31.525+0000] {dag.py:4180} INFO - Setting next_dagrun for example_branch_labels to 2024-11-10 00:00:00+00:00, run_after=2024-11-11 00:00:00+00:00
[2024-11-11T19:13:31.538+0000] {processor.py:208} INFO - Processing /home/airflow/.local/lib/python3.12/site-packages/airflow/example_dags/example_branch_labels.py took 0.065 seconds
[2024-11-11T19:14:01.861+0000] {processor.py:186} INFO - Started process (PID=2095) to work on /home/airflow/.local/lib/python3.12/site-packages/airflow/example_dags/example_branch_labels.py
[2024-11-11T19:14:01.862+0000] {processor.py:914} INFO - Processing file /home/airflow/.local/lib/python3.12/site-packages/airflow/example_dags/example_branch_labels.py for tasks to queue
[2024-11-11T19:14:01.864+0000] {logging_mixin.py:190} INFO - [2024-11-11T19:14:01.863+0000] {dagbag.py:588} INFO - Filling up the DagBag from /home/airflow/.local/lib/python3.12/site-packages/airflow/example_dags/example_branch_labels.py
[2024-11-11T19:14:01.876+0000] {processor.py:925} INFO - DAG(s) 'example_branch_labels' retrieved from /home/airflow/.local/lib/python3.12/site-packages/airflow/example_dags/example_branch_labels.py
[2024-11-11T19:14:01.892+0000] {logging_mixin.py:190} INFO - [2024-11-11T19:14:01.892+0000] {dag.py:3239} INFO - Sync 1 DAGs
[2024-11-11T19:14:01.910+0000] {logging_mixin.py:190} INFO - [2024-11-11T19:14:01.910+0000] {dag.py:4180} INFO - Setting next_dagrun for example_branch_labels to 2024-11-10 00:00:00+00:00, run_after=2024-11-11 00:00:00+00:00
[2024-11-11T19:14:01.923+0000] {processor.py:208} INFO - Processing /home/airflow/.local/lib/python3.12/site-packages/airflow/example_dags/example_branch_labels.py took 0.067 seconds
[2024-11-11T19:14:33.079+0000] {processor.py:186} INFO - Started process (PID=2162) to work on /home/airflow/.local/lib/python3.12/site-packages/airflow/example_dags/example_branch_labels.py
[2024-11-11T19:14:33.081+0000] {processor.py:914} INFO - Processing file /home/airflow/.local/lib/python3.12/site-packages/airflow/example_dags/example_branch_labels.py for tasks to queue
[2024-11-11T19:14:33.095+0000] {logging_mixin.py:190} INFO - [2024-11-11T19:14:33.094+0000] {dagbag.py:588} INFO - Filling up the DagBag from /home/airflow/.local/lib/python3.12/site-packages/airflow/example_dags/example_branch_labels.py
[2024-11-11T19:14:33.114+0000] {processor.py:925} INFO - DAG(s) 'example_branch_labels' retrieved from /home/airflow/.local/lib/python3.12/site-packages/airflow/example_dags/example_branch_labels.py
[2024-11-11T19:14:33.130+0000] {logging_mixin.py:190} INFO - [2024-11-11T19:14:33.130+0000] {dag.py:3239} INFO - Sync 1 DAGs
[2024-11-11T19:14:33.149+0000] {logging_mixin.py:190} INFO - [2024-11-11T19:14:33.149+0000] {dag.py:4180} INFO - Setting next_dagrun for example_branch_labels to 2024-11-10 00:00:00+00:00, run_after=2024-11-11 00:00:00+00:00
[2024-11-11T19:14:33.163+0000] {processor.py:208} INFO - Processing /home/airflow/.local/lib/python3.12/site-packages/airflow/example_dags/example_branch_labels.py took 0.091 seconds
[2024-11-11T19:15:03.895+0000] {processor.py:186} INFO - Started process (PID=2227) to work on /home/airflow/.local/lib/python3.12/site-packages/airflow/example_dags/example_branch_labels.py
[2024-11-11T19:15:03.896+0000] {processor.py:914} INFO - Processing file /home/airflow/.local/lib/python3.12/site-packages/airflow/example_dags/example_branch_labels.py for tasks to queue
[2024-11-11T19:15:03.897+0000] {logging_mixin.py:190} INFO - [2024-11-11T19:15:03.897+0000] {dagbag.py:588} INFO - Filling up the DagBag from /home/airflow/.local/lib/python3.12/site-packages/airflow/example_dags/example_branch_labels.py
[2024-11-11T19:15:03.905+0000] {processor.py:925} INFO - DAG(s) 'example_branch_labels' retrieved from /home/airflow/.local/lib/python3.12/site-packages/airflow/example_dags/example_branch_labels.py
[2024-11-11T19:15:03.940+0000] {logging_mixin.py:190} INFO - [2024-11-11T19:15:03.940+0000] {dag.py:3239} INFO - Sync 1 DAGs
[2024-11-11T19:15:03.974+0000] {logging_mixin.py:190} INFO - [2024-11-11T19:15:03.974+0000] {dag.py:4180} INFO - Setting next_dagrun for example_branch_labels to 2024-11-10 00:00:00+00:00, run_after=2024-11-11 00:00:00+00:00
[2024-11-11T19:15:04.013+0000] {processor.py:208} INFO - Processing /home/airflow/.local/lib/python3.12/site-packages/airflow/example_dags/example_branch_labels.py took 0.123 seconds
[2024-11-11T19:15:34.119+0000] {processor.py:186} INFO - Started process (PID=2292) to work on /home/airflow/.local/lib/python3.12/site-packages/airflow/example_dags/example_branch_labels.py
[2024-11-11T19:15:34.120+0000] {processor.py:914} INFO - Processing file /home/airflow/.local/lib/python3.12/site-packages/airflow/example_dags/example_branch_labels.py for tasks to queue
[2024-11-11T19:15:34.121+0000] {logging_mixin.py:190} INFO - [2024-11-11T19:15:34.121+0000] {dagbag.py:588} INFO - Filling up the DagBag from /home/airflow/.local/lib/python3.12/site-packages/airflow/example_dags/example_branch_labels.py
[2024-11-11T19:15:34.129+0000] {processor.py:925} INFO - DAG(s) 'example_branch_labels' retrieved from /home/airflow/.local/lib/python3.12/site-packages/airflow/example_dags/example_branch_labels.py
[2024-11-11T19:15:34.144+0000] {logging_mixin.py:190} INFO - [2024-11-11T19:15:34.143+0000] {dag.py:3239} INFO - Sync 1 DAGs
[2024-11-11T19:15:34.161+0000] {logging_mixin.py:190} INFO - [2024-11-11T19:15:34.161+0000] {dag.py:4180} INFO - Setting next_dagrun for example_branch_labels to 2024-11-10 00:00:00+00:00, run_after=2024-11-11 00:00:00+00:00
[2024-11-11T19:15:34.174+0000] {processor.py:208} INFO - Processing /home/airflow/.local/lib/python3.12/site-packages/airflow/example_dags/example_branch_labels.py took 0.060 seconds
[2024-11-11T19:17:25.690+0000] {processor.py:186} INFO - Started process (PID=78) to work on /home/airflow/.local/lib/python3.12/site-packages/airflow/example_dags/example_branch_labels.py
[2024-11-11T19:17:25.694+0000] {processor.py:914} INFO - Processing file /home/airflow/.local/lib/python3.12/site-packages/airflow/example_dags/example_branch_labels.py for tasks to queue
[2024-11-11T19:17:25.699+0000] {logging_mixin.py:190} INFO - [2024-11-11T19:17:25.699+0000] {dagbag.py:588} INFO - Filling up the DagBag from /home/airflow/.local/lib/python3.12/site-packages/airflow/example_dags/example_branch_labels.py
[2024-11-11T19:17:25.719+0000] {processor.py:925} INFO - DAG(s) 'example_branch_labels' retrieved from /home/airflow/.local/lib/python3.12/site-packages/airflow/example_dags/example_branch_labels.py
[2024-11-11T19:17:25.806+0000] {logging_mixin.py:190} INFO - [2024-11-11T19:17:25.806+0000] {dag.py:3239} INFO - Sync 1 DAGs
[2024-11-11T19:17:25.862+0000] {logging_mixin.py:190} INFO - [2024-11-11T19:17:25.862+0000] {dag.py:4180} INFO - Setting next_dagrun for example_branch_labels to 2024-11-10 00:00:00+00:00, run_after=2024-11-11 00:00:00+00:00
[2024-11-11T19:17:25.902+0000] {processor.py:208} INFO - Processing /home/airflow/.local/lib/python3.12/site-packages/airflow/example_dags/example_branch_labels.py took 0.217 seconds
[2024-11-11T19:18:17.138+0000] {processor.py:186} INFO - Started process (PID=150) to work on /home/airflow/.local/lib/python3.12/site-packages/airflow/example_dags/example_branch_labels.py
[2024-11-11T19:18:17.139+0000] {processor.py:914} INFO - Processing file /home/airflow/.local/lib/python3.12/site-packages/airflow/example_dags/example_branch_labels.py for tasks to queue
[2024-11-11T19:18:17.141+0000] {logging_mixin.py:190} INFO - [2024-11-11T19:18:17.141+0000] {dagbag.py:588} INFO - Filling up the DagBag from /home/airflow/.local/lib/python3.12/site-packages/airflow/example_dags/example_branch_labels.py
[2024-11-11T19:18:17.150+0000] {processor.py:925} INFO - DAG(s) 'example_branch_labels' retrieved from /home/airflow/.local/lib/python3.12/site-packages/airflow/example_dags/example_branch_labels.py
[2024-11-11T19:18:17.168+0000] {logging_mixin.py:190} INFO - [2024-11-11T19:18:17.168+0000] {dag.py:3239} INFO - Sync 1 DAGs
[2024-11-11T19:18:17.189+0000] {logging_mixin.py:190} INFO - [2024-11-11T19:18:17.188+0000] {dag.py:4180} INFO - Setting next_dagrun for example_branch_labels to 2024-11-10 00:00:00+00:00, run_after=2024-11-11 00:00:00+00:00
[2024-11-11T19:18:17.204+0000] {processor.py:208} INFO - Processing /home/airflow/.local/lib/python3.12/site-packages/airflow/example_dags/example_branch_labels.py took 0.070 seconds
[2024-11-11T19:18:47.859+0000] {processor.py:186} INFO - Started process (PID=216) to work on /home/airflow/.local/lib/python3.12/site-packages/airflow/example_dags/example_branch_labels.py
[2024-11-11T19:18:47.860+0000] {processor.py:914} INFO - Processing file /home/airflow/.local/lib/python3.12/site-packages/airflow/example_dags/example_branch_labels.py for tasks to queue
[2024-11-11T19:18:47.862+0000] {logging_mixin.py:190} INFO - [2024-11-11T19:18:47.862+0000] {dagbag.py:588} INFO - Filling up the DagBag from /home/airflow/.local/lib/python3.12/site-packages/airflow/example_dags/example_branch_labels.py
[2024-11-11T19:18:47.879+0000] {processor.py:925} INFO - DAG(s) 'example_branch_labels' retrieved from /home/airflow/.local/lib/python3.12/site-packages/airflow/example_dags/example_branch_labels.py
[2024-11-11T19:18:47.916+0000] {logging_mixin.py:190} INFO - [2024-11-11T19:18:47.916+0000] {dag.py:3239} INFO - Sync 1 DAGs
[2024-11-11T19:18:47.966+0000] {logging_mixin.py:190} INFO - [2024-11-11T19:18:47.965+0000] {dag.py:4180} INFO - Setting next_dagrun for example_branch_labels to 2024-11-10 00:00:00+00:00, run_after=2024-11-11 00:00:00+00:00
[2024-11-11T19:18:48.003+0000] {processor.py:208} INFO - Processing /home/airflow/.local/lib/python3.12/site-packages/airflow/example_dags/example_branch_labels.py took 0.148 seconds
[2024-11-11T19:19:18.618+0000] {processor.py:186} INFO - Started process (PID=281) to work on /home/airflow/.local/lib/python3.12/site-packages/airflow/example_dags/example_branch_labels.py
[2024-11-11T19:19:18.620+0000] {processor.py:914} INFO - Processing file /home/airflow/.local/lib/python3.12/site-packages/airflow/example_dags/example_branch_labels.py for tasks to queue
[2024-11-11T19:19:18.627+0000] {logging_mixin.py:190} INFO - [2024-11-11T19:19:18.627+0000] {dagbag.py:588} INFO - Filling up the DagBag from /home/airflow/.local/lib/python3.12/site-packages/airflow/example_dags/example_branch_labels.py
[2024-11-11T19:19:18.637+0000] {processor.py:925} INFO - DAG(s) 'example_branch_labels' retrieved from /home/airflow/.local/lib/python3.12/site-packages/airflow/example_dags/example_branch_labels.py
[2024-11-11T19:19:18.663+0000] {logging_mixin.py:190} INFO - [2024-11-11T19:19:18.663+0000] {dag.py:3239} INFO - Sync 1 DAGs
[2024-11-11T19:19:18.701+0000] {logging_mixin.py:190} INFO - [2024-11-11T19:19:18.700+0000] {dag.py:4180} INFO - Setting next_dagrun for example_branch_labels to 2024-11-10 00:00:00+00:00, run_after=2024-11-11 00:00:00+00:00
[2024-11-11T19:19:18.725+0000] {processor.py:208} INFO - Processing /home/airflow/.local/lib/python3.12/site-packages/airflow/example_dags/example_branch_labels.py took 0.112 seconds
[2024-11-11T19:21:59.892+0000] {processor.py:186} INFO - Started process (PID=339) to work on /home/airflow/.local/lib/python3.12/site-packages/airflow/example_dags/example_branch_labels.py
[2024-11-11T19:21:59.892+0000] {processor.py:914} INFO - Processing file /home/airflow/.local/lib/python3.12/site-packages/airflow/example_dags/example_branch_labels.py for tasks to queue
[2024-11-11T19:21:59.894+0000] {logging_mixin.py:190} INFO - [2024-11-11T19:21:59.893+0000] {dagbag.py:588} INFO - Filling up the DagBag from /home/airflow/.local/lib/python3.12/site-packages/airflow/example_dags/example_branch_labels.py
[2024-11-11T19:21:59.903+0000] {processor.py:925} INFO - DAG(s) 'example_branch_labels' retrieved from /home/airflow/.local/lib/python3.12/site-packages/airflow/example_dags/example_branch_labels.py
[2024-11-11T19:21:59.923+0000] {logging_mixin.py:190} INFO - [2024-11-11T19:21:59.923+0000] {dag.py:3239} INFO - Sync 1 DAGs
[2024-11-11T19:21:59.943+0000] {logging_mixin.py:190} INFO - [2024-11-11T19:21:59.943+0000] {dag.py:4180} INFO - Setting next_dagrun for example_branch_labels to 2024-11-10 00:00:00+00:00, run_after=2024-11-11 00:00:00+00:00
[2024-11-11T19:21:59.956+0000] {processor.py:208} INFO - Processing /home/airflow/.local/lib/python3.12/site-packages/airflow/example_dags/example_branch_labels.py took 0.070 seconds
[2024-11-11T19:28:32.429+0000] {processor.py:186} INFO - Started process (PID=65) to work on /home/airflow/.local/lib/python3.12/site-packages/airflow/example_dags/example_branch_labels.py
[2024-11-11T19:28:32.452+0000] {processor.py:914} INFO - Processing file /home/airflow/.local/lib/python3.12/site-packages/airflow/example_dags/example_branch_labels.py for tasks to queue
[2024-11-11T19:28:32.455+0000] {logging_mixin.py:190} INFO - [2024-11-11T19:28:32.455+0000] {dagbag.py:588} INFO - Filling up the DagBag from /home/airflow/.local/lib/python3.12/site-packages/airflow/example_dags/example_branch_labels.py
[2024-11-11T19:28:32.476+0000] {processor.py:925} INFO - DAG(s) 'example_branch_labels' retrieved from /home/airflow/.local/lib/python3.12/site-packages/airflow/example_dags/example_branch_labels.py
[2024-11-11T19:28:32.502+0000] {logging_mixin.py:190} INFO - [2024-11-11T19:28:32.502+0000] {dag.py:3239} INFO - Sync 1 DAGs
[2024-11-11T19:28:32.531+0000] {logging_mixin.py:190} INFO - [2024-11-11T19:28:32.530+0000] {dag.py:4180} INFO - Setting next_dagrun for example_branch_labels to 2024-11-10 00:00:00+00:00, run_after=2024-11-11 00:00:00+00:00
[2024-11-11T19:28:32.548+0000] {processor.py:208} INFO - Processing /home/airflow/.local/lib/python3.12/site-packages/airflow/example_dags/example_branch_labels.py took 0.128 seconds
[2024-11-11T19:29:03.430+0000] {processor.py:186} INFO - Started process (PID=131) to work on /home/airflow/.local/lib/python3.12/site-packages/airflow/example_dags/example_branch_labels.py
[2024-11-11T19:29:03.430+0000] {processor.py:914} INFO - Processing file /home/airflow/.local/lib/python3.12/site-packages/airflow/example_dags/example_branch_labels.py for tasks to queue
[2024-11-11T19:29:03.432+0000] {logging_mixin.py:190} INFO - [2024-11-11T19:29:03.432+0000] {dagbag.py:588} INFO - Filling up the DagBag from /home/airflow/.local/lib/python3.12/site-packages/airflow/example_dags/example_branch_labels.py
[2024-11-11T19:29:03.439+0000] {processor.py:925} INFO - DAG(s) 'example_branch_labels' retrieved from /home/airflow/.local/lib/python3.12/site-packages/airflow/example_dags/example_branch_labels.py
[2024-11-11T19:29:03.456+0000] {logging_mixin.py:190} INFO - [2024-11-11T19:29:03.456+0000] {dag.py:3239} INFO - Sync 1 DAGs
[2024-11-11T19:29:03.476+0000] {logging_mixin.py:190} INFO - [2024-11-11T19:29:03.476+0000] {dag.py:4180} INFO - Setting next_dagrun for example_branch_labels to 2024-11-10 00:00:00+00:00, run_after=2024-11-11 00:00:00+00:00
[2024-11-11T19:29:03.489+0000] {processor.py:208} INFO - Processing /home/airflow/.local/lib/python3.12/site-packages/airflow/example_dags/example_branch_labels.py took 0.064 seconds
[2024-11-11T19:29:34.365+0000] {processor.py:186} INFO - Started process (PID=196) to work on /home/airflow/.local/lib/python3.12/site-packages/airflow/example_dags/example_branch_labels.py
[2024-11-11T19:29:34.367+0000] {processor.py:914} INFO - Processing file /home/airflow/.local/lib/python3.12/site-packages/airflow/example_dags/example_branch_labels.py for tasks to queue
[2024-11-11T19:29:34.370+0000] {logging_mixin.py:190} INFO - [2024-11-11T19:29:34.370+0000] {dagbag.py:588} INFO - Filling up the DagBag from /home/airflow/.local/lib/python3.12/site-packages/airflow/example_dags/example_branch_labels.py
[2024-11-11T19:29:34.380+0000] {processor.py:925} INFO - DAG(s) 'example_branch_labels' retrieved from /home/airflow/.local/lib/python3.12/site-packages/airflow/example_dags/example_branch_labels.py
[2024-11-11T19:29:34.404+0000] {logging_mixin.py:190} INFO - [2024-11-11T19:29:34.404+0000] {dag.py:3239} INFO - Sync 1 DAGs
[2024-11-11T19:29:34.433+0000] {logging_mixin.py:190} INFO - [2024-11-11T19:29:34.432+0000] {dag.py:4180} INFO - Setting next_dagrun for example_branch_labels to 2024-11-10 00:00:00+00:00, run_after=2024-11-11 00:00:00+00:00
[2024-11-11T19:29:34.455+0000] {processor.py:208} INFO - Processing /home/airflow/.local/lib/python3.12/site-packages/airflow/example_dags/example_branch_labels.py took 0.095 seconds
[2024-11-11T19:30:04.966+0000] {processor.py:186} INFO - Started process (PID=268) to work on /home/airflow/.local/lib/python3.12/site-packages/airflow/example_dags/example_branch_labels.py
[2024-11-11T19:30:04.967+0000] {processor.py:914} INFO - Processing file /home/airflow/.local/lib/python3.12/site-packages/airflow/example_dags/example_branch_labels.py for tasks to queue
[2024-11-11T19:30:04.969+0000] {logging_mixin.py:190} INFO - [2024-11-11T19:30:04.969+0000] {dagbag.py:588} INFO - Filling up the DagBag from /home/airflow/.local/lib/python3.12/site-packages/airflow/example_dags/example_branch_labels.py
[2024-11-11T19:30:04.978+0000] {processor.py:925} INFO - DAG(s) 'example_branch_labels' retrieved from /home/airflow/.local/lib/python3.12/site-packages/airflow/example_dags/example_branch_labels.py
[2024-11-11T19:30:04.997+0000] {logging_mixin.py:190} INFO - [2024-11-11T19:30:04.997+0000] {dag.py:3239} INFO - Sync 1 DAGs
[2024-11-11T19:30:05.023+0000] {logging_mixin.py:190} INFO - [2024-11-11T19:30:05.023+0000] {dag.py:4180} INFO - Setting next_dagrun for example_branch_labels to 2024-11-10 00:00:00+00:00, run_after=2024-11-11 00:00:00+00:00
[2024-11-11T19:30:05.040+0000] {processor.py:208} INFO - Processing /home/airflow/.local/lib/python3.12/site-packages/airflow/example_dags/example_branch_labels.py took 0.079 seconds
[2024-11-11T19:30:35.782+0000] {processor.py:186} INFO - Started process (PID=334) to work on /home/airflow/.local/lib/python3.12/site-packages/airflow/example_dags/example_branch_labels.py
[2024-11-11T19:30:35.783+0000] {processor.py:914} INFO - Processing file /home/airflow/.local/lib/python3.12/site-packages/airflow/example_dags/example_branch_labels.py for tasks to queue
[2024-11-11T19:30:35.786+0000] {logging_mixin.py:190} INFO - [2024-11-11T19:30:35.785+0000] {dagbag.py:588} INFO - Filling up the DagBag from /home/airflow/.local/lib/python3.12/site-packages/airflow/example_dags/example_branch_labels.py
[2024-11-11T19:30:35.796+0000] {processor.py:925} INFO - DAG(s) 'example_branch_labels' retrieved from /home/airflow/.local/lib/python3.12/site-packages/airflow/example_dags/example_branch_labels.py
[2024-11-11T19:30:35.817+0000] {logging_mixin.py:190} INFO - [2024-11-11T19:30:35.817+0000] {dag.py:3239} INFO - Sync 1 DAGs
[2024-11-11T19:30:35.839+0000] {logging_mixin.py:190} INFO - [2024-11-11T19:30:35.839+0000] {dag.py:4180} INFO - Setting next_dagrun for example_branch_labels to 2024-11-10 00:00:00+00:00, run_after=2024-11-11 00:00:00+00:00
[2024-11-11T19:30:35.855+0000] {processor.py:208} INFO - Processing /home/airflow/.local/lib/python3.12/site-packages/airflow/example_dags/example_branch_labels.py took 0.078 seconds
[2024-11-11T19:31:06.358+0000] {processor.py:186} INFO - Started process (PID=401) to work on /home/airflow/.local/lib/python3.12/site-packages/airflow/example_dags/example_branch_labels.py
[2024-11-11T19:31:06.358+0000] {processor.py:914} INFO - Processing file /home/airflow/.local/lib/python3.12/site-packages/airflow/example_dags/example_branch_labels.py for tasks to queue
[2024-11-11T19:31:06.360+0000] {logging_mixin.py:190} INFO - [2024-11-11T19:31:06.360+0000] {dagbag.py:588} INFO - Filling up the DagBag from /home/airflow/.local/lib/python3.12/site-packages/airflow/example_dags/example_branch_labels.py
[2024-11-11T19:31:06.367+0000] {processor.py:925} INFO - DAG(s) 'example_branch_labels' retrieved from /home/airflow/.local/lib/python3.12/site-packages/airflow/example_dags/example_branch_labels.py
[2024-11-11T19:31:06.384+0000] {logging_mixin.py:190} INFO - [2024-11-11T19:31:06.384+0000] {dag.py:3239} INFO - Sync 1 DAGs
[2024-11-11T19:31:06.402+0000] {logging_mixin.py:190} INFO - [2024-11-11T19:31:06.402+0000] {dag.py:4180} INFO - Setting next_dagrun for example_branch_labels to 2024-11-10 00:00:00+00:00, run_after=2024-11-11 00:00:00+00:00
[2024-11-11T19:31:06.415+0000] {processor.py:208} INFO - Processing /home/airflow/.local/lib/python3.12/site-packages/airflow/example_dags/example_branch_labels.py took 0.062 seconds
[2024-11-11T19:31:37.011+0000] {processor.py:186} INFO - Started process (PID=467) to work on /home/airflow/.local/lib/python3.12/site-packages/airflow/example_dags/example_branch_labels.py
[2024-11-11T19:31:37.012+0000] {processor.py:914} INFO - Processing file /home/airflow/.local/lib/python3.12/site-packages/airflow/example_dags/example_branch_labels.py for tasks to queue
[2024-11-11T19:31:37.013+0000] {logging_mixin.py:190} INFO - [2024-11-11T19:31:37.013+0000] {dagbag.py:588} INFO - Filling up the DagBag from /home/airflow/.local/lib/python3.12/site-packages/airflow/example_dags/example_branch_labels.py
[2024-11-11T19:31:37.021+0000] {processor.py:925} INFO - DAG(s) 'example_branch_labels' retrieved from /home/airflow/.local/lib/python3.12/site-packages/airflow/example_dags/example_branch_labels.py
[2024-11-11T19:31:37.039+0000] {logging_mixin.py:190} INFO - [2024-11-11T19:31:37.039+0000] {dag.py:3239} INFO - Sync 1 DAGs
[2024-11-11T19:31:37.058+0000] {logging_mixin.py:190} INFO - [2024-11-11T19:31:37.058+0000] {dag.py:4180} INFO - Setting next_dagrun for example_branch_labels to 2024-11-10 00:00:00+00:00, run_after=2024-11-11 00:00:00+00:00
[2024-11-11T19:31:37.079+0000] {processor.py:208} INFO - Processing /home/airflow/.local/lib/python3.12/site-packages/airflow/example_dags/example_branch_labels.py took 0.072 seconds
[2024-11-11T19:33:11.839+0000] {processor.py:186} INFO - Started process (PID=68) to work on /home/airflow/.local/lib/python3.12/site-packages/airflow/example_dags/example_branch_labels.py
[2024-11-11T19:33:11.841+0000] {processor.py:914} INFO - Processing file /home/airflow/.local/lib/python3.12/site-packages/airflow/example_dags/example_branch_labels.py for tasks to queue
[2024-11-11T19:33:11.845+0000] {logging_mixin.py:190} INFO - [2024-11-11T19:33:11.844+0000] {dagbag.py:588} INFO - Filling up the DagBag from /home/airflow/.local/lib/python3.12/site-packages/airflow/example_dags/example_branch_labels.py
[2024-11-11T19:33:11.867+0000] {processor.py:925} INFO - DAG(s) 'example_branch_labels' retrieved from /home/airflow/.local/lib/python3.12/site-packages/airflow/example_dags/example_branch_labels.py
[2024-11-11T19:33:11.906+0000] {logging_mixin.py:190} INFO - [2024-11-11T19:33:11.906+0000] {dag.py:3239} INFO - Sync 1 DAGs
[2024-11-11T19:33:11.945+0000] {logging_mixin.py:190} INFO - [2024-11-11T19:33:11.945+0000] {dag.py:4180} INFO - Setting next_dagrun for example_branch_labels to 2024-11-10 00:00:00+00:00, run_after=2024-11-11 00:00:00+00:00
[2024-11-11T19:33:11.991+0000] {processor.py:208} INFO - Processing /home/airflow/.local/lib/python3.12/site-packages/airflow/example_dags/example_branch_labels.py took 0.163 seconds
[2024-11-11T19:34:18.559+0000] {processor.py:186} INFO - Started process (PID=68) to work on /home/airflow/.local/lib/python3.12/site-packages/airflow/example_dags/example_branch_labels.py
[2024-11-11T19:34:18.560+0000] {processor.py:914} INFO - Processing file /home/airflow/.local/lib/python3.12/site-packages/airflow/example_dags/example_branch_labels.py for tasks to queue
[2024-11-11T19:34:18.562+0000] {logging_mixin.py:190} INFO - [2024-11-11T19:34:18.562+0000] {dagbag.py:588} INFO - Filling up the DagBag from /home/airflow/.local/lib/python3.12/site-packages/airflow/example_dags/example_branch_labels.py
[2024-11-11T19:34:18.589+0000] {processor.py:925} INFO - DAG(s) 'example_branch_labels' retrieved from /home/airflow/.local/lib/python3.12/site-packages/airflow/example_dags/example_branch_labels.py
[2024-11-11T19:34:18.664+0000] {logging_mixin.py:190} INFO - [2024-11-11T19:34:18.664+0000] {dag.py:3239} INFO - Sync 1 DAGs
[2024-11-11T19:34:18.688+0000] {logging_mixin.py:190} INFO - [2024-11-11T19:34:18.687+0000] {dag.py:4180} INFO - Setting next_dagrun for example_branch_labels to 2024-11-10 00:00:00+00:00, run_after=2024-11-11 00:00:00+00:00
[2024-11-11T19:34:18.704+0000] {processor.py:208} INFO - Processing /home/airflow/.local/lib/python3.12/site-packages/airflow/example_dags/example_branch_labels.py took 0.155 seconds
[2024-11-11T19:34:49.541+0000] {processor.py:186} INFO - Started process (PID=134) to work on /home/airflow/.local/lib/python3.12/site-packages/airflow/example_dags/example_branch_labels.py
[2024-11-11T19:34:49.542+0000] {processor.py:914} INFO - Processing file /home/airflow/.local/lib/python3.12/site-packages/airflow/example_dags/example_branch_labels.py for tasks to queue
[2024-11-11T19:34:49.549+0000] {logging_mixin.py:190} INFO - [2024-11-11T19:34:49.548+0000] {dagbag.py:588} INFO - Filling up the DagBag from /home/airflow/.local/lib/python3.12/site-packages/airflow/example_dags/example_branch_labels.py
[2024-11-11T19:34:49.557+0000] {processor.py:925} INFO - DAG(s) 'example_branch_labels' retrieved from /home/airflow/.local/lib/python3.12/site-packages/airflow/example_dags/example_branch_labels.py
[2024-11-11T19:34:49.575+0000] {logging_mixin.py:190} INFO - [2024-11-11T19:34:49.574+0000] {dag.py:3239} INFO - Sync 1 DAGs
[2024-11-11T19:34:49.594+0000] {logging_mixin.py:190} INFO - [2024-11-11T19:34:49.594+0000] {dag.py:4180} INFO - Setting next_dagrun for example_branch_labels to 2024-11-10 00:00:00+00:00, run_after=2024-11-11 00:00:00+00:00
[2024-11-11T19:34:49.609+0000] {processor.py:208} INFO - Processing /home/airflow/.local/lib/python3.12/site-packages/airflow/example_dags/example_branch_labels.py took 0.073 seconds
[2024-11-11T19:35:20.148+0000] {processor.py:186} INFO - Started process (PID=200) to work on /home/airflow/.local/lib/python3.12/site-packages/airflow/example_dags/example_branch_labels.py
[2024-11-11T19:35:20.149+0000] {processor.py:914} INFO - Processing file /home/airflow/.local/lib/python3.12/site-packages/airflow/example_dags/example_branch_labels.py for tasks to queue
[2024-11-11T19:35:20.150+0000] {logging_mixin.py:190} INFO - [2024-11-11T19:35:20.150+0000] {dagbag.py:588} INFO - Filling up the DagBag from /home/airflow/.local/lib/python3.12/site-packages/airflow/example_dags/example_branch_labels.py
[2024-11-11T19:35:20.158+0000] {processor.py:925} INFO - DAG(s) 'example_branch_labels' retrieved from /home/airflow/.local/lib/python3.12/site-packages/airflow/example_dags/example_branch_labels.py
[2024-11-11T19:35:20.175+0000] {logging_mixin.py:190} INFO - [2024-11-11T19:35:20.174+0000] {dag.py:3239} INFO - Sync 1 DAGs
[2024-11-11T19:35:20.194+0000] {logging_mixin.py:190} INFO - [2024-11-11T19:35:20.194+0000] {dag.py:4180} INFO - Setting next_dagrun for example_branch_labels to 2024-11-10 00:00:00+00:00, run_after=2024-11-11 00:00:00+00:00
[2024-11-11T19:35:20.208+0000] {processor.py:208} INFO - Processing /home/airflow/.local/lib/python3.12/site-packages/airflow/example_dags/example_branch_labels.py took 0.065 seconds
[2024-11-11T19:35:50.523+0000] {processor.py:186} INFO - Started process (PID=266) to work on /home/airflow/.local/lib/python3.12/site-packages/airflow/example_dags/example_branch_labels.py
[2024-11-11T19:35:50.523+0000] {processor.py:914} INFO - Processing file /home/airflow/.local/lib/python3.12/site-packages/airflow/example_dags/example_branch_labels.py for tasks to queue
[2024-11-11T19:35:50.526+0000] {logging_mixin.py:190} INFO - [2024-11-11T19:35:50.525+0000] {dagbag.py:588} INFO - Filling up the DagBag from /home/airflow/.local/lib/python3.12/site-packages/airflow/example_dags/example_branch_labels.py
[2024-11-11T19:35:50.534+0000] {processor.py:925} INFO - DAG(s) 'example_branch_labels' retrieved from /home/airflow/.local/lib/python3.12/site-packages/airflow/example_dags/example_branch_labels.py
[2024-11-11T19:35:50.554+0000] {logging_mixin.py:190} INFO - [2024-11-11T19:35:50.554+0000] {dag.py:3239} INFO - Sync 1 DAGs
[2024-11-11T19:35:50.573+0000] {logging_mixin.py:190} INFO - [2024-11-11T19:35:50.573+0000] {dag.py:4180} INFO - Setting next_dagrun for example_branch_labels to 2024-11-10 00:00:00+00:00, run_after=2024-11-11 00:00:00+00:00
[2024-11-11T19:35:50.588+0000] {processor.py:208} INFO - Processing /home/airflow/.local/lib/python3.12/site-packages/airflow/example_dags/example_branch_labels.py took 0.070 seconds
