[2024-11-11T18:58:18.284+0000] {processor.py:186} INFO - Started process (PID=98) to work on /home/airflow/.local/lib/python3.12/site-packages/airflow/example_dags/example_branch_operator.py
[2024-11-11T18:58:18.287+0000] {processor.py:914} INFO - Processing file /home/airflow/.local/lib/python3.12/site-packages/airflow/example_dags/example_branch_operator.py for tasks to queue
[2024-11-11T18:58:18.291+0000] {logging_mixin.py:190} INFO - [2024-11-11T18:58:18.290+0000] {dagbag.py:588} INFO - Filling up the DagBag from /home/airflow/.local/lib/python3.12/site-packages/airflow/example_dags/example_branch_operator.py
[2024-11-11T18:58:18.326+0000] {processor.py:925} INFO - DAG(s) 'example_branch_operator' retrieved from /home/airflow/.local/lib/python3.12/site-packages/airflow/example_dags/example_branch_operator.py
[2024-11-11T18:58:18.573+0000] {logging_mixin.py:190} INFO - [2024-11-11T18:58:18.573+0000] {dag.py:3239} INFO - Sync 1 DAGs
[2024-11-11T18:58:18.617+0000] {logging_mixin.py:190} INFO - [2024-11-11T18:58:18.617+0000] {dag.py:4180} INFO - Setting next_dagrun for example_branch_operator to 2024-11-10 00:00:00+00:00, run_after=2024-11-11 00:00:00+00:00
[2024-11-11T18:58:18.667+0000] {processor.py:208} INFO - Processing /home/airflow/.local/lib/python3.12/site-packages/airflow/example_dags/example_branch_operator.py took 0.390 seconds
[2024-11-11T18:58:48.961+0000] {processor.py:186} INFO - Started process (PID=163) to work on /home/airflow/.local/lib/python3.12/site-packages/airflow/example_dags/example_branch_operator.py
[2024-11-11T18:58:48.962+0000] {processor.py:914} INFO - Processing file /home/airflow/.local/lib/python3.12/site-packages/airflow/example_dags/example_branch_operator.py for tasks to queue
[2024-11-11T18:58:48.963+0000] {logging_mixin.py:190} INFO - [2024-11-11T18:58:48.963+0000] {dagbag.py:588} INFO - Filling up the DagBag from /home/airflow/.local/lib/python3.12/site-packages/airflow/example_dags/example_branch_operator.py
[2024-11-11T18:58:48.978+0000] {processor.py:925} INFO - DAG(s) 'example_branch_operator' retrieved from /home/airflow/.local/lib/python3.12/site-packages/airflow/example_dags/example_branch_operator.py
[2024-11-11T18:58:49.005+0000] {logging_mixin.py:190} INFO - [2024-11-11T18:58:49.005+0000] {dag.py:3239} INFO - Sync 1 DAGs
[2024-11-11T18:58:49.027+0000] {logging_mixin.py:190} INFO - [2024-11-11T18:58:49.026+0000] {dag.py:4180} INFO - Setting next_dagrun for example_branch_operator to 2024-11-10 00:00:00+00:00, run_after=2024-11-11 00:00:00+00:00
[2024-11-11T18:58:49.043+0000] {processor.py:208} INFO - Processing /home/airflow/.local/lib/python3.12/site-packages/airflow/example_dags/example_branch_operator.py took 0.087 seconds
[2024-11-11T18:59:19.449+0000] {processor.py:186} INFO - Started process (PID=228) to work on /home/airflow/.local/lib/python3.12/site-packages/airflow/example_dags/example_branch_operator.py
[2024-11-11T18:59:19.455+0000] {processor.py:914} INFO - Processing file /home/airflow/.local/lib/python3.12/site-packages/airflow/example_dags/example_branch_operator.py for tasks to queue
[2024-11-11T18:59:19.460+0000] {logging_mixin.py:190} INFO - [2024-11-11T18:59:19.459+0000] {dagbag.py:588} INFO - Filling up the DagBag from /home/airflow/.local/lib/python3.12/site-packages/airflow/example_dags/example_branch_operator.py
[2024-11-11T18:59:19.521+0000] {processor.py:925} INFO - DAG(s) 'example_branch_operator' retrieved from /home/airflow/.local/lib/python3.12/site-packages/airflow/example_dags/example_branch_operator.py
[2024-11-11T18:59:19.562+0000] {logging_mixin.py:190} INFO - [2024-11-11T18:59:19.561+0000] {dag.py:3239} INFO - Sync 1 DAGs
[2024-11-11T18:59:19.593+0000] {logging_mixin.py:190} INFO - [2024-11-11T18:59:19.593+0000] {dag.py:4180} INFO - Setting next_dagrun for example_branch_operator to 2024-11-10 00:00:00+00:00, run_after=2024-11-11 00:00:00+00:00
[2024-11-11T18:59:19.627+0000] {processor.py:208} INFO - Processing /home/airflow/.local/lib/python3.12/site-packages/airflow/example_dags/example_branch_operator.py took 0.207 seconds
[2024-11-11T18:59:50.528+0000] {processor.py:186} INFO - Started process (PID=293) to work on /home/airflow/.local/lib/python3.12/site-packages/airflow/example_dags/example_branch_operator.py
[2024-11-11T18:59:50.530+0000] {processor.py:914} INFO - Processing file /home/airflow/.local/lib/python3.12/site-packages/airflow/example_dags/example_branch_operator.py for tasks to queue
[2024-11-11T18:59:50.542+0000] {logging_mixin.py:190} INFO - [2024-11-11T18:59:50.542+0000] {dagbag.py:588} INFO - Filling up the DagBag from /home/airflow/.local/lib/python3.12/site-packages/airflow/example_dags/example_branch_operator.py
[2024-11-11T18:59:50.561+0000] {processor.py:925} INFO - DAG(s) 'example_branch_operator' retrieved from /home/airflow/.local/lib/python3.12/site-packages/airflow/example_dags/example_branch_operator.py
[2024-11-11T18:59:50.631+0000] {logging_mixin.py:190} INFO - [2024-11-11T18:59:50.631+0000] {dag.py:3239} INFO - Sync 1 DAGs
[2024-11-11T18:59:50.680+0000] {logging_mixin.py:190} INFO - [2024-11-11T18:59:50.680+0000] {dag.py:4180} INFO - Setting next_dagrun for example_branch_operator to 2024-11-10 00:00:00+00:00, run_after=2024-11-11 00:00:00+00:00
[2024-11-11T18:59:50.720+0000] {processor.py:208} INFO - Processing /home/airflow/.local/lib/python3.12/site-packages/airflow/example_dags/example_branch_operator.py took 0.196 seconds
[2024-11-11T19:00:21.064+0000] {processor.py:186} INFO - Started process (PID=358) to work on /home/airflow/.local/lib/python3.12/site-packages/airflow/example_dags/example_branch_operator.py
[2024-11-11T19:00:21.065+0000] {processor.py:914} INFO - Processing file /home/airflow/.local/lib/python3.12/site-packages/airflow/example_dags/example_branch_operator.py for tasks to queue
[2024-11-11T19:00:21.066+0000] {logging_mixin.py:190} INFO - [2024-11-11T19:00:21.066+0000] {dagbag.py:588} INFO - Filling up the DagBag from /home/airflow/.local/lib/python3.12/site-packages/airflow/example_dags/example_branch_operator.py
[2024-11-11T19:00:21.084+0000] {processor.py:925} INFO - DAG(s) 'example_branch_operator' retrieved from /home/airflow/.local/lib/python3.12/site-packages/airflow/example_dags/example_branch_operator.py
[2024-11-11T19:00:21.127+0000] {logging_mixin.py:190} INFO - [2024-11-11T19:00:21.126+0000] {dag.py:3239} INFO - Sync 1 DAGs
[2024-11-11T19:00:21.151+0000] {logging_mixin.py:190} INFO - [2024-11-11T19:00:21.151+0000] {dag.py:4180} INFO - Setting next_dagrun for example_branch_operator to 2024-11-10 00:00:00+00:00, run_after=2024-11-11 00:00:00+00:00
[2024-11-11T19:00:21.167+0000] {processor.py:208} INFO - Processing /home/airflow/.local/lib/python3.12/site-packages/airflow/example_dags/example_branch_operator.py took 0.107 seconds
[2024-11-11T19:00:51.835+0000] {processor.py:186} INFO - Started process (PID=423) to work on /home/airflow/.local/lib/python3.12/site-packages/airflow/example_dags/example_branch_operator.py
[2024-11-11T19:00:51.836+0000] {processor.py:914} INFO - Processing file /home/airflow/.local/lib/python3.12/site-packages/airflow/example_dags/example_branch_operator.py for tasks to queue
[2024-11-11T19:00:51.838+0000] {logging_mixin.py:190} INFO - [2024-11-11T19:00:51.838+0000] {dagbag.py:588} INFO - Filling up the DagBag from /home/airflow/.local/lib/python3.12/site-packages/airflow/example_dags/example_branch_operator.py
[2024-11-11T19:00:51.851+0000] {processor.py:925} INFO - DAG(s) 'example_branch_operator' retrieved from /home/airflow/.local/lib/python3.12/site-packages/airflow/example_dags/example_branch_operator.py
[2024-11-11T19:00:51.875+0000] {logging_mixin.py:190} INFO - [2024-11-11T19:00:51.874+0000] {dag.py:3239} INFO - Sync 1 DAGs
[2024-11-11T19:00:51.894+0000] {logging_mixin.py:190} INFO - [2024-11-11T19:00:51.894+0000] {dag.py:4180} INFO - Setting next_dagrun for example_branch_operator to 2024-11-10 00:00:00+00:00, run_after=2024-11-11 00:00:00+00:00
[2024-11-11T19:00:51.918+0000] {processor.py:208} INFO - Processing /home/airflow/.local/lib/python3.12/site-packages/airflow/example_dags/example_branch_operator.py took 0.086 seconds
[2024-11-11T19:01:22.278+0000] {processor.py:186} INFO - Started process (PID=488) to work on /home/airflow/.local/lib/python3.12/site-packages/airflow/example_dags/example_branch_operator.py
[2024-11-11T19:01:22.279+0000] {processor.py:914} INFO - Processing file /home/airflow/.local/lib/python3.12/site-packages/airflow/example_dags/example_branch_operator.py for tasks to queue
[2024-11-11T19:01:22.281+0000] {logging_mixin.py:190} INFO - [2024-11-11T19:01:22.280+0000] {dagbag.py:588} INFO - Filling up the DagBag from /home/airflow/.local/lib/python3.12/site-packages/airflow/example_dags/example_branch_operator.py
[2024-11-11T19:01:22.300+0000] {processor.py:925} INFO - DAG(s) 'example_branch_operator' retrieved from /home/airflow/.local/lib/python3.12/site-packages/airflow/example_dags/example_branch_operator.py
[2024-11-11T19:01:22.335+0000] {logging_mixin.py:190} INFO - [2024-11-11T19:01:22.335+0000] {dag.py:3239} INFO - Sync 1 DAGs
[2024-11-11T19:01:22.353+0000] {logging_mixin.py:190} INFO - [2024-11-11T19:01:22.353+0000] {dag.py:4180} INFO - Setting next_dagrun for example_branch_operator to 2024-11-10 00:00:00+00:00, run_after=2024-11-11 00:00:00+00:00
[2024-11-11T19:01:22.368+0000] {processor.py:208} INFO - Processing /home/airflow/.local/lib/python3.12/site-packages/airflow/example_dags/example_branch_operator.py took 0.094 seconds
[2024-11-11T19:01:52.798+0000] {processor.py:186} INFO - Started process (PID=553) to work on /home/airflow/.local/lib/python3.12/site-packages/airflow/example_dags/example_branch_operator.py
[2024-11-11T19:01:52.799+0000] {processor.py:914} INFO - Processing file /home/airflow/.local/lib/python3.12/site-packages/airflow/example_dags/example_branch_operator.py for tasks to queue
[2024-11-11T19:01:52.800+0000] {logging_mixin.py:190} INFO - [2024-11-11T19:01:52.800+0000] {dagbag.py:588} INFO - Filling up the DagBag from /home/airflow/.local/lib/python3.12/site-packages/airflow/example_dags/example_branch_operator.py
[2024-11-11T19:01:52.813+0000] {processor.py:925} INFO - DAG(s) 'example_branch_operator' retrieved from /home/airflow/.local/lib/python3.12/site-packages/airflow/example_dags/example_branch_operator.py
[2024-11-11T19:01:52.845+0000] {logging_mixin.py:190} INFO - [2024-11-11T19:01:52.845+0000] {dag.py:3239} INFO - Sync 1 DAGs
[2024-11-11T19:01:52.866+0000] {logging_mixin.py:190} INFO - [2024-11-11T19:01:52.866+0000] {dag.py:4180} INFO - Setting next_dagrun for example_branch_operator to 2024-11-10 00:00:00+00:00, run_after=2024-11-11 00:00:00+00:00
[2024-11-11T19:01:52.883+0000] {processor.py:208} INFO - Processing /home/airflow/.local/lib/python3.12/site-packages/airflow/example_dags/example_branch_operator.py took 0.089 seconds
[2024-11-11T19:02:23.197+0000] {processor.py:186} INFO - Started process (PID=618) to work on /home/airflow/.local/lib/python3.12/site-packages/airflow/example_dags/example_branch_operator.py
[2024-11-11T19:02:23.197+0000] {processor.py:914} INFO - Processing file /home/airflow/.local/lib/python3.12/site-packages/airflow/example_dags/example_branch_operator.py for tasks to queue
[2024-11-11T19:02:23.199+0000] {logging_mixin.py:190} INFO - [2024-11-11T19:02:23.199+0000] {dagbag.py:588} INFO - Filling up the DagBag from /home/airflow/.local/lib/python3.12/site-packages/airflow/example_dags/example_branch_operator.py
[2024-11-11T19:02:23.220+0000] {processor.py:925} INFO - DAG(s) 'example_branch_operator' retrieved from /home/airflow/.local/lib/python3.12/site-packages/airflow/example_dags/example_branch_operator.py
[2024-11-11T19:02:23.249+0000] {logging_mixin.py:190} INFO - [2024-11-11T19:02:23.249+0000] {dag.py:3239} INFO - Sync 1 DAGs
[2024-11-11T19:02:23.271+0000] {logging_mixin.py:190} INFO - [2024-11-11T19:02:23.271+0000] {dag.py:4180} INFO - Setting next_dagrun for example_branch_operator to 2024-11-10 00:00:00+00:00, run_after=2024-11-11 00:00:00+00:00
[2024-11-11T19:02:23.287+0000] {processor.py:208} INFO - Processing /home/airflow/.local/lib/python3.12/site-packages/airflow/example_dags/example_branch_operator.py took 0.095 seconds
[2024-11-11T19:02:53.462+0000] {processor.py:186} INFO - Started process (PID=683) to work on /home/airflow/.local/lib/python3.12/site-packages/airflow/example_dags/example_branch_operator.py
[2024-11-11T19:02:53.463+0000] {processor.py:914} INFO - Processing file /home/airflow/.local/lib/python3.12/site-packages/airflow/example_dags/example_branch_operator.py for tasks to queue
[2024-11-11T19:02:53.464+0000] {logging_mixin.py:190} INFO - [2024-11-11T19:02:53.464+0000] {dagbag.py:588} INFO - Filling up the DagBag from /home/airflow/.local/lib/python3.12/site-packages/airflow/example_dags/example_branch_operator.py
[2024-11-11T19:02:53.482+0000] {processor.py:925} INFO - DAG(s) 'example_branch_operator' retrieved from /home/airflow/.local/lib/python3.12/site-packages/airflow/example_dags/example_branch_operator.py
[2024-11-11T19:02:53.512+0000] {logging_mixin.py:190} INFO - [2024-11-11T19:02:53.512+0000] {dag.py:3239} INFO - Sync 1 DAGs
[2024-11-11T19:02:53.534+0000] {logging_mixin.py:190} INFO - [2024-11-11T19:02:53.534+0000] {dag.py:4180} INFO - Setting next_dagrun for example_branch_operator to 2024-11-10 00:00:00+00:00, run_after=2024-11-11 00:00:00+00:00
[2024-11-11T19:02:53.553+0000] {processor.py:208} INFO - Processing /home/airflow/.local/lib/python3.12/site-packages/airflow/example_dags/example_branch_operator.py took 0.096 seconds
[2024-11-11T19:03:23.842+0000] {processor.py:186} INFO - Started process (PID=748) to work on /home/airflow/.local/lib/python3.12/site-packages/airflow/example_dags/example_branch_operator.py
[2024-11-11T19:03:23.843+0000] {processor.py:914} INFO - Processing file /home/airflow/.local/lib/python3.12/site-packages/airflow/example_dags/example_branch_operator.py for tasks to queue
[2024-11-11T19:03:23.844+0000] {logging_mixin.py:190} INFO - [2024-11-11T19:03:23.844+0000] {dagbag.py:588} INFO - Filling up the DagBag from /home/airflow/.local/lib/python3.12/site-packages/airflow/example_dags/example_branch_operator.py
[2024-11-11T19:03:23.862+0000] {processor.py:925} INFO - DAG(s) 'example_branch_operator' retrieved from /home/airflow/.local/lib/python3.12/site-packages/airflow/example_dags/example_branch_operator.py
[2024-11-11T19:03:23.896+0000] {logging_mixin.py:190} INFO - [2024-11-11T19:03:23.896+0000] {dag.py:3239} INFO - Sync 1 DAGs
[2024-11-11T19:03:23.924+0000] {logging_mixin.py:190} INFO - [2024-11-11T19:03:23.924+0000] {dag.py:4180} INFO - Setting next_dagrun for example_branch_operator to 2024-11-10 00:00:00+00:00, run_after=2024-11-11 00:00:00+00:00
[2024-11-11T19:03:23.945+0000] {processor.py:208} INFO - Processing /home/airflow/.local/lib/python3.12/site-packages/airflow/example_dags/example_branch_operator.py took 0.108 seconds
[2024-11-11T19:03:54.344+0000] {processor.py:186} INFO - Started process (PID=813) to work on /home/airflow/.local/lib/python3.12/site-packages/airflow/example_dags/example_branch_operator.py
[2024-11-11T19:03:54.345+0000] {processor.py:914} INFO - Processing file /home/airflow/.local/lib/python3.12/site-packages/airflow/example_dags/example_branch_operator.py for tasks to queue
[2024-11-11T19:03:54.347+0000] {logging_mixin.py:190} INFO - [2024-11-11T19:03:54.347+0000] {dagbag.py:588} INFO - Filling up the DagBag from /home/airflow/.local/lib/python3.12/site-packages/airflow/example_dags/example_branch_operator.py
[2024-11-11T19:03:54.369+0000] {processor.py:925} INFO - DAG(s) 'example_branch_operator' retrieved from /home/airflow/.local/lib/python3.12/site-packages/airflow/example_dags/example_branch_operator.py
[2024-11-11T19:03:54.401+0000] {logging_mixin.py:190} INFO - [2024-11-11T19:03:54.401+0000] {dag.py:3239} INFO - Sync 1 DAGs
[2024-11-11T19:03:54.419+0000] {logging_mixin.py:190} INFO - [2024-11-11T19:03:54.419+0000] {dag.py:4180} INFO - Setting next_dagrun for example_branch_operator to 2024-11-10 00:00:00+00:00, run_after=2024-11-11 00:00:00+00:00
[2024-11-11T19:03:54.434+0000] {processor.py:208} INFO - Processing /home/airflow/.local/lib/python3.12/site-packages/airflow/example_dags/example_branch_operator.py took 0.094 seconds
[2024-11-11T19:04:24.783+0000] {processor.py:186} INFO - Started process (PID=878) to work on /home/airflow/.local/lib/python3.12/site-packages/airflow/example_dags/example_branch_operator.py
[2024-11-11T19:04:24.784+0000] {processor.py:914} INFO - Processing file /home/airflow/.local/lib/python3.12/site-packages/airflow/example_dags/example_branch_operator.py for tasks to queue
[2024-11-11T19:04:24.785+0000] {logging_mixin.py:190} INFO - [2024-11-11T19:04:24.785+0000] {dagbag.py:588} INFO - Filling up the DagBag from /home/airflow/.local/lib/python3.12/site-packages/airflow/example_dags/example_branch_operator.py
[2024-11-11T19:04:24.800+0000] {processor.py:925} INFO - DAG(s) 'example_branch_operator' retrieved from /home/airflow/.local/lib/python3.12/site-packages/airflow/example_dags/example_branch_operator.py
[2024-11-11T19:04:24.831+0000] {logging_mixin.py:190} INFO - [2024-11-11T19:04:24.831+0000] {dag.py:3239} INFO - Sync 1 DAGs
[2024-11-11T19:04:24.848+0000] {logging_mixin.py:190} INFO - [2024-11-11T19:04:24.848+0000] {dag.py:4180} INFO - Setting next_dagrun for example_branch_operator to 2024-11-10 00:00:00+00:00, run_after=2024-11-11 00:00:00+00:00
[2024-11-11T19:04:24.863+0000] {processor.py:208} INFO - Processing /home/airflow/.local/lib/python3.12/site-packages/airflow/example_dags/example_branch_operator.py took 0.084 seconds
[2024-11-11T19:04:55.573+0000] {processor.py:186} INFO - Started process (PID=943) to work on /home/airflow/.local/lib/python3.12/site-packages/airflow/example_dags/example_branch_operator.py
[2024-11-11T19:04:55.576+0000] {processor.py:914} INFO - Processing file /home/airflow/.local/lib/python3.12/site-packages/airflow/example_dags/example_branch_operator.py for tasks to queue
[2024-11-11T19:04:55.577+0000] {logging_mixin.py:190} INFO - [2024-11-11T19:04:55.577+0000] {dagbag.py:588} INFO - Filling up the DagBag from /home/airflow/.local/lib/python3.12/site-packages/airflow/example_dags/example_branch_operator.py
[2024-11-11T19:04:55.595+0000] {processor.py:925} INFO - DAG(s) 'example_branch_operator' retrieved from /home/airflow/.local/lib/python3.12/site-packages/airflow/example_dags/example_branch_operator.py
[2024-11-11T19:04:55.622+0000] {logging_mixin.py:190} INFO - [2024-11-11T19:04:55.622+0000] {dag.py:3239} INFO - Sync 1 DAGs
[2024-11-11T19:04:55.640+0000] {logging_mixin.py:190} INFO - [2024-11-11T19:04:55.640+0000] {dag.py:4180} INFO - Setting next_dagrun for example_branch_operator to 2024-11-10 00:00:00+00:00, run_after=2024-11-11 00:00:00+00:00
[2024-11-11T19:04:55.659+0000] {processor.py:208} INFO - Processing /home/airflow/.local/lib/python3.12/site-packages/airflow/example_dags/example_branch_operator.py took 0.092 seconds
[2024-11-11T19:05:26.243+0000] {processor.py:186} INFO - Started process (PID=1008) to work on /home/airflow/.local/lib/python3.12/site-packages/airflow/example_dags/example_branch_operator.py
[2024-11-11T19:05:26.244+0000] {processor.py:914} INFO - Processing file /home/airflow/.local/lib/python3.12/site-packages/airflow/example_dags/example_branch_operator.py for tasks to queue
[2024-11-11T19:05:26.246+0000] {logging_mixin.py:190} INFO - [2024-11-11T19:05:26.245+0000] {dagbag.py:588} INFO - Filling up the DagBag from /home/airflow/.local/lib/python3.12/site-packages/airflow/example_dags/example_branch_operator.py
[2024-11-11T19:05:26.264+0000] {processor.py:925} INFO - DAG(s) 'example_branch_operator' retrieved from /home/airflow/.local/lib/python3.12/site-packages/airflow/example_dags/example_branch_operator.py
[2024-11-11T19:05:26.285+0000] {logging_mixin.py:190} INFO - [2024-11-11T19:05:26.285+0000] {dag.py:3239} INFO - Sync 1 DAGs
[2024-11-11T19:05:26.303+0000] {logging_mixin.py:190} INFO - [2024-11-11T19:05:26.303+0000] {dag.py:4180} INFO - Setting next_dagrun for example_branch_operator to 2024-11-10 00:00:00+00:00, run_after=2024-11-11 00:00:00+00:00
[2024-11-11T19:05:26.316+0000] {processor.py:208} INFO - Processing /home/airflow/.local/lib/python3.12/site-packages/airflow/example_dags/example_branch_operator.py took 0.078 seconds
[2024-11-11T19:05:56.611+0000] {processor.py:186} INFO - Started process (PID=1073) to work on /home/airflow/.local/lib/python3.12/site-packages/airflow/example_dags/example_branch_operator.py
[2024-11-11T19:05:56.614+0000] {processor.py:914} INFO - Processing file /home/airflow/.local/lib/python3.12/site-packages/airflow/example_dags/example_branch_operator.py for tasks to queue
[2024-11-11T19:05:56.617+0000] {logging_mixin.py:190} INFO - [2024-11-11T19:05:56.617+0000] {dagbag.py:588} INFO - Filling up the DagBag from /home/airflow/.local/lib/python3.12/site-packages/airflow/example_dags/example_branch_operator.py
[2024-11-11T19:05:56.658+0000] {processor.py:925} INFO - DAG(s) 'example_branch_operator' retrieved from /home/airflow/.local/lib/python3.12/site-packages/airflow/example_dags/example_branch_operator.py
[2024-11-11T19:05:56.739+0000] {logging_mixin.py:190} INFO - [2024-11-11T19:05:56.738+0000] {dag.py:3239} INFO - Sync 1 DAGs
[2024-11-11T19:05:56.793+0000] {logging_mixin.py:190} INFO - [2024-11-11T19:05:56.793+0000] {dag.py:4180} INFO - Setting next_dagrun for example_branch_operator to 2024-11-10 00:00:00+00:00, run_after=2024-11-11 00:00:00+00:00
[2024-11-11T19:05:56.825+0000] {processor.py:208} INFO - Processing /home/airflow/.local/lib/python3.12/site-packages/airflow/example_dags/example_branch_operator.py took 0.219 seconds
[2024-11-11T19:06:27.752+0000] {processor.py:186} INFO - Started process (PID=1139) to work on /home/airflow/.local/lib/python3.12/site-packages/airflow/example_dags/example_branch_operator.py
[2024-11-11T19:06:27.753+0000] {processor.py:914} INFO - Processing file /home/airflow/.local/lib/python3.12/site-packages/airflow/example_dags/example_branch_operator.py for tasks to queue
[2024-11-11T19:06:27.761+0000] {logging_mixin.py:190} INFO - [2024-11-11T19:06:27.760+0000] {dagbag.py:588} INFO - Filling up the DagBag from /home/airflow/.local/lib/python3.12/site-packages/airflow/example_dags/example_branch_operator.py
[2024-11-11T19:06:27.777+0000] {processor.py:925} INFO - DAG(s) 'example_branch_operator' retrieved from /home/airflow/.local/lib/python3.12/site-packages/airflow/example_dags/example_branch_operator.py
[2024-11-11T19:06:27.800+0000] {logging_mixin.py:190} INFO - [2024-11-11T19:06:27.800+0000] {dag.py:3239} INFO - Sync 1 DAGs
[2024-11-11T19:06:27.822+0000] {logging_mixin.py:190} INFO - [2024-11-11T19:06:27.822+0000] {dag.py:4180} INFO - Setting next_dagrun for example_branch_operator to 2024-11-10 00:00:00+00:00, run_after=2024-11-11 00:00:00+00:00
[2024-11-11T19:06:27.874+0000] {processor.py:208} INFO - Processing /home/airflow/.local/lib/python3.12/site-packages/airflow/example_dags/example_branch_operator.py took 0.130 seconds
[2024-11-11T19:06:58.109+0000] {processor.py:186} INFO - Started process (PID=1205) to work on /home/airflow/.local/lib/python3.12/site-packages/airflow/example_dags/example_branch_operator.py
[2024-11-11T19:06:58.109+0000] {processor.py:914} INFO - Processing file /home/airflow/.local/lib/python3.12/site-packages/airflow/example_dags/example_branch_operator.py for tasks to queue
[2024-11-11T19:06:58.111+0000] {logging_mixin.py:190} INFO - [2024-11-11T19:06:58.111+0000] {dagbag.py:588} INFO - Filling up the DagBag from /home/airflow/.local/lib/python3.12/site-packages/airflow/example_dags/example_branch_operator.py
[2024-11-11T19:06:58.125+0000] {processor.py:925} INFO - DAG(s) 'example_branch_operator' retrieved from /home/airflow/.local/lib/python3.12/site-packages/airflow/example_dags/example_branch_operator.py
[2024-11-11T19:06:58.148+0000] {logging_mixin.py:190} INFO - [2024-11-11T19:06:58.148+0000] {dag.py:3239} INFO - Sync 1 DAGs
[2024-11-11T19:06:58.171+0000] {logging_mixin.py:190} INFO - [2024-11-11T19:06:58.171+0000] {dag.py:4180} INFO - Setting next_dagrun for example_branch_operator to 2024-11-10 00:00:00+00:00, run_after=2024-11-11 00:00:00+00:00
[2024-11-11T19:06:58.186+0000] {processor.py:208} INFO - Processing /home/airflow/.local/lib/python3.12/site-packages/airflow/example_dags/example_branch_operator.py took 0.083 seconds
[2024-11-11T19:07:28.796+0000] {processor.py:186} INFO - Started process (PID=1270) to work on /home/airflow/.local/lib/python3.12/site-packages/airflow/example_dags/example_branch_operator.py
[2024-11-11T19:07:28.797+0000] {processor.py:914} INFO - Processing file /home/airflow/.local/lib/python3.12/site-packages/airflow/example_dags/example_branch_operator.py for tasks to queue
[2024-11-11T19:07:28.799+0000] {logging_mixin.py:190} INFO - [2024-11-11T19:07:28.798+0000] {dagbag.py:588} INFO - Filling up the DagBag from /home/airflow/.local/lib/python3.12/site-packages/airflow/example_dags/example_branch_operator.py
[2024-11-11T19:07:28.816+0000] {processor.py:925} INFO - DAG(s) 'example_branch_operator' retrieved from /home/airflow/.local/lib/python3.12/site-packages/airflow/example_dags/example_branch_operator.py
[2024-11-11T19:07:28.841+0000] {logging_mixin.py:190} INFO - [2024-11-11T19:07:28.841+0000] {dag.py:3239} INFO - Sync 1 DAGs
[2024-11-11T19:07:28.860+0000] {logging_mixin.py:190} INFO - [2024-11-11T19:07:28.860+0000] {dag.py:4180} INFO - Setting next_dagrun for example_branch_operator to 2024-11-10 00:00:00+00:00, run_after=2024-11-11 00:00:00+00:00
[2024-11-11T19:07:28.878+0000] {processor.py:208} INFO - Processing /home/airflow/.local/lib/python3.12/site-packages/airflow/example_dags/example_branch_operator.py took 0.086 seconds
[2024-11-11T19:07:59.210+0000] {processor.py:186} INFO - Started process (PID=1335) to work on /home/airflow/.local/lib/python3.12/site-packages/airflow/example_dags/example_branch_operator.py
[2024-11-11T19:07:59.211+0000] {processor.py:914} INFO - Processing file /home/airflow/.local/lib/python3.12/site-packages/airflow/example_dags/example_branch_operator.py for tasks to queue
[2024-11-11T19:07:59.213+0000] {logging_mixin.py:190} INFO - [2024-11-11T19:07:59.212+0000] {dagbag.py:588} INFO - Filling up the DagBag from /home/airflow/.local/lib/python3.12/site-packages/airflow/example_dags/example_branch_operator.py
[2024-11-11T19:07:59.228+0000] {processor.py:925} INFO - DAG(s) 'example_branch_operator' retrieved from /home/airflow/.local/lib/python3.12/site-packages/airflow/example_dags/example_branch_operator.py
[2024-11-11T19:07:59.266+0000] {logging_mixin.py:190} INFO - [2024-11-11T19:07:59.266+0000] {dag.py:3239} INFO - Sync 1 DAGs
[2024-11-11T19:07:59.287+0000] {logging_mixin.py:190} INFO - [2024-11-11T19:07:59.287+0000] {dag.py:4180} INFO - Setting next_dagrun for example_branch_operator to 2024-11-10 00:00:00+00:00, run_after=2024-11-11 00:00:00+00:00
[2024-11-11T19:07:59.301+0000] {processor.py:208} INFO - Processing /home/airflow/.local/lib/python3.12/site-packages/airflow/example_dags/example_branch_operator.py took 0.097 seconds
[2024-11-11T19:08:29.827+0000] {processor.py:186} INFO - Started process (PID=1400) to work on /home/airflow/.local/lib/python3.12/site-packages/airflow/example_dags/example_branch_operator.py
[2024-11-11T19:08:29.828+0000] {processor.py:914} INFO - Processing file /home/airflow/.local/lib/python3.12/site-packages/airflow/example_dags/example_branch_operator.py for tasks to queue
[2024-11-11T19:08:29.830+0000] {logging_mixin.py:190} INFO - [2024-11-11T19:08:29.830+0000] {dagbag.py:588} INFO - Filling up the DagBag from /home/airflow/.local/lib/python3.12/site-packages/airflow/example_dags/example_branch_operator.py
[2024-11-11T19:08:29.844+0000] {processor.py:925} INFO - DAG(s) 'example_branch_operator' retrieved from /home/airflow/.local/lib/python3.12/site-packages/airflow/example_dags/example_branch_operator.py
[2024-11-11T19:08:29.868+0000] {logging_mixin.py:190} INFO - [2024-11-11T19:08:29.868+0000] {dag.py:3239} INFO - Sync 1 DAGs
[2024-11-11T19:08:29.889+0000] {logging_mixin.py:190} INFO - [2024-11-11T19:08:29.889+0000] {dag.py:4180} INFO - Setting next_dagrun for example_branch_operator to 2024-11-10 00:00:00+00:00, run_after=2024-11-11 00:00:00+00:00
[2024-11-11T19:08:29.904+0000] {processor.py:208} INFO - Processing /home/airflow/.local/lib/python3.12/site-packages/airflow/example_dags/example_branch_operator.py took 0.082 seconds
[2024-11-11T19:09:00.559+0000] {processor.py:186} INFO - Started process (PID=1464) to work on /home/airflow/.local/lib/python3.12/site-packages/airflow/example_dags/example_branch_operator.py
[2024-11-11T19:09:00.559+0000] {processor.py:914} INFO - Processing file /home/airflow/.local/lib/python3.12/site-packages/airflow/example_dags/example_branch_operator.py for tasks to queue
[2024-11-11T19:09:00.561+0000] {logging_mixin.py:190} INFO - [2024-11-11T19:09:00.561+0000] {dagbag.py:588} INFO - Filling up the DagBag from /home/airflow/.local/lib/python3.12/site-packages/airflow/example_dags/example_branch_operator.py
[2024-11-11T19:09:00.576+0000] {processor.py:925} INFO - DAG(s) 'example_branch_operator' retrieved from /home/airflow/.local/lib/python3.12/site-packages/airflow/example_dags/example_branch_operator.py
[2024-11-11T19:09:00.599+0000] {logging_mixin.py:190} INFO - [2024-11-11T19:09:00.599+0000] {dag.py:3239} INFO - Sync 1 DAGs
[2024-11-11T19:09:00.617+0000] {logging_mixin.py:190} INFO - [2024-11-11T19:09:00.617+0000] {dag.py:4180} INFO - Setting next_dagrun for example_branch_operator to 2024-11-10 00:00:00+00:00, run_after=2024-11-11 00:00:00+00:00
[2024-11-11T19:09:00.633+0000] {processor.py:208} INFO - Processing /home/airflow/.local/lib/python3.12/site-packages/airflow/example_dags/example_branch_operator.py took 0.079 seconds
[2024-11-11T19:09:31.280+0000] {processor.py:186} INFO - Started process (PID=1529) to work on /home/airflow/.local/lib/python3.12/site-packages/airflow/example_dags/example_branch_operator.py
[2024-11-11T19:09:31.281+0000] {processor.py:914} INFO - Processing file /home/airflow/.local/lib/python3.12/site-packages/airflow/example_dags/example_branch_operator.py for tasks to queue
[2024-11-11T19:09:31.283+0000] {logging_mixin.py:190} INFO - [2024-11-11T19:09:31.283+0000] {dagbag.py:588} INFO - Filling up the DagBag from /home/airflow/.local/lib/python3.12/site-packages/airflow/example_dags/example_branch_operator.py
[2024-11-11T19:09:31.303+0000] {processor.py:925} INFO - DAG(s) 'example_branch_operator' retrieved from /home/airflow/.local/lib/python3.12/site-packages/airflow/example_dags/example_branch_operator.py
[2024-11-11T19:09:31.336+0000] {logging_mixin.py:190} INFO - [2024-11-11T19:09:31.336+0000] {dag.py:3239} INFO - Sync 1 DAGs
[2024-11-11T19:09:31.358+0000] {logging_mixin.py:190} INFO - [2024-11-11T19:09:31.357+0000] {dag.py:4180} INFO - Setting next_dagrun for example_branch_operator to 2024-11-10 00:00:00+00:00, run_after=2024-11-11 00:00:00+00:00
[2024-11-11T19:09:31.377+0000] {processor.py:208} INFO - Processing /home/airflow/.local/lib/python3.12/site-packages/airflow/example_dags/example_branch_operator.py took 0.103 seconds
[2024-11-11T19:10:01.993+0000] {processor.py:186} INFO - Started process (PID=1594) to work on /home/airflow/.local/lib/python3.12/site-packages/airflow/example_dags/example_branch_operator.py
[2024-11-11T19:10:01.993+0000] {processor.py:914} INFO - Processing file /home/airflow/.local/lib/python3.12/site-packages/airflow/example_dags/example_branch_operator.py for tasks to queue
[2024-11-11T19:10:01.995+0000] {logging_mixin.py:190} INFO - [2024-11-11T19:10:01.995+0000] {dagbag.py:588} INFO - Filling up the DagBag from /home/airflow/.local/lib/python3.12/site-packages/airflow/example_dags/example_branch_operator.py
[2024-11-11T19:10:02.012+0000] {processor.py:925} INFO - DAG(s) 'example_branch_operator' retrieved from /home/airflow/.local/lib/python3.12/site-packages/airflow/example_dags/example_branch_operator.py
[2024-11-11T19:10:02.046+0000] {logging_mixin.py:190} INFO - [2024-11-11T19:10:02.046+0000] {dag.py:3239} INFO - Sync 1 DAGs
[2024-11-11T19:10:02.064+0000] {logging_mixin.py:190} INFO - [2024-11-11T19:10:02.064+0000] {dag.py:4180} INFO - Setting next_dagrun for example_branch_operator to 2024-11-10 00:00:00+00:00, run_after=2024-11-11 00:00:00+00:00
[2024-11-11T19:10:02.080+0000] {processor.py:208} INFO - Processing /home/airflow/.local/lib/python3.12/site-packages/airflow/example_dags/example_branch_operator.py took 0.092 seconds
[2024-11-11T19:10:32.850+0000] {processor.py:186} INFO - Started process (PID=1659) to work on /home/airflow/.local/lib/python3.12/site-packages/airflow/example_dags/example_branch_operator.py
[2024-11-11T19:10:32.851+0000] {processor.py:914} INFO - Processing file /home/airflow/.local/lib/python3.12/site-packages/airflow/example_dags/example_branch_operator.py for tasks to queue
[2024-11-11T19:10:32.853+0000] {logging_mixin.py:190} INFO - [2024-11-11T19:10:32.853+0000] {dagbag.py:588} INFO - Filling up the DagBag from /home/airflow/.local/lib/python3.12/site-packages/airflow/example_dags/example_branch_operator.py
[2024-11-11T19:10:32.872+0000] {processor.py:925} INFO - DAG(s) 'example_branch_operator' retrieved from /home/airflow/.local/lib/python3.12/site-packages/airflow/example_dags/example_branch_operator.py
[2024-11-11T19:10:32.901+0000] {logging_mixin.py:190} INFO - [2024-11-11T19:10:32.901+0000] {dag.py:3239} INFO - Sync 1 DAGs
[2024-11-11T19:10:32.935+0000] {logging_mixin.py:190} INFO - [2024-11-11T19:10:32.935+0000] {dag.py:4180} INFO - Setting next_dagrun for example_branch_operator to 2024-11-10 00:00:00+00:00, run_after=2024-11-11 00:00:00+00:00
[2024-11-11T19:10:32.950+0000] {processor.py:208} INFO - Processing /home/airflow/.local/lib/python3.12/site-packages/airflow/example_dags/example_branch_operator.py took 0.105 seconds
[2024-11-11T19:11:03.508+0000] {processor.py:186} INFO - Started process (PID=1724) to work on /home/airflow/.local/lib/python3.12/site-packages/airflow/example_dags/example_branch_operator.py
[2024-11-11T19:11:03.509+0000] {processor.py:914} INFO - Processing file /home/airflow/.local/lib/python3.12/site-packages/airflow/example_dags/example_branch_operator.py for tasks to queue
[2024-11-11T19:11:03.517+0000] {logging_mixin.py:190} INFO - [2024-11-11T19:11:03.517+0000] {dagbag.py:588} INFO - Filling up the DagBag from /home/airflow/.local/lib/python3.12/site-packages/airflow/example_dags/example_branch_operator.py
[2024-11-11T19:11:03.531+0000] {processor.py:925} INFO - DAG(s) 'example_branch_operator' retrieved from /home/airflow/.local/lib/python3.12/site-packages/airflow/example_dags/example_branch_operator.py
[2024-11-11T19:11:03.559+0000] {logging_mixin.py:190} INFO - [2024-11-11T19:11:03.559+0000] {dag.py:3239} INFO - Sync 1 DAGs
[2024-11-11T19:11:03.583+0000] {logging_mixin.py:190} INFO - [2024-11-11T19:11:03.582+0000] {dag.py:4180} INFO - Setting next_dagrun for example_branch_operator to 2024-11-10 00:00:00+00:00, run_after=2024-11-11 00:00:00+00:00
[2024-11-11T19:11:03.599+0000] {processor.py:208} INFO - Processing /home/airflow/.local/lib/python3.12/site-packages/airflow/example_dags/example_branch_operator.py took 0.096 seconds
[2024-11-11T19:11:34.589+0000] {processor.py:186} INFO - Started process (PID=1789) to work on /home/airflow/.local/lib/python3.12/site-packages/airflow/example_dags/example_branch_operator.py
[2024-11-11T19:11:34.589+0000] {processor.py:914} INFO - Processing file /home/airflow/.local/lib/python3.12/site-packages/airflow/example_dags/example_branch_operator.py for tasks to queue
[2024-11-11T19:11:34.591+0000] {logging_mixin.py:190} INFO - [2024-11-11T19:11:34.591+0000] {dagbag.py:588} INFO - Filling up the DagBag from /home/airflow/.local/lib/python3.12/site-packages/airflow/example_dags/example_branch_operator.py
[2024-11-11T19:11:34.614+0000] {processor.py:925} INFO - DAG(s) 'example_branch_operator' retrieved from /home/airflow/.local/lib/python3.12/site-packages/airflow/example_dags/example_branch_operator.py
[2024-11-11T19:11:34.697+0000] {logging_mixin.py:190} INFO - [2024-11-11T19:11:34.697+0000] {dag.py:3239} INFO - Sync 1 DAGs
[2024-11-11T19:11:34.737+0000] {logging_mixin.py:190} INFO - [2024-11-11T19:11:34.737+0000] {dag.py:4180} INFO - Setting next_dagrun for example_branch_operator to 2024-11-10 00:00:00+00:00, run_after=2024-11-11 00:00:00+00:00
[2024-11-11T19:11:34.763+0000] {processor.py:208} INFO - Processing /home/airflow/.local/lib/python3.12/site-packages/airflow/example_dags/example_branch_operator.py took 0.179 seconds
[2024-11-11T19:12:05.682+0000] {processor.py:186} INFO - Started process (PID=1854) to work on /home/airflow/.local/lib/python3.12/site-packages/airflow/example_dags/example_branch_operator.py
[2024-11-11T19:12:05.682+0000] {processor.py:914} INFO - Processing file /home/airflow/.local/lib/python3.12/site-packages/airflow/example_dags/example_branch_operator.py for tasks to queue
[2024-11-11T19:12:05.684+0000] {logging_mixin.py:190} INFO - [2024-11-11T19:12:05.684+0000] {dagbag.py:588} INFO - Filling up the DagBag from /home/airflow/.local/lib/python3.12/site-packages/airflow/example_dags/example_branch_operator.py
[2024-11-11T19:12:05.699+0000] {processor.py:925} INFO - DAG(s) 'example_branch_operator' retrieved from /home/airflow/.local/lib/python3.12/site-packages/airflow/example_dags/example_branch_operator.py
[2024-11-11T19:12:05.727+0000] {logging_mixin.py:190} INFO - [2024-11-11T19:12:05.727+0000] {dag.py:3239} INFO - Sync 1 DAGs
[2024-11-11T19:12:05.747+0000] {logging_mixin.py:190} INFO - [2024-11-11T19:12:05.747+0000] {dag.py:4180} INFO - Setting next_dagrun for example_branch_operator to 2024-11-10 00:00:00+00:00, run_after=2024-11-11 00:00:00+00:00
[2024-11-11T19:12:05.769+0000] {processor.py:208} INFO - Processing /home/airflow/.local/lib/python3.12/site-packages/airflow/example_dags/example_branch_operator.py took 0.093 seconds
[2024-11-11T19:12:36.394+0000] {processor.py:186} INFO - Started process (PID=1919) to work on /home/airflow/.local/lib/python3.12/site-packages/airflow/example_dags/example_branch_operator.py
[2024-11-11T19:12:36.395+0000] {processor.py:914} INFO - Processing file /home/airflow/.local/lib/python3.12/site-packages/airflow/example_dags/example_branch_operator.py for tasks to queue
[2024-11-11T19:12:36.397+0000] {logging_mixin.py:190} INFO - [2024-11-11T19:12:36.397+0000] {dagbag.py:588} INFO - Filling up the DagBag from /home/airflow/.local/lib/python3.12/site-packages/airflow/example_dags/example_branch_operator.py
[2024-11-11T19:12:36.424+0000] {processor.py:925} INFO - DAG(s) 'example_branch_operator' retrieved from /home/airflow/.local/lib/python3.12/site-packages/airflow/example_dags/example_branch_operator.py
[2024-11-11T19:12:36.461+0000] {logging_mixin.py:190} INFO - [2024-11-11T19:12:36.461+0000] {dag.py:3239} INFO - Sync 1 DAGs
[2024-11-11T19:12:36.482+0000] {logging_mixin.py:190} INFO - [2024-11-11T19:12:36.481+0000] {dag.py:4180} INFO - Setting next_dagrun for example_branch_operator to 2024-11-10 00:00:00+00:00, run_after=2024-11-11 00:00:00+00:00
[2024-11-11T19:12:36.505+0000] {processor.py:208} INFO - Processing /home/airflow/.local/lib/python3.12/site-packages/airflow/example_dags/example_branch_operator.py took 0.116 seconds
[2024-11-11T19:13:06.752+0000] {processor.py:186} INFO - Started process (PID=1984) to work on /home/airflow/.local/lib/python3.12/site-packages/airflow/example_dags/example_branch_operator.py
[2024-11-11T19:13:06.753+0000] {processor.py:914} INFO - Processing file /home/airflow/.local/lib/python3.12/site-packages/airflow/example_dags/example_branch_operator.py for tasks to queue
[2024-11-11T19:13:06.755+0000] {logging_mixin.py:190} INFO - [2024-11-11T19:13:06.755+0000] {dagbag.py:588} INFO - Filling up the DagBag from /home/airflow/.local/lib/python3.12/site-packages/airflow/example_dags/example_branch_operator.py
[2024-11-11T19:13:06.775+0000] {processor.py:925} INFO - DAG(s) 'example_branch_operator' retrieved from /home/airflow/.local/lib/python3.12/site-packages/airflow/example_dags/example_branch_operator.py
[2024-11-11T19:13:06.805+0000] {logging_mixin.py:190} INFO - [2024-11-11T19:13:06.805+0000] {dag.py:3239} INFO - Sync 1 DAGs
[2024-11-11T19:13:06.826+0000] {logging_mixin.py:190} INFO - [2024-11-11T19:13:06.826+0000] {dag.py:4180} INFO - Setting next_dagrun for example_branch_operator to 2024-11-10 00:00:00+00:00, run_after=2024-11-11 00:00:00+00:00
[2024-11-11T19:13:06.846+0000] {processor.py:208} INFO - Processing /home/airflow/.local/lib/python3.12/site-packages/airflow/example_dags/example_branch_operator.py took 0.098 seconds
[2024-11-11T19:13:38.296+0000] {processor.py:186} INFO - Started process (PID=2050) to work on /home/airflow/.local/lib/python3.12/site-packages/airflow/example_dags/example_branch_operator.py
[2024-11-11T19:13:38.296+0000] {processor.py:914} INFO - Processing file /home/airflow/.local/lib/python3.12/site-packages/airflow/example_dags/example_branch_operator.py for tasks to queue
[2024-11-11T19:13:38.298+0000] {logging_mixin.py:190} INFO - [2024-11-11T19:13:38.298+0000] {dagbag.py:588} INFO - Filling up the DagBag from /home/airflow/.local/lib/python3.12/site-packages/airflow/example_dags/example_branch_operator.py
[2024-11-11T19:13:38.318+0000] {processor.py:925} INFO - DAG(s) 'example_branch_operator' retrieved from /home/airflow/.local/lib/python3.12/site-packages/airflow/example_dags/example_branch_operator.py
[2024-11-11T19:13:38.353+0000] {logging_mixin.py:190} INFO - [2024-11-11T19:13:38.353+0000] {dag.py:3239} INFO - Sync 1 DAGs
[2024-11-11T19:13:38.372+0000] {logging_mixin.py:190} INFO - [2024-11-11T19:13:38.372+0000] {dag.py:4180} INFO - Setting next_dagrun for example_branch_operator to 2024-11-10 00:00:00+00:00, run_after=2024-11-11 00:00:00+00:00
[2024-11-11T19:13:38.394+0000] {processor.py:208} INFO - Processing /home/airflow/.local/lib/python3.12/site-packages/airflow/example_dags/example_branch_operator.py took 0.103 seconds
[2024-11-11T19:14:09.358+0000] {processor.py:186} INFO - Started process (PID=2117) to work on /home/airflow/.local/lib/python3.12/site-packages/airflow/example_dags/example_branch_operator.py
[2024-11-11T19:14:09.359+0000] {processor.py:914} INFO - Processing file /home/airflow/.local/lib/python3.12/site-packages/airflow/example_dags/example_branch_operator.py for tasks to queue
[2024-11-11T19:14:09.361+0000] {logging_mixin.py:190} INFO - [2024-11-11T19:14:09.360+0000] {dagbag.py:588} INFO - Filling up the DagBag from /home/airflow/.local/lib/python3.12/site-packages/airflow/example_dags/example_branch_operator.py
[2024-11-11T19:14:09.375+0000] {processor.py:925} INFO - DAG(s) 'example_branch_operator' retrieved from /home/airflow/.local/lib/python3.12/site-packages/airflow/example_dags/example_branch_operator.py
[2024-11-11T19:14:09.404+0000] {logging_mixin.py:190} INFO - [2024-11-11T19:14:09.404+0000] {dag.py:3239} INFO - Sync 1 DAGs
[2024-11-11T19:14:09.424+0000] {logging_mixin.py:190} INFO - [2024-11-11T19:14:09.424+0000] {dag.py:4180} INFO - Setting next_dagrun for example_branch_operator to 2024-11-10 00:00:00+00:00, run_after=2024-11-11 00:00:00+00:00
[2024-11-11T19:14:09.439+0000] {processor.py:208} INFO - Processing /home/airflow/.local/lib/python3.12/site-packages/airflow/example_dags/example_branch_operator.py took 0.085 seconds
[2024-11-11T19:14:40.704+0000] {processor.py:186} INFO - Started process (PID=2184) to work on /home/airflow/.local/lib/python3.12/site-packages/airflow/example_dags/example_branch_operator.py
[2024-11-11T19:14:40.705+0000] {processor.py:914} INFO - Processing file /home/airflow/.local/lib/python3.12/site-packages/airflow/example_dags/example_branch_operator.py for tasks to queue
[2024-11-11T19:14:40.707+0000] {logging_mixin.py:190} INFO - [2024-11-11T19:14:40.707+0000] {dagbag.py:588} INFO - Filling up the DagBag from /home/airflow/.local/lib/python3.12/site-packages/airflow/example_dags/example_branch_operator.py
[2024-11-11T19:14:40.726+0000] {processor.py:925} INFO - DAG(s) 'example_branch_operator' retrieved from /home/airflow/.local/lib/python3.12/site-packages/airflow/example_dags/example_branch_operator.py
[2024-11-11T19:14:40.758+0000] {logging_mixin.py:190} INFO - [2024-11-11T19:14:40.757+0000] {dag.py:3239} INFO - Sync 1 DAGs
[2024-11-11T19:14:40.778+0000] {logging_mixin.py:190} INFO - [2024-11-11T19:14:40.778+0000] {dag.py:4180} INFO - Setting next_dagrun for example_branch_operator to 2024-11-10 00:00:00+00:00, run_after=2024-11-11 00:00:00+00:00
[2024-11-11T19:14:40.795+0000] {processor.py:208} INFO - Processing /home/airflow/.local/lib/python3.12/site-packages/airflow/example_dags/example_branch_operator.py took 0.095 seconds
[2024-11-11T19:15:11.403+0000] {processor.py:186} INFO - Started process (PID=2249) to work on /home/airflow/.local/lib/python3.12/site-packages/airflow/example_dags/example_branch_operator.py
[2024-11-11T19:15:11.404+0000] {processor.py:914} INFO - Processing file /home/airflow/.local/lib/python3.12/site-packages/airflow/example_dags/example_branch_operator.py for tasks to queue
[2024-11-11T19:15:11.405+0000] {logging_mixin.py:190} INFO - [2024-11-11T19:15:11.405+0000] {dagbag.py:588} INFO - Filling up the DagBag from /home/airflow/.local/lib/python3.12/site-packages/airflow/example_dags/example_branch_operator.py
[2024-11-11T19:15:11.420+0000] {processor.py:925} INFO - DAG(s) 'example_branch_operator' retrieved from /home/airflow/.local/lib/python3.12/site-packages/airflow/example_dags/example_branch_operator.py
[2024-11-11T19:15:11.448+0000] {logging_mixin.py:190} INFO - [2024-11-11T19:15:11.448+0000] {dag.py:3239} INFO - Sync 1 DAGs
[2024-11-11T19:15:11.470+0000] {logging_mixin.py:190} INFO - [2024-11-11T19:15:11.470+0000] {dag.py:4180} INFO - Setting next_dagrun for example_branch_operator to 2024-11-10 00:00:00+00:00, run_after=2024-11-11 00:00:00+00:00
[2024-11-11T19:15:11.485+0000] {processor.py:208} INFO - Processing /home/airflow/.local/lib/python3.12/site-packages/airflow/example_dags/example_branch_operator.py took 0.087 seconds
[2024-11-11T19:15:43.530+0000] {processor.py:186} INFO - Started process (PID=2314) to work on /home/airflow/.local/lib/python3.12/site-packages/airflow/example_dags/example_branch_operator.py
[2024-11-11T19:15:43.531+0000] {processor.py:914} INFO - Processing file /home/airflow/.local/lib/python3.12/site-packages/airflow/example_dags/example_branch_operator.py for tasks to queue
[2024-11-11T19:15:43.533+0000] {logging_mixin.py:190} INFO - [2024-11-11T19:15:43.532+0000] {dagbag.py:588} INFO - Filling up the DagBag from /home/airflow/.local/lib/python3.12/site-packages/airflow/example_dags/example_branch_operator.py
[2024-11-11T19:15:43.552+0000] {processor.py:925} INFO - DAG(s) 'example_branch_operator' retrieved from /home/airflow/.local/lib/python3.12/site-packages/airflow/example_dags/example_branch_operator.py
[2024-11-11T19:15:43.582+0000] {logging_mixin.py:190} INFO - [2024-11-11T19:15:43.582+0000] {dag.py:3239} INFO - Sync 1 DAGs
[2024-11-11T19:15:43.600+0000] {logging_mixin.py:190} INFO - [2024-11-11T19:15:43.600+0000] {dag.py:4180} INFO - Setting next_dagrun for example_branch_operator to 2024-11-10 00:00:00+00:00, run_after=2024-11-11 00:00:00+00:00
[2024-11-11T19:15:43.617+0000] {processor.py:208} INFO - Processing /home/airflow/.local/lib/python3.12/site-packages/airflow/example_dags/example_branch_operator.py took 0.092 seconds
[2024-11-11T19:17:29.654+0000] {processor.py:186} INFO - Started process (PID=99) to work on /home/airflow/.local/lib/python3.12/site-packages/airflow/example_dags/example_branch_operator.py
[2024-11-11T19:17:29.662+0000] {processor.py:914} INFO - Processing file /home/airflow/.local/lib/python3.12/site-packages/airflow/example_dags/example_branch_operator.py for tasks to queue
[2024-11-11T19:17:29.664+0000] {logging_mixin.py:190} INFO - [2024-11-11T19:17:29.664+0000] {dagbag.py:588} INFO - Filling up the DagBag from /home/airflow/.local/lib/python3.12/site-packages/airflow/example_dags/example_branch_operator.py
[2024-11-11T19:17:29.716+0000] {processor.py:925} INFO - DAG(s) 'example_branch_operator' retrieved from /home/airflow/.local/lib/python3.12/site-packages/airflow/example_dags/example_branch_operator.py
[2024-11-11T19:17:29.915+0000] {logging_mixin.py:190} INFO - [2024-11-11T19:17:29.915+0000] {dag.py:3239} INFO - Sync 1 DAGs
[2024-11-11T19:17:29.949+0000] {logging_mixin.py:190} INFO - [2024-11-11T19:17:29.948+0000] {dag.py:4180} INFO - Setting next_dagrun for example_branch_operator to 2024-11-10 00:00:00+00:00, run_after=2024-11-11 00:00:00+00:00
[2024-11-11T19:17:29.987+0000] {processor.py:208} INFO - Processing /home/airflow/.local/lib/python3.12/site-packages/airflow/example_dags/example_branch_operator.py took 0.338 seconds
[2024-11-11T19:18:18.404+0000] {processor.py:186} INFO - Started process (PID=171) to work on /home/airflow/.local/lib/python3.12/site-packages/airflow/example_dags/example_branch_operator.py
[2024-11-11T19:18:18.405+0000] {processor.py:914} INFO - Processing file /home/airflow/.local/lib/python3.12/site-packages/airflow/example_dags/example_branch_operator.py for tasks to queue
[2024-11-11T19:18:18.407+0000] {logging_mixin.py:190} INFO - [2024-11-11T19:18:18.407+0000] {dagbag.py:588} INFO - Filling up the DagBag from /home/airflow/.local/lib/python3.12/site-packages/airflow/example_dags/example_branch_operator.py
[2024-11-11T19:18:18.423+0000] {processor.py:925} INFO - DAG(s) 'example_branch_operator' retrieved from /home/airflow/.local/lib/python3.12/site-packages/airflow/example_dags/example_branch_operator.py
[2024-11-11T19:18:18.451+0000] {logging_mixin.py:190} INFO - [2024-11-11T19:18:18.450+0000] {dag.py:3239} INFO - Sync 1 DAGs
[2024-11-11T19:18:18.473+0000] {logging_mixin.py:190} INFO - [2024-11-11T19:18:18.472+0000] {dag.py:4180} INFO - Setting next_dagrun for example_branch_operator to 2024-11-10 00:00:00+00:00, run_after=2024-11-11 00:00:00+00:00
[2024-11-11T19:18:18.488+0000] {processor.py:208} INFO - Processing /home/airflow/.local/lib/python3.12/site-packages/airflow/example_dags/example_branch_operator.py took 0.088 seconds
[2024-11-11T19:18:50.169+0000] {processor.py:186} INFO - Started process (PID=237) to work on /home/airflow/.local/lib/python3.12/site-packages/airflow/example_dags/example_branch_operator.py
[2024-11-11T19:18:50.170+0000] {processor.py:914} INFO - Processing file /home/airflow/.local/lib/python3.12/site-packages/airflow/example_dags/example_branch_operator.py for tasks to queue
[2024-11-11T19:18:50.172+0000] {logging_mixin.py:190} INFO - [2024-11-11T19:18:50.172+0000] {dagbag.py:588} INFO - Filling up the DagBag from /home/airflow/.local/lib/python3.12/site-packages/airflow/example_dags/example_branch_operator.py
[2024-11-11T19:18:50.220+0000] {processor.py:925} INFO - DAG(s) 'example_branch_operator' retrieved from /home/airflow/.local/lib/python3.12/site-packages/airflow/example_dags/example_branch_operator.py
[2024-11-11T19:18:50.321+0000] {logging_mixin.py:190} INFO - [2024-11-11T19:18:50.320+0000] {dag.py:3239} INFO - Sync 1 DAGs
[2024-11-11T19:18:50.382+0000] {logging_mixin.py:190} INFO - [2024-11-11T19:18:50.382+0000] {dag.py:4180} INFO - Setting next_dagrun for example_branch_operator to 2024-11-10 00:00:00+00:00, run_after=2024-11-11 00:00:00+00:00
[2024-11-11T19:18:50.415+0000] {processor.py:208} INFO - Processing /home/airflow/.local/lib/python3.12/site-packages/airflow/example_dags/example_branch_operator.py took 0.259 seconds
[2024-11-11T19:19:20.526+0000] {processor.py:186} INFO - Started process (PID=303) to work on /home/airflow/.local/lib/python3.12/site-packages/airflow/example_dags/example_branch_operator.py
[2024-11-11T19:19:20.527+0000] {processor.py:914} INFO - Processing file /home/airflow/.local/lib/python3.12/site-packages/airflow/example_dags/example_branch_operator.py for tasks to queue
[2024-11-11T19:19:20.529+0000] {logging_mixin.py:190} INFO - [2024-11-11T19:19:20.528+0000] {dagbag.py:588} INFO - Filling up the DagBag from /home/airflow/.local/lib/python3.12/site-packages/airflow/example_dags/example_branch_operator.py
[2024-11-11T19:19:20.546+0000] {processor.py:925} INFO - DAG(s) 'example_branch_operator' retrieved from /home/airflow/.local/lib/python3.12/site-packages/airflow/example_dags/example_branch_operator.py
[2024-11-11T19:19:20.583+0000] {logging_mixin.py:190} INFO - [2024-11-11T19:19:20.583+0000] {dag.py:3239} INFO - Sync 1 DAGs
[2024-11-11T19:19:20.604+0000] {logging_mixin.py:190} INFO - [2024-11-11T19:19:20.604+0000] {dag.py:4180} INFO - Setting next_dagrun for example_branch_operator to 2024-11-10 00:00:00+00:00, run_after=2024-11-11 00:00:00+00:00
[2024-11-11T19:19:20.618+0000] {processor.py:208} INFO - Processing /home/airflow/.local/lib/python3.12/site-packages/airflow/example_dags/example_branch_operator.py took 0.098 seconds
[2024-11-11T19:22:02.149+0000] {processor.py:186} INFO - Started process (PID=360) to work on /home/airflow/.local/lib/python3.12/site-packages/airflow/example_dags/example_branch_operator.py
[2024-11-11T19:22:02.156+0000] {processor.py:914} INFO - Processing file /home/airflow/.local/lib/python3.12/site-packages/airflow/example_dags/example_branch_operator.py for tasks to queue
[2024-11-11T19:22:02.175+0000] {logging_mixin.py:190} INFO - [2024-11-11T19:22:02.159+0000] {dagbag.py:588} INFO - Filling up the DagBag from /home/airflow/.local/lib/python3.12/site-packages/airflow/example_dags/example_branch_operator.py
[2024-11-11T19:22:02.237+0000] {processor.py:925} INFO - DAG(s) 'example_branch_operator' retrieved from /home/airflow/.local/lib/python3.12/site-packages/airflow/example_dags/example_branch_operator.py
[2024-11-11T19:22:02.354+0000] {logging_mixin.py:190} INFO - [2024-11-11T19:22:02.354+0000] {dag.py:3239} INFO - Sync 1 DAGs
[2024-11-11T19:22:02.435+0000] {logging_mixin.py:190} INFO - [2024-11-11T19:22:02.435+0000] {dag.py:4180} INFO - Setting next_dagrun for example_branch_operator to 2024-11-10 00:00:00+00:00, run_after=2024-11-11 00:00:00+00:00
[2024-11-11T19:22:02.495+0000] {processor.py:208} INFO - Processing /home/airflow/.local/lib/python3.12/site-packages/airflow/example_dags/example_branch_operator.py took 0.369 seconds
[2024-11-11T19:28:34.711+0000] {processor.py:186} INFO - Started process (PID=92) to work on /home/airflow/.local/lib/python3.12/site-packages/airflow/example_dags/example_branch_operator.py
[2024-11-11T19:28:34.712+0000] {processor.py:914} INFO - Processing file /home/airflow/.local/lib/python3.12/site-packages/airflow/example_dags/example_branch_operator.py for tasks to queue
[2024-11-11T19:28:34.714+0000] {logging_mixin.py:190} INFO - [2024-11-11T19:28:34.714+0000] {dagbag.py:588} INFO - Filling up the DagBag from /home/airflow/.local/lib/python3.12/site-packages/airflow/example_dags/example_branch_operator.py
[2024-11-11T19:28:34.733+0000] {processor.py:925} INFO - DAG(s) 'example_branch_operator' retrieved from /home/airflow/.local/lib/python3.12/site-packages/airflow/example_dags/example_branch_operator.py
[2024-11-11T19:28:34.834+0000] {logging_mixin.py:190} INFO - [2024-11-11T19:28:34.833+0000] {dag.py:3239} INFO - Sync 1 DAGs
[2024-11-11T19:28:34.851+0000] {logging_mixin.py:190} INFO - [2024-11-11T19:28:34.851+0000] {dag.py:4180} INFO - Setting next_dagrun for example_branch_operator to 2024-11-10 00:00:00+00:00, run_after=2024-11-11 00:00:00+00:00
[2024-11-11T19:28:34.867+0000] {processor.py:208} INFO - Processing /home/airflow/.local/lib/python3.12/site-packages/airflow/example_dags/example_branch_operator.py took 0.161 seconds
[2024-11-11T19:29:04.950+0000] {processor.py:186} INFO - Started process (PID=158) to work on /home/airflow/.local/lib/python3.12/site-packages/airflow/example_dags/example_branch_operator.py
[2024-11-11T19:29:04.950+0000] {processor.py:914} INFO - Processing file /home/airflow/.local/lib/python3.12/site-packages/airflow/example_dags/example_branch_operator.py for tasks to queue
[2024-11-11T19:29:04.952+0000] {logging_mixin.py:190} INFO - [2024-11-11T19:29:04.952+0000] {dagbag.py:588} INFO - Filling up the DagBag from /home/airflow/.local/lib/python3.12/site-packages/airflow/example_dags/example_branch_operator.py
[2024-11-11T19:29:04.966+0000] {processor.py:925} INFO - DAG(s) 'example_branch_operator' retrieved from /home/airflow/.local/lib/python3.12/site-packages/airflow/example_dags/example_branch_operator.py
[2024-11-11T19:29:04.990+0000] {logging_mixin.py:190} INFO - [2024-11-11T19:29:04.989+0000] {dag.py:3239} INFO - Sync 1 DAGs
[2024-11-11T19:29:05.007+0000] {logging_mixin.py:190} INFO - [2024-11-11T19:29:05.007+0000] {dag.py:4180} INFO - Setting next_dagrun for example_branch_operator to 2024-11-10 00:00:00+00:00, run_after=2024-11-11 00:00:00+00:00
[2024-11-11T19:29:05.021+0000] {processor.py:208} INFO - Processing /home/airflow/.local/lib/python3.12/site-packages/airflow/example_dags/example_branch_operator.py took 0.077 seconds
[2024-11-11T19:29:35.747+0000] {processor.py:186} INFO - Started process (PID=223) to work on /home/airflow/.local/lib/python3.12/site-packages/airflow/example_dags/example_branch_operator.py
[2024-11-11T19:29:35.748+0000] {processor.py:914} INFO - Processing file /home/airflow/.local/lib/python3.12/site-packages/airflow/example_dags/example_branch_operator.py for tasks to queue
[2024-11-11T19:29:35.751+0000] {logging_mixin.py:190} INFO - [2024-11-11T19:29:35.751+0000] {dagbag.py:588} INFO - Filling up the DagBag from /home/airflow/.local/lib/python3.12/site-packages/airflow/example_dags/example_branch_operator.py
[2024-11-11T19:29:35.769+0000] {processor.py:925} INFO - DAG(s) 'example_branch_operator' retrieved from /home/airflow/.local/lib/python3.12/site-packages/airflow/example_dags/example_branch_operator.py
[2024-11-11T19:29:35.807+0000] {logging_mixin.py:190} INFO - [2024-11-11T19:29:35.807+0000] {dag.py:3239} INFO - Sync 1 DAGs
[2024-11-11T19:29:35.834+0000] {logging_mixin.py:190} INFO - [2024-11-11T19:29:35.834+0000] {dag.py:4180} INFO - Setting next_dagrun for example_branch_operator to 2024-11-10 00:00:00+00:00, run_after=2024-11-11 00:00:00+00:00
[2024-11-11T19:29:35.857+0000] {processor.py:208} INFO - Processing /home/airflow/.local/lib/python3.12/site-packages/airflow/example_dags/example_branch_operator.py took 0.117 seconds
[2024-11-11T19:30:06.547+0000] {processor.py:186} INFO - Started process (PID=289) to work on /home/airflow/.local/lib/python3.12/site-packages/airflow/example_dags/example_branch_operator.py
[2024-11-11T19:30:06.548+0000] {processor.py:914} INFO - Processing file /home/airflow/.local/lib/python3.12/site-packages/airflow/example_dags/example_branch_operator.py for tasks to queue
[2024-11-11T19:30:06.550+0000] {logging_mixin.py:190} INFO - [2024-11-11T19:30:06.550+0000] {dagbag.py:588} INFO - Filling up the DagBag from /home/airflow/.local/lib/python3.12/site-packages/airflow/example_dags/example_branch_operator.py
[2024-11-11T19:30:06.563+0000] {processor.py:925} INFO - DAG(s) 'example_branch_operator' retrieved from /home/airflow/.local/lib/python3.12/site-packages/airflow/example_dags/example_branch_operator.py
[2024-11-11T19:30:06.587+0000] {logging_mixin.py:190} INFO - [2024-11-11T19:30:06.586+0000] {dag.py:3239} INFO - Sync 1 DAGs
[2024-11-11T19:30:06.606+0000] {logging_mixin.py:190} INFO - [2024-11-11T19:30:06.606+0000] {dag.py:4180} INFO - Setting next_dagrun for example_branch_operator to 2024-11-10 00:00:00+00:00, run_after=2024-11-11 00:00:00+00:00
[2024-11-11T19:30:06.621+0000] {processor.py:208} INFO - Processing /home/airflow/.local/lib/python3.12/site-packages/airflow/example_dags/example_branch_operator.py took 0.079 seconds
[2024-11-11T19:30:37.182+0000] {processor.py:186} INFO - Started process (PID=355) to work on /home/airflow/.local/lib/python3.12/site-packages/airflow/example_dags/example_branch_operator.py
[2024-11-11T19:30:37.183+0000] {processor.py:914} INFO - Processing file /home/airflow/.local/lib/python3.12/site-packages/airflow/example_dags/example_branch_operator.py for tasks to queue
[2024-11-11T19:30:37.185+0000] {logging_mixin.py:190} INFO - [2024-11-11T19:30:37.185+0000] {dagbag.py:588} INFO - Filling up the DagBag from /home/airflow/.local/lib/python3.12/site-packages/airflow/example_dags/example_branch_operator.py
[2024-11-11T19:30:37.199+0000] {processor.py:925} INFO - DAG(s) 'example_branch_operator' retrieved from /home/airflow/.local/lib/python3.12/site-packages/airflow/example_dags/example_branch_operator.py
[2024-11-11T19:30:37.224+0000] {logging_mixin.py:190} INFO - [2024-11-11T19:30:37.223+0000] {dag.py:3239} INFO - Sync 1 DAGs
[2024-11-11T19:30:37.247+0000] {logging_mixin.py:190} INFO - [2024-11-11T19:30:37.247+0000] {dag.py:4180} INFO - Setting next_dagrun for example_branch_operator to 2024-11-10 00:00:00+00:00, run_after=2024-11-11 00:00:00+00:00
[2024-11-11T19:30:37.270+0000] {processor.py:208} INFO - Processing /home/airflow/.local/lib/python3.12/site-packages/airflow/example_dags/example_branch_operator.py took 0.094 seconds
[2024-11-11T19:31:07.670+0000] {processor.py:186} INFO - Started process (PID=422) to work on /home/airflow/.local/lib/python3.12/site-packages/airflow/example_dags/example_branch_operator.py
[2024-11-11T19:31:07.671+0000] {processor.py:914} INFO - Processing file /home/airflow/.local/lib/python3.12/site-packages/airflow/example_dags/example_branch_operator.py for tasks to queue
[2024-11-11T19:31:07.673+0000] {logging_mixin.py:190} INFO - [2024-11-11T19:31:07.672+0000] {dagbag.py:588} INFO - Filling up the DagBag from /home/airflow/.local/lib/python3.12/site-packages/airflow/example_dags/example_branch_operator.py
[2024-11-11T19:31:07.687+0000] {processor.py:925} INFO - DAG(s) 'example_branch_operator' retrieved from /home/airflow/.local/lib/python3.12/site-packages/airflow/example_dags/example_branch_operator.py
[2024-11-11T19:31:07.710+0000] {logging_mixin.py:190} INFO - [2024-11-11T19:31:07.710+0000] {dag.py:3239} INFO - Sync 1 DAGs
[2024-11-11T19:31:07.729+0000] {logging_mixin.py:190} INFO - [2024-11-11T19:31:07.729+0000] {dag.py:4180} INFO - Setting next_dagrun for example_branch_operator to 2024-11-10 00:00:00+00:00, run_after=2024-11-11 00:00:00+00:00
[2024-11-11T19:31:07.744+0000] {processor.py:208} INFO - Processing /home/airflow/.local/lib/python3.12/site-packages/airflow/example_dags/example_branch_operator.py took 0.079 seconds
[2024-11-11T19:31:38.295+0000] {processor.py:186} INFO - Started process (PID=488) to work on /home/airflow/.local/lib/python3.12/site-packages/airflow/example_dags/example_branch_operator.py
[2024-11-11T19:31:38.296+0000] {processor.py:914} INFO - Processing file /home/airflow/.local/lib/python3.12/site-packages/airflow/example_dags/example_branch_operator.py for tasks to queue
[2024-11-11T19:31:38.298+0000] {logging_mixin.py:190} INFO - [2024-11-11T19:31:38.298+0000] {dagbag.py:588} INFO - Filling up the DagBag from /home/airflow/.local/lib/python3.12/site-packages/airflow/example_dags/example_branch_operator.py
[2024-11-11T19:31:38.312+0000] {processor.py:925} INFO - DAG(s) 'example_branch_operator' retrieved from /home/airflow/.local/lib/python3.12/site-packages/airflow/example_dags/example_branch_operator.py
[2024-11-11T19:31:38.336+0000] {logging_mixin.py:190} INFO - [2024-11-11T19:31:38.336+0000] {dag.py:3239} INFO - Sync 1 DAGs
[2024-11-11T19:31:38.355+0000] {logging_mixin.py:190} INFO - [2024-11-11T19:31:38.355+0000] {dag.py:4180} INFO - Setting next_dagrun for example_branch_operator to 2024-11-10 00:00:00+00:00, run_after=2024-11-11 00:00:00+00:00
[2024-11-11T19:31:38.372+0000] {processor.py:208} INFO - Processing /home/airflow/.local/lib/python3.12/site-packages/airflow/example_dags/example_branch_operator.py took 0.081 seconds
[2024-11-11T19:33:17.141+0000] {processor.py:186} INFO - Started process (PID=89) to work on /home/airflow/.local/lib/python3.12/site-packages/airflow/example_dags/example_branch_operator.py
[2024-11-11T19:33:17.144+0000] {processor.py:914} INFO - Processing file /home/airflow/.local/lib/python3.12/site-packages/airflow/example_dags/example_branch_operator.py for tasks to queue
[2024-11-11T19:33:17.154+0000] {logging_mixin.py:190} INFO - [2024-11-11T19:33:17.153+0000] {dagbag.py:588} INFO - Filling up the DagBag from /home/airflow/.local/lib/python3.12/site-packages/airflow/example_dags/example_branch_operator.py
[2024-11-11T19:33:17.191+0000] {processor.py:925} INFO - DAG(s) 'example_branch_operator' retrieved from /home/airflow/.local/lib/python3.12/site-packages/airflow/example_dags/example_branch_operator.py
[2024-11-11T19:33:17.335+0000] {logging_mixin.py:190} INFO - [2024-11-11T19:33:17.334+0000] {dag.py:3239} INFO - Sync 1 DAGs
[2024-11-11T19:33:17.360+0000] {logging_mixin.py:190} INFO - [2024-11-11T19:33:17.360+0000] {dag.py:4180} INFO - Setting next_dagrun for example_branch_operator to 2024-11-10 00:00:00+00:00, run_after=2024-11-11 00:00:00+00:00
[2024-11-11T19:33:17.399+0000] {processor.py:208} INFO - Processing /home/airflow/.local/lib/python3.12/site-packages/airflow/example_dags/example_branch_operator.py took 0.269 seconds
[2024-11-11T19:34:20.688+0000] {processor.py:186} INFO - Started process (PID=89) to work on /home/airflow/.local/lib/python3.12/site-packages/airflow/example_dags/example_branch_operator.py
[2024-11-11T19:34:20.689+0000] {processor.py:914} INFO - Processing file /home/airflow/.local/lib/python3.12/site-packages/airflow/example_dags/example_branch_operator.py for tasks to queue
[2024-11-11T19:34:20.691+0000] {logging_mixin.py:190} INFO - [2024-11-11T19:34:20.691+0000] {dagbag.py:588} INFO - Filling up the DagBag from /home/airflow/.local/lib/python3.12/site-packages/airflow/example_dags/example_branch_operator.py
[2024-11-11T19:34:20.725+0000] {processor.py:925} INFO - DAG(s) 'example_branch_operator' retrieved from /home/airflow/.local/lib/python3.12/site-packages/airflow/example_dags/example_branch_operator.py
[2024-11-11T19:34:20.847+0000] {logging_mixin.py:190} INFO - [2024-11-11T19:34:20.847+0000] {dag.py:3239} INFO - Sync 1 DAGs
[2024-11-11T19:34:20.872+0000] {logging_mixin.py:190} INFO - [2024-11-11T19:34:20.872+0000] {dag.py:4180} INFO - Setting next_dagrun for example_branch_operator to 2024-11-10 00:00:00+00:00, run_after=2024-11-11 00:00:00+00:00
[2024-11-11T19:34:20.905+0000] {processor.py:208} INFO - Processing /home/airflow/.local/lib/python3.12/site-packages/airflow/example_dags/example_branch_operator.py took 0.220 seconds
[2024-11-11T19:34:51.680+0000] {processor.py:186} INFO - Started process (PID=161) to work on /home/airflow/.local/lib/python3.12/site-packages/airflow/example_dags/example_branch_operator.py
[2024-11-11T19:34:51.687+0000] {processor.py:914} INFO - Processing file /home/airflow/.local/lib/python3.12/site-packages/airflow/example_dags/example_branch_operator.py for tasks to queue
[2024-11-11T19:34:51.689+0000] {logging_mixin.py:190} INFO - [2024-11-11T19:34:51.689+0000] {dagbag.py:588} INFO - Filling up the DagBag from /home/airflow/.local/lib/python3.12/site-packages/airflow/example_dags/example_branch_operator.py
[2024-11-11T19:34:51.706+0000] {processor.py:925} INFO - DAG(s) 'example_branch_operator' retrieved from /home/airflow/.local/lib/python3.12/site-packages/airflow/example_dags/example_branch_operator.py
[2024-11-11T19:34:51.732+0000] {logging_mixin.py:190} INFO - [2024-11-11T19:34:51.732+0000] {dag.py:3239} INFO - Sync 1 DAGs
[2024-11-11T19:34:51.751+0000] {logging_mixin.py:190} INFO - [2024-11-11T19:34:51.751+0000] {dag.py:4180} INFO - Setting next_dagrun for example_branch_operator to 2024-11-10 00:00:00+00:00, run_after=2024-11-11 00:00:00+00:00
[2024-11-11T19:34:51.766+0000] {processor.py:208} INFO - Processing /home/airflow/.local/lib/python3.12/site-packages/airflow/example_dags/example_branch_operator.py took 0.092 seconds
[2024-11-11T19:35:22.286+0000] {processor.py:186} INFO - Started process (PID=227) to work on /home/airflow/.local/lib/python3.12/site-packages/airflow/example_dags/example_branch_operator.py
[2024-11-11T19:35:22.286+0000] {processor.py:914} INFO - Processing file /home/airflow/.local/lib/python3.12/site-packages/airflow/example_dags/example_branch_operator.py for tasks to queue
[2024-11-11T19:35:22.288+0000] {logging_mixin.py:190} INFO - [2024-11-11T19:35:22.288+0000] {dagbag.py:588} INFO - Filling up the DagBag from /home/airflow/.local/lib/python3.12/site-packages/airflow/example_dags/example_branch_operator.py
[2024-11-11T19:35:22.302+0000] {processor.py:925} INFO - DAG(s) 'example_branch_operator' retrieved from /home/airflow/.local/lib/python3.12/site-packages/airflow/example_dags/example_branch_operator.py
[2024-11-11T19:35:22.324+0000] {logging_mixin.py:190} INFO - [2024-11-11T19:35:22.324+0000] {dag.py:3239} INFO - Sync 1 DAGs
[2024-11-11T19:35:22.342+0000] {logging_mixin.py:190} INFO - [2024-11-11T19:35:22.342+0000] {dag.py:4180} INFO - Setting next_dagrun for example_branch_operator to 2024-11-10 00:00:00+00:00, run_after=2024-11-11 00:00:00+00:00
[2024-11-11T19:35:22.356+0000] {processor.py:208} INFO - Processing /home/airflow/.local/lib/python3.12/site-packages/airflow/example_dags/example_branch_operator.py took 0.074 seconds
[2024-11-11T19:35:52.776+0000] {processor.py:186} INFO - Started process (PID=292) to work on /home/airflow/.local/lib/python3.12/site-packages/airflow/example_dags/example_branch_operator.py
[2024-11-11T19:35:52.777+0000] {processor.py:914} INFO - Processing file /home/airflow/.local/lib/python3.12/site-packages/airflow/example_dags/example_branch_operator.py for tasks to queue
[2024-11-11T19:35:52.779+0000] {logging_mixin.py:190} INFO - [2024-11-11T19:35:52.778+0000] {dagbag.py:588} INFO - Filling up the DagBag from /home/airflow/.local/lib/python3.12/site-packages/airflow/example_dags/example_branch_operator.py
[2024-11-11T19:35:52.794+0000] {processor.py:925} INFO - DAG(s) 'example_branch_operator' retrieved from /home/airflow/.local/lib/python3.12/site-packages/airflow/example_dags/example_branch_operator.py
[2024-11-11T19:35:52.820+0000] {logging_mixin.py:190} INFO - [2024-11-11T19:35:52.819+0000] {dag.py:3239} INFO - Sync 1 DAGs
[2024-11-11T19:35:52.839+0000] {logging_mixin.py:190} INFO - [2024-11-11T19:35:52.839+0000] {dag.py:4180} INFO - Setting next_dagrun for example_branch_operator to 2024-11-10 00:00:00+00:00, run_after=2024-11-11 00:00:00+00:00
[2024-11-11T19:35:52.853+0000] {processor.py:208} INFO - Processing /home/airflow/.local/lib/python3.12/site-packages/airflow/example_dags/example_branch_operator.py took 0.082 seconds
