[2024-11-11T18:58:12.561+0000] {processor.py:186} INFO - Started process (PID=60) to work on /home/airflow/.local/lib/python3.12/site-packages/airflow/example_dags/tutorial.py
[2024-11-11T18:58:12.583+0000] {processor.py:914} INFO - Processing file /home/airflow/.local/lib/python3.12/site-packages/airflow/example_dags/tutorial.py for tasks to queue
[2024-11-11T18:58:12.585+0000] {logging_mixin.py:190} INFO - [2024-11-11T18:58:12.584+0000] {dagbag.py:588} INFO - Filling up the DagBag from /home/airflow/.local/lib/python3.12/site-packages/airflow/example_dags/tutorial.py
[2024-11-11T18:58:12.614+0000] {processor.py:925} INFO - DAG(s) 'tutorial' retrieved from /home/airflow/.local/lib/python3.12/site-packages/airflow/example_dags/tutorial.py
[2024-11-11T18:58:12.695+0000] {logging_mixin.py:190} INFO - [2024-11-11T18:58:12.694+0000] {dag.py:3239} INFO - Sync 1 DAGs
[2024-11-11T18:58:12.815+0000] {logging_mixin.py:190} INFO - [2024-11-11T18:58:12.815+0000] {dag.py:4180} INFO - Setting next_dagrun for tutorial to 2024-11-10 00:00:00+00:00, run_after=2024-11-11 00:00:00+00:00
[2024-11-11T18:58:12.869+0000] {processor.py:208} INFO - Processing /home/airflow/.local/lib/python3.12/site-packages/airflow/example_dags/tutorial.py took 0.312 seconds
[2024-11-11T18:58:43.123+0000] {processor.py:186} INFO - Started process (PID=125) to work on /home/airflow/.local/lib/python3.12/site-packages/airflow/example_dags/tutorial.py
[2024-11-11T18:58:43.127+0000] {processor.py:914} INFO - Processing file /home/airflow/.local/lib/python3.12/site-packages/airflow/example_dags/tutorial.py for tasks to queue
[2024-11-11T18:58:43.146+0000] {logging_mixin.py:190} INFO - [2024-11-11T18:58:43.146+0000] {dagbag.py:588} INFO - Filling up the DagBag from /home/airflow/.local/lib/python3.12/site-packages/airflow/example_dags/tutorial.py
[2024-11-11T18:58:43.165+0000] {processor.py:925} INFO - DAG(s) 'tutorial' retrieved from /home/airflow/.local/lib/python3.12/site-packages/airflow/example_dags/tutorial.py
[2024-11-11T18:58:43.221+0000] {logging_mixin.py:190} INFO - [2024-11-11T18:58:43.221+0000] {dag.py:3239} INFO - Sync 1 DAGs
[2024-11-11T18:58:43.352+0000] {logging_mixin.py:190} INFO - [2024-11-11T18:58:43.352+0000] {dag.py:4180} INFO - Setting next_dagrun for tutorial to 2024-11-10 00:00:00+00:00, run_after=2024-11-11 00:00:00+00:00
[2024-11-11T18:58:43.437+0000] {processor.py:208} INFO - Processing /home/airflow/.local/lib/python3.12/site-packages/airflow/example_dags/tutorial.py took 0.302 seconds
[2024-11-11T18:59:13.749+0000] {processor.py:186} INFO - Started process (PID=196) to work on /home/airflow/.local/lib/python3.12/site-packages/airflow/example_dags/tutorial.py
[2024-11-11T18:59:13.749+0000] {processor.py:914} INFO - Processing file /home/airflow/.local/lib/python3.12/site-packages/airflow/example_dags/tutorial.py for tasks to queue
[2024-11-11T18:59:13.751+0000] {logging_mixin.py:190} INFO - [2024-11-11T18:59:13.751+0000] {dagbag.py:588} INFO - Filling up the DagBag from /home/airflow/.local/lib/python3.12/site-packages/airflow/example_dags/tutorial.py
[2024-11-11T18:59:13.758+0000] {processor.py:925} INFO - DAG(s) 'tutorial' retrieved from /home/airflow/.local/lib/python3.12/site-packages/airflow/example_dags/tutorial.py
[2024-11-11T18:59:13.774+0000] {logging_mixin.py:190} INFO - [2024-11-11T18:59:13.774+0000] {dag.py:3239} INFO - Sync 1 DAGs
[2024-11-11T18:59:13.792+0000] {logging_mixin.py:190} INFO - [2024-11-11T18:59:13.792+0000] {dag.py:4180} INFO - Setting next_dagrun for tutorial to 2024-11-10 00:00:00+00:00, run_after=2024-11-11 00:00:00+00:00
[2024-11-11T18:59:13.816+0000] {processor.py:208} INFO - Processing /home/airflow/.local/lib/python3.12/site-packages/airflow/example_dags/tutorial.py took 0.075 seconds
[2024-11-11T18:59:44.535+0000] {processor.py:186} INFO - Started process (PID=261) to work on /home/airflow/.local/lib/python3.12/site-packages/airflow/example_dags/tutorial.py
[2024-11-11T18:59:44.536+0000] {processor.py:914} INFO - Processing file /home/airflow/.local/lib/python3.12/site-packages/airflow/example_dags/tutorial.py for tasks to queue
[2024-11-11T18:59:44.538+0000] {logging_mixin.py:190} INFO - [2024-11-11T18:59:44.538+0000] {dagbag.py:588} INFO - Filling up the DagBag from /home/airflow/.local/lib/python3.12/site-packages/airflow/example_dags/tutorial.py
[2024-11-11T18:59:44.546+0000] {processor.py:925} INFO - DAG(s) 'tutorial' retrieved from /home/airflow/.local/lib/python3.12/site-packages/airflow/example_dags/tutorial.py
[2024-11-11T18:59:44.571+0000] {logging_mixin.py:190} INFO - [2024-11-11T18:59:44.570+0000] {dag.py:3239} INFO - Sync 1 DAGs
[2024-11-11T18:59:44.597+0000] {logging_mixin.py:190} INFO - [2024-11-11T18:59:44.596+0000] {dag.py:4180} INFO - Setting next_dagrun for tutorial to 2024-11-10 00:00:00+00:00, run_after=2024-11-11 00:00:00+00:00
[2024-11-11T18:59:44.618+0000] {processor.py:208} INFO - Processing /home/airflow/.local/lib/python3.12/site-packages/airflow/example_dags/tutorial.py took 0.086 seconds
[2024-11-11T19:00:15.254+0000] {processor.py:186} INFO - Started process (PID=326) to work on /home/airflow/.local/lib/python3.12/site-packages/airflow/example_dags/tutorial.py
[2024-11-11T19:00:15.255+0000] {processor.py:914} INFO - Processing file /home/airflow/.local/lib/python3.12/site-packages/airflow/example_dags/tutorial.py for tasks to queue
[2024-11-11T19:00:15.257+0000] {logging_mixin.py:190} INFO - [2024-11-11T19:00:15.257+0000] {dagbag.py:588} INFO - Filling up the DagBag from /home/airflow/.local/lib/python3.12/site-packages/airflow/example_dags/tutorial.py
[2024-11-11T19:00:15.264+0000] {processor.py:925} INFO - DAG(s) 'tutorial' retrieved from /home/airflow/.local/lib/python3.12/site-packages/airflow/example_dags/tutorial.py
[2024-11-11T19:00:15.280+0000] {logging_mixin.py:190} INFO - [2024-11-11T19:00:15.280+0000] {dag.py:3239} INFO - Sync 1 DAGs
[2024-11-11T19:00:15.300+0000] {logging_mixin.py:190} INFO - [2024-11-11T19:00:15.300+0000] {dag.py:4180} INFO - Setting next_dagrun for tutorial to 2024-11-10 00:00:00+00:00, run_after=2024-11-11 00:00:00+00:00
[2024-11-11T19:00:15.314+0000] {processor.py:208} INFO - Processing /home/airflow/.local/lib/python3.12/site-packages/airflow/example_dags/tutorial.py took 0.064 seconds
[2024-11-11T19:00:46.084+0000] {processor.py:186} INFO - Started process (PID=391) to work on /home/airflow/.local/lib/python3.12/site-packages/airflow/example_dags/tutorial.py
[2024-11-11T19:00:46.084+0000] {processor.py:914} INFO - Processing file /home/airflow/.local/lib/python3.12/site-packages/airflow/example_dags/tutorial.py for tasks to queue
[2024-11-11T19:00:46.086+0000] {logging_mixin.py:190} INFO - [2024-11-11T19:00:46.086+0000] {dagbag.py:588} INFO - Filling up the DagBag from /home/airflow/.local/lib/python3.12/site-packages/airflow/example_dags/tutorial.py
[2024-11-11T19:00:46.092+0000] {processor.py:925} INFO - DAG(s) 'tutorial' retrieved from /home/airflow/.local/lib/python3.12/site-packages/airflow/example_dags/tutorial.py
[2024-11-11T19:00:46.108+0000] {logging_mixin.py:190} INFO - [2024-11-11T19:00:46.108+0000] {dag.py:3239} INFO - Sync 1 DAGs
[2024-11-11T19:00:46.125+0000] {logging_mixin.py:190} INFO - [2024-11-11T19:00:46.125+0000] {dag.py:4180} INFO - Setting next_dagrun for tutorial to 2024-11-10 00:00:00+00:00, run_after=2024-11-11 00:00:00+00:00
[2024-11-11T19:00:46.138+0000] {processor.py:208} INFO - Processing /home/airflow/.local/lib/python3.12/site-packages/airflow/example_dags/tutorial.py took 0.059 seconds
[2024-11-11T19:01:16.529+0000] {processor.py:186} INFO - Started process (PID=456) to work on /home/airflow/.local/lib/python3.12/site-packages/airflow/example_dags/tutorial.py
[2024-11-11T19:01:16.530+0000] {processor.py:914} INFO - Processing file /home/airflow/.local/lib/python3.12/site-packages/airflow/example_dags/tutorial.py for tasks to queue
[2024-11-11T19:01:16.532+0000] {logging_mixin.py:190} INFO - [2024-11-11T19:01:16.532+0000] {dagbag.py:588} INFO - Filling up the DagBag from /home/airflow/.local/lib/python3.12/site-packages/airflow/example_dags/tutorial.py
[2024-11-11T19:01:16.537+0000] {processor.py:925} INFO - DAG(s) 'tutorial' retrieved from /home/airflow/.local/lib/python3.12/site-packages/airflow/example_dags/tutorial.py
[2024-11-11T19:01:16.555+0000] {logging_mixin.py:190} INFO - [2024-11-11T19:01:16.555+0000] {dag.py:3239} INFO - Sync 1 DAGs
[2024-11-11T19:01:16.582+0000] {logging_mixin.py:190} INFO - [2024-11-11T19:01:16.582+0000] {dag.py:4180} INFO - Setting next_dagrun for tutorial to 2024-11-10 00:00:00+00:00, run_after=2024-11-11 00:00:00+00:00
[2024-11-11T19:01:16.599+0000] {processor.py:208} INFO - Processing /home/airflow/.local/lib/python3.12/site-packages/airflow/example_dags/tutorial.py took 0.075 seconds
[2024-11-11T19:01:46.911+0000] {processor.py:186} INFO - Started process (PID=521) to work on /home/airflow/.local/lib/python3.12/site-packages/airflow/example_dags/tutorial.py
[2024-11-11T19:01:46.912+0000] {processor.py:914} INFO - Processing file /home/airflow/.local/lib/python3.12/site-packages/airflow/example_dags/tutorial.py for tasks to queue
[2024-11-11T19:01:46.915+0000] {logging_mixin.py:190} INFO - [2024-11-11T19:01:46.914+0000] {dagbag.py:588} INFO - Filling up the DagBag from /home/airflow/.local/lib/python3.12/site-packages/airflow/example_dags/tutorial.py
[2024-11-11T19:01:46.921+0000] {processor.py:925} INFO - DAG(s) 'tutorial' retrieved from /home/airflow/.local/lib/python3.12/site-packages/airflow/example_dags/tutorial.py
[2024-11-11T19:01:46.939+0000] {logging_mixin.py:190} INFO - [2024-11-11T19:01:46.938+0000] {dag.py:3239} INFO - Sync 1 DAGs
[2024-11-11T19:01:46.971+0000] {logging_mixin.py:190} INFO - [2024-11-11T19:01:46.970+0000] {dag.py:4180} INFO - Setting next_dagrun for tutorial to 2024-11-10 00:00:00+00:00, run_after=2024-11-11 00:00:00+00:00
[2024-11-11T19:01:46.986+0000] {processor.py:208} INFO - Processing /home/airflow/.local/lib/python3.12/site-packages/airflow/example_dags/tutorial.py took 0.079 seconds
[2024-11-11T19:02:17.378+0000] {processor.py:186} INFO - Started process (PID=586) to work on /home/airflow/.local/lib/python3.12/site-packages/airflow/example_dags/tutorial.py
[2024-11-11T19:02:17.379+0000] {processor.py:914} INFO - Processing file /home/airflow/.local/lib/python3.12/site-packages/airflow/example_dags/tutorial.py for tasks to queue
[2024-11-11T19:02:17.381+0000] {logging_mixin.py:190} INFO - [2024-11-11T19:02:17.380+0000] {dagbag.py:588} INFO - Filling up the DagBag from /home/airflow/.local/lib/python3.12/site-packages/airflow/example_dags/tutorial.py
[2024-11-11T19:02:17.390+0000] {processor.py:925} INFO - DAG(s) 'tutorial' retrieved from /home/airflow/.local/lib/python3.12/site-packages/airflow/example_dags/tutorial.py
[2024-11-11T19:02:17.406+0000] {logging_mixin.py:190} INFO - [2024-11-11T19:02:17.406+0000] {dag.py:3239} INFO - Sync 1 DAGs
[2024-11-11T19:02:17.430+0000] {logging_mixin.py:190} INFO - [2024-11-11T19:02:17.429+0000] {dag.py:4180} INFO - Setting next_dagrun for tutorial to 2024-11-10 00:00:00+00:00, run_after=2024-11-11 00:00:00+00:00
[2024-11-11T19:02:17.446+0000] {processor.py:208} INFO - Processing /home/airflow/.local/lib/python3.12/site-packages/airflow/example_dags/tutorial.py took 0.073 seconds
[2024-11-11T19:02:47.765+0000] {processor.py:186} INFO - Started process (PID=651) to work on /home/airflow/.local/lib/python3.12/site-packages/airflow/example_dags/tutorial.py
[2024-11-11T19:02:47.766+0000] {processor.py:914} INFO - Processing file /home/airflow/.local/lib/python3.12/site-packages/airflow/example_dags/tutorial.py for tasks to queue
[2024-11-11T19:02:47.768+0000] {logging_mixin.py:190} INFO - [2024-11-11T19:02:47.768+0000] {dagbag.py:588} INFO - Filling up the DagBag from /home/airflow/.local/lib/python3.12/site-packages/airflow/example_dags/tutorial.py
[2024-11-11T19:02:47.774+0000] {processor.py:925} INFO - DAG(s) 'tutorial' retrieved from /home/airflow/.local/lib/python3.12/site-packages/airflow/example_dags/tutorial.py
[2024-11-11T19:02:47.790+0000] {logging_mixin.py:190} INFO - [2024-11-11T19:02:47.790+0000] {dag.py:3239} INFO - Sync 1 DAGs
[2024-11-11T19:02:47.808+0000] {logging_mixin.py:190} INFO - [2024-11-11T19:02:47.808+0000] {dag.py:4180} INFO - Setting next_dagrun for tutorial to 2024-11-10 00:00:00+00:00, run_after=2024-11-11 00:00:00+00:00
[2024-11-11T19:02:47.831+0000] {processor.py:208} INFO - Processing /home/airflow/.local/lib/python3.12/site-packages/airflow/example_dags/tutorial.py took 0.070 seconds
[2024-11-11T19:03:18.152+0000] {processor.py:186} INFO - Started process (PID=716) to work on /home/airflow/.local/lib/python3.12/site-packages/airflow/example_dags/tutorial.py
[2024-11-11T19:03:18.153+0000] {processor.py:914} INFO - Processing file /home/airflow/.local/lib/python3.12/site-packages/airflow/example_dags/tutorial.py for tasks to queue
[2024-11-11T19:03:18.155+0000] {logging_mixin.py:190} INFO - [2024-11-11T19:03:18.154+0000] {dagbag.py:588} INFO - Filling up the DagBag from /home/airflow/.local/lib/python3.12/site-packages/airflow/example_dags/tutorial.py
[2024-11-11T19:03:18.161+0000] {processor.py:925} INFO - DAG(s) 'tutorial' retrieved from /home/airflow/.local/lib/python3.12/site-packages/airflow/example_dags/tutorial.py
[2024-11-11T19:03:18.177+0000] {logging_mixin.py:190} INFO - [2024-11-11T19:03:18.176+0000] {dag.py:3239} INFO - Sync 1 DAGs
[2024-11-11T19:03:18.197+0000] {logging_mixin.py:190} INFO - [2024-11-11T19:03:18.196+0000] {dag.py:4180} INFO - Setting next_dagrun for tutorial to 2024-11-10 00:00:00+00:00, run_after=2024-11-11 00:00:00+00:00
[2024-11-11T19:03:18.215+0000] {processor.py:208} INFO - Processing /home/airflow/.local/lib/python3.12/site-packages/airflow/example_dags/tutorial.py took 0.067 seconds
[2024-11-11T19:03:48.407+0000] {processor.py:186} INFO - Started process (PID=781) to work on /home/airflow/.local/lib/python3.12/site-packages/airflow/example_dags/tutorial.py
[2024-11-11T19:03:48.410+0000] {processor.py:914} INFO - Processing file /home/airflow/.local/lib/python3.12/site-packages/airflow/example_dags/tutorial.py for tasks to queue
[2024-11-11T19:03:48.412+0000] {logging_mixin.py:190} INFO - [2024-11-11T19:03:48.412+0000] {dagbag.py:588} INFO - Filling up the DagBag from /home/airflow/.local/lib/python3.12/site-packages/airflow/example_dags/tutorial.py
[2024-11-11T19:03:48.419+0000] {processor.py:925} INFO - DAG(s) 'tutorial' retrieved from /home/airflow/.local/lib/python3.12/site-packages/airflow/example_dags/tutorial.py
[2024-11-11T19:03:48.442+0000] {logging_mixin.py:190} INFO - [2024-11-11T19:03:48.442+0000] {dag.py:3239} INFO - Sync 1 DAGs
[2024-11-11T19:03:48.464+0000] {logging_mixin.py:190} INFO - [2024-11-11T19:03:48.464+0000] {dag.py:4180} INFO - Setting next_dagrun for tutorial to 2024-11-10 00:00:00+00:00, run_after=2024-11-11 00:00:00+00:00
[2024-11-11T19:03:48.479+0000] {processor.py:208} INFO - Processing /home/airflow/.local/lib/python3.12/site-packages/airflow/example_dags/tutorial.py took 0.076 seconds
[2024-11-11T19:04:18.926+0000] {processor.py:186} INFO - Started process (PID=846) to work on /home/airflow/.local/lib/python3.12/site-packages/airflow/example_dags/tutorial.py
[2024-11-11T19:04:18.927+0000] {processor.py:914} INFO - Processing file /home/airflow/.local/lib/python3.12/site-packages/airflow/example_dags/tutorial.py for tasks to queue
[2024-11-11T19:04:18.929+0000] {logging_mixin.py:190} INFO - [2024-11-11T19:04:18.929+0000] {dagbag.py:588} INFO - Filling up the DagBag from /home/airflow/.local/lib/python3.12/site-packages/airflow/example_dags/tutorial.py
[2024-11-11T19:04:18.935+0000] {processor.py:925} INFO - DAG(s) 'tutorial' retrieved from /home/airflow/.local/lib/python3.12/site-packages/airflow/example_dags/tutorial.py
[2024-11-11T19:04:18.953+0000] {logging_mixin.py:190} INFO - [2024-11-11T19:04:18.953+0000] {dag.py:3239} INFO - Sync 1 DAGs
[2024-11-11T19:04:18.983+0000] {logging_mixin.py:190} INFO - [2024-11-11T19:04:18.983+0000] {dag.py:4180} INFO - Setting next_dagrun for tutorial to 2024-11-10 00:00:00+00:00, run_after=2024-11-11 00:00:00+00:00
[2024-11-11T19:04:18.997+0000] {processor.py:208} INFO - Processing /home/airflow/.local/lib/python3.12/site-packages/airflow/example_dags/tutorial.py took 0.075 seconds
[2024-11-11T19:04:49.705+0000] {processor.py:186} INFO - Started process (PID=911) to work on /home/airflow/.local/lib/python3.12/site-packages/airflow/example_dags/tutorial.py
[2024-11-11T19:04:49.706+0000] {processor.py:914} INFO - Processing file /home/airflow/.local/lib/python3.12/site-packages/airflow/example_dags/tutorial.py for tasks to queue
[2024-11-11T19:04:49.710+0000] {logging_mixin.py:190} INFO - [2024-11-11T19:04:49.709+0000] {dagbag.py:588} INFO - Filling up the DagBag from /home/airflow/.local/lib/python3.12/site-packages/airflow/example_dags/tutorial.py
[2024-11-11T19:04:49.716+0000] {processor.py:925} INFO - DAG(s) 'tutorial' retrieved from /home/airflow/.local/lib/python3.12/site-packages/airflow/example_dags/tutorial.py
[2024-11-11T19:04:49.736+0000] {logging_mixin.py:190} INFO - [2024-11-11T19:04:49.736+0000] {dag.py:3239} INFO - Sync 1 DAGs
[2024-11-11T19:04:49.773+0000] {logging_mixin.py:190} INFO - [2024-11-11T19:04:49.773+0000] {dag.py:4180} INFO - Setting next_dagrun for tutorial to 2024-11-10 00:00:00+00:00, run_after=2024-11-11 00:00:00+00:00
[2024-11-11T19:04:49.794+0000] {processor.py:208} INFO - Processing /home/airflow/.local/lib/python3.12/site-packages/airflow/example_dags/tutorial.py took 0.093 seconds
[2024-11-11T19:05:20.328+0000] {processor.py:186} INFO - Started process (PID=976) to work on /home/airflow/.local/lib/python3.12/site-packages/airflow/example_dags/tutorial.py
[2024-11-11T19:05:20.333+0000] {processor.py:914} INFO - Processing file /home/airflow/.local/lib/python3.12/site-packages/airflow/example_dags/tutorial.py for tasks to queue
[2024-11-11T19:05:20.335+0000] {logging_mixin.py:190} INFO - [2024-11-11T19:05:20.335+0000] {dagbag.py:588} INFO - Filling up the DagBag from /home/airflow/.local/lib/python3.12/site-packages/airflow/example_dags/tutorial.py
[2024-11-11T19:05:20.341+0000] {processor.py:925} INFO - DAG(s) 'tutorial' retrieved from /home/airflow/.local/lib/python3.12/site-packages/airflow/example_dags/tutorial.py
[2024-11-11T19:05:20.371+0000] {logging_mixin.py:190} INFO - [2024-11-11T19:05:20.371+0000] {dag.py:3239} INFO - Sync 1 DAGs
[2024-11-11T19:05:20.420+0000] {logging_mixin.py:190} INFO - [2024-11-11T19:05:20.420+0000] {dag.py:4180} INFO - Setting next_dagrun for tutorial to 2024-11-10 00:00:00+00:00, run_after=2024-11-11 00:00:00+00:00
[2024-11-11T19:05:20.449+0000] {processor.py:208} INFO - Processing /home/airflow/.local/lib/python3.12/site-packages/airflow/example_dags/tutorial.py took 0.125 seconds
[2024-11-11T19:05:50.998+0000] {processor.py:186} INFO - Started process (PID=1041) to work on /home/airflow/.local/lib/python3.12/site-packages/airflow/example_dags/tutorial.py
[2024-11-11T19:05:50.999+0000] {processor.py:914} INFO - Processing file /home/airflow/.local/lib/python3.12/site-packages/airflow/example_dags/tutorial.py for tasks to queue
[2024-11-11T19:05:51.000+0000] {logging_mixin.py:190} INFO - [2024-11-11T19:05:51.000+0000] {dagbag.py:588} INFO - Filling up the DagBag from /home/airflow/.local/lib/python3.12/site-packages/airflow/example_dags/tutorial.py
[2024-11-11T19:05:51.006+0000] {processor.py:925} INFO - DAG(s) 'tutorial' retrieved from /home/airflow/.local/lib/python3.12/site-packages/airflow/example_dags/tutorial.py
[2024-11-11T19:05:51.026+0000] {logging_mixin.py:190} INFO - [2024-11-11T19:05:51.026+0000] {dag.py:3239} INFO - Sync 1 DAGs
[2024-11-11T19:05:51.048+0000] {logging_mixin.py:190} INFO - [2024-11-11T19:05:51.048+0000] {dag.py:4180} INFO - Setting next_dagrun for tutorial to 2024-11-10 00:00:00+00:00, run_after=2024-11-11 00:00:00+00:00
[2024-11-11T19:05:51.070+0000] {processor.py:208} INFO - Processing /home/airflow/.local/lib/python3.12/site-packages/airflow/example_dags/tutorial.py took 0.076 seconds
[2024-11-11T19:06:21.287+0000] {processor.py:186} INFO - Started process (PID=1107) to work on /home/airflow/.local/lib/python3.12/site-packages/airflow/example_dags/tutorial.py
[2024-11-11T19:06:21.288+0000] {processor.py:914} INFO - Processing file /home/airflow/.local/lib/python3.12/site-packages/airflow/example_dags/tutorial.py for tasks to queue
[2024-11-11T19:06:21.290+0000] {logging_mixin.py:190} INFO - [2024-11-11T19:06:21.290+0000] {dagbag.py:588} INFO - Filling up the DagBag from /home/airflow/.local/lib/python3.12/site-packages/airflow/example_dags/tutorial.py
[2024-11-11T19:06:21.298+0000] {processor.py:925} INFO - DAG(s) 'tutorial' retrieved from /home/airflow/.local/lib/python3.12/site-packages/airflow/example_dags/tutorial.py
[2024-11-11T19:06:21.317+0000] {logging_mixin.py:190} INFO - [2024-11-11T19:06:21.316+0000] {dag.py:3239} INFO - Sync 1 DAGs
[2024-11-11T19:06:21.338+0000] {logging_mixin.py:190} INFO - [2024-11-11T19:06:21.338+0000] {dag.py:4180} INFO - Setting next_dagrun for tutorial to 2024-11-10 00:00:00+00:00, run_after=2024-11-11 00:00:00+00:00
[2024-11-11T19:06:21.355+0000] {processor.py:208} INFO - Processing /home/airflow/.local/lib/python3.12/site-packages/airflow/example_dags/tutorial.py took 0.072 seconds
[2024-11-11T19:06:52.198+0000] {processor.py:186} INFO - Started process (PID=1173) to work on /home/airflow/.local/lib/python3.12/site-packages/airflow/example_dags/tutorial.py
[2024-11-11T19:06:52.199+0000] {processor.py:914} INFO - Processing file /home/airflow/.local/lib/python3.12/site-packages/airflow/example_dags/tutorial.py for tasks to queue
[2024-11-11T19:06:52.200+0000] {logging_mixin.py:190} INFO - [2024-11-11T19:06:52.200+0000] {dagbag.py:588} INFO - Filling up the DagBag from /home/airflow/.local/lib/python3.12/site-packages/airflow/example_dags/tutorial.py
[2024-11-11T19:06:52.211+0000] {processor.py:925} INFO - DAG(s) 'tutorial' retrieved from /home/airflow/.local/lib/python3.12/site-packages/airflow/example_dags/tutorial.py
[2024-11-11T19:06:52.227+0000] {logging_mixin.py:190} INFO - [2024-11-11T19:06:52.227+0000] {dag.py:3239} INFO - Sync 1 DAGs
[2024-11-11T19:06:52.245+0000] {logging_mixin.py:190} INFO - [2024-11-11T19:06:52.245+0000] {dag.py:4180} INFO - Setting next_dagrun for tutorial to 2024-11-10 00:00:00+00:00, run_after=2024-11-11 00:00:00+00:00
[2024-11-11T19:06:52.259+0000] {processor.py:208} INFO - Processing /home/airflow/.local/lib/python3.12/site-packages/airflow/example_dags/tutorial.py took 0.066 seconds
[2024-11-11T19:07:22.985+0000] {processor.py:186} INFO - Started process (PID=1238) to work on /home/airflow/.local/lib/python3.12/site-packages/airflow/example_dags/tutorial.py
[2024-11-11T19:07:22.985+0000] {processor.py:914} INFO - Processing file /home/airflow/.local/lib/python3.12/site-packages/airflow/example_dags/tutorial.py for tasks to queue
[2024-11-11T19:07:22.987+0000] {logging_mixin.py:190} INFO - [2024-11-11T19:07:22.987+0000] {dagbag.py:588} INFO - Filling up the DagBag from /home/airflow/.local/lib/python3.12/site-packages/airflow/example_dags/tutorial.py
[2024-11-11T19:07:22.995+0000] {processor.py:925} INFO - DAG(s) 'tutorial' retrieved from /home/airflow/.local/lib/python3.12/site-packages/airflow/example_dags/tutorial.py
[2024-11-11T19:07:23.021+0000] {logging_mixin.py:190} INFO - [2024-11-11T19:07:23.021+0000] {dag.py:3239} INFO - Sync 1 DAGs
[2024-11-11T19:07:23.042+0000] {logging_mixin.py:190} INFO - [2024-11-11T19:07:23.042+0000] {dag.py:4180} INFO - Setting next_dagrun for tutorial to 2024-11-10 00:00:00+00:00, run_after=2024-11-11 00:00:00+00:00
[2024-11-11T19:07:23.058+0000] {processor.py:208} INFO - Processing /home/airflow/.local/lib/python3.12/site-packages/airflow/example_dags/tutorial.py took 0.078 seconds
[2024-11-11T19:07:53.334+0000] {processor.py:186} INFO - Started process (PID=1303) to work on /home/airflow/.local/lib/python3.12/site-packages/airflow/example_dags/tutorial.py
[2024-11-11T19:07:53.335+0000] {processor.py:914} INFO - Processing file /home/airflow/.local/lib/python3.12/site-packages/airflow/example_dags/tutorial.py for tasks to queue
[2024-11-11T19:07:53.337+0000] {logging_mixin.py:190} INFO - [2024-11-11T19:07:53.337+0000] {dagbag.py:588} INFO - Filling up the DagBag from /home/airflow/.local/lib/python3.12/site-packages/airflow/example_dags/tutorial.py
[2024-11-11T19:07:53.346+0000] {processor.py:925} INFO - DAG(s) 'tutorial' retrieved from /home/airflow/.local/lib/python3.12/site-packages/airflow/example_dags/tutorial.py
[2024-11-11T19:07:53.372+0000] {logging_mixin.py:190} INFO - [2024-11-11T19:07:53.371+0000] {dag.py:3239} INFO - Sync 1 DAGs
[2024-11-11T19:07:53.408+0000] {logging_mixin.py:190} INFO - [2024-11-11T19:07:53.407+0000] {dag.py:4180} INFO - Setting next_dagrun for tutorial to 2024-11-10 00:00:00+00:00, run_after=2024-11-11 00:00:00+00:00
[2024-11-11T19:07:53.428+0000] {processor.py:208} INFO - Processing /home/airflow/.local/lib/python3.12/site-packages/airflow/example_dags/tutorial.py took 0.098 seconds
[2024-11-11T19:08:23.933+0000] {processor.py:186} INFO - Started process (PID=1368) to work on /home/airflow/.local/lib/python3.12/site-packages/airflow/example_dags/tutorial.py
[2024-11-11T19:08:23.933+0000] {processor.py:914} INFO - Processing file /home/airflow/.local/lib/python3.12/site-packages/airflow/example_dags/tutorial.py for tasks to queue
[2024-11-11T19:08:23.935+0000] {logging_mixin.py:190} INFO - [2024-11-11T19:08:23.935+0000] {dagbag.py:588} INFO - Filling up the DagBag from /home/airflow/.local/lib/python3.12/site-packages/airflow/example_dags/tutorial.py
[2024-11-11T19:08:23.943+0000] {processor.py:925} INFO - DAG(s) 'tutorial' retrieved from /home/airflow/.local/lib/python3.12/site-packages/airflow/example_dags/tutorial.py
[2024-11-11T19:08:23.962+0000] {logging_mixin.py:190} INFO - [2024-11-11T19:08:23.962+0000] {dag.py:3239} INFO - Sync 1 DAGs
[2024-11-11T19:08:23.986+0000] {logging_mixin.py:190} INFO - [2024-11-11T19:08:23.985+0000] {dag.py:4180} INFO - Setting next_dagrun for tutorial to 2024-11-10 00:00:00+00:00, run_after=2024-11-11 00:00:00+00:00
[2024-11-11T19:08:24.008+0000] {processor.py:208} INFO - Processing /home/airflow/.local/lib/python3.12/site-packages/airflow/example_dags/tutorial.py took 0.080 seconds
[2024-11-11T19:08:54.437+0000] {processor.py:186} INFO - Started process (PID=1432) to work on /home/airflow/.local/lib/python3.12/site-packages/airflow/example_dags/tutorial.py
[2024-11-11T19:08:54.438+0000] {processor.py:914} INFO - Processing file /home/airflow/.local/lib/python3.12/site-packages/airflow/example_dags/tutorial.py for tasks to queue
[2024-11-11T19:08:54.440+0000] {logging_mixin.py:190} INFO - [2024-11-11T19:08:54.440+0000] {dagbag.py:588} INFO - Filling up the DagBag from /home/airflow/.local/lib/python3.12/site-packages/airflow/example_dags/tutorial.py
[2024-11-11T19:08:54.449+0000] {processor.py:925} INFO - DAG(s) 'tutorial' retrieved from /home/airflow/.local/lib/python3.12/site-packages/airflow/example_dags/tutorial.py
[2024-11-11T19:08:54.465+0000] {logging_mixin.py:190} INFO - [2024-11-11T19:08:54.465+0000] {dag.py:3239} INFO - Sync 1 DAGs
[2024-11-11T19:08:54.487+0000] {logging_mixin.py:190} INFO - [2024-11-11T19:08:54.487+0000] {dag.py:4180} INFO - Setting next_dagrun for tutorial to 2024-11-10 00:00:00+00:00, run_after=2024-11-11 00:00:00+00:00
[2024-11-11T19:08:54.502+0000] {processor.py:208} INFO - Processing /home/airflow/.local/lib/python3.12/site-packages/airflow/example_dags/tutorial.py took 0.072 seconds
[2024-11-11T19:09:25.323+0000] {processor.py:186} INFO - Started process (PID=1497) to work on /home/airflow/.local/lib/python3.12/site-packages/airflow/example_dags/tutorial.py
[2024-11-11T19:09:25.326+0000] {processor.py:914} INFO - Processing file /home/airflow/.local/lib/python3.12/site-packages/airflow/example_dags/tutorial.py for tasks to queue
[2024-11-11T19:09:25.327+0000] {logging_mixin.py:190} INFO - [2024-11-11T19:09:25.327+0000] {dagbag.py:588} INFO - Filling up the DagBag from /home/airflow/.local/lib/python3.12/site-packages/airflow/example_dags/tutorial.py
[2024-11-11T19:09:25.342+0000] {processor.py:925} INFO - DAG(s) 'tutorial' retrieved from /home/airflow/.local/lib/python3.12/site-packages/airflow/example_dags/tutorial.py
[2024-11-11T19:09:25.367+0000] {logging_mixin.py:190} INFO - [2024-11-11T19:09:25.366+0000] {dag.py:3239} INFO - Sync 1 DAGs
[2024-11-11T19:09:25.395+0000] {logging_mixin.py:190} INFO - [2024-11-11T19:09:25.395+0000] {dag.py:4180} INFO - Setting next_dagrun for tutorial to 2024-11-10 00:00:00+00:00, run_after=2024-11-11 00:00:00+00:00
[2024-11-11T19:09:25.413+0000] {processor.py:208} INFO - Processing /home/airflow/.local/lib/python3.12/site-packages/airflow/example_dags/tutorial.py took 0.096 seconds
[2024-11-11T19:09:56.064+0000] {processor.py:186} INFO - Started process (PID=1562) to work on /home/airflow/.local/lib/python3.12/site-packages/airflow/example_dags/tutorial.py
[2024-11-11T19:09:56.065+0000] {processor.py:914} INFO - Processing file /home/airflow/.local/lib/python3.12/site-packages/airflow/example_dags/tutorial.py for tasks to queue
[2024-11-11T19:09:56.067+0000] {logging_mixin.py:190} INFO - [2024-11-11T19:09:56.067+0000] {dagbag.py:588} INFO - Filling up the DagBag from /home/airflow/.local/lib/python3.12/site-packages/airflow/example_dags/tutorial.py
[2024-11-11T19:09:56.074+0000] {processor.py:925} INFO - DAG(s) 'tutorial' retrieved from /home/airflow/.local/lib/python3.12/site-packages/airflow/example_dags/tutorial.py
[2024-11-11T19:09:56.091+0000] {logging_mixin.py:190} INFO - [2024-11-11T19:09:56.091+0000] {dag.py:3239} INFO - Sync 1 DAGs
[2024-11-11T19:09:56.112+0000] {logging_mixin.py:190} INFO - [2024-11-11T19:09:56.112+0000] {dag.py:4180} INFO - Setting next_dagrun for tutorial to 2024-11-10 00:00:00+00:00, run_after=2024-11-11 00:00:00+00:00
[2024-11-11T19:09:56.136+0000] {processor.py:208} INFO - Processing /home/airflow/.local/lib/python3.12/site-packages/airflow/example_dags/tutorial.py took 0.076 seconds
[2024-11-11T19:10:26.910+0000] {processor.py:186} INFO - Started process (PID=1627) to work on /home/airflow/.local/lib/python3.12/site-packages/airflow/example_dags/tutorial.py
[2024-11-11T19:10:26.911+0000] {processor.py:914} INFO - Processing file /home/airflow/.local/lib/python3.12/site-packages/airflow/example_dags/tutorial.py for tasks to queue
[2024-11-11T19:10:26.913+0000] {logging_mixin.py:190} INFO - [2024-11-11T19:10:26.913+0000] {dagbag.py:588} INFO - Filling up the DagBag from /home/airflow/.local/lib/python3.12/site-packages/airflow/example_dags/tutorial.py
[2024-11-11T19:10:26.923+0000] {processor.py:925} INFO - DAG(s) 'tutorial' retrieved from /home/airflow/.local/lib/python3.12/site-packages/airflow/example_dags/tutorial.py
[2024-11-11T19:10:26.944+0000] {logging_mixin.py:190} INFO - [2024-11-11T19:10:26.943+0000] {dag.py:3239} INFO - Sync 1 DAGs
[2024-11-11T19:10:26.967+0000] {logging_mixin.py:190} INFO - [2024-11-11T19:10:26.966+0000] {dag.py:4180} INFO - Setting next_dagrun for tutorial to 2024-11-10 00:00:00+00:00, run_after=2024-11-11 00:00:00+00:00
[2024-11-11T19:10:26.982+0000] {processor.py:208} INFO - Processing /home/airflow/.local/lib/python3.12/site-packages/airflow/example_dags/tutorial.py took 0.077 seconds
[2024-11-11T19:10:58.083+0000] {processor.py:186} INFO - Started process (PID=1692) to work on /home/airflow/.local/lib/python3.12/site-packages/airflow/example_dags/tutorial.py
[2024-11-11T19:10:58.084+0000] {processor.py:914} INFO - Processing file /home/airflow/.local/lib/python3.12/site-packages/airflow/example_dags/tutorial.py for tasks to queue
[2024-11-11T19:10:58.099+0000] {logging_mixin.py:190} INFO - [2024-11-11T19:10:58.099+0000] {dagbag.py:588} INFO - Filling up the DagBag from /home/airflow/.local/lib/python3.12/site-packages/airflow/example_dags/tutorial.py
[2024-11-11T19:10:58.107+0000] {processor.py:925} INFO - DAG(s) 'tutorial' retrieved from /home/airflow/.local/lib/python3.12/site-packages/airflow/example_dags/tutorial.py
[2024-11-11T19:10:58.127+0000] {logging_mixin.py:190} INFO - [2024-11-11T19:10:58.127+0000] {dag.py:3239} INFO - Sync 1 DAGs
[2024-11-11T19:10:58.154+0000] {logging_mixin.py:190} INFO - [2024-11-11T19:10:58.154+0000] {dag.py:4180} INFO - Setting next_dagrun for tutorial to 2024-11-10 00:00:00+00:00, run_after=2024-11-11 00:00:00+00:00
[2024-11-11T19:10:58.170+0000] {processor.py:208} INFO - Processing /home/airflow/.local/lib/python3.12/site-packages/airflow/example_dags/tutorial.py took 0.093 seconds
[2024-11-11T19:11:28.386+0000] {processor.py:186} INFO - Started process (PID=1757) to work on /home/airflow/.local/lib/python3.12/site-packages/airflow/example_dags/tutorial.py
[2024-11-11T19:11:28.387+0000] {processor.py:914} INFO - Processing file /home/airflow/.local/lib/python3.12/site-packages/airflow/example_dags/tutorial.py for tasks to queue
[2024-11-11T19:11:28.389+0000] {logging_mixin.py:190} INFO - [2024-11-11T19:11:28.389+0000] {dagbag.py:588} INFO - Filling up the DagBag from /home/airflow/.local/lib/python3.12/site-packages/airflow/example_dags/tutorial.py
[2024-11-11T19:11:28.398+0000] {processor.py:925} INFO - DAG(s) 'tutorial' retrieved from /home/airflow/.local/lib/python3.12/site-packages/airflow/example_dags/tutorial.py
[2024-11-11T19:11:28.416+0000] {logging_mixin.py:190} INFO - [2024-11-11T19:11:28.415+0000] {dag.py:3239} INFO - Sync 1 DAGs
[2024-11-11T19:11:28.436+0000] {logging_mixin.py:190} INFO - [2024-11-11T19:11:28.435+0000] {dag.py:4180} INFO - Setting next_dagrun for tutorial to 2024-11-10 00:00:00+00:00, run_after=2024-11-11 00:00:00+00:00
[2024-11-11T19:11:28.449+0000] {processor.py:208} INFO - Processing /home/airflow/.local/lib/python3.12/site-packages/airflow/example_dags/tutorial.py took 0.068 seconds
[2024-11-11T19:11:59.308+0000] {processor.py:186} INFO - Started process (PID=1822) to work on /home/airflow/.local/lib/python3.12/site-packages/airflow/example_dags/tutorial.py
[2024-11-11T19:11:59.309+0000] {processor.py:914} INFO - Processing file /home/airflow/.local/lib/python3.12/site-packages/airflow/example_dags/tutorial.py for tasks to queue
[2024-11-11T19:11:59.310+0000] {logging_mixin.py:190} INFO - [2024-11-11T19:11:59.310+0000] {dagbag.py:588} INFO - Filling up the DagBag from /home/airflow/.local/lib/python3.12/site-packages/airflow/example_dags/tutorial.py
[2024-11-11T19:11:59.317+0000] {processor.py:925} INFO - DAG(s) 'tutorial' retrieved from /home/airflow/.local/lib/python3.12/site-packages/airflow/example_dags/tutorial.py
[2024-11-11T19:11:59.331+0000] {logging_mixin.py:190} INFO - [2024-11-11T19:11:59.331+0000] {dag.py:3239} INFO - Sync 1 DAGs
[2024-11-11T19:11:59.349+0000] {logging_mixin.py:190} INFO - [2024-11-11T19:11:59.349+0000] {dag.py:4180} INFO - Setting next_dagrun for tutorial to 2024-11-10 00:00:00+00:00, run_after=2024-11-11 00:00:00+00:00
[2024-11-11T19:11:59.364+0000] {processor.py:208} INFO - Processing /home/airflow/.local/lib/python3.12/site-packages/airflow/example_dags/tutorial.py took 0.060 seconds
[2024-11-11T19:12:29.937+0000] {processor.py:186} INFO - Started process (PID=1887) to work on /home/airflow/.local/lib/python3.12/site-packages/airflow/example_dags/tutorial.py
[2024-11-11T19:12:29.938+0000] {processor.py:914} INFO - Processing file /home/airflow/.local/lib/python3.12/site-packages/airflow/example_dags/tutorial.py for tasks to queue
[2024-11-11T19:12:29.940+0000] {logging_mixin.py:190} INFO - [2024-11-11T19:12:29.940+0000] {dagbag.py:588} INFO - Filling up the DagBag from /home/airflow/.local/lib/python3.12/site-packages/airflow/example_dags/tutorial.py
[2024-11-11T19:12:29.954+0000] {processor.py:925} INFO - DAG(s) 'tutorial' retrieved from /home/airflow/.local/lib/python3.12/site-packages/airflow/example_dags/tutorial.py
[2024-11-11T19:12:29.969+0000] {logging_mixin.py:190} INFO - [2024-11-11T19:12:29.969+0000] {dag.py:3239} INFO - Sync 1 DAGs
[2024-11-11T19:12:29.988+0000] {logging_mixin.py:190} INFO - [2024-11-11T19:12:29.988+0000] {dag.py:4180} INFO - Setting next_dagrun for tutorial to 2024-11-10 00:00:00+00:00, run_after=2024-11-11 00:00:00+00:00
[2024-11-11T19:12:30.001+0000] {processor.py:208} INFO - Processing /home/airflow/.local/lib/python3.12/site-packages/airflow/example_dags/tutorial.py took 0.072 seconds
[2024-11-11T19:13:00.369+0000] {processor.py:186} INFO - Started process (PID=1952) to work on /home/airflow/.local/lib/python3.12/site-packages/airflow/example_dags/tutorial.py
[2024-11-11T19:13:00.370+0000] {processor.py:914} INFO - Processing file /home/airflow/.local/lib/python3.12/site-packages/airflow/example_dags/tutorial.py for tasks to queue
[2024-11-11T19:13:00.371+0000] {logging_mixin.py:190} INFO - [2024-11-11T19:13:00.371+0000] {dagbag.py:588} INFO - Filling up the DagBag from /home/airflow/.local/lib/python3.12/site-packages/airflow/example_dags/tutorial.py
[2024-11-11T19:13:00.378+0000] {processor.py:925} INFO - DAG(s) 'tutorial' retrieved from /home/airflow/.local/lib/python3.12/site-packages/airflow/example_dags/tutorial.py
[2024-11-11T19:13:00.405+0000] {logging_mixin.py:190} INFO - [2024-11-11T19:13:00.405+0000] {dag.py:3239} INFO - Sync 1 DAGs
[2024-11-11T19:13:00.427+0000] {logging_mixin.py:190} INFO - [2024-11-11T19:13:00.426+0000] {dag.py:4180} INFO - Setting next_dagrun for tutorial to 2024-11-10 00:00:00+00:00, run_after=2024-11-11 00:00:00+00:00
[2024-11-11T19:13:00.451+0000] {processor.py:208} INFO - Processing /home/airflow/.local/lib/python3.12/site-packages/airflow/example_dags/tutorial.py took 0.087 seconds
[2024-11-11T19:13:30.898+0000] {processor.py:186} INFO - Started process (PID=2018) to work on /home/airflow/.local/lib/python3.12/site-packages/airflow/example_dags/tutorial.py
[2024-11-11T19:13:30.899+0000] {processor.py:914} INFO - Processing file /home/airflow/.local/lib/python3.12/site-packages/airflow/example_dags/tutorial.py for tasks to queue
[2024-11-11T19:13:30.901+0000] {logging_mixin.py:190} INFO - [2024-11-11T19:13:30.900+0000] {dagbag.py:588} INFO - Filling up the DagBag from /home/airflow/.local/lib/python3.12/site-packages/airflow/example_dags/tutorial.py
[2024-11-11T19:13:30.908+0000] {processor.py:925} INFO - DAG(s) 'tutorial' retrieved from /home/airflow/.local/lib/python3.12/site-packages/airflow/example_dags/tutorial.py
[2024-11-11T19:13:30.928+0000] {logging_mixin.py:190} INFO - [2024-11-11T19:13:30.927+0000] {dag.py:3239} INFO - Sync 1 DAGs
[2024-11-11T19:13:30.947+0000] {logging_mixin.py:190} INFO - [2024-11-11T19:13:30.947+0000] {dag.py:4180} INFO - Setting next_dagrun for tutorial to 2024-11-10 00:00:00+00:00, run_after=2024-11-11 00:00:00+00:00
[2024-11-11T19:13:30.963+0000] {processor.py:208} INFO - Processing /home/airflow/.local/lib/python3.12/site-packages/airflow/example_dags/tutorial.py took 0.069 seconds
[2024-11-11T19:14:01.307+0000] {processor.py:186} INFO - Started process (PID=2085) to work on /home/airflow/.local/lib/python3.12/site-packages/airflow/example_dags/tutorial.py
[2024-11-11T19:14:01.308+0000] {processor.py:914} INFO - Processing file /home/airflow/.local/lib/python3.12/site-packages/airflow/example_dags/tutorial.py for tasks to queue
[2024-11-11T19:14:01.310+0000] {logging_mixin.py:190} INFO - [2024-11-11T19:14:01.310+0000] {dagbag.py:588} INFO - Filling up the DagBag from /home/airflow/.local/lib/python3.12/site-packages/airflow/example_dags/tutorial.py
[2024-11-11T19:14:01.316+0000] {processor.py:925} INFO - DAG(s) 'tutorial' retrieved from /home/airflow/.local/lib/python3.12/site-packages/airflow/example_dags/tutorial.py
[2024-11-11T19:14:01.332+0000] {logging_mixin.py:190} INFO - [2024-11-11T19:14:01.331+0000] {dag.py:3239} INFO - Sync 1 DAGs
[2024-11-11T19:14:01.349+0000] {logging_mixin.py:190} INFO - [2024-11-11T19:14:01.349+0000] {dag.py:4180} INFO - Setting next_dagrun for tutorial to 2024-11-10 00:00:00+00:00, run_after=2024-11-11 00:00:00+00:00
[2024-11-11T19:14:01.362+0000] {processor.py:208} INFO - Processing /home/airflow/.local/lib/python3.12/site-packages/airflow/example_dags/tutorial.py took 0.059 seconds
[2024-11-11T19:14:31.980+0000] {processor.py:186} INFO - Started process (PID=2152) to work on /home/airflow/.local/lib/python3.12/site-packages/airflow/example_dags/tutorial.py
[2024-11-11T19:14:31.983+0000] {processor.py:914} INFO - Processing file /home/airflow/.local/lib/python3.12/site-packages/airflow/example_dags/tutorial.py for tasks to queue
[2024-11-11T19:14:31.985+0000] {logging_mixin.py:190} INFO - [2024-11-11T19:14:31.985+0000] {dagbag.py:588} INFO - Filling up the DagBag from /home/airflow/.local/lib/python3.12/site-packages/airflow/example_dags/tutorial.py
[2024-11-11T19:14:31.993+0000] {processor.py:925} INFO - DAG(s) 'tutorial' retrieved from /home/airflow/.local/lib/python3.12/site-packages/airflow/example_dags/tutorial.py
[2024-11-11T19:14:32.074+0000] {logging_mixin.py:190} INFO - [2024-11-11T19:14:32.073+0000] {dag.py:3239} INFO - Sync 1 DAGs
[2024-11-11T19:14:32.142+0000] {logging_mixin.py:190} INFO - [2024-11-11T19:14:32.142+0000] {dag.py:4180} INFO - Setting next_dagrun for tutorial to 2024-11-10 00:00:00+00:00, run_after=2024-11-11 00:00:00+00:00
[2024-11-11T19:14:32.219+0000] {processor.py:208} INFO - Processing /home/airflow/.local/lib/python3.12/site-packages/airflow/example_dags/tutorial.py took 0.254 seconds
[2024-11-11T19:15:02.970+0000] {processor.py:186} INFO - Started process (PID=2217) to work on /home/airflow/.local/lib/python3.12/site-packages/airflow/example_dags/tutorial.py
[2024-11-11T19:15:02.970+0000] {processor.py:914} INFO - Processing file /home/airflow/.local/lib/python3.12/site-packages/airflow/example_dags/tutorial.py for tasks to queue
[2024-11-11T19:15:02.972+0000] {logging_mixin.py:190} INFO - [2024-11-11T19:15:02.972+0000] {dagbag.py:588} INFO - Filling up the DagBag from /home/airflow/.local/lib/python3.12/site-packages/airflow/example_dags/tutorial.py
[2024-11-11T19:15:02.979+0000] {processor.py:925} INFO - DAG(s) 'tutorial' retrieved from /home/airflow/.local/lib/python3.12/site-packages/airflow/example_dags/tutorial.py
[2024-11-11T19:15:02.997+0000] {logging_mixin.py:190} INFO - [2024-11-11T19:15:02.997+0000] {dag.py:3239} INFO - Sync 1 DAGs
[2024-11-11T19:15:03.018+0000] {logging_mixin.py:190} INFO - [2024-11-11T19:15:03.017+0000] {dag.py:4180} INFO - Setting next_dagrun for tutorial to 2024-11-10 00:00:00+00:00, run_after=2024-11-11 00:00:00+00:00
[2024-11-11T19:15:03.033+0000] {processor.py:208} INFO - Processing /home/airflow/.local/lib/python3.12/site-packages/airflow/example_dags/tutorial.py took 0.067 seconds
[2024-11-11T19:15:33.491+0000] {processor.py:186} INFO - Started process (PID=2282) to work on /home/airflow/.local/lib/python3.12/site-packages/airflow/example_dags/tutorial.py
[2024-11-11T19:15:33.492+0000] {processor.py:914} INFO - Processing file /home/airflow/.local/lib/python3.12/site-packages/airflow/example_dags/tutorial.py for tasks to queue
[2024-11-11T19:15:33.494+0000] {logging_mixin.py:190} INFO - [2024-11-11T19:15:33.494+0000] {dagbag.py:588} INFO - Filling up the DagBag from /home/airflow/.local/lib/python3.12/site-packages/airflow/example_dags/tutorial.py
[2024-11-11T19:15:33.500+0000] {processor.py:925} INFO - DAG(s) 'tutorial' retrieved from /home/airflow/.local/lib/python3.12/site-packages/airflow/example_dags/tutorial.py
[2024-11-11T19:15:33.516+0000] {logging_mixin.py:190} INFO - [2024-11-11T19:15:33.516+0000] {dag.py:3239} INFO - Sync 1 DAGs
[2024-11-11T19:15:33.535+0000] {logging_mixin.py:190} INFO - [2024-11-11T19:15:33.535+0000] {dag.py:4180} INFO - Setting next_dagrun for tutorial to 2024-11-10 00:00:00+00:00, run_after=2024-11-11 00:00:00+00:00
[2024-11-11T19:15:33.551+0000] {processor.py:208} INFO - Processing /home/airflow/.local/lib/python3.12/site-packages/airflow/example_dags/tutorial.py took 0.064 seconds
[2024-11-11T19:17:23.577+0000] {processor.py:186} INFO - Started process (PID=67) to work on /home/airflow/.local/lib/python3.12/site-packages/airflow/example_dags/tutorial.py
[2024-11-11T19:17:23.582+0000] {processor.py:914} INFO - Processing file /home/airflow/.local/lib/python3.12/site-packages/airflow/example_dags/tutorial.py for tasks to queue
[2024-11-11T19:17:23.613+0000] {logging_mixin.py:190} INFO - [2024-11-11T19:17:23.602+0000] {dagbag.py:588} INFO - Filling up the DagBag from /home/airflow/.local/lib/python3.12/site-packages/airflow/example_dags/tutorial.py
[2024-11-11T19:17:23.621+0000] {processor.py:925} INFO - DAG(s) 'tutorial' retrieved from /home/airflow/.local/lib/python3.12/site-packages/airflow/example_dags/tutorial.py
[2024-11-11T19:17:23.698+0000] {logging_mixin.py:190} INFO - [2024-11-11T19:17:23.690+0000] {dag.py:3239} INFO - Sync 1 DAGs
[2024-11-11T19:17:23.751+0000] {logging_mixin.py:190} INFO - [2024-11-11T19:17:23.749+0000] {dag.py:4180} INFO - Setting next_dagrun for tutorial to 2024-11-10 00:00:00+00:00, run_after=2024-11-11 00:00:00+00:00
[2024-11-11T19:17:23.834+0000] {processor.py:208} INFO - Processing /home/airflow/.local/lib/python3.12/site-packages/airflow/example_dags/tutorial.py took 0.264 seconds
[2024-11-11T19:18:15.807+0000] {processor.py:186} INFO - Started process (PID=139) to work on /home/airflow/.local/lib/python3.12/site-packages/airflow/example_dags/tutorial.py
[2024-11-11T19:18:15.808+0000] {processor.py:914} INFO - Processing file /home/airflow/.local/lib/python3.12/site-packages/airflow/example_dags/tutorial.py for tasks to queue
[2024-11-11T19:18:15.811+0000] {logging_mixin.py:190} INFO - [2024-11-11T19:18:15.810+0000] {dagbag.py:588} INFO - Filling up the DagBag from /home/airflow/.local/lib/python3.12/site-packages/airflow/example_dags/tutorial.py
[2024-11-11T19:18:15.823+0000] {processor.py:925} INFO - DAG(s) 'tutorial' retrieved from /home/airflow/.local/lib/python3.12/site-packages/airflow/example_dags/tutorial.py
[2024-11-11T19:18:15.874+0000] {logging_mixin.py:190} INFO - [2024-11-11T19:18:15.873+0000] {dag.py:3239} INFO - Sync 1 DAGs
[2024-11-11T19:18:15.908+0000] {logging_mixin.py:190} INFO - [2024-11-11T19:18:15.907+0000] {dag.py:4180} INFO - Setting next_dagrun for tutorial to 2024-11-10 00:00:00+00:00, run_after=2024-11-11 00:00:00+00:00
[2024-11-11T19:18:15.942+0000] {processor.py:208} INFO - Processing /home/airflow/.local/lib/python3.12/site-packages/airflow/example_dags/tutorial.py took 0.139 seconds
[2024-11-11T19:18:46.704+0000] {processor.py:186} INFO - Started process (PID=205) to work on /home/airflow/.local/lib/python3.12/site-packages/airflow/example_dags/tutorial.py
[2024-11-11T19:18:46.707+0000] {processor.py:914} INFO - Processing file /home/airflow/.local/lib/python3.12/site-packages/airflow/example_dags/tutorial.py for tasks to queue
[2024-11-11T19:18:46.712+0000] {logging_mixin.py:190} INFO - [2024-11-11T19:18:46.712+0000] {dagbag.py:588} INFO - Filling up the DagBag from /home/airflow/.local/lib/python3.12/site-packages/airflow/example_dags/tutorial.py
[2024-11-11T19:18:46.728+0000] {processor.py:925} INFO - DAG(s) 'tutorial' retrieved from /home/airflow/.local/lib/python3.12/site-packages/airflow/example_dags/tutorial.py
[2024-11-11T19:18:46.750+0000] {logging_mixin.py:190} INFO - [2024-11-11T19:18:46.749+0000] {dag.py:3239} INFO - Sync 1 DAGs
[2024-11-11T19:18:46.796+0000] {logging_mixin.py:190} INFO - [2024-11-11T19:18:46.796+0000] {dag.py:4180} INFO - Setting next_dagrun for tutorial to 2024-11-10 00:00:00+00:00, run_after=2024-11-11 00:00:00+00:00
[2024-11-11T19:18:46.824+0000] {processor.py:208} INFO - Processing /home/airflow/.local/lib/python3.12/site-packages/airflow/example_dags/tutorial.py took 0.124 seconds
[2024-11-11T19:19:17.660+0000] {processor.py:186} INFO - Started process (PID=270) to work on /home/airflow/.local/lib/python3.12/site-packages/airflow/example_dags/tutorial.py
[2024-11-11T19:19:17.661+0000] {processor.py:914} INFO - Processing file /home/airflow/.local/lib/python3.12/site-packages/airflow/example_dags/tutorial.py for tasks to queue
[2024-11-11T19:19:17.663+0000] {logging_mixin.py:190} INFO - [2024-11-11T19:19:17.663+0000] {dagbag.py:588} INFO - Filling up the DagBag from /home/airflow/.local/lib/python3.12/site-packages/airflow/example_dags/tutorial.py
[2024-11-11T19:19:17.670+0000] {processor.py:925} INFO - DAG(s) 'tutorial' retrieved from /home/airflow/.local/lib/python3.12/site-packages/airflow/example_dags/tutorial.py
[2024-11-11T19:19:17.699+0000] {logging_mixin.py:190} INFO - [2024-11-11T19:19:17.699+0000] {dag.py:3239} INFO - Sync 1 DAGs
[2024-11-11T19:19:17.717+0000] {logging_mixin.py:190} INFO - [2024-11-11T19:19:17.717+0000] {dag.py:4180} INFO - Setting next_dagrun for tutorial to 2024-11-10 00:00:00+00:00, run_after=2024-11-11 00:00:00+00:00
[2024-11-11T19:19:17.736+0000] {processor.py:208} INFO - Processing /home/airflow/.local/lib/python3.12/site-packages/airflow/example_dags/tutorial.py took 0.081 seconds
[2024-11-11T19:21:58.037+0000] {processor.py:186} INFO - Started process (PID=328) to work on /home/airflow/.local/lib/python3.12/site-packages/airflow/example_dags/tutorial.py
[2024-11-11T19:21:58.040+0000] {processor.py:914} INFO - Processing file /home/airflow/.local/lib/python3.12/site-packages/airflow/example_dags/tutorial.py for tasks to queue
[2024-11-11T19:21:58.056+0000] {logging_mixin.py:190} INFO - [2024-11-11T19:21:58.049+0000] {dagbag.py:588} INFO - Filling up the DagBag from /home/airflow/.local/lib/python3.12/site-packages/airflow/example_dags/tutorial.py
[2024-11-11T19:21:58.121+0000] {processor.py:925} INFO - DAG(s) 'tutorial' retrieved from /home/airflow/.local/lib/python3.12/site-packages/airflow/example_dags/tutorial.py
[2024-11-11T19:21:58.426+0000] {logging_mixin.py:190} INFO - [2024-11-11T19:21:58.426+0000] {dag.py:3239} INFO - Sync 1 DAGs
[2024-11-11T19:21:58.553+0000] {logging_mixin.py:190} INFO - [2024-11-11T19:21:58.553+0000] {dag.py:4180} INFO - Setting next_dagrun for tutorial to 2024-11-10 00:00:00+00:00, run_after=2024-11-11 00:00:00+00:00
[2024-11-11T19:21:58.584+0000] {processor.py:208} INFO - Processing /home/airflow/.local/lib/python3.12/site-packages/airflow/example_dags/tutorial.py took 0.577 seconds
[2024-11-11T19:28:31.271+0000] {processor.py:186} INFO - Started process (PID=54) to work on /home/airflow/.local/lib/python3.12/site-packages/airflow/example_dags/tutorial.py
[2024-11-11T19:28:31.276+0000] {processor.py:914} INFO - Processing file /home/airflow/.local/lib/python3.12/site-packages/airflow/example_dags/tutorial.py for tasks to queue
[2024-11-11T19:28:31.281+0000] {logging_mixin.py:190} INFO - [2024-11-11T19:28:31.280+0000] {dagbag.py:588} INFO - Filling up the DagBag from /home/airflow/.local/lib/python3.12/site-packages/airflow/example_dags/tutorial.py
[2024-11-11T19:28:31.290+0000] {processor.py:925} INFO - DAG(s) 'tutorial' retrieved from /home/airflow/.local/lib/python3.12/site-packages/airflow/example_dags/tutorial.py
[2024-11-11T19:28:31.323+0000] {logging_mixin.py:190} INFO - [2024-11-11T19:28:31.323+0000] {dag.py:3239} INFO - Sync 1 DAGs
[2024-11-11T19:28:31.363+0000] {logging_mixin.py:190} INFO - [2024-11-11T19:28:31.362+0000] {dag.py:4180} INFO - Setting next_dagrun for tutorial to 2024-11-10 00:00:00+00:00, run_after=2024-11-11 00:00:00+00:00
[2024-11-11T19:28:31.401+0000] {processor.py:208} INFO - Processing /home/airflow/.local/lib/python3.12/site-packages/airflow/example_dags/tutorial.py took 0.136 seconds
[2024-11-11T19:29:01.890+0000] {processor.py:186} INFO - Started process (PID=120) to work on /home/airflow/.local/lib/python3.12/site-packages/airflow/example_dags/tutorial.py
[2024-11-11T19:29:01.891+0000] {processor.py:914} INFO - Processing file /home/airflow/.local/lib/python3.12/site-packages/airflow/example_dags/tutorial.py for tasks to queue
[2024-11-11T19:29:01.893+0000] {logging_mixin.py:190} INFO - [2024-11-11T19:29:01.893+0000] {dagbag.py:588} INFO - Filling up the DagBag from /home/airflow/.local/lib/python3.12/site-packages/airflow/example_dags/tutorial.py
[2024-11-11T19:29:01.900+0000] {processor.py:925} INFO - DAG(s) 'tutorial' retrieved from /home/airflow/.local/lib/python3.12/site-packages/airflow/example_dags/tutorial.py
[2024-11-11T19:29:01.918+0000] {logging_mixin.py:190} INFO - [2024-11-11T19:29:01.918+0000] {dag.py:3239} INFO - Sync 1 DAGs
[2024-11-11T19:29:01.936+0000] {logging_mixin.py:190} INFO - [2024-11-11T19:29:01.936+0000] {dag.py:4180} INFO - Setting next_dagrun for tutorial to 2024-11-10 00:00:00+00:00, run_after=2024-11-11 00:00:00+00:00
[2024-11-11T19:29:01.952+0000] {processor.py:208} INFO - Processing /home/airflow/.local/lib/python3.12/site-packages/airflow/example_dags/tutorial.py took 0.066 seconds
[2024-11-11T19:29:32.752+0000] {processor.py:186} INFO - Started process (PID=185) to work on /home/airflow/.local/lib/python3.12/site-packages/airflow/example_dags/tutorial.py
[2024-11-11T19:29:32.767+0000] {processor.py:914} INFO - Processing file /home/airflow/.local/lib/python3.12/site-packages/airflow/example_dags/tutorial.py for tasks to queue
[2024-11-11T19:29:32.769+0000] {logging_mixin.py:190} INFO - [2024-11-11T19:29:32.769+0000] {dagbag.py:588} INFO - Filling up the DagBag from /home/airflow/.local/lib/python3.12/site-packages/airflow/example_dags/tutorial.py
[2024-11-11T19:29:32.776+0000] {processor.py:925} INFO - DAG(s) 'tutorial' retrieved from /home/airflow/.local/lib/python3.12/site-packages/airflow/example_dags/tutorial.py
[2024-11-11T19:29:32.793+0000] {logging_mixin.py:190} INFO - [2024-11-11T19:29:32.792+0000] {dag.py:3239} INFO - Sync 1 DAGs
[2024-11-11T19:29:32.812+0000] {logging_mixin.py:190} INFO - [2024-11-11T19:29:32.812+0000] {dag.py:4180} INFO - Setting next_dagrun for tutorial to 2024-11-10 00:00:00+00:00, run_after=2024-11-11 00:00:00+00:00
[2024-11-11T19:29:32.829+0000] {processor.py:208} INFO - Processing /home/airflow/.local/lib/python3.12/site-packages/airflow/example_dags/tutorial.py took 0.082 seconds
[2024-11-11T19:30:03.483+0000] {processor.py:186} INFO - Started process (PID=251) to work on /home/airflow/.local/lib/python3.12/site-packages/airflow/example_dags/tutorial.py
[2024-11-11T19:30:03.484+0000] {processor.py:914} INFO - Processing file /home/airflow/.local/lib/python3.12/site-packages/airflow/example_dags/tutorial.py for tasks to queue
[2024-11-11T19:30:03.486+0000] {logging_mixin.py:190} INFO - [2024-11-11T19:30:03.486+0000] {dagbag.py:588} INFO - Filling up the DagBag from /home/airflow/.local/lib/python3.12/site-packages/airflow/example_dags/tutorial.py
[2024-11-11T19:30:03.492+0000] {processor.py:925} INFO - DAG(s) 'tutorial' retrieved from /home/airflow/.local/lib/python3.12/site-packages/airflow/example_dags/tutorial.py
[2024-11-11T19:30:03.510+0000] {logging_mixin.py:190} INFO - [2024-11-11T19:30:03.510+0000] {dag.py:3239} INFO - Sync 1 DAGs
[2024-11-11T19:30:03.529+0000] {logging_mixin.py:190} INFO - [2024-11-11T19:30:03.529+0000] {dag.py:4180} INFO - Setting next_dagrun for tutorial to 2024-11-10 00:00:00+00:00, run_after=2024-11-11 00:00:00+00:00
[2024-11-11T19:30:03.544+0000] {processor.py:208} INFO - Processing /home/airflow/.local/lib/python3.12/site-packages/airflow/example_dags/tutorial.py took 0.066 seconds
[2024-11-11T19:30:34.113+0000] {processor.py:186} INFO - Started process (PID=317) to work on /home/airflow/.local/lib/python3.12/site-packages/airflow/example_dags/tutorial.py
[2024-11-11T19:30:34.114+0000] {processor.py:914} INFO - Processing file /home/airflow/.local/lib/python3.12/site-packages/airflow/example_dags/tutorial.py for tasks to queue
[2024-11-11T19:30:34.116+0000] {logging_mixin.py:190} INFO - [2024-11-11T19:30:34.116+0000] {dagbag.py:588} INFO - Filling up the DagBag from /home/airflow/.local/lib/python3.12/site-packages/airflow/example_dags/tutorial.py
[2024-11-11T19:30:34.122+0000] {processor.py:925} INFO - DAG(s) 'tutorial' retrieved from /home/airflow/.local/lib/python3.12/site-packages/airflow/example_dags/tutorial.py
[2024-11-11T19:30:34.140+0000] {logging_mixin.py:190} INFO - [2024-11-11T19:30:34.140+0000] {dag.py:3239} INFO - Sync 1 DAGs
[2024-11-11T19:30:34.157+0000] {logging_mixin.py:190} INFO - [2024-11-11T19:30:34.157+0000] {dag.py:4180} INFO - Setting next_dagrun for tutorial to 2024-11-10 00:00:00+00:00, run_after=2024-11-11 00:00:00+00:00
[2024-11-11T19:30:34.172+0000] {processor.py:208} INFO - Processing /home/airflow/.local/lib/python3.12/site-packages/airflow/example_dags/tutorial.py took 0.063 seconds
[2024-11-11T19:31:04.923+0000] {processor.py:186} INFO - Started process (PID=390) to work on /home/airflow/.local/lib/python3.12/site-packages/airflow/example_dags/tutorial.py
[2024-11-11T19:31:04.924+0000] {processor.py:914} INFO - Processing file /home/airflow/.local/lib/python3.12/site-packages/airflow/example_dags/tutorial.py for tasks to queue
[2024-11-11T19:31:04.926+0000] {logging_mixin.py:190} INFO - [2024-11-11T19:31:04.925+0000] {dagbag.py:588} INFO - Filling up the DagBag from /home/airflow/.local/lib/python3.12/site-packages/airflow/example_dags/tutorial.py
[2024-11-11T19:31:04.932+0000] {processor.py:925} INFO - DAG(s) 'tutorial' retrieved from /home/airflow/.local/lib/python3.12/site-packages/airflow/example_dags/tutorial.py
[2024-11-11T19:31:04.948+0000] {logging_mixin.py:190} INFO - [2024-11-11T19:31:04.948+0000] {dag.py:3239} INFO - Sync 1 DAGs
[2024-11-11T19:31:04.966+0000] {logging_mixin.py:190} INFO - [2024-11-11T19:31:04.965+0000] {dag.py:4180} INFO - Setting next_dagrun for tutorial to 2024-11-10 00:00:00+00:00, run_after=2024-11-11 00:00:00+00:00
[2024-11-11T19:31:04.980+0000] {processor.py:208} INFO - Processing /home/airflow/.local/lib/python3.12/site-packages/airflow/example_dags/tutorial.py took 0.062 seconds
[2024-11-11T19:31:35.345+0000] {processor.py:186} INFO - Started process (PID=456) to work on /home/airflow/.local/lib/python3.12/site-packages/airflow/example_dags/tutorial.py
[2024-11-11T19:31:35.345+0000] {processor.py:914} INFO - Processing file /home/airflow/.local/lib/python3.12/site-packages/airflow/example_dags/tutorial.py for tasks to queue
[2024-11-11T19:31:35.347+0000] {logging_mixin.py:190} INFO - [2024-11-11T19:31:35.347+0000] {dagbag.py:588} INFO - Filling up the DagBag from /home/airflow/.local/lib/python3.12/site-packages/airflow/example_dags/tutorial.py
[2024-11-11T19:31:35.353+0000] {processor.py:925} INFO - DAG(s) 'tutorial' retrieved from /home/airflow/.local/lib/python3.12/site-packages/airflow/example_dags/tutorial.py
[2024-11-11T19:31:35.369+0000] {logging_mixin.py:190} INFO - [2024-11-11T19:31:35.369+0000] {dag.py:3239} INFO - Sync 1 DAGs
[2024-11-11T19:31:35.389+0000] {logging_mixin.py:190} INFO - [2024-11-11T19:31:35.389+0000] {dag.py:4180} INFO - Setting next_dagrun for tutorial to 2024-11-10 00:00:00+00:00, run_after=2024-11-11 00:00:00+00:00
[2024-11-11T19:31:35.403+0000] {processor.py:208} INFO - Processing /home/airflow/.local/lib/python3.12/site-packages/airflow/example_dags/tutorial.py took 0.063 seconds
[2024-11-11T19:33:10.584+0000] {processor.py:186} INFO - Started process (PID=51) to work on /home/airflow/.local/lib/python3.12/site-packages/airflow/example_dags/tutorial.py
[2024-11-11T19:33:10.585+0000] {processor.py:914} INFO - Processing file /home/airflow/.local/lib/python3.12/site-packages/airflow/example_dags/tutorial.py for tasks to queue
[2024-11-11T19:33:10.587+0000] {logging_mixin.py:190} INFO - [2024-11-11T19:33:10.587+0000] {dagbag.py:588} INFO - Filling up the DagBag from /home/airflow/.local/lib/python3.12/site-packages/airflow/example_dags/tutorial.py
[2024-11-11T19:33:10.594+0000] {processor.py:925} INFO - DAG(s) 'tutorial' retrieved from /home/airflow/.local/lib/python3.12/site-packages/airflow/example_dags/tutorial.py
[2024-11-11T19:33:10.620+0000] {logging_mixin.py:190} INFO - [2024-11-11T19:33:10.620+0000] {dag.py:3239} INFO - Sync 1 DAGs
[2024-11-11T19:33:10.648+0000] {logging_mixin.py:190} INFO - [2024-11-11T19:33:10.648+0000] {dag.py:4180} INFO - Setting next_dagrun for tutorial to 2024-11-10 00:00:00+00:00, run_after=2024-11-11 00:00:00+00:00
[2024-11-11T19:33:10.674+0000] {processor.py:208} INFO - Processing /home/airflow/.local/lib/python3.12/site-packages/airflow/example_dags/tutorial.py took 0.094 seconds
[2024-11-11T19:34:17.247+0000] {processor.py:186} INFO - Started process (PID=57) to work on /home/airflow/.local/lib/python3.12/site-packages/airflow/example_dags/tutorial.py
[2024-11-11T19:34:17.247+0000] {processor.py:914} INFO - Processing file /home/airflow/.local/lib/python3.12/site-packages/airflow/example_dags/tutorial.py for tasks to queue
[2024-11-11T19:34:17.249+0000] {logging_mixin.py:190} INFO - [2024-11-11T19:34:17.249+0000] {dagbag.py:588} INFO - Filling up the DagBag from /home/airflow/.local/lib/python3.12/site-packages/airflow/example_dags/tutorial.py
[2024-11-11T19:34:17.256+0000] {processor.py:925} INFO - DAG(s) 'tutorial' retrieved from /home/airflow/.local/lib/python3.12/site-packages/airflow/example_dags/tutorial.py
[2024-11-11T19:34:17.276+0000] {logging_mixin.py:190} INFO - [2024-11-11T19:34:17.276+0000] {dag.py:3239} INFO - Sync 1 DAGs
[2024-11-11T19:34:17.298+0000] {logging_mixin.py:190} INFO - [2024-11-11T19:34:17.298+0000] {dag.py:4180} INFO - Setting next_dagrun for tutorial to 2024-11-10 00:00:00+00:00, run_after=2024-11-11 00:00:00+00:00
[2024-11-11T19:34:17.328+0000] {processor.py:208} INFO - Processing /home/airflow/.local/lib/python3.12/site-packages/airflow/example_dags/tutorial.py took 0.086 seconds
[2024-11-11T19:34:47.988+0000] {processor.py:186} INFO - Started process (PID=123) to work on /home/airflow/.local/lib/python3.12/site-packages/airflow/example_dags/tutorial.py
[2024-11-11T19:34:47.989+0000] {processor.py:914} INFO - Processing file /home/airflow/.local/lib/python3.12/site-packages/airflow/example_dags/tutorial.py for tasks to queue
[2024-11-11T19:34:47.991+0000] {logging_mixin.py:190} INFO - [2024-11-11T19:34:47.991+0000] {dagbag.py:588} INFO - Filling up the DagBag from /home/airflow/.local/lib/python3.12/site-packages/airflow/example_dags/tutorial.py
[2024-11-11T19:34:47.997+0000] {processor.py:925} INFO - DAG(s) 'tutorial' retrieved from /home/airflow/.local/lib/python3.12/site-packages/airflow/example_dags/tutorial.py
[2024-11-11T19:34:48.014+0000] {logging_mixin.py:190} INFO - [2024-11-11T19:34:48.014+0000] {dag.py:3239} INFO - Sync 1 DAGs
[2024-11-11T19:34:48.033+0000] {logging_mixin.py:190} INFO - [2024-11-11T19:34:48.033+0000] {dag.py:4180} INFO - Setting next_dagrun for tutorial to 2024-11-10 00:00:00+00:00, run_after=2024-11-11 00:00:00+00:00
[2024-11-11T19:34:48.047+0000] {processor.py:208} INFO - Processing /home/airflow/.local/lib/python3.12/site-packages/airflow/example_dags/tutorial.py took 0.064 seconds
[2024-11-11T19:35:18.579+0000] {processor.py:186} INFO - Started process (PID=189) to work on /home/airflow/.local/lib/python3.12/site-packages/airflow/example_dags/tutorial.py
[2024-11-11T19:35:18.580+0000] {processor.py:914} INFO - Processing file /home/airflow/.local/lib/python3.12/site-packages/airflow/example_dags/tutorial.py for tasks to queue
[2024-11-11T19:35:18.581+0000] {logging_mixin.py:190} INFO - [2024-11-11T19:35:18.581+0000] {dagbag.py:588} INFO - Filling up the DagBag from /home/airflow/.local/lib/python3.12/site-packages/airflow/example_dags/tutorial.py
[2024-11-11T19:35:18.587+0000] {processor.py:925} INFO - DAG(s) 'tutorial' retrieved from /home/airflow/.local/lib/python3.12/site-packages/airflow/example_dags/tutorial.py
[2024-11-11T19:35:18.604+0000] {logging_mixin.py:190} INFO - [2024-11-11T19:35:18.603+0000] {dag.py:3239} INFO - Sync 1 DAGs
[2024-11-11T19:35:18.622+0000] {logging_mixin.py:190} INFO - [2024-11-11T19:35:18.622+0000] {dag.py:4180} INFO - Setting next_dagrun for tutorial to 2024-11-10 00:00:00+00:00, run_after=2024-11-11 00:00:00+00:00
[2024-11-11T19:35:18.637+0000] {processor.py:208} INFO - Processing /home/airflow/.local/lib/python3.12/site-packages/airflow/example_dags/tutorial.py took 0.062 seconds
[2024-11-11T19:35:49.001+0000] {processor.py:186} INFO - Started process (PID=255) to work on /home/airflow/.local/lib/python3.12/site-packages/airflow/example_dags/tutorial.py
[2024-11-11T19:35:49.002+0000] {processor.py:914} INFO - Processing file /home/airflow/.local/lib/python3.12/site-packages/airflow/example_dags/tutorial.py for tasks to queue
[2024-11-11T19:35:49.004+0000] {logging_mixin.py:190} INFO - [2024-11-11T19:35:49.004+0000] {dagbag.py:588} INFO - Filling up the DagBag from /home/airflow/.local/lib/python3.12/site-packages/airflow/example_dags/tutorial.py
[2024-11-11T19:35:49.012+0000] {processor.py:925} INFO - DAG(s) 'tutorial' retrieved from /home/airflow/.local/lib/python3.12/site-packages/airflow/example_dags/tutorial.py
[2024-11-11T19:35:49.028+0000] {logging_mixin.py:190} INFO - [2024-11-11T19:35:49.028+0000] {dag.py:3239} INFO - Sync 1 DAGs
[2024-11-11T19:35:49.047+0000] {logging_mixin.py:190} INFO - [2024-11-11T19:35:49.046+0000] {dag.py:4180} INFO - Setting next_dagrun for tutorial to 2024-11-10 00:00:00+00:00, run_after=2024-11-11 00:00:00+00:00
[2024-11-11T19:35:49.061+0000] {processor.py:208} INFO - Processing /home/airflow/.local/lib/python3.12/site-packages/airflow/example_dags/tutorial.py took 0.064 seconds
