[2024-11-11T18:58:27.001+0000] {local_task_job_runner.py:123} INFO - ::group::Pre task execution logs
[2024-11-11T18:58:27.019+0000] {taskinstance.py:2612} INFO - Dependencies all met for dep_context=non-requeueable deps ti=<TaskInstance: producer.update_dataset_2 scheduled__2024-11-10T00:00:00+00:00 [queued]>
[2024-11-11T18:58:27.028+0000] {taskinstance.py:2612} INFO - Dependencies all met for dep_context=requeueable deps ti=<TaskInstance: producer.update_dataset_2 scheduled__2024-11-10T00:00:00+00:00 [queued]>
[2024-11-11T18:58:27.028+0000] {taskinstance.py:2865} INFO - Starting attempt 1 of 1
[2024-11-11T18:58:27.049+0000] {taskinstance.py:2888} INFO - Executing <Task(_PythonDecoratedOperator): update_dataset_2> on 2024-11-10 00:00:00+00:00
[2024-11-11T18:58:27.059+0000] {warnings.py:112} WARNING - /home/***/.local/lib/python3.12/site-packages/***/task/task_runner/standard_task_runner.py:70: DeprecationWarning: This process (pid=66) is multi-threaded, use of fork() may lead to deadlocks in the child.
  pid = os.fork()

[2024-11-11T18:58:27.061+0000] {standard_task_runner.py:72} INFO - Started process 69 to run task
[2024-11-11T18:58:27.065+0000] {standard_task_runner.py:104} INFO - Running: ['***', 'tasks', 'run', 'producer', 'update_dataset_2', 'scheduled__2024-11-10T00:00:00+00:00', '--job-id', '162', '--raw', '--subdir', 'DAGS_FOLDER/producer.py', '--cfg-path', '/tmp/tmpbv4me_zq']
[2024-11-11T18:58:27.067+0000] {standard_task_runner.py:105} INFO - Job 162: Subtask update_dataset_2
[2024-11-11T18:58:27.133+0000] {task_command.py:467} INFO - Running <TaskInstance: producer.update_dataset_2 scheduled__2024-11-10T00:00:00+00:00 [running]> on host 4460e615f578
[2024-11-11T18:58:27.237+0000] {taskinstance.py:3131} INFO - Exporting env vars: AIRFLOW_CTX_DAG_OWNER='***' AIRFLOW_CTX_DAG_ID='producer' AIRFLOW_CTX_TASK_ID='update_dataset_2' AIRFLOW_CTX_EXECUTION_DATE='2024-11-10T00:00:00+00:00' AIRFLOW_CTX_TRY_NUMBER='1' AIRFLOW_CTX_DAG_RUN_ID='scheduled__2024-11-10T00:00:00+00:00'
[2024-11-11T18:58:27.239+0000] {logging_mixin.py:190} INFO - Task instance is in running state
[2024-11-11T18:58:27.239+0000] {logging_mixin.py:190} INFO -  Previous state of the Task instance: queued
[2024-11-11T18:58:27.240+0000] {logging_mixin.py:190} INFO - Current task name:update_dataset_2 state:running start_date:2024-11-11 18:58:27.020509+00:00
[2024-11-11T18:58:27.240+0000] {logging_mixin.py:190} INFO - Dag name:producer and current dag run status:running
[2024-11-11T18:58:27.240+0000] {taskinstance.py:731} INFO - ::endgroup::
[2024-11-11T18:58:27.241+0000] {python.py:240} INFO - Done. Returned value was: None
[2024-11-11T18:58:27.270+0000] {taskinstance.py:340} INFO - ::group::Post task execution logs
[2024-11-11T18:58:27.271+0000] {taskinstance.py:352} INFO - Marking task as SUCCESS. dag_id=producer, task_id=update_dataset_2, run_id=scheduled__2024-11-10T00:00:00+00:00, execution_date=20241110T000000, start_date=20241111T185827, end_date=20241111T185827
[2024-11-11T18:58:27.307+0000] {logging_mixin.py:190} INFO - Task instance in success state
[2024-11-11T18:58:27.308+0000] {logging_mixin.py:190} INFO -  Previous state of the Task instance: running
[2024-11-11T18:58:27.308+0000] {logging_mixin.py:190} INFO - Dag name:producer queued_at:2024-11-11 18:58:11.311825+00:00
[2024-11-11T18:58:27.309+0000] {logging_mixin.py:190} INFO - Task hostname:4460e615f578 operator:_PythonDecoratedOperator
[2024-11-11T18:58:27.324+0000] {local_task_job_runner.py:266} INFO - Task exited with return code 0
[2024-11-11T18:58:27.336+0000] {taskinstance.py:3900} INFO - 0 downstream tasks scheduled from follow-on schedule check
[2024-11-11T18:58:27.340+0000] {local_task_job_runner.py:245} INFO - ::endgroup::
