[2024-11-11T19:39:11.692+0000] {local_task_job_runner.py:123} INFO - ::group::Pre task execution logs
[2024-11-11T19:39:11.707+0000] {taskinstance.py:2612} INFO - Dependencies all met for dep_context=non-requeueable deps ti=<TaskInstance: parallel_dag.transform scheduled__2024-11-10T00:00:00+00:00 [queued]>
[2024-11-11T19:39:11.714+0000] {taskinstance.py:2612} INFO - Dependencies all met for dep_context=requeueable deps ti=<TaskInstance: parallel_dag.transform scheduled__2024-11-10T00:00:00+00:00 [queued]>
[2024-11-11T19:39:11.714+0000] {taskinstance.py:2865} INFO - Starting attempt 1 of 1
[2024-11-11T19:39:11.726+0000] {taskinstance.py:2888} INFO - Executing <Task(BashOperator): transform> on 2024-11-10 00:00:00+00:00
[2024-11-11T19:39:11.733+0000] {warnings.py:112} WARNING - /home/***/.local/lib/python3.12/site-packages/***/task/task_runner/standard_task_runner.py:70: DeprecationWarning: This process (pid=118) is multi-threaded, use of fork() may lead to deadlocks in the child.
  pid = os.fork()

[2024-11-11T19:39:11.734+0000] {standard_task_runner.py:72} INFO - Started process 119 to run task
[2024-11-11T19:39:11.734+0000] {standard_task_runner.py:104} INFO - Running: ['***', 'tasks', 'run', 'parallel_dag', 'transform', 'scheduled__2024-11-10T00:00:00+00:00', '--job-id', '183', '--raw', '--subdir', 'DAGS_FOLDER/parallel_dag.py', '--cfg-path', '/tmp/tmpz006mi8n']
[2024-11-11T19:39:11.735+0000] {standard_task_runner.py:105} INFO - Job 183: Subtask transform
[2024-11-11T19:39:11.775+0000] {task_command.py:467} INFO - Running <TaskInstance: parallel_dag.transform scheduled__2024-11-10T00:00:00+00:00 [running]> on host d264c6577cd2
[2024-11-11T19:39:11.842+0000] {taskinstance.py:3131} INFO - Exporting env vars: AIRFLOW_CTX_DAG_OWNER='***' AIRFLOW_CTX_DAG_ID='parallel_dag' AIRFLOW_CTX_TASK_ID='transform' AIRFLOW_CTX_EXECUTION_DATE='2024-11-10T00:00:00+00:00' AIRFLOW_CTX_TRY_NUMBER='1' AIRFLOW_CTX_DAG_RUN_ID='scheduled__2024-11-10T00:00:00+00:00'
[2024-11-11T19:39:11.843+0000] {taskinstance.py:731} INFO - ::endgroup::
[2024-11-11T19:39:11.855+0000] {subprocess.py:63} INFO - Tmp dir root location: /tmp
[2024-11-11T19:39:11.856+0000] {subprocess.py:75} INFO - Running command: ['/usr/bin/bash', '-c', 'sleep 10']
[2024-11-11T19:39:11.867+0000] {subprocess.py:86} INFO - Output:
[2024-11-11T19:39:21.868+0000] {subprocess.py:97} INFO - Command exited with return code 0
[2024-11-11T19:39:21.892+0000] {taskinstance.py:340} INFO - ::group::Post task execution logs
[2024-11-11T19:39:21.893+0000] {taskinstance.py:352} INFO - Marking task as SUCCESS. dag_id=parallel_dag, task_id=transform, run_id=scheduled__2024-11-10T00:00:00+00:00, execution_date=20241110T000000, start_date=20241111T193911, end_date=20241111T193921
[2024-11-11T19:39:21.913+0000] {local_task_job_runner.py:266} INFO - Task exited with return code 0
[2024-11-11T19:39:21.926+0000] {taskinstance.py:3900} INFO - 0 downstream tasks scheduled from follow-on schedule check
[2024-11-11T19:39:21.928+0000] {local_task_job_runner.py:245} INFO - ::endgroup::
