[2024-11-11T19:38:48.812+0000] {local_task_job_runner.py:123} INFO - ::group::Pre task execution logs
[2024-11-11T19:38:48.827+0000] {taskinstance.py:2612} INFO - Dependencies all met for dep_context=non-requeueable deps ti=<TaskInstance: parallel_dag.extract_b scheduled__2024-11-10T00:00:00+00:00 [queued]>
[2024-11-11T19:38:48.833+0000] {taskinstance.py:2612} INFO - Dependencies all met for dep_context=requeueable deps ti=<TaskInstance: parallel_dag.extract_b scheduled__2024-11-10T00:00:00+00:00 [queued]>
[2024-11-11T19:38:48.834+0000] {taskinstance.py:2865} INFO - Starting attempt 1 of 1
[2024-11-11T19:38:48.847+0000] {taskinstance.py:2888} INFO - Executing <Task(BashOperator): extract_b> on 2024-11-10 00:00:00+00:00
[2024-11-11T19:38:48.852+0000] {warnings.py:112} WARNING - /home/***/.local/lib/python3.12/site-packages/***/task/task_runner/standard_task_runner.py:70: DeprecationWarning: This process (pid=80) is multi-threaded, use of fork() may lead to deadlocks in the child.
  pid = os.fork()

[2024-11-11T19:38:48.853+0000] {standard_task_runner.py:72} INFO - Started process 82 to run task
[2024-11-11T19:38:48.856+0000] {standard_task_runner.py:104} INFO - Running: ['***', 'tasks', 'run', 'parallel_dag', 'extract_b', 'scheduled__2024-11-10T00:00:00+00:00', '--job-id', '176', '--raw', '--subdir', 'DAGS_FOLDER/parallel_dag.py', '--cfg-path', '/tmp/tmpv67fkyqj']
[2024-11-11T19:38:48.857+0000] {standard_task_runner.py:105} INFO - Job 176: Subtask extract_b
[2024-11-11T19:38:48.899+0000] {task_command.py:467} INFO - Running <TaskInstance: parallel_dag.extract_b scheduled__2024-11-10T00:00:00+00:00 [running]> on host d264c6577cd2
[2024-11-11T19:38:48.974+0000] {taskinstance.py:3131} INFO - Exporting env vars: AIRFLOW_CTX_DAG_OWNER='***' AIRFLOW_CTX_DAG_ID='parallel_dag' AIRFLOW_CTX_TASK_ID='extract_b' AIRFLOW_CTX_EXECUTION_DATE='2024-11-10T00:00:00+00:00' AIRFLOW_CTX_TRY_NUMBER='1' AIRFLOW_CTX_DAG_RUN_ID='scheduled__2024-11-10T00:00:00+00:00'
[2024-11-11T19:38:48.975+0000] {taskinstance.py:731} INFO - ::endgroup::
[2024-11-11T19:38:48.999+0000] {subprocess.py:63} INFO - Tmp dir root location: /tmp
[2024-11-11T19:38:49.000+0000] {subprocess.py:75} INFO - Running command: ['/usr/bin/bash', '-c', 'sleep 10']
[2024-11-11T19:38:49.011+0000] {subprocess.py:86} INFO - Output:
[2024-11-11T19:38:59.015+0000] {subprocess.py:97} INFO - Command exited with return code 0
[2024-11-11T19:38:59.040+0000] {taskinstance.py:340} INFO - ::group::Post task execution logs
[2024-11-11T19:38:59.040+0000] {taskinstance.py:352} INFO - Marking task as SUCCESS. dag_id=parallel_dag, task_id=extract_b, run_id=scheduled__2024-11-10T00:00:00+00:00, execution_date=20241110T000000, start_date=20241111T193848, end_date=20241111T193859
[2024-11-11T19:38:59.078+0000] {local_task_job_runner.py:266} INFO - Task exited with return code 0
[2024-11-11T19:38:59.102+0000] {taskinstance.py:3900} INFO - 1 downstream tasks scheduled from follow-on schedule check
[2024-11-11T19:38:59.104+0000] {local_task_job_runner.py:245} INFO - ::endgroup::
