[2024-11-12T15:56:52.457+0000] {local_task_job_runner.py:123} INFO - ::group::Pre task execution logs
[2024-11-12T15:56:52.486+0000] {taskinstance.py:2612} INFO - Dependencies all met for dep_context=non-requeueable deps ti=<TaskInstance: group_dag.downloads.download_c scheduled__2024-11-11T00:00:00+00:00 [queued]>
[2024-11-12T15:56:52.506+0000] {taskinstance.py:2612} INFO - Dependencies all met for dep_context=requeueable deps ti=<TaskInstance: group_dag.downloads.download_c scheduled__2024-11-11T00:00:00+00:00 [queued]>
[2024-11-12T15:56:52.507+0000] {taskinstance.py:2865} INFO - Starting attempt 1 of 1
[2024-11-12T15:56:52.553+0000] {taskinstance.py:2888} INFO - Executing <Task(BashOperator): downloads.download_c> on 2024-11-11 00:00:00+00:00
[2024-11-12T15:56:52.563+0000] {warnings.py:112} WARNING - /home/***/.local/lib/python3.12/site-packages/***/task/task_runner/standard_task_runner.py:70: DeprecationWarning: This process (pid=63) is multi-threaded, use of fork() may lead to deadlocks in the child.
  pid = os.fork()

[2024-11-12T15:56:52.565+0000] {standard_task_runner.py:104} INFO - Running: ['***', 'tasks', 'run', 'group_dag', 'downloads.download_c', 'scheduled__2024-11-11T00:00:00+00:00', '--job-id', '230', '--raw', '--subdir', 'DAGS_FOLDER/group_dag.py', '--cfg-path', '/tmp/tmpn1f7o3u9']
[2024-11-12T15:56:52.566+0000] {standard_task_runner.py:105} INFO - Job 230: Subtask downloads.download_c
[2024-11-12T15:56:52.566+0000] {standard_task_runner.py:72} INFO - Started process 74 to run task
[2024-11-12T15:56:52.669+0000] {task_command.py:467} INFO - Running <TaskInstance: group_dag.downloads.download_c scheduled__2024-11-11T00:00:00+00:00 [running]> on host 896d5b9d81c0
[2024-11-12T15:56:52.794+0000] {taskinstance.py:3131} INFO - Exporting env vars: AIRFLOW_CTX_DAG_OWNER='***' AIRFLOW_CTX_DAG_ID='group_dag' AIRFLOW_CTX_TASK_ID='downloads.download_c' AIRFLOW_CTX_EXECUTION_DATE='2024-11-11T00:00:00+00:00' AIRFLOW_CTX_TRY_NUMBER='1' AIRFLOW_CTX_DAG_RUN_ID='scheduled__2024-11-11T00:00:00+00:00'
[2024-11-12T15:56:52.795+0000] {taskinstance.py:731} INFO - ::endgroup::
[2024-11-12T15:56:52.810+0000] {subprocess.py:63} INFO - Tmp dir root location: /tmp
[2024-11-12T15:56:52.814+0000] {subprocess.py:75} INFO - Running command: ['/usr/bin/bash', '-c', 'sleep 10']
[2024-11-12T15:56:52.832+0000] {subprocess.py:86} INFO - Output:
[2024-11-12T15:57:02.836+0000] {subprocess.py:97} INFO - Command exited with return code 0
[2024-11-12T15:57:02.860+0000] {taskinstance.py:340} INFO - ::group::Post task execution logs
[2024-11-12T15:57:02.861+0000] {taskinstance.py:352} INFO - Marking task as SUCCESS. dag_id=group_dag, task_id=downloads.download_c, run_id=scheduled__2024-11-11T00:00:00+00:00, execution_date=20241111T000000, start_date=20241112T155652, end_date=20241112T155702
[2024-11-12T15:57:02.931+0000] {local_task_job_runner.py:266} INFO - Task exited with return code 0
[2024-11-12T15:57:02.954+0000] {taskinstance.py:3900} INFO - 0 downstream tasks scheduled from follow-on schedule check
[2024-11-12T15:57:02.961+0000] {local_task_job_runner.py:245} INFO - ::endgroup::
