[2024-11-07T15:21:01.251+0000] {local_task_job_runner.py:123} INFO - ::group::Pre task execution logs
[2024-11-07T15:21:01.350+0000] {taskinstance.py:2612} INFO - Dependencies all met for dep_context=non-requeueable deps ti=<TaskInstance: user_processing.extract_user manual__2024-11-07T15:18:18.802872+00:00 [queued]>
[2024-11-07T15:21:01.364+0000] {taskinstance.py:2612} INFO - Dependencies all met for dep_context=requeueable deps ti=<TaskInstance: user_processing.extract_user manual__2024-11-07T15:18:18.802872+00:00 [queued]>
[2024-11-07T15:21:01.364+0000] {taskinstance.py:2865} INFO - Starting attempt 1 of 1
[2024-11-07T15:21:01.487+0000] {taskinstance.py:2888} INFO - Executing <Task(SimpleHttpOperator): extract_user> on 2024-11-07 15:18:18.802872+00:00
[2024-11-07T15:21:01.552+0000] {warnings.py:112} WARNING - /home/***/.local/lib/python3.12/site-packages/***/task/task_runner/standard_task_runner.py:70: DeprecationWarning: This process (pid=594) is multi-threaded, use of fork() may lead to deadlocks in the child.
  pid = os.fork()

[2024-11-07T15:21:01.570+0000] {standard_task_runner.py:72} INFO - Started process 615 to run task
[2024-11-07T15:21:01.635+0000] {standard_task_runner.py:104} INFO - Running: ['***', 'tasks', 'run', 'user_processing', 'extract_user', 'manual__2024-11-07T15:18:18.802872+00:00', '--job-id', '140', '--raw', '--subdir', 'DAGS_FOLDER/user_processing.py', '--cfg-path', '/tmp/tmpbwkdfunm']
[2024-11-07T15:21:01.647+0000] {standard_task_runner.py:105} INFO - Job 140: Subtask extract_user
[2024-11-07T15:21:01.912+0000] {task_command.py:467} INFO - Running <TaskInstance: user_processing.extract_user manual__2024-11-07T15:18:18.802872+00:00 [running]> on host 4460e615f578
[2024-11-07T15:21:02.402+0000] {taskinstance.py:3131} INFO - Exporting env vars: AIRFLOW_CTX_DAG_OWNER='***' AIRFLOW_CTX_DAG_ID='user_processing' AIRFLOW_CTX_TASK_ID='extract_user' AIRFLOW_CTX_EXECUTION_DATE='2024-11-07T15:18:18.802872+00:00' AIRFLOW_CTX_TRY_NUMBER='1' AIRFLOW_CTX_DAG_RUN_ID='manual__2024-11-07T15:18:18.802872+00:00'
[2024-11-07T15:21:02.410+0000] {logging_mixin.py:190} INFO - Task instance is in running state
[2024-11-07T15:21:02.410+0000] {logging_mixin.py:190} INFO -  Previous state of the Task instance: queued
[2024-11-07T15:21:02.416+0000] {logging_mixin.py:190} INFO - Current task name:extract_user state:running start_date:2024-11-07 15:21:01.351355+00:00
[2024-11-07T15:21:02.419+0000] {logging_mixin.py:190} INFO - Dag name:user_processing and current dag run status:running
[2024-11-07T15:21:02.421+0000] {taskinstance.py:731} INFO - ::endgroup::
[2024-11-07T15:21:02.421+0000] {http.py:173} INFO - Calling HTTP method
[2024-11-07T15:21:02.746+0000] {base.py:84} INFO - Retrieving connection 'user_api'
[2024-11-07T15:21:03.080+0000] {base.py:84} INFO - Retrieving connection 'user_api'
[2024-11-07T15:21:03.920+0000] {http.py:222} INFO - {"results":[{"gender":"female","name":{"title":"Ms","first":"Ana","last":"Dinčić"},"location":{"street":{"number":3476,"name":"Lipovačka"},"city":"Novi Kneževac","state":"Pirot","country":"Serbia","postcode":29826,"coordinates":{"latitude":"63.1733","longitude":"71.5949"},"timezone":{"offset":"0:00","description":"Western Europe Time, London, Lisbon, Casablanca"}},"email":"ana.dincic@example.com","login":{"uuid":"01a75688-393b-44ac-a13d-747fa9a70c92","username":"ticklishladybug357","password":"chang","salt":"LoTrOUNg","md5":"a085a5b7046dcea15b2eb5e3c4c3c5f6","sha1":"739dcc8013afbfec90cfb79afc06483c7814dc72","sha256":"30181a616cc6dcb328b673ccd7f1674b724b71f7b0432cefb11905bea07f2238"},"dob":{"date":"1971-11-16T13:33:52.024Z","age":52},"registered":{"date":"2022-05-06T12:38:13.186Z","age":2},"phone":"026-4075-100","cell":"065-7292-543","id":{"name":"SID","value":"651039663"},"picture":{"large":"https://randomuser.me/api/portraits/women/60.jpg","medium":"https://randomuser.me/api/portraits/med/women/60.jpg","thumbnail":"https://randomuser.me/api/portraits/thumb/women/60.jpg"},"nat":"RS"}],"info":{"seed":"cbb82378e9a9d3c1","results":1,"page":1,"version":"1.4"}}
[2024-11-07T15:21:03.953+0000] {taskinstance.py:340} INFO - ::group::Post task execution logs
[2024-11-07T15:21:03.954+0000] {taskinstance.py:352} INFO - Marking task as SUCCESS. dag_id=user_processing, task_id=extract_user, run_id=manual__2024-11-07T15:18:18.802872+00:00, execution_date=20241107T151818, start_date=20241107T152101, end_date=20241107T152103
[2024-11-07T15:21:03.977+0000] {logging_mixin.py:190} INFO - Task instance in success state
[2024-11-07T15:21:03.983+0000] {logging_mixin.py:190} INFO -  Previous state of the Task instance: running
[2024-11-07T15:21:03.983+0000] {logging_mixin.py:190} INFO - Dag name:user_processing queued_at:2024-11-07 15:18:20.403958+00:00
[2024-11-07T15:21:03.984+0000] {logging_mixin.py:190} INFO - Task hostname:4460e615f578 operator:SimpleHttpOperator
[2024-11-07T15:21:04.006+0000] {local_task_job_runner.py:266} INFO - Task exited with return code 0
[2024-11-07T15:21:04.016+0000] {warnings.py:112} WARNING - /home/***/.local/lib/python3.12/site-packages/***/models/baseoperator.py:1378: AirflowProviderDeprecationWarning: Call to deprecated class SimpleHttpOperator. (Class `SimpleHttpOperator` is deprecated and will be removed in a future release. Please use `HttpOperator` instead.)
  result = cls.__new__(cls)

[2024-11-07T15:21:04.025+0000] {taskinstance.py:3900} INFO - 1 downstream tasks scheduled from follow-on schedule check
[2024-11-07T15:21:04.029+0000] {local_task_job_runner.py:245} INFO - ::endgroup::
