[2024-11-12T15:56:52.345+0000] {local_task_job_runner.py:123} INFO - ::group::Pre task execution logs
[2024-11-12T15:56:52.372+0000] {taskinstance.py:2612} INFO - Dependencies all met for dep_context=non-requeueable deps ti=<TaskInstance: group_dag.downloads.download_b scheduled__2024-11-11T00:00:00+00:00 [queued]>
[2024-11-12T15:56:52.407+0000] {taskinstance.py:2612} INFO - Dependencies all met for dep_context=requeueable deps ti=<TaskInstance: group_dag.downloads.download_b scheduled__2024-11-11T00:00:00+00:00 [queued]>
[2024-11-12T15:56:52.408+0000] {taskinstance.py:2865} INFO - Starting attempt 1 of 1
[2024-11-12T15:56:52.448+0000] {taskinstance.py:2888} INFO - Executing <Task(BashOperator): downloads.download_b> on 2024-11-11 00:00:00+00:00
[2024-11-12T15:56:52.465+0000] {warnings.py:112} WARNING - /home/***/.local/lib/python3.12/site-packages/***/task/task_runner/standard_task_runner.py:70: DeprecationWarning: This process (pid=64) is multi-threaded, use of fork() may lead to deadlocks in the child.
  pid = os.fork()

[2024-11-12T15:56:52.466+0000] {standard_task_runner.py:72} INFO - Started process 72 to run task
[2024-11-12T15:56:52.468+0000] {standard_task_runner.py:104} INFO - Running: ['***', 'tasks', 'run', 'group_dag', 'downloads.download_b', 'scheduled__2024-11-11T00:00:00+00:00', '--job-id', '229', '--raw', '--subdir', 'DAGS_FOLDER/group_dag.py', '--cfg-path', '/tmp/tmps29r21if']
[2024-11-12T15:56:52.470+0000] {standard_task_runner.py:105} INFO - Job 229: Subtask downloads.download_b
[2024-11-12T15:56:52.538+0000] {task_command.py:467} INFO - Running <TaskInstance: group_dag.downloads.download_b scheduled__2024-11-11T00:00:00+00:00 [running]> on host 896d5b9d81c0
[2024-11-12T15:56:52.688+0000] {taskinstance.py:3131} INFO - Exporting env vars: AIRFLOW_CTX_DAG_OWNER='***' AIRFLOW_CTX_DAG_ID='group_dag' AIRFLOW_CTX_TASK_ID='downloads.download_b' AIRFLOW_CTX_EXECUTION_DATE='2024-11-11T00:00:00+00:00' AIRFLOW_CTX_TRY_NUMBER='1' AIRFLOW_CTX_DAG_RUN_ID='scheduled__2024-11-11T00:00:00+00:00'
[2024-11-12T15:56:52.694+0000] {taskinstance.py:731} INFO - ::endgroup::
[2024-11-12T15:56:52.749+0000] {subprocess.py:63} INFO - Tmp dir root location: /tmp
[2024-11-12T15:56:52.750+0000] {subprocess.py:75} INFO - Running command: ['/usr/bin/bash', '-c', 'sleep 10']
[2024-11-12T15:56:52.779+0000] {subprocess.py:86} INFO - Output:
[2024-11-12T15:57:02.831+0000] {subprocess.py:97} INFO - Command exited with return code 0
[2024-11-12T15:57:02.853+0000] {taskinstance.py:340} INFO - ::group::Post task execution logs
[2024-11-12T15:57:02.854+0000] {taskinstance.py:352} INFO - Marking task as SUCCESS. dag_id=group_dag, task_id=downloads.download_b, run_id=scheduled__2024-11-11T00:00:00+00:00, execution_date=20241111T000000, start_date=20241112T155652, end_date=20241112T155702
[2024-11-12T15:57:02.915+0000] {local_task_job_runner.py:266} INFO - Task exited with return code 0
[2024-11-12T15:57:02.924+0000] {local_task_job_runner.py:245} INFO - ::endgroup::
