[2024-11-07T15:21:01.247+0000] {local_task_job_runner.py:123} INFO - ::group::Pre task execution logs
[2024-11-07T15:21:01.286+0000] {taskinstance.py:2612} INFO - Dependencies all met for dep_context=non-requeueable deps ti=<TaskInstance: user_processing.create_table scheduled__2024-11-06T00:00:00+00:00 [queued]>
[2024-11-07T15:21:01.322+0000] {taskinstance.py:2612} INFO - Dependencies all met for dep_context=requeueable deps ti=<TaskInstance: user_processing.create_table scheduled__2024-11-06T00:00:00+00:00 [queued]>
[2024-11-07T15:21:01.325+0000] {taskinstance.py:2865} INFO - Starting attempt 1 of 1
[2024-11-07T15:21:01.376+0000] {taskinstance.py:2888} INFO - Executing <Task(PostgresOperator): create_table> on 2024-11-06 00:00:00+00:00
[2024-11-07T15:21:01.472+0000] {standard_task_runner.py:104} INFO - Running: ['***', 'tasks', 'run', 'user_processing', 'create_table', 'scheduled__2024-11-06T00:00:00+00:00', '--job-id', '141', '--raw', '--subdir', 'DAGS_FOLDER/user_processing.py', '--cfg-path', '/tmp/tmpbl98i6md']
[2024-11-07T15:21:01.434+0000] {warnings.py:112} WARNING - /home/***/.local/lib/python3.12/site-packages/***/task/task_runner/standard_task_runner.py:70: DeprecationWarning: This process (pid=596) is multi-threaded, use of fork() may lead to deadlocks in the child.
  pid = os.fork()

[2024-11-07T15:21:01.516+0000] {standard_task_runner.py:72} INFO - Started process 611 to run task
[2024-11-07T15:21:01.516+0000] {standard_task_runner.py:105} INFO - Job 141: Subtask create_table
[2024-11-07T15:21:01.773+0000] {task_command.py:467} INFO - Running <TaskInstance: user_processing.create_table scheduled__2024-11-06T00:00:00+00:00 [running]> on host 4460e615f578
[2024-11-07T15:21:02.101+0000] {taskinstance.py:3131} INFO - Exporting env vars: AIRFLOW_CTX_DAG_OWNER='***' AIRFLOW_CTX_DAG_ID='user_processing' AIRFLOW_CTX_TASK_ID='create_table' AIRFLOW_CTX_EXECUTION_DATE='2024-11-06T00:00:00+00:00' AIRFLOW_CTX_TRY_NUMBER='1' AIRFLOW_CTX_DAG_RUN_ID='scheduled__2024-11-06T00:00:00+00:00'
[2024-11-07T15:21:02.131+0000] {logging_mixin.py:190} INFO - Task instance is in running state
[2024-11-07T15:21:02.136+0000] {logging_mixin.py:190} INFO -  Previous state of the Task instance: queued
[2024-11-07T15:21:02.137+0000] {logging_mixin.py:190} INFO - Current task name:create_table state:running start_date:2024-11-07 15:21:01.287658+00:00
[2024-11-07T15:21:02.138+0000] {logging_mixin.py:190} INFO - Dag name:user_processing and current dag run status:running
[2024-11-07T15:21:02.141+0000] {taskinstance.py:731} INFO - ::endgroup::
[2024-11-07T15:21:02.144+0000] {sql.py:266} INFO - Executing: 
            CREATE TABLE IF NOT EXISTS users(
                firstname TEXT NOT NULL,
                lastname TEXT NOT NULL,
                country TEXT NOT NULL,
                username TEXT NOT NULL,
                password TEXT NOT NULL,
                email TEXT NOT NULL
            );
        
[2024-11-07T15:21:02.305+0000] {base.py:84} INFO - Retrieving connection 'postgres'
[2024-11-07T15:21:02.471+0000] {base.py:84} INFO - Retrieving connection 'postgres'
[2024-11-07T15:21:02.716+0000] {sql.py:509} INFO - Running statement: 
            CREATE TABLE IF NOT EXISTS users(
                firstname TEXT NOT NULL,
                lastname TEXT NOT NULL,
                country TEXT NOT NULL,
                username TEXT NOT NULL,
                password TEXT NOT NULL,
                email TEXT NOT NULL
            );
        , parameters: None
[2024-11-07T15:21:03.074+0000] {taskinstance.py:340} INFO - ::group::Post task execution logs
[2024-11-07T15:21:03.085+0000] {taskinstance.py:352} INFO - Marking task as SUCCESS. dag_id=user_processing, task_id=create_table, run_id=scheduled__2024-11-06T00:00:00+00:00, execution_date=20241106T000000, start_date=20241107T152101, end_date=20241107T152103
[2024-11-07T15:21:03.189+0000] {logging_mixin.py:190} INFO - Task instance in success state
[2024-11-07T15:21:03.197+0000] {logging_mixin.py:190} INFO -  Previous state of the Task instance: running
[2024-11-07T15:21:03.198+0000] {logging_mixin.py:190} INFO - Dag name:user_processing queued_at:2024-11-07 15:18:20.478532+00:00
[2024-11-07T15:21:03.199+0000] {logging_mixin.py:190} INFO - Task hostname:4460e615f578 operator:PostgresOperator
[2024-11-07T15:21:03.266+0000] {local_task_job_runner.py:266} INFO - Task exited with return code 0
[2024-11-07T15:21:03.438+0000] {taskinstance.py:3900} INFO - 0 downstream tasks scheduled from follow-on schedule check
[2024-11-07T15:21:03.447+0000] {local_task_job_runner.py:245} INFO - ::endgroup::
