[2024-11-12T15:56:52.505+0000] {local_task_job_runner.py:123} INFO - ::group::Pre task execution logs
[2024-11-12T15:56:52.539+0000] {taskinstance.py:2612} INFO - Dependencies all met for dep_context=non-requeueable deps ti=<TaskInstance: parallel_dag.extract_b scheduled__2024-11-11T00:00:00+00:00 [queued]>
[2024-11-12T15:56:52.554+0000] {taskinstance.py:2612} INFO - Dependencies all met for dep_context=requeueable deps ti=<TaskInstance: parallel_dag.extract_b scheduled__2024-11-11T00:00:00+00:00 [queued]>
[2024-11-12T15:56:52.554+0000] {taskinstance.py:2865} INFO - Starting attempt 1 of 1
[2024-11-12T15:56:52.585+0000] {taskinstance.py:2888} INFO - Executing <Task(BashOperator): extract_b> on 2024-11-11 00:00:00+00:00
[2024-11-12T15:56:52.595+0000] {warnings.py:112} WARNING - /home/***/.local/lib/python3.12/site-packages/***/task/task_runner/standard_task_runner.py:70: DeprecationWarning: This process (pid=67) is multi-threaded, use of fork() may lead to deadlocks in the child.
  pid = os.fork()

[2024-11-12T15:56:52.598+0000] {standard_task_runner.py:72} INFO - Started process 77 to run task
[2024-11-12T15:56:52.607+0000] {standard_task_runner.py:104} INFO - Running: ['***', 'tasks', 'run', 'parallel_dag', 'extract_b', 'scheduled__2024-11-11T00:00:00+00:00', '--job-id', '233', '--raw', '--subdir', 'DAGS_FOLDER/parallel_dag.py', '--cfg-path', '/tmp/tmpo48rx0mk']
[2024-11-12T15:56:52.627+0000] {standard_task_runner.py:105} INFO - Job 233: Subtask extract_b
[2024-11-12T15:56:52.714+0000] {task_command.py:467} INFO - Running <TaskInstance: parallel_dag.extract_b scheduled__2024-11-11T00:00:00+00:00 [running]> on host 896d5b9d81c0
[2024-11-12T15:56:52.836+0000] {taskinstance.py:3131} INFO - Exporting env vars: AIRFLOW_CTX_DAG_OWNER='***' AIRFLOW_CTX_DAG_ID='parallel_dag' AIRFLOW_CTX_TASK_ID='extract_b' AIRFLOW_CTX_EXECUTION_DATE='2024-11-11T00:00:00+00:00' AIRFLOW_CTX_TRY_NUMBER='1' AIRFLOW_CTX_DAG_RUN_ID='scheduled__2024-11-11T00:00:00+00:00'
[2024-11-12T15:56:52.837+0000] {taskinstance.py:731} INFO - ::endgroup::
[2024-11-12T15:56:52.850+0000] {subprocess.py:63} INFO - Tmp dir root location: /tmp
[2024-11-12T15:56:52.851+0000] {subprocess.py:75} INFO - Running command: ['/usr/bin/bash', '-c', 'sleep 10']
[2024-11-12T15:56:52.864+0000] {subprocess.py:86} INFO - Output:
[2024-11-12T15:57:02.868+0000] {subprocess.py:97} INFO - Command exited with return code 0
[2024-11-12T15:57:02.895+0000] {taskinstance.py:340} INFO - ::group::Post task execution logs
[2024-11-12T15:57:02.895+0000] {taskinstance.py:352} INFO - Marking task as SUCCESS. dag_id=parallel_dag, task_id=extract_b, run_id=scheduled__2024-11-11T00:00:00+00:00, execution_date=20241111T000000, start_date=20241112T155652, end_date=20241112T155702
[2024-11-12T15:57:02.951+0000] {local_task_job_runner.py:266} INFO - Task exited with return code 0
[2024-11-12T15:57:02.962+0000] {local_task_job_runner.py:245} INFO - ::endgroup::
