[2024-11-11T20:20:46.850+0000] {local_task_job_runner.py:123} INFO - ::group::Pre task execution logs
[2024-11-11T20:20:46.868+0000] {taskinstance.py:2612} INFO - Dependencies all met for dep_context=non-requeueable deps ti=<TaskInstance: group_dag.downloads scheduled__2024-11-10T00:00:00+00:00 [queued]>
[2024-11-11T20:20:46.878+0000] {taskinstance.py:2612} INFO - Dependencies all met for dep_context=requeueable deps ti=<TaskInstance: group_dag.downloads scheduled__2024-11-10T00:00:00+00:00 [queued]>
[2024-11-11T20:20:46.879+0000] {taskinstance.py:2865} INFO - Starting attempt 1 of 1
[2024-11-11T20:20:46.893+0000] {taskinstance.py:2888} INFO - Executing <Task(SubDagOperator): downloads> on 2024-11-10 00:00:00+00:00
[2024-11-11T20:20:46.901+0000] {warnings.py:112} WARNING - /home/***/.local/lib/python3.12/site-packages/***/task/task_runner/standard_task_runner.py:70: DeprecationWarning: This process (pid=421) is multi-threaded, use of fork() may lead to deadlocks in the child.
  pid = os.fork()

[2024-11-11T20:20:46.902+0000] {standard_task_runner.py:104} INFO - Running: ['***', 'tasks', 'run', 'group_dag', 'downloads', 'scheduled__2024-11-10T00:00:00+00:00', '--job-id', '195', '--raw', '--subdir', 'DAGS_FOLDER/group_dag.py', '--cfg-path', '/tmp/tmp5qbw16g2']
[2024-11-11T20:20:46.903+0000] {standard_task_runner.py:72} INFO - Started process 423 to run task
[2024-11-11T20:20:46.904+0000] {standard_task_runner.py:105} INFO - Job 195: Subtask downloads
[2024-11-11T20:20:46.953+0000] {task_command.py:467} INFO - Running <TaskInstance: group_dag.downloads scheduled__2024-11-10T00:00:00+00:00 [running]> on host 896d5b9d81c0
[2024-11-11T20:20:47.019+0000] {taskinstance.py:3131} INFO - Exporting env vars: AIRFLOW_CTX_DAG_OWNER='***' AIRFLOW_CTX_DAG_ID='group_dag' AIRFLOW_CTX_TASK_ID='downloads' AIRFLOW_CTX_EXECUTION_DATE='2024-11-10T00:00:00+00:00' AIRFLOW_CTX_TRY_NUMBER='1' AIRFLOW_CTX_DAG_RUN_ID='scheduled__2024-11-10T00:00:00+00:00'
[2024-11-11T20:20:47.020+0000] {warnings.py:112} WARNING - /home/***/.local/lib/python3.12/site-packages/***/operators/subdag.py:167: AirflowContextDeprecationWarning: Accessing 'execution_date' from the template is deprecated and will be removed in a future version. Please use 'data_interval_start' or 'logical_date' instead.
  execution_date = context["execution_date"]

[2024-11-11T20:20:47.049+0000] {subdag.py:183} INFO - Created DagRun: scheduled__2024-11-10T00:00:00+00:00
[2024-11-11T20:20:47.050+0000] {taskinstance.py:731} INFO - ::endgroup::
[2024-11-11T20:20:47.060+0000] {warnings.py:112} WARNING - /home/***/.local/lib/python3.12/site-packages/***/operators/subdag.py:190: AirflowContextDeprecationWarning: Accessing 'execution_date' from the template is deprecated and will be removed in a future version. Please use 'data_interval_start' or 'logical_date' instead.
  execution_date = context["execution_date"]

[2024-11-11T20:21:47.072+0000] {base.py:336} INFO - Success criteria met. Exiting.
[2024-11-11T20:21:47.072+0000] {warnings.py:112} WARNING - /home/***/.local/lib/python3.12/site-packages/***/operators/subdag.py:196: AirflowContextDeprecationWarning: Accessing 'execution_date' from the template is deprecated and will be removed in a future version. Please use 'data_interval_start' or 'logical_date' instead.
  execution_date = context["execution_date"]

[2024-11-11T20:21:47.078+0000] {subdag.py:198} INFO - Execution finished. State is success
[2024-11-11T20:21:47.087+0000] {taskinstance.py:340} INFO - ::group::Post task execution logs
[2024-11-11T20:21:47.087+0000] {taskinstance.py:352} INFO - Marking task as SUCCESS. dag_id=group_dag, task_id=downloads, run_id=scheduled__2024-11-10T00:00:00+00:00, execution_date=20241110T000000, start_date=20241111T202046, end_date=20241111T202147
[2024-11-11T20:21:47.139+0000] {local_task_job_runner.py:266} INFO - Task exited with return code 0
[2024-11-11T20:21:47.165+0000] {taskinstance.py:3900} INFO - 1 downstream tasks scheduled from follow-on schedule check
[2024-11-11T20:21:47.170+0000] {local_task_job_runner.py:245} INFO - ::endgroup::
